{"target": -1030.073330649575, "params": {"momentum_down": 0.8594216816255034, "momentum_up": 0.8307154975487047, "mu_down": 0.09810976804851336, "mu_up": 0.00019756894336685188}, "datetime": {"datetime": "2024-01-20 15:27:41", "elapsed": 320.234214, "delta": 3.774552}}
{"target": -2300.0, "params": {"momentum_down": 0.5052803918912553, "momentum_up": 0.8449641470826517, "mu_down": 0.03663119042010546, "mu_up": 0.0006416864212545094}, "datetime": {"datetime": "2024-01-20 15:27:42", "elapsed": 321.429081, "delta": 1.194867}}
{"target": -2300.0, "params": {"momentum_down": 0.8590836739593812, "momentum_up": 0.5725600406641871, "mu_down": 0.13483081215689338, "mu_up": 0.0006170496862617595}, "datetime": {"datetime": "2024-01-20 15:27:44", "elapsed": 323.451993, "delta": 2.022912}}
{"target": -2000.1960657857485, "params": {"momentum_down": 0.9038368447476948, "momentum_up": 0.7288901817874758, "mu_down": 0.28410892732579657, "mu_up": 0.00036980358965295497}, "datetime": {"datetime": "2024-01-20 15:27:47", "elapsed": 326.86269, "delta": 3.410697}}
{"target": -1717.1744336968104, "params": {"momentum_down": 0.7326149963579021, "momentum_up": 0.5272948394246301, "mu_down": 0.07224171180294309, "mu_up": 0.00035823005684011683}, "datetime": {"datetime": "2024-01-20 15:27:53", "elapsed": 332.60733, "delta": 5.74464}}
{"target": -2004.804714124404, "params": {"momentum_down": 0.8318836649091583, "momentum_up": 0.5954749957418872, "mu_down": 0.1007392191669459, "mu_up": 4.697574275381403e-05}, "datetime": {"datetime": "2024-01-20 15:27:58", "elapsed": 337.792584, "delta": 5.185254}}
{"target": -464.06788622735377, "params": {"momentum_down": 0.8151075984167837, "momentum_up": 0.8461377759457342, "mu_down": 0.2687015053643271, "mu_up": 0.000393468846537897}, "datetime": {"datetime": "2024-01-20 15:28:02", "elapsed": 341.292651, "delta": 3.500067}}
{"target": -2300.0, "params": {"momentum_down": 0.7471342080751173, "momentum_up": 0.5346792811327225, "mu_down": 0.03458618948051489, "mu_up": 0.0007806742237075747}, "datetime": {"datetime": "2024-01-20 15:28:03", "elapsed": 342.468682, "delta": 1.176031}}
{"target": -1313.1868114836575, "params": {"momentum_down": 0.6383256038028964, "momentum_up": 0.8588769742463975, "mu_down": 0.1258929243632281, "mu_up": 0.00014261212880677947}, "datetime": {"datetime": "2024-01-20 15:28:06", "elapsed": 345.470024, "delta": 3.001342}}
{"target": -2300.0, "params": {"momentum_down": 0.8469012698517364, "momentum_up": 0.7904883454113774, "mu_down": 0.25099939784646336, "mu_up": 0.0008593723423181547}, "datetime": {"datetime": "2024-01-20 15:28:09", "elapsed": 348.318401, "delta": 2.848377}}
{"target": -2300.0, "params": {"momentum_down": 0.5660222924396151, "momentum_up": 0.844451861569453, "mu_down": 0.05172692001141864, "mu_up": 0.0005717053267280304}, "datetime": {"datetime": "2024-01-20 15:28:10", "elapsed": 349.602989, "delta": 1.284588}}
{"target": -2000.1196047461447, "params": {"momentum_down": 0.6088312084161671, "momentum_up": 0.9713151205811132, "mu_down": 0.1357207457060358, "mu_up": 0.0004511912725762124}, "datetime": {"datetime": "2024-01-20 15:28:14", "elapsed": 353.811056, "delta": 4.208067}}
{"target": -2300.0, "params": {"momentum_down": 0.6887135109179756, "momentum_up": 0.7917342392812431, "mu_down": 0.28652354342724773, "mu_up": 0.0009192164836754909}, "datetime": {"datetime": "2024-01-20 15:28:15", "elapsed": 354.447293, "delta": 0.636237}}
{"target": -2300.0, "params": {"momentum_down": 0.80433374305443, "momentum_up": 0.7822769041554154, "mu_down": 0.09001940142957172, "mu_up": 0.0007604539549480158}, "datetime": {"datetime": "2024-01-20 15:28:16", "elapsed": 355.314238, "delta": 0.866945}}
{"target": -2000.661127275215, "params": {"momentum_down": 0.8389130353706188, "momentum_up": 0.5981267375665912, "mu_down": 0.0859248439869062, "mu_up": 0.00011016637321283451}, "datetime": {"datetime": "2024-01-20 15:28:21", "elapsed": 360.015136, "delta": 4.700898}}
{"target": -2000.1735622755293, "params": {"momentum_down": 0.6114262185886465, "momentum_up": 0.6485592838545222, "mu_down": 0.1440755673351448, "mu_up": 0.0006970779646435344}, "datetime": {"datetime": "2024-01-20 15:28:26", "elapsed": 365.405877, "delta": 5.390741}}
{"target": -2000.093363005137, "params": {"momentum_down": 0.7531118456663046, "momentum_up": 0.8791726712158445, "mu_down": 0.24895583221302053, "mu_up": 0.0007016600313966189}, "datetime": {"datetime": "2024-01-20 15:28:29", "elapsed": 368.317626, "delta": 2.911749}}
{"target": -2300.0, "params": {"momentum_down": 0.9265662525006497, "momentum_up": 0.7687407789166758, "mu_down": 0.08255628634007858, "mu_up": 0.0003630309440075721}, "datetime": {"datetime": "2024-01-20 15:28:29", "elapsed": 368.84301, "delta": 0.525384}}
{"target": -2003.2815769880672, "params": {"momentum_down": 0.684227224817891, "momentum_up": 0.5627276321207744, "mu_down": 0.2922441162188891, "mu_up": 6.0633246830256375e-05}, "datetime": {"datetime": "2024-01-20 15:28:32", "elapsed": 371.152119, "delta": 2.309109}}
{"target": -727.9529975694246, "params": {"momentum_down": 0.5843388853308793, "momentum_up": 0.8577037227430595, "mu_down": 0.1760923286649818, "mu_up": 0.00043034068931336336}, "datetime": {"datetime": "2024-01-20 15:28:34", "elapsed": 373.389785, "delta": 2.237666}}
{"target": -2300.0, "params": {"momentum_down": 0.8248115402136331, "momentum_up": 0.8558160915892665, "mu_down": 0.29495757113398374, "mu_up": 0.000503034974742717}, "datetime": {"datetime": "2024-01-20 15:28:36", "elapsed": 375.503226, "delta": 2.113441}}
{"target": -525.0780153640729, "params": {"momentum_down": 0.7649900920045009, "momentum_up": 0.8818404823241548, "mu_down": 0.2649748022681421, "mu_up": 0.0002661179354689334}, "datetime": {"datetime": "2024-01-20 15:28:38", "elapsed": 377.609507, "delta": 2.106281}}
{"target": -1010.1140826074077, "params": {"momentum_down": 0.7564560910083616, "momentum_up": 0.9065293042702058, "mu_down": 0.1264602817296533, "mu_up": 0.0005364516042452822}, "datetime": {"datetime": "2024-01-20 15:28:40", "elapsed": 379.601272, "delta": 1.991765}}
{"target": -2300.0, "params": {"momentum_down": 0.9020440228663557, "momentum_up": 0.9632205328583785, "mu_down": 0.1626471349150989, "mu_up": 0.0007242686708445084}, "datetime": {"datetime": "2024-01-20 15:28:42", "elapsed": 381.248778, "delta": 1.647506}}
{"target": -2013.0475335564222, "params": {"momentum_down": 0.6387294258670714, "momentum_up": 0.7613427421697938, "mu_down": 0.21049580678282792, "mu_up": 1.2612967725484593e-05}, "datetime": {"datetime": "2024-01-20 15:28:44", "elapsed": 383.556455, "delta": 2.307677}}
{"target": -2005.1416147665009, "params": {"momentum_down": 0.8282935060414394, "momentum_up": 0.7455372843557241, "mu_down": 0.20347016044974897, "mu_up": 2.4799430431899203e-05}, "datetime": {"datetime": "2024-01-20 15:28:47", "elapsed": 386.203904, "delta": 2.647449}}
{"target": -828.085096049511, "params": {"momentum_down": 0.7078761319971661, "momentum_up": 0.7454963365948715, "mu_down": 0.27485881385188876, "mu_up": 0.0003325378445470294}, "datetime": {"datetime": "2024-01-20 15:28:49", "elapsed": 388.977243, "delta": 2.773339}}
{"target": -1232.0744612196336, "params": {"momentum_down": 0.9330507208109298, "momentum_up": 0.7479675863801364, "mu_down": 0.19093272758293847, "mu_up": 0.00020617530778831858}, "datetime": {"datetime": "2024-01-20 15:28:53", "elapsed": 392.439795, "delta": 3.462552}}
{"target": -1940.0954601799756, "params": {"momentum_down": 0.615202748349351, "momentum_up": 0.8382484814643135, "mu_down": 0.06175613146330003, "mu_up": 0.00013910255180362823}, "datetime": {"datetime": "2024-01-20 15:28:55", "elapsed": 394.931756, "delta": 2.491961}}
{"target": -545.0824501353048, "params": {"momentum_down": 0.8151261102979375, "momentum_up": 0.7969114614132029, "mu_down": 0.1995940228164289, "mu_up": 0.0004495968453037238}, "datetime": {"datetime": "2024-01-20 15:28:58", "elapsed": 397.705483, "delta": 2.773727}}
{"target": -2000.5685937048227, "params": {"momentum_down": 0.5423873198772409, "momentum_up": 0.6239905340358733, "mu_down": 0.08705417003876018, "mu_up": 0.0008849258053546684}, "datetime": {"datetime": "2024-01-20 15:29:02", "elapsed": 401.484598, "delta": 3.779115}}
{"target": -2300.0, "params": {"momentum_down": 0.8637243919436739, "momentum_up": 0.5809494871096375, "mu_down": 0.29375734587269625, "mu_up": 0.0004760281074161811}, "datetime": {"datetime": "2024-01-20 15:29:04", "elapsed": 403.345374, "delta": 1.860776}}
{"target": -2300.0, "params": {"momentum_down": 0.6996574963839814, "momentum_up": 0.7020733525271208, "mu_down": 0.020058432571925557, "mu_up": 0.0005202091629335446}, "datetime": {"datetime": "2024-01-20 15:29:05", "elapsed": 404.475292, "delta": 1.129918}}
{"target": -2300.0, "params": {"momentum_down": 0.9806384009572215, "momentum_up": 0.6650122917444041, "mu_down": 0.29345613825816613, "mu_up": 0.00045492919614911943}, "datetime": {"datetime": "2024-01-20 15:29:07", "elapsed": 406.386041, "delta": 1.910749}}
{"target": -2002.987219881042, "params": {"momentum_down": 0.8785336208500271, "momentum_up": 0.5499621354546292, "mu_down": 0.1877552655931617, "mu_up": 5.993488254307903e-05}, "datetime": {"datetime": "2024-01-20 15:29:11", "elapsed": 410.427872, "delta": 4.041831}}
{"target": -2000.478077525172, "params": {"momentum_down": 0.7211185599265344, "momentum_up": 0.9050499677048138, "mu_down": 0.19706130611588893, "mu_up": 2.907762486159759e-05}, "datetime": {"datetime": "2024-01-20 15:29:17", "elapsed": 416.019029, "delta": 5.591157}}
{"target": -888.1096564173224, "params": {"momentum_down": 0.8512722380282726, "momentum_up": 0.9327654478433903, "mu_down": 0.08839500019048543, "mu_up": 9.132230972322031e-05}, "datetime": {"datetime": "2024-01-20 15:29:19", "elapsed": 418.262758, "delta": 2.243729}}
{"target": -2030.9339674504708, "params": {"momentum_down": 0.9028554856988938, "momentum_up": 0.7594013772179407, "mu_down": 0.0592128691777976, "mu_up": 0.00016269295662805995}, "datetime": {"datetime": "2024-01-20 15:29:23", "elapsed": 422.054416, "delta": 3.791658}}
{"target": -2000.433069542941, "params": {"momentum_down": 0.938512806872915, "momentum_up": 0.5345746949542277, "mu_down": 0.059149471587269783, "mu_up": 0.00013670939791259805}, "datetime": {"datetime": "2024-01-20 15:29:25", "elapsed": 424.358045, "delta": 2.303629}}
{"target": -1393.082614869186, "params": {"momentum_down": 0.7438319179394014, "momentum_up": 0.5443718973192722, "mu_down": 0.274127360927571, "mu_up": 0.00034134400152634187}, "datetime": {"datetime": "2024-01-20 15:29:27", "elapsed": 426.718516, "delta": 2.360471}}
{"target": -1050.0763624172753, "params": {"momentum_down": 0.8999132900656017, "momentum_up": 0.6855898659908288, "mu_down": 0.28845075134764414, "mu_up": 0.0003041207610819707}, "datetime": {"datetime": "2024-01-20 15:29:29", "elapsed": 428.618541, "delta": 1.900025}}
{"target": -1959.0868846757512, "params": {"momentum_down": 0.6112559176278698, "momentum_up": 0.5334557842555908, "mu_down": 0.2950914275866754, "mu_up": 0.00024648080533911477}, "datetime": {"datetime": "2024-01-20 15:29:31", "elapsed": 430.959542, "delta": 2.341001}}
{"target": -1535.6087758415674, "params": {"momentum_down": 0.5427771388737216, "momentum_up": 0.6926390475610396, "mu_down": 0.10262213986850598, "mu_up": 0.0008788921756936988}, "datetime": {"datetime": "2024-01-20 15:29:38", "elapsed": 437.490102, "delta": 6.53056}}
{"target": -2018.597294573246, "params": {"momentum_down": 0.5932059787592694, "momentum_up": 0.5710830236508809, "mu_down": 0.17031325268999012, "mu_up": 1.5563704914447716e-05}, "datetime": {"datetime": "2024-01-20 15:29:43", "elapsed": 442.554864, "delta": 5.064762}}
{"target": -2300.0, "params": {"momentum_down": 0.9550295244489796, "momentum_up": 0.5585950126941481, "mu_down": 0.13303782478388268, "mu_up": 0.00019110962266096827}, "datetime": {"datetime": "2024-01-20 15:29:45", "elapsed": 444.070355, "delta": 1.515491}}
{"target": -2300.0, "params": {"momentum_down": 0.9100405846240619, "momentum_up": 0.7360161800191543, "mu_down": 0.07610993642091465, "mu_up": 0.0006597758768462924}, "datetime": {"datetime": "2024-01-20 15:29:45", "elapsed": 444.889115, "delta": 0.81876}}
{"target": -2000.8057829772692, "params": {"momentum_down": 0.6582908935075047, "momentum_up": 0.5570879977691691, "mu_down": 0.13389806192172282, "mu_up": 0.00011589827260279595}, "datetime": {"datetime": "2024-01-20 15:29:51", "elapsed": 450.042541, "delta": 5.153426}}
{"target": -2300.0, "params": {"momentum_down": 0.8642749249820885, "momentum_up": 0.8175031775518176, "mu_down": 0.08367120369605716, "mu_up": 0.0008508532085886879}, "datetime": {"datetime": "2024-01-20 15:29:51", "elapsed": 450.719824, "delta": 0.677283}}
{"target": -2300.0, "params": {"momentum_down": 0.8516711199227383, "momentum_up": 0.5532617257175364, "mu_down": 0.1903485489992812, "mu_up": 0.00046690793708888475}, "datetime": {"datetime": "2024-01-20 15:29:54", "elapsed": 453.681286, "delta": 2.961462}}
{"target": -1878.076939373363, "params": {"momentum_down": 0.8441503226312187, "momentum_up": 0.714332918170063, "mu_down": 0.068860407825643, "mu_up": 0.00016800784385317716}, "datetime": {"datetime": "2024-01-20 15:29:59", "elapsed": 458.439525, "delta": 4.758239}}
{"target": -2000.1462213746272, "params": {"momentum_down": 0.7801665231646472, "momentum_up": 0.5502519007200917, "mu_down": 0.13221525464664274, "mu_up": 0.00020016677381493552}, "datetime": {"datetime": "2024-01-20 15:30:02", "elapsed": 461.510888, "delta": 3.071363}}
{"target": -2000.2676082724047, "params": {"momentum_down": 0.840051959418011, "momentum_up": 0.8701485754269717, "mu_down": 0.2971051664531582, "mu_up": 4.4971516889015036e-05}, "datetime": {"datetime": "2024-01-20 15:30:07", "elapsed": 466.50246, "delta": 4.991572}}
{"target": -2300.0, "params": {"momentum_down": 0.9696626152813528, "momentum_up": 0.8447679278950972, "mu_down": 0.10020629906346662, "mu_up": 0.00017690543333473074}, "datetime": {"datetime": "2024-01-20 15:30:08", "elapsed": 467.211942, "delta": 0.709482}}
{"target": -2300.0, "params": {"momentum_down": 0.7088629252907174, "momentum_up": 0.9875027772655838, "mu_down": 0.09181460227123175, "mu_up": 0.0004093730854029846}, "datetime": {"datetime": "2024-01-20 15:30:09", "elapsed": 468.699313, "delta": 1.487371}}
{"target": -2000.049799951875, "params": {"momentum_down": 0.9283023011818177, "momentum_up": 0.5771895213043218, "mu_down": 0.12973262825900636, "mu_up": 0.00039421343252753617}, "datetime": {"datetime": "2024-01-20 15:30:15", "elapsed": 474.290928, "delta": 5.591615}}
{"target": -767.1077027954716, "params": {"momentum_down": 0.6775822007763319, "momentum_up": 0.9009027530754031, "mu_down": 0.22462069146654948, "mu_up": 0.00015341281396911123}, "datetime": {"datetime": "2024-01-20 15:30:17", "elapsed": 476.752731, "delta": 2.461803}}
{"target": -2300.0, "params": {"momentum_down": 0.8125501299575333, "momentum_up": 0.9235465483379128, "mu_down": 0.0817815046792263, "mu_up": 0.0008223650442795938}, "datetime": {"datetime": "2024-01-20 15:30:19", "elapsed": 478.752546, "delta": 1.999815}}
{"target": -2300.0, "params": {"momentum_down": 0.6853443430992393, "momentum_up": 0.6340396620620732, "mu_down": 0.17105689699656587, "mu_up": 0.0009302412359329334}, "datetime": {"datetime": "2024-01-20 15:30:21", "elapsed": 480.595083, "delta": 1.842537}}
{"target": -1393.079231020937, "params": {"momentum_down": 0.5551928616392395, "momentum_up": 0.6945149867041103, "mu_down": 0.2860525439113073, "mu_up": 0.0002370569001302631}, "datetime": {"datetime": "2024-01-20 15:30:26", "elapsed": 485.37612, "delta": 4.781037}}
{"target": -2001.9652828257008, "params": {"momentum_down": 0.9037480425494124, "momentum_up": 0.9144936780373643, "mu_down": 0.201932341060437, "mu_up": 1.3329494728961525e-05}, "datetime": {"datetime": "2024-01-20 15:30:29", "elapsed": 488.352776, "delta": 2.976656}}
{"target": -2300.0, "params": {"momentum_down": 0.705043546306878, "momentum_up": 0.8307644882505405, "mu_down": 0.03058320520129684, "mu_up": 0.0005842732164856528}, "datetime": {"datetime": "2024-01-20 15:30:32", "elapsed": 491.809817, "delta": 3.457041}}
{"target": -2300.0, "params": {"momentum_down": 0.9635491355438421, "momentum_up": 0.9469904752671378, "mu_down": 0.04455587693286982, "mu_up": 0.0001239202459846163}, "datetime": {"datetime": "2024-01-20 15:30:36", "elapsed": 495.396995, "delta": 3.587178}}
{"target": -2000.3239957035573, "params": {"momentum_down": 0.6096605699799182, "momentum_up": 0.6149062700959502, "mu_down": 0.1304093845234837, "mu_up": 0.00014289219794834973}, "datetime": {"datetime": "2024-01-20 15:30:41", "elapsed": 500.645113, "delta": 5.248118}}
{"target": -2300.0, "params": {"momentum_down": 0.5751486351119331, "momentum_up": 0.9285742283972716, "mu_down": 0.05226687608988349, "mu_up": 0.0007074277683606491}, "datetime": {"datetime": "2024-01-20 15:30:45", "elapsed": 504.615644, "delta": 3.970531}}
{"target": -2300.0, "params": {"momentum_down": 0.6689136778493268, "momentum_up": 0.9211297170835153, "mu_down": 0.033216023464179886, "mu_up": 0.0005892635578172698}, "datetime": {"datetime": "2024-01-20 15:30:47", "elapsed": 506.98796, "delta": 2.372316}}
{"target": -2000.444003227452, "params": {"momentum_down": 0.5960927327262602, "momentum_up": 0.5832314386064547, "mu_down": 0.2890386370927662, "mu_up": 0.00013167541633603776}, "datetime": {"datetime": "2024-01-20 15:30:51", "elapsed": 510.722184, "delta": 3.734224}}
{"target": -1434.0727395019323, "params": {"momentum_down": 0.8492257955321245, "momentum_up": 0.7142212409144459, "mu_down": 0.07913982653244912, "mu_up": 0.00023092424969240694}, "datetime": {"datetime": "2024-01-20 15:30:54", "elapsed": 513.337005, "delta": 2.614821}}
{"target": -2300.0, "params": {"momentum_down": 0.6346943532535849, "momentum_up": 0.7225656601635267, "mu_down": 0.06841856207462149, "mu_up": 0.0009922731306426574}, "datetime": {"datetime": "2024-01-20 15:30:56", "elapsed": 515.805334, "delta": 2.468329}}
{"target": -2300.0, "params": {"momentum_down": 0.8085524686124853, "momentum_up": 0.6903365975930599, "mu_down": 0.19071076460502764, "mu_up": 0.0005710921888143335}, "datetime": {"datetime": "2024-01-20 15:31:00", "elapsed": 519.108618, "delta": 3.303284}}
{"target": -666.2142987836675, "params": {"momentum_down": 0.629693586295834, "momentum_up": 0.921853121349433, "mu_down": 0.24179907862102626, "mu_up": 0.0005366896663943704}, "datetime": {"datetime": "2024-01-20 15:31:01", "elapsed": 520.897361, "delta": 1.788743}}
{"target": -666.9896123596862, "params": {"momentum_down": 0.7221450420708896, "momentum_up": 0.7232406908558735, "mu_down": 0.1323098835744524, "mu_up": 0.0006355084095832378}, "datetime": {"datetime": "2024-01-20 15:31:04", "elapsed": 523.069786, "delta": 2.172425}}
{"target": -888.4853326013879, "params": {"momentum_down": 0.7448556985948479, "momentum_up": 0.8421655577651486, "mu_down": 0.10310780461095709, "mu_up": 0.0004440742851267905}, "datetime": {"datetime": "2024-01-20 15:31:08", "elapsed": 527.318771, "delta": 4.248985}}
{"target": -2300.0, "params": {"momentum_down": 0.8921367904717521, "momentum_up": 0.5484780495093132, "mu_down": 0.17352145469815392, "mu_up": 0.0008473392516445673}, "datetime": {"datetime": "2024-01-20 15:31:10", "elapsed": 529.729883, "delta": 2.411112}}
{"target": -2300.0, "params": {"momentum_down": 0.6937175479032676, "momentum_up": 0.5929562174725351, "mu_down": 0.1384852145466806, "mu_up": 0.0008418996584626405}, "datetime": {"datetime": "2024-01-20 15:31:11", "elapsed": 530.879363, "delta": 1.14948}}
{"target": -2008.4696011201145, "params": {"momentum_down": 0.6861276280800924, "momentum_up": 0.5408333711436433, "mu_down": 0.10879022343508409, "mu_up": 0.0007494648114960287}, "datetime": {"datetime": "2024-01-20 15:31:15", "elapsed": 534.845678, "delta": 3.966315}}
{"target": -2300.0, "params": {"momentum_down": 0.64095209064432, "momentum_up": 0.9243437930677528, "mu_down": 0.030369210343006024, "mu_up": 0.0005925324301448337}, "datetime": {"datetime": "2024-01-20 15:31:17", "elapsed": 536.790338, "delta": 1.94466}}
{"target": -868.2429365782897, "params": {"momentum_down": 0.6136719197450838, "momentum_up": 0.6780285904803717, "mu_down": 0.19177851420524156, "mu_up": 0.0005154336113069568}, "datetime": {"datetime": "2024-01-20 15:31:21", "elapsed": 540.299943, "delta": 3.509605}}
{"target": -1939.9843490890878, "params": {"momentum_down": 0.5182025456076532, "momentum_up": 0.5303855968936145, "mu_down": 0.07741296228367493, "mu_up": 0.000856015009518296}, "datetime": {"datetime": "2024-01-20 15:31:25", "elapsed": 544.494717, "delta": 4.194774}}
{"target": -2300.0, "params": {"momentum_down": 0.986647075697532, "momentum_up": 0.5552482965139206, "mu_down": 0.138509590734428, "mu_up": 0.0004569733621191581}, "datetime": {"datetime": "2024-01-20 15:31:27", "elapsed": 546.575133, "delta": 2.080416}}
{"target": -2300.0, "params": {"momentum_down": 0.74651280200506, "momentum_up": 0.9011534778358783, "mu_down": 0.19296036790541674, "mu_up": 0.0008175754277153271}, "datetime": {"datetime": "2024-01-20 15:31:28", "elapsed": 547.267036, "delta": 0.691903}}
{"target": -2300.0, "params": {"momentum_down": 0.7536705284853957, "momentum_up": 0.5333418565455001, "mu_down": 0.1869576714813266, "mu_up": 0.0005385622189369904}, "datetime": {"datetime": "2024-01-20 15:31:29", "elapsed": 548.022795, "delta": 0.755759}}
{"target": -2300.0, "params": {"momentum_down": 0.9654651221776228, "momentum_up": 0.9686189881225797, "mu_down": 0.037273741223335155, "mu_up": 0.0005753884082655584}, "datetime": {"datetime": "2024-01-20 15:31:29", "elapsed": 548.566531, "delta": 0.543736}}
