{"target": -2087.101846165146, "params": {"momentum_down": 0.03806075316194625, "momentum_up": 0.5493622078047496, "mu_down": 0.00908688696216613, "mu_up": 0.0002748373285370846}, "datetime": {"datetime": "2024-06-01 17:13:33", "elapsed": 1908.032953, "delta": 5.346133}}
{"target": -2003.2168051785186, "params": {"momentum_down": 0.07173970245910818, "momentum_up": 0.09733039142376544, "mu_down": 0.12713834730741044, "mu_up": 0.00020728747279371177}, "datetime": {"datetime": "2024-06-01 17:13:40", "elapsed": 1915.016196, "delta": 6.983243}}
{"target": -2032.7233035723723, "params": {"momentum_down": 0.39260163911729684, "momentum_up": 0.28996838501617084, "mu_down": 0.16207625973988016, "mu_up": 1.0482389572020605e-05}, "datetime": {"datetime": "2024-06-01 17:13:47", "elapsed": 1922.067044, "delta": 7.050848}}
{"target": -2000.0304383821488, "params": {"momentum_down": 0.48736754905902646, "momentum_up": 0.8630727019330732, "mu_down": 0.14278294462030722, "mu_up": 0.0004205423465103533}, "datetime": {"datetime": "2024-06-01 17:13:58", "elapsed": 1933.52108, "delta": 11.454036}}
{"target": -2000.0071013228708, "params": {"momentum_down": 0.5515805566133778, "momentum_up": 0.7995518449893332, "mu_down": 0.18629357450052303, "mu_up": 0.000288791862483678}, "datetime": {"datetime": "2024-06-01 17:14:05", "elapsed": 1940.496096, "delta": 6.975016}}
{"target": -2001.673220590367, "params": {"momentum_down": 0.3675550730634178, "momentum_up": 0.42566100264446527, "mu_down": 0.18404903148377666, "mu_up": 0.00011858917791814318}, "datetime": {"datetime": "2024-06-01 17:14:08", "elapsed": 1942.981994, "delta": 2.485898}}
{"target": -2002.041149895055, "params": {"momentum_down": 0.8294475034670417, "momentum_up": 0.4678000052660033, "mu_down": 0.04740029736834413, "mu_up": 0.00030655201297573044}, "datetime": {"datetime": "2024-06-01 17:14:19", "elapsed": 1954.401239, "delta": 11.419245}}
{"target": -2013.6028157116352, "params": {"momentum_down": 0.503806329694016, "momentum_up": 0.1692908511037596, "mu_down": 0.1547388562884393, "mu_up": 5.163069174625095e-05}, "datetime": {"datetime": "2024-06-01 17:14:25", "elapsed": 1960.632962, "delta": 6.231723}}
{"target": -2000.3938597419155, "params": {"momentum_down": 0.44653128548460497, "momentum_up": 0.5062785618672525, "mu_down": 0.1519330922544661, "mu_up": 0.00018151679664034072}, "datetime": {"datetime": "2024-06-01 17:14:32", "elapsed": 1967.21403, "delta": 6.581068}}
{"target": -2000.087504691005, "params": {"momentum_down": 0.35559527956185005, "momentum_up": 0.8334994360034517, "mu_down": 0.1522313310826998, "mu_up": 0.0003389182062434492}, "datetime": {"datetime": "2024-06-01 17:14:40", "elapsed": 1975.466839, "delta": 8.252809}}
{"target": -2000.8575852222118, "params": {"momentum_down": 0.10191185236139821, "momentum_up": 0.8454789244283594, "mu_down": 0.13747119939771876, "mu_up": 0.0003886169653622843}, "datetime": {"datetime": "2024-06-01 17:14:44", "elapsed": 1979.626343, "delta": 4.159504}}
{"target": -2026.2416711135913, "params": {"momentum_down": 0.788998895493494, "momentum_up": 0.07355097456165527, "mu_down": 0.02053043270863575, "mu_up": 3.1741093975045044e-05}, "datetime": {"datetime": "2024-06-01 17:14:48", "elapsed": 1982.964352, "delta": 3.338009}}
{"target": -2000.0344462827688, "params": {"momentum_down": 0.5722907348153251, "momentum_up": 0.6076427056491299, "mu_down": 0.11764915722253728, "mu_up": 0.00047742534044834374}, "datetime": {"datetime": "2024-06-01 17:14:57", "elapsed": 1992.048314, "delta": 9.083962}}
{"target": -2300.0, "params": {"momentum_down": 0.2987932782946688, "momentum_up": 0.9759034959507558, "mu_down": 0.07623512232109293, "mu_up": 0.00021230153968817265}, "datetime": {"datetime": "2024-06-01 17:15:01", "elapsed": 1996.679218, "delta": 4.630904}}
{"target": -2300.0, "params": {"momentum_down": 0.973297009281901, "momentum_up": 0.479064563746428, "mu_down": 0.06245397495430123, "mu_up": 9.916316093954487e-05}, "datetime": {"datetime": "2024-06-01 17:15:05", "elapsed": 1999.847305, "delta": 3.168087}}
{"target": -2002.9231870509527, "params": {"momentum_down": 0.3880148667963554, "momentum_up": 0.3297742095527409, "mu_down": 0.06952619081602374, "mu_up": 0.000358369780039483}, "datetime": {"datetime": "2024-06-01 17:15:07", "elapsed": 2002.511513, "delta": 2.664208}}
{"target": -2000.2987411650936, "params": {"momentum_down": 0.7007124560044242, "momentum_up": 0.49844221970791175, "mu_down": 0.0736064925904537, "mu_up": 0.00021520760142533426}, "datetime": {"datetime": "2024-06-01 17:15:13", "elapsed": 2008.516148, "delta": 6.004635}}
{"target": -2005.0037638731253, "params": {"momentum_down": 0.00896265627384239, "momentum_up": 0.41089230660644394, "mu_down": 0.1177305033008078, "mu_up": 0.0001155286505738703}, "datetime": {"datetime": "2024-06-01 17:15:18", "elapsed": 2013.473186, "delta": 4.957038}}
{"target": -2005.9524607197388, "params": {"momentum_down": 0.06442533284706768, "momentum_up": 0.7931496331134852, "mu_down": 0.07936490498605253, "mu_up": 0.00032400425337931283}, "datetime": {"datetime": "2024-06-01 17:15:27", "elapsed": 2022.571873, "delta": 9.098687}}
{"target": -2019.7012834439809, "params": {"momentum_down": 0.15918166800230915, "momentum_up": 0.05130834524754781, "mu_down": 0.046404149134124856, "mu_up": 0.00014372959187735333}, "datetime": {"datetime": "2024-06-01 17:15:33", "elapsed": 2028.063931, "delta": 5.492058}}
{"target": -2000.0261598764998, "params": {"momentum_down": 0.38719711259618134, "momentum_up": 0.7232625575016469, "mu_down": 0.19222519189953644, "mu_up": 0.0002430234279727422}, "datetime": {"datetime": "2024-06-01 17:15:36", "elapsed": 2031.386782, "delta": 3.322851}}
{"target": -2007.1000427283298, "params": {"momentum_down": 0.4249954457747292, "momentum_up": 0.9464224241492313, "mu_down": 0.1036069191040832, "mu_up": 0.00017680447844709512}, "datetime": {"datetime": "2024-06-01 17:15:40", "elapsed": 2035.333891, "delta": 3.947109}}
{"target": -2000.8467396242118, "params": {"momentum_down": 0.8031103988752587, "momentum_up": 0.678660807268105, "mu_down": 0.045267700536985346, "mu_up": 9.584182625685424e-05}, "datetime": {"datetime": "2024-06-01 17:15:42", "elapsed": 2037.686206, "delta": 2.352315}}
{"target": -2000.3713676630887, "params": {"momentum_down": 0.7030857683418908, "momentum_up": 0.49799217971557935, "mu_down": 0.06803984609282572, "mu_up": 0.00020922328142791998}, "datetime": {"datetime": "2024-06-01 17:15:51", "elapsed": 2046.166797, "delta": 8.480591}}
{"target": -2300.0, "params": {"momentum_down": 0.8953736904521978, "momentum_up": 0.7199472518679262, "mu_down": 0.03554525291781652, "mu_up": 0.00021525088020179115}, "datetime": {"datetime": "2024-06-01 17:15:52", "elapsed": 2046.923985, "delta": 0.757188}}
{"target": -2000.2098509134237, "params": {"momentum_down": 0.2846038599442145, "momentum_up": 0.3462014109849513, "mu_down": 0.15785038368052595, "mu_up": 0.0003898466581989218}, "datetime": {"datetime": "2024-06-01 17:15:58", "elapsed": 2053.130137, "delta": 6.206152}}
{"target": -2000.3120283243773, "params": {"momentum_down": 0.4649335128218376, "momentum_up": 0.20778382024532963, "mu_down": 0.11457306672548213, "mu_up": 0.0003963211480122897}, "datetime": {"datetime": "2024-06-01 17:16:03", "elapsed": 2057.904261, "delta": 4.774124}}
{"target": -2000.0179309366513, "params": {"momentum_down": 0.7856479281109087, "momentum_up": 0.515860174249373, "mu_down": 0.12579517194510706, "mu_up": 0.0004548993122279861}, "datetime": {"datetime": "2024-06-01 17:16:08", "elapsed": 2062.779264, "delta": 4.875003}}
{"target": -2000.02855073341, "params": {"momentum_down": 0.7774298773641901, "momentum_up": 0.9516393908736086, "mu_down": 0.10451689891509766, "mu_up": 7.817909496971125e-05}, "datetime": {"datetime": "2024-06-01 17:16:12", "elapsed": 2067.538766, "delta": 4.759502}}
{"target": -2001.4118655609198, "params": {"momentum_down": 0.4381374931602636, "momentum_up": 0.21710034060685096, "mu_down": 0.13450705910293367, "mu_up": 0.00018537719297096445}, "datetime": {"datetime": "2024-06-01 17:16:18", "elapsed": 2073.452976, "delta": 5.91421}}
{"target": -2000.0402060703505, "params": {"momentum_down": 0.39554175380912837, "momentum_up": 0.8635739999571352, "mu_down": 0.15938939639374042, "mu_up": 0.0001617105836324662}, "datetime": {"datetime": "2024-06-01 17:16:25", "elapsed": 2080.126711, "delta": 6.673735}}
{"target": -2008.0722210871877, "params": {"momentum_down": 0.16523637121650897, "momentum_up": 0.4950158733305121, "mu_down": 0.15252224091605515, "mu_up": 4.491898290652357e-05}, "datetime": {"datetime": "2024-06-01 17:16:38", "elapsed": 2093.267817, "delta": 13.141106}}
{"target": -2001.2288593565293, "params": {"momentum_down": 0.8140021566130436, "momentum_up": 0.28773454501544643, "mu_down": 0.05046829696005981, "mu_up": 0.0001698315704557795}, "datetime": {"datetime": "2024-06-01 17:16:41", "elapsed": 2096.490693, "delta": 3.222876}}
{"target": -2000.0173467019918, "params": {"momentum_down": 0.8840042198631222, "momentum_up": 0.591920820866319, "mu_down": 0.15760150054003846, "mu_up": 0.0003296748161532465}, "datetime": {"datetime": "2024-06-01 17:16:46", "elapsed": 2101.542062, "delta": 5.051369}}
{"target": -2002.7247010023618, "params": {"momentum_down": 0.08495941621070574, "momentum_up": 0.07548188648863025, "mu_down": 0.11069423782207669, "mu_up": 0.00039547228705199254}, "datetime": {"datetime": "2024-06-01 17:16:50", "elapsed": 2105.313971, "delta": 3.771909}}
{"target": -2000.030686520645, "params": {"momentum_down": 0.6437540123743588, "momentum_up": 0.704266296533265, "mu_down": 0.12805721233570688, "mu_up": 0.00022384158487842432}, "datetime": {"datetime": "2024-06-01 17:16:58", "elapsed": 2112.758256, "delta": 7.444285}}
{"target": -2000.0421600096774, "params": {"momentum_down": 0.4842321779986871, "momentum_up": 0.502758170834986, "mu_down": 0.14016474794699624, "mu_up": 0.00048346587804404267}, "datetime": {"datetime": "2024-06-01 17:17:03", "elapsed": 2117.985203, "delta": 5.226947}}
{"target": -2000.011634937935, "params": {"momentum_down": 0.41588868785088784, "momentum_up": 0.8884985977936151, "mu_down": 0.1932536091008135, "mu_up": 0.00044124361892185964}, "datetime": {"datetime": "2024-06-01 17:17:09", "elapsed": 2123.782727, "delta": 5.797524}}
{"target": -2000.8359906190797, "params": {"momentum_down": 0.2792284298359092, "momentum_up": 0.34511618533194177, "mu_down": 0.1591939216097861, "mu_up": 0.00020088485213130738}, "datetime": {"datetime": "2024-06-01 17:17:19", "elapsed": 2134.069232, "delta": 10.286505}}
{"target": -2000.715122347831, "params": {"momentum_down": 0.9347706564334622, "momentum_up": 0.5460201264051565, "mu_down": 0.14673491925999924, "mu_up": 0.00011161414251459394}, "datetime": {"datetime": "2024-06-01 17:17:21", "elapsed": 2136.135235, "delta": 2.066003}}
{"target": -2001.6872292096725, "params": {"momentum_down": 0.14196957950014708, "momentum_up": 0.49647270530915666, "mu_down": 0.11342945068835969, "mu_up": 0.00031030800228564967}, "datetime": {"datetime": "2024-06-01 17:17:28", "elapsed": 2142.943712, "delta": 6.808477}}
{"target": -2008.0221031065357, "params": {"momentum_down": 0.3941129598411634, "momentum_up": 0.1651438188812139, "mu_down": 0.04876375211383104, "mu_up": 0.00028554032925871603}, "datetime": {"datetime": "2024-06-01 17:17:32", "elapsed": 2146.816198, "delta": 3.872486}}
{"target": -2026.625075699197, "params": {"momentum_down": 0.7509828998288439, "momentum_up": 0.08724423301284054, "mu_down": 0.06518341754845214, "mu_up": 2.990817536403168e-05}, "datetime": {"datetime": "2024-06-01 17:17:35", "elapsed": 2150.698309, "delta": 3.882111}}
{"target": -2000.010837484981, "params": {"momentum_down": 0.6391751377049768, "momentum_up": 0.7063458888484389, "mu_down": 0.13271765720890147, "mu_up": 0.0004040761058984097}, "datetime": {"datetime": "2024-06-01 17:17:43", "elapsed": 2158.572919, "delta": 7.87461}}
{"target": -2000.0089760353578, "params": {"momentum_down": 0.4085288723493481, "momentum_up": 0.890132698911348, "mu_down": 0.19449529076156793, "mu_up": 0.00018308840311892803}, "datetime": {"datetime": "2024-06-01 17:17:49", "elapsed": 2164.216323, "delta": 5.643404}}
{"target": -2300.0, "params": {"momentum_down": 0.9649123245203627, "momentum_up": 0.9079523030009918, "mu_down": 0.18899664174097708, "mu_up": 0.0002540020148950673}, "datetime": {"datetime": "2024-06-01 17:17:50", "elapsed": 2165.185215, "delta": 0.968892}}
{"target": -2000.9692535273848, "params": {"momentum_down": 0.35163854016335805, "momentum_up": 0.8345690626865243, "mu_down": 0.14818010686516014, "mu_up": 4.7016234923089904e-05}, "datetime": {"datetime": "2024-06-01 17:17:56", "elapsed": 2170.920498, "delta": 5.735283}}
{"target": -2007.9485574438054, "params": {"momentum_down": 0.7688518183908045, "momentum_up": 0.13468566189180584, "mu_down": 0.11472812981789347, "mu_up": 8.109898262240914e-05}, "datetime": {"datetime": "2024-06-01 17:18:01", "elapsed": 2175.897947, "delta": 4.977449}}
{"target": -2000.6633135279926, "params": {"momentum_down": 0.2846311238297927, "momentum_up": 0.35284440326735433, "mu_down": 0.15433672663899295, "mu_up": 0.00022149850046063727}, "datetime": {"datetime": "2024-06-01 17:18:14", "elapsed": 2189.119094, "delta": 13.221147}}
{"target": -2000.2259966771753, "params": {"momentum_down": 0.5114746684489108, "momentum_up": 0.14910959088133968, "mu_down": 0.11707932550006026, "mu_up": 0.00041934007732661905}, "datetime": {"datetime": "2024-06-01 17:18:23", "elapsed": 2197.772954, "delta": 8.65386}}
{"target": -2000.4462570511887, "params": {"momentum_down": 0.2614559515954599, "momentum_up": 0.3526514795824928, "mu_down": 0.1962187816246056, "mu_up": 0.00023074717787993277}, "datetime": {"datetime": "2024-06-01 17:18:28", "elapsed": 2202.912117, "delta": 5.139163}}
{"target": -2006.2661850712948, "params": {"momentum_down": 0.8301352256996448, "momentum_up": 0.4278534819247206, "mu_down": 0.023391114710392347, "mu_up": 0.00025879024094933395}, "datetime": {"datetime": "2024-06-01 17:18:33", "elapsed": 2208.362964, "delta": 5.450847}}
{"target": -2003.0351346782718, "params": {"momentum_down": 0.11046940413136701, "momentum_up": 0.5390327623609636, "mu_down": 0.10258274562580756, "mu_up": 0.0002874744232691635}, "datetime": {"datetime": "2024-06-01 17:18:37", "elapsed": 2212.201712, "delta": 3.838748}}
{"target": -2000.0704107936992, "params": {"momentum_down": 0.46246499730286816, "momentum_up": 0.8174690665670601, "mu_down": 0.1325745324845728, "mu_up": 0.00041794551219653223}, "datetime": {"datetime": "2024-06-01 17:18:44", "elapsed": 2219.678241, "delta": 7.476529}}
{"target": -2000.6641763564983, "params": {"momentum_down": 0.010318591205351524, "momentum_up": 0.35201198132756656, "mu_down": 0.16835182094149798, "mu_up": 0.0003671835990455013}, "datetime": {"datetime": "2024-06-01 17:18:48", "elapsed": 2223.475691, "delta": 3.79745}}
{"target": -2001.0847217938222, "params": {"momentum_down": 0.6506708577681035, "momentum_up": 0.4062805473123394, "mu_down": 0.05054642541508261, "mu_up": 0.0004947759709386434}, "datetime": {"datetime": "2024-06-01 17:18:51", "elapsed": 2226.226304, "delta": 2.750613}}
{"target": -2000.647991028275, "params": {"momentum_down": 0.22214978108635716, "momentum_up": 0.1516885066233511, "mu_down": 0.13371745260926274, "mu_up": 0.0004653525173870087}, "datetime": {"datetime": "2024-06-01 17:18:54", "elapsed": 2228.790025, "delta": 2.563721}}
{"target": -2001.5031375526946, "params": {"momentum_down": 0.15874457413856427, "momentum_up": 0.10106825043364731, "mu_down": 0.15070804930366968, "mu_up": 0.00024463162421327534}, "datetime": {"datetime": "2024-06-01 17:18:58", "elapsed": 2233.008293, "delta": 4.218268}}
{"target": -2002.457462017359, "params": {"momentum_down": 0.3404643130396646, "momentum_up": 0.47107907809858246, "mu_down": 0.07971873737167053, "mu_up": 0.0004816068390915163}, "datetime": {"datetime": "2024-06-01 17:19:03", "elapsed": 2238.452747, "delta": 5.444454}}
{"target": -2003.2063264348824, "params": {"momentum_down": 0.7936575543357263, "momentum_up": 0.4643687665016009, "mu_down": 0.18409073384335845, "mu_up": 7.72692854490235e-05}, "datetime": {"datetime": "2024-06-01 17:19:10", "elapsed": 2245.043298, "delta": 6.590551}}
{"target": -2000.0652051405502, "params": {"momentum_down": 0.9307458511008833, "momentum_up": 0.5832849788743872, "mu_down": 0.1805779632929709, "mu_up": 0.0002224667044272691}, "datetime": {"datetime": "2024-06-01 17:19:17", "elapsed": 2251.951036, "delta": 6.907738}}
{"target": -2000.3218678592073, "params": {"momentum_down": 0.5737615281718571, "momentum_up": 0.14767615149232452, "mu_down": 0.1186093287737184, "mu_up": 0.0004923558740474705}, "datetime": {"datetime": "2024-06-01 17:19:26", "elapsed": 2261.520316, "delta": 9.56928}}
{"target": -2000.1279958747825, "params": {"momentum_down": 0.58028329140971, "momentum_up": 0.6621667910899127, "mu_down": 0.15312777683528078, "mu_up": 0.0001658345333507629}, "datetime": {"datetime": "2024-06-01 17:19:30", "elapsed": 2265.285624, "delta": 3.765308}}
{"target": -2000.3020847004389, "params": {"momentum_down": 0.5276394650141744, "momentum_up": 0.6009039155640867, "mu_down": 0.0907128660493936, "mu_up": 0.0003213929691498396}, "datetime": {"datetime": "2024-06-01 17:19:34", "elapsed": 2269.414328, "delta": 4.128704}}
{"target": -2017.5470724814227, "params": {"momentum_down": 0.10820619803832018, "momentum_up": 0.4435653347147057, "mu_down": 0.1803852784526102, "mu_up": 2.6982081950035713e-05}, "datetime": {"datetime": "2024-06-01 17:19:42", "elapsed": 2277.47275, "delta": 8.058422}}
{"target": -2000.7667238259764, "params": {"momentum_down": 0.6974052727456759, "momentum_up": 0.8259229448076997, "mu_down": 0.04922363976408457, "mu_up": 0.0001294288135400486}, "datetime": {"datetime": "2024-06-01 17:19:48", "elapsed": 2283.616965, "delta": 6.144215}}
{"target": -2013.289519283117, "params": {"momentum_down": 0.46557836177045536, "momentum_up": 0.8216719185889793, "mu_down": 0.13894168126005843, "mu_up": 1.1199132542180469e-05}, "datetime": {"datetime": "2024-06-01 17:19:56", "elapsed": 2291.401726, "delta": 7.784761}}
{"target": -2000.0144636644866, "params": {"momentum_down": 0.5355179140112849, "momentum_up": 0.8096072961503415, "mu_down": 0.14561258452867262, "mu_up": 0.0003885220823053829}, "datetime": {"datetime": "2024-06-01 17:20:05", "elapsed": 2300.284672, "delta": 8.882946}}
{"target": -2000.129308089456, "params": {"momentum_down": 0.42769216083372547, "momentum_up": 0.4896988959841698, "mu_down": 0.19952929774955225, "mu_up": 0.00025344350575271467}, "datetime": {"datetime": "2024-06-01 17:20:09", "elapsed": 2304.557411, "delta": 4.272739}}
{"target": -2300.0, "params": {"momentum_down": 0.6602289734095294, "momentum_up": 0.963490937729434, "mu_down": 0.025291669504395455, "mu_up": 5.548014419674739e-05}, "datetime": {"datetime": "2024-06-01 17:20:14", "elapsed": 2309.356479, "delta": 4.799068}}
{"target": -2000.0073843338507, "params": {"momentum_down": 0.6060698871721665, "momentum_up": 0.7311920826852311, "mu_down": 0.15735900333951763, "mu_up": 0.00043253164980716787}, "datetime": {"datetime": "2024-06-01 17:20:17", "elapsed": 2312.630315, "delta": 3.273836}}
{"target": -2003.4781475086907, "params": {"momentum_down": 0.1656489093919132, "momentum_up": 0.3313904452140518, "mu_down": 0.16771031628334634, "mu_up": 0.00010658266425771162}, "datetime": {"datetime": "2024-06-01 17:20:21", "elapsed": 2316.287593, "delta": 3.657278}}
{"target": -2000.2943552686131, "params": {"momentum_down": 0.46036097775564727, "momentum_up": 0.20367387573665977, "mu_down": 0.11412605978901938, "mu_up": 0.0004229302548631335}, "datetime": {"datetime": "2024-06-01 17:20:27", "elapsed": 2322.466386, "delta": 6.178793}}
{"target": -2300.0, "params": {"momentum_down": 0.9805246870603609, "momentum_up": 0.8356207096263821, "mu_down": 0.19691536392672365, "mu_up": 0.0003654630948709547}, "datetime": {"datetime": "2024-06-01 17:20:33", "elapsed": 2328.238914, "delta": 5.772528}}
{"target": -2032.40683547993, "params": {"momentum_down": 0.5747270012585028, "momentum_up": 0.7015252961191392, "mu_down": 0.025306452819397474, "mu_up": 0.0004870841171482434}, "datetime": {"datetime": "2024-06-01 17:20:36", "elapsed": 2330.76656, "delta": 2.527646}}
{"target": -2000.3757213331228, "params": {"momentum_down": 0.5692603534873768, "momentum_up": 0.1502948137898679, "mu_down": 0.1188711824625259, "mu_up": 0.0004997130521520454}, "datetime": {"datetime": "2024-06-01 17:20:45", "elapsed": 2340.186636, "delta": 9.420076}}
{"target": -2000.1025552816272, "params": {"momentum_down": 0.443743758384893, "momentum_up": 0.30787615551580266, "mu_down": 0.16903096374197701, "mu_up": 0.0004865617224937235}, "datetime": {"datetime": "2024-06-01 17:20:48", "elapsed": 2343.56228, "delta": 3.375644}}
{"target": -2000.006986424892, "params": {"momentum_down": 0.6944508305326362, "momentum_up": 0.7644744129051249, "mu_down": 0.1677871142435788, "mu_up": 0.0003224415568487491}, "datetime": {"datetime": "2024-06-01 17:20:51", "elapsed": 2346.747535, "delta": 3.185255}}
{"target": -2000.1259907356578, "params": {"momentum_down": 0.503469670351161, "momentum_up": 0.90814604655171, "mu_down": 0.1076362850908486, "mu_up": 0.00019189917091352122}, "datetime": {"datetime": "2024-06-01 17:20:57", "elapsed": 2351.904941, "delta": 5.157406}}
{"target": -2002.0011833984495, "params": {"momentum_down": 0.4303986364105984, "momentum_up": 0.276333219063367, "mu_down": 0.07584784087188093, "mu_up": 0.00030334728292854575}, "datetime": {"datetime": "2024-06-01 17:21:01", "elapsed": 2356.74516, "delta": 4.840219}}
{"target": -2000.1646729197223, "params": {"momentum_down": 0.26516350325497673, "momentum_up": 0.848747914563931, "mu_down": 0.15629364427204614, "mu_up": 0.00028366572904985716}, "datetime": {"datetime": "2024-06-01 17:21:12", "elapsed": 2367.094478, "delta": 10.349318}}
