{"target": -2273.8066046672557, "params": {"momentum_down": 0.4128517846555483, "momentum_up": 0.7131212485077365, "mu_down": 2.2874963468977327e-05, "mu_up": 0.0001581429605896015}, "datetime": {"datetime": "2024-06-01 16:41:45", "elapsed": 0.0, "delta": 0.0}}
{"target": -2025.1979210945094, "params": {"momentum_down": 0.14528833190894191, "momentum_up": 0.09141520882110982, "mu_down": 0.037252042275534185, "mu_up": 0.0001793247562510934}, "datetime": {"datetime": "2024-06-01 16:41:47", "elapsed": 2.644074, "delta": 2.644074}}
{"target": -2001.5478563066001, "params": {"momentum_down": 0.39279979948836324, "momentum_up": 0.5334285666633234, "mu_down": 0.08383890288065897, "mu_up": 0.0003457575551944122}, "datetime": {"datetime": "2024-06-01 16:41:50", "elapsed": 4.756753, "delta": 2.112679}}
{"target": -2099.7485192371114, "params": {"momentum_down": 0.20240772723420225, "momentum_up": 0.869336262027036, "mu_down": 0.005477518639585233, "mu_up": 0.0003385290799874171}, "datetime": {"datetime": "2024-06-01 16:41:51", "elapsed": 6.643915, "delta": 1.887162}}
{"target": -2021.201796126758, "params": {"momentum_down": 0.41313175434345567, "momentum_up": 0.5531029301612941, "mu_down": 0.028077387719046755, "mu_up": 0.0001070697296515906}, "datetime": {"datetime": "2024-06-01 16:41:53", "elapsed": 8.415203, "delta": 1.771288}}
{"target": -2300.0, "params": {"momentum_down": 0.7927371229887813, "momentum_up": 0.9585789599622035, "mu_down": 0.06268483563184857, "mu_up": 0.0003492380816779639}, "datetime": {"datetime": "2024-06-01 16:41:54", "elapsed": 8.797473, "delta": 0.38227}}
{"target": -2003.3282390547515, "params": {"momentum_down": 0.8676252607730779, "momentum_up": 0.8856605968688088, "mu_down": 0.017008842273955584, "mu_up": 2.9136843784112358e-05}, "datetime": {"datetime": "2024-06-01 16:41:55", "elapsed": 10.569233, "delta": 1.77176}}
{"target": -2040.952756569953, "params": {"momentum_down": 0.16813211536892322, "momentum_up": 0.869361078395119, "mu_down": 0.01966936676661002, "mu_up": 0.00021634273625247555}, "datetime": {"datetime": "2024-06-01 16:41:57", "elapsed": 12.330191, "delta": 1.760958}}
{"target": -2000.2495671105717, "params": {"momentum_down": 0.9483106348489969, "momentum_up": 0.5278336321232869, "mu_down": 0.13837542279009468, "mu_up": 0.00016460265919297085}, "datetime": {"datetime": "2024-06-01 16:41:59", "elapsed": 14.091339, "delta": 1.761148}}
{"target": -2075.2679845652406, "params": {"momentum_down": 0.6796359184047678, "momentum_up": 0.8262794151783992, "mu_down": 0.0036576554688383615, "mu_up": 0.0003775707143230341}, "datetime": {"datetime": "2024-06-01 16:42:01", "elapsed": 15.857149, "delta": 1.76581}}
{"target": -2300.0, "params": {"momentum_down": 0.9789724780174297, "momentum_up": 0.740683997836041, "mu_down": 0.05608879841288104, "mu_up": 0.00039674687094122936}, "datetime": {"datetime": "2024-06-01 16:42:01", "elapsed": 15.885936, "delta": 0.028787}}
{"target": -2001.1988565033978, "params": {"momentum_down": 0.10219374651186561, "momentum_up": 0.4434145909141461, "mu_down": 0.18171910061861912, "mu_up": 0.00015387093270310295}, "datetime": {"datetime": "2024-06-01 16:42:02", "elapsed": 17.696585, "delta": 1.810649}}
{"target": -2114.7645161048436, "params": {"momentum_down": 0.28489758520048525, "momentum_up": 0.1287282863970949, "mu_down": 0.003873391574059415, "mu_up": 0.0003426294111405466}, "datetime": {"datetime": "2024-06-01 16:42:04", "elapsed": 19.519143, "delta": 1.822558}}
{"target": -2017.9348414787867, "params": {"momentum_down": 0.20951183484005845, "momentum_up": 0.2628911927785039, "mu_down": 0.09831463185606766, "mu_up": 3.614764710736939e-05}, "datetime": {"datetime": "2024-06-01 16:42:06", "elapsed": 21.288646, "delta": 1.769503}}
{"target": -2000.2815437314666, "params": {"momentum_down": 0.568376429437093, "momentum_up": 0.14526128915675204, "mu_down": 0.11786110738065686, "mu_up": 0.0003528815964102563}, "datetime": {"datetime": "2024-06-01 16:42:08", "elapsed": 23.054287, "delta": 1.765641}}
{"target": -2001.4276586526496, "params": {"momentum_down": 0.10131108453954758, "momentum_up": 0.40991542794137265, "mu_down": 0.13888003154554904, "mu_up": 0.00021294784206818228}, "datetime": {"datetime": "2024-06-01 16:42:10", "elapsed": 24.844592, "delta": 1.790305}}
{"target": -2001.4571811884243, "params": {"momentum_down": 0.04945392435662629, "momentum_up": 0.5305374418563564, "mu_down": 0.13275892904395778, "mu_up": 0.0002622956649085712}, "datetime": {"datetime": "2024-06-01 16:42:11", "elapsed": 26.612594, "delta": 1.768002}}
{"target": -2001.4635436701626, "params": {"momentum_down": 0.9351488084309052, "momentum_up": 0.580689490096973, "mu_down": 0.18068038305757672, "mu_up": 7.736260503165639e-05}, "datetime": {"datetime": "2024-06-01 16:42:13", "elapsed": 28.394055, "delta": 1.781461}}
{"target": -2006.08890327816, "params": {"momentum_down": 0.13788358377825097, "momentum_up": 0.7993173758224286, "mu_down": 0.07953536739710672, "mu_up": 9.102355658729706e-05}, "datetime": {"datetime": "2024-06-01 16:42:15", "elapsed": 30.177964, "delta": 1.783909}}
{"target": -2000.121778403883, "params": {"momentum_down": 0.9182334945920736, "momentum_up": 0.3442882011480515, "mu_down": 0.15016242062723112, "mu_up": 0.00036573901282172124}, "datetime": {"datetime": "2024-06-01 16:42:17", "elapsed": 31.972248, "delta": 1.794284}}
{"target": -2168.7777038644203, "params": {"momentum_down": 0.05908323069121823, "momentum_up": 0.8352338935258937, "mu_down": 0.0015439711968242122, "mu_up": 8.931185776422114e-05}, "datetime": {"datetime": "2024-06-01 16:42:19", "elapsed": 33.805121, "delta": 1.832873}}
{"target": -2000.5354732530805, "params": {"momentum_down": 0.9069589001463934, "momentum_up": 0.36354899928302215, "mu_down": 0.1380104047852679, "mu_up": 0.00040264772427666334}, "datetime": {"datetime": "2024-06-01 16:42:20", "elapsed": 35.614365, "delta": 1.809244}}
{"target": -2002.944366609887, "params": {"momentum_down": 0.31522869904386586, "momentum_up": 0.6564281711363338, "mu_down": 0.08967797126578343, "mu_up": 9.438055055748025e-05}, "datetime": {"datetime": "2024-06-01 16:42:22", "elapsed": 37.431258, "delta": 1.816893}}
{"target": -2005.0664691788136, "params": {"momentum_down": 0.2854371071201061, "momentum_up": 0.5610332394609163, "mu_down": 0.10169913009777301, "mu_up": 6.671651257284023e-05}, "datetime": {"datetime": "2024-06-01 16:42:24", "elapsed": 39.550308, "delta": 2.11905}}
{"target": -2000.2942645860853, "params": {"momentum_down": 0.9352824956802217, "momentum_up": 0.5871888284875639, "mu_down": 0.1788124146015809, "mu_up": 0.00013610034594712896}, "datetime": {"datetime": "2024-06-01 16:42:26", "elapsed": 41.442255, "delta": 1.891947}}
{"target": -2001.7131840100624, "params": {"momentum_down": 0.19737930970202253, "momentum_up": 0.6641881911532841, "mu_down": 0.12600776947440506, "mu_up": 9.983283077089251e-05}, "datetime": {"datetime": "2024-06-01 16:42:28", "elapsed": 43.577822, "delta": 2.135567}}
{"target": -2015.529634282044, "params": {"momentum_down": 0.16306777586135113, "momentum_up": 0.5156129596015951, "mu_down": 0.06985268396144988, "mu_up": 4.547569713885487e-05}, "datetime": {"datetime": "2024-06-01 16:42:31", "elapsed": 46.017419, "delta": 2.439597}}
{"target": -2001.6969488941202, "params": {"momentum_down": 0.3735054796454565, "momentum_up": 0.2977336779752298, "mu_down": 0.08304026458045255, "mu_up": 0.00041721461411101454}, "datetime": {"datetime": "2024-06-01 16:42:33", "elapsed": 47.86371, "delta": 1.846291}}
{"target": -2001.3930484913292, "params": {"momentum_down": 0.2872229261905744, "momentum_up": 0.4046300051573171, "mu_down": 0.1034752010809731, "mu_up": 0.00027921042949588374}, "datetime": {"datetime": "2024-06-01 16:42:35", "elapsed": 50.221954, "delta": 2.358244}}
{"target": -2002.4248432013976, "params": {"momentum_down": 0.2844696061958311, "momentum_up": 0.7909569378049244, "mu_down": 0.08471785196801424, "mu_up": 0.0002814992835020821}, "datetime": {"datetime": "2024-06-01 16:42:37", "elapsed": 52.095223, "delta": 1.873269}}
{"target": -2014.120225786217, "params": {"momentum_down": 0.29121747473762954, "momentum_up": 0.14947591936975227, "mu_down": 0.04506730755174067, "mu_up": 0.0001923451974982346}, "datetime": {"datetime": "2024-06-01 16:42:39", "elapsed": 53.991665, "delta": 1.896442}}
{"target": -2036.516726153739, "params": {"momentum_down": 0.3214833117298628, "momentum_up": 0.19374808835202978, "mu_down": 0.13201587298377168, "mu_up": 1e-05}, "datetime": {"datetime": "2024-06-01 16:42:42", "elapsed": 56.811129, "delta": 2.819464}}
{"target": -2300.0, "params": {"momentum_down": 0.865150688649818, "momentum_up": 0.7582079845888144, "mu_down": 0.07776796326341606, "mu_up": 0.0004387421652430241}, "datetime": {"datetime": "2024-06-01 16:42:42", "elapsed": 56.99558, "delta": 0.184451}}
{"target": -2018.2814964454908, "params": {"momentum_down": 0.2203273107817921, "momentum_up": 0.7880924761809437, "mu_down": 0.18661658092369274, "mu_up": 1e-05}, "datetime": {"datetime": "2024-06-01 16:42:45", "elapsed": 60.357912, "delta": 3.362332}}
{"target": -2300.0, "params": {"momentum_down": 0.7978173258470223, "momentum_up": 0.9366549847520004, "mu_down": 0.08208713454917715, "mu_up": 0.0004500841116506447}, "datetime": {"datetime": "2024-06-01 16:42:45", "elapsed": 60.475687, "delta": 0.117775}}
{"target": -2300.0194410353747, "params": {"momentum_down": 0.3959771738822953, "momentum_up": 0.41136541880052735, "mu_down": 0.0, "mu_up": 1e-05}, "datetime": {"datetime": "2024-06-01 16:42:48", "elapsed": 62.818461, "delta": 2.342774}}
{"target": -2000.1893937663303, "params": {"momentum_down": 0.23631481682019453, "momentum_up": 0.4648923534948091, "mu_down": 0.18847190043662557, "mu_up": 0.0002752054932641672}, "datetime": {"datetime": "2024-06-01 16:42:50", "elapsed": 65.120683, "delta": 2.302222}}
{"target": -2064.2362620857343, "params": {"momentum_down": 0.9387182763436606, "momentum_up": 0.7816741046984651, "mu_down": 0.11522129873711784, "mu_up": 0.00030286075939386974}, "datetime": {"datetime": "2024-06-01 16:42:52", "elapsed": 66.993933, "delta": 1.87325}}
{"target": -2001.1144862130368, "params": {"momentum_down": 0.20987882187893098, "momentum_up": 0.3626791321760832, "mu_down": 0.16863620941459123, "mu_up": 0.00017637081580537372}, "datetime": {"datetime": "2024-06-01 16:42:54", "elapsed": 69.253042, "delta": 2.259109}}
{"target": -2000.0604292934522, "params": {"momentum_down": 0.32539525117086104, "momentum_up": 0.3385170852341249, "mu_down": 0.18470259553267845, "mu_up": 0.0005}, "datetime": {"datetime": "2024-06-01 16:42:56", "elapsed": 71.41016, "delta": 2.157118}}
{"target": -2095.7404328491243, "params": {"momentum_down": 0.3418920302906971, "momentum_up": 0.050783139944782535, "mu_down": 0.005521127960123051, "mu_up": 0.00037617142201130477}, "datetime": {"datetime": "2024-06-01 16:42:58", "elapsed": 73.260386, "delta": 1.850226}}
{"target": -2000.0331248853772, "params": {"momentum_down": 0.2932787629236419, "momentum_up": 0.6368709661516911, "mu_down": 0.19786790513215277, "mu_up": 0.0005}, "datetime": {"datetime": "2024-06-01 16:43:01", "elapsed": 76.192811, "delta": 2.932425}}
{"target": -2001.9775689236208, "params": {"momentum_down": 0.16101206363222775, "momentum_up": 0.5682357341700661, "mu_down": 0.19441264584003615, "mu_up": 8.841733017580134e-05}, "datetime": {"datetime": "2024-06-01 16:43:04", "elapsed": 79.36571, "delta": 3.172899}}
{"target": -2000.0232477388006, "params": {"momentum_down": 0.3539790046594767, "momentum_up": 0.5160783049367241, "mu_down": 0.2, "mu_up": 0.0005}, "datetime": {"datetime": "2024-06-01 16:43:07", "elapsed": 81.911119, "delta": 2.545409}}
{"target": -2015.2846732153457, "params": {"momentum_down": 0.31122724904073773, "momentum_up": 0.5844690992125787, "mu_down": 0.03677334499792153, "mu_up": 0.00034714364604835333}, "datetime": {"datetime": "2024-06-01 16:43:08", "elapsed": 83.733456, "delta": 1.822337}}
{"target": -2008.0886494475178, "params": {"momentum_down": 0.977262915829752, "momentum_up": 0.8395299192647955, "mu_down": 0.2, "mu_up": 1e-05}, "datetime": {"datetime": "2024-06-01 16:43:11", "elapsed": 85.880116, "delta": 2.14666}}
{"target": -2000.1562300773928, "params": {"momentum_down": 0.2530379408019461, "momentum_up": 0.3100677379619884, "mu_down": 0.17212468723726837, "mu_up": 0.0004444401196451715}, "datetime": {"datetime": "2024-06-01 16:43:12", "elapsed": 87.711035, "delta": 1.830919}}
{"target": -2000.5030790583053, "params": {"momentum_down": 0.4767768010050123, "momentum_up": 0.24041628607733023, "mu_down": 0.15595142999564987, "mu_up": 0.0005}, "datetime": {"datetime": "2024-06-01 16:43:15", "elapsed": 89.954671, "delta": 2.243636}}
{"target": -2003.0325092149644, "params": {"momentum_down": 0.7679692411055381, "momentum_up": 0.44341114154766337, "mu_down": 0.1332415341541521, "mu_up": 8.453150676656135e-05}, "datetime": {"datetime": "2024-06-01 16:43:17", "elapsed": 91.777591, "delta": 1.82292}}
{"target": -2024.1015881670846, "params": {"momentum_down": 0.7944194263526373, "momentum_up": 0.32668050709431135, "mu_down": 0.19779761819501254, "mu_up": 1e-05}, "datetime": {"datetime": "2024-06-01 16:43:19", "elapsed": 93.963554, "delta": 2.185963}}
{"target": -2300.0, "params": {"momentum_down": 0.6166731354732659, "momentum_up": 0.26112891516432946, "mu_down": 0.1635876747688943, "mu_up": 0.0005}, "datetime": {"datetime": "2024-06-01 16:43:20", "elapsed": 94.889236, "delta": 0.925682}}
{"target": -2001.5261383986376, "params": {"momentum_down": 0.45703622108033143, "momentum_up": 0.14820174798834013, "mu_down": 0.10397335540148958, "mu_up": 0.0002173350870329338}, "datetime": {"datetime": "2024-06-01 16:43:23", "elapsed": 97.84794, "delta": 2.958704}}
{"target": -2004.928618144702, "params": {"momentum_down": 0.7118143316552588, "momentum_up": 0.784200613695581, "mu_down": 0.18820992928506658, "mu_up": 2.6065070863043334e-05}, "datetime": {"datetime": "2024-06-01 16:43:25", "elapsed": 99.77068, "delta": 1.92274}}
{"target": -2001.193177225673, "params": {"momentum_down": 0.570298661396325, "momentum_up": 0.14801567081945038, "mu_down": 0.11424238830390039, "mu_up": 0.0002071703331756475}, "datetime": {"datetime": "2024-06-01 16:43:27", "elapsed": 101.828607, "delta": 2.057927}}
{"target": -2003.332776140536, "params": {"momentum_down": 0.5550650962229202, "momentum_up": 0.38380593308260863, "mu_down": 0.08174583711793747, "mu_up": 0.00010458399368059549}, "datetime": {"datetime": "2024-06-01 16:43:28", "elapsed": 103.704095, "delta": 1.875488}}
{"target": -2032.3075414902246, "params": {"momentum_down": 0.3317226081749346, "momentum_up": 0.2057337095030188, "mu_down": 0.03211817367040457, "mu_up": 5.664932343143851e-05}, "datetime": {"datetime": "2024-06-01 16:43:30", "elapsed": 105.642453, "delta": 1.938358}}
{"target": -2018.3748604923173, "params": {"momentum_down": 0.5565901988842585, "momentum_up": 0.27062636380712635, "mu_down": 0.1808491349334019, "mu_up": 2.79569214016883e-05}, "datetime": {"datetime": "2024-06-01 16:43:33", "elapsed": 108.17268, "delta": 2.530227}}
{"target": -2000.4167285781448, "params": {"momentum_down": 0.7968388804999145, "momentum_up": 0.7852485779277919, "mu_down": 0.15527448662506946, "mu_up": 6.92569634593642e-05}, "datetime": {"datetime": "2024-06-01 16:43:35", "elapsed": 110.164273, "delta": 1.991593}}
{"target": -2300.0, "params": {"momentum_down": 0.9488922235772734, "momentum_up": 0.2831150012844608, "mu_down": 0.08552407918815003, "mu_up": 0.0004867188969641239}, "datetime": {"datetime": "2024-06-01 16:43:35", "elapsed": 110.264855, "delta": 0.100582}}
{"target": -2001.1791236619158, "params": {"momentum_down": 0.045286155316616755, "momentum_up": 0.23230119126784707, "mu_down": 0.18930945852464587, "mu_up": 0.0002170802695348834}, "datetime": {"datetime": "2024-06-01 16:43:37", "elapsed": 112.35298, "delta": 2.088125}}
{"target": -2084.5380157203936, "params": {"momentum_down": 0.0983448291669507, "momentum_up": 0.13295881237790239, "mu_down": 0.009627827242762588, "mu_up": 0.0002560630035544873}, "datetime": {"datetime": "2024-06-01 16:43:39", "elapsed": 114.279352, "delta": 1.926372}}
{"target": -2001.3500052305963, "params": {"momentum_down": 0.7482081476065383, "momentum_up": 0.6657021490682816, "mu_down": 0.06832148283111197, "mu_up": 7.65459374856698e-05}, "datetime": {"datetime": "2024-06-01 16:43:41", "elapsed": 116.536851, "delta": 2.257499}}
{"target": -2000.0352248647487, "params": {"momentum_down": 0.5652743193079498, "momentum_up": 0.7518932253404585, "mu_down": 0.14450934736397922, "mu_up": 0.0001839128779322494}, "datetime": {"datetime": "2024-06-01 16:43:43", "elapsed": 118.501756, "delta": 1.964905}}
{"target": -2300.0, "params": {"momentum_down": 0.9728344198184745, "momentum_up": 0.726076663171826, "mu_down": 0.17704816722079725, "mu_up": 0.0003982341763785027}, "datetime": {"datetime": "2024-06-01 16:43:43", "elapsed": 118.681649, "delta": 0.179893}}
{"target": -2028.6366026993712, "params": {"momentum_down": 0.49400517322694615, "momentum_up": 0.3208611319370817, "mu_down": 0.19378366923490492, "mu_up": 1e-05}, "datetime": {"datetime": "2024-06-01 16:43:46", "elapsed": 120.967287, "delta": 2.285638}}
{"target": -2030.8201393366062, "params": {"momentum_down": 0.36646972193037397, "momentum_up": 0.5965842292401715, "mu_down": 0.14933107650023966, "mu_up": 1e-05}, "datetime": {"datetime": "2024-06-01 16:43:49", "elapsed": 123.779561, "delta": 2.812274}}
{"target": -2022.1520019962932, "params": {"momentum_down": 0.882025357524632, "momentum_up": 0.4057003301995276, "mu_down": 0.2, "mu_up": 1e-05}, "datetime": {"datetime": "2024-06-01 16:43:51", "elapsed": 126.418674, "delta": 2.639113}}
{"target": -2005.239005125649, "params": {"momentum_down": 0.7093778266571782, "momentum_up": 0.4428153847093113, "mu_down": 0.03500665746647267, "mu_up": 0.00010202865282735731}, "datetime": {"datetime": "2024-06-01 16:43:54", "elapsed": 128.82264, "delta": 2.403966}}
{"target": -2000.6905636132662, "params": {"momentum_down": 0.28691137353774665, "momentum_up": 0.7242508009369125, "mu_down": 0.14638686584930513, "mu_up": 9.664211427706409e-05}, "datetime": {"datetime": "2024-06-01 16:43:56", "elapsed": 131.383244, "delta": 2.560604}}
{"target": -2000.2671712067245, "params": {"momentum_down": 0.10232102186268131, "momentum_up": 0.44205611261306765, "mu_down": 0.18019565180980654, "mu_up": 0.00038604613729306453}, "datetime": {"datetime": "2024-06-01 16:43:58", "elapsed": 133.317864, "delta": 1.93462}}
{"target": -2020.7412717744774, "params": {"momentum_down": 0.6706667335085922, "momentum_up": 0.6963729227087485, "mu_down": 0.13255607019598753, "mu_up": 1e-05}, "datetime": {"datetime": "2024-06-01 16:44:01", "elapsed": 135.793776, "delta": 2.475912}}
{"target": -2000.0310631618552, "params": {"momentum_down": 0.7572123798977926, "momentum_up": 0.5454236202619162, "mu_down": 0.08016750287491006, "mu_up": 0.00037466362947323825}, "datetime": {"datetime": "2024-06-01 16:44:03", "elapsed": 138.500469, "delta": 2.706693}}
{"target": -2004.7916957318855, "params": {"momentum_down": 0.8491997425049622, "momentum_up": 0.5283011411334171, "mu_down": 0.14336827069349667, "mu_up": 5.014390009321317e-05}, "datetime": {"datetime": "2024-06-01 16:44:06", "elapsed": 140.807822, "delta": 2.307353}}
{"target": -2025.2405341437152, "params": {"momentum_down": 0.6614757125105049, "momentum_up": 0.5009306039587489, "mu_down": 0.11296998987354832, "mu_up": 1e-05}, "datetime": {"datetime": "2024-06-01 16:44:08", "elapsed": 143.112913, "delta": 2.305091}}
{"target": -2000.1450127394523, "params": {"momentum_down": 0.11239025158279356, "momentum_up": 0.3152157118680085, "mu_down": 0.2, "mu_up": 0.0005}, "datetime": {"datetime": "2024-06-01 16:44:10", "elapsed": 145.595834, "delta": 2.482921}}
{"target": -2009.4661406086875, "params": {"momentum_down": 0.1714841427524696, "momentum_up": 0.0214021691008657, "mu_down": 0.06200340671880902, "mu_up": 0.000312649377567164}, "datetime": {"datetime": "2024-06-01 16:44:12", "elapsed": 147.418721, "delta": 1.822887}}
{"target": -2000.1736461286332, "params": {"momentum_down": 0.8286531677376889, "momentum_up": 0.4715359743359878, "mu_down": 0.049090913434626064, "mu_up": 0.0002753372682718748}, "datetime": {"datetime": "2024-06-01 16:44:15", "elapsed": 150.012308, "delta": 2.593587}}
{"target": -2000.8955025526034, "params": {"momentum_down": 0.6982361290792387, "momentum_up": 0.49913598599340553, "mu_down": 0.06873526293661143, "mu_up": 0.00014707416289365963}, "datetime": {"datetime": "2024-06-01 16:44:17", "elapsed": 151.857894, "delta": 1.845586}}
{"target": -2124.7874490895506, "params": {"momentum_down": 0.6866584259525387, "momentum_up": 0.6023814498202459, "mu_down": 0.001259872505699633, "mu_up": 0.00036988294868663764}, "datetime": {"datetime": "2024-06-01 16:44:20", "elapsed": 154.829684, "delta": 2.97179}}
{"target": -2066.406095344142, "params": {"momentum_down": 0.09368487884385657, "momentum_up": 0.5040033852577089, "mu_down": 0.012875997947496921, "mu_up": 0.00034231055949752716}, "datetime": {"datetime": "2024-06-01 16:44:22", "elapsed": 157.416977, "delta": 2.587293}}
{"target": -2015.0435174433612, "params": {"momentum_down": 0.6901060005289948, "momentum_up": 0.4770873940554069, "mu_down": 0.0215139624249312, "mu_up": 7.462647350004508e-05}, "datetime": {"datetime": "2024-06-01 16:44:25", "elapsed": 160.092569, "delta": 2.675592}}
{"target": -2005.3474264782906, "params": {"momentum_down": 0.9613077755004886, "momentum_up": 0.8840265462585708, "mu_down": 0.12116236653182441, "mu_up": 1e-05}, "datetime": {"datetime": "2024-06-01 16:44:28", "elapsed": 163.582786, "delta": 3.490217}}
