{"target": -2300.0, "params": {"momentum_down": 0.875375379551475, "momentum_up": 0.14200330349804596, "mu_down": 0.16336448929963313, "mu_up": 0.0006749125463044305}, "datetime": {"datetime": "2024-06-09 21:00:59", "elapsed": 520.817291, "delta": 1.444485}}
{"target": -221.24624633948332, "params": {"momentum_down": 0.9275679093600958, "momentum_up": 0.8690243192586626, "mu_down": 0.18840092028337146, "mu_up": 0.0004737771069028372}, "datetime": {"datetime": "2024-06-09 21:01:00", "elapsed": 522.226475, "delta": 1.409184}}
{"target": -1356.2962870150343, "params": {"momentum_down": 0.11121903830813044, "momentum_up": 0.645593096250805, "mu_down": 0.16066576736380409, "mu_up": 0.0008867285638967277}, "datetime": {"datetime": "2024-06-09 21:01:03", "elapsed": 524.811649, "delta": 2.585174}}
{"target": -2002.5143417706327, "params": {"momentum_down": 0.1344261589947838, "momentum_up": 0.5985493775548038, "mu_down": 0.06368264363446038, "mu_up": 0.0005707149369850747}, "datetime": {"datetime": "2024-06-09 21:01:05", "elapsed": 527.668717, "delta": 2.857068}}
{"target": -2300.0, "params": {"momentum_down": 0.7050487905496987, "momentum_up": 0.2834053090070516, "mu_down": 0.2338647539077212, "mu_up": 0.0007633788284336219}, "datetime": {"datetime": "2024-06-09 21:01:07", "elapsed": 528.882246, "delta": 1.213529}}
{"target": -2300.0, "params": {"momentum_down": 0.1141667035442599, "momentum_up": 0.40496866811869886, "mu_down": 0.08048653599175289, "mu_up": 0.0009020523950654637}, "datetime": {"datetime": "2024-06-09 21:01:08", "elapsed": 529.825959, "delta": 0.943713}}
{"target": -2300.0, "params": {"momentum_down": 0.8063322486281184, "momentum_up": 0.9544710104861533, "mu_down": 0.08774492812338443, "mu_up": 0.0009210957029939753}, "datetime": {"datetime": "2024-06-09 21:01:10", "elapsed": 532.54386, "delta": 2.717901}}
{"target": -924.2875833430365, "params": {"momentum_down": 0.018558009886647783, "momentum_up": 0.7859746746621002, "mu_down": 0.26026080459836415, "mu_up": 0.00036726553069122586}, "datetime": {"datetime": "2024-06-09 21:01:11", "elapsed": 533.682954, "delta": 1.139094}}
{"target": -2012.4973646229937, "params": {"momentum_down": 0.48044095252347385, "momentum_up": 0.6396444268528512, "mu_down": 0.10312361591679411, "mu_up": 2.2685410675331622e-05}, "datetime": {"datetime": "2024-06-09 21:01:15", "elapsed": 537.608476, "delta": 3.925522}}
{"target": -2000.4047898439337, "params": {"momentum_down": 0.4822082833778046, "momentum_up": 0.37770620885473466, "mu_down": 0.06121089225690458, "mu_up": 0.000380197955493656}, "datetime": {"datetime": "2024-06-09 21:01:18", "elapsed": 539.893287, "delta": 2.284811}}
{"target": -2300.0, "params": {"momentum_down": 0.30648070874359784, "momentum_up": 0.164135688363718, "mu_down": 0.18902929432533946, "mu_up": 0.0005635307814568793}, "datetime": {"datetime": "2024-06-09 21:01:18", "elapsed": 540.474835, "delta": 0.581548}}
{"target": -1185.2923158337203, "params": {"momentum_down": 0.3146074920344579, "momentum_up": 0.3451906708665969, "mu_down": 0.15700811859931524, "mu_up": 0.0005476199809739677}, "datetime": {"datetime": "2024-06-09 21:01:21", "elapsed": 543.695187, "delta": 3.220352}}
{"target": -1407.2845304871028, "params": {"momentum_down": 0.35374194547519644, "momentum_up": 0.16214177511661476, "mu_down": 0.18529744957357538, "mu_up": 0.0004922999783688108}, "datetime": {"datetime": "2024-06-09 21:01:26", "elapsed": 547.813898, "delta": 4.118711}}
{"target": -2300.0, "params": {"momentum_down": 0.8889033337602967, "momentum_up": 0.1752639226190368, "mu_down": 0.2412070583840061, "mu_up": 0.000503325502174962}, "datetime": {"datetime": "2024-06-09 21:01:27", "elapsed": 549.042888, "delta": 1.22899}}
{"target": -934.294962972233, "params": {"momentum_down": 0.9206437899247423, "momentum_up": 0.4996820833361471, "mu_down": 0.14901452721223363, "mu_up": 0.0003566458206072552}, "datetime": {"datetime": "2024-06-09 21:01:29", "elapsed": 550.99421, "delta": 1.951322}}
{"target": -1025.2972106215316, "params": {"momentum_down": 0.10171412080605002, "momentum_up": 0.785024607135388, "mu_down": 0.20874665520100935, "mu_up": 0.0007424158447490202}, "datetime": {"datetime": "2024-06-09 21:01:31", "elapsed": 553.274557, "delta": 2.280347}}
