{"target": -2000.0, "params": {"momentum_down": 0.9890367022751761, "momentum_up": 0.5789526974066792, "mu_down": 0.19751743265619948, "mu_up": 0.0005313055256114476}, "datetime": {"datetime": "2023-11-30 16:10:58", "elapsed": 376.883917, "delta": 0.72522}}
{"target": -2000.0, "params": {"momentum_down": 0.9830841013130441, "momentum_up": 0.2637990636490366, "mu_down": 0.15440781004996865, "mu_up": 0.00032801510238116634}, "datetime": {"datetime": "2023-11-30 16:11:01", "elapsed": 380.226024, "delta": 3.342107}}
{"target": -1519.0, "params": {"momentum_down": 0.5642138830045327, "momentum_up": 0.03448238937728576, "mu_down": 0.23385153125742106, "mu_up": 0.0003242042097889244}, "datetime": {"datetime": "2023-11-30 16:11:11", "elapsed": 390.161435, "delta": 9.935411}}
{"target": -2000.0, "params": {"momentum_down": 0.12676276627582814, "momentum_up": 0.15019498332238299, "mu_down": 0.21433625699735753, "mu_up": 0.00011434136665628046}, "datetime": {"datetime": "2023-11-30 16:11:21", "elapsed": 400.003551, "delta": 9.842116}}
{"target": -189.0, "params": {"momentum_down": 0.7864553121591074, "momentum_up": 0.9497695160410866, "mu_down": 0.17833733404559513, "mu_up": 0.00034687134378489487}, "datetime": {"datetime": "2023-11-30 16:11:23", "elapsed": 401.702147, "delta": 1.698596}}
{"target": -657.0, "params": {"momentum_down": 0.4321320279402171, "momentum_up": 0.6833912972805196, "mu_down": 0.23930259363250844, "mu_up": 0.0002662483942064486}, "datetime": {"datetime": "2023-11-30 16:11:27", "elapsed": 405.534902, "delta": 3.832755}}
{"target": -300.0, "params": {"momentum_down": 0.7290415317624257, "momentum_up": 0.9713225542882926, "mu_down": 0.16867573503240327, "mu_up": 0.0003867468436178174}, "datetime": {"datetime": "2023-11-30 16:11:29", "elapsed": 407.625412, "delta": 2.09051}}
{"target": -561.0, "params": {"momentum_down": 0.4811816204545786, "momentum_up": 0.6773329494575131, "mu_down": 0.21549915206885412, "mu_up": 0.00034742257916826305}, "datetime": {"datetime": "2023-11-30 16:11:32", "elapsed": 411.080128, "delta": 3.454716}}
{"target": -201.0, "params": {"momentum_down": 0.7813846779336684, "momentum_up": 0.9608899107166395, "mu_down": 0.17788202199957087, "mu_up": 0.0003224264114579773}, "datetime": {"datetime": "2023-11-30 16:11:34", "elapsed": 412.867628, "delta": 1.7875}}
{"target": -2000.0, "params": {"momentum_down": 0.06845819825635291, "momentum_up": 0.9657149044520744, "mu_down": 0.2437341505676875, "mu_up": 0.00016668896578585075}, "datetime": {"datetime": "2023-11-30 16:11:44", "elapsed": 422.712864, "delta": 9.845236}}
{"target": -584.0, "params": {"momentum_down": 0.3766036128459799, "momentum_up": 0.8363188151690233, "mu_down": 0.1894211461596403, "mu_up": 0.00027679513650652617}, "datetime": {"datetime": "2023-11-30 16:11:48", "elapsed": 426.987804, "delta": 4.27494}}
{"target": -185.0, "params": {"momentum_down": 0.7827122399757952, "momentum_up": 0.9464258631432423, "mu_down": 0.20295297057724535, "mu_up": 0.0005271654066603856}, "datetime": {"datetime": "2023-11-30 16:11:50", "elapsed": 428.366903, "delta": 1.379099}}
{"target": -170.0, "params": {"momentum_down": 0.7801047831778573, "momentum_up": 0.948202801876049, "mu_down": 0.2085021513519346, "mu_up": 0.0003947653277979329}, "datetime": {"datetime": "2023-11-30 16:11:51", "elapsed": 429.712687, "delta": 1.345784}}
{"target": -281.0, "params": {"momentum_down": 0.7316331228992755, "momentum_up": 0.9780674032154706, "mu_down": 0.164226741019617, "mu_up": 0.00011612451724808592}, "datetime": {"datetime": "2023-11-30 16:11:53", "elapsed": 431.989305, "delta": 2.276618}}
{"target": -621.0, "params": {"momentum_down": 0.3732958147051914, "momentum_up": 0.8348766857862117, "mu_down": 0.18630774225592422, "mu_up": 0.0005629294401573915}, "datetime": {"datetime": "2023-11-30 16:11:57", "elapsed": 436.064839, "delta": 4.075534}}
{"target": -200.0, "params": {"momentum_down": 0.791249962929009, "momentum_up": 0.9633954183628545, "mu_down": 0.19691538870872435, "mu_up": 0.0005754585389375771}, "datetime": {"datetime": "2023-11-30 16:11:59", "elapsed": 437.721534, "delta": 1.656695}}
{"target": -2000.0, "params": {"momentum_down": 0.9217342556616663, "momentum_up": 0.9047302291710406, "mu_down": 0.2245827998866835, "mu_up": 7.276554919314643e-05}, "datetime": {"datetime": "2023-11-30 16:12:09", "elapsed": 447.926938, "delta": 10.205404}}
{"target": -291.0, "params": {"momentum_down": 0.7887235125227764, "momentum_up": 0.9584123013969252, "mu_down": 0.18236730693085498, "mu_up": 7.242282858252568e-05}, "datetime": {"datetime": "2023-11-30 16:12:11", "elapsed": 450.29353, "delta": 2.366592}}
{"target": -2000.0, "params": {"momentum_down": 0.9456437719702525, "momentum_up": 0.6270390231079728, "mu_down": 0.1958229009040219, "mu_up": 0.0004892162927678032}, "datetime": {"datetime": "2023-11-30 16:12:12", "elapsed": 451.123778, "delta": 0.830248}}
{"target": -571.0, "params": {"momentum_down": 0.37380785336482264, "momentum_up": 0.8898047473412523, "mu_down": 0.18928053267626938, "mu_up": 0.0004497191312813636}, "datetime": {"datetime": "2023-11-30 16:12:16", "elapsed": 454.500172, "delta": 3.376394}}
{"target": -363.0, "params": {"momentum_down": 0.7335707550201728, "momentum_up": 0.9730525602561648, "mu_down": 0.17008718651956065, "mu_up": 4.3500981163685164e-05}, "datetime": {"datetime": "2023-11-30 16:12:18", "elapsed": 456.910338, "delta": 2.410166}}
{"target": -291.0, "params": {"momentum_down": 0.7757492888174712, "momentum_up": 0.897106150368872, "mu_down": 0.20240312457087978, "mu_up": 0.0001688788378695395}, "datetime": {"datetime": "2023-11-30 16:12:20", "elapsed": 459.043079, "delta": 2.132741}}
{"target": -1548.0, "params": {"momentum_down": 0.10904455440445071, "momentum_up": 0.48229146089025454, "mu_down": 0.24074634666122277, "mu_up": 0.00017339655223566985}, "datetime": {"datetime": "2023-11-30 16:12:28", "elapsed": 467.210278, "delta": 8.167199}}
{"target": -188.0, "params": {"momentum_down": 0.79121026203075, "momentum_up": 0.95964052352877, "mu_down": 0.18190367177754396, "mu_up": 0.00032480131714181774}, "datetime": {"datetime": "2023-11-30 16:12:31", "elapsed": 469.454808, "delta": 2.24453}}
{"target": -2000.0, "params": {"momentum_down": 0.6979605884927366, "momentum_up": 0.4842348481650924, "mu_down": 0.1992736893921959, "mu_up": 0.00011871501742819043}, "datetime": {"datetime": "2023-11-30 16:12:41", "elapsed": 479.472907, "delta": 10.018099}}
{"target": -474.0, "params": {"momentum_down": 0.4312880318506747, "momentum_up": 0.6850735712098275, "mu_down": 0.23645413274293486, "mu_up": 0.0005109158023751132}, "datetime": {"datetime": "2023-11-30 16:12:44", "elapsed": 482.601576, "delta": 3.128669}}
{"target": -290.0, "params": {"momentum_down": 0.9163309502587031, "momentum_up": 0.7132920055781659, "mu_down": 0.16650789946829478, "mu_up": 0.0003976147662397744}, "datetime": {"datetime": "2023-11-30 16:12:46", "elapsed": 484.599541, "delta": 1.997965}}
{"target": -753.0, "params": {"momentum_down": 0.4889125624011044, "momentum_up": 0.5046890350439772, "mu_down": 0.16907553736637407, "mu_up": 0.0004007458708272151}, "datetime": {"datetime": "2023-11-30 16:12:50", "elapsed": 488.423177, "delta": 3.823636}}
{"target": -187.0, "params": {"momentum_down": 0.7859524598938921, "momentum_up": 0.9604739228179343, "mu_down": 0.19917880851788558, "mu_up": 0.0005359310484137149}, "datetime": {"datetime": "2023-11-30 16:12:52", "elapsed": 490.392177, "delta": 1.969}}
{"target": -230.0, "params": {"momentum_down": 0.7966494031614367, "momentum_up": 0.9636326538204607, "mu_down": 0.19227462360455844, "mu_up": 8.105791802916253e-05}, "datetime": {"datetime": "2023-11-30 16:12:53", "elapsed": 492.238238, "delta": 1.846061}}
{"target": -2000.0, "params": {"momentum_down": 0.23640685190842067, "momentum_up": 0.3030797359250656, "mu_down": 0.197957515430936, "mu_up": 7.721809153862927e-05}, "datetime": {"datetime": "2023-11-30 16:13:04", "elapsed": 502.501969, "delta": 10.263731}}
{"target": -2000.0, "params": {"momentum_down": 0.351449017360622, "momentum_up": 0.10500249759712395, "mu_down": 0.1857160904084205, "mu_up": 0.0005513974122148009}, "datetime": {"datetime": "2023-11-30 16:13:06", "elapsed": 504.593726, "delta": 2.091757}}
{"target": -582.0, "params": {"momentum_down": 0.4777600274749746, "momentum_up": 0.6885193621350747, "mu_down": 0.21329072156825968, "mu_up": 0.00031113006905497366}, "datetime": {"datetime": "2023-11-30 16:13:10", "elapsed": 509.19018, "delta": 4.596454}}
{"target": -2000.0, "params": {"momentum_down": 0.15610903069902357, "momentum_up": 0.4554496559096366, "mu_down": 0.19437404698652727, "mu_up": 3.3492873140245026e-05}, "datetime": {"datetime": "2023-11-30 16:13:21", "elapsed": 519.344437, "delta": 10.154257}}
{"target": -455.0, "params": {"momentum_down": 0.6370197065284785, "momentum_up": 0.7910620686680279, "mu_down": 0.17889964357878818, "mu_up": 0.0002604358157180629}, "datetime": {"datetime": "2023-11-30 16:13:23", "elapsed": 522.105865, "delta": 2.761428}}
{"target": -475.0, "params": {"momentum_down": 0.43347971248304223, "momentum_up": 0.6825004961222488, "mu_down": 0.2436923291344144, "mu_up": 0.0004794615528481816}, "datetime": {"datetime": "2023-11-30 16:13:28", "elapsed": 526.412054, "delta": 4.306189}}
{"target": -276.0, "params": {"momentum_down": 0.7908746306248368, "momentum_up": 0.9495650450795406, "mu_down": 0.2035753009738734, "mu_up": 9.348534227595997e-05}, "datetime": {"datetime": "2023-11-30 16:13:30", "elapsed": 528.617654, "delta": 2.2056}}
{"target": -294.0, "params": {"momentum_down": 0.6406794006751523, "momentum_up": 0.8621361605366127, "mu_down": 0.20516643871445803, "mu_up": 0.00047421843084855696}, "datetime": {"datetime": "2023-11-30 16:13:32", "elapsed": 530.865702, "delta": 2.248048}}
{"target": -206.0, "params": {"momentum_down": 0.7842465088862934, "momentum_up": 0.9496375626979062, "mu_down": 0.17422152000036842, "mu_up": 0.00015309853995249122}, "datetime": {"datetime": "2023-11-30 16:13:35", "elapsed": 533.742682, "delta": 2.87698}}
{"target": -611.0, "params": {"momentum_down": 0.2994512198384275, "momentum_up": 0.6255425024672894, "mu_down": 0.23971964404485743, "mu_up": 0.00042600595992795676}, "datetime": {"datetime": "2023-11-30 16:13:39", "elapsed": 538.153918, "delta": 4.411236}}
{"target": -2000.0, "params": {"momentum_down": 0.09450326536963526, "momentum_up": 0.09498598852465925, "mu_down": 0.18138845192459574, "mu_up": 0.0005526227583230337}, "datetime": {"datetime": "2023-11-30 16:13:49", "elapsed": 547.658535, "delta": 9.504617}}
{"target": -102.0, "params": {"momentum_down": 0.8752544714813856, "momentum_up": 0.9137739911557756, "mu_down": 0.20292236819082635, "mu_up": 0.000544388927627839}, "datetime": {"datetime": "2023-11-30 16:13:50", "elapsed": 548.414913, "delta": 0.756378}}
{"target": -374.0, "params": {"momentum_down": 0.5671989676674347, "momentum_up": 0.8770087406124233, "mu_down": 0.1951672489258043, "mu_up": 0.00027804263516137244}, "datetime": {"datetime": "2023-11-30 16:13:52", "elapsed": 550.87625, "delta": 2.461337}}
{"target": -172.0, "params": {"momentum_down": 0.8075794048077642, "momentum_up": 0.9596385531597373, "mu_down": 0.19208577757217504, "mu_up": 0.0004002252201619738}, "datetime": {"datetime": "2023-11-30 16:13:54", "elapsed": 552.639311, "delta": 1.763061}}
{"target": -1165.0, "params": {"momentum_down": 0.7638675478412383, "momentum_up": 0.5091411474321392, "mu_down": 0.20785384055748438, "mu_up": 0.00021948916092788466}, "datetime": {"datetime": "2023-11-30 16:14:00", "elapsed": 559.058803, "delta": 6.419492}}
{"target": -2000.0, "params": {"momentum_down": 0.15867069467403278, "momentum_up": 0.0808728957509215, "mu_down": 0.24327242133940175, "mu_up": 0.00021601958129274703}, "datetime": {"datetime": "2023-11-30 16:14:11", "elapsed": 569.543205, "delta": 10.484402}}
{"target": -1197.0, "params": {"momentum_down": 0.07189018810949226, "momentum_up": 0.22359606071844665, "mu_down": 0.24381780290682156, "mu_up": 0.000356302844274909}, "datetime": {"datetime": "2023-11-30 16:14:17", "elapsed": 575.825713, "delta": 6.282508}}
