{"target": -2020.736816474804, "params": {"momentum_down": 0.26001926967240124, "momentum_up": 0.7924526638331422, "mu_down": 0.03738869431491918, "mu_up": 7.398739181974619e-05}, "datetime": {"datetime": "2024-06-01 17:02:38", "elapsed": 1253.314956, "delta": 6.59736}}
{"target": -2017.631014375438, "params": {"momentum_down": 0.27028292095486695, "momentum_up": 0.721655835024571, "mu_down": 0.13918450683650893, "mu_up": 1.334697630817922e-05}, "datetime": {"datetime": "2024-06-01 17:02:46", "elapsed": 1261.211358, "delta": 7.896402}}
{"target": -2000.2874914514578, "params": {"momentum_down": 0.2130223980279292, "momentum_up": 0.6213206997115066, "mu_down": 0.1553040115862209, "mu_up": 0.0002679952843625179}, "datetime": {"datetime": "2024-06-01 17:02:57", "elapsed": 1272.211216, "delta": 10.999858}}
{"target": -2000.5532382482536, "params": {"momentum_down": 0.8706672273330076, "momentum_up": 0.5511120511895427, "mu_down": 0.18437364288611754, "mu_up": 0.00012605412051036372}, "datetime": {"datetime": "2024-06-01 17:03:07", "elapsed": 1282.460289, "delta": 10.249073}}
{"target": -2000.1667386064705, "params": {"momentum_down": 0.8514207863400254, "momentum_up": 0.30408540418556457, "mu_down": 0.16213493807411022, "mu_up": 0.0002867226372529529}, "datetime": {"datetime": "2024-06-01 17:03:14", "elapsed": 1289.402944, "delta": 6.942655}}
{"target": -2000.8617046182596, "params": {"momentum_down": 0.06557059389376843, "momentum_up": 0.246655373318297, "mu_down": 0.1460433906973419, "mu_up": 0.0005}, "datetime": {"datetime": "2024-06-01 17:03:28", "elapsed": 1303.07882, "delta": 13.675876}}
{"target": -2000.4273043354442, "params": {"momentum_down": 0.10092384359396947, "momentum_up": 0.6891360350067907, "mu_down": 0.17818940522489518, "mu_up": 0.0001510817413622595}, "datetime": {"datetime": "2024-06-01 17:03:39", "elapsed": 1313.957798, "delta": 10.878978}}
{"target": -2000.212948188438, "params": {"momentum_down": 0.11014950958832312, "momentum_up": 0.7364767185722544, "mu_down": 0.18260878563404992, "mu_up": 0.0003992815455766075}, "datetime": {"datetime": "2024-06-01 17:03:53", "elapsed": 1328.241901, "delta": 14.284103}}
{"target": -2000.0938530739352, "params": {"momentum_down": 0.817309669359836, "momentum_up": 0.31513081133618887, "mu_down": 0.10139703952610449, "mu_up": 0.0003561116664331997}, "datetime": {"datetime": "2024-06-01 17:04:05", "elapsed": 1340.520144, "delta": 12.278243}}
{"target": -2300.0, "params": {"momentum_down": 0.9275679093600958, "momentum_up": 0.8690243192586626, "mu_down": 0.12560061352224766, "mu_up": 0.00023954624483069718}, "datetime": {"datetime": "2024-06-01 17:04:11", "elapsed": 1345.984014, "delta": 5.46387}}
{"target": -2300.0, "params": {"momentum_down": 0.9789642321313479, "momentum_up": 0.9128959922387013, "mu_down": 0.12912497262693126, "mu_up": 0.0001265311005061501}, "datetime": {"datetime": "2024-06-01 17:04:22", "elapsed": 1357.221376, "delta": 11.237362}}
{"target": -2001.6290060515105, "params": {"momentum_down": 0.8708926498423403, "momentum_up": 0.5507423513573054, "mu_down": 0.1818768164418084, "mu_up": 8.350618899816549e-05}, "datetime": {"datetime": "2024-06-01 17:04:30", "elapsed": 1364.775799, "delta": 7.554423}}
{"target": -2000.3120085781832, "params": {"momentum_down": 0.6859753928973694, "momentum_up": 0.40362239965395963, "mu_down": 0.06087447168198387, "mu_up": 0.00042011096274335597}, "datetime": {"datetime": "2024-06-01 17:04:41", "elapsed": 1376.732236, "delta": 11.956437}}
{"target": -2012.318782300812, "params": {"momentum_down": 0.1141667035442599, "momentum_up": 0.40496866811869886, "mu_down": 0.05365769066116859, "mu_up": 0.0004515208824061386}, "datetime": {"datetime": "2024-06-01 17:04:49", "elapsed": 1384.637529, "delta": 7.905293}}
{"target": -2020.5691546312592, "params": {"momentum_down": 0.921240523582781, "momentum_up": 0.5161350502241098, "mu_down": 0.1124516226615225, "mu_up": 1e-05}, "datetime": {"datetime": "2024-06-01 17:05:02", "elapsed": 1397.099375, "delta": 12.461846}}
{"target": -2000.2212203305492, "params": {"momentum_down": 0.3049272249749131, "momentum_up": 0.4126520584453372, "mu_down": 0.14445487128357876, "mu_up": 0.00041620189536961064}, "datetime": {"datetime": "2024-06-01 17:05:15", "elapsed": 1410.710481, "delta": 13.611106}}
{"target": -2018.676084315897, "params": {"momentum_down": 0.48044095252347385, "momentum_up": 0.6396444268528512, "mu_down": 0.06874907727786275, "mu_up": 1.6278637606982317e-05}, "datetime": {"datetime": "2024-06-01 17:05:26", "elapsed": 1421.299626, "delta": 10.589145}}
{"target": -2000.0697014942657, "params": {"momentum_down": 0.2504951005538455, "momentum_up": 0.609515663616417, "mu_down": 0.18958464344020073, "mu_up": 0.00032969636186822314}, "datetime": {"datetime": "2024-06-01 17:05:40", "elapsed": 1435.071139, "delta": 13.771513}}
{"target": -2000.9732408410405, "params": {"momentum_down": 0.30648070874359784, "momentum_up": 0.164135688363718, "mu_down": 0.1260195295502263, "mu_up": 0.00028396978072108166}, "datetime": {"datetime": "2024-06-01 17:05:48", "elapsed": 1443.23068, "delta": 8.159541}}
{"target": -2000.360305013925, "params": {"momentum_down": 0.10076055992216222, "momentum_up": 0.2766853464105013, "mu_down": 0.17000852848957074, "mu_up": 0.0005}, "datetime": {"datetime": "2024-06-01 17:05:59", "elapsed": 1454.322295, "delta": 11.091615}}
{"target": -2001.135002348459, "params": {"momentum_down": 0.35374194547519644, "momentum_up": 0.16214177511661476, "mu_down": 0.12353163304905027, "mu_up": 0.0002487141307077953}, "datetime": {"datetime": "2024-06-01 17:06:09", "elapsed": 1464.024745, "delta": 9.70245}}
{"target": -2000.64326176418, "params": {"momentum_down": 0.8889033337602967, "momentum_up": 0.1752639226190368, "mu_down": 0.16080470558933743, "mu_up": 0.00025417120814720344}, "datetime": {"datetime": "2024-06-01 17:06:17", "elapsed": 1472.231584, "delta": 8.206839}}
{"target": -2000.2401644093798, "params": {"momentum_down": 0.9206437899247423, "momentum_up": 0.4996820833361471, "mu_down": 0.0993430181414891, "mu_up": 0.00018157217383591419}, "datetime": {"datetime": "2024-06-01 17:06:24", "elapsed": 1479.193368, "delta": 6.961784}}
{"target": -2000.250623262999, "params": {"momentum_down": 0.22992176788171861, "momentum_up": 0.5760256167382274, "mu_down": 0.15851716142295602, "mu_up": 0.0002774494766374877}, "datetime": {"datetime": "2024-06-01 17:06:38", "elapsed": 1493.609762, "delta": 14.416394}}
{"target": -2000.5068300568362, "params": {"momentum_down": 0.5277655472698045, "momentum_up": 0.3499882844933034, "mu_down": 0.09335756220591225, "mu_up": 0.00028425739782830226}, "datetime": {"datetime": "2024-06-01 17:06:42", "elapsed": 1497.746549, "delta": 4.136787}}
{"target": -2300.0, "params": {"momentum_down": 0.25431640636816355, "momentum_up": 0.9306377321735816, "mu_down": 0.04564242248349302, "mu_up": 0.00018633962053342065}, "datetime": {"datetime": "2024-06-01 17:06:47", "elapsed": 1502.307242, "delta": 4.560693}}
{"target": -2000.2772096705178, "params": {"momentum_down": 0.8326839235832166, "momentum_up": 0.5130847349482396, "mu_down": 0.0740405667030186, "mu_up": 0.00018096392025572093}, "datetime": {"datetime": "2024-06-01 17:06:55", "elapsed": 1510.370587, "delta": 8.063345}}
{"target": -2000.3257482448032, "params": {"momentum_down": 0.2702243383441943, "momentum_up": 0.7234405142615106, "mu_down": 0.13927492971376623, "mu_up": 0.00026854500605371555}, "datetime": {"datetime": "2024-06-01 17:07:01", "elapsed": 1516.34724, "delta": 5.976653}}
{"target": -2000.1638911061484, "params": {"momentum_down": 0.26533034530458455, "momentum_up": 0.7476062774129048, "mu_down": 0.15756122318278512, "mu_up": 0.0003216897276615814}, "datetime": {"datetime": "2024-06-01 17:07:12", "elapsed": 1527.313031, "delta": 10.965791}}
{"target": -2000.632588053904, "params": {"momentum_down": 0.27775224315597496, "momentum_up": 0.7497860826201485, "mu_down": 0.1211495853297771, "mu_up": 0.00023598737487068116}, "datetime": {"datetime": "2024-06-01 17:07:27", "elapsed": 1541.907596, "delta": 14.594565}}
{"target": -2003.2772550888114, "params": {"momentum_down": 0.20251613939815408, "momentum_up": 0.13246058461107893, "mu_down": 0.11835469946400534, "mu_up": 0.00017630258834529152}, "datetime": {"datetime": "2024-06-01 17:07:38", "elapsed": 1553.020968, "delta": 11.113372}}
{"target": -2000.6445056117127, "params": {"momentum_down": 0.2529064253541156, "momentum_up": 0.7410282486764985, "mu_down": 0.13521998280419664, "mu_up": 0.00011855687639084223}, "datetime": {"datetime": "2024-06-01 17:07:50", "elapsed": 1565.653583, "delta": 12.632615}}
{"target": -2000.4045589232842, "params": {"momentum_down": 0.37223105300887016, "momentum_up": 0.8455619265777088, "mu_down": 0.11391153919757682, "mu_up": 0.00017779081728567706}, "datetime": {"datetime": "2024-06-01 17:08:00", "elapsed": 1575.354575, "delta": 9.700992}}
{"target": -2004.534413419525, "params": {"momentum_down": 0.7845708294899023, "momentum_up": 0.23395916410520115, "mu_down": 0.03161782033652723, "mu_up": 0.00012464993444762614}, "datetime": {"datetime": "2024-06-01 17:08:06", "elapsed": 1581.003721, "delta": 5.649146}}
{"target": -2013.5774461700137, "params": {"momentum_down": 0.4807882861715299, "momentum_up": 0.45800450637892004, "mu_down": 0.029901605494843133, "mu_up": 0.00036759555451970253}, "datetime": {"datetime": "2024-06-01 17:08:13", "elapsed": 1588.724977, "delta": 7.721256}}
{"target": -2000.0881221253217, "params": {"momentum_down": 0.20283596902461434, "momentum_up": 0.594930716422837, "mu_down": 0.1894811152925617, "mu_up": 0.0005}, "datetime": {"datetime": "2024-06-01 17:08:20", "elapsed": 1595.732225, "delta": 7.007248}}
{"target": -2000.1896819445344, "params": {"momentum_down": 0.2342902067750317, "momentum_up": 0.4151026437596903, "mu_down": 0.16291531562717154, "mu_up": 0.00043256090180500683}, "datetime": {"datetime": "2024-06-01 17:08:28", "elapsed": 1602.988876, "delta": 7.256651}}
{"target": -2036.5488899445306, "params": {"momentum_down": 0.10418024260203695, "momentum_up": 0.049021919817496755, "mu_down": 0.16562739568879742, "mu_up": 2.0106274884990055e-05}, "datetime": {"datetime": "2024-06-01 17:08:34", "elapsed": 1609.317046, "delta": 6.32817}}
{"target": -2000.2106121764048, "params": {"momentum_down": 0.28216538983754125, "momentum_up": 0.35014672883516995, "mu_down": 0.15933403310596636, "mu_up": 0.00038111558321774066}, "datetime": {"datetime": "2024-06-01 17:08:44", "elapsed": 1618.837652, "delta": 9.520606}}
{"target": -2000.4226187623738, "params": {"momentum_down": 0.12687559627140985, "momentum_up": 0.3102750689366343, "mu_down": 0.15870219229991864, "mu_up": 0.0005}, "datetime": {"datetime": "2024-06-01 17:08:49", "elapsed": 1624.335335, "delta": 5.497683}}
{"target": -2000.021534389169, "params": {"momentum_down": 0.8535561320484018, "momentum_up": 0.575461643279377, "mu_down": 0.19818851642656066, "mu_up": 0.0003531222851535484}, "datetime": {"datetime": "2024-06-01 17:08:52", "elapsed": 1627.692711, "delta": 3.357376}}
{"target": -2000.0128194533613, "params": {"momentum_down": 0.5968004602662704, "momentum_up": 0.648438061800897, "mu_down": 0.14264630439857465, "mu_up": 0.0004326429095126539}, "datetime": {"datetime": "2024-06-01 17:09:03", "elapsed": 1638.748499, "delta": 11.055788}}
{"target": -2009.5863226437145, "params": {"momentum_down": 0.15558375735294486, "momentum_up": 0.605010711336827, "mu_down": 0.15552315009269446, "mu_up": 3.0447833221671497e-05}, "datetime": {"datetime": "2024-06-01 17:09:15", "elapsed": 1650.619032, "delta": 11.870533}}
{"target": -2002.48457273789, "params": {"momentum_down": 0.12931587506533052, "momentum_up": 0.4538597092946133, "mu_down": 0.13981131469309263, "mu_up": 0.00012286155475541976}, "datetime": {"datetime": "2024-06-01 17:09:23", "elapsed": 1657.974457, "delta": 7.355425}}
{"target": -2000.2138318989207, "params": {"momentum_down": 0.5130796785637683, "momentum_up": 0.154644559492135, "mu_down": 0.11790398004590323, "mu_up": 0.0005}, "datetime": {"datetime": "2024-06-01 17:09:29", "elapsed": 1663.819352, "delta": 5.844895}}
{"target": -2004.418269717889, "params": {"momentum_down": 0.1646908281754876, "momentum_up": 0.6593403797235503, "mu_down": 0.1600579984280086, "mu_up": 4.725541413901812e-05}, "datetime": {"datetime": "2024-06-01 17:09:36", "elapsed": 1671.465915, "delta": 7.646563}}
{"target": -2000.0288771619755, "params": {"momentum_down": 0.5066560180216435, "momentum_up": 0.7697038218454547, "mu_down": 0.13885136268627526, "mu_up": 0.00035448137843854897}, "datetime": {"datetime": "2024-06-01 17:09:50", "elapsed": 1684.995639, "delta": 13.529724}}
{"target": -2227.2749409762837, "params": {"momentum_down": 0.23476050047726033, "momentum_up": 0.5490528245483842, "mu_down": 0.0001658889431500832, "mu_up": 9.621132669936394e-05}, "datetime": {"datetime": "2024-06-01 17:09:59", "elapsed": 1694.017045, "delta": 9.021406}}
{"target": -2000.3900032875583, "params": {"momentum_down": 0.3082604207246831, "momentum_up": 0.4572809335589677, "mu_down": 0.12960838735077682, "mu_up": 0.0003517182441587578}, "datetime": {"datetime": "2024-06-01 17:10:10", "elapsed": 1705.347703, "delta": 11.330658}}
{"target": -2000.3963295089811, "params": {"momentum_down": 0.45633555812342136, "momentum_up": 0.16084506223162734, "mu_down": 0.13011639004394737, "mu_up": 0.0003294970219548308}, "datetime": {"datetime": "2024-06-01 17:10:18", "elapsed": 1712.960628, "delta": 7.612925}}
{"target": -2000.0356495175536, "params": {"momentum_down": 0.46824852958998286, "momentum_up": 0.8190945017801772, "mu_down": 0.14531787595658915, "mu_up": 0.00041071332665890424}, "datetime": {"datetime": "2024-06-01 17:10:30", "elapsed": 1725.386134, "delta": 12.425506}}
{"target": -2000.3950024748754, "params": {"momentum_down": 0.2590530629778735, "momentum_up": 0.3932707968255899, "mu_down": 0.14022584644135924, "mu_up": 0.00036855484729344493}, "datetime": {"datetime": "2024-06-01 17:10:37", "elapsed": 1732.024526, "delta": 6.638392}}
{"target": -2005.0796481674752, "params": {"momentum_down": 0.5744709378830928, "momentum_up": 0.6083759249306634, "mu_down": 0.04158501692971606, "mu_up": 0.00014756658134353455}, "datetime": {"datetime": "2024-06-01 17:10:40", "elapsed": 1735.290219, "delta": 3.265693}}
{"target": -2000.2977472083235, "params": {"momentum_down": 0.34580034446672875, "momentum_up": 0.4841186238555763, "mu_down": 0.16839941841889444, "mu_up": 0.00021519327821015353}, "datetime": {"datetime": "2024-06-01 17:10:47", "elapsed": 1742.436376, "delta": 7.146157}}
{"target": -2000.1699311694208, "params": {"momentum_down": 0.19864062558115583, "momentum_up": 0.536151403322961, "mu_down": 0.1687249336709528, "mu_up": 0.0004508937172176075}, "datetime": {"datetime": "2024-06-01 17:10:56", "elapsed": 1751.222395, "delta": 8.786019}}
{"target": -2000.1856323193979, "params": {"momentum_down": 0.8573251198581745, "momentum_up": 0.4888987647508281, "mu_down": 0.1706028654262548, "mu_up": 0.00020294133609809697}, "datetime": {"datetime": "2024-06-01 17:11:04", "elapsed": 1759.239073, "delta": 8.016678}}
{"target": -2000.4622389673314, "params": {"momentum_down": 0.24516651808497247, "momentum_up": 0.5076875200881161, "mu_down": 0.15959314688164863, "mu_up": 0.00020368670173828924}, "datetime": {"datetime": "2024-06-01 17:11:11", "elapsed": 1766.361092, "delta": 7.122019}}
{"target": -2003.8178708598996, "params": {"momentum_down": 0.619867366699815, "momentum_up": 0.09510051788997165, "mu_down": 0.05361154369858656, "mu_up": 0.000174301437423149}, "datetime": {"datetime": "2024-06-01 17:11:14", "elapsed": 1769.645201, "delta": 3.284109}}
{"target": -2000.039051668495, "params": {"momentum_down": 0.6076799384229785, "momentum_up": 0.6209274986631983, "mu_down": 0.18206421613261398, "mu_up": 0.00025720115361227837}, "datetime": {"datetime": "2024-06-01 17:11:19", "elapsed": 1774.676729, "delta": 5.031528}}
{"target": -2000.0084550647075, "params": {"momentum_down": 0.5919097094958475, "momentum_up": 0.7808886567826827, "mu_down": 0.1681652288706761, "mu_up": 0.0005}, "datetime": {"datetime": "2024-06-01 17:11:27", "elapsed": 1782.204231, "delta": 7.527502}}
{"target": -2000.0326875584374, "params": {"momentum_down": 0.5755688442359979, "momentum_up": 0.7892870584251571, "mu_down": 0.1177466867780131, "mu_up": 0.0005}, "datetime": {"datetime": "2024-06-01 17:11:40", "elapsed": 1795.039691, "delta": 12.83546}}
{"target": -2001.4688672361392, "params": {"momentum_down": 0.10554948518489064, "momentum_up": 0.5895563928724639, "mu_down": 0.1771761656109626, "mu_up": 0.00010445972665267629}, "datetime": {"datetime": "2024-06-01 17:11:47", "elapsed": 1802.149779, "delta": 7.110088}}
{"target": -2000.6344832665009, "params": {"momentum_down": 0.10980317965854222, "momentum_up": 0.6552305141190783, "mu_down": 0.14502719175107878, "mu_up": 0.0003298296261264243}, "datetime": {"datetime": "2024-06-01 17:11:55", "elapsed": 1810.372895, "delta": 8.223116}}
{"target": -2300.0, "params": {"momentum_down": 0.74188029333472, "momentum_up": 0.43500660705426486, "mu_down": 0.17549882440195377, "mu_up": 0.00045408008635227113}, "datetime": {"datetime": "2024-06-01 17:12:01", "elapsed": 1815.876023, "delta": 5.503128}}
{"target": -2009.4917030524643, "params": {"momentum_down": 0.6288193743187983, "momentum_up": 0.008784683576838506, "mu_down": 0.07639084716839802, "mu_up": 7.483551068477408e-05}, "datetime": {"datetime": "2024-06-01 17:12:04", "elapsed": 1819.377114, "delta": 3.501091}}
{"target": -2000.0159410443023, "params": {"momentum_down": 0.5171097608227297, "momentum_up": 0.8058120771619549, "mu_down": 0.14924359258483577, "mu_up": 0.0003467925516712236}, "datetime": {"datetime": "2024-06-01 17:12:07", "elapsed": 1822.380608, "delta": 3.003494}}
{"target": -2000.0428110454827, "params": {"momentum_down": 0.7821473342965519, "momentum_up": 0.4447476467178009, "mu_down": 0.09777230164593749, "mu_up": 0.000372892617534619}, "datetime": {"datetime": "2024-06-01 17:12:13", "elapsed": 1828.552529, "delta": 6.171921}}
{"target": -2001.7912505024146, "params": {"momentum_down": 0.7952422056553271, "momentum_up": 0.48997002217859986, "mu_down": 0.12256153916453282, "mu_up": 9.749517215176561e-05}, "datetime": {"datetime": "2024-06-01 17:12:21", "elapsed": 1836.665698, "delta": 8.113169}}
{"target": -2000.1569296981163, "params": {"momentum_down": 0.08161383514753082, "momentum_up": 0.8427820275788512, "mu_down": 0.1971834450147396, "mu_up": 0.0002531115304689443}, "datetime": {"datetime": "2024-06-01 17:12:27", "elapsed": 1842.517914, "delta": 5.852216}}
{"target": -2002.2470107390798, "params": {"momentum_down": 0.15914794476109878, "momentum_up": 0.5950477058346397, "mu_down": 0.10111092486779208, "mu_up": 0.00029912860998011857}, "datetime": {"datetime": "2024-06-01 17:12:34", "elapsed": 1849.027062, "delta": 6.509148}}
{"target": -2000.9652806449794, "params": {"momentum_down": 0.4292244850115715, "momentum_up": 0.8310227628735322, "mu_down": 0.08620206342969434, "mu_up": 0.0003002773583423692}, "datetime": {"datetime": "2024-06-01 17:12:38", "elapsed": 1852.960905, "delta": 3.933843}}
{"target": -2000.1837935086019, "params": {"momentum_down": 0.7060061527119073, "momentum_up": 0.4092148959884626, "mu_down": 0.10398107203604619, "mu_up": 0.00026053667346184896}, "datetime": {"datetime": "2024-06-01 17:12:42", "elapsed": 1857.507296, "delta": 4.546391}}
{"target": -3068.723046365065, "params": {"momentum_down": 0.6497295740316739, "momentum_up": 0.928594915963839, "mu_down": 0.07662383474553724, "mu_up": 0.00042145356388453734}, "datetime": {"datetime": "2024-06-01 17:12:48", "elapsed": 1862.888044, "delta": 5.380748}}
{"target": -2300.0, "params": {"momentum_down": 0.9764046578393158, "momentum_up": 0.8408266730627891, "mu_down": 0.19943471519125897, "mu_up": 0.00031663664093567543}, "datetime": {"datetime": "2024-06-01 17:12:48", "elapsed": 1863.465083, "delta": 0.577039}}
{"target": -2000.267998302747, "params": {"momentum_down": 0.3550117763527493, "momentum_up": 0.644397872527666, "mu_down": 0.15092930391499823, "mu_up": 0.00016639345404013804}, "datetime": {"datetime": "2024-06-01 17:12:53", "elapsed": 1868.553889, "delta": 5.088806}}
{"target": -2000.0294162846972, "params": {"momentum_down": 0.7547647005190653, "momentum_up": 0.5470074606608258, "mu_down": 0.08070696250742176, "mu_up": 0.00039742858690011587}, "datetime": {"datetime": "2024-06-01 17:13:00", "elapsed": 1875.357583, "delta": 6.803694}}
{"target": -2000.1082361883455, "params": {"momentum_down": 0.4821296544119787, "momentum_up": 0.5049580088723359, "mu_down": 0.13949273418685626, "mu_up": 0.00029324162175921347}, "datetime": {"datetime": "2024-06-01 17:13:10", "elapsed": 1885.614729, "delta": 10.257146}}
{"target": -2000.7356926800096, "params": {"momentum_down": 0.14096023559745824, "momentum_up": 0.7536434666547612, "mu_down": 0.14945435339956184, "mu_up": 0.00011358994631422511}, "datetime": {"datetime": "2024-06-01 17:13:20", "elapsed": 1895.164195, "delta": 9.549466}}
{"target": -2000.987638323491, "params": {"momentum_down": 0.4219973912937352, "momentum_up": 0.07075922658329896, "mu_down": 0.18529181214170448, "mu_up": 0.0002346554488818925}, "datetime": {"datetime": "2024-06-01 17:13:24", "elapsed": 1898.829341, "delta": 3.665146}}
{"target": -2000.1823261776797, "params": {"momentum_down": 0.09303677220984982, "momentum_up": 0.7731501540063991, "mu_down": 0.19095318891526922, "mu_up": 0.0002857538203173482}, "datetime": {"datetime": "2024-06-01 17:13:26", "elapsed": 1901.257053, "delta": 2.427712}}
{"target": -2300.0, "params": {"momentum_down": 0.6678574732943355, "momentum_up": 0.27339768239140566, "mu_down": 0.16248278585352396, "mu_up": 0.0004656242885532166}, "datetime": {"datetime": "2024-06-01 17:13:27", "elapsed": 1902.68682, "delta": 1.429767}}
