{"target": -2000.1626176026, "params": {"momentum_down": 0.11649632863527648, "momentum_up": 0.6487830920685843, "mu_down": 0.18977312113610784, "mu_up": 0.0004448299684712504}, "datetime": {"datetime": "2024-06-01 16:48:07", "elapsed": 382.669039, "delta": 2.490422}}
{"target": -2000.082781893592, "params": {"momentum_down": 0.2754915257222074, "momentum_up": 0.3954704183324091, "mu_down": 0.18103241929160707, "mu_up": 0.00046944343027676354}, "datetime": {"datetime": "2024-06-01 16:48:13", "elapsed": 387.907442, "delta": 5.238403}}
{"target": -2000.4360525005125, "params": {"momentum_down": 0.788651555960658, "momentum_up": 0.05109389932391234, "mu_down": 0.08914923831066972, "mu_up": 0.0004691391344454137}, "datetime": {"datetime": "2024-06-01 16:48:17", "elapsed": 392.671322, "delta": 4.76388}}
{"target": -2100.741584545828, "params": {"momentum_down": 0.5051620082760635, "momentum_up": 0.037702503523477385, "mu_down": 0.0042332462813405415, "mu_up": 0.00016006505081306614}, "datetime": {"datetime": "2024-06-01 16:48:19", "elapsed": 394.61316, "delta": 1.941838}}
{"target": -2001.2104029182956, "params": {"momentum_down": 0.26219466152220244, "momentum_up": 0.6169566046368519, "mu_down": 0.14878875897067764, "mu_up": 0.00010570082106240256}, "datetime": {"datetime": "2024-06-01 16:48:22", "elapsed": 397.539022, "delta": 2.925862}}
{"target": -2000.1636233280708, "params": {"momentum_down": 0.5016296106190163, "momentum_up": 0.904538578734022, "mu_down": 0.11088540657696742, "mu_up": 6.847698114602022e-05}, "datetime": {"datetime": "2024-06-01 16:48:24", "elapsed": 399.623524, "delta": 2.084502}}
{"target": -2300.0, "params": {"momentum_down": 0.2146750546083913, "momentum_up": 0.9661439562955123, "mu_down": 0.044085565855048414, "mu_up": 0.0004677507953119642}, "datetime": {"datetime": "2024-06-01 16:48:25", "elapsed": 399.968211, "delta": 0.344687}}
{"target": -2000.4004797787145, "params": {"momentum_down": 0.16556789085994456, "momentum_up": 0.48992479903870967, "mu_down": 0.15334666994761714, "mu_up": 0.0005}, "datetime": {"datetime": "2024-06-01 16:48:28", "elapsed": 403.250836, "delta": 3.282625}}
{"target": -2027.6498543522762, "params": {"momentum_down": 0.6104748551669609, "momentum_up": 0.6672030815361278, "mu_down": 0.07890853690181761, "mu_up": 1e-05}, "datetime": {"datetime": "2024-06-01 16:48:31", "elapsed": 406.447601, "delta": 3.196765}}
{"target": -2300.0, "params": {"momentum_down": 0.9145850887838799, "momentum_up": 0.10567453548421657, "mu_down": 0.09674419966388809, "mu_up": 0.0004418566564484081}, "datetime": {"datetime": "2024-06-01 16:48:31", "elapsed": 406.696821, "delta": 0.24922}}
{"target": -2300.0, "params": {"momentum_down": 0.8436113446132814, "momentum_up": 0.924696788401129, "mu_down": 0.042660569123431524, "mu_up": 0.0004058716770593817}, "datetime": {"datetime": "2024-06-01 16:48:32", "elapsed": 406.869636, "delta": 0.172815}}
{"target": -2001.8939659381608, "params": {"momentum_down": 0.3853687870410415, "momentum_up": 0.8692968791276138, "mu_down": 0.07718581954896142, "mu_up": 0.0002520568923615919}, "datetime": {"datetime": "2024-06-01 16:48:34", "elapsed": 409.255773, "delta": 2.386137}}
{"target": -2007.9541839933115, "params": {"momentum_down": 0.11408241369998412, "momentum_up": 0.5990828205597256, "mu_down": 0.12668672611039153, "mu_up": 4.2977015031130866e-05}, "datetime": {"datetime": "2024-06-01 16:48:37", "elapsed": 412.583312, "delta": 3.327539}}
{"target": -2007.6064536067177, "params": {"momentum_down": 0.3022639558269727, "momentum_up": 0.3131196639940235, "mu_down": 0.12022051675760484, "mu_up": 6.630177189092413e-05}, "datetime": {"datetime": "2024-06-01 16:48:41", "elapsed": 416.423189, "delta": 3.839877}}
{"target": -2300.0, "params": {"momentum_down": 0.7104139811019633, "momentum_up": 0.9866039157500884, "mu_down": 0.04470568687196515, "mu_up": 6.88814318768402e-05}, "datetime": {"datetime": "2024-06-01 16:48:42", "elapsed": 417.061053, "delta": 0.637864}}
{"target": -2001.5826881626992, "params": {"momentum_down": 0.28735537879043754, "momentum_up": 0.5586531595095682, "mu_down": 0.10001001558568082, "mu_up": 0.00020565871564132558}, "datetime": {"datetime": "2024-06-01 16:48:44", "elapsed": 419.23447, "delta": 2.173417}}
{"target": -2000.4715522495608, "params": {"momentum_down": 0.14588773012900463, "momentum_up": 0.8312734219809403, "mu_down": 0.15636513420946652, "mu_up": 0.00011274558840964744}, "datetime": {"datetime": "2024-06-01 16:48:47", "elapsed": 422.16502, "delta": 2.93055}}
{"target": -2000.0483392260953, "params": {"momentum_down": 0.7632786894483703, "momentum_up": 0.5256487961418115, "mu_down": 0.15374449590232592, "mu_up": 0.0002919599717976292}, "datetime": {"datetime": "2024-06-01 16:48:53", "elapsed": 428.321575, "delta": 6.156555}}
{"target": -2017.1092943707615, "params": {"momentum_down": 0.580458657200887, "momentum_up": 0.9182434319512083, "mu_down": 0.029060591071952316, "mu_up": 5.629373136032683e-05}, "datetime": {"datetime": "2024-06-01 16:48:57", "elapsed": 432.348432, "delta": 4.026857}}
{"target": -2014.0737557006573, "params": {"momentum_down": 0.7297989696713781, "momentum_up": 0.22004934903933804, "mu_down": 0.015868286395603382, "mu_up": 0.0002943254861796819}, "datetime": {"datetime": "2024-06-01 16:49:02", "elapsed": 437.574935, "delta": 5.226503}}
{"target": -2000.859505471282, "params": {"momentum_down": 0.2131368961103334, "momentum_up": 0.44056665654744387, "mu_down": 0.1211544329549801, "mu_up": 0.00042995125756560755}, "datetime": {"datetime": "2024-06-01 16:49:10", "elapsed": 445.321875, "delta": 7.74694}}
{"target": -2071.9484458619245, "params": {"momentum_down": 0.8491343136784364, "momentum_up": 0.10079494548033034, "mu_down": 0.002000056738709066, "mu_up": 0.0003384889690082547}, "datetime": {"datetime": "2024-06-01 16:49:21", "elapsed": 456.716589, "delta": 11.394714}}
{"target": -2016.6793304314756, "params": {"momentum_down": 0.6294221943872448, "momentum_up": 0.8054786301842148, "mu_down": 0.1333380182510215, "mu_up": 1e-05}, "datetime": {"datetime": "2024-06-01 16:49:32", "elapsed": 467.687366, "delta": 10.970777}}
{"target": -2001.263051394348, "params": {"momentum_down": 0.21639595987525714, "momentum_up": 0.7630790285538006, "mu_down": 0.10930649823331867, "mu_up": 0.0005}, "datetime": {"datetime": "2024-06-01 16:49:39", "elapsed": 474.376543, "delta": 6.689177}}
{"target": -2000.079655956169, "params": {"momentum_down": 0.21785557901352998, "momentum_up": 0.6458142655361429, "mu_down": 0.19569099219774477, "mu_up": 0.0002784815583596608}, "datetime": {"datetime": "2024-06-01 16:49:43", "elapsed": 478.628513, "delta": 4.25197}}
{"target": -2027.0508324423051, "params": {"momentum_down": 0.8314019917797677, "momentum_up": 0.0, "mu_down": 0.1447747501290174, "mu_up": 1e-05}, "datetime": {"datetime": "2024-06-01 16:49:48", "elapsed": 483.551443, "delta": 4.92293}}
{"target": -2000.0942734249284, "params": {"momentum_down": 0.5087136418692708, "momentum_up": 0.8157621399095262, "mu_down": 0.11454672281714395, "mu_up": 0.00023589437884437135}, "datetime": {"datetime": "2024-06-01 16:49:53", "elapsed": 487.847311, "delta": 4.295868}}
{"target": -2004.4689296437798, "params": {"momentum_down": 0.16119671275360717, "momentum_up": 0.4368997575516714, "mu_down": 0.08276973600833935, "mu_up": 0.00027402987631246347}, "datetime": {"datetime": "2024-06-01 16:49:57", "elapsed": 492.489872, "delta": 4.642561}}
{"target": -2031.8246590491458, "params": {"momentum_down": 0.7187205349808596, "momentum_up": 0.08907856399998824, "mu_down": 0.08818534560248403, "mu_up": 1e-05}, "datetime": {"datetime": "2024-06-01 16:50:04", "elapsed": 499.642354, "delta": 7.152482}}
{"target": -2004.4501708757502, "params": {"momentum_down": 0.38832786679735026, "momentum_up": 0.8089113346246297, "mu_down": 0.13893564088943405, "mu_up": 2.4240226980545323e-05}, "datetime": {"datetime": "2024-06-01 16:50:12", "elapsed": 507.149832, "delta": 7.507478}}
{"target": -2000.042486993227, "params": {"momentum_down": 0.5505045610066397, "momentum_up": 0.7986664210251918, "mu_down": 0.1900194640626686, "mu_up": 0.00013383784006406991}, "datetime": {"datetime": "2024-06-01 16:50:19", "elapsed": 514.113183, "delta": 6.963351}}
{"target": -2000.1530807206357, "params": {"momentum_down": 0.0800077336325591, "momentum_up": 0.5591786062568282, "mu_down": 0.2, "mu_up": 0.0005}, "datetime": {"datetime": "2024-06-01 16:50:27", "elapsed": 522.29843, "delta": 8.185247}}
{"target": -2001.2740104790737, "params": {"momentum_down": 0.640122398784833, "momentum_up": 0.399759087675156, "mu_down": 0.05005678082968303, "mu_up": 0.0005}, "datetime": {"datetime": "2024-06-01 16:50:36", "elapsed": 531.090172, "delta": 8.791742}}
{"target": -2000.0249056535495, "params": {"momentum_down": 0.48590957312397226, "momentum_up": 0.5920123492448891, "mu_down": 0.1526749589021032, "mu_up": 0.0004553044330535512}, "datetime": {"datetime": "2024-06-01 16:50:43", "elapsed": 537.946608, "delta": 6.856436}}
{"target": -2000.011916195287, "params": {"momentum_down": 0.5799568077542999, "momentum_up": 0.6654471561529289, "mu_down": 0.18359032611302414, "mu_up": 0.0005}, "datetime": {"datetime": "2024-06-01 16:50:49", "elapsed": 544.584415, "delta": 6.637807}}
{"target": -2054.9330608334894, "params": {"momentum_down": 0.25946328696810633, "momentum_up": 0.20098574341286518, "mu_down": 0.01692249892440678, "mu_up": 0.00011575429695780933}, "datetime": {"datetime": "2024-06-01 16:50:54", "elapsed": 549.408778, "delta": 4.824363}}
{"target": -2005.4616637459485, "params": {"momentum_down": 0.5637550047114226, "momentum_up": 0.5888158716839322, "mu_down": 0.18269198605551462, "mu_up": 4.751417963285431e-05}, "datetime": {"datetime": "2024-06-01 16:51:03", "elapsed": 558.719868, "delta": 9.31109}}
{"target": -2000.7991704473134, "params": {"momentum_down": 0.6214334784931921, "momentum_up": 0.034074611539422525, "mu_down": 0.09161410990744812, "mu_up": 0.00028925345079652815}, "datetime": {"datetime": "2024-06-01 16:51:08", "elapsed": 562.990212, "delta": 4.270344}}
{"target": -2029.5976668353321, "params": {"momentum_down": 0.2103774068103545, "momentum_up": 0.39233301737581483, "mu_down": 0.06306919868680574, "mu_up": 2.0417783106435165e-05}, "datetime": {"datetime": "2024-06-01 16:51:12", "elapsed": 567.707138, "delta": 4.716926}}
{"target": -2000.0087255408725, "params": {"momentum_down": 0.6668797774033763, "momentum_up": 0.6956661058453013, "mu_down": 0.13255345870544213, "mu_up": 0.00048378771523538785}, "datetime": {"datetime": "2024-06-01 16:51:18", "elapsed": 573.188027, "delta": 5.480889}}
{"target": -2000.014499581381, "params": {"momentum_down": 0.611357872658243, "momentum_up": 0.6921538496262479, "mu_down": 0.13688223558225618, "mu_up": 0.0003240988528994307}, "datetime": {"datetime": "2024-06-01 16:51:25", "elapsed": 580.380724, "delta": 7.192697}}
{"target": -2004.65088035712, "params": {"momentum_down": 0.04946234745791941, "momentum_up": 0.5315477439120085, "mu_down": 0.13326654310000505, "mu_up": 7.83074261329141e-05}, "datetime": {"datetime": "2024-06-01 16:51:29", "elapsed": 584.482583, "delta": 4.101859}}
{"target": -2000.5249041318182, "params": {"momentum_down": 0.7325125876267281, "momentum_up": 0.04520492556124906, "mu_down": 0.11749777329859719, "mu_up": 0.0002904896203002559}, "datetime": {"datetime": "2024-06-01 16:51:31", "elapsed": 586.698949, "delta": 2.216366}}
{"target": -2000.0111547611637, "params": {"momentum_down": 0.6362780839936958, "momentum_up": 0.6499331717588637, "mu_down": 0.16780887511037357, "mu_up": 0.0003598550735575242}, "datetime": {"datetime": "2024-06-01 16:51:34", "elapsed": 589.684938, "delta": 2.985989}}
{"target": -2003.1291043795766, "params": {"momentum_down": 0.01559532550675408, "momentum_up": 0.47989159018037253, "mu_down": 0.11021893634679113, "mu_up": 0.0005}, "datetime": {"datetime": "2024-06-01 16:51:38", "elapsed": 593.309765, "delta": 3.624827}}
{"target": -2000.8318392231795, "params": {"momentum_down": 0.08548265188058404, "momentum_up": 0.7133114813288439, "mu_down": 0.14270053798543622, "mu_up": 0.0005}, "datetime": {"datetime": "2024-06-01 16:51:43", "elapsed": 597.784831, "delta": 4.475066}}
{"target": -2000.8394863044343, "params": {"momentum_down": 0.1413043029275499, "momentum_up": 0.341546144412521, "mu_down": 0.1330972496284221, "mu_up": 0.0005}, "datetime": {"datetime": "2024-06-01 16:51:51", "elapsed": 606.132566, "delta": 8.347735}}
{"target": -2000.0587026427531, "params": {"momentum_down": 0.4025814690517268, "momentum_up": 0.4859352873913967, "mu_down": 0.152654743306425, "mu_up": 0.0005}, "datetime": {"datetime": "2024-06-01 16:51:59", "elapsed": 614.686988, "delta": 8.554422}}
{"target": -2013.8720661025147, "params": {"momentum_down": 0.13139745368305358, "momentum_up": 0.36673017070003816, "mu_down": 0.15466249388943967, "mu_up": 3.5396424654594235e-05}, "datetime": {"datetime": "2024-06-01 16:52:04", "elapsed": 619.520336, "delta": 4.833348}}
{"target": -2002.8743769929904, "params": {"momentum_down": 0.020862033546856625, "momentum_up": 0.3314606655831526, "mu_down": 0.10968876515614533, "mu_up": 0.00043496113971261207}, "datetime": {"datetime": "2024-06-01 16:52:10", "elapsed": 625.374351, "delta": 5.854015}}
{"target": -2000.080119181984, "params": {"momentum_down": 0.3900997592476517, "momentum_up": 0.28962592330520914, "mu_down": 0.15913749603869182, "mu_up": 0.0005}, "datetime": {"datetime": "2024-06-01 16:52:19", "elapsed": 634.033112, "delta": 8.658761}}
{"target": -2000.9823022615851, "params": {"momentum_down": 0.43710256599220265, "momentum_up": 0.5393911190668795, "mu_down": 0.1985240910499652, "mu_up": 0.0001162611278763439}, "datetime": {"datetime": "2024-06-01 16:52:28", "elapsed": 643.725197, "delta": 9.692085}}
{"target": -2000.0153448413428, "params": {"momentum_down": 0.8552176635097312, "momentum_up": 0.7135905642366802, "mu_down": 0.19837916738851824, "mu_up": 0.0002977103281079471}, "datetime": {"datetime": "2024-06-01 16:52:38", "elapsed": 653.424517, "delta": 9.69932}}
{"target": -2000.7737082720475, "params": {"momentum_down": 0.1538354841446181, "momentum_up": 0.27519867325013714, "mu_down": 0.1681258353362865, "mu_up": 0.0002492037601888895}, "datetime": {"datetime": "2024-06-01 16:52:48", "elapsed": 663.637251, "delta": 10.212734}}
{"target": -2000.525855901892, "params": {"momentum_down": 0.05125186272602572, "momentum_up": 0.2922696914813022, "mu_down": 0.17056710471562056, "mu_up": 0.0004015843718606395}, "datetime": {"datetime": "2024-06-01 16:52:56", "elapsed": 671.327278, "delta": 7.690027}}
{"target": -2000.030896222196, "params": {"momentum_down": 0.7004809498774782, "momentum_up": 0.40132927658448514, "mu_down": 0.10421338527381661, "mu_up": 0.0005}, "datetime": {"datetime": "2024-06-01 16:53:09", "elapsed": 684.730973, "delta": 13.403695}}
{"target": -2000.0340166487765, "params": {"momentum_down": 0.8297875858393116, "momentum_up": 0.5760333975232995, "mu_down": 0.19278621274315846, "mu_up": 0.00032228136803949114}, "datetime": {"datetime": "2024-06-01 16:53:16", "elapsed": 691.323405, "delta": 6.592432}}
{"target": -2000.012014421369, "params": {"momentum_down": 0.48804357092445105, "momentum_up": 0.7457706915918643, "mu_down": 0.17516899058069998, "mu_up": 0.00042614746288057223}, "datetime": {"datetime": "2024-06-01 16:53:23", "elapsed": 698.189458, "delta": 6.866053}}
{"target": -2000.0185145242372, "params": {"momentum_down": 0.4958764219368637, "momentum_up": 0.7226910341059346, "mu_down": 0.1608885302793973, "mu_up": 0.00029290274065989246}, "datetime": {"datetime": "2024-06-01 16:53:28", "elapsed": 703.429893, "delta": 5.240435}}
{"target": -2000.8748412079867, "params": {"momentum_down": 0.10588924933804023, "momentum_up": 0.20714248434819066, "mu_down": 0.1402980104453461, "mu_up": 0.0005}, "datetime": {"datetime": "2024-06-01 16:53:37", "elapsed": 711.876959, "delta": 8.447066}}
{"target": -2000.0298234546328, "params": {"momentum_down": 0.3873460290800324, "momentum_up": 0.7237880384320671, "mu_down": 0.19305288050164407, "mu_up": 0.00022848517190575448}, "datetime": {"datetime": "2024-06-01 16:53:44", "elapsed": 718.968255, "delta": 7.091296}}
{"target": -2000.1781720535444, "params": {"momentum_down": 0.5417112256969431, "momentum_up": 0.542002893285752, "mu_down": 0.10422173453529254, "mu_up": 0.00027953273611149455}, "datetime": {"datetime": "2024-06-01 16:53:54", "elapsed": 729.010936, "delta": 10.042681}}
{"target": -2000.7280263713776, "params": {"momentum_down": 0.03965718912792331, "momentum_up": 0.1379113507400206, "mu_down": 0.1775568063424242, "mu_up": 0.00033887305064784546}, "datetime": {"datetime": "2024-06-01 16:54:00", "elapsed": 735.436838, "delta": 6.425902}}
{"target": -2000.4968040822698, "params": {"momentum_down": 0.8425120785773208, "momentum_up": 0.009256091416675646, "mu_down": 0.06355608350953201, "mu_up": 0.0003089288703013787}, "datetime": {"datetime": "2024-06-01 16:54:06", "elapsed": 740.870562, "delta": 5.433724}}
{"target": -2003.1138099780092, "params": {"momentum_down": 0.02231673132051469, "momentum_up": 0.22920460096797343, "mu_down": 0.11894591651264, "mu_up": 0.00024785992236214604}, "datetime": {"datetime": "2024-06-01 16:54:13", "elapsed": 747.780304, "delta": 6.909742}}
{"target": -2000.345339808847, "params": {"momentum_down": 0.13941281999234922, "momentum_up": 0.5491912282480756, "mu_down": 0.1669469766752726, "mu_up": 0.00028100280407309573}, "datetime": {"datetime": "2024-06-01 16:54:17", "elapsed": 752.443302, "delta": 4.662998}}
{"target": -2000.9184734033481, "params": {"momentum_down": 0.7261784996107109, "momentum_up": 0.6681802909657503, "mu_down": 0.05579269146322383, "mu_up": 0.00010283715378763376}, "datetime": {"datetime": "2024-06-01 16:54:23", "elapsed": 758.350922, "delta": 5.90762}}
{"target": -2300.0, "params": {"momentum_down": 0.9529438225675047, "momentum_up": 0.3959913518151395, "mu_down": 0.1797028050108772, "mu_up": 0.00044281525869841034}, "datetime": {"datetime": "2024-06-01 16:54:28", "elapsed": 763.057942, "delta": 4.70702}}
{"target": -2000.1703171891525, "params": {"momentum_down": 0.8517146391779545, "momentum_up": 0.3398823780036629, "mu_down": 0.1568401287125989, "mu_up": 0.00034489003532923236}, "datetime": {"datetime": "2024-06-01 16:54:36", "elapsed": 770.94724, "delta": 7.889298}}
{"target": -2000.7176969299903, "params": {"momentum_down": 0.8210566561196823, "momentum_up": 0.4630090600432631, "mu_down": 0.19870240417574322, "mu_up": 0.00014106461457526328}, "datetime": {"datetime": "2024-06-01 16:54:43", "elapsed": 778.029633, "delta": 7.082393}}
{"target": -2012.580063498039, "params": {"momentum_down": 0.46997723753943466, "momentum_up": 0.0551467163885384, "mu_down": 0.03731550843067364, "mu_up": 0.00018235629075924974}, "datetime": {"datetime": "2024-06-01 16:54:47", "elapsed": 782.155805, "delta": 4.126172}}
{"target": -2000.2503632252449, "params": {"momentum_down": 0.8896463810849935, "momentum_up": 0.510606377595546, "mu_down": 0.19586975097117365, "mu_up": 0.0001746734558938439}, "datetime": {"datetime": "2024-06-01 16:54:55", "elapsed": 789.826517, "delta": 7.670712}}
{"target": -2004.5741048971058, "params": {"momentum_down": 0.784549156278751, "momentum_up": 0.31925119528094426, "mu_down": 0.02198790092267853, "mu_up": 0.00024785355921301473}, "datetime": {"datetime": "2024-06-01 16:54:59", "elapsed": 794.018782, "delta": 4.192265}}
{"target": -2049.9961330716737, "params": {"momentum_down": 0.4993119714170737, "momentum_up": 0.07006630269672501, "mu_down": 0.010418706771796349, "mu_up": 0.0003914448177946582}, "datetime": {"datetime": "2024-06-01 16:55:02", "elapsed": 797.070915, "delta": 3.052133}}
{"target": -2004.956936032959, "params": {"momentum_down": 0.2794741791119743, "momentum_up": 0.7250779683753745, "mu_down": 0.07563780311659152, "mu_up": 7.563630617709287e-05}, "datetime": {"datetime": "2024-06-01 16:55:04", "elapsed": 799.234982, "delta": 2.164067}}
{"target": -2004.3494205805753, "params": {"momentum_down": 0.7754382337206187, "momentum_up": 0.490418649287393, "mu_down": 0.08645397884700062, "mu_up": 6.328210643438491e-05}, "datetime": {"datetime": "2024-06-01 16:55:08", "elapsed": 802.979025, "delta": 3.744043}}
{"target": -2300.0, "params": {"momentum_down": 0.9879330571989442, "momentum_up": 0.5219177200477408, "mu_down": 0.18630054723820333, "mu_up": 0.0002514287169194823}, "datetime": {"datetime": "2024-06-01 16:55:10", "elapsed": 805.553895, "delta": 2.57487}}
{"target": -2005.0722111889922, "params": {"momentum_down": 0.9121062562129404, "momentum_up": 0.4810861763306835, "mu_down": 0.1328068760521486, "mu_up": 0.0004586738227361961}, "datetime": {"datetime": "2024-06-01 16:55:14", "elapsed": 809.517671, "delta": 3.963776}}
{"target": -2000.0217411698559, "params": {"momentum_down": 0.3812783179771344, "momentum_up": 0.5894222385478176, "mu_down": 0.19037395959089123, "mu_up": 0.00046001623939493996}, "datetime": {"datetime": "2024-06-01 16:55:17", "elapsed": 811.962057, "delta": 2.444386}}
{"target": -2002.6468804510885, "params": {"momentum_down": 0.9036674360585885, "momentum_up": 0.5528996007836672, "mu_down": 0.11142658606174437, "mu_up": 6.721848608675801e-05}, "datetime": {"datetime": "2024-06-01 16:55:20", "elapsed": 815.546385, "delta": 3.584328}}
{"target": -2000.664858742981, "params": {"momentum_down": 0.19560366454692985, "momentum_up": 0.5802907201000196, "mu_down": 0.13272167627226836, "mu_up": 0.0005}, "datetime": {"datetime": "2024-06-01 16:55:25", "elapsed": 820.406872, "delta": 4.860487}}
{"target": -2002.9438605344126, "params": {"momentum_down": 0.225126441638286, "momentum_up": 0.3001503898285245, "mu_down": 0.08862540523938917, "mu_up": 0.0003500688915912443}, "datetime": {"datetime": "2024-06-01 16:55:30", "elapsed": 825.289306, "delta": 4.882434}}
