{"target": -2001.9419327625728, "params": {"momentum_down": 0.7991576287580362, "momentum_up": 0.7965152156849753, "mu_down": 0.028719003365312416, "mu_up": 7.990686350885267e-05}, "datetime": {"datetime": "2024-01-20 15:31:32", "elapsed": 551.197684, "delta": 2.631153}}
{"target": -2000.1671044326145, "params": {"momentum_down": 0.7862082210032987, "momentum_up": 0.7760993186393444, "mu_down": 0.08008195433564505, "mu_up": 0.00010065118862548698}, "datetime": {"datetime": "2024-01-20 15:31:36", "elapsed": 555.232593, "delta": 4.034909}}
{"target": -2000.2652116034683, "params": {"momentum_down": 0.7245543297831113, "momentum_up": 0.9729787828335018, "mu_down": 0.2926267435924583, "mu_up": 0.000373373173041391}, "datetime": {"datetime": "2024-01-20 15:31:38", "elapsed": 557.370275, "delta": 2.137682}}
{"target": -2300.0, "params": {"momentum_down": 0.8942572799199154, "momentum_up": 0.8863090819963082, "mu_down": 0.13947321635484092, "mu_up": 0.0009191549470500222}, "datetime": {"datetime": "2024-01-20 15:31:38", "elapsed": 557.884716, "delta": 0.514441}}
{"target": -2000.2888934689838, "params": {"momentum_down": 0.8547082927625119, "momentum_up": 0.6161372435309981, "mu_down": 0.14712145795737994, "mu_up": 0.000133667316416437}, "datetime": {"datetime": "2024-01-20 15:31:41", "elapsed": 560.363552, "delta": 2.478836}}
{"target": -2300.0, "params": {"momentum_down": 0.8511848456064841, "momentum_up": 0.7074911634415266, "mu_down": 0.29602497545481404, "mu_up": 0.0007403741156149169}, "datetime": {"datetime": "2024-01-20 15:31:43", "elapsed": 562.441542, "delta": 2.07799}}
{"target": -2300.0, "params": {"momentum_down": 0.7464731587553065, "momentum_up": 0.9750278352122002, "mu_down": 0.03912529085801662, "mu_up": 7.19678421399486e-05}, "datetime": {"datetime": "2024-01-20 15:31:46", "elapsed": 565.597844, "delta": 3.156302}}
{"target": -2300.0, "params": {"momentum_down": 0.7508500704072087, "momentum_up": 0.5979087322210145, "mu_down": 0.2822676633624671, "mu_up": 0.0007671419582086424}, "datetime": {"datetime": "2024-01-20 15:31:49", "elapsed": 568.071874, "delta": 2.47403}}
{"target": -525.0839563245079, "params": {"momentum_down": 0.7651786308561834, "momentum_up": 0.8829445106622189, "mu_down": 0.2679532594077398, "mu_up": 0.0002547807551545676}, "datetime": {"datetime": "2024-01-20 15:31:54", "elapsed": 573.893515, "delta": 5.821641}}
{"target": -2020.7081942827735, "params": {"momentum_down": 0.5567196744561501, "momentum_up": 0.8173407939366015, "mu_down": 0.03657780294075053, "mu_up": 1.3226261385997689e-05}, "datetime": {"datetime": "2024-01-20 15:31:57", "elapsed": 576.172194, "delta": 2.278679}}
{"target": -2300.0, "params": {"momentum_down": 0.8731343016081656, "momentum_up": 0.9455496941596708, "mu_down": 0.22313935193837517, "mu_up": 0.0007348011720118426}, "datetime": {"datetime": "2024-01-20 15:32:00", "elapsed": 579.274316, "delta": 3.102122}}
{"target": -2000.752753535783, "params": {"momentum_down": 0.6827390652051311, "momentum_up": 0.5144734837851928, "mu_down": 0.12624895402090552, "mu_up": 0.0001299424869416677}, "datetime": {"datetime": "2024-01-20 15:32:02", "elapsed": 581.72602, "delta": 2.451704}}
{"target": -2300.0, "params": {"momentum_down": 0.6628523653039236, "momentum_up": 0.7085366724088519, "mu_down": 0.15489182254245132, "mu_up": 0.0009062032294358626}, "datetime": {"datetime": "2024-01-20 15:32:03", "elapsed": 582.266998, "delta": 0.540978}}
{"target": -2300.0, "params": {"momentum_down": 0.8796897438484408, "momentum_up": 0.5418329029721382, "mu_down": 0.041913594946679136, "mu_up": 0.0003508181059518015}, "datetime": {"datetime": "2024-01-20 15:32:06", "elapsed": 585.28017, "delta": 3.013172}}
{"target": -2000.3662728597471, "params": {"momentum_down": 0.8620798735755464, "momentum_up": 0.9438079909415782, "mu_down": 0.21165558712025162, "mu_up": 0.0003945120954629887}, "datetime": {"datetime": "2024-01-20 15:32:13", "elapsed": 592.425504, "delta": 7.145334}}
{"target": -1596.0507246702698, "params": {"momentum_down": 0.6286964062014915, "momentum_up": 0.8922240457355957, "mu_down": 0.07234417204088685, "mu_up": 0.00013928064877867088}, "datetime": {"datetime": "2024-01-20 15:32:17", "elapsed": 596.39195, "delta": 3.966446}}
{"target": -2005.0935797390198, "params": {"momentum_down": 0.6337763952200857, "momentum_up": 0.8571831910727674, "mu_down": 0.2148583095711125, "mu_up": 1.676225825530087e-05}, "datetime": {"datetime": "2024-01-20 15:32:21", "elapsed": 600.90393, "delta": 4.51198}}
{"target": -545.297561984738, "params": {"momentum_down": 0.7529136724792678, "momentum_up": 0.9032816379009433, "mu_down": 0.18025676571388471, "mu_up": 0.0004673276875160635}, "datetime": {"datetime": "2024-01-20 15:32:25", "elapsed": 604.696377, "delta": 3.792447}}
{"target": -1131.1343715240182, "params": {"momentum_down": 0.6530954240935402, "momentum_up": 0.5672645819660758, "mu_down": 0.15069677456605643, "mu_up": 0.0004913831633788701}, "datetime": {"datetime": "2024-01-20 15:32:27", "elapsed": 606.488117, "delta": 1.79174}}
{"target": -2300.0, "params": {"momentum_down": 0.9214102881884974, "momentum_up": 0.6505069172231582, "mu_down": 0.24698891330375428, "mu_up": 0.0005690926752661701}, "datetime": {"datetime": "2024-01-20 15:32:28", "elapsed": 607.121987, "delta": 0.63387}}
{"target": -2002.3548535674033, "params": {"momentum_down": 0.6346506212221168, "momentum_up": 0.8644351698294591, "mu_down": 0.29132243641855765, "mu_up": 0.0008093103581918232}, "datetime": {"datetime": "2024-01-20 15:32:31", "elapsed": 610.015858, "delta": 2.893871}}
{"target": -808.0828951815159, "params": {"momentum_down": 0.8149817314406471, "momentum_up": 0.7951667558437003, "mu_down": 0.2006465892567682, "mu_up": 0.00026771383195527755}, "datetime": {"datetime": "2024-01-20 15:32:34", "elapsed": 613.470714, "delta": 3.454856}}
{"target": -2000.312863970115, "params": {"momentum_down": 0.7303904982551612, "momentum_up": 0.621166065366644, "mu_down": 0.0961291180861406, "mu_up": 0.00013984613027456653}, "datetime": {"datetime": "2024-01-20 15:32:36", "elapsed": 615.86753, "delta": 2.396816}}
{"target": -686.2231685296482, "params": {"momentum_down": 0.6313235854482242, "momentum_up": 0.921468388317799, "mu_down": 0.23990514515159922, "mu_up": 0.0008022833662043101}, "datetime": {"datetime": "2024-01-20 15:32:40", "elapsed": 619.305202, "delta": 3.437672}}
{"target": -2300.0, "params": {"momentum_down": 0.9590992682691384, "momentum_up": 0.9301231479159038, "mu_down": 0.1958408589311467, "mu_up": 0.0004737771069028372}, "datetime": {"datetime": "2024-01-20 15:32:40", "elapsed": 619.926365, "delta": 0.621163}}
{"target": -1010.1878566008427, "params": {"momentum_down": 0.6956732353475432, "momentum_up": 0.7615575584233978, "mu_down": 0.13788829254626409, "mu_up": 0.00031371076055479306}, "datetime": {"datetime": "2024-01-20 15:32:44", "elapsed": 623.923644, "delta": 3.997279}}
{"target": -748.0675373482798, "params": {"momentum_down": 0.5871463414111765, "momentum_up": 0.870746521459403, "mu_down": 0.16595320999306834, "mu_up": 0.0003211719724346231}, "datetime": {"datetime": "2024-01-20 15:32:46", "elapsed": 625.491502, "delta": 1.567858}}
{"target": -2300.0, "params": {"momentum_down": 0.8489635427973257, "momentum_up": 0.6402713145590457, "mu_down": 0.23827377031387312, "mu_up": 0.0007633788284336219}, "datetime": {"datetime": "2024-01-20 15:32:47", "elapsed": 626.353842, "delta": 0.86234}}
{"target": -2002.2333892918289, "params": {"momentum_down": 0.5565067522592801, "momentum_up": 0.7004390377557197, "mu_down": 0.09512076692563602, "mu_up": 0.0009020523950654637}, "datetime": {"datetime": "2024-01-20 15:32:52", "elapsed": 631.054547, "delta": 4.700705}}
{"target": -2000.082507015659, "params": {"momentum_down": 0.631165751581217, "momentum_up": 0.9212579309906341, "mu_down": 0.24211182277731252, "mu_up": 0.0008069645891401937}, "datetime": {"datetime": "2024-01-20 15:32:58", "elapsed": 637.732322, "delta": 6.677775}}
{"target": -565.9895495218193, "params": {"momentum_down": 0.509185277620664, "momentum_up": 0.8890177682671001, "mu_down": 0.26291008429180657, "mu_up": 0.00036726553069122586}, "datetime": {"datetime": "2024-01-20 15:33:01", "elapsed": 640.842716, "delta": 3.110394}}
{"target": -2004.2237752342262, "params": {"momentum_down": 0.7377940068045477, "momentum_up": 0.8165916860180779, "mu_down": 0.11624870818900784, "mu_up": 2.2685410675331622e-05}, "datetime": {"datetime": "2024-01-20 15:33:06", "elapsed": 645.507672, "delta": 4.664956}}
{"target": -505.1673362700773, "params": {"momentum_down": 0.7415387475881798, "momentum_up": 0.8178081882656889, "mu_down": 0.23494607847088825, "mu_up": 0.00047859764184796555}, "datetime": {"datetime": "2024-01-20 15:33:09", "elapsed": 648.51063, "delta": 3.002958}}
{"target": -2300.0, "params": {"momentum_down": 0.651692472004407, "momentum_up": 0.5812388760588099, "mu_down": 0.1964273413703168, "mu_up": 0.0005635307814568793}, "datetime": {"datetime": "2024-01-20 15:33:10", "elapsed": 649.502328, "delta": 0.991698}}
{"target": -2300.0, "params": {"momentum_down": 0.5379455008104755, "momentum_up": 0.7367772378770491, "mu_down": 0.22035946798162678, "mu_up": 0.0009726359305589272}, "datetime": {"datetime": "2024-01-20 15:33:14", "elapsed": 653.634356, "delta": 4.132028}}
{"target": -2000.075908832664, "params": {"momentum_down": 0.6750843972554003, "momentum_up": 0.580251989704183, "mu_down": 0.19294428626867033, "mu_up": 0.0004922999783688108}, "datetime": {"datetime": "2024-01-20 15:33:19", "elapsed": 658.527793, "delta": 4.893437}}
{"target": -2300.0, "params": {"momentum_down": 0.9399622561035812, "momentum_up": 0.5867467899831597, "mu_down": 0.24512658782507235, "mu_up": 0.000503325502174962}, "datetime": {"datetime": "2024-01-20 15:33:20", "elapsed": 659.183716, "delta": 0.655923}}
{"target": -2033.8707111938018, "params": {"momentum_down": 0.95567217885164, "momentum_up": 0.7473173947825374, "mu_down": 0.1590802253980847, "mu_up": 0.0003566458206072552}, "datetime": {"datetime": "2024-01-20 15:33:22", "elapsed": 661.603769, "delta": 2.420053}}
{"target": -566.0083961741175, "params": {"momentum_down": 0.5106173169218258, "momentum_up": 0.8892359871449895, "mu_down": 0.26283249530642366, "mu_up": 0.00039276323464603407}, "datetime": {"datetime": "2024-01-20 15:33:26", "elapsed": 665.593015, "delta": 3.989246}}
{"target": -2000.1113268500449, "params": {"momentum_down": 0.7612172910729336, "momentum_up": 0.6732265246482007, "mu_down": 0.15070058708827713, "mu_up": 0.0005641118854082024}, "datetime": {"datetime": "2024-01-20 15:33:28", "elapsed": 667.889662, "delta": 2.296647}}
{"target": -2300.0, "params": {"momentum_down": 0.625873776889293, "momentum_up": 0.9606186755202575, "mu_down": 0.08389939147689023, "mu_up": 0.00036627800883282953}, "datetime": {"datetime": "2024-01-20 15:33:33", "elapsed": 672.283671, "delta": 4.394009}}
{"target": -2300.0, "params": {"momentum_down": 0.7642660758443637, "momentum_up": 0.8835499241462028, "mu_down": 0.26233314200859326, "mu_up": 0.0008768778583899727}, "datetime": {"datetime": "2024-01-20 15:33:35", "elapsed": 674.553381, "delta": 2.26971}}
{"target": -2300.0, "params": {"momentum_down": 0.9381110484414024, "momentum_up": 0.9289951296610836, "mu_down": 0.14832525587235643, "mu_up": 0.0007374864978697128}, "datetime": {"datetime": "2024-01-20 15:33:39", "elapsed": 678.173223, "delta": 3.619842}}
{"target": -2000.0678331416188, "params": {"momentum_down": 0.6317183527323719, "momentum_up": 0.9202676594823862, "mu_down": 0.23875292754189856, "mu_up": 0.000700483333515587}, "datetime": {"datetime": "2024-01-20 15:33:49", "elapsed": 688.155462, "delta": 9.982239}}
{"target": -2000.164440491329, "params": {"momentum_down": 0.7880544878801896, "momentum_up": 0.9152060285330703, "mu_down": 0.1358352375865533, "mu_up": 0.00037065669575397816}, "datetime": {"datetime": "2024-01-20 15:33:54", "elapsed": 693.856668, "delta": 5.701206}}
{"target": -1454.0804117259, "params": {"momentum_down": 0.6002352609142378, "momentum_up": 0.5655612994539684, "mu_down": 0.18569657924960745, "mu_up": 0.0003459991070649768}, "datetime": {"datetime": "2024-01-20 15:33:59", "elapsed": 698.605123, "delta": 4.748455}}
{"target": -2300.0, "params": {"momentum_down": 0.6946455889542252, "momentum_up": 0.7634926313950898, "mu_down": 0.13911623237996312, "mu_up": 0.0007497548067646465}, "datetime": {"datetime": "2024-01-20 15:34:03", "elapsed": 702.95544, "delta": 4.350317}}
{"target": -2300.0, "params": {"momentum_down": 0.6933289987819798, "momentum_up": 0.9848031913835187, "mu_down": 0.039420347128232905, "mu_up": 0.00042035838947541586}, "datetime": {"datetime": "2024-01-20 15:34:04", "elapsed": 703.730967, "delta": 0.775527}}
{"target": -1757.0711575300697, "params": {"momentum_down": 0.8883229358081335, "momentum_up": 0.6157979701126753, "mu_down": 0.06426494847113812, "mu_up": 0.00024163966347581607}, "datetime": {"datetime": "2024-01-20 15:34:07", "elapsed": 706.089438, "delta": 2.358471}}
{"target": -1494.1053933567705, "params": {"momentum_down": 0.7636742794091074, "momentum_up": 0.882256983747211, "mu_down": 0.27192356474647195, "mu_up": 8.007863403923969e-05}, "datetime": {"datetime": "2024-01-20 15:34:11", "elapsed": 710.586161, "delta": 4.496723}}
{"target": -2300.0, "params": {"momentum_down": 0.6827332372166455, "momentum_up": 0.6407967280052821, "mu_down": 0.17731107815591649, "mu_up": 0.0009821572806484155}, "datetime": {"datetime": "2024-01-20 15:34:12", "elapsed": 711.266827, "delta": 0.680666}}
{"target": -484.0629368355769, "params": {"momentum_down": 0.8150704556543115, "momentum_up": 0.8453504509326442, "mu_down": 0.268962405614026, "mu_up": 0.0003709849899567634}, "datetime": {"datetime": "2024-01-20 15:34:16", "elapsed": 715.881555, "delta": 4.614728}}
{"target": -2011.6079037684126, "params": {"momentum_down": 0.551563958459594, "momentum_up": 0.5242633744551246, "mu_down": 0.25187835396431635, "mu_up": 3.0418800277837047e-05}, "datetime": {"datetime": "2024-01-20 15:34:21", "elapsed": 720.4352, "delta": 4.553645}}
{"target": -2300.0, "params": {"momentum_down": 0.6586806573675996, "momentum_up": 0.9198407608024588, "mu_down": 0.09591236520918628, "mu_up": 0.0007051651918868297}, "datetime": {"datetime": "2024-01-20 15:34:22", "elapsed": 721.528418, "delta": 1.093218}}
{"target": -1212.0608452177958, "params": {"momentum_down": 0.9308800823913084, "momentum_up": 0.7468453296865795, "mu_down": 0.18832371316374402, "mu_up": 0.00023171355803860408}, "datetime": {"datetime": "2024-01-20 15:34:27", "elapsed": 726.534792, "delta": 5.006374}}
{"target": -2300.0, "params": {"momentum_down": 0.9224671764684009, "momentum_up": 0.7848244497039341, "mu_down": 0.2974639229971849, "mu_up": 0.0007032470659224752}, "datetime": {"datetime": "2024-01-20 15:34:28", "elapsed": 727.21101, "delta": 0.676218}}
{"target": -787.1367122170435, "params": {"momentum_down": 0.6840880968653913, "momentum_up": 0.7808387675845141, "mu_down": 0.19871282773987162, "mu_up": 0.00034937782250081686}, "datetime": {"datetime": "2024-01-20 15:34:29", "elapsed": 728.839531, "delta": 1.628521}}
{"target": -1030.0809518277229, "params": {"momentum_down": 0.6848372098568768, "momentum_up": 0.7803719880802937, "mu_down": 0.19938146776030405, "mu_up": 0.0002453881862094721}, "datetime": {"datetime": "2024-01-20 15:34:36", "elapsed": 735.612391, "delta": 6.77286}}
{"target": -1272.3809943139938, "params": {"momentum_down": 0.5675363353194808, "momentum_up": 0.8963761612328403, "mu_down": 0.13264608337786832, "mu_up": 0.0009114541022570414}, "datetime": {"datetime": "2024-01-20 15:34:42", "elapsed": 741.060539, "delta": 5.448148}}
{"target": -565.0447061163092, "params": {"momentum_down": 0.8738452655143392, "momentum_up": 0.9464979128049076, "mu_down": 0.21800628743176473, "mu_up": 0.00026904570683506686}, "datetime": {"datetime": "2024-01-20 15:34:43", "elapsed": 742.690733, "delta": 1.630194}}
{"target": -1151.3759104313242, "params": {"momentum_down": 0.5702753650229866, "momentum_up": 0.9410023576662712, "mu_down": 0.1490131161219168, "mu_up": 0.0002619779694499689}, "datetime": {"datetime": "2024-01-20 15:34:45", "elapsed": 744.566515, "delta": 1.875782}}
{"target": -2073.6443931224735, "params": {"momentum_down": 0.9561209455395145, "momentum_up": 0.5098417029223933, "mu_down": 0.14760656517298487, "mu_up": 0.0003003155889064553}, "datetime": {"datetime": "2024-01-20 15:34:48", "elapsed": 747.00414, "delta": 2.437625}}
{"target": -2019.6270252575853, "params": {"momentum_down": 0.6161945911453106, "momentum_up": 0.7717534182108164, "mu_down": 0.020232244520410118, "mu_up": 0.00018418206822932713}, "datetime": {"datetime": "2024-01-20 15:34:52", "elapsed": 751.510004, "delta": 4.505864}}
{"target": -2300.0, "params": {"momentum_down": 0.6124108785269571, "momentum_up": 0.6791636718087787, "mu_down": 0.1931739772192567, "mu_up": 0.0006734904979118257}, "datetime": {"datetime": "2024-01-20 15:34:56", "elapsed": 755.954624, "delta": 4.44462}}
{"target": -2300.0, "params": {"momentum_down": 0.7258630540206833, "momentum_up": 0.5796101823166641, "mu_down": 0.2021629460615263, "mu_up": 0.0006555143912964949}, "datetime": {"datetime": "2024-01-20 15:34:57", "elapsed": 756.618096, "delta": 0.663472}}
{"target": -1212.080933164231, "params": {"momentum_down": 0.8234415404652855, "momentum_up": 0.7865906255128723, "mu_down": 0.1298214875293126, "mu_up": 0.00018849456306353925}, "datetime": {"datetime": "2024-01-20 15:35:02", "elapsed": 761.037254, "delta": 4.419158}}
{"target": -627.1119232033726, "params": {"momentum_down": 0.721242809722071, "momentum_up": 0.7833250223034816, "mu_down": 0.13558034934402333, "mu_up": 0.0005630763458177786}, "datetime": {"datetime": "2024-01-20 15:35:08", "elapsed": 767.671661, "delta": 6.634407}}
{"target": -989.6013482693509, "params": {"momentum_down": 0.7843341005683995, "momentum_up": 0.8011153567838637, "mu_down": 0.07821902370160247, "mu_up": 0.000287940643938978}, "datetime": {"datetime": "2024-01-20 15:35:10", "elapsed": 769.396411, "delta": 1.72475}}
{"target": -1050.0838936138266, "params": {"momentum_down": 0.5151268617249026, "momentum_up": 0.6900965370675758, "mu_down": 0.28742488510456504, "mu_up": 0.0003454490068020552}, "datetime": {"datetime": "2024-01-20 15:35:14", "elapsed": 773.499596, "delta": 4.103185}}
{"target": -424.1153844764437, "params": {"momentum_down": 0.7685019774510334, "momentum_up": 0.9314506620452443, "mu_down": 0.27772905866652825, "mu_up": 0.0004317938781606976}, "datetime": {"datetime": "2024-01-20 15:35:17", "elapsed": 776.509103, "delta": 3.009507}}
{"target": -2300.0, "params": {"momentum_down": 0.970681148449602, "momentum_up": 0.8107470589352623, "mu_down": 0.2144457266335967, "mu_up": 0.0006013101373727707}, "datetime": {"datetime": "2024-01-20 15:35:18", "elapsed": 777.141088, "delta": 0.631985}}
{"target": -2000.7707347420721, "params": {"momentum_down": 0.8391155202320844, "momentum_up": 0.6911980876162946, "mu_down": 0.22056874077160712, "mu_up": 7.709335778239758e-05}, "datetime": {"datetime": "2024-01-20 15:35:23", "elapsed": 782.585142, "delta": 5.444054}}
{"target": -1494.0817322549015, "params": {"momentum_down": 0.8068030400837468, "momentum_up": 0.5470699532990769, "mu_down": 0.09505616117802118, "mu_up": 0.00034195596540595414}, "datetime": {"datetime": "2024-01-20 15:35:25", "elapsed": 784.640619, "delta": 2.055477}}
{"target": -2000.139793904399, "params": {"momentum_down": 0.8007708786133934, "momentum_up": 0.8073277518636033, "mu_down": 0.27488990258565954, "mu_up": 0.0005094472287268481}, "datetime": {"datetime": "2024-01-20 15:35:31", "elapsed": 789.996157, "delta": 5.355538}}
{"target": -2300.0, "params": {"momentum_down": 0.9218465957446158, "momentum_up": 0.9786946184457281, "mu_down": 0.14655298608748907, "mu_up": 0.0006112817497086707}, "datetime": {"datetime": "2024-01-20 15:35:32", "elapsed": 790.998973, "delta": 1.002816}}
{"target": -1111.081199862263, "params": {"momentum_down": 0.5217925676798133, "momentum_up": 0.616263743413595, "mu_down": 0.2858319586799645, "mu_up": 0.0003999790907747478}, "datetime": {"datetime": "2024-01-20 15:35:40", "elapsed": 799.293398, "delta": 8.294425}}
{"target": -2300.0, "params": {"momentum_down": 0.9458308690385975, "momentum_up": 0.8941505359958162, "mu_down": 0.1158051363921293, "mu_up": 0.000875172855756767}, "datetime": {"datetime": "2024-01-20 15:35:43", "elapsed": 802.296543, "delta": 3.003145}}
{"target": -2000.8902541736059, "params": {"momentum_down": 0.635942384662711, "momentum_up": 0.9789236065827381, "mu_down": 0.28515536172220424, "mu_up": 0.00016920908344160237}, "datetime": {"datetime": "2024-01-20 15:35:46", "elapsed": 805.01996, "delta": 2.723417}}
{"target": -2300.0, "params": {"momentum_down": 0.8671932764990029, "momentum_up": 0.7153063004612018, "mu_down": 0.26569835416273524, "mu_up": 0.0009072230316096906}, "datetime": {"datetime": "2024-01-20 15:35:48", "elapsed": 807.971182, "delta": 2.951222}}
{"target": -2000.5960065393729, "params": {"momentum_down": 0.8112338317335466, "momentum_up": 0.5043479746996473, "mu_down": 0.1269471860357572, "mu_up": 0.00014099419505699253}, "datetime": {"datetime": "2024-01-20 15:35:51", "elapsed": 810.634126, "delta": 2.662944}}
{"target": -2300.0, "params": {"momentum_down": 0.7559432149526643, "momentum_up": 0.898836280615513, "mu_down": 0.22894102961877005, "mu_up": 0.0006904584207234925}, "datetime": {"datetime": "2024-01-20 15:35:52", "elapsed": 811.475755, "delta": 0.841629}}
{"target": -2300.0, "params": {"momentum_down": 0.7095232774079795, "momentum_up": 0.7437798138260692, "mu_down": 0.27603003084483907, "mu_up": 0.0008712261915052636}, "datetime": {"datetime": "2024-01-20 15:35:56", "elapsed": 815.4881, "delta": 4.012345}}
