{"target": -2272.839401308336, "params": {"momentum_down": 0.4128517846555483, "momentum_up": 0.7131212485077365, "mu_down": 2.2874963468977327e-05, "mu_up": 0.0001581429605896015}, "datetime": {"datetime": "2024-02-15 14:38:24", "elapsed": 0.0, "delta": 0.0}}
{"target": -2029.1895053404187, "params": {"momentum_down": 0.14528833190894191, "momentum_up": 0.09141520882110982, "mu_down": 0.037252042275534185, "mu_up": 0.0001793247562510934}, "datetime": {"datetime": "2024-02-15 14:38:26", "elapsed": 2.174439, "delta": 2.174439}}
{"target": -2001.7078269225133, "params": {"momentum_down": 0.39279979948836324, "momentum_up": 0.5334285666633234, "mu_down": 0.08383890288065897, "mu_up": 0.0003457575551944122}, "datetime": {"datetime": "2024-02-15 14:38:28", "elapsed": 4.066707, "delta": 1.892268}}
{"target": -2101.2943580939573, "params": {"momentum_down": 0.20240772723420225, "momentum_up": 0.869336262027036, "mu_down": 0.005477518639585233, "mu_up": 0.0003385290799874171}, "datetime": {"datetime": "2024-02-15 14:38:30", "elapsed": 5.96773, "delta": 1.901023}}
{"target": -2024.8329389101755, "params": {"momentum_down": 0.41313175434345567, "momentum_up": 0.5531029301612941, "mu_down": 0.028077387719046755, "mu_up": 0.0001070697296515906}, "datetime": {"datetime": "2024-02-15 14:38:32", "elapsed": 7.843366, "delta": 1.875636}}
{"target": -2300.0, "params": {"momentum_down": 0.7927371229887813, "momentum_up": 0.9585789599622035, "mu_down": 0.06268483563184857, "mu_up": 0.0003492380816779639}, "datetime": {"datetime": "2024-02-15 14:38:32", "elapsed": 8.264529, "delta": 0.421163}}
{"target": -2003.8541422163435, "params": {"momentum_down": 0.8676252607730779, "momentum_up": 0.8856605968688088, "mu_down": 0.017008842273955584, "mu_up": 2.9136843784112358e-05}, "datetime": {"datetime": "2024-02-15 14:38:34", "elapsed": 10.333844, "delta": 2.069315}}
{"target": -2046.8978330287173, "params": {"momentum_down": 0.16813211536892322, "momentum_up": 0.869361078395119, "mu_down": 0.01966936676661002, "mu_up": 0.00021634273625247555}, "datetime": {"datetime": "2024-02-15 14:38:36", "elapsed": 12.396853, "delta": 2.063009}}
{"target": -2000.2411208496403, "params": {"momentum_down": 0.9483106348489969, "momentum_up": 0.5278336321232869, "mu_down": 0.13837542279009468, "mu_up": 0.00016460265919297085}, "datetime": {"datetime": "2024-02-15 14:38:38", "elapsed": 14.372437, "delta": 1.975584}}
{"target": -2078.7195510011284, "params": {"momentum_down": 0.6796359184047678, "momentum_up": 0.8262794151783992, "mu_down": 0.0036576554688383615, "mu_up": 0.0003775707143230341}, "datetime": {"datetime": "2024-02-15 14:38:40", "elapsed": 16.188658, "delta": 1.816221}}
{"target": -2300.0, "params": {"momentum_down": 0.9789724780174297, "momentum_up": 0.740683997836041, "mu_down": 0.05608879841288104, "mu_up": 0.00039674687094122936}, "datetime": {"datetime": "2024-02-15 14:38:40", "elapsed": 16.227165, "delta": 0.038507}}
{"target": -2001.2678754350945, "params": {"momentum_down": 0.10219374651186561, "momentum_up": 0.4434145909141461, "mu_down": 0.18171910061861912, "mu_up": 0.00015387093270310295}, "datetime": {"datetime": "2024-02-15 14:38:42", "elapsed": 18.032751, "delta": 1.805586}}
{"target": -2114.6699336192737, "params": {"momentum_down": 0.28489758520048525, "momentum_up": 0.1287282863970949, "mu_down": 0.003873391574059415, "mu_up": 0.0003426294111405466}, "datetime": {"datetime": "2024-02-15 14:38:44", "elapsed": 19.993056, "delta": 1.960305}}
{"target": -2018.780922220427, "params": {"momentum_down": 0.20951183484005845, "momentum_up": 0.2628911927785039, "mu_down": 0.09831463185606766, "mu_up": 3.614764710736939e-05}, "datetime": {"datetime": "2024-02-15 14:38:46", "elapsed": 21.871609, "delta": 1.878553}}
{"target": -2000.2981933806516, "params": {"momentum_down": 0.568376429437093, "momentum_up": 0.14526128915675204, "mu_down": 0.11786110738065686, "mu_up": 0.0003528815964102563}, "datetime": {"datetime": "2024-02-15 14:38:47", "elapsed": 23.725932, "delta": 1.854323}}
{"target": -2001.6510385034671, "params": {"momentum_down": 0.10131108453954758, "momentum_up": 0.40991542794137265, "mu_down": 0.13888003154554904, "mu_up": 0.00021294784206818228}, "datetime": {"datetime": "2024-02-15 14:38:49", "elapsed": 25.617155, "delta": 1.891223}}
{"target": -2001.7522311669916, "params": {"momentum_down": 0.04945392435662629, "momentum_up": 0.5305374418563564, "mu_down": 0.13275892904395778, "mu_up": 0.0002622956649085712}, "datetime": {"datetime": "2024-02-15 14:38:51", "elapsed": 27.474681, "delta": 1.857526}}
{"target": -2001.3993171652971, "params": {"momentum_down": 0.9351488084309052, "momentum_up": 0.580689490096973, "mu_down": 0.18068038305757672, "mu_up": 7.736260503165639e-05}, "datetime": {"datetime": "2024-02-15 14:38:53", "elapsed": 29.406626, "delta": 1.931945}}
{"target": -2006.602275613582, "params": {"momentum_down": 0.13788358377825097, "momentum_up": 0.7993173758224286, "mu_down": 0.07953536739710672, "mu_up": 9.102355658729706e-05}, "datetime": {"datetime": "2024-02-15 14:38:55", "elapsed": 31.241465, "delta": 1.834839}}
{"target": -2000.153588318446, "params": {"momentum_down": 0.9182334945920736, "momentum_up": 0.3442882011480515, "mu_down": 0.15016242062723112, "mu_up": 0.00036573901282172124}, "datetime": {"datetime": "2024-02-15 14:38:57", "elapsed": 33.142569, "delta": 1.901104}}
{"target": -2166.4565154762727, "params": {"momentum_down": 0.05908323069121823, "momentum_up": 0.8352338935258937, "mu_down": 0.0015439711968242122, "mu_up": 8.931185776422114e-05}, "datetime": {"datetime": "2024-02-15 14:38:59", "elapsed": 35.146155, "delta": 2.003586}}
{"target": -2024.3537553023193, "params": {"momentum_down": 0.9069589001463934, "momentum_up": 0.36354899928302215, "mu_down": 0.1380104047852679, "mu_up": 0.00040264772427666334}, "datetime": {"datetime": "2024-02-15 14:39:01", "elapsed": 37.133985, "delta": 1.98783}}
{"target": -2003.4302398268437, "params": {"momentum_down": 0.31522869904386586, "momentum_up": 0.6564281711363338, "mu_down": 0.08967797126578343, "mu_up": 9.438055055748025e-05}, "datetime": {"datetime": "2024-02-15 14:39:03", "elapsed": 39.448473, "delta": 2.314488}}
{"target": -2005.4851147299178, "params": {"momentum_down": 0.2917948304493497, "momentum_up": 0.5626471167045333, "mu_down": 0.10185729594575432, "mu_up": 6.849261676990821e-05}, "datetime": {"datetime": "2024-02-15 14:39:06", "elapsed": 41.852779, "delta": 2.404306}}
{"target": -2000.2958298084327, "params": {"momentum_down": 0.9352824956802217, "momentum_up": 0.5871888284875639, "mu_down": 0.1788124146015809, "mu_up": 0.00013610034594712896}, "datetime": {"datetime": "2024-02-15 14:39:08", "elapsed": 43.999251, "delta": 2.146472}}
{"target": -2002.0986932019605, "params": {"momentum_down": 0.1992777416815347, "momentum_up": 0.6625266594121944, "mu_down": 0.12255950884074826, "mu_up": 0.00010065878604822701}, "datetime": {"datetime": "2024-02-15 14:39:10", "elapsed": 46.182357, "delta": 2.183106}}
{"target": -2002.7469169804356, "params": {"momentum_down": 0.16342295779504895, "momentum_up": 0.5184737667906117, "mu_down": 0.1012270784018257, "mu_up": 0.0005}, "datetime": {"datetime": "2024-02-15 14:39:12", "elapsed": 48.376511, "delta": 2.194154}}
{"target": -2002.0919719011538, "params": {"momentum_down": 0.3735054796454565, "momentum_up": 0.2977336779752298, "mu_down": 0.08304026458045255, "mu_up": 0.00041721461411101454}, "datetime": {"datetime": "2024-02-15 14:39:14", "elapsed": 50.407894, "delta": 2.031383}}
{"target": -2001.618121025131, "params": {"momentum_down": 0.2795278608282082, "momentum_up": 0.4063054832453556, "mu_down": 0.10361084679496375, "mu_up": 0.0003142690065377357}, "datetime": {"datetime": "2024-02-15 14:39:16", "elapsed": 52.722706, "delta": 2.314812}}
{"target": -2002.8575807564928, "params": {"momentum_down": 0.2844696061958311, "momentum_up": 0.7909569378049244, "mu_down": 0.08471785196801424, "mu_up": 0.0002814992835020821}, "datetime": {"datetime": "2024-02-15 14:39:19", "elapsed": 54.884202, "delta": 2.161496}}
{"target": -2016.5771964598914, "params": {"momentum_down": 0.29121747473762954, "momentum_up": 0.14947591936975227, "mu_down": 0.04506730755174067, "mu_up": 0.0001923451974982346}, "datetime": {"datetime": "2024-02-15 14:39:21", "elapsed": 57.448899, "delta": 2.564697}}
{"target": -2037.2881024404262, "params": {"momentum_down": 0.3228935451091706, "momentum_up": 0.19450418721806645, "mu_down": 0.1332423273340767, "mu_up": 1e-05}, "datetime": {"datetime": "2024-02-15 14:39:23", "elapsed": 59.669012, "delta": 2.220113}}
{"target": -2300.0, "params": {"momentum_down": 0.865150688649818, "momentum_up": 0.7582079845888144, "mu_down": 0.07776796326341606, "mu_up": 0.0004387421652430241}, "datetime": {"datetime": "2024-02-15 14:39:24", "elapsed": 59.933416, "delta": 0.264404}}
{"target": -2017.3767911031505, "params": {"momentum_down": 0.22078051380902783, "momentum_up": 0.7845417386867088, "mu_down": 0.18672173036140396, "mu_up": 1e-05}, "datetime": {"datetime": "2024-02-15 14:39:26", "elapsed": 62.619013, "delta": 2.685597}}
{"target": -2300.0, "params": {"momentum_down": 0.7978173258470223, "momentum_up": 0.9366549847520004, "mu_down": 0.08208713454917715, "mu_up": 0.0004500841116506447}, "datetime": {"datetime": "2024-02-15 14:39:26", "elapsed": 62.767775, "delta": 0.148762}}
{"target": -2038.7714672332988, "params": {"momentum_down": 0.47020585827021394, "momentum_up": 0.4055353032701971, "mu_down": 0.05127308046358976, "mu_up": 1e-05}, "datetime": {"datetime": "2024-02-15 14:39:29", "elapsed": 65.26823, "delta": 2.500455}}
{"target": -2300.0, "params": {"momentum_down": 0.99, "momentum_up": 0.23249384862987024, "mu_down": 0.2, "mu_up": 0.00021263788707210734}, "datetime": {"datetime": "2024-02-15 14:39:30", "elapsed": 66.388795, "delta": 1.120565}}
{"target": -2093.6949175566197, "params": {"momentum_down": 0.9387182763436606, "momentum_up": 0.7816741046984651, "mu_down": 0.11522129873711784, "mu_up": 0.00030286075939386974}, "datetime": {"datetime": "2024-02-15 14:39:33", "elapsed": 69.011357, "delta": 2.622562}}
{"target": -2000.05478327259, "params": {"momentum_down": 0.29701563838439154, "momentum_up": 0.6645599043298602, "mu_down": 0.1910661475365465, "mu_up": 0.0003106099062781845}, "datetime": {"datetime": "2024-02-15 14:39:35", "elapsed": 71.508535, "delta": 2.497178}}
{"target": -2029.751913569074, "params": {"momentum_down": 0.2349116938815968, "momentum_up": 0.490299459209125, "mu_down": 0.2, "mu_up": 1e-05}, "datetime": {"datetime": "2024-02-15 14:39:38", "elapsed": 74.456871, "delta": 2.948336}}
{"target": -2096.675143960329, "params": {"momentum_down": 0.3418920302906971, "momentum_up": 0.050783139944782535, "mu_down": 0.005521127960123051, "mu_up": 0.00037617142201130477}, "datetime": {"datetime": "2024-02-15 14:39:40", "elapsed": 76.437542, "delta": 1.980671}}
{"target": -2126.226861747606, "params": {"momentum_down": 0.326497439405276, "momentum_up": 0.46307853865973386, "mu_down": 0.002600877331416074, "mu_up": 0.00040802723675853307}, "datetime": {"datetime": "2024-02-15 14:39:43", "elapsed": 78.80971, "delta": 2.372168}}
{"target": -2000.1565454456932, "params": {"momentum_down": 0.20827749946074242, "momentum_up": 0.3601841705390993, "mu_down": 0.18166273753571519, "mu_up": 0.0005}, "datetime": {"datetime": "2024-02-15 14:39:45", "elapsed": 81.260405, "delta": 2.450695}}
{"target": -2000.0569183875557, "params": {"momentum_down": 0.34298559181719324, "momentum_up": 0.3619982456691146, "mu_down": 0.18720741811503938, "mu_up": 0.0005}, "datetime": {"datetime": "2024-02-15 14:39:47", "elapsed": 83.770531, "delta": 2.510126}}
{"target": -2017.900154015388, "params": {"momentum_down": 0.31122724904073773, "momentum_up": 0.5844690992125787, "mu_down": 0.03677334499792153, "mu_up": 0.00034714364604835333}, "datetime": {"datetime": "2024-02-15 14:39:50", "elapsed": 85.921091, "delta": 2.15056}}
{"target": -2000.1550164049884, "params": {"momentum_down": 0.49255700748627534, "momentum_up": 0.2512434299457922, "mu_down": 0.13102089646689877, "mu_up": 0.0005}, "datetime": {"datetime": "2024-02-15 14:39:53", "elapsed": 89.28021, "delta": 3.359119}}
{"target": -2000.1865030893343, "params": {"momentum_down": 0.2530379408019461, "momentum_up": 0.3100677379619884, "mu_down": 0.17212468723726837, "mu_up": 0.0004444401196451715}, "datetime": {"datetime": "2024-02-15 14:39:55", "elapsed": 91.371225, "delta": 2.091015}}
{"target": -2063.2951066036844, "params": {"momentum_down": 0.5013396580131765, "momentum_up": 0.2068687482319871, "mu_down": 0.01949670923061894, "mu_up": 1e-05}, "datetime": {"datetime": "2024-02-15 14:39:58", "elapsed": 94.131902, "delta": 2.760677}}
{"target": -2002.7361672512764, "params": {"momentum_down": 0.7679692411055381, "momentum_up": 0.44341114154766337, "mu_down": 0.1332415341541521, "mu_up": 8.453150676656135e-05}, "datetime": {"datetime": "2024-02-15 14:40:00", "elapsed": 96.033713, "delta": 1.901811}}
{"target": -2001.2744515284958, "params": {"momentum_down": 0.6182290201891698, "momentum_up": 0.2580249988094502, "mu_down": 0.1648925071298655, "mu_up": 0.0004492042860707412}, "datetime": {"datetime": "2024-02-15 14:40:02", "elapsed": 98.427591, "delta": 2.393878}}
{"target": -2000.0951165787767, "params": {"momentum_down": 0.5214024075104865, "momentum_up": 0.3656380231970896, "mu_down": 0.1884932328775566, "mu_up": 0.0003392491954264503}, "datetime": {"datetime": "2024-02-15 14:40:05", "elapsed": 100.959053, "delta": 2.531462}}
{"target": -2000.176596454326, "params": {"momentum_down": 0.636498088647781, "momentum_up": 0.38800730492352153, "mu_down": 0.12738768492840813, "mu_up": 0.0002769292462308804}, "datetime": {"datetime": "2024-02-15 14:40:08", "elapsed": 103.801384, "delta": 2.842331}}
{"target": -2004.7400684696934, "params": {"momentum_down": 0.7118143316552588, "momentum_up": 0.784200613695581, "mu_down": 0.18820992928506658, "mu_up": 2.6065070863043334e-05}, "datetime": {"datetime": "2024-02-15 14:40:10", "elapsed": 106.063139, "delta": 2.261755}}
{"target": -2001.2018948837647, "params": {"momentum_down": 0.570298661396325, "momentum_up": 0.14801567081945038, "mu_down": 0.11424238830390039, "mu_up": 0.0002071703331756475}, "datetime": {"datetime": "2024-02-15 14:40:12", "elapsed": 108.159507, "delta": 2.096368}}
{"target": -2003.6093619421665, "params": {"momentum_down": 0.5550650962229202, "momentum_up": 0.38380593308260863, "mu_down": 0.08174583711793747, "mu_up": 0.00010458399368059549}, "datetime": {"datetime": "2024-02-15 14:40:14", "elapsed": 110.549059, "delta": 2.389552}}
{"target": -2035.8137611588033, "params": {"momentum_down": 0.3317226081749346, "momentum_up": 0.2057337095030188, "mu_down": 0.03211817367040457, "mu_up": 5.664932343143851e-05}, "datetime": {"datetime": "2024-02-15 14:40:16", "elapsed": 112.762719, "delta": 2.21366}}
{"target": -2018.7222394218568, "params": {"momentum_down": 0.5565901988842585, "momentum_up": 0.27062636380712635, "mu_down": 0.1808491349334019, "mu_up": 2.79569214016883e-05}, "datetime": {"datetime": "2024-02-15 14:40:18", "elapsed": 114.751972, "delta": 1.989253}}
{"target": -2000.4301285820793, "params": {"momentum_down": 0.7968388804999145, "momentum_up": 0.7852485779277919, "mu_down": 0.15527448662506946, "mu_up": 6.92569634593642e-05}, "datetime": {"datetime": "2024-02-15 14:40:20", "elapsed": 116.756202, "delta": 2.00423}}
{"target": -2300.0, "params": {"momentum_down": 0.9488922235772734, "momentum_up": 0.2831150012844608, "mu_down": 0.08552407918815003, "mu_up": 0.0004867188969641239}, "datetime": {"datetime": "2024-02-15 14:40:21", "elapsed": 116.88879, "delta": 0.132588}}
{"target": -2001.2582783477387, "params": {"momentum_down": 0.045286155316616755, "momentum_up": 0.23230119126784707, "mu_down": 0.18930945852464587, "mu_up": 0.0002170802695348834}, "datetime": {"datetime": "2024-02-15 14:40:23", "elapsed": 119.018146, "delta": 2.129356}}
{"target": -2088.1001517398563, "params": {"momentum_down": 0.0983448291669507, "momentum_up": 0.13295881237790239, "mu_down": 0.009627827242762588, "mu_up": 0.0002560630035544873}, "datetime": {"datetime": "2024-02-15 14:40:25", "elapsed": 121.402659, "delta": 2.384513}}
{"target": -2001.3397377772123, "params": {"momentum_down": 0.7482081476065383, "momentum_up": 0.6657021490682816, "mu_down": 0.06832148283111197, "mu_up": 7.65459374856698e-05}, "datetime": {"datetime": "2024-02-15 14:40:27", "elapsed": 123.385177, "delta": 1.982518}}
{"target": -2000.0381937709574, "params": {"momentum_down": 0.5652743193079498, "momentum_up": 0.7518932253404585, "mu_down": 0.14450934736397922, "mu_up": 0.0001839128779322494}, "datetime": {"datetime": "2024-02-15 14:40:29", "elapsed": 125.475105, "delta": 2.089928}}
{"target": -2300.0, "params": {"momentum_down": 0.9728344198184745, "momentum_up": 0.726076663171826, "mu_down": 0.17704816722079725, "mu_up": 0.0003982341763785027}, "datetime": {"datetime": "2024-02-15 14:40:30", "elapsed": 125.796879, "delta": 0.321774}}
{"target": -2021.4683876232082, "params": {"momentum_down": 0.6699306310409552, "momentum_up": 0.6688772295950315, "mu_down": 0.1474150925999368, "mu_up": 1e-05}, "datetime": {"datetime": "2024-02-15 14:40:32", "elapsed": 128.430388, "delta": 2.633509}}
{"target": -2000.1721563055441, "params": {"momentum_down": 0.7964819397825111, "momentum_up": 0.5622283039874425, "mu_down": 0.14585581177794996, "mu_up": 0.00018643012136006345}, "datetime": {"datetime": "2024-02-15 14:40:35", "elapsed": 131.324094, "delta": 2.893706}}
{"target": -2008.853593638191, "params": {"momentum_down": 0.7016915613684663, "momentum_up": 0.5444158378561877, "mu_down": 0.07066409304581509, "mu_up": 3.568378305298521e-05}, "datetime": {"datetime": "2024-02-15 14:40:38", "elapsed": 134.12926, "delta": 2.805166}}
{"target": -2006.057759706069, "params": {"momentum_down": 0.7093778266571782, "momentum_up": 0.4428153847093113, "mu_down": 0.03500665746647267, "mu_up": 0.00010202865282735731}, "datetime": {"datetime": "2024-02-15 14:40:40", "elapsed": 136.358384, "delta": 2.229124}}
{"target": -2000.0323434279142, "params": {"momentum_down": 0.5623504059839396, "momentum_up": 0.49466469685178477, "mu_down": 0.14808382836967057, "mu_up": 0.0004062212083564149}, "datetime": {"datetime": "2024-02-15 14:40:43", "elapsed": 139.398456, "delta": 3.040072}}
{"target": -2000.3361080897123, "params": {"momentum_down": 0.10232102186268131, "momentum_up": 0.44205611261306765, "mu_down": 0.18019565180980654, "mu_up": 0.00038604613729306453}, "datetime": {"datetime": "2024-02-15 14:40:47", "elapsed": 142.806105, "delta": 3.407649}}
{"target": -2001.6855590437472, "params": {"momentum_down": 0.4332276691370797, "momentum_up": 0.4780642492015545, "mu_down": 0.19789167630073146, "mu_up": 0.00010365659602506966}, "datetime": {"datetime": "2024-02-15 14:40:49", "elapsed": 145.448368, "delta": 2.642263}}
{"target": -2000.0248889001957, "params": {"momentum_down": 0.6716520428450757, "momentum_up": 0.49358039269132103, "mu_down": 0.19815385790977388, "mu_up": 0.00038875462068226475}, "datetime": {"datetime": "2024-02-15 14:40:52", "elapsed": 148.323215, "delta": 2.874847}}
{"target": -2004.4961185415855, "params": {"momentum_down": 0.4654644120510778, "momentum_up": 0.5995199078701914, "mu_down": 0.19488546607727542, "mu_up": 4.8438568655596454e-05}, "datetime": {"datetime": "2024-02-15 14:40:55", "elapsed": 151.329789, "delta": 3.006574}}
{"target": -2000.3336144490072, "params": {"momentum_down": 0.16413317803142433, "momentum_up": 0.1442709344694259, "mu_down": 0.1799637442077331, "mu_up": 0.0004446795095857457}, "datetime": {"datetime": "2024-02-15 14:40:58", "elapsed": 154.261459, "delta": 2.93167}}
{"target": -2001.4263087366946, "params": {"momentum_down": 0.8176141635705327, "momentum_up": 0.35676680707216385, "mu_down": 0.19828268187652684, "mu_up": 0.00012807991822130237}, "datetime": {"datetime": "2024-02-15 14:41:01", "elapsed": 156.947279, "delta": 2.68582}}
{"target": -2011.3582943371405, "params": {"momentum_down": 0.1714841427524696, "momentum_up": 0.0214021691008657, "mu_down": 0.06200340671880902, "mu_up": 0.000312649377567164}, "datetime": {"datetime": "2024-02-15 14:41:03", "elapsed": 159.223912, "delta": 2.276633}}
{"target": -2300.0274572905087, "params": {"momentum_down": 0.9619917380786962, "momentum_up": 0.9276053743675946, "mu_down": 0.0, "mu_up": 1e-05}, "datetime": {"datetime": "2024-02-15 14:41:06", "elapsed": 162.030977, "delta": 2.807065}}
{"target": -2000.9200456711749, "params": {"momentum_down": 0.6982361290792387, "momentum_up": 0.49913598599340553, "mu_down": 0.06873526293661143, "mu_up": 0.00014707416289365963}, "datetime": {"datetime": "2024-02-15 14:41:08", "elapsed": 163.966715, "delta": 1.935738}}
{"target": -2300.0, "params": {"momentum_down": 0.9517073669495628, "momentum_up": 0.42978155690968506, "mu_down": 0.19469174861847394, "mu_up": 0.0003961522809488499}, "datetime": {"datetime": "2024-02-15 14:41:08", "elapsed": 164.738366, "delta": 0.771651}}
{"target": -2070.1199869838115, "params": {"momentum_down": 0.09368487884385657, "momentum_up": 0.5040033852577089, "mu_down": 0.012875997947496921, "mu_up": 0.00034231055949752716}, "datetime": {"datetime": "2024-02-15 14:41:10", "elapsed": 166.757763, "delta": 2.019397}}
{"target": -2017.4992404656055, "params": {"momentum_down": 0.6901060005289948, "momentum_up": 0.4770873940554069, "mu_down": 0.0215139624249312, "mu_up": 7.462647350004508e-05}, "datetime": {"datetime": "2024-02-15 14:41:13", "elapsed": 169.008489, "delta": 2.250726}}
{"target": -2028.2643325479203, "params": {"momentum_down": 0.7318739157956566, "momentum_up": 0.31596945947943794, "mu_down": 0.13159490958570103, "mu_up": 1e-05}, "datetime": {"datetime": "2024-02-15 14:41:16", "elapsed": 172.010014, "delta": 3.001525}}
