{"target": -2000.3456642255824, "params": {"momentum_down": 0.727642075811734, "momentum_up": 0.9697534032982529, "mu_down": 0.24378233609237965, "mu_up": 0.00043920997874148085}, "datetime": {"datetime": "2024-01-20 15:25:36", "elapsed": 195.410554, "delta": 2.758617}}
{"target": -2300.0, "params": {"momentum_down": 0.5737508118724278, "momentum_up": 0.9706087253466456, "mu_down": 0.23290278112296117, "mu_up": 0.0009515624760481802}, "datetime": {"datetime": "2024-01-20 15:25:36", "elapsed": 195.791728, "delta": 0.381174}}
{"target": -2000.3525901794346, "params": {"momentum_down": 0.5508035786587473, "momentum_up": 0.5653588379872141, "mu_down": 0.09900075247608224, "mu_up": 0.00020357786609386138}, "datetime": {"datetime": "2024-01-20 15:25:38", "elapsed": 197.727069, "delta": 1.935341}}
{"target": -2300.0, "params": {"momentum_down": 0.7128836708758467, "momentum_up": 0.9636080931463731, "mu_down": 0.2096770196010753, "mu_up": 0.0009152359261764517}, "datetime": {"datetime": "2024-01-20 15:25:39", "elapsed": 198.337954, "delta": 0.610885}}
{"target": -2300.0, "params": {"momentum_down": 0.9341910069446611, "momentum_up": 0.7256040036163625, "mu_down": 0.027244402948603454, "mu_up": 0.00014749280233659467}, "datetime": {"datetime": "2024-01-20 15:25:39", "elapsed": 198.88974, "delta": 0.551786}}
{"target": -2300.0, "params": {"momentum_down": 0.8513652970091612, "momentum_up": 0.6826684553825033, "mu_down": 0.07775820479528919, "mu_up": 0.0008678728362994331}, "datetime": {"datetime": "2024-01-20 15:25:40", "elapsed": 199.241266, "delta": 0.351526}}
{"target": -1252.277297176701, "params": {"momentum_down": 0.7957236522879247, "momentum_up": 0.9225254548414512, "mu_down": 0.06802098169795888, "mu_up": 8.184911542466514e-05}, "datetime": {"datetime": "2024-01-20 15:25:42", "elapsed": 201.40189, "delta": 2.160624}}
{"target": -989.0636647166586, "params": {"momentum_down": 0.7871612297196999, "momentum_up": 0.913562024692117, "mu_down": 0.1365254684306648, "mu_up": 0.0003623218436297504}, "datetime": {"datetime": "2024-01-20 15:25:44", "elapsed": 203.189871, "delta": 1.787981}}
{"target": -2300.0, "params": {"momentum_down": 0.687106795616033, "momentum_up": 0.5892218193697059, "mu_down": 0.08760315158083011, "mu_up": 0.0008654982232440302}, "datetime": {"datetime": "2024-01-20 15:25:44", "elapsed": 203.593394, "delta": 0.403523}}
{"target": -2300.0, "params": {"momentum_down": 0.6298537141783702, "momentum_up": 0.9305530635447481, "mu_down": 0.02690881511016091, "mu_up": 0.0006056740773813962}, "datetime": {"datetime": "2024-01-20 15:25:45", "elapsed": 204.037503, "delta": 0.444109}}
{"target": -2300.0, "params": {"momentum_down": 0.9104060799747791, "momentum_up": 0.8808937597379096, "mu_down": 0.048438875527360155, "mu_up": 0.0004004264938514313}, "datetime": {"datetime": "2024-01-20 15:25:45", "elapsed": 204.403049, "delta": 0.365546}}
{"target": -2000.0752132219425, "params": {"momentum_down": 0.6332977495464556, "momentum_up": 0.512418244058054, "mu_down": 0.1630990564669337, "mu_up": 0.0004821481724325203}, "datetime": {"datetime": "2024-01-20 15:25:47", "elapsed": 206.489437, "delta": 2.086388}}
{"target": -1010.0805128752436, "params": {"momentum_down": 0.7632881351742309, "momentum_up": 0.6855730497924456, "mu_down": 0.28787323196273923, "mu_up": 0.00032584528273239295}, "datetime": {"datetime": "2024-01-20 15:25:48", "elapsed": 207.752953, "delta": 1.263516}}
{"target": -1858.0787439482908, "params": {"momentum_down": 0.5189999875815691, "momentum_up": 0.7532294476545456, "mu_down": 0.2405429283443737, "mu_up": 0.00014295868423077224}, "datetime": {"datetime": "2024-01-20 15:25:51", "elapsed": 210.050838, "delta": 2.297885}}
{"target": -1494.2037099094998, "params": {"momentum_down": 0.5247570787676494, "momentum_up": 0.9083990319817151, "mu_down": 0.14289556594787567, "mu_up": 0.0007171483085281256}, "datetime": {"datetime": "2024-01-20 15:25:52", "elapsed": 211.621974, "delta": 1.571136}}
{"target": -2300.0, "params": {"momentum_down": 0.9575096200735507, "momentum_up": 0.8893491569033055, "mu_down": 0.21518725878676176, "mu_up": 0.0005992908579021728}, "datetime": {"datetime": "2024-01-20 15:25:52", "elapsed": 211.874346, "delta": 0.252372}}
{"target": -2300.0, "params": {"momentum_down": 0.5686515568272562, "momentum_up": 0.8569715590728224, "mu_down": 0.08927698573784347, "mu_up": 0.0009844284944328559}, "datetime": {"datetime": "2024-01-20 15:25:53", "elapsed": 212.32731, "delta": 0.452964}}
{"target": -2300.0, "params": {"momentum_down": 0.5576597990215004, "momentum_up": 0.8211148637511174, "mu_down": 0.28568236959055093, "mu_up": 0.00088853401793171}, "datetime": {"datetime": "2024-01-20 15:25:53", "elapsed": 212.910474, "delta": 0.583164}}
{"target": -2000.123277398777, "params": {"momentum_down": 0.7113984997152819, "momentum_up": 0.526445892618429, "mu_down": 0.10796412056246414, "mu_up": 0.0006499786776453998}, "datetime": {"datetime": "2024-01-20 15:25:55", "elapsed": 214.92386, "delta": 2.013386}}
{"target": -1656.093233631018, "params": {"momentum_down": 0.9129227365959083, "momentum_up": 0.8214289089573239, "mu_down": 0.2548210265297461, "mu_up": 0.00010451244979207468}, "datetime": {"datetime": "2024-01-20 15:25:57", "elapsed": 216.634021, "delta": 1.710161}}
{"target": -2004.4672890015777, "params": {"momentum_down": 0.7500296808639102, "momentum_up": 0.5186608350772767, "mu_down": 0.02592654479387676, "mu_up": 0.0003131926536835418}, "datetime": {"datetime": "2024-01-20 15:25:59", "elapsed": 218.817788, "delta": 2.183767}}
{"target": -1070.1606487762576, "params": {"momentum_down": 0.6616964699256866, "momentum_up": 0.8648494783711002, "mu_down": 0.14984020056025238, "mu_up": 0.00016015402362673774}, "datetime": {"datetime": "2024-01-20 15:26:01", "elapsed": 220.062979, "delta": 1.245191}}
{"target": -6009.511627989093, "params": {"momentum_down": 0.7165373113266272, "momentum_up": 0.7288049285853097, "mu_down": 0.03944406798617901, "mu_up": 0.00032341181284436187}, "datetime": {"datetime": "2024-01-20 15:26:03", "elapsed": 222.006624, "delta": 1.943645}}
{"target": -2300.0, "params": {"momentum_down": 0.6062533098566786, "momentum_up": 0.9781924632169707, "mu_down": 0.08171979219706778, "mu_up": 0.0009348434435894786}, "datetime": {"datetime": "2024-01-20 15:26:03", "elapsed": 222.314608, "delta": 0.307984}}
{"target": -2300.0, "params": {"momentum_down": 0.8639773555091288, "momentum_up": 0.6969892419143527, "mu_down": 0.10417699230540912, "mu_up": 0.0009861000818195936}, "datetime": {"datetime": "2024-01-20 15:26:03", "elapsed": 222.724808, "delta": 0.4102}}
{"target": -2300.0, "params": {"momentum_down": 0.7344332582683366, "momentum_up": 0.5839142354174083, "mu_down": 0.17630403916873658, "mu_up": 0.0009317777534270508}, "datetime": {"datetime": "2024-01-20 15:26:04", "elapsed": 223.798685, "delta": 1.073877}}
{"target": -2300.0, "params": {"momentum_down": 0.9526734277819204, "momentum_up": 0.5523035579669354, "mu_down": 0.15544187952944327, "mu_up": 0.0008825267140488244}, "datetime": {"datetime": "2024-01-20 15:26:06", "elapsed": 225.424021, "delta": 1.625336}}
{"target": -2300.0, "params": {"momentum_down": 0.9175450089500079, "momentum_up": 0.9576782084005588, "mu_down": 0.07972479677280413, "mu_up": 0.0008098223679363018}, "datetime": {"datetime": "2024-01-20 15:26:06", "elapsed": 225.866176, "delta": 0.442155}}
{"target": -2000.1845369060763, "params": {"momentum_down": 0.6907380865152629, "momentum_up": 0.9302580512853846, "mu_down": 0.12806014736854598, "mu_up": 0.0004990537213019918}, "datetime": {"datetime": "2024-01-20 15:26:09", "elapsed": 228.666758, "delta": 2.800582}}
{"target": -2300.0, "params": {"momentum_down": 0.9321848517673663, "momentum_up": 0.7410339156000618, "mu_down": 0.15158063739221647, "mu_up": 0.0008232213878673784}, "datetime": {"datetime": "2024-01-20 15:26:11", "elapsed": 230.191671, "delta": 1.524913}}
{"target": -2300.0, "params": {"momentum_down": 0.8935966105171165, "momentum_up": 0.5196072481403968, "mu_down": 0.10563594971425395, "mu_up": 0.0006148890795647392}, "datetime": {"datetime": "2024-01-20 15:26:11", "elapsed": 230.651278, "delta": 0.459607}}
{"target": -2300.0, "params": {"momentum_down": 0.8516190411514768, "momentum_up": 0.9883191098157004, "mu_down": 0.0825879616207512, "mu_up": 0.00012896452562871795}, "datetime": {"datetime": "2024-01-20 15:26:15", "elapsed": 234.015345, "delta": 3.364067}}
{"target": -585.1069771446539, "params": {"momentum_down": 0.739860764892761, "momentum_up": 0.8151632184288213, "mu_down": 0.23540247095679803, "mu_up": 0.0003860544291760029}, "datetime": {"datetime": "2024-01-20 15:26:16", "elapsed": 235.898059, "delta": 1.882714}}
{"target": -929.0952931423973, "params": {"momentum_down": 0.5138234779199281, "momentum_up": 0.6899549742304101, "mu_down": 0.28777394931361205, "mu_up": 0.0004138410030181506}, "datetime": {"datetime": "2024-01-20 15:26:18", "elapsed": 237.691713, "delta": 1.793654}}
{"target": -2559.4245087789827, "params": {"momentum_down": 0.8888426781844077, "momentum_up": 0.960235109073021, "mu_down": 0.12303238488274822, "mu_up": 0.00031695474018983313}, "datetime": {"datetime": "2024-01-20 15:26:21", "elapsed": 240.280447, "delta": 2.588734}}
{"target": -2300.0, "params": {"momentum_down": 0.787297719220641, "momentum_up": 0.9544841228849414, "mu_down": 0.06068482750073323, "mu_up": 0.00010353223274841544}, "datetime": {"datetime": "2024-01-20 15:26:22", "elapsed": 241.818377, "delta": 1.53793}}
{"target": -2300.0, "params": {"momentum_down": 0.8612136314535104, "momentum_up": 0.6089133141709855, "mu_down": 0.04221560095384473, "mu_up": 0.0005844535333018062}, "datetime": {"datetime": "2024-01-20 15:26:23", "elapsed": 242.63066, "delta": 0.812283}}
{"target": -2000.8020699989154, "params": {"momentum_down": 0.5853280944407699, "momentum_up": 0.5654336993344452, "mu_down": 0.11276053970638653, "mu_up": 0.0008523096555872557}, "datetime": {"datetime": "2024-01-20 15:26:26", "elapsed": 245.453009, "delta": 2.822349}}
{"target": -2300.0, "params": {"momentum_down": 0.7663842769812013, "momentum_up": 0.971303481848171, "mu_down": 0.0559790082457295, "mu_up": 0.0007850162325930748}, "datetime": {"datetime": "2024-01-20 15:26:26", "elapsed": 245.790772, "delta": 0.337763}}
{"target": -2300.0, "params": {"momentum_down": 0.6068750568183867, "momentum_up": 0.8396315726510549, "mu_down": 0.07840142764028761, "mu_up": 0.000552079473517466}, "datetime": {"datetime": "2024-01-20 15:26:27", "elapsed": 246.829761, "delta": 1.038989}}
{"target": -2006.8082659358201, "params": {"momentum_down": 0.7411764356908066, "momentum_up": 0.9750994874533621, "mu_down": 0.11922946676318628, "mu_up": 0.0006064732815399923}, "datetime": {"datetime": "2024-01-20 15:26:30", "elapsed": 249.717045, "delta": 2.887284}}
{"target": -2300.0, "params": {"momentum_down": 0.760447357851343, "momentum_up": 0.8059153182472792, "mu_down": 0.23163779226093273, "mu_up": 0.0009712214096618142}, "datetime": {"datetime": "2024-01-20 15:26:31", "elapsed": 250.042333, "delta": 0.325288}}
{"target": -989.0833861269026, "params": {"momentum_down": 0.617617118787639, "momentum_up": 0.8432454975975276, "mu_down": 0.27208374159167814, "mu_up": 0.00017542895235769955}, "datetime": {"datetime": "2024-01-20 15:26:32", "elapsed": 251.370347, "delta": 1.328014}}
{"target": -606.1875589952787, "params": {"momentum_down": 0.7517875601171138, "momentum_up": 0.9037610591471392, "mu_down": 0.18036541194400152, "mu_up": 0.00046639884705291357}, "datetime": {"datetime": "2024-01-20 15:26:33", "elapsed": 252.192282, "delta": 0.821935}}
{"target": -970.0428428851843, "params": {"momentum_down": 0.5797842315649167, "momentum_up": 0.7162433143437565, "mu_down": 0.13587763041167505, "mu_up": 0.0005434481174476303}, "datetime": {"datetime": "2024-01-20 15:26:35", "elapsed": 254.186297, "delta": 1.994015}}
{"target": -2300.0, "params": {"momentum_down": 0.9301740166485437, "momentum_up": 0.950902079419581, "mu_down": 0.09111418845940016, "mu_up": 0.0004214023799547996}, "datetime": {"datetime": "2024-01-20 15:26:35", "elapsed": 254.522722, "delta": 0.336425}}
{"target": -2000.1334729017105, "params": {"momentum_down": 0.9434077614261002, "momentum_up": 0.6510268225568883, "mu_down": 0.18504663865797166, "mu_up": 0.00014776119559792178}, "datetime": {"datetime": "2024-01-20 15:26:37", "elapsed": 256.83316, "delta": 2.310438}}
{"target": -2300.0, "params": {"momentum_down": 0.738661646834103, "momentum_up": 0.6888863267991978, "mu_down": 0.13710913936652022, "mu_up": 0.0009853028403713192}, "datetime": {"datetime": "2024-01-20 15:26:38", "elapsed": 257.125891, "delta": 0.292731}}
{"target": -2000.8491730172418, "params": {"momentum_down": 0.5350604253018696, "momentum_up": 0.523325020750249, "mu_down": 0.18409290564096137, "mu_up": 0.00012260827484755792}, "datetime": {"datetime": "2024-01-20 15:26:40", "elapsed": 259.291301, "delta": 2.16541}}
{"target": -949.0772898307173, "params": {"momentum_down": 0.8213824074079534, "momentum_up": 0.6813284198563637, "mu_down": 0.11598865846057453, "mu_up": 0.00040401134611180227}, "datetime": {"datetime": "2024-01-20 15:26:41", "elapsed": 260.555059, "delta": 1.263758}}
{"target": -2300.0, "params": {"momentum_down": 0.739093249519872, "momentum_up": 0.6521255791695557, "mu_down": 0.09603502408739391, "mu_up": 0.000769525900941395}, "datetime": {"datetime": "2024-01-20 15:26:42", "elapsed": 261.808882, "delta": 1.253823}}
{"target": -2300.0, "params": {"momentum_down": 0.8530505587209034, "momentum_up": 0.8170155636229848, "mu_down": 0.21634930676296923, "mu_up": 0.0005809277287131129}, "datetime": {"datetime": "2024-01-20 15:26:43", "elapsed": 262.312299, "delta": 0.503417}}
{"target": -2003.1097625718294, "params": {"momentum_down": 0.6284212228428001, "momentum_up": 0.5994777921942464, "mu_down": 0.04369149849416949, "mu_up": 0.0002236668448739413}, "datetime": {"datetime": "2024-01-20 15:26:46", "elapsed": 265.895501, "delta": 3.583202}}
{"target": -2001.0525936402494, "params": {"momentum_down": 0.8937330421043945, "momentum_up": 0.6308456076745885, "mu_down": 0.1008121893361764, "mu_up": 8.136507955909306e-05}, "datetime": {"datetime": "2024-01-20 15:26:49", "elapsed": 268.612159, "delta": 2.716658}}
{"target": -2300.0, "params": {"momentum_down": 0.8075781863249132, "momentum_up": 0.5168652117720374, "mu_down": 0.14825975387042734, "mu_up": 0.0005742059516093119}, "datetime": {"datetime": "2024-01-20 15:26:50", "elapsed": 269.351391, "delta": 0.739232}}
{"target": -2005.962998443388, "params": {"momentum_down": 0.6041261912495693, "momentum_up": 0.6941850288021709, "mu_down": 0.10829687816152803, "mu_up": 3.1048174031369005e-05}, "datetime": {"datetime": "2024-01-20 15:26:52", "elapsed": 271.627315, "delta": 2.275924}}
{"target": -2300.0, "params": {"momentum_down": 0.781331751471835, "momentum_up": 0.8395283801722633, "mu_down": 0.05935125020384194, "mu_up": 0.0009791561925313725}, "datetime": {"datetime": "2024-01-20 15:26:52", "elapsed": 271.959233, "delta": 0.331918}}
{"target": -767.970131532768, "params": {"momentum_down": 0.5283758507277094, "momentum_up": 0.9270843853237133, "mu_down": 0.1873626878116005, "mu_up": 0.00020970989545371983}, "datetime": {"datetime": "2024-01-20 15:26:54", "elapsed": 273.102637, "delta": 1.143404}}
{"target": -2300.0, "params": {"momentum_down": 0.7387976486433384, "momentum_up": 0.891548635539152, "mu_down": 0.2844734494745936, "mu_up": 0.0009341688848993079}, "datetime": {"datetime": "2024-01-20 15:26:54", "elapsed": 273.449836, "delta": 0.347199}}
{"target": -2300.0, "params": {"momentum_down": 0.8625567352899968, "momentum_up": 0.5223741550757698, "mu_down": 0.18449688261803604, "mu_up": 0.0005767035185658231}, "datetime": {"datetime": "2024-01-20 15:26:56", "elapsed": 275.241334, "delta": 1.791498}}
{"target": -2300.0, "params": {"momentum_down": 0.9698695208987423, "momentum_up": 0.6794531557610815, "mu_down": 0.1342438794341526, "mu_up": 0.0009108832820129674}, "datetime": {"datetime": "2024-01-20 15:26:56", "elapsed": 275.687457, "delta": 0.446123}}
{"target": -2300.0, "params": {"momentum_down": 0.7337217291983803, "momentum_up": 0.634398381634201, "mu_down": 0.05739419737050412, "mu_up": 0.0007299819639891861}, "datetime": {"datetime": "2024-01-20 15:26:57", "elapsed": 276.257714, "delta": 0.570257}}
{"target": -2001.6024136573676, "params": {"momentum_down": 0.8400565899224933, "momentum_up": 0.7568845898125434, "mu_down": 0.04247986533921834, "mu_up": 5.134139594263544e-05}, "datetime": {"datetime": "2024-01-20 15:27:00", "elapsed": 279.88375, "delta": 3.626036}}
{"target": -1434.7732821525688, "params": {"momentum_down": 0.6698481837296243, "momentum_up": 0.7422684638919936, "mu_down": 0.07639251471226438, "mu_up": 0.0002612880368264567}, "datetime": {"datetime": "2024-01-20 15:27:04", "elapsed": 283.353995, "delta": 3.470245}}
{"target": -2300.0, "params": {"momentum_down": 0.5561755209128859, "momentum_up": 0.5668574063662055, "mu_down": 0.19121511834508814, "mu_up": 0.0008718063040388396}, "datetime": {"datetime": "2024-01-20 15:27:05", "elapsed": 284.709269, "delta": 1.355274}}
{"target": -2001.7767781307293, "params": {"momentum_down": 0.565035103338077, "momentum_up": 0.681512912770726, "mu_down": 0.2365274914452155, "mu_up": 6.131114368989448e-05}, "datetime": {"datetime": "2024-01-20 15:27:09", "elapsed": 288.756857, "delta": 4.047588}}
{"target": -2300.0, "params": {"momentum_down": 0.5103256529676361, "momentum_up": 0.6640562890260049, "mu_down": 0.17356427121860343, "mu_up": 0.0008685949557458896}, "datetime": {"datetime": "2024-01-20 15:27:10", "elapsed": 289.140959, "delta": 0.384102}}
{"target": -2300.0, "params": {"momentum_down": 0.6379092560672933, "momentum_up": 0.5537895371557743, "mu_down": 0.24789447457458388, "mu_up": 0.0007233343245173121}, "datetime": {"datetime": "2024-01-20 15:27:10", "elapsed": 289.678298, "delta": 0.537339}}
{"target": -2300.0, "params": {"momentum_down": 0.9249679268849011, "momentum_up": 0.6446236264740759, "mu_down": 0.14360858816015312, "mu_up": 0.0006527543602025302}, "datetime": {"datetime": "2024-01-20 15:27:11", "elapsed": 290.230354, "delta": 0.552056}}
{"target": -1717.0848142490206, "params": {"momentum_down": 0.6753102073701337, "momentum_up": 0.6036414595440704, "mu_down": 0.23081937540295328, "mu_up": 0.00024041459303400528}, "datetime": {"datetime": "2024-01-20 15:27:14", "elapsed": 293.180455, "delta": 2.950101}}
{"target": -606.1630618797402, "params": {"momentum_down": 0.8093186013167177, "momentum_up": 0.7829402814562065, "mu_down": 0.14426641904415963, "mu_up": 0.0004810139208934892}, "datetime": {"datetime": "2024-01-20 15:27:15", "elapsed": 294.983957, "delta": 1.803502}}
{"target": -2300.0, "params": {"momentum_down": 0.7276190903610498, "momentum_up": 0.9029918388073852, "mu_down": 0.2192580168737045, "mu_up": 0.0007991884010524138}, "datetime": {"datetime": "2024-01-20 15:27:16", "elapsed": 295.375268, "delta": 0.391311}}
{"target": -2300.0, "params": {"momentum_down": 0.8844028794215204, "momentum_up": 0.6370602420799583, "mu_down": 0.11221505912366772, "mu_up": 0.0006059715752556647}, "datetime": {"datetime": "2024-01-20 15:27:17", "elapsed": 296.44959, "delta": 1.074322}}
{"target": -2300.0, "params": {"momentum_down": 0.785164860980164, "momentum_up": 0.6975635293113123, "mu_down": 0.2937590281238254, "mu_up": 0.0008010406014067264}, "datetime": {"datetime": "2024-01-20 15:27:19", "elapsed": 298.144037, "delta": 1.694447}}
{"target": -4518.134749499638, "params": {"momentum_down": 0.7154859639721972, "momentum_up": 0.9853755315069274, "mu_down": 0.11697930176642572, "mu_up": 0.0005571479028179673}, "datetime": {"datetime": "2024-01-20 15:27:21", "elapsed": 300.775032, "delta": 2.630995}}
{"target": -343.7451289923499, "params": {"momentum_down": 0.7454337845950133, "momentum_up": 0.8576955623352606, "mu_down": 0.2452439423911562, "mu_up": 0.0005815790066393745}, "datetime": {"datetime": "2024-01-20 15:27:22", "elapsed": 301.676541, "delta": 0.901509}}
{"target": -2000.15060547641, "params": {"momentum_down": 0.7783842530465337, "momentum_up": 0.9029248176934598, "mu_down": 0.08761204170530813, "mu_up": 4.422770549959087e-05}, "datetime": {"datetime": "2024-01-20 15:27:25", "elapsed": 304.181394, "delta": 2.504853}}
{"target": -2300.0, "params": {"momentum_down": 0.8962924515031122, "momentum_up": 0.9506414960011043, "mu_down": 0.05326406169008868, "mu_up": 0.0008701418556102924}, "datetime": {"datetime": "2024-01-20 15:27:25", "elapsed": 304.575096, "delta": 0.393702}}
{"target": -2300.0, "params": {"momentum_down": 0.571526447280982, "momentum_up": 0.5855968841604237, "mu_down": 0.2892341832842333, "mu_up": 0.000999037995354084}, "datetime": {"datetime": "2024-01-20 15:27:27", "elapsed": 306.178744, "delta": 1.603648}}
{"target": -2300.0, "params": {"momentum_down": 0.5196283057299822, "momentum_up": 0.5682591533965758, "mu_down": 0.26857952887939385, "mu_up": 0.0006744577962068714}, "datetime": {"datetime": "2024-01-20 15:27:28", "elapsed": 307.54011, "delta": 1.361366}}
{"target": -2000.1002961239267, "params": {"momentum_down": 0.7757411632744233, "momentum_up": 0.6120143313345617, "mu_down": 0.10574506191333044, "mu_up": 0.00019571013922912132}, "datetime": {"datetime": "2024-01-20 15:27:30", "elapsed": 309.851859, "delta": 2.311749}}
{"target": -2300.0, "params": {"momentum_down": 0.7885044045609786, "momentum_up": 0.5418755386551911, "mu_down": 0.1852689447125839, "mu_up": 0.00057514841788209}, "datetime": {"datetime": "2024-01-20 15:27:33", "elapsed": 312.762108, "delta": 2.910249}}
{"target": -585.6684105860096, "params": {"momentum_down": 0.5690023048446982, "momentum_up": 0.7718219210520778, "mu_down": 0.2537257673453816, "mu_up": 0.000557536277617071}, "datetime": {"datetime": "2024-01-20 15:27:37", "elapsed": 316.459662, "delta": 3.697554}}
