{"target": -2300.0, "params": {"momentum_down": 0.9815039047586389, "momentum_up": 0.8593712777315099, "mu_down": 0.2678674341091161, "mu_up": 0.0007943914992137095}, "datetime": {"datetime": "2024-01-20 15:23:47", "elapsed": 86.399058, "delta": 0.22152}}
{"target": -2300.0, "params": {"momentum_down": 0.8016686408298411, "momentum_up": 0.5776620778487985, "mu_down": 0.29022533738065226, "mu_up": 0.0005462381614286059}, "datetime": {"datetime": "2024-01-20 15:23:47", "elapsed": 86.789666, "delta": 0.390608}}
{"target": -2300.0, "params": {"momentum_down": 0.8198249527820818, "momentum_up": 0.9519033938786374, "mu_down": 0.20818841822022544, "mu_up": 0.0007469981097495157}, "datetime": {"datetime": "2024-01-20 15:23:48", "elapsed": 87.063191, "delta": 0.273525}}
{"target": -2300.0, "params": {"momentum_down": 0.6648802736843712, "momentum_up": 0.6388392926953731, "mu_down": 0.11556533025641279, "mu_up": 0.0009762766803534088}, "datetime": {"datetime": "2024-01-20 15:23:48", "elapsed": 87.659165, "delta": 0.595974}}
{"target": -1636.0752469674424, "params": {"momentum_down": 0.8511061970323408, "momentum_up": 0.7191712510177399, "mu_down": 0.06900932045306173, "mu_up": 0.00019593544142670153}, "datetime": {"datetime": "2024-01-20 15:23:51", "elapsed": 90.15983, "delta": 2.500665}}
{"target": -2000.1680009263866, "params": {"momentum_down": 0.6040621413773719, "momentum_up": 0.9718559349582645, "mu_down": 0.1632822418975735, "mu_up": 0.0007596898158238559}, "datetime": {"datetime": "2024-01-20 15:23:53", "elapsed": 92.869862, "delta": 2.710032}}
{"target": -2300.0, "params": {"momentum_down": 0.9742362282719299, "momentum_up": 0.8307497621186409, "mu_down": 0.2670458500634122, "mu_up": 0.0007501636578565218}, "datetime": {"datetime": "2024-01-20 15:23:54", "elapsed": 93.253809, "delta": 0.383947}}
{"target": -787.0597477217138, "params": {"momentum_down": 0.9368027008165505, "momentum_up": 0.9310206378925671, "mu_down": 0.1470392495861815, "mu_up": 0.0001425528510997805}, "datetime": {"datetime": "2024-01-20 15:23:55", "elapsed": 94.87809, "delta": 1.624281}}
{"target": -1595.0845153646117, "params": {"momentum_down": 0.6658219013859724, "momentum_up": 0.5398657199014607, "mu_down": 0.2174433022943751, "mu_up": 0.00030297718736423313}, "datetime": {"datetime": "2024-01-20 15:23:58", "elapsed": 97.363517, "delta": 2.485427}}
{"target": -2300.0, "params": {"momentum_down": 0.767526224140233, "momentum_up": 0.6965072652737088, "mu_down": 0.056880730328971355, "mu_up": 0.000825567835063222}, "datetime": {"datetime": "2024-01-20 15:24:00", "elapsed": 99.296156, "delta": 1.932639}}
{"target": -2300.0, "params": {"momentum_down": 0.7375854496070889, "momentum_up": 0.5514441290175788, "mu_down": 0.22389928925611105, "mu_up": 0.0005619249436760558}, "datetime": {"datetime": "2024-01-20 15:24:01", "elapsed": 100.188325, "delta": 0.892169}}
{"target": -2300.0, "params": {"momentum_down": 0.7772814566612298, "momentum_up": 0.6872575356296056, "mu_down": 0.0587233700464337, "mu_up": 0.0003698473742289259}, "datetime": {"datetime": "2024-01-20 15:24:02", "elapsed": 101.32197, "delta": 1.133645}}
{"target": -1192.0880249859779, "params": {"momentum_down": 0.5848759898471819, "momentum_up": 0.5105929927872972, "mu_down": 0.10680476940633261, "mu_up": 0.0006214752730438621}, "datetime": {"datetime": "2024-01-20 15:24:03", "elapsed": 102.573816, "delta": 1.251846}}
{"target": -2300.0, "params": {"momentum_down": 0.9136540337883576, "momentum_up": 0.7203019312498622, "mu_down": 0.06827148659461399, "mu_up": 0.0007389557084286733}, "datetime": {"datetime": "2024-01-20 15:24:03", "elapsed": 102.897445, "delta": 0.323629}}
{"target": -1010.0763083556062, "params": {"momentum_down": 0.8455916194432596, "momentum_up": 0.7470471041785542, "mu_down": 0.11622936811125599, "mu_up": 0.00028694575768310824}, "datetime": {"datetime": "2024-01-20 15:24:05", "elapsed": 104.142401, "delta": 1.244956}}
{"target": -767.9384479192342, "params": {"momentum_down": 0.5868707269981941, "momentum_up": 0.8710293800974864, "mu_down": 0.16658396762616562, "mu_up": 0.0006648533754100011}, "datetime": {"datetime": "2024-01-20 15:24:05", "elapsed": 104.99406, "delta": 0.851659}}
{"target": -2300.0, "params": {"momentum_down": 0.5463692834681715, "momentum_up": 0.7494562209861387, "mu_down": 0.038026397126495685, "mu_up": 0.0006814029671480651}, "datetime": {"datetime": "2024-01-20 15:24:07", "elapsed": 106.053662, "delta": 1.059602}}
{"target": -2000.1142388361548, "params": {"momentum_down": 0.8415676164234418, "momentum_up": 0.7361341647344943, "mu_down": 0.05011954739490368, "mu_up": 0.00014057185462254006}, "datetime": {"datetime": "2024-01-20 15:24:09", "elapsed": 108.399135, "delta": 2.345473}}
{"target": -2300.0, "params": {"momentum_down": 0.7375212982025818, "momentum_up": 0.7020057148419852, "mu_down": 0.2181491491820307, "mu_up": 0.0009683181439216115}, "datetime": {"datetime": "2024-01-20 15:24:09", "elapsed": 108.533671, "delta": 0.134536}}
{"target": -2300.0, "params": {"momentum_down": 0.9496479804293725, "momentum_up": 0.5492982472783237, "mu_down": 0.05682114827710226, "mu_up": 0.0004795501602463376}, "datetime": {"datetime": "2024-01-20 15:24:09", "elapsed": 108.814656, "delta": 0.280985}}
{"target": -2300.0, "params": {"momentum_down": 0.885737628492395, "momentum_up": 0.6261729538912244, "mu_down": 0.165783853072619, "mu_up": 0.000792321304029813}, "datetime": {"datetime": "2024-01-20 15:24:10", "elapsed": 109.193038, "delta": 0.378382}}
{"target": -2300.0, "params": {"momentum_down": 0.9849966314139251, "momentum_up": 0.7536582464557093, "mu_down": 0.03330916605661934, "mu_up": 0.0005189782301874191}, "datetime": {"datetime": "2024-01-20 15:24:10", "elapsed": 109.619996, "delta": 0.426958}}
{"target": -1939.3138738206446, "params": {"momentum_down": 0.6034758714044028, "momentum_up": 0.7349120749804605, "mu_down": 0.08276631010512507, "mu_up": 0.00018595412573707516}, "datetime": {"datetime": "2024-01-20 15:24:12", "elapsed": 111.549748, "delta": 1.929752}}
{"target": -2300.0, "params": {"momentum_down": 0.843401135704746, "momentum_up": 0.5057072354197553, "mu_down": 0.26001336592658986, "mu_up": 0.0009768738294672818}, "datetime": {"datetime": "2024-01-20 15:24:12", "elapsed": 111.861918, "delta": 0.31217}}
{"target": -2300.0, "params": {"momentum_down": 0.920454705672882, "momentum_up": 0.8300391651016727, "mu_down": 0.03712414619408748, "mu_up": 0.0007242780239775837}, "datetime": {"datetime": "2024-01-20 15:24:13", "elapsed": 112.127172, "delta": 0.265254}}
{"target": -1858.092585813312, "params": {"momentum_down": 0.6459843598582493, "momentum_up": 0.9506359032840586, "mu_down": 0.25438310873171394, "mu_up": 2.7167464922896744e-05}, "datetime": {"datetime": "2024-01-20 15:24:14", "elapsed": 113.952464, "delta": 1.825292}}
{"target": -484.077173994686, "params": {"momentum_down": 0.7686763652517451, "momentum_up": 0.9315411155342985, "mu_down": 0.2794524061053725, "mu_up": 0.0001631360819771396}, "datetime": {"datetime": "2024-01-20 15:24:15", "elapsed": 114.565881, "delta": 0.613417}}
{"target": -2300.0, "params": {"momentum_down": 0.9542701303625838, "momentum_up": 0.8817773714958068, "mu_down": 0.2861563730743083, "mu_up": 0.0007942480267995055}, "datetime": {"datetime": "2024-01-20 15:24:15", "elapsed": 114.696472, "delta": 0.130591}}
{"target": -686.0874329417786, "params": {"momentum_down": 0.7391016317493797, "momentum_up": 0.7488767249763846, "mu_down": 0.21722887236443653, "mu_up": 0.00045102889422717117}, "datetime": {"datetime": "2024-01-20 15:24:16", "elapsed": 115.527543, "delta": 0.831071}}
{"target": -828.0829889094896, "params": {"momentum_down": 0.8419657120820099, "momentum_up": 0.787073529257682, "mu_down": 0.2116013210072042, "mu_up": 0.0002641977376237561}, "datetime": {"datetime": "2024-01-20 15:24:17", "elapsed": 116.795995, "delta": 1.268452}}
{"target": -1677.089597425558, "params": {"momentum_down": 0.6166879153148688, "momentum_up": 0.60172884798308, "mu_down": 0.06970259933487889, "mu_up": 0.00044447426042236525}, "datetime": {"datetime": "2024-01-20 15:24:19", "elapsed": 118.753912, "delta": 1.957917}}
{"target": -2300.0, "params": {"momentum_down": 0.8824815759759213, "momentum_up": 0.523879692168587, "mu_down": 0.2423451526706093, "mu_up": 0.0004819965510565078}, "datetime": {"datetime": "2024-01-20 15:24:20", "elapsed": 119.060315, "delta": 0.306403}}
{"target": -646.6488947263887, "params": {"momentum_down": 0.5701100329874176, "momentum_up": 0.9151643672456928, "mu_down": 0.22820427499975157, "mu_up": 0.00018135385913910137}, "datetime": {"datetime": "2024-01-20 15:24:21", "elapsed": 120.187292, "delta": 1.126977}}
{"target": -2001.8365017148299, "params": {"momentum_down": 0.8860650069096948, "momentum_up": 0.6588720067307982, "mu_down": 0.052133382892205204, "mu_up": 6.366132223161849e-05}, "datetime": {"datetime": "2024-01-20 15:24:23", "elapsed": 122.313713, "delta": 2.126421}}
{"target": -2300.0, "params": {"momentum_down": 0.9508441331066364, "momentum_up": 0.8513626023997968, "mu_down": 0.2999610932531443, "mu_up": 0.0006812982275340271}, "datetime": {"datetime": "2024-01-20 15:24:23", "elapsed": 122.791248, "delta": 0.477535}}
{"target": -1595.0766975703223, "params": {"momentum_down": 0.8254569883574006, "momentum_up": 0.8155137035231694, "mu_down": 0.06978963839680505, "mu_up": 0.0001368726110033188}, "datetime": {"datetime": "2024-01-20 15:24:25", "elapsed": 124.592761, "delta": 1.801513}}
{"target": -2005.2712225205576, "params": {"momentum_down": 0.8584581559987388, "momentum_up": 0.6543882629460747, "mu_down": 0.18916490708349615, "mu_up": 3.3050259220567676e-05}, "datetime": {"datetime": "2024-01-20 15:24:27", "elapsed": 126.792738, "delta": 2.199977}}
{"target": -787.1557072909437, "params": {"momentum_down": 0.8220687813591749, "momentum_up": 0.7850163936733432, "mu_down": 0.1324014837841992, "mu_up": 0.0006840404520997231}, "datetime": {"datetime": "2024-01-20 15:24:28", "elapsed": 127.682312, "delta": 0.889574}}
{"target": -2300.0, "params": {"momentum_down": 0.8945244668957871, "momentum_up": 0.6108209757785783, "mu_down": 0.25821297825109724, "mu_up": 0.0007363845060889075}, "datetime": {"datetime": "2024-01-20 15:24:29", "elapsed": 128.300668, "delta": 0.618356}}
{"target": -2007.3065775536536, "params": {"momentum_down": 0.5823046332644436, "momentum_up": 0.5101309809706345, "mu_down": 0.034933865706145074, "mu_up": 0.00084026325920805}, "datetime": {"datetime": "2024-01-20 15:24:31", "elapsed": 130.298694, "delta": 1.998026}}
{"target": -808.9839271785578, "params": {"momentum_down": 0.5753428516468593, "momentum_up": 0.8593624897310241, "mu_down": 0.16238196442187292, "mu_up": 0.00034945635420247486}, "datetime": {"datetime": "2024-01-20 15:24:32", "elapsed": 131.450185, "delta": 1.151491}}
{"target": -2007.560926133759, "params": {"momentum_down": 0.8086883905590937, "momentum_up": 0.5076304628795045, "mu_down": 0.23090176693163156, "mu_up": 3.611163836873513e-05}, "datetime": {"datetime": "2024-01-20 15:24:34", "elapsed": 133.522579, "delta": 2.072394}}
{"target": -2300.0, "params": {"momentum_down": 0.9308452047834729, "momentum_up": 0.6868139909619216, "mu_down": 0.08237879136336676, "mu_up": 0.0009271553703609077}, "datetime": {"datetime": "2024-01-20 15:24:34", "elapsed": 133.676186, "delta": 0.153607}}
{"target": -2003.5511282716707, "params": {"momentum_down": 0.5447366303920316, "momentum_up": 0.5627156109465854, "mu_down": 0.050471451136568105, "mu_up": 0.000727581775464964}, "datetime": {"datetime": "2024-01-20 15:24:36", "elapsed": 135.820091, "delta": 2.143905}}
{"target": -2300.0, "params": {"momentum_down": 0.977479671448663, "momentum_up": 0.7323447255519497, "mu_down": 0.2577560057762264, "mu_up": 0.0006289779467508002}, "datetime": {"datetime": "2024-01-20 15:24:36", "elapsed": 135.980066, "delta": 0.159975}}
{"target": -2619.0447418319122, "params": {"momentum_down": 0.9464907288424321, "momentum_up": 0.7918968135397504, "mu_down": 0.08807105978286889, "mu_up": 0.00019440986900952776}, "datetime": {"datetime": "2024-01-20 15:24:39", "elapsed": 138.164914, "delta": 2.184848}}
{"target": -2010.4652627684495, "params": {"momentum_down": 0.8178268632077946, "momentum_up": 0.6189109458933107, "mu_down": 0.13633454716583954, "mu_up": 2.398949478903737e-05}, "datetime": {"datetime": "2024-01-20 15:24:41", "elapsed": 140.146844, "delta": 1.98193}}
{"target": -2300.0, "params": {"momentum_down": 0.9385368663971982, "momentum_up": 0.5399275563550033, "mu_down": 0.12942077303300323, "mu_up": 0.00043144422670906874}, "datetime": {"datetime": "2024-01-20 15:24:42", "elapsed": 141.636186, "delta": 1.489342}}
{"target": -384.02678354953605, "params": {"momentum_down": 0.6563875266683928, "momentum_up": 0.8689311936381425, "mu_down": 0.27085990541375415, "mu_up": 0.0005765458679169576}, "datetime": {"datetime": "2024-01-20 15:24:43", "elapsed": 142.847251, "delta": 1.211065}}
{"target": -2300.0, "params": {"momentum_down": 0.9560088065313229, "momentum_up": 0.8042457408107295, "mu_down": 0.07818128666994781, "mu_up": 0.0005508254705144582}, "datetime": {"datetime": "2024-01-20 15:24:44", "elapsed": 143.401344, "delta": 0.554093}}
{"target": -2000.098293612405, "params": {"momentum_down": 0.8381539995115241, "momentum_up": 0.7534503504568515, "mu_down": 0.10369666961289026, "mu_up": 0.00012205040151373583}, "datetime": {"datetime": "2024-01-20 15:24:47", "elapsed": 146.210103, "delta": 2.808759}}
{"target": -2007.1274304122899, "params": {"momentum_down": 0.9402589527539584, "momentum_up": 0.7116868259451549, "mu_down": 0.2926977913488522, "mu_up": 1.9730282820760954e-05}, "datetime": {"datetime": "2024-01-20 15:24:49", "elapsed": 148.370091, "delta": 2.159988}}
{"target": -2001.8089600404708, "params": {"momentum_down": 0.6155570409062753, "momentum_up": 0.9887818996142148, "mu_down": 0.2975862125099154, "mu_up": 0.0002549125065884362}, "datetime": {"datetime": "2024-01-20 15:24:51", "elapsed": 150.437997, "delta": 2.067906}}
{"target": -1333.2904865900887, "params": {"momentum_down": 0.6691914662525652, "momentum_up": 0.5373781423569771, "mu_down": 0.10187736802639154, "mu_up": 0.00047572936905258156}, "datetime": {"datetime": "2024-01-20 15:24:53", "elapsed": 152.11401, "delta": 1.676013}}
{"target": -2000.9159046716732, "params": {"momentum_down": 0.7321487524787893, "momentum_up": 0.6021248149600589, "mu_down": 0.1742770484475131, "mu_up": 9.704743820893494e-05}, "datetime": {"datetime": "2024-01-20 15:24:55", "elapsed": 154.656191, "delta": 2.542181}}
{"target": -2300.0, "params": {"momentum_down": 0.6208526696381753, "momentum_up": 0.7061691803260115, "mu_down": 0.03342123020669949, "mu_up": 0.0006470567105777051}, "datetime": {"datetime": "2024-01-20 15:24:56", "elapsed": 155.787591, "delta": 1.1314}}
{"target": -2300.0, "params": {"momentum_down": 0.9336840375180246, "momentum_up": 0.762724015077717, "mu_down": 0.0772583873635739, "mu_up": 0.0006290854727083444}, "datetime": {"datetime": "2024-01-20 15:24:57", "elapsed": 156.055271, "delta": 0.26768}}
{"target": -2069.111813040995, "params": {"momentum_down": 0.5190079340103688, "momentum_up": 0.6988541098890224, "mu_down": 0.2570650975578289, "mu_up": 0.0007836895217371696}, "datetime": {"datetime": "2024-01-20 15:24:59", "elapsed": 158.257554, "delta": 2.202283}}
{"target": -2000.1223911174159, "params": {"momentum_down": 0.8706455560862071, "momentum_up": 0.613712308220584, "mu_down": 0.2716742995138228, "mu_up": 0.0004675474654482149}, "datetime": {"datetime": "2024-01-20 15:25:01", "elapsed": 160.24186, "delta": 1.984306}}
{"target": -2011.4724425156805, "params": {"momentum_down": 0.5003281189467788, "momentum_up": 0.7623990027034019, "mu_down": 0.03407606413146449, "mu_up": 0.00028565386024183287}, "datetime": {"datetime": "2024-01-20 15:25:03", "elapsed": 162.175386, "delta": 1.933526}}
{"target": -1191.0839906100916, "params": {"momentum_down": 0.7169025176230172, "momentum_up": 0.6807276382118987, "mu_down": 0.28276996382680025, "mu_up": 0.0002789233592337099}, "datetime": {"datetime": "2024-01-20 15:25:04", "elapsed": 163.727981, "delta": 1.552595}}
{"target": -2000.208037067991, "params": {"momentum_down": 0.5883081432866712, "momentum_up": 0.550624582318688, "mu_down": 0.2736005907316753, "mu_up": 0.00018091465675145328}, "datetime": {"datetime": "2024-01-20 15:25:06", "elapsed": 165.812755, "delta": 2.084774}}
{"target": -2300.0, "params": {"momentum_down": 0.9530575976236361, "momentum_up": 0.5915513868176091, "mu_down": 0.18258922621794543, "mu_up": 0.0006289574968940351}, "datetime": {"datetime": "2024-01-20 15:25:07", "elapsed": 166.051278, "delta": 0.238523}}
{"target": -2300.0, "params": {"momentum_down": 0.7137242074612706, "momentum_up": 0.829650303155173, "mu_down": 0.22727954480549528, "mu_up": 0.0009163217468224767}, "datetime": {"datetime": "2024-01-20 15:25:07", "elapsed": 166.361497, "delta": 0.310219}}
{"target": -2000.0878588375374, "params": {"momentum_down": 0.737304276076366, "momentum_up": 0.6148859610506656, "mu_down": 0.21033797190044398, "mu_up": 0.00048515926590099944}, "datetime": {"datetime": "2024-01-20 15:25:09", "elapsed": 168.749932, "delta": 2.388435}}
{"target": -2000.0099225859592, "params": {"momentum_down": 0.8115078070677091, "momentum_up": 0.8772665024285786, "mu_down": 0.29436800550314457, "mu_up": 0.00043653337077053154}, "datetime": {"datetime": "2024-01-20 15:25:11", "elapsed": 170.837631, "delta": 2.087699}}
{"target": -647.0990197247697, "params": {"momentum_down": 0.5400655223788621, "momentum_up": 0.7352243252695433, "mu_down": 0.21930911924614666, "mu_up": 0.0006940728841102058}, "datetime": {"datetime": "2024-01-20 15:25:12", "elapsed": 171.684946, "delta": 0.847315}}
{"target": -2300.0, "params": {"momentum_down": 0.984166315529957, "momentum_up": 0.7308934014786342, "mu_down": 0.2236496132023604, "mu_up": 0.00021511530663734636}, "datetime": {"datetime": "2024-01-20 15:25:13", "elapsed": 172.343718, "delta": 0.658772}}
{"target": -2300.0, "params": {"momentum_down": 0.9696720158543333, "momentum_up": 0.8471438263192248, "mu_down": 0.10695701488420531, "mu_up": 0.0004399095320347831}, "datetime": {"datetime": "2024-01-20 15:25:13", "elapsed": 172.668699, "delta": 0.324981}}
{"target": -2000.3015485622266, "params": {"momentum_down": 0.6720276020637014, "momentum_up": 0.6111538229858183, "mu_down": 0.25989655372323356, "mu_up": 0.0001396141728963575}, "datetime": {"datetime": "2024-01-20 15:25:15", "elapsed": 174.685694, "delta": 2.016995}}
{"target": -1858.9058600958242, "params": {"momentum_down": 0.5328827678621302, "momentum_up": 0.9646432411422277, "mu_down": 0.07803193700020991, "mu_up": 3.216287592425926e-05}, "datetime": {"datetime": "2024-01-20 15:25:17", "elapsed": 176.482729, "delta": 1.797035}}
{"target": -646.2044385450674, "params": {"momentum_down": 0.7867042242651676, "momentum_up": 0.8718087947595954, "mu_down": 0.14532453347380173, "mu_up": 0.00026333952663225096}, "datetime": {"datetime": "2024-01-20 15:25:18", "elapsed": 177.435119, "delta": 0.95239}}
{"target": -1838.0827368867, "params": {"momentum_down": 0.7595637143745491, "momentum_up": 0.9302880807362471, "mu_down": 0.12563157503409653, "mu_up": 3.95670031684323e-05}, "datetime": {"datetime": "2024-01-20 15:25:20", "elapsed": 179.830407, "delta": 2.395288}}
{"target": -2300.0, "params": {"momentum_down": 0.7693429532238817, "momentum_up": 0.7735435395944747, "mu_down": 0.22014196283773269, "mu_up": 0.0006380272075088427}, "datetime": {"datetime": "2024-01-20 15:25:21", "elapsed": 180.144835, "delta": 0.314428}}
{"target": -1474.0794737037183, "params": {"momentum_down": 0.6027880805519815, "momentum_up": 0.5313082998121875, "mu_down": 0.21962897087607203, "mu_up": 0.0003540736762660232}, "datetime": {"datetime": "2024-01-20 15:25:23", "elapsed": 182.096709, "delta": 1.951874}}
{"target": -2001.7872093999945, "params": {"momentum_down": 0.6583080795242816, "momentum_up": 0.5500505561904309, "mu_down": 0.04595604832859218, "mu_up": 0.0004470728947678922}, "datetime": {"datetime": "2024-01-20 15:25:25", "elapsed": 184.044809, "delta": 1.9481}}
{"target": -2300.0, "params": {"momentum_down": 0.691656852695444, "momentum_up": 0.6927121075805317, "mu_down": 0.04299872518226982, "mu_up": 0.0007869199002901367}, "datetime": {"datetime": "2024-01-20 15:25:26", "elapsed": 185.231342, "delta": 1.186533}}
{"target": -1010.3102707761602, "params": {"momentum_down": 0.5124342225873172, "momentum_up": 0.8442069793634674, "mu_down": 0.19717589338432523, "mu_up": 0.00020830875414784073}, "datetime": {"datetime": "2024-01-20 15:25:28", "elapsed": 187.391465, "delta": 2.160123}}
{"target": -2300.0, "params": {"momentum_down": 0.6538734475412271, "momentum_up": 0.5308431262010151, "mu_down": 0.19482913375856833, "mu_up": 0.0009605570900545571}, "datetime": {"datetime": "2024-01-20 15:25:30", "elapsed": 189.12313, "delta": 1.731665}}
{"target": -868.3664108897335, "params": {"momentum_down": 0.5304194063641254, "momentum_up": 0.9302756896333171, "mu_down": 0.20803286603835927, "mu_up": 0.00045041043484686505}, "datetime": {"datetime": "2024-01-20 15:25:31", "elapsed": 190.643856, "delta": 1.520726}}
{"target": -2300.0, "params": {"momentum_down": 0.9017780429979578, "momentum_up": 0.6217427816539272, "mu_down": 0.2689719487278722, "mu_up": 0.0006702395732698962}, "datetime": {"datetime": "2024-01-20 15:25:32", "elapsed": 191.448411, "delta": 0.804555}}
{"target": -2300.0, "params": {"momentum_down": 0.8788064514563595, "momentum_up": 0.7928256684547409, "mu_down": 0.09728488043109103, "mu_up": 0.0006932247570719467}, "datetime": {"datetime": "2024-01-20 15:25:32", "elapsed": 191.862525, "delta": 0.414114}}
{"target": -2300.0, "params": {"momentum_down": 0.7121539798981028, "momentum_up": 0.9459092182792663, "mu_down": 0.2318359427403424, "mu_up": 0.0009036752300656808}, "datetime": {"datetime": "2024-01-20 15:25:33", "elapsed": 192.651937, "delta": 0.789412}}
