{"target": -2000.928781864444, "params": {"momentum_down": 0.9084724502552629, "momentum_up": 0.0996025812357967, "mu_down": 0.02630082019793019, "mu_up": 0.0002424036146673792}, "datetime": {"datetime": "2024-02-15 14:35:34", "elapsed": 207.948999, "delta": 5.055124}}
{"target": -2000.081520556903, "params": {"momentum_down": 0.4898268519385711, "momentum_up": 0.603708679670146, "mu_down": 0.1759203061345517, "mu_up": 0.0002277443364511265}, "datetime": {"datetime": "2024-02-15 14:35:38", "elapsed": 212.184442, "delta": 4.235443}}
{"target": -2011.2995864280097, "params": {"momentum_down": 0.8059535379197722, "momentum_up": 0.5139259572962098, "mu_down": 0.028756117422416128, "mu_up": 3.8649117442852856e-05}, "datetime": {"datetime": "2024-02-15 14:35:42", "elapsed": 216.359747, "delta": 4.175305}}
{"target": -2000.8566213719132, "params": {"momentum_down": 0.9124934577829232, "momentum_up": 0.4144553260897928, "mu_down": 0.1998666875203662, "mu_up": 0.0003013504391880881}, "datetime": {"datetime": "2024-02-15 14:35:45", "elapsed": 219.217142, "delta": 2.857395}}
{"target": -2000.9131933840508, "params": {"momentum_down": 0.07929841417859829, "momentum_up": 0.6512016166515674, "mu_down": 0.1472771773160446, "mu_up": 0.0005}, "datetime": {"datetime": "2024-02-15 14:35:49", "elapsed": 223.002525, "delta": 3.785383}}
{"target": -2300.0, "params": {"momentum_down": 0.8494901196248023, "momentum_up": 0.6668138233686859, "mu_down": 0.012231532995776773, "mu_up": 0.00036353154722122824}, "datetime": {"datetime": "2024-02-15 14:35:50", "elapsed": 223.831865, "delta": 0.82934}}
{"target": -2300.0, "params": {"momentum_down": 0.8065698517950575, "momentum_up": 0.5112557911548307, "mu_down": 0.02666283818402091, "mu_up": 0.00041979842810246595}, "datetime": {"datetime": "2024-02-15 14:35:51", "elapsed": 224.626111, "delta": 0.794246}}
{"target": -2000.042623514412, "params": {"momentum_down": 0.5428359216310769, "momentum_up": 0.8718891926101132, "mu_down": 0.18532314721812324, "mu_up": 8.579462643312969e-05}, "datetime": {"datetime": "2024-02-15 14:35:53", "elapsed": 226.951083, "delta": 2.324972}}
{"target": -2006.553300708237, "params": {"momentum_down": 0.3140415066034406, "momentum_up": 0.6585177780882725, "mu_down": 0.0899761861270823, "mu_up": 5.131065236944729e-05}, "datetime": {"datetime": "2024-02-15 14:35:55", "elapsed": 229.311348, "delta": 2.360265}}
{"target": -2000.2217975705767, "params": {"momentum_down": 0.48308288863650195, "momentum_up": 0.5028325667890219, "mu_down": 0.14087776597459753, "mu_up": 0.0002282870284558726}, "datetime": {"datetime": "2024-02-15 14:35:57", "elapsed": 231.453336, "delta": 2.141988}}
{"target": -2000.0066877991158, "params": {"momentum_down": 0.5416410854506648, "momentum_up": 0.8744530796673596, "mu_down": 0.1859642762381175, "mu_up": 0.0001537881805722518}, "datetime": {"datetime": "2024-02-15 14:36:00", "elapsed": 234.302207, "delta": 2.848871}}
{"target": -2024.9726724956386, "params": {"momentum_down": 0.23575721665657154, "momentum_up": 0.20553379490459023, "mu_down": 0.035501856667770636, "mu_up": 0.000225042815764605}, "datetime": {"datetime": "2024-02-15 14:36:02", "elapsed": 236.416982, "delta": 2.114775}}
{"target": -2000.8740968445595, "params": {"momentum_down": 0.7727688984003308, "momentum_up": 0.04824672499367569, "mu_down": 0.1588179661932924, "mu_up": 0.00024361445456332203}, "datetime": {"datetime": "2024-02-15 14:36:05", "elapsed": 238.700542, "delta": 2.28356}}
{"target": -2000.726526461747, "params": {"momentum_down": 0.14165088297457842, "momentum_up": 0.8388014766800732, "mu_down": 0.14871733928553685, "mu_up": 9.481150603854512e-05}, "datetime": {"datetime": "2024-02-15 14:36:07", "elapsed": 241.288875, "delta": 2.588333}}
{"target": -2020.4507395230532, "params": {"momentum_down": 0.7800088915114243, "momentum_up": 0.32098629931324535, "mu_down": 0.022952416351575147, "mu_up": 3.655964433686168e-05}, "datetime": {"datetime": "2024-02-15 14:36:09", "elapsed": 243.305809, "delta": 2.016934}}
{"target": -1768.018126136954, "params": {"momentum_down": 0.9108891668889186, "momentum_up": 0.7098958701546915, "mu_down": 0.19997220946653166, "mu_up": 0.00034225871867845785}, "datetime": {"datetime": "2024-02-15 14:36:11", "elapsed": 245.539103, "delta": 2.233294}}
{"target": -2007.48890707655, "params": {"momentum_down": 0.6575559560690338, "momentum_up": 0.6374664622202811, "mu_down": 0.03556402742628933, "mu_up": 7.279553473901637e-05}, "datetime": {"datetime": "2024-02-15 14:36:14", "elapsed": 247.689006, "delta": 2.149903}}
{"target": -2002.2871137526613, "params": {"momentum_down": 0.10195177383864244, "momentum_up": 0.409814538317789, "mu_down": 0.13577296489410937, "mu_up": 0.00016840856463509526}, "datetime": {"datetime": "2024-02-15 14:36:16", "elapsed": 250.25854, "delta": 2.569534}}
{"target": -2000.1496917265065, "params": {"momentum_down": 0.650710394990986, "momentum_up": 0.5758494484420608, "mu_down": 0.08028677413157087, "mu_up": 0.00034361598134228724}, "datetime": {"datetime": "2024-02-15 14:36:19", "elapsed": 252.772589, "delta": 2.514049}}
{"target": -2002.2434026265619, "params": {"momentum_down": 0.3763669162089382, "momentum_up": 0.29955346747188766, "mu_down": 0.08030225910602329, "mu_up": 0.0004773649199821765}, "datetime": {"datetime": "2024-02-15 14:36:22", "elapsed": 255.725825, "delta": 2.953236}}
{"target": -2077.6374207577205, "params": {"momentum_down": 0.1662889529220391, "momentum_up": 0.020468716654955366, "mu_down": 0.010667046932960767, "mu_up": 0.00042093838082014597}, "datetime": {"datetime": "2024-02-15 14:36:24", "elapsed": 257.77997, "delta": 2.054145}}
{"target": -2002.8774327191718, "params": {"momentum_down": 0.1522233125110013, "momentum_up": 0.7260589078239059, "mu_down": 0.10170140315848067, "mu_up": 0.00017801375106991178}, "datetime": {"datetime": "2024-02-15 14:36:26", "elapsed": 260.334962, "delta": 2.554992}}
{"target": -2026.012984663646, "params": {"momentum_down": 0.623676544190822, "momentum_up": 0.01541664949124381, "mu_down": 0.1506441192368797, "mu_up": 2.2923942222909304e-05}, "datetime": {"datetime": "2024-02-15 14:36:29", "elapsed": 262.634163, "delta": 2.299201}}
{"target": -2300.0, "params": {"momentum_down": 0.8704831688482411, "momentum_up": 0.3774405123516376, "mu_down": 0.04455627954526198, "mu_up": 0.00046394558735034827}, "datetime": {"datetime": "2024-02-15 14:36:29", "elapsed": 263.447272, "delta": 0.813109}}
{"target": -2000.3329906202932, "params": {"momentum_down": 0.6961043109042907, "momentum_up": 0.49854369269553217, "mu_down": 0.06489641261120156, "mu_up": 0.00026505677486978444}, "datetime": {"datetime": "2024-02-15 14:36:32", "elapsed": 266.209205, "delta": 2.761933}}
{"target": -2300.0, "params": {"momentum_down": 0.9647038259881151, "momentum_up": 0.4694311801967964, "mu_down": 0.16982571841159033, "mu_up": 0.00031636282212918395}, "datetime": {"datetime": "2024-02-15 14:36:33", "elapsed": 267.378202, "delta": 1.168997}}
{"target": -2002.7624401709945, "params": {"momentum_down": 0.9128413464622813, "momentum_up": 0.09951357758139451, "mu_down": 0.029403206785985094, "mu_up": 0.00014282237340088622}, "datetime": {"datetime": "2024-02-15 14:36:36", "elapsed": 270.029781, "delta": 2.651579}}
{"target": -2000.5058076859339, "params": {"momentum_down": 0.1431232467890444, "momentum_up": 0.8408214443885346, "mu_down": 0.15380155368107395, "mu_up": 0.0004155026785230933}, "datetime": {"datetime": "2024-02-15 14:36:39", "elapsed": 272.583307, "delta": 2.553526}}
{"target": -2000.006617629056, "params": {"momentum_down": 0.5370293001056599, "momentum_up": 0.8707415396791054, "mu_down": 0.18566144350836158, "mu_up": 0.00017968746623466444}, "datetime": {"datetime": "2024-02-15 14:36:42", "elapsed": 275.761957, "delta": 3.17865}}
{"target": -2000.0611608954207, "params": {"momentum_down": 0.31596663551369175, "momentum_up": 0.7453915953097164, "mu_down": 0.1791856467241101, "mu_up": 0.00029041159119122143}, "datetime": {"datetime": "2024-02-15 14:36:44", "elapsed": 278.034174, "delta": 2.272217}}
{"target": -2300.0, "params": {"momentum_down": 0.9213239152367545, "momentum_up": 0.6147005783726983, "mu_down": 0.041558061907105585, "mu_up": 0.0002776812934869541}, "datetime": {"datetime": "2024-02-15 14:36:45", "elapsed": 278.689989, "delta": 0.655815}}
{"target": -2004.9492567635118, "params": {"momentum_down": 0.6832091010538958, "momentum_up": 0.5120731570454753, "mu_down": 0.059783335437778765, "mu_up": 6.545928963811167e-05}, "datetime": {"datetime": "2024-02-15 14:36:47", "elapsed": 281.204147, "delta": 2.514158}}
{"target": -2012.4982400383558, "params": {"momentum_down": 0.2480817516936621, "momentum_up": 0.31209970900753853, "mu_down": 0.16934502002784524, "mu_up": 4.2452246146004105e-05}, "datetime": {"datetime": "2024-02-15 14:36:50", "elapsed": 284.038834, "delta": 2.834687}}
{"target": -2300.0, "params": {"momentum_down": 0.23347238876982143, "momentum_up": 0.9875389400368829, "mu_down": 0.19827586607851103, "mu_up": 0.00013121932144276134}, "datetime": {"datetime": "2024-02-15 14:36:52", "elapsed": 285.833626, "delta": 1.794792}}
{"target": -2008.7299444344947, "params": {"momentum_down": 0.34183581957150927, "momentum_up": 0.07551910394572922, "mu_down": 0.058483834304565385, "mu_up": 0.00024051251599572216}, "datetime": {"datetime": "2024-02-15 14:36:54", "elapsed": 288.445571, "delta": 2.611945}}
{"target": -2011.0736605310678, "params": {"momentum_down": 0.46903523460000296, "momentum_up": 0.20633380981726177, "mu_down": 0.11019789174822366, "mu_up": 5.3084085578159714e-05}, "datetime": {"datetime": "2024-02-15 14:36:57", "elapsed": 290.856735, "delta": 2.411164}}
{"target": -2076.7696517896293, "params": {"momentum_down": 0.24417172028937462, "momentum_up": 0.4165458949443905, "mu_down": 0.00958659300478535, "mu_up": 0.00032531089715462174}, "datetime": {"datetime": "2024-02-15 14:36:59", "elapsed": 292.968244, "delta": 2.111509}}
{"target": -2002.5817387664993, "params": {"momentum_down": 0.37073301278688536, "momentum_up": 0.2995225172214129, "mu_down": 0.07778582239283333, "mu_up": 0.0004798768346123013}, "datetime": {"datetime": "2024-02-15 14:37:02", "elapsed": 296.445856, "delta": 3.477612}}
{"target": -2300.0, "params": {"momentum_down": 0.9038771822867001, "momentum_up": 0.7022581871388245, "mu_down": 0.19914932248033002, "mu_up": 0.00048033060707774523}, "datetime": {"datetime": "2024-02-15 14:37:03", "elapsed": 297.244831, "delta": 0.798975}}
{"target": -2000.0053050678791, "params": {"momentum_down": 0.5425204620017589, "momentum_up": 0.8702153971088896, "mu_down": 0.1830743061016536, "mu_up": 0.0003289683896322695}, "datetime": {"datetime": "2024-02-15 14:37:06", "elapsed": 299.598939, "delta": 2.354108}}
{"target": -2090.5074918555056, "params": {"momentum_down": 0.0006629341985937031, "momentum_up": 0.5301530870946284, "mu_down": 0.010054331522474636, "mu_up": 0.00014643473890757383}, "datetime": {"datetime": "2024-02-15 14:37:08", "elapsed": 301.67123, "delta": 2.072291}}
{"target": -2001.270600660607, "params": {"momentum_down": 0.4382316172383407, "momentum_up": 0.365143595570979, "mu_down": 0.18769283130485734, "mu_up": 0.0001431034808328463}, "datetime": {"datetime": "2024-02-15 14:37:10", "elapsed": 304.393842, "delta": 2.722612}}
{"target": -2006.4093771451842, "params": {"momentum_down": 0.17841849357919304, "momentum_up": 0.10228231937857388, "mu_down": 0.1811432790940538, "mu_up": 9.459412303859809e-05}, "datetime": {"datetime": "2024-02-15 14:37:12", "elapsed": 306.423415, "delta": 2.029573}}
{"target": -2000.3851109141444, "params": {"momentum_down": 0.9153612686681627, "momentum_up": 0.18497116928455712, "mu_down": 0.11613516158424675, "mu_up": 0.00031635270048290627}, "datetime": {"datetime": "2024-02-15 14:37:14", "elapsed": 308.409673, "delta": 1.986258}}
{"target": -2000.0621073757595, "params": {"momentum_down": 0.431810133442159, "momentum_up": 0.6660281635175945, "mu_down": 0.14805681771821094, "mu_up": 0.00045858349085152884}, "datetime": {"datetime": "2024-02-15 14:37:17", "elapsed": 310.78664, "delta": 2.376967}}
{"target": -2000.018072160581, "params": {"momentum_down": 0.5675596460043278, "momentum_up": 0.7574873272243324, "mu_down": 0.1454279577181954, "mu_up": 0.0002452733601184892}, "datetime": {"datetime": "2024-02-15 14:37:20", "elapsed": 314.519867, "delta": 3.733227}}
{"target": -2000.0117901917517, "params": {"momentum_down": 0.6293729163204734, "momentum_up": 0.7622323212332508, "mu_down": 0.19597714678796044, "mu_up": 0.00022111247644198025}, "datetime": {"datetime": "2024-02-15 14:37:23", "elapsed": 316.890808, "delta": 2.370941}}
{"target": -2001.1105238613081, "params": {"momentum_down": 0.08094870847974171, "momentum_up": 0.4752491469731589, "mu_down": 0.14236365660439051, "mu_up": 0.0003485815284989908}, "datetime": {"datetime": "2024-02-15 14:37:26", "elapsed": 320.286773, "delta": 3.395965}}
{"target": -2000.061943799069, "params": {"momentum_down": 0.32105042025507063, "momentum_up": 0.7499970474206783, "mu_down": 0.17897616505808295, "mu_up": 0.0003813143804288461}, "datetime": {"datetime": "2024-02-15 14:37:30", "elapsed": 324.047708, "delta": 3.760935}}
{"target": -2003.2257419196294, "params": {"momentum_down": 0.9184377887436304, "momentum_up": 0.7114173851211983, "mu_down": 0.1938767118149981, "mu_up": 3.527881129967723e-05}, "datetime": {"datetime": "2024-02-15 14:37:33", "elapsed": 326.747304, "delta": 2.699596}}
{"target": -2006.6090349964697, "params": {"momentum_down": 0.3475659715164578, "momentum_up": 0.22457609133869413, "mu_down": 0.17135468123088113, "mu_up": 7.415246941334866e-05}, "datetime": {"datetime": "2024-02-15 14:37:35", "elapsed": 329.191946, "delta": 2.444642}}
{"target": -2025.420327488925, "params": {"momentum_down": 0.06643661261940585, "momentum_up": 0.938768997409807, "mu_down": 0.041451383571578515, "mu_up": 2.096950424534044e-05}, "datetime": {"datetime": "2024-02-15 14:37:37", "elapsed": 331.277445, "delta": 2.085499}}
{"target": -2000.3221264702909, "params": {"momentum_down": 0.5792595551479918, "momentum_up": 0.7512055241061213, "mu_down": 0.0895175239098584, "mu_up": 0.00013539027075737671}, "datetime": {"datetime": "2024-02-15 14:37:39", "elapsed": 333.327582, "delta": 2.050137}}
{"target": -2003.6876075079, "params": {"momentum_down": 0.5244246474098031, "momentum_up": 0.8693575508752748, "mu_down": 0.07545112502435468, "mu_up": 2.4634173285385683e-05}, "datetime": {"datetime": "2024-02-15 14:37:41", "elapsed": 335.428009, "delta": 2.100427}}
{"target": -2000.8354331219577, "params": {"momentum_down": 0.37671077987897555, "momentum_up": 0.4049747651347537, "mu_down": 0.16103707207394896, "mu_up": 0.00016981902793536258}, "datetime": {"datetime": "2024-02-15 14:37:44", "elapsed": 337.687631, "delta": 2.259622}}
{"target": -2000.756940804234, "params": {"momentum_down": 0.7738853795755876, "momentum_up": 0.0457694175220797, "mu_down": 0.1524104133656049, "mu_up": 0.00027148015555433915}, "datetime": {"datetime": "2024-02-15 14:37:46", "elapsed": 340.534028, "delta": 2.846397}}
{"target": -2001.053075366686, "params": {"momentum_down": 0.26829413113859746, "momentum_up": 0.7259365470737773, "mu_down": 0.13731285656460115, "mu_up": 9.05991797762134e-05}, "datetime": {"datetime": "2024-02-15 14:37:49", "elapsed": 343.315351, "delta": 2.781323}}
{"target": -2002.4192684296604, "params": {"momentum_down": 0.37017867800545484, "momentum_up": 0.3052151694273059, "mu_down": 0.08261946655470734, "mu_up": 0.00030530796928586294}, "datetime": {"datetime": "2024-02-15 14:37:53", "elapsed": 346.616153, "delta": 3.300802}}
{"target": -2001.1593313992576, "params": {"momentum_down": 0.9310712218415206, "momentum_up": 0.5788108540067546, "mu_down": 0.17433131481321776, "mu_up": 0.000340511973382561}, "datetime": {"datetime": "2024-02-15 14:37:57", "elapsed": 351.505559, "delta": 4.889406}}
{"target": -2000.4632338067895, "params": {"momentum_down": 0.48096262589349476, "momentum_up": 0.49681427738142486, "mu_down": 0.14578158221685003, "mu_up": 0.00017457403363771852}, "datetime": {"datetime": "2024-02-15 14:38:01", "elapsed": 355.128621, "delta": 3.623062}}
{"target": -2001.4025574297318, "params": {"momentum_down": 0.061459616939763664, "momentum_up": 0.869332515789763, "mu_down": 0.1343091900273995, "mu_up": 0.00022798092229794328}, "datetime": {"datetime": "2024-02-15 14:38:04", "elapsed": 357.810012, "delta": 2.681391}}
{"target": -2002.900585894699, "params": {"momentum_down": 0.8117556378938331, "momentum_up": 0.24597010987222007, "mu_down": 0.17783710623419446, "mu_up": 0.0003367852433356052}, "datetime": {"datetime": "2024-02-15 14:38:07", "elapsed": 360.933899, "delta": 3.123887}}
{"target": -2019.128053788102, "params": {"momentum_down": 0.3883670211764661, "momentum_up": 0.5510653514740455, "mu_down": 0.19806218278196353, "mu_up": 1.850991637701387e-05}, "datetime": {"datetime": "2024-02-15 14:38:11", "elapsed": 364.599925, "delta": 3.666026}}
