{"target": -2272.839403360249, "params": {"momentum_down": 0.4128517846555483, "momentum_up": 0.7131212485077365, "mu_down": 2.2874963468977327e-05, "mu_up": 0.0001581429605896015}, "datetime": {"datetime": "2024-02-15 14:32:06", "elapsed": 0.0, "delta": 0.0}}
{"target": -2029.1894751527714, "params": {"momentum_down": 0.14528833190894191, "momentum_up": 0.09141520882110982, "mu_down": 0.037252042275534185, "mu_up": 0.0001793247562510934}, "datetime": {"datetime": "2024-02-15 14:32:08", "elapsed": 1.885202, "delta": 1.885202}}
{"target": -2001.7078122070668, "params": {"momentum_down": 0.39279979948836324, "momentum_up": 0.5334285666633234, "mu_down": 0.08383890288065897, "mu_up": 0.0003457575551944122}, "datetime": {"datetime": "2024-02-15 14:32:10", "elapsed": 3.774132, "delta": 1.88893}}
{"target": -2101.294224623196, "params": {"momentum_down": 0.20240772723420225, "momentum_up": 0.869336262027036, "mu_down": 0.005477518639585233, "mu_up": 0.0003385290799874171}, "datetime": {"datetime": "2024-02-15 14:32:12", "elapsed": 5.668618, "delta": 1.894486}}
{"target": -2024.8328803830734, "params": {"momentum_down": 0.41313175434345567, "momentum_up": 0.5531029301612941, "mu_down": 0.028077387719046755, "mu_up": 0.0001070697296515906}, "datetime": {"datetime": "2024-02-15 14:32:14", "elapsed": 7.580712, "delta": 1.912094}}
{"target": -2300.0, "params": {"momentum_down": 0.7927371229887813, "momentum_up": 0.9585789599622035, "mu_down": 0.06268483563184857, "mu_up": 0.0003492380816779639}, "datetime": {"datetime": "2024-02-15 14:32:14", "elapsed": 8.029881, "delta": 0.449169}}
{"target": -2003.8546526551022, "params": {"momentum_down": 0.8676252607730779, "momentum_up": 0.8856605968688088, "mu_down": 0.017008842273955584, "mu_up": 2.9136843784112358e-05}, "datetime": {"datetime": "2024-02-15 14:32:16", "elapsed": 9.933188, "delta": 1.903307}}
{"target": -2046.8973759820233, "params": {"momentum_down": 0.16813211536892322, "momentum_up": 0.869361078395119, "mu_down": 0.01966936676661002, "mu_up": 0.00021634273625247555}, "datetime": {"datetime": "2024-02-15 14:32:18", "elapsed": 11.923701, "delta": 1.990513}}
{"target": -2000.2410818556311, "params": {"momentum_down": 0.9483106348489969, "momentum_up": 0.5278336321232869, "mu_down": 0.13837542279009468, "mu_up": 0.00016460265919297085}, "datetime": {"datetime": "2024-02-15 14:32:20", "elapsed": 13.978372, "delta": 2.054671}}
{"target": -2078.7194322124087, "params": {"momentum_down": 0.6796359184047678, "momentum_up": 0.8262794151783992, "mu_down": 0.0036576554688383615, "mu_up": 0.0003775707143230341}, "datetime": {"datetime": "2024-02-15 14:32:22", "elapsed": 15.887096, "delta": 1.908724}}
{"target": -2300.0, "params": {"momentum_down": 0.9789724780174297, "momentum_up": 0.740683997836041, "mu_down": 0.05608879841288104, "mu_up": 0.00039674687094122936}, "datetime": {"datetime": "2024-02-15 14:32:22", "elapsed": 15.927515, "delta": 0.040419}}
{"target": -2001.2678752844606, "params": {"momentum_down": 0.10219374651186561, "momentum_up": 0.4434145909141461, "mu_down": 0.18171910061861912, "mu_up": 0.00015387093270310295}, "datetime": {"datetime": "2024-02-15 14:32:24", "elapsed": 17.841706, "delta": 1.914191}}
{"target": -2114.6699229115557, "params": {"momentum_down": 0.28489758520048525, "momentum_up": 0.1287282863970949, "mu_down": 0.003873391574059415, "mu_up": 0.0003426294111405466}, "datetime": {"datetime": "2024-02-15 14:32:26", "elapsed": 19.999623, "delta": 2.157917}}
{"target": -2018.7809091808986, "params": {"momentum_down": 0.20951183484005845, "momentum_up": 0.2628911927785039, "mu_down": 0.09831463185606766, "mu_up": 3.614764710736939e-05}, "datetime": {"datetime": "2024-02-15 14:32:28", "elapsed": 21.967096, "delta": 1.967473}}
{"target": -2000.298192268943, "params": {"momentum_down": 0.568376429437093, "momentum_up": 0.14526128915675204, "mu_down": 0.11786110738065686, "mu_up": 0.0003528815964102563}, "datetime": {"datetime": "2024-02-15 14:32:30", "elapsed": 23.86895, "delta": 1.901854}}
{"target": -2001.6510328554737, "params": {"momentum_down": 0.10131108453954758, "momentum_up": 0.40991542794137265, "mu_down": 0.13888003154554904, "mu_up": 0.00021294784206818228}, "datetime": {"datetime": "2024-02-15 14:32:32", "elapsed": 25.764752, "delta": 1.895802}}
{"target": -2001.752234222758, "params": {"momentum_down": 0.04945392435662629, "momentum_up": 0.5305374418563564, "mu_down": 0.13275892904395778, "mu_up": 0.0002622956649085712}, "datetime": {"datetime": "2024-02-15 14:32:34", "elapsed": 27.666997, "delta": 1.902245}}
{"target": -2001.3993640130545, "params": {"momentum_down": 0.9351488084309052, "momentum_up": 0.580689490096973, "mu_down": 0.18068038305757672, "mu_up": 7.736260503165639e-05}, "datetime": {"datetime": "2024-02-15 14:32:36", "elapsed": 29.870599, "delta": 2.203602}}
{"target": -2006.6022110222764, "params": {"momentum_down": 0.13788358377825097, "momentum_up": 0.7993173758224286, "mu_down": 0.07953536739710672, "mu_up": 9.102355658729706e-05}, "datetime": {"datetime": "2024-02-15 14:32:38", "elapsed": 31.774181, "delta": 1.903582}}
{"target": -2000.153573441468, "params": {"momentum_down": 0.9182334945920736, "momentum_up": 0.3442882011480515, "mu_down": 0.15016242062723112, "mu_up": 0.00036573901282172124}, "datetime": {"datetime": "2024-02-15 14:32:40", "elapsed": 33.744095, "delta": 1.969914}}
{"target": -2166.45660889152, "params": {"momentum_down": 0.05908323069121823, "momentum_up": 0.8352338935258937, "mu_down": 0.0015439711968242122, "mu_up": 8.931185776422114e-05}, "datetime": {"datetime": "2024-02-15 14:32:43", "elapsed": 36.652308, "delta": 2.908213}}
{"target": -2024.3544503967773, "params": {"momentum_down": 0.9069589001463934, "momentum_up": 0.36354899928302215, "mu_down": 0.1380104047852679, "mu_up": 0.00040264772427666334}, "datetime": {"datetime": "2024-02-15 14:32:45", "elapsed": 38.768818, "delta": 2.11651}}
{"target": -2003.4302543897168, "params": {"momentum_down": 0.31522869904386586, "momentum_up": 0.6564281711363338, "mu_down": 0.08967797126578343, "mu_up": 9.438055055748025e-05}, "datetime": {"datetime": "2024-02-15 14:32:47", "elapsed": 40.882215, "delta": 2.113397}}
{"target": -2005.4853040441008, "params": {"momentum_down": 0.29179482447923727, "momentum_up": 0.5626470986744723, "mu_down": 0.10185723892381617, "mu_up": 6.849103631109484e-05}, "datetime": {"datetime": "2024-02-15 14:32:50", "elapsed": 43.595599, "delta": 2.713384}}
{"target": -2000.2958421728129, "params": {"momentum_down": 0.9352824956802217, "momentum_up": 0.5871888284875639, "mu_down": 0.1788124146015809, "mu_up": 0.00013610034594712896}, "datetime": {"datetime": "2024-02-15 14:32:52", "elapsed": 45.745766, "delta": 2.150167}}
{"target": -2002.177329768302, "params": {"momentum_down": 0.1992829980310622, "momentum_up": 0.6625321653180352, "mu_down": 0.12254472936416401, "mu_up": 9.768743967319941e-05}, "datetime": {"datetime": "2024-02-15 14:32:54", "elapsed": 48.17988, "delta": 2.434114}}
{"target": -2002.7493002800263, "params": {"momentum_down": 0.16342046271203964, "momentum_up": 0.5183963314783786, "mu_down": 0.1012031497365082, "mu_up": 0.0005}, "datetime": {"datetime": "2024-02-15 14:32:58", "elapsed": 51.773392, "delta": 3.593512}}
{"target": -2002.0919807471375, "params": {"momentum_down": 0.3735054796454565, "momentum_up": 0.2977336779752298, "mu_down": 0.08304026458045255, "mu_up": 0.00041721461411101454}, "datetime": {"datetime": "2024-02-15 14:33:00", "elapsed": 54.131578, "delta": 2.358186}}
{"target": -2001.6193255642524, "params": {"momentum_down": 0.27955151310756604, "momentum_up": 0.4063064062351, "mu_down": 0.10359546427688106, "mu_up": 0.00031405006796658995}, "datetime": {"datetime": "2024-02-15 14:33:03", "elapsed": 57.20683, "delta": 3.075252}}
{"target": -2002.8575578122761, "params": {"momentum_down": 0.2844696061958311, "momentum_up": 0.7909569378049244, "mu_down": 0.08471785196801424, "mu_up": 0.0002814992835020821}, "datetime": {"datetime": "2024-02-15 14:33:06", "elapsed": 59.916844, "delta": 2.710014}}
{"target": -2016.5771794719305, "params": {"momentum_down": 0.29121747473762954, "momentum_up": 0.14947591936975227, "mu_down": 0.04506730755174067, "mu_up": 0.0001923451974982346}, "datetime": {"datetime": "2024-02-15 14:33:10", "elapsed": 63.958362, "delta": 4.041518}}
{"target": -2037.287472993345, "params": {"momentum_down": 0.32288893894744003, "momentum_up": 0.19451187320107524, "mu_down": 0.1332323830564982, "mu_up": 1e-05}, "datetime": {"datetime": "2024-02-15 14:33:13", "elapsed": 66.557587, "delta": 2.599225}}
{"target": -2300.0, "params": {"momentum_down": 0.865150688649818, "momentum_up": 0.7582079845888144, "mu_down": 0.07776796326341606, "mu_up": 0.0004387421652430241}, "datetime": {"datetime": "2024-02-15 14:33:13", "elapsed": 66.896712, "delta": 0.339125}}
{"target": -2017.3701028292255, "params": {"momentum_down": 0.22076079997532685, "momentum_up": 0.7846237196827135, "mu_down": 0.18671556190954755, "mu_up": 1e-05}, "datetime": {"datetime": "2024-02-15 14:33:18", "elapsed": 71.628231, "delta": 4.731519}}
{"target": -2300.0, "params": {"momentum_down": 0.7978173258470223, "momentum_up": 0.9366549847520004, "mu_down": 0.08208713454917715, "mu_up": 0.0004500841116506447}, "datetime": {"datetime": "2024-02-15 14:33:18", "elapsed": 71.831506, "delta": 0.203275}}
{"target": -2038.7869968720238, "params": {"momentum_down": 0.470165301843363, "momentum_up": 0.40553522019131366, "mu_down": 0.05122174240409425, "mu_up": 1e-05}, "datetime": {"datetime": "2024-02-15 14:33:21", "elapsed": 74.747557, "delta": 2.916051}}
{"target": -2300.0, "params": {"momentum_down": 0.99, "momentum_up": 0.23250267689143375, "mu_down": 0.2, "mu_up": 0.00019797696034689504}, "datetime": {"datetime": "2024-02-15 14:33:22", "elapsed": 75.880963, "delta": 1.133406}}
{"target": -2058.525278948843, "params": {"momentum_down": 0.9387182763436606, "momentum_up": 0.7816741046984651, "mu_down": 0.11522129873711784, "mu_up": 0.00030286075939386974}, "datetime": {"datetime": "2024-02-15 14:33:24", "elapsed": 78.230249, "delta": 2.349286}}
{"target": -2030.7593560882895, "params": {"momentum_down": 0.2238684302675834, "momentum_up": 0.4690407864312933, "mu_down": 0.18581283626938672, "mu_up": 1e-05}, "datetime": {"datetime": "2024-02-15 14:33:28", "elapsed": 81.596407, "delta": 3.366158}}
{"target": -2000.222607914708, "params": {"momentum_down": 0.3026657373456469, "momentum_up": 0.6533043301322566, "mu_down": 0.196978837566645, "mu_up": 0.000155547165322389}, "datetime": {"datetime": "2024-02-15 14:33:31", "elapsed": 85.537968, "delta": 3.941561}}
{"target": -2096.6751933432106, "params": {"momentum_down": 0.3418920302906971, "momentum_up": 0.050783139944782535, "mu_down": 0.005521127960123051, "mu_up": 0.00037617142201130477}, "datetime": {"datetime": "2024-02-15 14:33:34", "elapsed": 87.86799, "delta": 2.330022}}
{"target": -2080.2976153063123, "params": {"momentum_down": 0.30636038259025467, "momentum_up": 0.4697239274948563, "mu_down": 0.011816741579597778, "mu_up": 4.138546914524875e-05}, "datetime": {"datetime": "2024-02-15 14:33:37", "elapsed": 90.892297, "delta": 3.024307}}
{"target": -2003.2732639096473, "params": {"momentum_down": 0.16368601955355894, "momentum_up": 0.5833392626247792, "mu_down": 0.1895485228454845, "mu_up": 6.673153919953837e-05}, "datetime": {"datetime": "2024-02-15 14:33:40", "elapsed": 94.102082, "delta": 3.209785}}
{"target": -2000.079199450906, "params": {"momentum_down": 0.37675160131933183, "momentum_up": 0.4050890485113945, "mu_down": 0.16122821621136874, "mu_up": 0.0005}, "datetime": {"datetime": "2024-02-15 14:33:44", "elapsed": 97.651625, "delta": 3.549543}}
{"target": -2017.9001925890002, "params": {"momentum_down": 0.31122724904073773, "momentum_up": 0.5844690992125787, "mu_down": 0.03677334499792153, "mu_up": 0.00034714364604835333}, "datetime": {"datetime": "2024-02-15 14:33:46", "elapsed": 100.274301, "delta": 2.622676}}
{"target": -2008.3534910020978, "params": {"momentum_down": 0.972360054822602, "momentum_up": 0.8324558126659287, "mu_down": 0.2, "mu_up": 1e-05}, "datetime": {"datetime": "2024-02-15 14:33:51", "elapsed": 104.796801, "delta": 4.5225}}
{"target": -2000.1865038180897, "params": {"momentum_down": 0.2530379408019461, "momentum_up": 0.3100677379619884, "mu_down": 0.17212468723726837, "mu_up": 0.0004444401196451715}, "datetime": {"datetime": "2024-02-15 14:33:54", "elapsed": 107.600144, "delta": 2.803343}}
{"target": -2000.1548374444899, "params": {"momentum_down": 0.4941403114959829, "momentum_up": 0.2503226267272981, "mu_down": 0.1307961650863294, "mu_up": 0.0005}, "datetime": {"datetime": "2024-02-15 14:33:57", "elapsed": 110.573262, "delta": 2.973118}}
{"target": -2002.7362083370072, "params": {"momentum_down": 0.7679692411055381, "momentum_up": 0.44341114154766337, "mu_down": 0.1332415341541521, "mu_up": 8.453150676656135e-05}, "datetime": {"datetime": "2024-02-15 14:33:59", "elapsed": 112.900771, "delta": 2.327509}}
{"target": -2000.0462978843066, "params": {"momentum_down": 0.3876164652157276, "momentum_up": 0.5445226592441201, "mu_down": 0.19433185656461097, "mu_up": 0.00033383689003245253}, "datetime": {"datetime": "2024-02-15 14:34:02", "elapsed": 115.627588, "delta": 2.726817}}
{"target": -2059.822147993234, "params": {"momentum_down": 0.5016559974358628, "momentum_up": 0.20464198590530702, "mu_down": 0.023386669558426693, "mu_up": 1e-05}, "datetime": {"datetime": "2024-02-15 14:34:04", "elapsed": 118.42445, "delta": 2.796862}}
{"target": -2300.0, "params": {"momentum_down": 0.6112012162623581, "momentum_up": 0.2485076298308769, "mu_down": 0.17380803694290017, "mu_up": 0.0005}, "datetime": {"datetime": "2024-02-15 14:34:05", "elapsed": 119.437803, "delta": 1.013353}}
{"target": -2004.7403257997253, "params": {"momentum_down": 0.7118143316552588, "momentum_up": 0.784200613695581, "mu_down": 0.18820992928506658, "mu_up": 2.6065070863043334e-05}, "datetime": {"datetime": "2024-02-15 14:34:08", "elapsed": 121.651869, "delta": 2.214066}}
{"target": -2001.2018976692452, "params": {"momentum_down": 0.570298661396325, "momentum_up": 0.14801567081945038, "mu_down": 0.11424238830390039, "mu_up": 0.0002071703331756475}, "datetime": {"datetime": "2024-02-15 14:34:10", "elapsed": 124.130234, "delta": 2.478365}}
{"target": -2003.6093730760067, "params": {"momentum_down": 0.5550650962229202, "momentum_up": 0.38380593308260863, "mu_down": 0.08174583711793747, "mu_up": 0.00010458399368059549}, "datetime": {"datetime": "2024-02-15 14:34:13", "elapsed": 127.056557, "delta": 2.926323}}
{"target": -2035.813785831478, "params": {"momentum_down": 0.3317226081749346, "momentum_up": 0.2057337095030188, "mu_down": 0.03211817367040457, "mu_up": 5.664932343143851e-05}, "datetime": {"datetime": "2024-02-15 14:34:15", "elapsed": 129.275068, "delta": 2.218511}}
{"target": -2018.7222311680289, "params": {"momentum_down": 0.5565901988842585, "momentum_up": 0.27062636380712635, "mu_down": 0.1808491349334019, "mu_up": 2.79569214016883e-05}, "datetime": {"datetime": "2024-02-15 14:34:18", "elapsed": 131.550038, "delta": 2.27497}}
{"target": -2000.4301234520194, "params": {"momentum_down": 0.7968388804999145, "momentum_up": 0.7852485779277919, "mu_down": 0.15527448662506946, "mu_up": 6.92569634593642e-05}, "datetime": {"datetime": "2024-02-15 14:34:20", "elapsed": 134.219196, "delta": 2.669158}}
{"target": -2300.0, "params": {"momentum_down": 0.9488922235772734, "momentum_up": 0.2831150012844608, "mu_down": 0.08552407918815003, "mu_up": 0.0004867188969641239}, "datetime": {"datetime": "2024-02-15 14:34:20", "elapsed": 134.540988, "delta": 0.321792}}
{"target": -2000.054270976539, "params": {"momentum_down": 0.9369125063073147, "momentum_up": 0.5822916713668478, "mu_down": 0.1771139578743099, "mu_up": 0.00025759815898681053}, "datetime": {"datetime": "2024-02-15 14:34:23", "elapsed": 137.268257, "delta": 2.727269}}
{"target": -2088.1000033248843, "params": {"momentum_down": 0.0983448291669507, "momentum_up": 0.13295881237790239, "mu_down": 0.009627827242762588, "mu_up": 0.0002560630035544873}, "datetime": {"datetime": "2024-02-15 14:34:26", "elapsed": 139.78402, "delta": 2.515763}}
{"target": -2001.3397400601928, "params": {"momentum_down": 0.7482081476065383, "momentum_up": 0.6657021490682816, "mu_down": 0.06832148283111197, "mu_up": 7.65459374856698e-05}, "datetime": {"datetime": "2024-02-15 14:34:28", "elapsed": 142.410411, "delta": 2.626391}}
{"target": -2000.0381955735404, "params": {"momentum_down": 0.5652743193079498, "momentum_up": 0.7518932253404585, "mu_down": 0.14450934736397922, "mu_up": 0.0001839128779322494}, "datetime": {"datetime": "2024-02-15 14:34:31", "elapsed": 144.962808, "delta": 2.552397}}
{"target": -2300.0, "params": {"momentum_down": 0.9728344198184745, "momentum_up": 0.726076663171826, "mu_down": 0.17704816722079725, "mu_up": 0.0003982341763785027}, "datetime": {"datetime": "2024-02-15 14:34:31", "elapsed": 145.49525, "delta": 0.532442}}
{"target": -2001.2299689428057, "params": {"momentum_down": 0.5047371189238536, "momentum_up": 0.33846318779623813, "mu_down": 0.16571850421686274, "mu_up": 0.00015090571779254101}, "datetime": {"datetime": "2024-02-15 14:34:35", "elapsed": 149.084624, "delta": 3.589374}}
{"target": -2029.838321085625, "params": {"momentum_down": 0.4784492902489798, "momentum_up": 0.2673608344790023, "mu_down": 0.2, "mu_up": 1e-05}, "datetime": {"datetime": "2024-02-15 14:34:39", "elapsed": 152.965507, "delta": 3.880883}}
{"target": -2000.0125743811134, "params": {"momentum_down": 0.6774646180609338, "momentum_up": 0.7164356623097136, "mu_down": 0.124444703689865, "mu_up": 0.00030544445008637554}, "datetime": {"datetime": "2024-02-15 14:34:44", "elapsed": 157.893273, "delta": 4.927766}}
{"target": -2006.05771593825, "params": {"momentum_down": 0.7093778266571782, "momentum_up": 0.4428153847093113, "mu_down": 0.03500665746647267, "mu_up": 0.00010202865282735731}, "datetime": {"datetime": "2024-02-15 14:34:47", "elapsed": 161.328524, "delta": 3.435251}}
{"target": -2000.36947423103, "params": {"momentum_down": 0.27120255767552254, "momentum_up": 0.720004179194837, "mu_down": 0.13998832282743606, "mu_up": 0.0005}, "datetime": {"datetime": "2024-02-15 14:34:50", "elapsed": 164.508523, "delta": 3.179999}}
{"target": -2000.3361065172398, "params": {"momentum_down": 0.10232102186268131, "momentum_up": 0.44205611261306765, "mu_down": 0.18019565180980654, "mu_up": 0.00038604613729306453}, "datetime": {"datetime": "2024-02-15 14:34:53", "elapsed": 166.750426, "delta": 2.241903}}
{"target": -2005.8163649419728, "params": {"momentum_down": 0.9571421791701841, "momentum_up": 0.8784033521412342, "mu_down": 0.12466198731111003, "mu_up": 1e-05}, "datetime": {"datetime": "2024-02-15 14:34:55", "elapsed": 169.433552, "delta": 2.683126}}
{"target": -2003.5924586378233, "params": {"momentum_down": 0.7270794988067711, "momentum_up": 0.5553388703384471, "mu_down": 0.09629750365293019, "mu_up": 6.034061653485479e-05}, "datetime": {"datetime": "2024-02-15 14:34:58", "elapsed": 172.279439, "delta": 2.845887}}
{"target": -2001.0119325183064, "params": {"momentum_down": 0.8281613785918309, "momentum_up": 0.5445710746391924, "mu_down": 0.15121786116498054, "mu_up": 0.00010429267986119048}, "datetime": {"datetime": "2024-02-15 14:35:01", "elapsed": 174.952009, "delta": 2.67257}}
{"target": -2000.7123247135855, "params": {"momentum_down": 0.737616097791149, "momentum_up": 0.6465440235909975, "mu_down": 0.17693050157147647, "mu_up": 9.502717363443896e-05}, "datetime": {"datetime": "2024-02-15 14:35:04", "elapsed": 177.908875, "delta": 2.956866}}
{"target": -2002.2020510094826, "params": {"momentum_down": 0.6242108241566362, "momentum_up": 0.628018592221117, "mu_down": 0.10507937025389369, "mu_up": 6.792705825631183e-05}, "datetime": {"datetime": "2024-02-15 14:35:07", "elapsed": 180.549135, "delta": 2.64026}}
{"target": -2011.3583517184445, "params": {"momentum_down": 0.1714841427524696, "momentum_up": 0.0214021691008657, "mu_down": 0.06200340671880902, "mu_up": 0.000312649377567164}, "datetime": {"datetime": "2024-02-15 14:35:09", "elapsed": 182.878018, "delta": 2.328883}}
{"target": -2028.8844381038994, "params": {"momentum_down": 0.6260986377847707, "momentum_up": 0.4875000129130755, "mu_down": 0.11415444391432174, "mu_up": 1e-05}, "datetime": {"datetime": "2024-02-15 14:35:11", "elapsed": 185.513895, "delta": 2.635877}}
{"target": -2000.9200340809264, "params": {"momentum_down": 0.6982361290792387, "momentum_up": 0.49913598599340553, "mu_down": 0.06873526293661143, "mu_up": 0.00014707416289365963}, "datetime": {"datetime": "2024-02-15 14:35:13", "elapsed": 187.503134, "delta": 1.989239}}
{"target": -2000.020616802411, "params": {"momentum_down": 0.593362633653168, "momentum_up": 0.6684785917102156, "mu_down": 0.19416333408145958, "mu_up": 0.00027180165646118436}, "datetime": {"datetime": "2024-02-15 14:35:17", "elapsed": 191.001665, "delta": 3.498531}}
{"target": -2070.1200199197247, "params": {"momentum_down": 0.09368487884385657, "momentum_up": 0.5040033852577089, "mu_down": 0.012875997947496921, "mu_up": 0.00034231055949752716}, "datetime": {"datetime": "2024-02-15 14:35:20", "elapsed": 194.363618, "delta": 3.361953}}
{"target": -2017.49921993236, "params": {"momentum_down": 0.6901060005289948, "momentum_up": 0.4770873940554069, "mu_down": 0.0215139624249312, "mu_up": 7.462647350004508e-05}, "datetime": {"datetime": "2024-02-15 14:35:24", "elapsed": 197.663581, "delta": 3.299963}}
{"target": -2002.1481641517087, "params": {"momentum_down": 0.4777400446067592, "momentum_up": 0.4876688962760664, "mu_down": 0.1532336002618504, "mu_up": 9.31328475091746e-05}, "datetime": {"datetime": "2024-02-15 14:35:29", "elapsed": 202.893875, "delta": 5.230294}}
