{"target": -2300.0, "params": {"momentum_down": 0.8794394481683824, "momentum_up": 0.7540860920216202, "mu_down": 0.21129181510946568, "mu_up": 0.0008150048917862291}, "datetime": {"datetime": "2024-01-20 16:14:41", "elapsed": 3140.264492, "delta": 9.177981}}
{"target": -2300.0, "params": {"momentum_down": 0.9017805693425571, "momentum_up": 0.7703603812483553, "mu_down": 0.16476275316222375, "mu_up": 0.0009062741500802991}, "datetime": {"datetime": "2024-01-20 16:14:43", "elapsed": 3142.619427, "delta": 2.354935}}
{"target": -767.0741848645332, "params": {"momentum_down": 0.7841468759237925, "momentum_up": 0.7809420556063932, "mu_down": 0.21572809654130684, "mu_up": 0.00031764652304821687}, "datetime": {"datetime": "2024-01-20 16:14:46", "elapsed": 3145.875534, "delta": 3.256107}}
{"target": -686.6109354896361, "params": {"momentum_down": 0.5320684065748681, "momentum_up": 0.7450468439939838, "mu_down": 0.24113223936163342, "mu_up": 0.0005458213914475784}, "datetime": {"datetime": "2024-01-20 16:15:05", "elapsed": 3164.597765, "delta": 18.722231}}
{"target": -727.1647767629624, "params": {"momentum_down": 0.8744861271005695, "momentum_up": 0.9451447089945245, "mu_down": 0.21702485852724543, "mu_up": 9.117631853506644e-05}, "datetime": {"datetime": "2024-01-20 16:15:36", "elapsed": 3195.111316, "delta": 30.513551}}
{"target": -626.166082874143, "params": {"momentum_down": 0.7540440553589347, "momentum_up": 0.9037343073157826, "mu_down": 0.18069485624114362, "mu_up": 0.0005620124286708046}, "datetime": {"datetime": "2024-01-20 16:15:51", "elapsed": 3210.334921, "delta": 15.223605}}
{"target": -787.2047221320962, "params": {"momentum_down": 0.5346892667884935, "momentum_up": 0.7070540092011807, "mu_down": 0.26398987012661734, "mu_up": 0.0005091762859493463}, "datetime": {"datetime": "2024-01-20 16:16:20", "elapsed": 3239.104209, "delta": 28.769288}}
{"target": -2300.0, "params": {"momentum_down": 0.8042802701554437, "momentum_up": 0.5092669461917255, "mu_down": 0.1469242360673813, "mu_up": 0.0005881126449349911}, "datetime": {"datetime": "2024-01-20 16:16:27", "elapsed": 3246.359336, "delta": 7.255127}}
{"target": -989.7030007937559, "params": {"momentum_down": 0.5973167835216899, "momentum_up": 0.6517076392604539, "mu_down": 0.13761357590937306, "mu_up": 0.0005107663055334946}, "datetime": {"datetime": "2024-01-20 16:16:30", "elapsed": 3249.543562, "delta": 3.184226}}
{"target": -444.93083084226544, "params": {"momentum_down": 0.6768933539906824, "momentum_up": 0.9008975633933916, "mu_down": 0.22456895674227442, "mu_up": 0.00038496448825692297}, "datetime": {"datetime": "2024-01-20 16:16:41", "elapsed": 3260.779441, "delta": 11.235879}}
{"target": -2300.0, "params": {"momentum_down": 0.9608564449025235, "momentum_up": 0.7782895554703053, "mu_down": 0.0904170763210812, "mu_up": 0.0006580485859604185}, "datetime": {"datetime": "2024-01-20 16:16:43", "elapsed": 3262.759702, "delta": 1.980261}}
{"target": -2000.42935297362, "params": {"momentum_down": 0.8810049420432045, "momentum_up": 0.94564743155712, "mu_down": 0.22368183848354847, "mu_up": 0.00042511620349420826}, "datetime": {"datetime": "2024-01-20 16:16:47", "elapsed": 3266.712997, "delta": 3.953295}}
{"target": -2006.7849819249661, "params": {"momentum_down": 0.7358304824966475, "momentum_up": 0.5971233737213404, "mu_down": 0.02380299021893286, "mu_up": 0.00019690567162595365}, "datetime": {"datetime": "2024-01-20 16:16:51", "elapsed": 3270.152001, "delta": 3.439004}}
{"target": -808.1192684836802, "params": {"momentum_down": 0.6330453542372003, "momentum_up": 0.6901701782419716, "mu_down": 0.2325758420795024, "mu_up": 0.00048567924594292947}, "datetime": {"datetime": "2024-01-20 16:16:53", "elapsed": 3272.579754, "delta": 2.427753}}
{"target": -2000.2811963784702, "params": {"momentum_down": 0.5671945216416934, "momentum_up": 0.7703809282252374, "mu_down": 0.2525130319959877, "mu_up": 8.431955348361372e-05}, "datetime": {"datetime": "2024-01-20 16:17:20", "elapsed": 3299.594547, "delta": 27.014793}}
{"target": -2000.0198428017363, "params": {"momentum_down": 0.7348508588316847, "momentum_up": 0.8506278367244618, "mu_down": 0.1060708141808213, "mu_up": 0.0005667355329807436}, "datetime": {"datetime": "2024-01-20 16:17:24", "elapsed": 3303.399483, "delta": 3.804936}}
{"target": -2300.0, "params": {"momentum_down": 0.5059694039210583, "momentum_up": 0.6690403788520926, "mu_down": 0.19077115354670335, "mu_up": 0.0008219881594502868}, "datetime": {"datetime": "2024-01-20 16:17:26", "elapsed": 3305.155248, "delta": 1.755765}}
{"target": -1575.3457864778532, "params": {"momentum_down": 0.7899071416938973, "momentum_up": 0.7020185494911808, "mu_down": 0.05308147625344266, "mu_up": 0.0002596739921853007}, "datetime": {"datetime": "2024-01-20 16:17:29", "elapsed": 3308.817237, "delta": 3.661989}}
{"target": -2000.2987315712799, "params": {"momentum_down": 0.6075408658241398, "momentum_up": 0.6730312083322656, "mu_down": 0.24455280000141397, "mu_up": 0.0001173149161558558}, "datetime": {"datetime": "2024-01-20 16:17:33", "elapsed": 3312.600901, "delta": 3.783664}}
{"target": -1050.9338707850561, "params": {"momentum_down": 0.628005392979182, "momentum_up": 0.8838090886068208, "mu_down": 0.1102788139439438, "mu_up": 0.00034981628368904944}, "datetime": {"datetime": "2024-01-20 16:18:21", "elapsed": 3360.607346, "delta": 48.006445}}
{"target": -2008.8101112407155, "params": {"momentum_down": 0.7952995038371224, "momentum_up": 0.8625367101078389, "mu_down": 0.134003064928669, "mu_up": 1.0936246603712238e-05}, "datetime": {"datetime": "2024-01-20 16:18:46", "elapsed": 3385.482782, "delta": 24.875436}}
{"target": -343.7513172209085, "params": {"momentum_down": 0.7448595563129069, "momentum_up": 0.8577228365897007, "mu_down": 0.24509669734820638, "mu_up": 0.0005832043892110269}, "datetime": {"datetime": "2024-01-20 16:19:17", "elapsed": 3416.355411, "delta": 30.872629}}
{"target": -1757.076861949285, "params": {"momentum_down": 0.9507109275652228, "momentum_up": 0.5688706205628925, "mu_down": 0.2421672898447389, "mu_up": 0.0002413943690395548}, "datetime": {"datetime": "2024-01-20 16:19:21", "elapsed": 3419.997864, "delta": 3.642453}}
{"target": -525.8800724405811, "params": {"momentum_down": 0.6355502534718642, "momentum_up": 0.8641424286516919, "mu_down": 0.2149888769940303, "mu_up": 0.0006549727219944457}, "datetime": {"datetime": "2024-01-20 16:19:24", "elapsed": 3423.617625, "delta": 3.619761}}
{"target": -2000.0200166844209, "params": {"momentum_down": 0.7372337443469, "momentum_up": 0.9011201758346816, "mu_down": 0.28210184632344026, "mu_up": 0.0005499131221998135}, "datetime": {"datetime": "2024-01-20 16:19:52", "elapsed": 3451.001362, "delta": 27.383737}}
{"target": -2008.1391110104428, "params": {"momentum_down": 0.8211026850259707, "momentum_up": 0.6622695177907308, "mu_down": 0.022907964611814786, "mu_up": 0.00015710740532806291}, "datetime": {"datetime": "2024-01-20 16:19:55", "elapsed": 3454.740239, "delta": 3.738877}}
{"target": -606.3090955665232, "params": {"momentum_down": 0.6317329573330577, "momentum_up": 0.9219730647927422, "mu_down": 0.2385213985252746, "mu_up": 0.0004411956953602001}, "datetime": {"datetime": "2024-01-20 16:20:12", "elapsed": 3471.417227, "delta": 16.676988}}
{"target": -545.4545775105815, "params": {"momentum_down": 0.7848025326141665, "momentum_up": 0.871299381515044, "mu_down": 0.1449900186251422, "mu_up": 0.00032590280089123255}, "datetime": {"datetime": "2024-01-20 16:20:31", "elapsed": 3490.500728, "delta": 19.083501}}
{"target": -1595.0782398263877, "params": {"momentum_down": 0.5314349533765852, "momentum_up": 0.7468317777353677, "mu_down": 0.24050998104318122, "mu_up": 0.0001758144033922053}, "datetime": {"datetime": "2024-01-20 16:20:56", "elapsed": 3515.328214, "delta": 24.827486}}
{"target": -1232.0828010492482, "params": {"momentum_down": 0.6595798542726916, "momentum_up": 0.7570042091281204, "mu_down": 0.26799609338591307, "mu_up": 0.0002081079140427342}, "datetime": {"datetime": "2024-01-20 16:21:15", "elapsed": 3534.185075, "delta": 18.856861}}
{"target": -707.0730904593287, "params": {"momentum_down": 0.7784744127866532, "momentum_up": 0.8973107164737859, "mu_down": 0.2531109927030956, "mu_up": 0.00015685036792835214}, "datetime": {"datetime": "2024-01-20 16:21:33", "elapsed": 3552.242948, "delta": 18.057873}}
{"target": -687.0512032074686, "params": {"momentum_down": 0.5270265832242639, "momentum_up": 0.9293184212204142, "mu_down": 0.20866646573625788, "mu_up": 0.00014213927188171197}, "datetime": {"datetime": "2024-01-20 16:21:58", "elapsed": 3577.386442, "delta": 25.143494}}
{"target": -1353.3224087228027, "params": {"momentum_down": 0.5344359129113196, "momentum_up": 0.6725674186508018, "mu_down": 0.1380112650147601, "mu_up": 0.00033366288602900465}, "datetime": {"datetime": "2024-01-20 16:22:01", "elapsed": 3580.885491, "delta": 3.499049}}
{"target": -383.19965966720434, "params": {"momentum_down": 0.7664124827625096, "momentum_up": 0.8822321322037427, "mu_down": 0.26656152033541336, "mu_up": 0.00039646941483484013}, "datetime": {"datetime": "2024-01-20 16:22:19", "elapsed": 3598.695947, "delta": 17.810456}}
{"target": -1030.9855194984104, "params": {"momentum_down": 0.6437972431980841, "momentum_up": 0.7991242098768295, "mu_down": 0.10744638167133154, "mu_up": 0.0005824542999422298}, "datetime": {"datetime": "2024-01-20 16:22:29", "elapsed": 3608.255141, "delta": 9.559194}}
{"target": -787.1707267475749, "params": {"momentum_down": 0.5185646131075982, "momentum_up": 0.8064225061270551, "mu_down": 0.2843243914584152, "mu_up": 0.0003212173032448881}, "datetime": {"datetime": "2024-01-20 16:22:46", "elapsed": 3625.175237, "delta": 16.920096}}
{"target": -747.325830434483, "params": {"momentum_down": 0.5696119600147582, "momentum_up": 0.9132802279665124, "mu_down": 0.22913482284838171, "mu_up": 0.0007268586143092032}, "datetime": {"datetime": "2024-01-20 16:23:16", "elapsed": 3655.197854, "delta": 30.022617}}
{"target": -2300.0, "params": {"momentum_down": 0.7024754794557009, "momentum_up": 0.7016406028061126, "mu_down": 0.06911163890537073, "mu_up": 0.0006054807291690431}, "datetime": {"datetime": "2024-01-20 16:23:18", "elapsed": 3657.639317, "delta": 2.441463}}
{"target": -2016.5729619307638, "params": {"momentum_down": 0.5793361380333214, "momentum_up": 0.6626161328103672, "mu_down": 0.03919875076352452, "mu_up": 0.00048373448541602957}, "datetime": {"datetime": "2024-01-20 16:23:23", "elapsed": 3662.20825, "delta": 4.568933}}
{"target": -2300.0, "params": {"momentum_down": 0.8277323417489398, "momentum_up": 0.6620548912869759, "mu_down": 0.07005285164621486, "mu_up": 0.00031675140953188794}, "datetime": {"datetime": "2024-01-20 16:23:33", "elapsed": 3672.982331, "delta": 10.774081}}
{"target": -2300.0, "params": {"momentum_down": 0.6711744620476537, "momentum_up": 0.5832100857934945, "mu_down": 0.2736030321506817, "mu_up": 0.0006293629890283037}, "datetime": {"datetime": "2024-01-20 16:23:44", "elapsed": 3683.603803, "delta": 10.621472}}
{"target": -2003.1552069970332, "params": {"momentum_down": 0.8513659666613285, "momentum_up": 0.9324747468223585, "mu_down": 0.0877321727553436, "mu_up": 1e-05}, "datetime": {"datetime": "2024-01-20 16:24:03", "elapsed": 3702.433138, "delta": 18.829335}}
{"target": -2000.103151062884, "params": {"momentum_down": 0.6968643400475769, "momentum_up": 0.5115415365807784, "mu_down": 0.17887641348676928, "mu_up": 0.00024117593673824098}, "datetime": {"datetime": "2024-01-20 16:24:07", "elapsed": 3706.11918, "delta": 3.686042}}
{"target": -2300.0, "params": {"momentum_down": 0.756213202542661, "momentum_up": 0.7922901503444274, "mu_down": 0.21968620478004472, "mu_up": 0.0006521697062971903}, "datetime": {"datetime": "2024-01-20 16:24:33", "elapsed": 3732.708928, "delta": 26.589748}}
{"target": -2000.735348429675, "params": {"momentum_down": 0.7071111136882028, "momentum_up": 0.5123432673866402, "mu_down": 0.23769709368790237, "mu_up": 0.0001260575516229218}, "datetime": {"datetime": "2024-01-20 16:24:38", "elapsed": 3737.328148, "delta": 4.61922}}
{"target": -2017.2209957661335, "params": {"momentum_down": 0.5735386552922878, "momentum_up": 0.7399731256136202, "mu_down": 0.023874084429976686, "mu_up": 0.00014414962080902275}, "datetime": {"datetime": "2024-01-20 16:24:43", "elapsed": 3742.073075, "delta": 4.744927}}
{"target": -2300.0, "params": {"momentum_down": 0.7656456932569167, "momentum_up": 0.8836230136852734, "mu_down": 0.2699979405393797, "mu_up": 0.0009254866682827945}, "datetime": {"datetime": "2024-01-20 16:25:11", "elapsed": 3770.79445, "delta": 28.721375}}
{"target": -2300.0, "params": {"momentum_down": 0.7172052757893596, "momentum_up": 0.805116921445803, "mu_down": 0.298955163326999, "mu_up": 0.0008448771459977242}, "datetime": {"datetime": "2024-01-20 16:25:14", "elapsed": 3773.340503, "delta": 2.546053}}
{"target": -2000.6779470636243, "params": {"momentum_down": 0.8751545459423369, "momentum_up": 0.7062033156782271, "mu_down": 0.25736859377227217, "mu_up": 7.497050715779126e-05}, "datetime": {"datetime": "2024-01-20 16:25:43", "elapsed": 3802.794881, "delta": 29.454378}}
{"target": -2300.0, "params": {"momentum_down": 0.9325106835380808, "momentum_up": 0.7395139151433867, "mu_down": 0.21084733484148985, "mu_up": 0.000617003509825539}, "datetime": {"datetime": "2024-01-20 16:25:46", "elapsed": 3805.327413, "delta": 2.532532}}
{"target": -525.2034676407653, "params": {"momentum_down": 0.7040238258479715, "momentum_up": 0.9190851766641708, "mu_down": 0.24471183008627406, "mu_up": 0.0005044658162659559}, "datetime": {"datetime": "2024-01-20 16:25:48", "elapsed": 3807.931617, "delta": 2.604204}}
{"target": -1353.083780712741, "params": {"momentum_down": 0.8241560895111293, "momentum_up": 0.7839200020559286, "mu_down": 0.1298141606401024, "mu_up": 0.0001667311484562303}, "datetime": {"datetime": "2024-01-20 16:26:07", "elapsed": 3826.508871, "delta": 18.577254}}
{"target": -989.2913606767275, "params": {"momentum_down": 0.5267922826871216, "momentum_up": 0.7630690493956502, "mu_down": 0.19871503437623456, "mu_up": 0.0003289055154603169}, "datetime": {"datetime": "2024-01-20 16:26:20", "elapsed": 3839.574374, "delta": 13.065503}}
{"target": -1171.0788828202055, "params": {"momentum_down": 0.6664175830353316, "momentum_up": 0.8914002421286169, "mu_down": 0.287065247247974, "mu_up": 9.745109696746048e-05}, "datetime": {"datetime": "2024-01-20 16:26:44", "elapsed": 3863.661042, "delta": 24.086668}}
{"target": -888.1376262128554, "params": {"momentum_down": 0.5714533911476427, "momentum_up": 0.9118304522760747, "mu_down": 0.2287645398413965, "mu_up": 0.0007098644821498943}, "datetime": {"datetime": "2024-01-20 16:27:08", "elapsed": 3887.806979, "delta": 24.145937}}
{"target": -808.2779241635292, "params": {"momentum_down": 0.5870963255423634, "momentum_up": 0.8833219588304846, "mu_down": 0.21157757381695416, "mu_up": 0.00019007744811123462}, "datetime": {"datetime": "2024-01-20 16:27:16", "elapsed": 3895.896308, "delta": 8.089329}}
{"target": -2300.0, "params": {"momentum_down": 0.7698115243043342, "momentum_up": 0.8100584563627299, "mu_down": 0.26440205108719855, "mu_up": 0.0009178849501088937}, "datetime": {"datetime": "2024-01-20 16:27:35", "elapsed": 3914.777581, "delta": 18.881273}}
{"target": -969.0909954926638, "params": {"momentum_down": 0.5349015780644562, "momentum_up": 0.7067764529947386, "mu_down": 0.26477674172875487, "mu_up": 0.0003783332358825132}, "datetime": {"datetime": "2024-01-20 16:27:49", "elapsed": 3928.132029, "delta": 13.354448}}
{"target": -828.3375997292417, "params": {"momentum_down": 0.7129819479385796, "momentum_up": 0.9070897758318275, "mu_down": 0.13545249923379804, "mu_up": 0.0005898520926848214}, "datetime": {"datetime": "2024-01-20 16:28:01", "elapsed": 3940.433831, "delta": 12.301802}}
{"target": -1111.1456310111644, "params": {"momentum_down": 0.5259685460513576, "momentum_up": 0.9265707159006487, "mu_down": 0.20964466841852472, "mu_up": 0.0007794355309423631}, "datetime": {"datetime": "2024-01-20 16:28:25", "elapsed": 3964.157719, "delta": 23.723888}}
{"target": -646.0801173579409, "params": {"momentum_down": 0.8343904846074487, "momentum_up": 0.8820693156570758, "mu_down": 0.29252676462456517, "mu_up": 0.00018697285593127324}, "datetime": {"datetime": "2024-01-20 16:28:27", "elapsed": 3966.958705, "delta": 2.800986}}
{"target": -404.10367236125126, "params": {"momentum_down": 0.7680450517831163, "momentum_up": 0.931799678216729, "mu_down": 0.27724100362064924, "mu_up": 0.00024249458854114982}, "datetime": {"datetime": "2024-01-20 16:28:38", "elapsed": 3977.458935, "delta": 10.50023}}
{"target": -2300.0, "params": {"momentum_down": 0.9062151116707352, "momentum_up": 0.8333401598678913, "mu_down": 0.16588128894502494, "mu_up": 0.0007875523955066355}, "datetime": {"datetime": "2024-01-20 16:29:00", "elapsed": 3999.044793, "delta": 21.585858}}
{"target": -2300.0, "params": {"momentum_down": 0.951317474238346, "momentum_up": 0.6380891901198993, "mu_down": 0.12025467572221783, "mu_up": 0.0005265344781904284}, "datetime": {"datetime": "2024-01-20 16:29:02", "elapsed": 4001.196912, "delta": 2.152119}}
{"target": -747.070241460487, "params": {"momentum_down": 0.8147101798574158, "momentum_up": 0.7963382826593711, "mu_down": 0.19945153068072508, "mu_up": 0.00030124182277354325}, "datetime": {"datetime": "2024-01-20 16:29:25", "elapsed": 4024.931636, "delta": 23.734724}}
{"target": -2000.1546454385254, "params": {"momentum_down": 0.6317110448347073, "momentum_up": 0.7213098414625894, "mu_down": 0.08786176258232542, "mu_up": 0.00017786529755246865}, "datetime": {"datetime": "2024-01-20 16:29:30", "elapsed": 4029.455095, "delta": 4.523459}}
{"target": -2300.0, "params": {"momentum_down": 0.6405103264081632, "momentum_up": 0.7582405007465302, "mu_down": 0.04818775921527978, "mu_up": 0.00043878212354344417}, "datetime": {"datetime": "2024-01-20 16:29:34", "elapsed": 4033.571534, "delta": 4.116439}}
{"target": -2000.0470742665166, "params": {"momentum_down": 0.9531761361417266, "momentum_up": 0.9030846711776096, "mu_down": 0.12683242934598668, "mu_up": 0.0001251643485928482}, "datetime": {"datetime": "2024-01-20 16:29:45", "elapsed": 4044.66539, "delta": 11.093856}}
{"target": -2001.9101339947733, "params": {"momentum_down": 0.6777800956349865, "momentum_up": 0.6663430388239207, "mu_down": 0.1797491682215392, "mu_up": 6.021240820095561e-05}, "datetime": {"datetime": "2024-01-20 16:29:50", "elapsed": 4049.542778, "delta": 4.877388}}
{"target": -484.5078425514771, "params": {"momentum_down": 0.628154706825399, "momentum_up": 0.7874966164148403, "mu_down": 0.2798940851130489, "mu_up": 0.0006273331661146733}, "datetime": {"datetime": "2024-01-20 16:29:53", "elapsed": 4052.701879, "delta": 3.159101}}
{"target": -484.84799754271137, "params": {"momentum_down": 0.5389032948876158, "momentum_up": 0.9169893391587121, "mu_down": 0.29779266727237635, "mu_up": 0.0003750042928529816}, "datetime": {"datetime": "2024-01-20 16:30:06", "elapsed": 4064.999568, "delta": 12.297689}}
{"target": -303.4546627939543, "params": {"momentum_down": 0.765906914118976, "momentum_up": 0.9295355028608798, "mu_down": 0.2800008104919818, "mu_up": 0.0003361666782173449}, "datetime": {"datetime": "2024-01-20 16:30:30", "elapsed": 4089.504563, "delta": 24.504995}}
{"target": -2011.312469256689, "params": {"momentum_down": 0.7077571619578302, "momentum_up": 0.5295474732004246, "mu_down": 0.020043379833855166, "mu_up": 0.0005423499334953718}, "datetime": {"datetime": "2024-01-20 16:30:34", "elapsed": 4093.483639, "delta": 3.979076}}
{"target": -525.9708978640261, "params": {"momentum_down": 0.5205045471904595, "momentum_up": 0.80768286547129, "mu_down": 0.2827655220150794, "mu_up": 0.0007404358903461072}, "datetime": {"datetime": "2024-01-20 16:31:01", "elapsed": 4120.476689, "delta": 26.99305}}
{"target": -2300.0, "params": {"momentum_down": 0.9129172205310705, "momentum_up": 0.8256445405097541, "mu_down": 0.21159992380997142, "mu_up": 0.000581737974618952}, "datetime": {"datetime": "2024-01-20 16:31:11", "elapsed": 4130.992608, "delta": 10.515919}}
{"target": -2300.0, "params": {"momentum_down": 0.7484664812949439, "momentum_up": 0.8778785633286867, "mu_down": 0.23591086078371884, "mu_up": 0.0008127312740926591}, "datetime": {"datetime": "2024-01-20 16:31:14", "elapsed": 4133.675796, "delta": 2.683188}}
{"target": -1474.0839834394317, "params": {"momentum_down": 0.6072670197154613, "momentum_up": 0.8478253436021592, "mu_down": 0.24907895990035342, "mu_up": 0.00010891297666339499}, "datetime": {"datetime": "2024-01-20 16:31:18", "elapsed": 4137.458032, "delta": 3.782236}}
{"target": -2300.0, "params": {"momentum_down": 0.9699286743652127, "momentum_up": 0.6380510031347264, "mu_down": 0.13787853808269876, "mu_up": 0.0009737600026173409}, "datetime": {"datetime": "2024-01-20 16:31:21", "elapsed": 4140.421917, "delta": 2.963885}}
{"target": -2300.0, "params": {"momentum_down": 0.5271717470763699, "momentum_up": 0.5449396419096613, "mu_down": 0.2219549481859731, "mu_up": 0.0007276286774902651}, "datetime": {"datetime": "2024-01-20 16:31:24", "elapsed": 4143.725812, "delta": 3.303895}}
{"target": -2014.5915527808668, "params": {"momentum_down": 0.7363183153084458, "momentum_up": 0.9011270638057525, "mu_down": 0.27912390913301816, "mu_up": 0.0007137106394324673}, "datetime": {"datetime": "2024-01-20 16:31:41", "elapsed": 4160.48089, "delta": 16.755078}}
{"target": -2300.0, "params": {"momentum_down": 0.5257509768215941, "momentum_up": 0.9571411508279482, "mu_down": 0.04714470862511263, "mu_up": 0.0006784485798331134}, "datetime": {"datetime": "2024-01-20 16:31:52", "elapsed": 4171.421614, "delta": 10.940724}}
