{"target": -606.0783089945461, "params": {"momentum_down": 0.7116860189985106, "momentum_up": 0.7423762212446902, "mu_down": 0.29934101684937314, "mu_up": 0.0005018552463167093}, "datetime": {"datetime": "2024-01-20 15:41:47", "elapsed": 1166.012783, "delta": 1.689477}}
{"target": -2300.0, "params": {"momentum_down": 0.82677999694007, "momentum_up": 0.9768793530175987, "mu_down": 0.05540833730615363, "mu_up": 0.00010188845460159167}, "datetime": {"datetime": "2024-01-20 15:41:48", "elapsed": 1167.554465, "delta": 1.541682}}
{"target": -1414.0818737973937, "params": {"momentum_down": 0.7948399743014936, "momentum_up": 0.6101747193804284, "mu_down": 0.12873161771033678, "mu_up": 0.00029667245243018007}, "datetime": {"datetime": "2024-01-20 15:41:53", "elapsed": 1172.836297, "delta": 5.281832}}
{"target": -1717.0843112329164, "params": {"momentum_down": 0.5819878440424621, "momentum_up": 0.6640215334897832, "mu_down": 0.25479444279668484, "mu_up": 0.00020513640329619288}, "datetime": {"datetime": "2024-01-20 15:41:56", "elapsed": 1175.138487, "delta": 2.30219}}
{"target": -2012.5997674185414, "params": {"momentum_down": 0.6089512665276248, "momentum_up": 0.9859027884193163, "mu_down": 0.16138102122372894, "mu_up": 0.0004268834053109061}, "datetime": {"datetime": "2024-01-20 15:41:58", "elapsed": 1177.684925, "delta": 2.546438}}
{"target": -1494.085593408129, "params": {"momentum_down": 0.5815439398881196, "momentum_up": 0.7976989689339679, "mu_down": 0.16046173140388664, "mu_up": 0.00016466822438302353}, "datetime": {"datetime": "2024-01-20 15:42:03", "elapsed": 1182.588428, "delta": 4.903503}}
{"target": -2300.0, "params": {"momentum_down": 0.7844608390067337, "momentum_up": 0.8472195910084628, "mu_down": 0.05542903394715645, "mu_up": 0.0009739046448505326}, "datetime": {"datetime": "2024-01-20 15:42:04", "elapsed": 1183.484574, "delta": 0.896146}}
{"target": -2300.0, "params": {"momentum_down": 0.7887689525211992, "momentum_up": 0.8735995324149644, "mu_down": 0.14366432871237028, "mu_up": 0.0009526870605292124}, "datetime": {"datetime": "2024-01-20 15:42:14", "elapsed": 1193.407729, "delta": 9.923155}}
{"target": -2300.0, "params": {"momentum_down": 0.7196307490995935, "momentum_up": 0.6523831476795386, "mu_down": 0.2566433492387678, "mu_up": 0.0009728491944260944}, "datetime": {"datetime": "2024-01-20 15:42:15", "elapsed": 1194.581999, "delta": 1.17427}}
{"target": -2000.3007816752497, "params": {"momentum_down": 0.8437180878393855, "momentum_up": 0.8783762245692032, "mu_down": 0.2549019599410103, "mu_up": 0.0006412594720005339}, "datetime": {"datetime": "2024-01-20 15:42:18", "elapsed": 1197.458131, "delta": 2.876132}}
{"target": -585.8397190139241, "params": {"momentum_down": 0.5102269886963898, "momentum_up": 0.8881220345509174, "mu_down": 0.2636799857231782, "mu_up": 0.0005625304965461928}, "datetime": {"datetime": "2024-01-20 15:42:23", "elapsed": 1202.87835, "delta": 5.420219}}
{"target": -848.4526225410498, "params": {"momentum_down": 0.713025587718377, "momentum_up": 0.6367709872131817, "mu_down": 0.12618697722063327, "mu_up": 0.0006026812451005312}, "datetime": {"datetime": "2024-01-20 15:42:25", "elapsed": 1204.806369, "delta": 1.928019}}
{"target": -384.0369459926099, "params": {"momentum_down": 0.6562079238917724, "momentum_up": 0.8679338288901983, "mu_down": 0.27034868794921973, "mu_up": 0.0005640552334342125}, "datetime": {"datetime": "2024-01-20 15:42:36", "elapsed": 1215.675626, "delta": 10.869257}}
{"target": -1050.089782373586, "params": {"momentum_down": 0.7475338804806186, "momentum_up": 0.8182387787088146, "mu_down": 0.2574894847753689, "mu_up": 0.00017857645442498062}, "datetime": {"datetime": "2024-01-20 15:42:38", "elapsed": 1217.461242, "delta": 1.785616}}
{"target": -2300.0, "params": {"momentum_down": 0.971321061734148, "momentum_up": 0.9849981430939103, "mu_down": 0.17845210517927976, "mu_up": 0.0006208450454723984}, "datetime": {"datetime": "2024-01-20 15:42:42", "elapsed": 1221.549793, "delta": 4.088551}}
{"target": -1030.29235627001, "params": {"momentum_down": 0.5424221277497974, "momentum_up": 0.9362380681441665, "mu_down": 0.18453058139388778, "mu_up": 0.0008027850375298}, "datetime": {"datetime": "2024-01-20 15:42:44", "elapsed": 1223.706206, "delta": 2.156413}}
{"target": -2300.0, "params": {"momentum_down": 0.9387378661981138, "momentum_up": 0.8895946125191827, "mu_down": 0.15562739161039002, "mu_up": 0.0009619041836638341}, "datetime": {"datetime": "2024-01-20 15:42:45", "elapsed": 1224.565331, "delta": 0.859125}}
{"target": -2003.7659813317005, "params": {"momentum_down": 0.5199468532898602, "momentum_up": 0.6475755791674049, "mu_down": 0.06434737711726944, "mu_up": 8.097268250103022e-05}, "datetime": {"datetime": "2024-01-20 15:42:48", "elapsed": 1227.543003, "delta": 2.977672}}
{"target": -505.4924699827377, "params": {"momentum_down": 0.7511437769017733, "momentum_up": 0.9065173544006397, "mu_down": 0.17846801263414666, "mu_up": 0.00024775981839645814}, "datetime": {"datetime": "2024-01-20 15:42:55", "elapsed": 1234.441383, "delta": 6.89838}}
{"target": -2000.892953617522, "params": {"momentum_down": 0.6207992999151061, "momentum_up": 0.8363174041288279, "mu_down": 0.062394118173178595, "mu_up": 0.00029801166455110657}, "datetime": {"datetime": "2024-01-20 15:42:58", "elapsed": 1237.23186, "delta": 2.790477}}
{"target": -1111.9875814769114, "params": {"momentum_down": 0.5907407930986761, "momentum_up": 0.8105540405882663, "mu_down": 0.1152329401930027, "mu_up": 0.0004450815159033906}, "datetime": {"datetime": "2024-01-20 15:43:00", "elapsed": 1239.101784, "delta": 1.869924}}
{"target": -848.9596892861679, "params": {"momentum_down": 0.5550613279405894, "momentum_up": 0.7666489983770639, "mu_down": 0.165056449696561, "mu_up": 0.0006135069490855485}, "datetime": {"datetime": "2024-01-20 15:43:05", "elapsed": 1244.130229, "delta": 5.028445}}
{"target": -2300.0, "params": {"momentum_down": 0.7646084981750181, "momentum_up": 0.8989274485999378, "mu_down": 0.08296928932215997, "mu_up": 0.0007370403666075286}, "datetime": {"datetime": "2024-01-20 15:43:06", "elapsed": 1245.036296, "delta": 0.906067}}
{"target": -2300.0, "params": {"momentum_down": 0.6149937863285807, "momentum_up": 0.8029145722238139, "mu_down": 0.2332389244037276, "mu_up": 0.0009571917261278721}, "datetime": {"datetime": "2024-01-20 15:43:06", "elapsed": 1245.986859, "delta": 0.950563}}
{"target": -2300.0, "params": {"momentum_down": 0.7260361306403367, "momentum_up": 0.8026390004996691, "mu_down": 0.05802618021370576, "mu_up": 0.0008546999894384002}, "datetime": {"datetime": "2024-01-20 15:43:14", "elapsed": 1253.961497, "delta": 7.974638}}
{"target": -545.0902753550206, "params": {"momentum_down": 0.7179939979346333, "momentum_up": 0.7770366026075848, "mu_down": 0.2918175316191549, "mu_up": 0.0005038031072465277}, "datetime": {"datetime": "2024-01-20 15:43:20", "elapsed": 1259.355975, "delta": 5.394478}}
{"target": -585.3338564954437, "params": {"momentum_down": 0.5711727754807308, "momentum_up": 0.763329639884236, "mu_down": 0.29391279759707056, "mu_up": 0.0005598627431612805}, "datetime": {"datetime": "2024-01-20 15:43:25", "elapsed": 1264.858658, "delta": 5.502683}}
{"target": -2300.0, "params": {"momentum_down": 0.5690316671438577, "momentum_up": 0.7747265381967052, "mu_down": 0.25317415817277483, "mu_up": 0.000944024310078109}, "datetime": {"datetime": "2024-01-20 15:43:30", "elapsed": 1269.255372, "delta": 4.396714}}
{"target": -2300.0, "params": {"momentum_down": 0.6643479031254383, "momentum_up": 0.7271188933008117, "mu_down": 0.04336545446060218, "mu_up": 0.000919528567975595}, "datetime": {"datetime": "2024-01-20 15:43:34", "elapsed": 1273.525176, "delta": 4.269804}}
{"target": -2007.0599358909574, "params": {"momentum_down": 0.5183131654334883, "momentum_up": 0.5573833374181321, "mu_down": 0.042022333109940996, "mu_up": 0.00032360349679082684}, "datetime": {"datetime": "2024-01-20 15:43:41", "elapsed": 1280.105626, "delta": 6.58045}}
{"target": -2300.0, "params": {"momentum_down": 0.8926501864883178, "momentum_up": 0.523886363647498, "mu_down": 0.2915169463346366, "mu_up": 0.0007081768072250543}, "datetime": {"datetime": "2024-01-20 15:43:45", "elapsed": 1284.424716, "delta": 4.31909}}
{"target": -404.2582147570192, "params": {"momentum_down": 0.7822087804992914, "momentum_up": 0.9368466253872783, "mu_down": 0.22704826465510272, "mu_up": 0.0003650089689461547}, "datetime": {"datetime": "2024-01-20 15:43:47", "elapsed": 1286.145162, "delta": 1.720446}}
{"target": -888.4098517451845, "params": {"momentum_down": 0.5417616059234526, "momentum_up": 0.9236246363236793, "mu_down": 0.19465703080724728, "mu_up": 0.000536371193560211}, "datetime": {"datetime": "2024-01-20 15:43:49", "elapsed": 1288.051581, "delta": 1.906419}}
{"target": -848.9911662706389, "params": {"momentum_down": 0.555570189921792, "momentum_up": 0.7676736744196083, "mu_down": 0.16522938424241018, "mu_up": 0.0005257095400596266}, "datetime": {"datetime": "2024-01-20 15:43:51", "elapsed": 1290.127992, "delta": 2.076411}}
{"target": -627.0253090685982, "params": {"momentum_down": 0.7116851327362661, "momentum_up": 0.9092460953915922, "mu_down": 0.13861647219238019, "mu_up": 0.0002697643840681281}, "datetime": {"datetime": "2024-01-20 15:43:57", "elapsed": 1296.423725, "delta": 6.295733}}
{"target": -363.18935915458405, "params": {"momentum_down": 0.7669336425294523, "momentum_up": 0.9300207295452048, "mu_down": 0.27935564648454786, "mu_up": 0.000435081540607729}, "datetime": {"datetime": "2024-01-20 15:44:03", "elapsed": 1302.443774, "delta": 6.020049}}
{"target": -2005.9112778356646, "params": {"momentum_down": 0.6091110749304718, "momentum_up": 0.6625172973839584, "mu_down": 0.1694445924429662, "mu_up": 3.482238085998683e-05}, "datetime": {"datetime": "2024-01-20 15:44:10", "elapsed": 1309.079252, "delta": 6.635478}}
{"target": -2300.0, "params": {"momentum_down": 0.8620929658295133, "momentum_up": 0.7868057511162914, "mu_down": 0.2216112325521743, "mu_up": 0.00098587885291888}, "datetime": {"datetime": "2024-01-20 15:44:11", "elapsed": 1310.233239, "delta": 1.153987}}
{"target": -2300.0, "params": {"momentum_down": 0.8866050638957027, "momentum_up": 0.7106999409807329, "mu_down": 0.15033502269683544, "mu_up": 0.0006543643254432941}, "datetime": {"datetime": "2024-01-20 15:44:12", "elapsed": 1311.695491, "delta": 1.462252}}
{"target": -2000.031618122167, "params": {"momentum_down": 0.6739768194570466, "momentum_up": 0.8633629492243219, "mu_down": 0.09700957390623977, "mu_up": 0.0004550565848680501}, "datetime": {"datetime": "2024-01-20 15:44:15", "elapsed": 1314.698806, "delta": 3.003315}}
{"target": -545.1365343852544, "params": {"momentum_down": 0.755754217971448, "momentum_up": 0.7921879602786499, "mu_down": 0.21949383433143863, "mu_up": 0.0004855920007039711}, "datetime": {"datetime": "2024-01-20 15:44:17", "elapsed": 1316.328222, "delta": 1.629416}}
{"target": -2002.0053351315698, "params": {"momentum_down": 0.7215189445803477, "momentum_up": 0.688605695350254, "mu_down": 0.1178417039288263, "mu_up": 5.665793804105006e-05}, "datetime": {"datetime": "2024-01-20 15:44:20", "elapsed": 1319.20049, "delta": 2.872268}}
{"target": -2300.0, "params": {"momentum_down": 0.5771673020148032, "momentum_up": 0.7957045795817395, "mu_down": 0.1590488632456855, "mu_up": 0.0008400887061175578}, "datetime": {"datetime": "2024-01-20 15:44:30", "elapsed": 1329.192319, "delta": 9.991829}}
{"target": -363.4519275156403, "params": {"momentum_down": 0.7798526005612966, "momentum_up": 0.8732052838167712, "mu_down": 0.22312379471499064, "mu_up": 0.0005241514440203289}, "datetime": {"datetime": "2024-01-20 15:44:35", "elapsed": 1334.670435, "delta": 5.478116}}
{"target": -2300.0, "params": {"momentum_down": 0.7214379989813011, "momentum_up": 0.78489913238926, "mu_down": 0.1355595939153399, "mu_up": 0.0009320678521981555}, "datetime": {"datetime": "2024-01-20 15:44:45", "elapsed": 1344.883502, "delta": 10.213067}}
{"target": -2569.5081211323604, "params": {"momentum_down": 0.56924486950105, "momentum_up": 0.9309556222836357, "mu_down": 0.09548141797327138, "mu_up": 0.000764624258046065}, "datetime": {"datetime": "2024-01-20 15:44:48", "elapsed": 1347.655852, "delta": 2.77235}}
{"target": -2300.0, "params": {"momentum_down": 0.8028771418711584, "momentum_up": 0.6814422055848393, "mu_down": 0.23181690886082726, "mu_up": 0.0008527919834543831}, "datetime": {"datetime": "2024-01-20 15:44:53", "elapsed": 1352.461028, "delta": 4.805176}}
{"target": -787.0818114101993, "params": {"momentum_down": 0.752816132190218, "momentum_up": 0.7940507105992749, "mu_down": 0.22072912636649467, "mu_up": 0.0002904240229695141}, "datetime": {"datetime": "2024-01-20 15:44:58", "elapsed": 1357.880771, "delta": 5.419743}}
{"target": -2000.1030436008916, "params": {"momentum_down": 0.6297458165999734, "momentum_up": 0.5902082322453659, "mu_down": 0.2351297461223441, "mu_up": 0.00020300069187838735}, "datetime": {"datetime": "2024-01-20 15:45:01", "elapsed": 1360.830104, "delta": 2.949333}}
{"target": -565.9677363138896, "params": {"momentum_down": 0.5099608782786132, "momentum_up": 0.8894389420160488, "mu_down": 0.26392645692236266, "mu_up": 0.0005510227684470573}, "datetime": {"datetime": "2024-01-20 15:45:06", "elapsed": 1365.758176, "delta": 4.928072}}
{"target": -2001.4895227664947, "params": {"momentum_down": 0.9036740184939629, "momentum_up": 0.5863019984977659, "mu_down": 0.22725924345049672, "mu_up": 7.674802181621744e-05}, "datetime": {"datetime": "2024-01-20 15:45:13", "elapsed": 1372.186624, "delta": 6.428448}}
{"target": -787.9713078316703, "params": {"momentum_down": 0.644662579915598, "momentum_up": 0.8909377891241518, "mu_down": 0.13680032006209042, "mu_up": 0.0003419369878612522}, "datetime": {"datetime": "2024-01-20 15:45:18", "elapsed": 1377.91931, "delta": 5.732686}}
{"target": -2025.8916786367174, "params": {"momentum_down": 0.8334724149441595, "momentum_up": 0.9348557098970238, "mu_down": 0.11662491920128998, "mu_up": 0.0003229334835432525}, "datetime": {"datetime": "2024-01-20 15:45:25", "elapsed": 1384.821068, "delta": 6.901758}}
{"target": -1757.0836848341428, "params": {"momentum_down": 0.6455860717358047, "momentum_up": 0.7292027242864536, "mu_down": 0.2099374619423518, "mu_up": 0.00016179625652923036}, "datetime": {"datetime": "2024-01-20 15:45:28", "elapsed": 1387.471319, "delta": 2.650251}}
{"target": -2300.0, "params": {"momentum_down": 0.7429037788614138, "momentum_up": 0.9777967446123164, "mu_down": 0.059945713808793016, "mu_up": 0.00041208226706379933}, "datetime": {"datetime": "2024-01-20 15:45:29", "elapsed": 1388.796294, "delta": 1.324975}}
{"target": -2300.0, "params": {"momentum_down": 0.8709832509306403, "momentum_up": 0.5895449940207225, "mu_down": 0.2790918639807142, "mu_up": 0.0008808060271506517}, "datetime": {"datetime": "2024-01-20 15:45:31", "elapsed": 1390.047716, "delta": 1.251422}}
{"target": -1090.1224140587829, "params": {"momentum_down": 0.8673281244796964, "momentum_up": 0.9460972828011516, "mu_down": 0.22516233834128668, "mu_up": 5.942586788544999e-05}, "datetime": {"datetime": "2024-01-20 15:45:36", "elapsed": 1395.953229, "delta": 5.905513}}
{"target": -2000.9155380721788, "params": {"momentum_down": 0.8095339324982801, "momentum_up": 0.586981483639388, "mu_down": 0.11754596228325985, "mu_up": 0.0005458925906619164}, "datetime": {"datetime": "2024-01-20 15:45:39", "elapsed": 1398.598182, "delta": 2.644953}}
{"target": -2300.0, "params": {"momentum_down": 0.9299954049981979, "momentum_up": 0.6201823290743186, "mu_down": 0.13752878468001925, "mu_up": 0.0006907072943880366}, "datetime": {"datetime": "2024-01-20 15:45:40", "elapsed": 1399.358604, "delta": 0.760422}}
{"target": -2009.5772773420913, "params": {"momentum_down": 0.5830291937074233, "momentum_up": 0.6454250082993858, "mu_down": 0.2139520636509771, "mu_up": 2.7232139479026113e-05}, "datetime": {"datetime": "2024-01-20 15:45:43", "elapsed": 1402.349217, "delta": 2.990613}}
{"target": -1474.090667338789, "params": {"momentum_down": 0.7113476751193425, "momentum_up": 0.7384667446776632, "mu_down": 0.29990696836488845, "mu_up": 0.00018045464153474146}, "datetime": {"datetime": "2024-01-20 15:45:50", "elapsed": 1409.969609, "delta": 7.620392}}
{"target": -1455.007346735965, "params": {"momentum_down": 0.5335858984054649, "momentum_up": 0.5842239757025417, "mu_down": 0.09976498031951471, "mu_up": 0.000813979347047735}, "datetime": {"datetime": "2024-01-20 15:45:53", "elapsed": 1412.172154, "delta": 2.202545}}
{"target": -2300.0, "params": {"momentum_down": 0.8936411617951383, "momentum_up": 0.6737583742951636, "mu_down": 0.0288366811561733, "mu_up": 0.000354502872775711}, "datetime": {"datetime": "2024-01-20 15:45:54", "elapsed": 1413.417804, "delta": 1.24565}}
{"target": -2000.405517678231, "params": {"momentum_down": 0.8147057455587465, "momentum_up": 0.6964204845209817, "mu_down": 0.19170463737981827, "mu_up": 9.578331255239957e-05}, "datetime": {"datetime": "2024-01-20 15:46:05", "elapsed": 1424.226033, "delta": 10.808229}}
{"target": -2300.0, "params": {"momentum_down": 0.932425866866462, "momentum_up": 0.7430959507571486, "mu_down": 0.0531367656767365, "mu_up": 0.0009835093929296177}, "datetime": {"datetime": "2024-01-20 15:46:06", "elapsed": 1425.511004, "delta": 1.284971}}
{"target": -2300.0, "params": {"momentum_down": 0.6564834012145362, "momentum_up": 0.8715861222734727, "mu_down": 0.26849440778385275, "mu_up": 0.0008614511622246175}, "datetime": {"datetime": "2024-01-20 15:46:12", "elapsed": 1431.319803, "delta": 5.808799}}
{"target": -2300.0, "params": {"momentum_down": 0.9863929162658817, "momentum_up": 0.8475618183120481, "mu_down": 0.09464605983021887, "mu_up": 0.0009492049799836032}, "datetime": {"datetime": "2024-01-20 15:46:13", "elapsed": 1432.324466, "delta": 1.004663}}
{"target": -2300.0, "params": {"momentum_down": 0.9676432210398894, "momentum_up": 0.9597442194368911, "mu_down": 0.06550706524431411, "mu_up": 0.0004094913989572821}, "datetime": {"datetime": "2024-01-20 15:46:14", "elapsed": 1433.678495, "delta": 1.354029}}
{"target": -2000.2692405240805, "params": {"momentum_down": 0.8642501525458121, "momentum_up": 0.9424892496690276, "mu_down": 0.21182098290495469, "mu_up": 0.0003754301930489673}, "datetime": {"datetime": "2024-01-20 15:46:21", "elapsed": 1440.248568, "delta": 6.570073}}
{"target": -2000.1193355385487, "params": {"momentum_down": 0.8122017830565602, "momentum_up": 0.6167839981158598, "mu_down": 0.19043696470636315, "mu_up": 0.00018485085656291038}, "datetime": {"datetime": "2024-01-20 15:46:28", "elapsed": 1447.20253, "delta": 6.953962}}
{"target": -1070.2033311612336, "params": {"momentum_down": 0.6068820555952847, "momentum_up": 0.9454003500074302, "mu_down": 0.16548120771596395, "mu_up": 0.00034041454462794163}, "datetime": {"datetime": "2024-01-20 15:46:30", "elapsed": 1449.333549, "delta": 2.131019}}
{"target": -2046.799936538436, "params": {"momentum_down": 0.9343079316421403, "momentum_up": 0.68603852725209, "mu_down": 0.18018549867720862, "mu_up": 0.00036931450348191846}, "datetime": {"datetime": "2024-01-20 15:46:37", "elapsed": 1456.345551, "delta": 7.012002}}
{"target": -383.2933014280186, "params": {"momentum_down": 0.7822301391875941, "momentum_up": 0.9336192119833586, "mu_down": 0.22601330690316318, "mu_up": 0.0003016052121982498}, "datetime": {"datetime": "2024-01-20 15:46:44", "elapsed": 1463.301095, "delta": 6.955544}}
{"target": -2300.0, "params": {"momentum_down": 0.8510065054451872, "momentum_up": 0.9335895249295336, "mu_down": 0.09027391196882413, "mu_up": 0.0005853973652257433}, "datetime": {"datetime": "2024-01-20 15:46:50", "elapsed": 1469.694882, "delta": 6.393787}}
{"target": -2300.0, "params": {"momentum_down": 0.8710008327939854, "momentum_up": 0.5490335361568923, "mu_down": 0.19345744376897972, "mu_up": 0.0006249177585194002}, "datetime": {"datetime": "2024-01-20 15:46:51", "elapsed": 1470.816135, "delta": 1.121253}}
{"target": -1191.0785135729705, "params": {"momentum_down": 0.7453785281306711, "momentum_up": 0.5702539331307781, "mu_down": 0.22101008439618422, "mu_up": 0.0003877640417168512}, "datetime": {"datetime": "2024-01-20 15:46:58", "elapsed": 1477.45085, "delta": 6.634715}}
{"target": -2300.0, "params": {"momentum_down": 0.9870934858560275, "momentum_up": 0.7778636871092025, "mu_down": 0.16029893399738337, "mu_up": 0.0008281003891437102}, "datetime": {"datetime": "2024-01-20 15:47:01", "elapsed": 1480.865964, "delta": 3.415114}}
{"target": -707.6882488676605, "params": {"momentum_down": 0.7825359421012958, "momentum_up": 0.7855263546300251, "mu_down": 0.10547263700153185, "mu_up": 0.0004486741243359267}, "datetime": {"datetime": "2024-01-20 15:47:04", "elapsed": 1483.254479, "delta": 2.388515}}
{"target": -2300.0, "params": {"momentum_down": 0.5281020720095719, "momentum_up": 0.9271816076113237, "mu_down": 0.18729424201359, "mu_up": 0.0009161291954369128}, "datetime": {"datetime": "2024-01-20 15:47:05", "elapsed": 1484.420341, "delta": 1.165862}}
{"target": -2300.0, "params": {"momentum_down": 0.9364963010570327, "momentum_up": 0.6335987779887552, "mu_down": 0.19499900843752827, "mu_up": 0.0005584756902582758}, "datetime": {"datetime": "2024-01-20 15:47:06", "elapsed": 1485.778073, "delta": 1.357732}}
{"target": -2300.0, "params": {"momentum_down": 0.6614835769446061, "momentum_up": 0.8619703640280645, "mu_down": 0.15093441692485396, "mu_up": 0.0009505879278218032}, "datetime": {"datetime": "2024-01-20 15:47:14", "elapsed": 1493.204498, "delta": 7.426425}}
{"target": -2300.0, "params": {"momentum_down": 0.6833478188461692, "momentum_up": 0.9486529110961819, "mu_down": 0.02597655426261, "mu_up": 0.0002655277584994135}, "datetime": {"datetime": "2024-01-20 15:47:15", "elapsed": 1494.390502, "delta": 1.186004}}
