{"target": -646.9909266006302, "params": {"momentum_down": 0.7199461608235348, "momentum_up": 0.7854995496179964, "mu_down": 0.13513901326054145, "mu_up": 0.0005403911018506054}, "datetime": {"datetime": "2024-01-20 15:36:00", "elapsed": 819.737937, "delta": 4.249837}}
{"target": -666.2797514956408, "params": {"momentum_down": 0.5403947264871617, "momentum_up": 0.9171345389026637, "mu_down": 0.2960568230206354, "mu_up": 0.0005011845207433774}, "datetime": {"datetime": "2024-01-20 15:36:02", "elapsed": 821.422381, "delta": 1.684444}}
{"target": -809.0194943139276, "params": {"momentum_down": 0.578770194881756, "momentum_up": 0.7945185614737106, "mu_down": 0.16155529481490888, "mu_up": 0.0005941578038373824}, "datetime": {"datetime": "2024-01-20 15:36:03", "elapsed": 822.879727, "delta": 1.457346}}
{"target": -828.3021779711233, "params": {"momentum_down": 0.7124444420764344, "momentum_up": 0.9113142967757887, "mu_down": 0.14068288880157206, "mu_up": 0.0005964787444060111}, "datetime": {"datetime": "2024-01-20 15:36:05", "elapsed": 824.439604, "delta": 1.559877}}
{"target": -2300.0, "params": {"momentum_down": 0.8494373887159945, "momentum_up": 0.7025407060952997, "mu_down": 0.16557350085046463, "mu_up": 0.000516186340259654}, "datetime": {"datetime": "2024-01-20 15:36:06", "elapsed": 825.582634, "delta": 1.14303}}
{"target": -2300.0, "params": {"momentum_down": 0.8215833245207275, "momentum_up": 0.9596075846689709, "mu_down": 0.12727336864375213, "mu_up": 0.0008413041392769223}, "datetime": {"datetime": "2024-01-20 15:36:09", "elapsed": 828.894701, "delta": 3.312067}}
{"target": -2000.190733977398, "params": {"momentum_down": 0.7216906335232002, "momentum_up": 0.7239791578066168, "mu_down": 0.12897046077052807, "mu_up": 0.0001150586062114221}, "datetime": {"datetime": "2024-01-20 15:36:17", "elapsed": 836.602386, "delta": 7.707685}}
{"target": -707.1182404090013, "params": {"momentum_down": 0.6757128994069164, "momentum_up": 0.8189444015540973, "mu_down": 0.23130102548099746, "mu_up": 0.0003259786112239524}, "datetime": {"datetime": "2024-01-20 15:36:19", "elapsed": 838.137667, "delta": 1.535281}}
{"target": -949.2570814182337, "params": {"momentum_down": 0.5313010119196565, "momentum_up": 0.9312089148843529, "mu_down": 0.20813380056722094, "mu_up": 0.0005813004650414993}, "datetime": {"datetime": "2024-01-20 15:36:25", "elapsed": 844.193611, "delta": 6.055944}}
{"target": -2000.133633995615, "params": {"momentum_down": 0.7386298289513834, "momentum_up": 0.7499287114620652, "mu_down": 0.21528982786159873, "mu_up": 0.0005822636847788191}, "datetime": {"datetime": "2024-01-20 15:36:32", "elapsed": 851.007268, "delta": 6.813657}}
{"target": -424.20719839596813, "params": {"momentum_down": 0.7806764711160157, "momentum_up": 0.8726507331728764, "mu_down": 0.22232159700634813, "mu_up": 0.00040695759762679554}, "datetime": {"datetime": "2024-01-20 15:36:37", "elapsed": 856.631987, "delta": 5.624719}}
{"target": -969.0780175928558, "params": {"momentum_down": 0.7838210636400929, "momentum_up": 0.8412867254123132, "mu_down": 0.18227150473833703, "mu_up": 0.00017633349521711645}, "datetime": {"datetime": "2024-01-20 15:36:44", "elapsed": 863.483715, "delta": 6.851728}}
{"target": -909.1003037149363, "params": {"momentum_down": 0.5141393617422428, "momentum_up": 0.6886480848417017, "mu_down": 0.2870129221632361, "mu_up": 0.0004288536273670867}, "datetime": {"datetime": "2024-01-20 15:36:48", "elapsed": 867.7996, "delta": 4.315885}}
{"target": -2300.0, "params": {"momentum_down": 0.8305557191052771, "momentum_up": 0.6353180448199887, "mu_down": 0.2474759001949335, "mu_up": 0.0009305470319748663}, "datetime": {"datetime": "2024-01-20 15:36:49", "elapsed": 868.749033, "delta": 0.949433}}
{"target": -2300.0, "params": {"momentum_down": 0.5188381505549027, "momentum_up": 0.7719065472973003, "mu_down": 0.032721641747032584, "mu_up": 0.0005450795005137014}, "datetime": {"datetime": "2024-01-20 15:36:56", "elapsed": 875.436149, "delta": 6.687116}}
{"target": -1353.088134340036, "params": {"momentum_down": 0.5355075294999626, "momentum_up": 0.5481736280784294, "mu_down": 0.19799368623037455, "mu_up": 0.0004086012205423973}, "datetime": {"datetime": "2024-01-20 15:36:58", "elapsed": 877.530609, "delta": 2.09446}}
{"target": -1333.08085153622, "params": {"momentum_down": 0.7524974775191404, "momentum_up": 0.9048269024924114, "mu_down": 0.1819801142729722, "mu_up": 7.426115605760222e-05}, "datetime": {"datetime": "2024-01-20 15:37:05", "elapsed": 884.639102, "delta": 7.108493}}
{"target": -646.957489084261, "params": {"momentum_down": 0.7229588926064431, "momentum_up": 0.7818794763488515, "mu_down": 0.13478775355748082, "mu_up": 0.0006163619047303027}, "datetime": {"datetime": "2024-01-20 15:37:11", "elapsed": 890.353824, "delta": 5.714722}}
{"target": -686.073251425008, "params": {"momentum_down": 0.7651231187494418, "momentum_up": 0.8820638316812565, "mu_down": 0.26653359844365876, "mu_up": 0.00018670858985391184}, "datetime": {"datetime": "2024-01-20 15:37:15", "elapsed": 894.802257, "delta": 4.448433}}
{"target": -1313.0846868942979, "params": {"momentum_down": 0.6819211977788633, "momentum_up": 0.7106806982785737, "mu_down": 0.2776686440772873, "mu_up": 0.0002293944615080852}, "datetime": {"datetime": "2024-01-20 15:37:17", "elapsed": 896.666255, "delta": 1.863998}}
{"target": -2300.0, "params": {"momentum_down": 0.786247096224451, "momentum_up": 0.8699324862059189, "mu_down": 0.14516951263814434, "mu_up": 0.0008367902117845952}, "datetime": {"datetime": "2024-01-20 15:37:22", "elapsed": 901.164083, "delta": 4.497828}}
{"target": -2001.0632364957137, "params": {"momentum_down": 0.7493586884344119, "momentum_up": 0.583790421253376, "mu_down": 0.236634398803815, "mu_up": 9.411098944650703e-05}, "datetime": {"datetime": "2024-01-20 15:37:24", "elapsed": 903.82461, "delta": 2.660527}}
{"target": -1191.0900161153286, "params": {"momentum_down": 0.722775821677041, "momentum_up": 0.7838537874319547, "mu_down": 0.1333193813095271, "mu_up": 0.00021842943290290557}, "datetime": {"datetime": "2024-01-20 15:37:29", "elapsed": 908.384787, "delta": 4.560177}}
{"target": -727.0755959453164, "params": {"momentum_down": 0.7801766648945064, "momentum_up": 0.8734672184483951, "mu_down": 0.22479931813797116, "mu_up": 0.00018874970485893504}, "datetime": {"datetime": "2024-01-20 15:37:33", "elapsed": 912.779143, "delta": 4.394356}}
{"target": -1010.205262506381, "params": {"momentum_down": 0.5504412198556415, "momentum_up": 0.9184693666362587, "mu_down": 0.21245967915680625, "mu_up": 0.0007749608075686969}, "datetime": {"datetime": "2024-01-20 15:37:35", "elapsed": 914.594046, "delta": 1.814903}}
{"target": -2004.6837486518284, "params": {"momentum_down": 0.8905146048402142, "momentum_up": 0.5364040177123344, "mu_down": 0.04874260579209004, "mu_up": 5.3925883745499174e-05}, "datetime": {"datetime": "2024-01-20 15:37:38", "elapsed": 917.002613, "delta": 2.408567}}
{"target": -1272.0888720956411, "params": {"momentum_down": 0.8177036165215313, "momentum_up": 0.8471302411955344, "mu_down": 0.26563892571789216, "mu_up": 0.00012223531530293607}, "datetime": {"datetime": "2024-01-20 15:37:42", "elapsed": 921.684328, "delta": 4.681715}}
{"target": -2045.6421372418142, "params": {"momentum_down": 0.6478875821862502, "momentum_up": 0.983022942440273, "mu_down": 0.1267291712495301, "mu_up": 0.0004187316822271244}, "datetime": {"datetime": "2024-01-20 15:37:45", "elapsed": 924.25583, "delta": 2.571502}}
{"target": -2300.0, "params": {"momentum_down": 0.9817328631799308, "momentum_up": 0.7371127638744946, "mu_down": 0.10743556493602172, "mu_up": 0.00019014597822479475}, "datetime": {"datetime": "2024-01-20 15:37:52", "elapsed": 931.254518, "delta": 6.998688}}
{"target": -809.039752875081, "params": {"momentum_down": 0.6920477623537516, "momentum_up": 0.663221578465498, "mu_down": 0.11733666714243322, "mu_up": 0.0007138491474267106}, "datetime": {"datetime": "2024-01-20 15:37:54", "elapsed": 933.26583, "delta": 2.011312}}
{"target": -868.0947579749261, "params": {"momentum_down": 0.5118584820794823, "momentum_up": 0.8869007444512087, "mu_down": 0.2647435481667872, "mu_up": 0.0008379349759073015}, "datetime": {"datetime": "2024-01-20 15:38:01", "elapsed": 940.755444, "delta": 7.489614}}
{"target": -2300.0, "params": {"momentum_down": 0.8168774901660666, "momentum_up": 0.7965280936740932, "mu_down": 0.20031914437177523, "mu_up": 0.000545603976156427}, "datetime": {"datetime": "2024-01-20 15:38:09", "elapsed": 948.632796, "delta": 7.877352}}
{"target": -1333.4388382046977, "params": {"momentum_down": 0.5318872859546092, "momentum_up": 0.8925690103288968, "mu_down": 0.13111086698047353, "mu_up": 0.0006444167568275912}, "datetime": {"datetime": "2024-01-20 15:38:14", "elapsed": 953.655888, "delta": 5.023092}}
{"target": -2000.363490379112, "params": {"momentum_down": 0.578786886182961, "momentum_up": 0.5253950395669681, "mu_down": 0.0849658087877748, "mu_up": 0.00028018835909914247}, "datetime": {"datetime": "2024-01-20 15:38:17", "elapsed": 956.33783, "delta": 2.681942}}
{"target": -2000.3580669210503, "params": {"momentum_down": 0.5281452733707244, "momentum_up": 0.763508461017266, "mu_down": 0.20453052756552895, "mu_up": 8.13839131899426e-05}, "datetime": {"datetime": "2024-01-20 15:38:22", "elapsed": 961.986255, "delta": 5.648425}}
{"target": -2000.2465265689452, "params": {"momentum_down": 0.7103512812420377, "momentum_up": 0.9684313008415387, "mu_down": 0.16504968674571646, "mu_up": 0.0003470131299237228}, "datetime": {"datetime": "2024-01-20 15:38:28", "elapsed": 967.506876, "delta": 5.520621}}
{"target": -8282.112261335275, "params": {"momentum_down": 0.8974990863119967, "momentum_up": 0.8359028237993651, "mu_down": 0.08337478075177948, "mu_up": 0.00018343552651895042}, "datetime": {"datetime": "2024-01-20 15:38:33", "elapsed": 972.726063, "delta": 5.219187}}
{"target": -646.4140564077261, "params": {"momentum_down": 0.5707582126380992, "momentum_up": 0.7741706273388728, "mu_down": 0.254989002215281, "mu_up": 0.0004938035313249721}, "datetime": {"datetime": "2024-01-20 15:38:37", "elapsed": 976.549637, "delta": 3.823574}}
{"target": -2300.0, "params": {"momentum_down": 0.9431647558803807, "momentum_up": 0.856337528702307, "mu_down": 0.06976335408494312, "mu_up": 0.00042469055387708827}, "datetime": {"datetime": "2024-01-20 15:38:38", "elapsed": 977.348523, "delta": 0.798886}}
{"target": -343.2754192912648, "params": {"momentum_down": 0.7681958643143856, "momentum_up": 0.9305229322928222, "mu_down": 0.27860229492689464, "mu_up": 0.00027076069663715474}, "datetime": {"datetime": "2024-01-20 15:38:43", "elapsed": 982.293851, "delta": 4.945328}}
{"target": -607.1069676446508, "params": {"momentum_down": 0.5303540915195554, "momentum_up": 0.7453634765328545, "mu_down": 0.23889002028740092, "mu_up": 0.0006901731654999575}, "datetime": {"datetime": "2024-01-20 15:38:49", "elapsed": 988.297479, "delta": 6.003628}}
{"target": -2300.0, "params": {"momentum_down": 0.8888560452266113, "momentum_up": 0.7553247327092856, "mu_down": 0.19611324072314984, "mu_up": 0.0009088782022565433}, "datetime": {"datetime": "2024-01-20 15:38:50", "elapsed": 989.285418, "delta": 0.987939}}
{"target": -424.0429753974201, "params": {"momentum_down": 0.8847885251600537, "momentum_up": 0.9710134358869376, "mu_down": 0.1663236584811367, "mu_up": 0.0001477496000408452}, "datetime": {"datetime": "2024-01-20 15:38:55", "elapsed": 994.225703, "delta": 4.940285}}
{"target": -505.12314415532, "params": {"momentum_down": 0.7691418926552847, "momentum_up": 0.9301124477279056, "mu_down": 0.2786922439456371, "mu_up": 0.0005631489010632434}, "datetime": {"datetime": "2024-01-20 15:39:02", "elapsed": 1001.47863, "delta": 7.252927}}
{"target": -1070.1877774331365, "params": {"momentum_down": 0.5227058788057375, "momentum_up": 0.7631498557361094, "mu_down": 0.20487710384328703, "mu_up": 0.000293358249366082}, "datetime": {"datetime": "2024-01-20 15:39:11", "elapsed": 1009.998778, "delta": 8.520148}}
{"target": -1171.0839146456128, "params": {"momentum_down": 0.6780722815701896, "momentum_up": 0.8177851447869313, "mu_down": 0.2295442569856199, "mu_up": 0.0001665729871460938}, "datetime": {"datetime": "2024-01-20 15:39:15", "elapsed": 1014.556702, "delta": 4.557924}}
{"target": -2300.0, "params": {"momentum_down": 0.9028899563034256, "momentum_up": 0.6424140677349179, "mu_down": 0.09065561574408373, "mu_up": 0.00033292500969637085}, "datetime": {"datetime": "2024-01-20 15:39:20", "elapsed": 1019.50056, "delta": 4.943858}}
{"target": -2008.1700203245591, "params": {"momentum_down": 0.7379769856480336, "momentum_up": 0.748141120415661, "mu_down": 0.21898542222334638, "mu_up": 1.782619368232645e-05}, "datetime": {"datetime": "2024-01-20 15:39:26", "elapsed": 1025.537604, "delta": 6.037044}}
{"target": -2300.0, "params": {"momentum_down": 0.5420506201446927, "momentum_up": 0.5373597215953827, "mu_down": 0.17497193295090732, "mu_up": 0.0007888113554723931}, "datetime": {"datetime": "2024-01-20 15:39:27", "elapsed": 1026.479616, "delta": 0.942012}}
{"target": -1090.097747996269, "params": {"momentum_down": 0.8657830901368885, "momentum_up": 0.9432601063082241, "mu_down": 0.21311481201906537, "mu_up": 5.200670913633572e-05}, "datetime": {"datetime": "2024-01-20 15:39:32", "elapsed": 1031.26223, "delta": 4.782614}}
{"target": -2300.0, "params": {"momentum_down": 0.7396704719387441, "momentum_up": 0.7488399027365082, "mu_down": 0.21623064712579468, "mu_up": 0.0009665943250277597}, "datetime": {"datetime": "2024-01-20 15:39:39", "elapsed": 1038.169032, "delta": 6.906802}}
{"target": -2300.0, "params": {"momentum_down": 0.896065359812481, "momentum_up": 0.8901576704812002, "mu_down": 0.23840091853118156, "mu_up": 0.0006133454575759826}, "datetime": {"datetime": "2024-01-20 15:39:42", "elapsed": 1041.436178, "delta": 3.267146}}
{"target": -767.5345584285002, "params": {"momentum_down": 0.7216306764418274, "momentum_up": 0.7245303287803433, "mu_down": 0.13242270019080907, "mu_up": 0.0005159909198476759}, "datetime": {"datetime": "2024-01-20 15:39:47", "elapsed": 1046.354832, "delta": 4.918654}}
{"target": -2000.0724450175658, "params": {"momentum_down": 0.96266426429535, "momentum_up": 0.7702523857964916, "mu_down": 0.22542888696399888, "mu_up": 0.0002153020430396898}, "datetime": {"datetime": "2024-01-20 15:39:49", "elapsed": 1048.611507, "delta": 2.256675}}
{"target": -748.0475748198355, "params": {"momentum_down": 0.57026777167179, "momentum_up": 0.7457289147489765, "mu_down": 0.1788012309637035, "mu_up": 0.0006167447393118228}, "datetime": {"datetime": "2024-01-20 15:39:51", "elapsed": 1050.107635, "delta": 1.496128}}
{"target": -2006.4111030433344, "params": {"momentum_down": 0.6950660104264345, "momentum_up": 0.5817378497492877, "mu_down": 0.08826925295936346, "mu_up": 0.0005667039305431201}, "datetime": {"datetime": "2024-01-20 15:39:53", "elapsed": 1052.810295, "delta": 2.70266}}
{"target": -2005.0083265664503, "params": {"momentum_down": 0.8716986069859934, "momentum_up": 0.5431814890669615, "mu_down": 0.11125678456783299, "mu_up": 5.022264002120686e-05}, "datetime": {"datetime": "2024-01-20 15:39:56", "elapsed": 1055.453235, "delta": 2.64294}}
{"target": -2300.0, "params": {"momentum_down": 0.8662351214831905, "momentum_up": 0.9446981888419315, "mu_down": 0.21190649383642401, "mu_up": 0.0008689922680762861}, "datetime": {"datetime": "2024-01-20 15:40:00", "elapsed": 1059.905659, "delta": 4.452424}}
{"target": -1313.0773831915878, "params": {"momentum_down": 0.5094643409184144, "momentum_up": 0.6710949331010531, "mu_down": 0.23379612379185385, "mu_up": 0.00030048646059354967}, "datetime": {"datetime": "2024-01-20 15:40:03", "elapsed": 1062.09206, "delta": 2.186401}}
{"target": -2300.0, "params": {"momentum_down": 0.9775828676918967, "momentum_up": 0.9493905338085717, "mu_down": 0.2845952984373679, "mu_up": 0.0005029836627471767}, "datetime": {"datetime": "2024-01-20 15:40:04", "elapsed": 1063.082486, "delta": 0.990426}}
{"target": -767.1022538217873, "params": {"momentum_down": 0.6762249929057618, "momentum_up": 0.817787369498301, "mu_down": 0.230800753296488, "mu_up": 0.00028837309554509037}, "datetime": {"datetime": "2024-01-20 15:40:11", "elapsed": 1070.678561, "delta": 7.596075}}
{"target": -2000.2523976390435, "params": {"momentum_down": 0.8805428192035295, "momentum_up": 0.5666626003302877, "mu_down": 0.18061938174505082, "mu_up": 0.00015364896489017358}, "datetime": {"datetime": "2024-01-20 15:40:14", "elapsed": 1073.40335, "delta": 2.724789}}
{"target": -2007.4886900700144, "params": {"momentum_down": 0.5319082234647874, "momentum_up": 0.7453187830470311, "mu_down": 0.23778838107610642, "mu_up": 2.3231486771410758e-05}, "datetime": {"datetime": "2024-01-20 15:40:19", "elapsed": 1078.818047, "delta": 5.414697}}
{"target": -2300.0, "params": {"momentum_down": 0.6965365663859134, "momentum_up": 0.7648861204880035, "mu_down": 0.1369527964507746, "mu_up": 0.0008148924388226931}, "datetime": {"datetime": "2024-01-20 15:40:26", "elapsed": 1085.400331, "delta": 6.582284}}
{"target": -828.0790719572383, "params": {"momentum_down": 0.6294074911937125, "momentum_up": 0.674544671712547, "mu_down": 0.2947062942744478, "mu_up": 0.00045599940020639483}, "datetime": {"datetime": "2024-01-20 15:40:28", "elapsed": 1087.173182, "delta": 1.772851}}
{"target": -2300.0, "params": {"momentum_down": 0.9108750106998242, "momentum_up": 0.7117658647910233, "mu_down": 0.052747560594549284, "mu_up": 0.0005126578337547767}, "datetime": {"datetime": "2024-01-20 15:40:32", "elapsed": 1091.584476, "delta": 4.411294}}
{"target": -849.0231565964285, "params": {"momentum_down": 0.5546767757821918, "momentum_up": 0.7667939934917901, "mu_down": 0.16361584387613057, "mu_up": 0.0005706115898703506}, "datetime": {"datetime": "2024-01-20 15:40:41", "elapsed": 1100.434116, "delta": 8.84964}}
{"target": -2300.0, "params": {"momentum_down": 0.7288968168468741, "momentum_up": 0.9046059016342014, "mu_down": 0.20560434547840187, "mu_up": 0.0008342164430093202}, "datetime": {"datetime": "2024-01-20 15:40:42", "elapsed": 1101.245841, "delta": 0.811725}}
{"target": -2300.0, "params": {"momentum_down": 0.5301278483483596, "momentum_up": 0.5138993501673019, "mu_down": 0.2759842071857366, "mu_up": 0.0008869295061213409}, "datetime": {"datetime": "2024-01-20 15:40:46", "elapsed": 1105.656116, "delta": 4.410275}}
{"target": -2300.0, "params": {"momentum_down": 0.8220492124306775, "momentum_up": 0.7010883517000468, "mu_down": 0.09076499558111564, "mu_up": 0.0009894453290393002}, "datetime": {"datetime": "2024-01-20 15:40:47", "elapsed": 1106.946796, "delta": 1.29068}}
{"target": -2300.0, "params": {"momentum_down": 0.6099529219518334, "momentum_up": 0.5750781497428707, "mu_down": 0.20720443365296778, "mu_up": 0.0009299979432921197}, "datetime": {"datetime": "2024-01-20 15:40:49", "elapsed": 1108.011345, "delta": 1.064549}}
{"target": -1111.0854638714318, "params": {"momentum_down": 0.5785705467958551, "momentum_up": 0.5500236795075628, "mu_down": 0.23099126902513753, "mu_up": 0.0004840516489206991}, "datetime": {"datetime": "2024-01-20 15:40:50", "elapsed": 1109.956759, "delta": 1.945414}}
{"target": -2300.0, "params": {"momentum_down": 0.6685126397873088, "momentum_up": 0.7331603517861671, "mu_down": 0.13160623232033872, "mu_up": 0.0009628383075522472}, "datetime": {"datetime": "2024-01-20 15:40:52", "elapsed": 1111.000793, "delta": 1.044034}}
{"target": -1797.0926980788674, "params": {"momentum_down": 0.8928204056813192, "momentum_up": 0.7298390864502873, "mu_down": 0.2777270273807018, "mu_up": 0.00014591141345823117}, "datetime": {"datetime": "2024-01-20 15:40:54", "elapsed": 1113.644974, "delta": 2.644181}}
{"target": -1393.0996252275233, "params": {"momentum_down": 0.6919957523092728, "momentum_up": 0.6634697906494933, "mu_down": 0.11967399719404707, "mu_up": 0.0003005072948592934}, "datetime": {"datetime": "2024-01-20 15:41:04", "elapsed": 1123.428931, "delta": 9.783957}}
{"target": -545.3031987111445, "params": {"momentum_down": 0.7518468378185983, "momentum_up": 0.9050514262101073, "mu_down": 0.1797400103868636, "mu_up": 0.0003921567029577864}, "datetime": {"datetime": "2024-01-20 15:41:11", "elapsed": 1130.852695, "delta": 7.423764}}
{"target": -606.0756782968958, "params": {"momentum_down": 0.7872109220108665, "momentum_up": 0.82773911882228, "mu_down": 0.23437888756939307, "mu_up": 0.000324849363300521}, "datetime": {"datetime": "2024-01-20 15:41:16", "elapsed": 1135.61172, "delta": 4.759025}}
{"target": -505.9446454176332, "params": {"momentum_down": 0.7611548867241873, "momentum_up": 0.7974170895216187, "mu_down": 0.146998012469151, "mu_up": 0.0006391408968537574}, "datetime": {"datetime": "2024-01-20 15:41:18", "elapsed": 1137.039144, "delta": 1.427424}}
{"target": -809.1299483230298, "params": {"momentum_down": 0.5792387993186161, "momentum_up": 0.7960016878778149, "mu_down": 0.15987003619469334, "mu_up": 0.00038385577818495306}, "datetime": {"datetime": "2024-01-20 15:41:24", "elapsed": 1143.634067, "delta": 6.594923}}
{"target": -2300.0, "params": {"momentum_down": 0.845180387520587, "momentum_up": 0.9087901443997706, "mu_down": 0.08891309566971839, "mu_up": 0.0002512949498054043}, "datetime": {"datetime": "2024-01-20 15:41:30", "elapsed": 1149.261401, "delta": 5.627334}}
{"target": -384.0196429207996, "params": {"momentum_down": 0.657216084526278, "momentum_up": 0.8683525927845871, "mu_down": 0.2706596624140109, "mu_up": 0.0005610945260619995}, "datetime": {"datetime": "2024-01-20 15:41:39", "elapsed": 1158.019464, "delta": 8.758063}}
{"target": -343.75339207978055, "params": {"momentum_down": 0.7448286765373909, "momentum_up": 0.858231129520172, "mu_down": 0.2447919737205017, "mu_up": 0.0005836115806903064}, "datetime": {"datetime": "2024-01-20 15:41:45", "elapsed": 1164.323306, "delta": 6.303842}}
