{"target": -2300.0, "params": {"momentum_down": 0.6648180578312064, "momentum_up": 0.5511164927444916, "mu_down": 0.1217997518778189, "mu_up": 0.0009163073314912332}, "datetime": {"datetime": "2024-01-20 15:47:20", "elapsed": 1499.287788, "delta": 4.897286}}
{"target": -2300.0, "params": {"momentum_down": 0.8706284397607043, "momentum_up": 0.8942258263301606, "mu_down": 0.24165946954241035, "mu_up": 0.000611650641146274}, "datetime": {"datetime": "2024-01-20 15:47:21", "elapsed": 1500.481873, "delta": 1.194085}}
{"target": -2000.1898461905987, "params": {"momentum_down": 0.828532754269604, "momentum_up": 0.6650804523458106, "mu_down": 0.0999004184038853, "mu_up": 0.00013762303041248437}, "datetime": {"datetime": "2024-01-20 15:47:27", "elapsed": 1506.729169, "delta": 6.247296}}
{"target": -767.2281541372464, "params": {"momentum_down": 0.7367593430491552, "momentum_up": 0.7023532341863054, "mu_down": 0.14683093895533772, "mu_up": 0.0005286591233887093}, "datetime": {"datetime": "2024-01-20 15:47:29", "elapsed": 1508.753404, "delta": 2.024235}}
{"target": -1494.077662492503, "params": {"momentum_down": 0.5238371659141637, "momentum_up": 0.5895100967925596, "mu_down": 0.20909986184824544, "mu_up": 0.00032460629669635565}, "datetime": {"datetime": "2024-01-20 15:47:32", "elapsed": 1511.275951, "delta": 2.522547}}
{"target": -808.0649439356174, "params": {"momentum_down": 0.853479141477187, "momentum_up": 0.7172303939463802, "mu_down": 0.18239785553043802, "mu_up": 0.0004013143910307878}, "datetime": {"datetime": "2024-01-20 15:47:34", "elapsed": 1513.364944, "delta": 2.088993}}
{"target": -647.025065130492, "params": {"momentum_down": 0.7194902121490351, "momentum_up": 0.7840117949395432, "mu_down": 0.13479221325973978, "mu_up": 0.0005486007711820867}, "datetime": {"datetime": "2024-01-20 15:47:36", "elapsed": 1515.164317, "delta": 1.799373}}
{"target": -2000.2743143028576, "params": {"momentum_down": 0.7764681601319328, "momentum_up": 0.5993670731683417, "mu_down": 0.24660608845121554, "mu_up": 0.00014790239702008445}, "datetime": {"datetime": "2024-01-20 15:47:38", "elapsed": 1517.87583, "delta": 2.711513}}
{"target": -2300.0, "params": {"momentum_down": 0.7373140857226794, "momentum_up": 0.7014244596938464, "mu_down": 0.14519590200413418, "mu_up": 0.0009080711921461209}, "datetime": {"datetime": "2024-01-20 15:47:44", "elapsed": 1523.303706, "delta": 5.427876}}
{"target": -949.2011796914201, "params": {"momentum_down": 0.7100601963530111, "momentum_up": 0.9094039510345404, "mu_down": 0.1366818297825306, "mu_up": 0.00012070275926599598}, "datetime": {"datetime": "2024-01-20 15:47:53", "elapsed": 1532.125425, "delta": 8.821719}}
{"target": -2300.0, "params": {"momentum_down": 0.6342700080933888, "momentum_up": 0.838242150337623, "mu_down": 0.2641601416583395, "mu_up": 0.000876919701786878}, "datetime": {"datetime": "2024-01-20 15:47:54", "elapsed": 1533.481496, "delta": 1.356071}}
{"target": -2300.0, "params": {"momentum_down": 0.6732377560273988, "momentum_up": 0.7518977456467035, "mu_down": 0.11919702164741372, "mu_up": 0.000911172066795734}, "datetime": {"datetime": "2024-01-20 15:47:56", "elapsed": 1535.128943, "delta": 1.647447}}
{"target": -2300.0, "params": {"momentum_down": 0.8922682623600054, "momentum_up": 0.5601164763631933, "mu_down": 0.29494729369074196, "mu_up": 0.00036229044304145083}, "datetime": {"datetime": "2024-01-20 15:48:03", "elapsed": 1542.514643, "delta": 7.3857}}
{"target": -646.1168765465918, "params": {"momentum_down": 0.6500253407760073, "momentum_up": 0.705877807725076, "mu_down": 0.27247572615107846, "mu_up": 0.0006166537831802527}, "datetime": {"datetime": "2024-01-20 15:48:05", "elapsed": 1544.743898, "delta": 2.229255}}
{"target": -2300.0, "params": {"momentum_down": 0.741651369134004, "momentum_up": 0.8136446087313214, "mu_down": 0.23639023739781745, "mu_up": 0.0008176844387799538}, "datetime": {"datetime": "2024-01-20 15:48:11", "elapsed": 1550.257712, "delta": 5.513814}}
{"target": -2300.0, "params": {"momentum_down": 0.8482899495529901, "momentum_up": 0.8770712385448165, "mu_down": 0.23394019024478405, "mu_up": 0.0006177573480831245}, "datetime": {"datetime": "2024-01-20 15:48:12", "elapsed": 1551.740246, "delta": 1.482534}}
{"target": -2300.0, "params": {"momentum_down": 0.69141601919853, "momentum_up": 0.6069720961874582, "mu_down": 0.29335244104171193, "mu_up": 0.0006528389200649637}, "datetime": {"datetime": "2024-01-20 15:48:14", "elapsed": 1553.342617, "delta": 1.602371}}
{"target": -2300.0, "params": {"momentum_down": 0.8961224434046874, "momentum_up": 0.5125427190023354, "mu_down": 0.08499983541281868, "mu_up": 0.0009730828263560087}, "datetime": {"datetime": "2024-01-20 15:48:15", "elapsed": 1554.729235, "delta": 1.386618}}
{"target": -424.3926471716155, "params": {"momentum_down": 0.7403120622097081, "momentum_up": 0.8207507080056902, "mu_down": 0.2334006898577992, "mu_up": 0.0005899953686850192}, "datetime": {"datetime": "2024-01-20 15:48:24", "elapsed": 1563.584278, "delta": 8.855043}}
{"target": -1313.3942990405642, "params": {"momentum_down": 0.5027919912009641, "momentum_up": 0.5382169942435928, "mu_down": 0.1459197585455398, "mu_up": 0.00048335721265337864}, "datetime": {"datetime": "2024-01-20 15:48:26", "elapsed": 1565.830983, "delta": 2.246705}}
{"target": -2300.0, "params": {"momentum_down": 0.7700444849847397, "momentum_up": 0.9255876832890387, "mu_down": 0.07817033193554125, "mu_up": 0.0007946282050148523}, "datetime": {"datetime": "2024-01-20 15:48:30", "elapsed": 1569.932661, "delta": 4.101678}}
{"target": -2001.770386182975, "params": {"momentum_down": 0.5092068709013734, "momentum_up": 0.7136864992011525, "mu_down": 0.2404899442145249, "mu_up": 5.500390418869358e-05}, "datetime": {"datetime": "2024-01-20 15:48:37", "elapsed": 1576.842091, "delta": 6.90943}}
{"target": -708.0042299115836, "params": {"momentum_down": 0.6940750703622308, "momentum_up": 0.7633581964093556, "mu_down": 0.1366345671404501, "mu_up": 0.0005071245786400767}, "datetime": {"datetime": "2024-01-20 15:48:44", "elapsed": 1583.214692, "delta": 6.372601}}
{"target": -2300.0, "params": {"momentum_down": 0.6292534778955089, "momentum_up": 0.6199395431606799, "mu_down": 0.04682819967877233, "mu_up": 0.0006534241805034293}, "datetime": {"datetime": "2024-01-20 15:48:46", "elapsed": 1585.018424, "delta": 1.803732}}
{"target": -2813.612251051734, "params": {"momentum_down": 0.5394314351699259, "momentum_up": 0.9877002111663037, "mu_down": 0.1971771513177527, "mu_up": 0.0007152355030781718}, "datetime": {"datetime": "2024-01-20 15:48:53", "elapsed": 1592.393474, "delta": 7.37505}}
{"target": -686.9935544419117, "params": {"momentum_down": 0.5287314038933005, "momentum_up": 0.9300169308091163, "mu_down": 0.20915668186188688, "mu_up": 0.00018092805122336673}, "datetime": {"datetime": "2024-01-20 15:49:01", "elapsed": 1600.374971, "delta": 7.981497}}
{"target": -909.6608622008671, "params": {"momentum_down": 0.5797335598284469, "momentum_up": 0.7953987205354588, "mu_down": 0.16096887776680552, "mu_up": 0.00032904708239679816}, "datetime": {"datetime": "2024-01-20 15:49:07", "elapsed": 1606.549338, "delta": 6.174367}}
{"target": -2000.2275333244181, "params": {"momentum_down": 0.7540420746975619, "momentum_up": 0.7925337789915794, "mu_down": 0.22126191204244844, "mu_up": 8.183683824850024e-05}, "datetime": {"datetime": "2024-01-20 15:49:16", "elapsed": 1615.752573, "delta": 9.203235}}
{"target": -667.0438079662458, "params": {"momentum_down": 0.5438135342883706, "momentum_up": 0.8645651278251156, "mu_down": 0.20560687707195438, "mu_up": 0.0004441742176993223}, "datetime": {"datetime": "2024-01-20 15:49:18", "elapsed": 1617.770526, "delta": 2.017953}}
{"target": -2300.0, "params": {"momentum_down": 0.7534095862625072, "momentum_up": 0.9385188357855537, "mu_down": 0.1607090730286564, "mu_up": 0.0008712764272689586}, "datetime": {"datetime": "2024-01-20 15:49:19", "elapsed": 1618.848298, "delta": 1.077772}}
{"target": -2300.0, "params": {"momentum_down": 0.9502234936508236, "momentum_up": 0.8440988459530926, "mu_down": 0.08695328623521163, "mu_up": 0.00015276392785211652}, "datetime": {"datetime": "2024-01-20 15:49:25", "elapsed": 1624.776459, "delta": 5.928161}}
{"target": -2005.4040053019723, "params": {"momentum_down": 0.506612515338621, "momentum_up": 0.5938303884456771, "mu_down": 0.0921761635326452, "mu_up": 5.130942932953183e-05}, "datetime": {"datetime": "2024-01-20 15:49:28", "elapsed": 1627.578603, "delta": 2.802144}}
{"target": -2000.1206450305294, "params": {"momentum_down": 0.7697348525866571, "momentum_up": 0.6244511908464448, "mu_down": 0.26986457987736934, "mu_up": 0.00018103197318144475}, "datetime": {"datetime": "2024-01-20 15:49:31", "elapsed": 1630.720922, "delta": 3.142319}}
{"target": -2300.0, "params": {"momentum_down": 0.7263857096598327, "momentum_up": 0.6884100682823051, "mu_down": 0.22493541027961492, "mu_up": 0.0009274430519272444}, "datetime": {"datetime": "2024-01-20 15:49:32", "elapsed": 1631.762397, "delta": 1.041475}}
{"target": -2002.081941697488, "params": {"momentum_down": 0.5313673286128981, "momentum_up": 0.9301971096444808, "mu_down": 0.21162205449041221, "mu_up": 1.2209792449263074e-05}, "datetime": {"datetime": "2024-01-20 15:49:40", "elapsed": 1639.120972, "delta": 7.358575}}
{"target": -2300.0, "params": {"momentum_down": 0.6426052609302877, "momentum_up": 0.6231236916262586, "mu_down": 0.18885090678039462, "mu_up": 0.0009394803786212894}, "datetime": {"datetime": "2024-01-20 15:49:41", "elapsed": 1640.305415, "delta": 1.184443}}
{"target": -969.2594448265119, "params": {"momentum_down": 0.5424333541144883, "momentum_up": 0.9244711139441356, "mu_down": 0.1941711682639901, "mu_up": 0.0005809069505939657}, "datetime": {"datetime": "2024-01-20 15:49:48", "elapsed": 1647.522242, "delta": 7.216827}}
{"target": -2000.1947332144678, "params": {"momentum_down": 0.937689600418889, "momentum_up": 0.9311616255285594, "mu_down": 0.037727086118419954, "mu_up": 2.691620548656602e-05}, "datetime": {"datetime": "2024-01-20 15:50:03", "elapsed": 1662.720396, "delta": 15.198154}}
{"target": -2300.0, "params": {"momentum_down": 0.7403825041110612, "momentum_up": 0.607764349963223, "mu_down": 0.026150329919542845, "mu_up": 0.0003801166405750462}, "datetime": {"datetime": "2024-01-20 15:50:06", "elapsed": 1665.170496, "delta": 2.4501}}
{"target": -2300.0, "params": {"momentum_down": 0.8291251633178421, "momentum_up": 0.9547264352671868, "mu_down": 0.08291293713199947, "mu_up": 0.00020146389928941044}, "datetime": {"datetime": "2024-01-20 15:50:08", "elapsed": 1667.086624, "delta": 1.916128}}
{"target": -1454.1240134439956, "params": {"momentum_down": 0.5776882872631692, "momentum_up": 0.5266520415605432, "mu_down": 0.14664649778418348, "mu_up": 0.00041424616802955566}, "datetime": {"datetime": "2024-01-20 15:50:10", "elapsed": 1669.734377, "delta": 2.647753}}
{"target": -849.0048555994024, "params": {"momentum_down": 0.5544526080550843, "momentum_up": 0.7676879344060733, "mu_down": 0.1645462704899391, "mu_up": 0.000538430525734732}, "datetime": {"datetime": "2024-01-20 15:50:16", "elapsed": 1675.352362, "delta": 5.617985}}
{"target": -2000.0539774091974, "params": {"momentum_down": 0.5746987539240447, "momentum_up": 0.8792926830321396, "mu_down": 0.27350487359540887, "mu_up": 0.0007532736884382792}, "datetime": {"datetime": "2024-01-20 15:50:19", "elapsed": 1678.497172, "delta": 3.14481}}
{"target": -2002.9536583680708, "params": {"momentum_down": 0.7821504722088858, "momentum_up": 0.6181595409215688, "mu_down": 0.06328338263557774, "mu_up": 5.957223036711414e-05}, "datetime": {"datetime": "2024-01-20 15:50:22", "elapsed": 1681.570391, "delta": 3.073219}}
{"target": -1111.216360780275, "params": {"momentum_down": 0.6446600344004034, "momentum_up": 0.8933185776661754, "mu_down": 0.13922818584389204, "mu_up": 0.0007464419379221337}, "datetime": {"datetime": "2024-01-20 15:50:29", "elapsed": 1688.226813, "delta": 6.656422}}
{"target": -2300.0, "params": {"momentum_down": 0.6155149742607268, "momentum_up": 0.8228495650512984, "mu_down": 0.02333667933074831, "mu_up": 0.00032560684189166113}, "datetime": {"datetime": "2024-01-20 15:50:31", "elapsed": 1690.17983, "delta": 1.953017}}
{"target": -1171.0881901454732, "params": {"momentum_down": 0.7424750487504733, "momentum_up": 0.8168563913923378, "mu_down": 0.2320212944511902, "mu_up": 0.00016124149767848486}, "datetime": {"datetime": "2024-01-20 15:50:38", "elapsed": 1697.39948, "delta": 7.21965}}
{"target": -2300.0, "params": {"momentum_down": 0.9715409121254996, "momentum_up": 0.7798045752148346, "mu_down": 0.1153862208826391, "mu_up": 0.0003712153747225564}, "datetime": {"datetime": "2024-01-20 15:50:44", "elapsed": 1703.269869, "delta": 5.870389}}
{"target": -1252.1349415871439, "params": {"momentum_down": 0.5412721074789295, "momentum_up": 0.5479490008874436, "mu_down": 0.18057331071732025, "mu_up": 0.00046322216346262175}, "datetime": {"datetime": "2024-01-20 15:50:47", "elapsed": 1706.278612, "delta": 3.008743}}
{"target": -727.080963002776, "params": {"momentum_down": 0.7810022590224341, "momentum_up": 0.9349876032564349, "mu_down": 0.2279886144321224, "mu_up": 9.576199645224845e-05}, "datetime": {"datetime": "2024-01-20 15:50:54", "elapsed": 1713.183656, "delta": 6.905044}}
{"target": -1333.0818921282432, "params": {"momentum_down": 0.6780956107156986, "momentum_up": 0.8538492872919194, "mu_down": 0.1895491235489408, "mu_up": 0.00011930312229590714}, "datetime": {"datetime": "2024-01-20 15:51:01", "elapsed": 1720.494302, "delta": 7.310646}}
{"target": -2300.0, "params": {"momentum_down": 0.8153189331241962, "momentum_up": 0.7977349080257155, "mu_down": 0.1999824739213075, "mu_up": 0.000769991442822103}, "datetime": {"datetime": "2024-01-20 15:51:09", "elapsed": 1728.088078, "delta": 7.593776}}
{"target": -2000.0598614112357, "params": {"momentum_down": 0.631691896358151, "momentum_up": 0.9232869742632703, "mu_down": 0.2403117005734063, "mu_up": 0.0007826771973928493}, "datetime": {"datetime": "2024-01-20 15:51:18", "elapsed": 1737.37707, "delta": 9.288992}}
{"target": -383.25521858593953, "params": {"momentum_down": 0.7359645856951973, "momentum_up": 0.8998631038803777, "mu_down": 0.2813948784375414, "mu_up": 0.0004212867097464767}, "datetime": {"datetime": "2024-01-20 15:51:24", "elapsed": 1743.466152, "delta": 6.089082}}
{"target": -2001.5387572136763, "params": {"momentum_down": 0.5111042757893741, "momentum_up": 0.8776092955037944, "mu_down": 0.07133217574961344, "mu_up": 7.273747826970625e-05}, "datetime": {"datetime": "2024-01-20 15:51:27", "elapsed": 1746.624139, "delta": 3.157987}}
{"target": -2300.0, "params": {"momentum_down": 0.8415917375603433, "momentum_up": 0.9544178336334832, "mu_down": 0.22514234475873218, "mu_up": 0.0007556407707126269}, "datetime": {"datetime": "2024-01-20 15:51:28", "elapsed": 1747.928809, "delta": 1.30467}}
{"target": -1898.088086202785, "params": {"momentum_down": 0.9444515444489752, "momentum_up": 0.9325386810875532, "mu_down": 0.18559039170971492, "mu_up": 5.157882621417403e-05}, "datetime": {"datetime": "2024-01-20 15:51:31", "elapsed": 1750.857813, "delta": 2.929004}}
{"target": -2000.0437798364003, "params": {"momentum_down": 0.7115046420466862, "momentum_up": 0.7432318119261668, "mu_down": 0.29786657957342716, "mu_up": 0.0006101275501185661}, "datetime": {"datetime": "2024-01-20 15:51:40", "elapsed": 1759.529057, "delta": 8.671244}}
{"target": -747.0768171442433, "params": {"momentum_down": 0.8131655889248215, "momentum_up": 0.7960994115281337, "mu_down": 0.19860884022019548, "mu_up": 0.00029885342450839563}, "datetime": {"datetime": "2024-01-20 15:51:48", "elapsed": 1767.14063, "delta": 7.611573}}
{"target": -1414.1047116165373, "params": {"momentum_down": 0.780824026123487, "momentum_up": 0.9365857337224661, "mu_down": 0.2276930183398069, "mu_up": 4.6191634013661984e-05}, "datetime": {"datetime": "2024-01-20 15:51:56", "elapsed": 1775.539739, "delta": 8.399109}}
{"target": -2300.0, "params": {"momentum_down": 0.7847767460549187, "momentum_up": 0.6146852381970291, "mu_down": 0.29778943944318803, "mu_up": 0.0007023191985660664}, "datetime": {"datetime": "2024-01-20 15:51:57", "elapsed": 1776.778063, "delta": 1.238324}}
{"target": -1030.1915159515636, "params": {"momentum_down": 0.5291352634277809, "momentum_up": 0.9307936092975072, "mu_down": 0.2084237320544655, "mu_up": 0.0005546454535117388}, "datetime": {"datetime": "2024-01-20 15:52:08", "elapsed": 1787.255618, "delta": 10.477555}}
{"target": -707.073748640305, "params": {"momentum_down": 0.7365677668211524, "momentum_up": 0.8990517920153407, "mu_down": 0.2822006468343293, "mu_up": 0.00015410125119401738}, "datetime": {"datetime": "2024-01-20 15:52:14", "elapsed": 1793.977788, "delta": 6.72217}}
{"target": -707.1060769351795, "params": {"momentum_down": 0.8246789835919814, "momentum_up": 0.7875364182305093, "mu_down": 0.1309629469547885, "mu_up": 0.00037594241484435157}, "datetime": {"datetime": "2024-01-20 15:52:24", "elapsed": 1803.452078, "delta": 9.47429}}
{"target": -2002.3294409426378, "params": {"momentum_down": 0.5895580575490017, "momentum_up": 0.5348894491352825, "mu_down": 0.05176617773156163, "mu_up": 0.0003424206306064928}, "datetime": {"datetime": "2024-01-20 15:52:27", "elapsed": 1806.639488, "delta": 3.18741}}
{"target": -2000.8621467078817, "params": {"momentum_down": 0.7147012534651189, "momentum_up": 0.6342809360805934, "mu_down": 0.12521022253812414, "mu_up": 9.266552273000812e-05}, "datetime": {"datetime": "2024-01-20 15:52:34", "elapsed": 1813.827668, "delta": 7.18818}}
{"target": -1151.0851873272939, "params": {"momentum_down": 0.7742362517510569, "momentum_up": 0.5175776987479063, "mu_down": 0.29486021837356036, "mu_up": 0.0004416571977596325}, "datetime": {"datetime": "2024-01-20 15:52:37", "elapsed": 1816.264619, "delta": 2.436951}}
{"target": -2007.2524672167685, "params": {"momentum_down": 0.7558988793044894, "momentum_up": 0.7911497516407215, "mu_down": 0.21739317545415765, "mu_up": 1.622546174651244e-05}, "datetime": {"datetime": "2024-01-20 15:52:45", "elapsed": 1824.05087, "delta": 7.786251}}
{"target": -2300.0, "params": {"momentum_down": 0.5227680974480288, "momentum_up": 0.8023669235445896, "mu_down": 0.21495055058905974, "mu_up": 0.0009164921545712284}, "datetime": {"datetime": "2024-01-20 15:52:46", "elapsed": 1825.63544, "delta": 1.58457}}
{"target": -2300.0, "params": {"momentum_down": 0.6587183381837876, "momentum_up": 0.7579290607318819, "mu_down": 0.26946340963777493, "mu_up": 0.0008489866091075997}, "datetime": {"datetime": "2024-01-20 15:52:53", "elapsed": 1832.806441, "delta": 7.171001}}
{"target": -626.0886230143867, "params": {"momentum_down": 0.7412759666668288, "momentum_up": 0.8150719992206734, "mu_down": 0.23291604558244364, "mu_up": 0.00036492385088728415}, "datetime": {"datetime": "2024-01-20 15:53:00", "elapsed": 1839.974645, "delta": 7.168204}}
{"target": -1212.4317055407691, "params": {"momentum_down": 0.6278843801358596, "momentum_up": 0.8816453634464557, "mu_down": 0.11238666112587689, "mu_up": 0.0005063865444855958}, "datetime": {"datetime": "2024-01-20 15:53:07", "elapsed": 1846.157215, "delta": 6.18257}}
{"target": -2300.0, "params": {"momentum_down": 0.9701723747759678, "momentum_up": 0.7155268339039159, "mu_down": 0.12470250873988241, "mu_up": 0.0005276069503024933}, "datetime": {"datetime": "2024-01-20 15:53:18", "elapsed": 1857.018101, "delta": 10.860886}}
{"target": -606.2846989972791, "params": {"momentum_down": 0.5711854387386481, "momentum_up": 0.7641983116656302, "mu_down": 0.2938115505182487, "mu_up": 0.0005371749905366058}, "datetime": {"datetime": "2024-01-20 15:53:25", "elapsed": 1864.466545, "delta": 7.448444}}
{"target": -828.0763164339809, "params": {"momentum_down": 0.8533987594291523, "momentum_up": 0.7182488079627293, "mu_down": 0.18264696398140465, "mu_up": 0.00036052119500633046}, "datetime": {"datetime": "2024-01-20 15:53:32", "elapsed": 1871.703575, "delta": 7.23703}}
{"target": -2300.0, "params": {"momentum_down": 0.7809676508552039, "momentum_up": 0.8902809276088325, "mu_down": 0.15434938305023113, "mu_up": 0.0007835722589754377}, "datetime": {"datetime": "2024-01-20 15:53:33", "elapsed": 1872.906908, "delta": 1.203333}}
{"target": -2000.654916488289, "params": {"momentum_down": 0.5298417951012566, "momentum_up": 0.747067803694471, "mu_down": 0.23715430944581042, "mu_up": 7.02571605157438e-05}, "datetime": {"datetime": "2024-01-20 15:53:44", "elapsed": 1883.320583, "delta": 10.413675}}
{"target": -2000.1748153423932, "params": {"momentum_down": 0.7207250200942402, "momentum_up": 0.7861678075297976, "mu_down": 0.13447614102135888, "mu_up": 9.128145914559116e-05}, "datetime": {"datetime": "2024-01-20 15:53:56", "elapsed": 1895.473083, "delta": 12.1525}}
{"target": -2300.0, "params": {"momentum_down": 0.9349942561310871, "momentum_up": 0.929111175668842, "mu_down": 0.14630517616122918, "mu_up": 0.0008632301102634414}, "datetime": {"datetime": "2024-01-20 15:54:05", "elapsed": 1904.27796, "delta": 8.804877}}
{"target": -2004.6310094992625, "params": {"momentum_down": 0.753070229177116, "momentum_up": 0.9047256615928899, "mu_down": 0.1807155711046342, "mu_up": 1.1497604997612294e-05}, "datetime": {"datetime": "2024-01-20 15:54:14", "elapsed": 1913.047052, "delta": 8.769092}}
{"target": -464.9494314275961, "params": {"momentum_down": 0.7982969873403947, "momentum_up": 0.8618516782264758, "mu_down": 0.13363437058386296, "mu_up": 0.0006308814941371412}, "datetime": {"datetime": "2024-01-20 15:54:16", "elapsed": 1915.06463, "delta": 2.017578}}
{"target": -2300.0, "params": {"momentum_down": 0.6631408331016433, "momentum_up": 0.52899835473934, "mu_down": 0.1958373616935812, "mu_up": 0.0006848852650031403}, "datetime": {"datetime": "2024-01-20 15:54:17", "elapsed": 1916.822265, "delta": 1.757635}}
