{"target": -2247.5492164739335, "params": {"momentum_down": 0.4128517846555483, "momentum_up": 0.7131212485077365, "mu_down": 3.431244520346599e-05, "mu_up": 0.0003093092469055214}, "datetime": {"datetime": "2024-06-09 20:52:18", "elapsed": 0.0, "delta": 0.0}}
{"target": -2004.4930130158953, "params": {"momentum_down": 0.14528833190894191, "momentum_up": 0.09141520882110982, "mu_down": 0.05587806341330127, "mu_up": 0.0003521051197726173}, "datetime": {"datetime": "2024-06-09 20:52:20", "elapsed": 2.156008, "delta": 2.156008}}
{"target": -1165.2901418712547, "params": {"momentum_down": 0.39279979948836324, "momentum_up": 0.5334285666633234, "mu_down": 0.12575835432098845, "mu_up": 0.000688367305392792}, "datetime": {"datetime": "2024-06-09 20:52:21", "elapsed": 3.397025, "delta": 1.241017}}
{"target": -2060.9367229505197, "params": {"momentum_down": 0.20240772723420225, "momentum_up": 0.869336262027036, "mu_down": 0.008216277959377849, "mu_up": 0.0006737628350766183}, "datetime": {"datetime": "2024-06-09 20:52:23", "elapsed": 5.589251, "delta": 2.192226}}
{"target": -2003.1891640688184, "params": {"momentum_down": 0.41313175434345567, "momentum_up": 0.5531029301612941, "mu_down": 0.04211608157857013, "mu_up": 0.00020612047419403}, "datetime": {"datetime": "2024-06-09 20:52:26", "elapsed": 7.751438, "delta": 2.162187}}
{"target": -552.2687040223838, "params": {"momentum_down": 0.7927371229887813, "momentum_up": 0.9585789599622035, "mu_down": 0.09402725344777285, "mu_up": 0.0006953993895126209}, "datetime": {"datetime": "2024-06-09 20:52:26", "elapsed": 8.343772, "delta": 0.592334}}
{"target": -1839.2982223597564, "params": {"momentum_down": 0.8676252607730779, "momentum_up": 0.8856605968688088, "mu_down": 0.025513263410933372, "mu_up": 4.8664235400553536e-05}, "datetime": {"datetime": "2024-06-09 20:52:28", "elapsed": 10.415578, "delta": 2.071806}}
{"target": -2300.0, "params": {"momentum_down": 0.16813211536892322, "momentum_up": 0.869361078395119, "mu_down": 0.02950405014991503, "mu_up": 0.0004268965487550017}, "datetime": {"datetime": "2024-06-09 20:52:30", "elapsed": 12.170753, "delta": 1.755175}}
{"target": -2300.0, "params": {"momentum_down": 0.9483106348489969, "momentum_up": 0.5278336321232869, "mu_down": 0.207563134185142, "mu_up": 0.00032236047469600234}, "datetime": {"datetime": "2024-06-09 20:52:30", "elapsed": 12.326857, "delta": 0.156104}}
{"target": -2045.9152947195003, "params": {"momentum_down": 0.6796359184047678, "momentum_up": 0.8262794151783992, "mu_down": 0.005486483203257541, "mu_up": 0.0007526428717955178}, "datetime": {"datetime": "2024-06-09 20:52:32", "elapsed": 14.267747, "delta": 1.94089}}
{"target": -2300.0, "params": {"momentum_down": 0.9789724780174297, "momentum_up": 0.740683997836041, "mu_down": 0.08413319761932155, "mu_up": 0.0007913865351669736}, "datetime": {"datetime": "2024-06-09 20:52:32", "elapsed": 14.278382, "delta": 0.010635}}
{"target": -1396.2941667440284, "params": {"momentum_down": 0.10219374651186561, "momentum_up": 0.4434145909141461, "mu_down": 0.27257865092792866, "mu_up": 0.00030067800688994274}, "datetime": {"datetime": "2024-06-09 20:52:33", "elapsed": 15.590986, "delta": 1.312604}}
{"target": -2071.771885651996, "params": {"momentum_down": 0.28489758520048525, "momentum_up": 0.1287282863970949, "mu_down": 0.005810087361089122, "mu_up": 0.000682047177610492}, "datetime": {"datetime": "2024-06-09 20:52:36", "elapsed": 17.762809, "delta": 2.171823}}
{"target": -2008.0684978485303, "params": {"momentum_down": 0.20951183484005845, "momentum_up": 0.2628911927785039, "mu_down": 0.14747194778410147, "mu_up": 6.282891966590958e-05}, "datetime": {"datetime": "2024-06-09 20:52:38", "elapsed": 19.808569, "delta": 2.04576}}
{"target": -2300.0, "params": {"momentum_down": 0.568376429437093, "momentum_up": 0.14526128915675204, "mu_down": 0.17679166107098526, "mu_up": 0.0007027607764207219}, "datetime": {"datetime": "2024-06-09 20:52:38", "elapsed": 19.861034, "delta": 0.052465}}
{"target": -1256.2962785016477, "params": {"momentum_down": 0.10131108453954758, "momentum_up": 0.40991542794137265, "mu_down": 0.20832004731832351, "mu_up": 0.00042003747683163364}, "datetime": {"datetime": "2024-06-09 20:52:39", "elapsed": 21.123043, "delta": 1.262009}}
{"target": -1185.2924778897484, "params": {"momentum_down": 0.04945392435662629, "momentum_up": 0.5305374418563564, "mu_down": 0.19913839356593663, "mu_up": 0.0005197402209377255}, "datetime": {"datetime": "2024-06-09 20:52:40", "elapsed": 22.188068, "delta": 1.065025}}
{"target": -1879.298372824922, "params": {"momentum_down": 0.9351488084309052, "momentum_up": 0.580689490096973, "mu_down": 0.271020574586365, "mu_up": 0.00014609995710477514}, "datetime": {"datetime": "2024-06-09 20:52:42", "elapsed": 24.126895, "delta": 1.938827}}
{"target": -1778.2972409498736, "params": {"momentum_down": 0.13788358377825097, "momentum_up": 0.7993173758224286, "mu_down": 0.11930305109566007, "mu_up": 0.00017370065514576345}, "datetime": {"datetime": "2024-06-09 20:52:44", "elapsed": 26.036696, "delta": 1.909801}}
{"target": -2300.0, "params": {"momentum_down": 0.9182334945920736, "momentum_up": 0.3442882011480515, "mu_down": 0.22524363094084665, "mu_up": 0.000728738005496947}, "datetime": {"datetime": "2024-06-09 20:52:44", "elapsed": 26.049442, "delta": 0.012746}}
{"target": -2123.8009795943185, "params": {"momentum_down": 0.05908323069121823, "momentum_up": 0.8352338935258937, "mu_down": 0.002315956795236318, "mu_up": 0.00017024232487056925}, "datetime": {"datetime": "2024-06-09 20:52:46", "elapsed": 28.269821, "delta": 2.220379}}
{"target": -2300.0, "params": {"momentum_down": 0.9069589001463934, "momentum_up": 0.36354899928302215, "mu_down": 0.20701560717790188, "mu_up": 0.0008033086674161157}, "datetime": {"datetime": "2024-06-09 20:52:46", "elapsed": 28.321913, "delta": 0.052092}}
{"target": -2300.0, "params": {"momentum_down": 0.7764973933766882, "momentum_up": 0.99, "mu_down": 0.13994505484123687, "mu_up": 0.0009394600447287568}, "datetime": {"datetime": "2024-06-09 20:52:46", "elapsed": 28.593463, "delta": 0.27155}}
{"target": -572.2822169070556, "params": {"momentum_down": 0.7935719651085436, "momentum_up": 0.97071007466508, "mu_down": 0.09297162801528606, "mu_up": 0.00036464408979231417}, "datetime": {"datetime": "2024-06-09 20:52:47", "elapsed": 29.587321, "delta": 0.993858}}
{"target": -673.2968228493079, "params": {"momentum_down": 0.8214440450166705, "momentum_up": 0.9609394883929191, "mu_down": 0.07482624263169613, "mu_up": 4.9584051153121735e-05}, "datetime": {"datetime": "2024-06-09 20:52:48", "elapsed": 30.722033, "delta": 1.134712}}
{"target": -1095.2904349402609, "params": {"momentum_down": 0.7827532419535574, "momentum_up": 0.9621542675094213, "mu_down": 0.05872959654168478, "mu_up": 2.897693190040593e-05}, "datetime": {"datetime": "2024-06-09 20:52:50", "elapsed": 32.128327, "delta": 1.406294}}
{"target": -402.25769986633213, "params": {"momentum_down": 0.8310015939571705, "momentum_up": 0.9615109724278724, "mu_down": 0.11803363626274616, "mu_up": 0.0004235933465832876}, "datetime": {"datetime": "2024-06-09 20:52:50", "elapsed": 32.712338, "delta": 0.584011}}
{"target": -2300.0, "params": {"momentum_down": 0.3735054796454565, "momentum_up": 0.2977336779752298, "mu_down": 0.12456039687067882, "mu_up": 0.0008327397305508253}, "datetime": {"datetime": "2024-06-09 20:52:51", "elapsed": 32.81375, "delta": 0.101412}}
{"target": -783.2866050531255, "params": {"momentum_down": 0.5759010799003624, "momentum_up": 0.687055330824224, "mu_down": 0.17208328494144193, "mu_up": 0.00033579518188947896}, "datetime": {"datetime": "2024-06-09 20:52:51", "elapsed": 33.655407, "delta": 0.841657}}
{"target": -1356.2887466239274, "params": {"momentum_down": 0.2844696061958311, "momentum_up": 0.7909569378049244, "mu_down": 0.12707677795202132, "mu_up": 0.0005585393687082883}, "datetime": {"datetime": "2024-06-09 20:52:53", "elapsed": 35.194278, "delta": 1.538871}}
{"target": -2001.2478750406112, "params": {"momentum_down": 0.29121747473762954, "momentum_up": 0.14947591936975227, "mu_down": 0.067600961327611, "mu_up": 0.00037841172555765773}, "datetime": {"datetime": "2024-06-09 20:52:55", "elapsed": 37.39853, "delta": 2.204252}}
{"target": -2300.0, "params": {"momentum_down": 0.8617189192614885, "momentum_up": 0.9303715442711167, "mu_down": 0.13738847518842748, "mu_up": 0.0009613299974583977}, "datetime": {"datetime": "2024-06-09 20:52:55", "elapsed": 37.716736, "delta": 0.318206}}
{"target": -2300.0, "params": {"momentum_down": 0.865150688649818, "momentum_up": 0.7582079845888144, "mu_down": 0.1166519448951241, "mu_up": 0.0008762341705930487}, "datetime": {"datetime": "2024-06-09 20:52:56", "elapsed": 37.769768, "delta": 0.053032}}
{"target": -2067.9879628880954, "params": {"momentum_down": 0.8411977700221317, "momentum_up": 0.9877961550325599, "mu_down": 0.10557436885662976, "mu_up": 0.0005468862449345693}, "datetime": {"datetime": "2024-06-09 20:52:58", "elapsed": 40.30468, "delta": 2.534912}}
{"target": -2300.0, "params": {"momentum_down": 0.7978173258470223, "momentum_up": 0.9366549847520004, "mu_down": 0.12313070182376573, "mu_up": 0.0008991495317023229}, "datetime": {"datetime": "2024-06-09 20:52:58", "elapsed": 40.412807, "delta": 0.108127}}
{"target": -462.27568961108733, "params": {"momentum_down": 0.8245697162290007, "momentum_up": 0.9593546041898496, "mu_down": 0.103673894048978, "mu_up": 0.0006999563489676983}, "datetime": {"datetime": "2024-06-09 20:52:59", "elapsed": 41.306145, "delta": 0.893338}}
{"target": -582.2958667858619, "params": {"momentum_down": 0.8090603694911284, "momentum_up": 0.947365523250387, "mu_down": 0.07825349014580203, "mu_up": 0.00017115512688373752}, "datetime": {"datetime": "2024-06-09 20:53:00", "elapsed": 42.25826, "delta": 0.952115}}
{"target": -2300.0, "params": {"momentum_down": 0.9387182763436606, "momentum_up": 0.7816741046984651, "mu_down": 0.17283194810567676, "mu_up": 0.0006016982689794511}, "datetime": {"datetime": "2024-06-09 20:53:00", "elapsed": 42.362683, "delta": 0.104423}}
{"target": -2004.6029537727443, "params": {"momentum_down": 0.8200084547938141, "momentum_up": 0.9515411839364918, "mu_down": 0.053240421176759666, "mu_up": 0.000646954034209944}, "datetime": {"datetime": "2024-06-09 20:53:03", "elapsed": 44.793031, "delta": 2.430348}}
{"target": -391.2452423744199, "params": {"momentum_down": 0.8288129069748279, "momentum_up": 0.9567729224235821, "mu_down": 0.1235768204692343, "mu_up": 0.0007523013929444674}, "datetime": {"datetime": "2024-06-09 20:53:03", "elapsed": 45.328598, "delta": 0.535567}}
{"target": -2050.760336756804, "params": {"momentum_down": 0.3418920302906971, "momentum_up": 0.050783139944782535, "mu_down": 0.008281691940184577, "mu_up": 0.0007498157301861055}, "datetime": {"datetime": "2024-06-09 20:53:05", "elapsed": 47.386033, "delta": 2.057435}}
{"target": -452.26858253555656, "params": {"momentum_down": 0.8220693865830914, "momentum_up": 0.9484757430055857, "mu_down": 0.09296308929499643, "mu_up": 0.0001919023945406987}, "datetime": {"datetime": "2024-06-09 20:53:06", "elapsed": 48.325308, "delta": 0.939275}}
{"target": -633.2864885439516, "params": {"momentum_down": 0.7990879694059413, "momentum_up": 0.9676895328224304, "mu_down": 0.07761201448494977, "mu_up": 0.00013551226249325474}, "datetime": {"datetime": "2024-06-09 20:53:07", "elapsed": 49.26563, "delta": 0.940322}}
{"target": -1065.2936822833221, "params": {"momentum_down": 0.600651084351669, "momentum_up": 0.6660083724723908, "mu_down": 0.16702792024521515, "mu_up": 0.0002347211285095091}, "datetime": {"datetime": "2024-06-09 20:53:08", "elapsed": 50.696244, "delta": 1.430614}}
{"target": -2001.8618703129698, "params": {"momentum_down": 0.31122724904073773, "momentum_up": 0.5844690992125787, "mu_down": 0.0551600174968823, "mu_up": 0.000691167774669122}, "datetime": {"datetime": "2024-06-09 20:53:11", "elapsed": 52.856974, "delta": 2.16073}}
{"target": -2300.0, "params": {"momentum_down": 0.019312750768436547, "momentum_up": 0.013102307017929672, "mu_down": 0.17081313339183932, "mu_up": 0.0005663058807642035}, "datetime": {"datetime": "2024-06-09 20:53:11", "elapsed": 53.147349, "delta": 0.290375}}
{"target": -2300.0, "params": {"momentum_down": 0.2530379408019461, "momentum_up": 0.3100677379619884, "mu_down": 0.25818703085590256, "mu_up": 0.0008877463641810608}, "datetime": {"datetime": "2024-06-09 20:53:11", "elapsed": 53.25626, "delta": 0.108911}}
{"target": -603.295824530591, "params": {"momentum_down": 0.5881622342520836, "momentum_up": 0.7146496865456792, "mu_down": 0.1847028167850778, "mu_up": 0.0004725797165279176}, "datetime": {"datetime": "2024-06-09 20:53:12", "elapsed": 54.121634, "delta": 0.865374}}
{"target": -2000.5518478533813, "params": {"momentum_down": 0.7679692411055381, "momentum_up": 0.44341114154766337, "mu_down": 0.19986230123122814, "mu_up": 0.00016058406469162396}, "datetime": {"datetime": "2024-06-09 20:53:14", "elapsed": 56.226624, "delta": 2.10499}}
{"target": -2300.0, "params": {"momentum_down": 0.6061728839050028, "momentum_up": 0.7192640636950494, "mu_down": 0.15599605196053215, "mu_up": 0.0009204886162003605}, "datetime": {"datetime": "2024-06-09 20:53:14", "elapsed": 56.667761, "delta": 0.441137}}
{"target": -2001.1006928815002, "params": {"momentum_down": 0.5823850125345696, "momentum_up": 0.695973663020999, "mu_down": 0.20064509903939406, "mu_up": 6.99490031219021e-05}, "datetime": {"datetime": "2024-06-09 20:53:17", "elapsed": 59.05507, "delta": 2.387309}}
{"target": -422.25971416678215, "params": {"momentum_down": 0.8421746692897943, "momentum_up": 0.9455891151951975, "mu_down": 0.09662974354480267, "mu_up": 0.0005778942994782242}, "datetime": {"datetime": "2024-06-09 20:53:18", "elapsed": 59.827655, "delta": 0.772585}}
{"target": -2001.328903549139, "params": {"momentum_down": 0.7118143316552588, "momentum_up": 0.784200613695581, "mu_down": 0.28231489392759984, "mu_up": 4.245800031512837e-05}, "datetime": {"datetime": "2024-06-09 20:53:20", "elapsed": 62.030548, "delta": 2.202893}}
{"target": -2001.4656387914958, "params": {"momentum_down": 0.41611763594158363, "momentum_up": 0.07890653593388708, "mu_down": 0.05289044168748536, "mu_up": 0.0004253969781152617}, "datetime": {"datetime": "2024-06-09 20:53:22", "elapsed": 64.054108, "delta": 2.02356}}
{"target": -2000.423421185127, "params": {"momentum_down": 0.5550650962229202, "momentum_up": 0.38380593308260863, "mu_down": 0.12261875567690618, "mu_up": 0.00020109827294650926}, "datetime": {"datetime": "2024-06-09 20:53:24", "elapsed": 66.107246, "delta": 2.053138}}
{"target": -2008.5068444083947, "params": {"momentum_down": 0.3317226081749346, "momentum_up": 0.2057337095030188, "mu_down": 0.048177260505606855, "mu_up": 0.0001042506738716819}, "datetime": {"datetime": "2024-06-09 20:53:26", "elapsed": 68.235833, "delta": 2.128587}}
{"target": -2009.3098142403126, "params": {"momentum_down": 0.5565901988842585, "momentum_up": 0.27062636380712635, "mu_down": 0.27127370240010285, "mu_up": 4.628031058708452e-05}, "datetime": {"datetime": "2024-06-09 20:53:28", "elapsed": 70.349511, "delta": 2.113678}}
{"target": -1206.29688067506, "params": {"momentum_down": 0.7968388804999145, "momentum_up": 0.7852485779277919, "mu_down": 0.23291172993760415, "mu_up": 0.0001297232527036134}, "datetime": {"datetime": "2024-06-09 20:53:29", "elapsed": 71.637535, "delta": 1.288024}}
{"target": -2300.0, "params": {"momentum_down": 0.9488922235772734, "momentum_up": 0.2831150012844608, "mu_down": 0.128286118782225, "mu_up": 0.0009731667510091482}, "datetime": {"datetime": "2024-06-09 20:53:30", "elapsed": 71.72774, "delta": 0.090205}}
{"target": -1366.2946564161532, "params": {"momentum_down": 0.045286155316616755, "momentum_up": 0.23230119126784707, "mu_down": 0.28396418778696875, "mu_up": 0.00042838666701945833}, "datetime": {"datetime": "2024-06-09 20:53:31", "elapsed": 73.490425, "delta": 1.762685}}
{"target": -2041.5216296546116, "params": {"momentum_down": 0.0983448291669507, "momentum_up": 0.13295881237790239, "mu_down": 0.014441740864143881, "mu_up": 0.0005071477010590662}, "datetime": {"datetime": "2024-06-09 20:53:34", "elapsed": 75.912503, "delta": 2.422078}}
{"target": -1668.296794970627, "params": {"momentum_down": 0.7482081476065383, "momentum_up": 0.6657021490682816, "mu_down": 0.10248222424666795, "mu_up": 0.00014444995532819}, "datetime": {"datetime": "2024-06-09 20:53:35", "elapsed": 77.683607, "delta": 1.771104}}
{"target": -603.2944472413566, "params": {"momentum_down": 0.5652743193079498, "momentum_up": 0.7518932253404585, "mu_down": 0.21676402104596879, "mu_up": 0.00036137499827127947}, "datetime": {"datetime": "2024-06-09 20:53:36", "elapsed": 78.516603, "delta": 0.832996}}
{"target": -2300.0, "params": {"momentum_down": 0.9728344198184745, "momentum_up": 0.726076663171826, "mu_down": 0.26557225083119584, "mu_up": 0.0007943914992137095}, "datetime": {"datetime": "2024-06-09 20:53:36", "elapsed": 78.608613, "delta": 0.09201}}
{"target": -562.2913346774802, "params": {"momentum_down": 0.56441578909822, "momentum_up": 0.7395352981096706, "mu_down": 0.19496380855500095, "mu_up": 0.0005921591009665644}, "datetime": {"datetime": "2024-06-09 20:53:38", "elapsed": 79.944872, "delta": 1.336259}}
{"target": -572.2946599592368, "params": {"momentum_down": 0.5866206334205556, "momentum_up": 0.7409089588073594, "mu_down": 0.20021133683769093, "mu_up": 0.00043365712251671764}, "datetime": {"datetime": "2024-06-09 20:53:39", "elapsed": 81.050197, "delta": 1.105325}}
{"target": -2016.513187519486, "params": {"momentum_down": 0.5672309301188746, "momentum_up": 0.7202355175415924, "mu_down": 0.17501998784296804, "mu_up": 1e-05}, "datetime": {"datetime": "2024-06-09 20:53:41", "elapsed": 83.422603, "delta": 2.372406}}
{"target": -2000.4188615456387, "params": {"momentum_down": 0.7093778266571782, "momentum_up": 0.4428153847093113, "mu_down": 0.052509986199709, "mu_up": 0.00019593544142670153}, "datetime": {"datetime": "2024-06-09 20:53:43", "elapsed": 85.56794, "delta": 2.145337}}
{"target": -512.2976715243078, "params": {"momentum_down": 0.5685542856132811, "momentum_up": 0.758298563034656, "mu_down": 0.20367790209517342, "mu_up": 0.0008058942824353488}, "datetime": {"datetime": "2024-06-09 20:53:44", "elapsed": 86.657129, "delta": 1.089189}}
{"target": -2300.0, "params": {"momentum_down": 0.10232102186268131, "momentum_up": 0.44205611261306765, "mu_down": 0.2702934777147098, "mu_up": 0.0007697666855512936}, "datetime": {"datetime": "2024-06-09 20:53:45", "elapsed": 87.022743, "delta": 0.365614}}
{"target": -733.1928823043571, "params": {"momentum_down": 0.8825197424660918, "momentum_up": 0.8708376153339621, "mu_down": 0.1361134816994802, "mu_up": 0.0001425528510997805}, "datetime": {"datetime": "2024-06-09 20:53:46", "elapsed": 87.75297, "delta": 0.730227}}
{"target": -1728.2986243703822, "params": {"momentum_down": 0.5978238519953585, "momentum_up": 0.7192203096613708, "mu_down": 0.18681893074396597, "mu_up": 0.00011720200582209467}, "datetime": {"datetime": "2024-06-09 20:53:47", "elapsed": 89.687397, "delta": 1.934427}}
{"target": -512.2854646283051, "params": {"momentum_down": 0.8078437844781421, "momentum_up": 0.9513824637094367, "mu_down": 0.0922350791389483, "mu_up": 0.00045256046985236623}, "datetime": {"datetime": "2024-06-09 20:53:48", "elapsed": 90.513069, "delta": 0.825672}}
{"target": -2300.0, "params": {"momentum_down": 0.4800195818592205, "momentum_up": 0.1039381382191897, "mu_down": 0.21846352420297616, "mu_up": 0.0005619249436760558}, "datetime": {"datetime": "2024-06-09 20:53:48", "elapsed": 90.713889, "delta": 0.20082}}
{"target": -2001.0977308502345, "params": {"momentum_down": 0.5602217185604439, "momentum_up": 0.3783366536189991, "mu_down": 0.0414893250497504, "mu_up": 0.0003698473742289259}, "datetime": {"datetime": "2024-06-09 20:53:50", "elapsed": 92.588908, "delta": 1.875019}}
{"target": -2300.0, "params": {"momentum_down": 0.1714841427524696, "momentum_up": 0.0214021691008657, "mu_down": 0.09300511007821352, "mu_up": 0.0006214752730438621}, "datetime": {"datetime": "2024-06-09 20:53:51", "elapsed": 93.011694, "delta": 0.422786}}
{"target": -542.2961409516406, "params": {"momentum_down": 0.5720087589538355, "momentum_up": 0.7462979438871449, "mu_down": 0.20379293893479494, "mu_up": 0.0005229561399161949}, "datetime": {"datetime": "2024-06-09 20:53:52", "elapsed": 93.888602, "delta": 0.876908}}
{"target": -1296.2990576305028, "params": {"momentum_down": 0.6982361290792387, "momentum_up": 0.49913598599340553, "mu_down": 0.10310289440491714, "mu_up": 0.00028694575768310824}, "datetime": {"datetime": "2024-06-09 20:53:53", "elapsed": 95.13843, "delta": 1.249828}}
{"target": -1256.298992798735, "params": {"momentum_down": 0.17551432597594321, "momentum_up": 0.7496307883602278, "mu_down": 0.1570542510280346, "mu_up": 0.0006648533754100011}, "datetime": {"datetime": "2024-06-09 20:53:54", "elapsed": 96.315164, "delta": 1.176734}}
{"target": -2030.141569299081, "params": {"momentum_down": 0.09368487884385657, "momentum_up": 0.5040033852577089, "mu_down": 0.01931399692124538, "mu_up": 0.0006814029671480651}, "datetime": {"datetime": "2024-06-09 20:53:56", "elapsed": 98.230293, "delta": 1.915129}}
{"target": -2001.7874551359735, "params": {"momentum_down": 0.6901060005289948, "momentum_up": 0.4770873940554069, "mu_down": 0.0322709436373968, "mu_up": 0.00014057185462254006}, "datetime": {"datetime": "2024-06-09 20:53:58", "elapsed": 100.152623, "delta": 1.92233}}
{"target": -2300.0, "params": {"momentum_down": 0.4798899698378693, "momentum_up": 0.4081339952929903, "mu_down": 0.21230265983789007, "mu_up": 0.0009683181439216115}, "datetime": {"datetime": "2024-06-09 20:53:58", "elapsed": 100.284851, "delta": 0.132228}}
