{"target": -2000.9019617820695, "params": {"momentum_down": 0.5001194728077804, "momentum_up": 0.6429722263708701, "mu_down": 0.1696353462681207, "mu_up": 9.34368309780207e-05}, "datetime": {"datetime": "2024-06-01 17:21:16", "elapsed": 2371.157589, "delta": 4.063111}}
{"target": -2300.0, "params": {"momentum_down": 0.952260920646544, "momentum_up": 0.9798942074754515, "mu_down": 0.113180075128057, "mu_up": 0.00031233744674896485}, "datetime": {"datetime": "2024-06-01 17:21:18", "elapsed": 2373.662074, "delta": 2.504485}}
{"target": -2002.257400722709, "params": {"momentum_down": 0.08571001320877422, "momentum_up": 0.881378954005561, "mu_down": 0.117521843852777, "mu_up": 0.0004023885539288909}, "datetime": {"datetime": "2024-06-01 17:21:21", "elapsed": 2376.20704, "delta": 2.544966}}
{"target": -2300.0, "params": {"momentum_down": 0.8864295664002708, "momentum_up": 0.7871401354979405, "mu_down": 0.09687670829313576, "mu_up": 0.00048114449494472596}, "datetime": {"datetime": "2024-06-01 17:21:22", "elapsed": 2376.958639, "delta": 0.751599}}
{"target": -2047.7947759077251, "params": {"momentum_down": 0.04030078521828896, "momentum_up": 0.2981629048484303, "mu_down": 0.03167669794090675, "mu_up": 4.512789335909576e-05}, "datetime": {"datetime": "2024-06-01 17:21:25", "elapsed": 2379.763823, "delta": 2.805184}}
{"target": -2004.4193084039218, "params": {"momentum_down": 0.43393178261422394, "momentum_up": 0.21797985515551957, "mu_down": 0.1312998757313104, "mu_up": 0.00010044029084281322}, "datetime": {"datetime": "2024-06-01 17:21:32", "elapsed": 2386.891114, "delta": 7.127291}}
{"target": -2023.8587764624467, "params": {"momentum_down": 0.24406389166521442, "momentum_up": 0.679498428750081, "mu_down": 0.030281512980841852, "mu_up": 0.00015255122790913352}, "datetime": {"datetime": "2024-06-01 17:21:38", "elapsed": 2393.511666, "delta": 6.620552}}
{"target": -2007.4855729814903, "params": {"momentum_down": 0.18333343911773337, "momentum_up": 0.6274459187395585, "mu_down": 0.06802352870928766, "mu_up": 0.0002253433765582438}, "datetime": {"datetime": "2024-06-01 17:21:41", "elapsed": 2395.965598, "delta": 2.453932}}
{"target": -2000.2144569005616, "params": {"momentum_down": 0.7028761203284347, "momentum_up": 0.40704706765247095, "mu_down": 0.10711080009007151, "mu_up": 0.00024794462661217734}, "datetime": {"datetime": "2024-06-01 17:21:46", "elapsed": 2401.040603, "delta": 5.075005}}
{"target": -2029.963498353833, "params": {"momentum_down": 0.5346171697821792, "momentum_up": 0.8059962737019152, "mu_down": 0.04497806380154284, "mu_up": 0.0003698482622602919}, "datetime": {"datetime": "2024-06-01 17:21:48", "elapsed": 2403.642226, "delta": 2.601623}}
{"target": -2000.2456131819301, "params": {"momentum_down": 0.23233438462305075, "momentum_up": 0.6120110744930118, "mu_down": 0.15231351743123403, "mu_up": 0.0004788120664673306}, "datetime": {"datetime": "2024-06-01 17:21:52", "elapsed": 2407.566993, "delta": 3.924767}}
{"target": -2016.8223946559783, "params": {"momentum_down": 0.4566852435386393, "momentum_up": 0.6114543071319846, "mu_down": 0.027161557295504114, "mu_up": 0.00042808383315637993}, "datetime": {"datetime": "2024-06-01 17:21:58", "elapsed": 2412.846966, "delta": 5.279973}}
{"target": -2000.0795240014158, "params": {"momentum_down": 0.4404368529699734, "momentum_up": 0.559727013431651, "mu_down": 0.19415537972796781, "mu_up": 0.00025440759853616015}, "datetime": {"datetime": "2024-06-01 17:22:07", "elapsed": 2422.585162, "delta": 9.738196}}
{"target": -2000.1797584169603, "params": {"momentum_down": 0.14379805658351713, "momentum_up": 0.5320333540518237, "mu_down": 0.19565199828362187, "mu_up": 0.00028215428701921965}, "datetime": {"datetime": "2024-06-01 17:22:16", "elapsed": 2431.315706, "delta": 8.730544}}
{"target": -2000.3055692754438, "params": {"momentum_down": 0.44159228655658134, "momentum_up": 0.5045975267622113, "mu_down": 0.15312218346394074, "mu_up": 0.00019868834585906123}, "datetime": {"datetime": "2024-06-01 17:22:23", "elapsed": 2438.12387, "delta": 6.808164}}
{"target": -2039.2747820863626, "params": {"momentum_down": 0.3320498450901713, "momentum_up": 0.4588728660567419, "mu_down": 0.01668961032900156, "mu_up": 0.0004601707053616581}, "datetime": {"datetime": "2024-06-01 17:22:30", "elapsed": 2445.12761, "delta": 7.00374}}
{"target": -2067.7391323071565, "params": {"momentum_down": 0.03700006893704782, "momentum_up": 0.11593776335500149, "mu_down": 0.01573023793567214, "mu_up": 0.0001652178923510153}, "datetime": {"datetime": "2024-06-01 17:22:33", "elapsed": 2448.060991, "delta": 2.933381}}
{"target": -2300.0, "params": {"momentum_down": 0.7933136420886422, "momentum_up": 0.048260204104128485, "mu_down": 0.19394067595331188, "mu_up": 0.00035556225812149154}, "datetime": {"datetime": "2024-06-01 17:22:34", "elapsed": 2448.755866, "delta": 0.694875}}
{"target": -2000.007696838651, "params": {"momentum_down": 0.5701769238659155, "momentum_up": 0.8826084880273583, "mu_down": 0.1478916176107877, "mu_up": 0.00018571150988244017}, "datetime": {"datetime": "2024-06-01 17:22:40", "elapsed": 2455.2914, "delta": 6.535534}}
{"target": -2001.4368483347032, "params": {"momentum_down": 0.08437548951881237, "momentum_up": 0.8558946733886583, "mu_down": 0.12475502200517666, "mu_up": 0.0002705271564085893}, "datetime": {"datetime": "2024-06-01 17:22:51", "elapsed": 2466.645518, "delta": 11.354118}}
{"target": -2018.2502546719088, "params": {"momentum_down": 0.3203621634922304, "momentum_up": 0.6914586852242957, "mu_down": 0.0321012912433394, "mu_up": 0.0004899610735270395}, "datetime": {"datetime": "2024-06-01 17:22:57", "elapsed": 2472.208912, "delta": 5.563394}}
{"target": -2000.7186383741994, "params": {"momentum_down": 0.10879327762473509, "momentum_up": 0.6500223182646566, "mu_down": 0.14401737435029502, "mu_up": 0.00025149318369577554}, "datetime": {"datetime": "2024-06-01 17:23:03", "elapsed": 2478.085718, "delta": 5.876806}}
{"target": -2001.0435645316054, "params": {"momentum_down": 0.011190825109104187, "momentum_up": 0.3507209414386615, "mu_down": 0.16277565751143197, "mu_up": 0.00025987488024299416}, "datetime": {"datetime": "2024-06-01 17:23:17", "elapsed": 2492.573916, "delta": 14.488198}}
{"target": -2025.2305014631736, "params": {"momentum_down": 0.2204489064921777, "momentum_up": 0.32835127430636485, "mu_down": 0.10674613745926159, "mu_up": 2.228582487009449e-05}, "datetime": {"datetime": "2024-06-01 17:23:24", "elapsed": 2499.203978, "delta": 6.630062}}
{"target": -2000.0161427379917, "params": {"momentum_down": 0.7315755840228942, "momentum_up": 0.5794646808267926, "mu_down": 0.1440080232515531, "mu_up": 0.0004930107453840921}, "datetime": {"datetime": "2024-06-01 17:23:28", "elapsed": 2502.817134, "delta": 3.613156}}
{"target": -2000.0743469002605, "params": {"momentum_down": 0.781100027054583, "momentum_up": 0.4256998807569909, "mu_down": 0.0930964447834539, "mu_up": 0.00032892779744163043}, "datetime": {"datetime": "2024-06-01 17:23:30", "elapsed": 2505.305462, "delta": 2.488328}}
{"target": -2006.8564090227433, "params": {"momentum_down": 0.3515041862499512, "momentum_up": 0.7341414688409769, "mu_down": 0.05500683850445698, "mu_up": 0.00023028053190438842}, "datetime": {"datetime": "2024-06-01 17:23:33", "elapsed": 2508.029001, "delta": 2.723539}}
{"target": -2000.087149520673, "params": {"momentum_down": 0.5167279097790481, "momentum_up": 0.5903389401548232, "mu_down": 0.14249559595102762, "mu_up": 0.0002453940205504503}, "datetime": {"datetime": "2024-06-01 17:23:35", "elapsed": 2510.747949, "delta": 2.718948}}
{"target": -2016.554909293524, "params": {"momentum_down": 0.4475586839480495, "momentum_up": 0.3810604865239825, "mu_down": 0.06988693137773308, "mu_up": 3.309332286880255e-05}, "datetime": {"datetime": "2024-06-01 17:23:39", "elapsed": 2514.56569, "delta": 3.817741}}
{"target": -2000.059306474182, "params": {"momentum_down": 0.419314970054451, "momentum_up": 0.895659985428293, "mu_down": 0.1415816154268928, "mu_up": 0.00015568500638246498}, "datetime": {"datetime": "2024-06-01 17:23:56", "elapsed": 2531.334306, "delta": 16.768616}}
{"target": -2000.1330545369815, "params": {"momentum_down": 0.4395886011848009, "momentum_up": 0.5545564135819001, "mu_down": 0.1952878340852005, "mu_up": 0.00021854708763369333}, "datetime": {"datetime": "2024-06-01 17:24:02", "elapsed": 2536.887269, "delta": 5.552963}}
{"target": -2000.1091591094826, "params": {"momentum_down": 0.460747554788724, "momentum_up": 0.8223005900960447, "mu_down": 0.13603270619109462, "mu_up": 0.00011228114286367969}, "datetime": {"datetime": "2024-06-01 17:24:09", "elapsed": 2544.05757, "delta": 7.170301}}
