{"target": -1575.0974132138217, "params": {"momentum_down": 0.8239117224291995, "momentum_up": 0.5125612811618947, "mu_down": 0.28597776848366385, "mu_up": 0.0003133047843113454}, "datetime": {"datetime": "2024-01-20 16:02:34", "elapsed": 2413.4096, "delta": 3.422904}}
{"target": -2300.0, "params": {"momentum_down": 0.7534215766661918, "momentum_up": 0.793810262686398, "mu_down": 0.21829466988445415, "mu_up": 0.000784775888919587}, "datetime": {"datetime": "2024-01-20 16:02:43", "elapsed": 2422.748111, "delta": 9.338511}}
{"target": -1474.08082552031, "params": {"momentum_down": 0.6928466457203442, "momentum_up": 0.7631673972883373, "mu_down": 0.1365365134340925, "mu_up": 0.0001850345858969455}, "datetime": {"datetime": "2024-01-20 16:02:46", "elapsed": 2425.822909, "delta": 3.074798}}
{"target": -868.1080308432752, "params": {"momentum_down": 0.5688061322099713, "momentum_up": 0.9145064476606974, "mu_down": 0.2610292861268821, "mu_up": 0.00012001594469849431}, "datetime": {"datetime": "2024-01-20 16:02:48", "elapsed": 2427.948997, "delta": 2.126088}}
{"target": -2300.0, "params": {"momentum_down": 0.7124344991172584, "momentum_up": 0.9106902103115789, "mu_down": 0.14062788000991183, "mu_up": 0.0008794151877298568}, "datetime": {"datetime": "2024-01-20 16:02:57", "elapsed": 2436.563025, "delta": 8.614028}}
{"target": -2300.0, "params": {"momentum_down": 0.8158462721099862, "momentum_up": 0.7419237090796837, "mu_down": 0.10551137051547566, "mu_up": 0.000910055058592889}, "datetime": {"datetime": "2024-01-20 16:03:09", "elapsed": 2448.312595, "delta": 11.74957}}
{"target": -2096.3301104580764, "params": {"momentum_down": 0.7281959582007519, "momentum_up": 0.8862143996987342, "mu_down": 0.03227318273212988, "mu_up": 0.00011441756042280294}, "datetime": {"datetime": "2024-01-20 16:03:12", "elapsed": 2451.826029, "delta": 3.513434}}
{"target": -686.1028175281947, "params": {"momentum_down": 0.906286801160733, "momentum_up": 0.8357208705776134, "mu_down": 0.1646667257151924, "mu_up": 0.0002824709412847663}, "datetime": {"datetime": "2024-01-20 16:03:15", "elapsed": 2454.360334, "delta": 2.534305}}
{"target": -848.0821583241967, "params": {"momentum_down": 0.7840394175651602, "momentum_up": 0.9332487413163093, "mu_down": 0.2274600704010187, "mu_up": 8.088942290026307e-05}, "datetime": {"datetime": "2024-01-20 16:03:26", "elapsed": 2465.084122, "delta": 10.723788}}
{"target": -2000.4683631419755, "params": {"momentum_down": 0.6770252643982555, "momentum_up": 0.6063340810659978, "mu_down": 0.16316230318979963, "mu_up": 0.00012241922801888973}, "datetime": {"datetime": "2024-01-20 16:03:29", "elapsed": 2468.569826, "delta": 3.485704}}
{"target": -2300.0, "params": {"momentum_down": 0.706165757523702, "momentum_up": 0.5531596917457261, "mu_down": 0.11858031644780133, "mu_up": 0.000804577572553921}, "datetime": {"datetime": "2024-01-20 16:03:31", "elapsed": 2470.318817, "delta": 1.748991}}
{"target": -2300.0, "params": {"momentum_down": 0.77429132753231, "momentum_up": 0.7870714726469676, "mu_down": 0.2603779054620158, "mu_up": 0.000921993788374279}, "datetime": {"datetime": "2024-01-20 16:03:38", "elapsed": 2477.744144, "delta": 7.425327}}
{"target": -868.0761110240073, "params": {"momentum_down": 0.7017996011262462, "momentum_up": 0.6732670835084152, "mu_down": 0.2647948268801516, "mu_up": 0.0004242607508503759}, "datetime": {"datetime": "2024-01-20 16:03:52", "elapsed": 2491.808453, "delta": 14.064309}}
{"target": -2300.0, "params": {"momentum_down": 0.6868990347520495, "momentum_up": 0.932994456300526, "mu_down": 0.25542336688972817, "mu_up": 0.0009282015639427252}, "datetime": {"datetime": "2024-01-20 16:04:08", "elapsed": 2507.670553, "delta": 15.8621}}
{"target": -2300.0, "params": {"momentum_down": 0.6941013184607219, "momentum_up": 0.7477654788468225, "mu_down": 0.021405690773460124, "mu_up": 0.0007036780807430164}, "datetime": {"datetime": "2024-01-20 16:04:10", "elapsed": 2509.478982, "delta": 1.808429}}
{"target": -2300.0, "params": {"momentum_down": 0.6925456484078569, "momentum_up": 0.8456315841484265, "mu_down": 0.2627899602280475, "mu_up": 0.0008996792532219689}, "datetime": {"datetime": "2024-01-20 16:04:11", "elapsed": 2510.954705, "delta": 1.475723}}
{"target": -2300.0, "params": {"momentum_down": 0.7975046892741022, "momentum_up": 0.7001052121874816, "mu_down": 0.2685580710427777, "mu_up": 0.0007967895721374222}, "datetime": {"datetime": "2024-01-20 16:04:13", "elapsed": 2512.422325, "delta": 1.46762}}
{"target": -525.1040403798802, "params": {"momentum_down": 0.7784153589914882, "momentum_up": 0.8707816469964411, "mu_down": 0.22171691572678542, "mu_up": 0.00029570180792924905}, "datetime": {"datetime": "2024-01-20 16:04:29", "elapsed": 2528.813725, "delta": 16.3914}}
{"target": -686.0785258021803, "params": {"momentum_down": 0.7784077190521503, "momentum_up": 0.896600413853196, "mu_down": 0.25506163849203284, "mu_up": 0.00016016755213353324}, "datetime": {"datetime": "2024-01-20 16:04:32", "elapsed": 2531.427564, "delta": 2.613839}}
{"target": -2300.0, "params": {"momentum_down": 0.7249557940431787, "momentum_up": 0.953446932504084, "mu_down": 0.023321550086001577, "mu_up": 0.00015146090129329782}, "datetime": {"datetime": "2024-01-20 16:04:40", "elapsed": 2539.001312, "delta": 7.573748}}
{"target": -1010.1434524949667, "params": {"momentum_down": 0.7115015410744131, "momentum_up": 0.9080445906604135, "mu_down": 0.13434601748085714, "mu_up": 0.0007154245692520896}, "datetime": {"datetime": "2024-01-20 16:04:52", "elapsed": 2551.408788, "delta": 12.407476}}
{"target": -2300.0, "params": {"momentum_down": 0.7514734753952931, "momentum_up": 0.9037979744480442, "mu_down": 0.1789719977644249, "mu_up": 0.0009266105871583105}, "datetime": {"datetime": "2024-01-20 16:05:01", "elapsed": 2560.778117, "delta": 9.369329}}
{"target": -707.0822183649312, "params": {"momentum_down": 0.7218723691217119, "momentum_up": 0.7794531589649116, "mu_down": 0.29013349813849104, "mu_up": 0.0003413356803414145}, "datetime": {"datetime": "2024-01-20 16:05:12", "elapsed": 2571.060044, "delta": 10.281927}}
{"target": -1555.082690057631, "params": {"momentum_down": 0.6905290076923067, "momentum_up": 0.6738178932173369, "mu_down": 0.24716725535757833, "mu_up": 0.0002186759416478172}, "datetime": {"datetime": "2024-01-20 16:05:15", "elapsed": 2574.064338, "delta": 3.004294}}
{"target": -2300.0, "params": {"momentum_down": 0.952118220506586, "momentum_up": 0.7328254367527303, "mu_down": 0.2607128039040828, "mu_up": 0.0008218103206344214}, "datetime": {"datetime": "2024-01-20 16:05:27", "elapsed": 2586.713202, "delta": 12.648864}}
{"target": -767.9113259466118, "params": {"momentum_down": 0.5883861228807802, "momentum_up": 0.8710927435567948, "mu_down": 0.166402949604663, "mu_up": 0.0004995253416431954}, "datetime": {"datetime": "2024-01-20 16:05:38", "elapsed": 2597.792733, "delta": 11.079531}}
{"target": -1818.1233470461887, "params": {"momentum_down": 0.6463460374100444, "momentum_up": 0.8169861370754321, "mu_down": 0.08935654861391, "mu_up": 0.00043220855029409535}, "datetime": {"datetime": "2024-01-20 16:05:42", "elapsed": 2601.163256, "delta": 3.370523}}
{"target": -2000.2925260687894, "params": {"momentum_down": 0.5230659881215718, "momentum_up": 0.9787586664557005, "mu_down": 0.28334105451119207, "mu_up": 0.0003629368659423601}, "datetime": {"datetime": "2024-01-20 16:05:45", "elapsed": 2604.821397, "delta": 3.658141}}
{"target": -1212.5580140358857, "params": {"momentum_down": 0.5928518033745729, "momentum_up": 0.5079328013603597, "mu_down": 0.11999527250943598, "mu_up": 0.0005697766924822995}, "datetime": {"datetime": "2024-01-20 16:05:54", "elapsed": 2613.482055, "delta": 8.660658}}
{"target": -2300.0, "params": {"momentum_down": 0.5650256913879348, "momentum_up": 0.7023608052067037, "mu_down": 0.2814519654241952, "mu_up": 0.0009661122666672584}, "datetime": {"datetime": "2024-01-20 16:05:56", "elapsed": 2615.341989, "delta": 1.859934}}
{"target": -1292.0914016758081, "params": {"momentum_down": 0.8749553145053195, "momentum_up": 0.7047900094535302, "mu_down": 0.25684964949109196, "mu_up": 0.0002263473563632091}, "datetime": {"datetime": "2024-01-20 16:05:59", "elapsed": 2618.491086, "delta": 3.149097}}
{"target": -1050.0773464828549, "params": {"momentum_down": 0.6635764444727549, "momentum_up": 0.8905598369161677, "mu_down": 0.287530858284667, "mu_up": 0.00011024754157775195}, "datetime": {"datetime": "2024-01-20 16:06:02", "elapsed": 2621.683847, "delta": 3.192761}}
{"target": -2000.0952722366483, "params": {"momentum_down": 0.5745616459521302, "momentum_up": 0.7329444984139403, "mu_down": 0.19754807853383813, "mu_up": 0.00013643226507517353}, "datetime": {"datetime": "2024-01-20 16:06:13", "elapsed": 2632.87993, "delta": 11.196083}}
{"target": -1152.0096818162158, "params": {"momentum_down": 0.5744853982368212, "momentum_up": 0.8727499527323743, "mu_down": 0.11335428314214245, "mu_up": 0.00023434848929493134}, "datetime": {"datetime": "2024-01-20 16:06:26", "elapsed": 2645.375772, "delta": 12.495842}}
{"target": -2000.0595142081277, "params": {"momentum_down": 0.6529738463080602, "momentum_up": 0.5442263819070211, "mu_down": 0.14429660533643407, "mu_up": 0.0005219515737826116}, "datetime": {"datetime": "2024-01-20 16:06:32", "elapsed": 2651.04373, "delta": 5.667958}}
{"target": -2003.1535512878534, "params": {"momentum_down": 0.6726571353181362, "momentum_up": 0.6046563352701653, "mu_down": 0.08405959202524796, "mu_up": 6.135734970314826e-05}, "datetime": {"datetime": "2024-01-20 16:06:51", "elapsed": 2670.986383, "delta": 19.942653}}
{"target": -2300.0, "params": {"momentum_down": 0.7365317161552193, "momentum_up": 0.8606464011550179, "mu_down": 0.21713354375265112, "mu_up": 0.0007013316366482705}, "datetime": {"datetime": "2024-01-20 16:06:54", "elapsed": 2673.62463, "delta": 2.638247}}
{"target": -2300.0, "params": {"momentum_down": 0.7172687229641429, "momentum_up": 0.7763995134328474, "mu_down": 0.2910094001814498, "mu_up": 0.000885700410719671}, "datetime": {"datetime": "2024-01-20 16:07:11", "elapsed": 2690.140122, "delta": 16.515492}}
{"target": -2300.0, "params": {"momentum_down": 0.7623314595656779, "momentum_up": 0.7079453564580319, "mu_down": 0.0887125189040515, "mu_up": 0.0008170521024750851}, "datetime": {"datetime": "2024-01-20 16:07:25", "elapsed": 2704.65723, "delta": 14.517108}}
{"target": -2300.0, "params": {"momentum_down": 0.6899730903130125, "momentum_up": 0.862813367479329, "mu_down": 0.045225562147088116, "mu_up": 0.0009223131118396805}, "datetime": {"datetime": "2024-01-20 16:07:28", "elapsed": 2707.089855, "delta": 2.432625}}
{"target": -2300.0, "params": {"momentum_down": 0.5437273845170532, "momentum_up": 0.819524856652253, "mu_down": 0.26922990730502827, "mu_up": 0.000991796640891433}, "datetime": {"datetime": "2024-01-20 16:07:30", "elapsed": 2709.340046, "delta": 2.250191}}
{"target": -2300.0, "params": {"momentum_down": 0.9806295774602156, "momentum_up": 0.6416787893788115, "mu_down": 0.04162189461250661, "mu_up": 0.0008625724566236025}, "datetime": {"datetime": "2024-01-20 16:07:32", "elapsed": 2711.804153, "delta": 2.464107}}
{"target": -2300.0, "params": {"momentum_down": 0.9874402582598737, "momentum_up": 0.8822158302701459, "mu_down": 0.2406284672380718, "mu_up": 0.000814382816144824}, "datetime": {"datetime": "2024-01-20 16:07:34", "elapsed": 2713.879355, "delta": 2.075202}}
{"target": -929.1414751425425, "params": {"momentum_down": 0.5711966793217462, "momentum_up": 0.9137493467797702, "mu_down": 0.22611979246614505, "mu_up": 0.00011286603743727768}, "datetime": {"datetime": "2024-01-20 16:07:51", "elapsed": 2730.786153, "delta": 16.906798}}
{"target": -2000.718968435419, "params": {"momentum_down": 0.6990016104400494, "momentum_up": 0.8041651453635119, "mu_down": 0.07705201238229138, "mu_up": 5.892218594696462e-05}, "datetime": {"datetime": "2024-01-20 16:08:13", "elapsed": 2752.676538, "delta": 21.890385}}
{"target": -1474.1590740128322, "params": {"momentum_down": 0.5171777471122266, "momentum_up": 0.9223082224412429, "mu_down": 0.15905312071456984, "mu_up": 0.0006886911627505451}, "datetime": {"datetime": "2024-01-20 16:08:17", "elapsed": 2756.570798, "delta": 3.89426}}
{"target": -969.9279206067877, "params": {"momentum_down": 0.572104259990928, "momentum_up": 0.8733112927080642, "mu_down": 0.1378041654776513, "mu_up": 0.000501853392654917}, "datetime": {"datetime": "2024-01-20 16:08:36", "elapsed": 2775.135291, "delta": 18.564493}}
{"target": -808.0803486971561, "params": {"momentum_down": 0.6394238762311275, "momentum_up": 0.7034193708257016, "mu_down": 0.29633357556117706, "mu_up": 0.0004212540671784423}, "datetime": {"datetime": "2024-01-20 16:08:39", "elapsed": 2778.343637, "delta": 3.208346}}
{"target": -2300.0, "params": {"momentum_down": 0.9165887108490336, "momentum_up": 0.5604653449591616, "mu_down": 0.2076653455923029, "mu_up": 0.0008227152166793314}, "datetime": {"datetime": "2024-01-20 16:08:41", "elapsed": 2780.365147, "delta": 2.02151}}
{"target": -2300.0, "params": {"momentum_down": 0.5374904327290441, "momentum_up": 0.8774704465843455, "mu_down": 0.06925824883576931, "mu_up": 0.000776071329350468}, "datetime": {"datetime": "2024-01-20 16:08:58", "elapsed": 2797.836699, "delta": 17.471552}}
{"target": -2300.0, "params": {"momentum_down": 0.846262311377068, "momentum_up": 0.8010045135032977, "mu_down": 0.04520305515101837, "mu_up": 0.0007622015813479906}, "datetime": {"datetime": "2024-01-20 16:09:03", "elapsed": 2802.116618, "delta": 4.279919}}
{"target": -1353.0794920880137, "params": {"momentum_down": 0.5073401039720182, "momentum_up": 0.5535178110936232, "mu_down": 0.25250926557710107, "mu_up": 0.00038095544250080064}, "datetime": {"datetime": "2024-01-20 16:09:07", "elapsed": 2806.814236, "delta": 4.697618}}
{"target": -525.9986782812845, "params": {"momentum_down": 0.5194151695130389, "momentum_up": 0.8070357406324091, "mu_down": 0.2829605770190864, "mu_up": 0.0005379648335716293}, "datetime": {"datetime": "2024-01-20 16:09:11", "elapsed": 2810.101171, "delta": 3.286935}}
{"target": -2300.0, "params": {"momentum_down": 0.9551144833852766, "momentum_up": 0.7837597544351745, "mu_down": 0.10319128622346692, "mu_up": 0.0007121333810485708}, "datetime": {"datetime": "2024-01-20 16:09:13", "elapsed": 2812.727696, "delta": 2.626525}}
{"target": -2300.0, "params": {"momentum_down": 0.8914134741386008, "momentum_up": 0.7127303890561538, "mu_down": 0.12373225770010876, "mu_up": 0.0009707622670783942}, "datetime": {"datetime": "2024-01-20 16:09:28", "elapsed": 2827.067909, "delta": 14.340213}}
{"target": -2300.0, "params": {"momentum_down": 0.7647198607735882, "momentum_up": 0.9261797743495586, "mu_down": 0.08377526110138415, "mu_up": 0.0007647383975090048}, "datetime": {"datetime": "2024-01-20 16:09:38", "elapsed": 2837.481306, "delta": 10.413397}}
{"target": -2000.8524958586802, "params": {"momentum_down": 0.8519600936344571, "momentum_up": 0.8384888301303053, "mu_down": 0.2943028143138862, "mu_up": 3.7302982436950094e-05}, "datetime": {"datetime": "2024-01-20 16:09:43", "elapsed": 2842.557268, "delta": 5.075962}}
{"target": -1111.0413886956258, "params": {"momentum_down": 0.7044517218586033, "momentum_up": 0.9801223766891771, "mu_down": 0.21464878157196196, "mu_up": 2.5974800878843128e-05}, "datetime": {"datetime": "2024-01-20 16:10:08", "elapsed": 2867.697602, "delta": 25.140334}}
{"target": -2300.0, "params": {"momentum_down": 0.5666683335396242, "momentum_up": 0.8416512628623716, "mu_down": 0.024797210454287497, "mu_up": 0.00043084913129156597}, "datetime": {"datetime": "2024-01-20 16:10:18", "elapsed": 2877.632376, "delta": 9.934774}}
{"target": -2300.0, "params": {"momentum_down": 0.9805007355042237, "momentum_up": 0.5911299157331056, "mu_down": 0.13990091368321872, "mu_up": 0.0007994887641347057}, "datetime": {"datetime": "2024-01-20 16:10:21", "elapsed": 2880.791852, "delta": 3.159476}}
{"target": -2300.0, "params": {"momentum_down": 0.6888297642305243, "momentum_up": 0.5179638974418804, "mu_down": 0.13538796401784356, "mu_up": 0.0007371467554291777}, "datetime": {"datetime": "2024-01-20 16:10:24", "elapsed": 2883.958892, "delta": 3.16704}}
{"target": -2300.0, "params": {"momentum_down": 0.9330700364544388, "momentum_up": 0.8880885002860189, "mu_down": 0.2800213899473379, "mu_up": 0.0007877312556554246}, "datetime": {"datetime": "2024-01-20 16:10:26", "elapsed": 2885.89351, "delta": 1.934618}}
{"target": -888.0770739821533, "params": {"momentum_down": 0.7382709168537873, "momentum_up": 0.8998934863443819, "mu_down": 0.28080249461844414, "mu_up": 0.00011915062137356208}, "datetime": {"datetime": "2024-01-20 16:11:03", "elapsed": 2922.772142, "delta": 36.878632}}
{"target": -2300.0, "params": {"momentum_down": 0.7810876834037876, "momentum_up": 0.9340684143070466, "mu_down": 0.22775323161370195, "mu_up": 0.0008812185288345416}, "datetime": {"datetime": "2024-01-20 16:11:29", "elapsed": 2948.474055, "delta": 25.701913}}
{"target": -585.2288825260766, "params": {"momentum_down": 0.7493510886412299, "momentum_up": 0.9045405848219616, "mu_down": 0.18007831111239733, "mu_up": 0.0005527193889928419}, "datetime": {"datetime": "2024-01-20 16:12:03", "elapsed": 2982.637977, "delta": 34.163922}}
{"target": -2300.0, "params": {"momentum_down": 0.9112745802830563, "momentum_up": 0.9476321359084751, "mu_down": 0.11659870301586733, "mu_up": 0.0005678310990470554}, "datetime": {"datetime": "2024-01-20 16:12:18", "elapsed": 2997.564905, "delta": 14.926928}}
{"target": -2300.0, "params": {"momentum_down": 0.716165258416634, "momentum_up": 0.6726294068053815, "mu_down": 0.030811595079272367, "mu_up": 0.0006922627494660018}, "datetime": {"datetime": "2024-01-20 16:12:21", "elapsed": 3000.52624, "delta": 2.961335}}
{"target": -2300.0, "params": {"momentum_down": 0.8376904563359377, "momentum_up": 0.7961064183282476, "mu_down": 0.2838905906204362, "mu_up": 0.0006923157988836573}, "datetime": {"datetime": "2024-01-20 16:12:23", "elapsed": 3002.9499, "delta": 2.42366}}
{"target": -929.0766699818489, "params": {"momentum_down": 0.7733233523307859, "momentum_up": 0.6088031796478761, "mu_down": 0.2847781798148184, "mu_up": 0.0004476063349853358}, "datetime": {"datetime": "2024-01-20 16:12:33", "elapsed": 3012.977119, "delta": 10.027219}}
{"target": -566.093452381913, "params": {"momentum_down": 0.5681588035020194, "momentum_up": 0.916534805306634, "mu_down": 0.22795669345119626, "mu_up": 0.00024389264500184523}, "datetime": {"datetime": "2024-01-20 16:12:54", "elapsed": 3033.645899, "delta": 20.66878}}
{"target": -2300.0, "params": {"momentum_down": 0.7892543611687692, "momentum_up": 0.7155559322468332, "mu_down": 0.042261737201544095, "mu_up": 0.0005174167382623106}, "datetime": {"datetime": "2024-01-20 16:12:58", "elapsed": 3037.118086, "delta": 3.472187}}
{"target": -2300.0, "params": {"momentum_down": 0.5238480584415165, "momentum_up": 0.8351402298807471, "mu_down": 0.08218035358881728, "mu_up": 0.000972193280860992}, "datetime": {"datetime": "2024-01-20 16:13:07", "elapsed": 3046.196775, "delta": 9.078689}}
{"target": -2300.0, "params": {"momentum_down": 0.7928759497679587, "momentum_up": 0.7220638681372566, "mu_down": 0.2050438140279095, "mu_up": 0.000907068404098824}, "datetime": {"datetime": "2024-01-20 16:13:09", "elapsed": 3048.598704, "delta": 2.401929}}
{"target": -2000.1850110921532, "params": {"momentum_down": 0.7491700069999022, "momentum_up": 0.9414716254801783, "mu_down": 0.13892225536346137, "mu_up": 0.0006587395574431982}, "datetime": {"datetime": "2024-01-20 16:13:14", "elapsed": 3053.838972, "delta": 5.240268}}
{"target": -2300.0, "params": {"momentum_down": 0.5627591043827306, "momentum_up": 0.6803540329658985, "mu_down": 0.25225809942864413, "mu_up": 0.0009100287409390161}, "datetime": {"datetime": "2024-01-20 16:13:17", "elapsed": 3056.229408, "delta": 2.390436}}
{"target": -828.2089125812895, "params": {"momentum_down": 0.510708958845929, "momentum_up": 0.8873022286319552, "mu_down": 0.26133640371040584, "mu_up": 0.0001761784772407088}, "datetime": {"datetime": "2024-01-20 16:13:41", "elapsed": 3080.387434, "delta": 24.158026}}
{"target": -2001.9348945123672, "params": {"momentum_down": 0.5115630517412711, "momentum_up": 0.7638050930619136, "mu_down": 0.06519575019752513, "mu_up": 0.00022587498124037323}, "datetime": {"datetime": "2024-01-20 16:13:44", "elapsed": 3083.814194, "delta": 3.42676}}
{"target": -2300.0, "params": {"momentum_down": 0.9822815687793273, "momentum_up": 0.5609504909384667, "mu_down": 0.2507179919702109, "mu_up": 0.0008969726489330005}, "datetime": {"datetime": "2024-01-20 16:13:59", "elapsed": 3098.072474, "delta": 14.25828}}
{"target": -2000.3372093523458, "params": {"momentum_down": 0.9157969298978827, "momentum_up": 0.6885289603219694, "mu_down": 0.07646100793856887, "mu_up": 9.958180206759431e-05}, "datetime": {"datetime": "2024-01-20 16:14:14", "elapsed": 3113.255739, "delta": 15.183265}}
{"target": -1313.0806567107727, "params": {"momentum_down": 0.5838123699759626, "momentum_up": 0.8882159127137541, "mu_down": 0.26159411486265627, "mu_up": 9.132202514779371e-05}, "datetime": {"datetime": "2024-01-20 16:14:16", "elapsed": 3115.626864, "delta": 2.371125}}
{"target": -1171.0960794784924, "params": {"momentum_down": 0.6651599273520182, "momentum_up": 0.9371717182846518, "mu_down": 0.17782017600167552, "mu_up": 0.0007232356373844634}, "datetime": {"datetime": "2024-01-20 16:14:26", "elapsed": 3125.354825, "delta": 9.727961}}
{"target": -1838.0962736168542, "params": {"momentum_down": 0.7568338401828723, "momentum_up": 0.7599159758976524, "mu_down": 0.23795270235985888, "mu_up": 0.00013288886845573336}, "datetime": {"datetime": "2024-01-20 16:14:32", "elapsed": 3131.086511, "delta": 5.731686}}
