{"target": -2000.1952399336633, "params": {"momentum_down": 0.11649632863527648, "momentum_up": 0.6487830920685843, "mu_down": 0.18977312113610784, "mu_up": 0.0004448299684712504}, "datetime": {"datetime": "2024-02-15 14:46:55", "elapsed": 511.429817, "delta": 4.64523}}
{"target": -2000.157967351571, "params": {"momentum_down": 0.5704073761332876, "momentum_up": 0.5107222969897647, "mu_down": 0.14677451414749276, "mu_up": 0.00023043858312625347}, "datetime": {"datetime": "2024-02-15 14:47:02", "elapsed": 518.307787, "delta": 6.87797}}
{"target": -2002.3711817243664, "params": {"momentum_down": 0.8342724678162229, "momentum_up": 0.6494175915668382, "mu_down": 0.16772930466410438, "mu_up": 5.677888929102686e-05}, "datetime": {"datetime": "2024-02-15 14:47:06", "elapsed": 522.179723, "delta": 3.871936}}
{"target": -2100.9951911196285, "params": {"momentum_down": 0.5051620082760635, "momentum_up": 0.037702503523477385, "mu_down": 0.0042332462813405415, "mu_up": 0.00016006505081306614}, "datetime": {"datetime": "2024-02-15 14:47:10", "elapsed": 525.956813, "delta": 3.77709}}
{"target": -2000.2584429799435, "params": {"momentum_down": 0.9304783253673895, "momentum_up": 0.6901226980115471, "mu_down": 0.16699492403989907, "mu_up": 0.00010901929184191521}, "datetime": {"datetime": "2024-02-15 14:47:14", "elapsed": 530.376037, "delta": 4.419224}}
{"target": -2047.6149574490717, "params": {"momentum_down": 0.4374937514558387, "momentum_up": 0.4622793455090951, "mu_down": 0.013888619990127872, "mu_up": 0.00016512301847852252}, "datetime": {"datetime": "2024-02-15 14:47:16", "elapsed": 532.685781, "delta": 2.309744}}
{"target": -2300.0, "params": {"momentum_down": 0.2146750546083913, "momentum_up": 0.9661439562955123, "mu_down": 0.044085565855048414, "mu_up": 0.0004677507953119642}, "datetime": {"datetime": "2024-02-15 14:47:17", "elapsed": 533.633631, "delta": 0.94785}}
{"target": -2300.0, "params": {"momentum_down": 0.9254305989126329, "momentum_up": 0.6785518234286686, "mu_down": 0.16085419541240767, "mu_up": 0.0003006024151615369}, "datetime": {"datetime": "2024-02-15 14:47:21", "elapsed": 537.227614, "delta": 3.593983}}
{"target": -2000.0398946012813, "params": {"momentum_down": 0.9229855524848835, "momentum_up": 0.6945191723410219, "mu_down": 0.17602693151324966, "mu_up": 0.00018040334740388364}, "datetime": {"datetime": "2024-02-15 14:47:26", "elapsed": 542.260472, "delta": 5.032858}}
{"target": -2300.0, "params": {"momentum_down": 0.9145850887838799, "momentum_up": 0.10567453548421657, "mu_down": 0.09674419966388809, "mu_up": 0.0004418566564484081}, "datetime": {"datetime": "2024-02-15 14:47:27", "elapsed": 542.806328, "delta": 0.545856}}
{"target": -2300.0, "params": {"momentum_down": 0.8436113446132814, "momentum_up": 0.924696788401129, "mu_down": 0.042660569123431524, "mu_up": 0.0004058716770593817}, "datetime": {"datetime": "2024-02-15 14:47:28", "elapsed": 543.991762, "delta": 1.185434}}
{"target": -2002.229211726726, "params": {"momentum_down": 0.3853687870410415, "momentum_up": 0.8692968791276138, "mu_down": 0.07718581954896142, "mu_up": 0.0002520568923615919}, "datetime": {"datetime": "2024-02-15 14:47:30", "elapsed": 546.363676, "delta": 2.371914}}
{"target": -2000.0738156402242, "params": {"momentum_down": 0.5764612577574088, "momentum_up": 0.5219011828034071, "mu_down": 0.15815188757096843, "mu_up": 0.00027784105644482703}, "datetime": {"datetime": "2024-02-15 14:47:34", "elapsed": 550.593519, "delta": 4.229843}}
{"target": -2000.0459542412157, "params": {"momentum_down": 0.9437744245048114, "momentum_up": 0.6892543921505093, "mu_down": 0.1778856412605796, "mu_up": 0.00017877330768757495}, "datetime": {"datetime": "2024-02-15 14:47:38", "elapsed": 554.302251, "delta": 3.708732}}
{"target": -2300.0, "params": {"momentum_down": 0.7104139811019633, "momentum_up": 0.9866039157500884, "mu_down": 0.04470568687196515, "mu_up": 6.88814318768402e-05}, "datetime": {"datetime": "2024-02-15 14:47:39", "elapsed": 555.609634, "delta": 1.307383}}
{"target": -2031.005106148336, "params": {"momentum_down": 0.9320503208046825, "momentum_up": 0.6589685383395488, "mu_down": 0.18746606986564573, "mu_up": 0.0002919647851144394}, "datetime": {"datetime": "2024-02-15 14:47:45", "elapsed": 560.800782, "delta": 5.191148}}
{"target": -2023.8210154912435, "params": {"momentum_down": 0.6957444560511097, "momentum_up": 0.5189366411449668, "mu_down": 0.06782121112133958, "mu_up": 1.5826295137122943e-05}, "datetime": {"datetime": "2024-02-15 14:47:49", "elapsed": 564.808457, "delta": 4.007675}}
{"target": -2001.179089192705, "params": {"momentum_down": 0.9244525185948472, "momentum_up": 0.35906150066607295, "mu_down": 0.1558057493914727, "mu_up": 0.00037883353085698963}, "datetime": {"datetime": "2024-02-15 14:47:52", "elapsed": 568.005579, "delta": 3.197122}}
{"target": -2030.5266247282186, "params": {"momentum_down": 0.580458657200887, "momentum_up": 0.9182434319512083, "mu_down": 0.029060591071952316, "mu_up": 5.629373136032683e-05}, "datetime": {"datetime": "2024-02-15 14:47:55", "elapsed": 571.351484, "delta": 3.345905}}
{"target": -2016.8482020826336, "params": {"momentum_down": 0.7297989696713781, "momentum_up": 0.22004934903933804, "mu_down": 0.015868286395603382, "mu_up": 0.0002943254861796819}, "datetime": {"datetime": "2024-02-15 14:47:58", "elapsed": 574.168576, "delta": 2.817092}}
{"target": -2000.0174469590727, "params": {"momentum_down": 0.567377759064496, "momentum_up": 0.5131011061951619, "mu_down": 0.16468401616287523, "mu_up": 0.0005}, "datetime": {"datetime": "2024-02-15 14:48:03", "elapsed": 578.946426, "delta": 4.77785}}
{"target": -2300.0, "params": {"momentum_down": 0.5382049677783456, "momentum_up": 0.9522254021014066, "mu_down": 0.0256992916040925, "mu_up": 0.0003935938928996027}, "datetime": {"datetime": "2024-02-15 14:48:03", "elapsed": 579.390844, "delta": 0.444418}}
{"target": -2000.0189247810347, "params": {"momentum_down": 0.5864382611600074, "momentum_up": 0.5149005149658374, "mu_down": 0.14671105516210223, "mu_up": 0.0005}, "datetime": {"datetime": "2024-02-15 14:48:08", "elapsed": 584.549795, "delta": 5.158951}}
{"target": -2003.6502048224258, "params": {"momentum_down": 0.792564527201172, "momentum_up": 0.30833528632595997, "mu_down": 0.023339575328098938, "mu_up": 0.00038353408044255175}, "datetime": {"datetime": "2024-02-15 14:48:12", "elapsed": 588.099853, "delta": 3.550058}}
{"target": -2000.0222885379542, "params": {"momentum_down": 0.5262099679037339, "momentum_up": 0.618073806254707, "mu_down": 0.151169851614952, "mu_up": 0.0004857560512467565}, "datetime": {"datetime": "2024-02-15 14:48:14", "elapsed": 590.311582, "delta": 2.211729}}
{"target": -2000.8306442616067, "params": {"momentum_down": 0.2376345869382911, "momentum_up": 0.6934960053501069, "mu_down": 0.18005981542262728, "mu_up": 9.187897641946746e-05}, "datetime": {"datetime": "2024-02-15 14:48:17", "elapsed": 593.531713, "delta": 3.220131}}
{"target": -2000.1261720810953, "params": {"momentum_down": 0.5087136418692708, "momentum_up": 0.8157621399095262, "mu_down": 0.11454672281714395, "mu_up": 0.00023589437884437135}, "datetime": {"datetime": "2024-02-15 14:48:19", "elapsed": 595.721792, "delta": 2.190079}}
{"target": -2005.4623644447065, "params": {"momentum_down": 0.16119671275360717, "momentum_up": 0.4368997575516714, "mu_down": 0.08276973600833935, "mu_up": 0.00027402987631246347}, "datetime": {"datetime": "2024-02-15 14:48:22", "elapsed": 598.606658, "delta": 2.884866}}
{"target": -2300.0, "params": {"momentum_down": 0.8691270948613434, "momentum_up": 0.9110062420926229, "mu_down": 0.05079584889957154, "mu_up": 0.00021362340017964826}, "datetime": {"datetime": "2024-02-15 14:48:24", "elapsed": 600.07603, "delta": 1.469372}}
{"target": -2004.3952576219344, "params": {"momentum_down": 0.8958646608404881, "momentum_up": 0.30513582516595794, "mu_down": 0.11789045618426551, "mu_up": 7.818483418482997e-05}, "datetime": {"datetime": "2024-02-15 14:48:27", "elapsed": 602.982038, "delta": 2.906008}}
{"target": -2000.2401524723907, "params": {"momentum_down": 0.5939103916473352, "momentum_up": 0.5058309475148782, "mu_down": 0.1611462693471304, "mu_up": 0.00019619038341998782}, "datetime": {"datetime": "2024-02-15 14:48:33", "elapsed": 608.844085, "delta": 5.862047}}
{"target": -2014.7429440474227, "params": {"momentum_down": 0.0708363694874507, "momentum_up": 0.04712606233213572, "mu_down": 0.11720921831497243, "mu_up": 6.573540876293272e-05}, "datetime": {"datetime": "2024-02-15 14:48:38", "elapsed": 613.87698, "delta": 5.032895}}
