{"target": -2300.0, "params": {"momentum_down": 0.7043407823042612, "momentum_up": 0.8529590017866575, "mu_down": 0.02003202494885657, "mu_up": 0.0003093092469055214}, "datetime": {"datetime": "2024-01-20 15:22:21", "elapsed": 0.0, "delta": 0.0}}
{"target": -1878.969578643981, "params": {"momentum_down": 0.5719103865003854, "momentum_up": 0.545245911436711, "mu_down": 0.07215285918574785, "mu_up": 0.0003521051197726173}, "datetime": {"datetime": "2024-01-20 15:22:22", "elapsed": 1.673907, "delta": 1.673907}}
{"target": -687.0366274874668, "params": {"momentum_down": 0.6944160623730282, "momentum_up": 0.7640201996616449, "mu_down": 0.13737446403292253, "mu_up": 0.000688367305392792}, "datetime": {"datetime": "2024-01-20 15:22:23", "elapsed": 2.238686, "delta": 0.564779}}
{"target": -2300.0, "params": {"momentum_down": 0.6001816023684435, "momentum_up": 0.9302775438315632, "mu_down": 0.027668526095419324, "mu_up": 0.0006737628350766183}, "datetime": {"datetime": "2024-01-20 15:22:23", "elapsed": 2.340311, "delta": 0.101625}}
{"target": -1595.9167346263894, "params": {"momentum_down": 0.7044793531598922, "momentum_up": 0.7737580159384183, "mu_down": 0.05930834280666546, "mu_up": 0.00020612047419403}, "datetime": {"datetime": "2024-01-20 15:22:24", "elapsed": 3.6445, "delta": 1.304189}}
{"target": -2300.0, "params": {"momentum_down": 0.892364838651013, "momentum_up": 0.9744481721025048, "mu_down": 0.10775876988458799, "mu_up": 0.0006953993895126209}, "datetime": {"datetime": "2024-01-20 15:22:24", "elapsed": 3.68049, "delta": 0.03599}}
{"target": -2300.0, "params": {"momentum_down": 0.9294306846250588, "momentum_up": 0.9383572651168852, "mu_down": 0.04381237918353781, "mu_up": 4.8664235400553536e-05}, "datetime": {"datetime": "2024-01-20 15:22:25", "elapsed": 4.235035, "delta": 0.554545}}
{"target": -2300.0, "params": {"momentum_down": 0.5832169055866387, "momentum_up": 0.9302898266804125, "mu_down": 0.047537113473254025, "mu_up": 0.0004268965487550017}, "datetime": {"datetime": "2024-01-20 15:22:25", "elapsed": 4.383671, "delta": 0.148636}}
{"target": -2300.0, "params": {"momentum_down": 0.969365869773746, "momentum_up": 0.7612509896367783, "mu_down": 0.21372559190613252, "mu_up": 0.00032236047469600234}, "datetime": {"datetime": "2024-01-20 15:22:25", "elapsed": 4.515188, "delta": 0.131517}}
{"target": -2300.0, "params": {"momentum_down": 0.836385454563976, "momentum_up": 0.9089665792297128, "mu_down": 0.025120717656373706, "mu_up": 0.0007526428717955178}, "datetime": {"datetime": "2024-01-20 15:22:25", "elapsed": 4.566806, "delta": 0.051618}}
{"target": -2300.0, "params": {"momentum_down": 0.9845419335641824, "momentum_up": 0.8666011706461213, "mu_down": 0.09852431777803344, "mu_up": 0.0007913865351669736}, "datetime": {"datetime": "2024-01-20 15:22:25", "elapsed": 4.585149, "delta": 0.018343}}
{"target": -1090.0770608302603, "params": {"momentum_down": 0.5505807432230446, "momentum_up": 0.7194678278261936, "mu_down": 0.27440674086606676, "mu_up": 0.00030067800688994274}, "datetime": {"datetime": "2024-01-20 15:22:26", "elapsed": 5.470156, "delta": 0.885007}}
{"target": -2010.6343658044723, "params": {"momentum_down": 0.6410099159073108, "momentum_up": 0.563714000337956, "mu_down": 0.02542274820368318, "mu_up": 0.000682047177610492}, "datetime": {"datetime": "2024-01-20 15:22:28", "elapsed": 7.188765, "delta": 1.718609}}
{"target": -2002.3489845115664, "params": {"momentum_down": 0.6036977768400289, "momentum_up": 0.6301178630923908, "mu_down": 0.1576404845984947, "mu_up": 6.282891966590958e-05}, "datetime": {"datetime": "2024-01-20 15:22:29", "elapsed": 8.991013, "delta": 1.802248}}
{"target": -2300.0, "params": {"momentum_down": 0.7813176266910864, "momentum_up": 0.5718970017038469, "mu_down": 0.18500555033291957, "mu_up": 0.0007027607764207219}, "datetime": {"datetime": "2024-01-20 15:22:30", "elapsed": 9.026693, "delta": 0.03568}}
{"target": -949.1994767797058, "params": {"momentum_down": 0.5501438701256347, "momentum_up": 0.7028874340315885, "mu_down": 0.2144320441637686, "mu_up": 0.00042003747683163364}, "datetime": {"datetime": "2024-01-20 15:22:30", "elapsed": 9.80234, "delta": 0.775647}}
{"target": -728.0135463686269, "params": {"momentum_down": 0.5244771948835827, "momentum_up": 0.7625892388986006, "mu_down": 0.20586250066154083, "mu_up": 0.0005197402209377255}, "datetime": {"datetime": "2024-01-20 15:22:31", "elapsed": 10.391631, "delta": 0.589291}}
{"target": -2000.1141035508867, "params": {"momentum_down": 0.9628514304354985, "momentum_up": 0.7874119698459765, "mu_down": 0.2729525362806074, "mu_up": 0.00014609995710477514}, "datetime": {"datetime": "2024-01-20 15:22:33", "elapsed": 12.029698, "delta": 1.638067}}
{"target": -990.0940625132375, "params": {"momentum_down": 0.5682454101528717, "momentum_up": 0.8956217314676667, "mu_down": 0.13134951435594938, "mu_up": 0.00017370065514576345}, "datetime": {"datetime": "2024-01-20 15:22:33", "elapsed": 12.833924, "delta": 0.804226}}
{"target": -2300.0, "params": {"momentum_down": 0.9544792043940566, "momentum_up": 0.6704052712752981, "mu_down": 0.23022738887812352, "mu_up": 0.000728738005496947}, "datetime": {"datetime": "2024-01-20 15:22:33", "elapsed": 12.852032, "delta": 0.018108}}
{"target": -2000.0655507099186, "params": {"momentum_down": 0.9328199846908468, "momentum_up": 0.8055993814572484, "mu_down": 0.23026388152765437, "mu_up": 0.00035540935855806415}, "datetime": {"datetime": "2024-01-20 15:22:35", "elapsed": 14.462654, "delta": 1.610622}}
{"target": -2300.0, "params": {"momentum_down": 0.6322646669648628, "momentum_up": 0.9389842469160727, "mu_down": 0.13986553316396255, "mu_up": 0.0009651916466769017}, "datetime": {"datetime": "2024-01-20 15:22:35", "elapsed": 14.530223, "delta": 0.067569}}
{"target": -2300.0, "params": {"momentum_down": 0.8250863339310395, "momentum_up": 0.8046309029024696, "mu_down": 0.052128872426945055, "mu_up": 0.0009499943661200005}, "datetime": {"datetime": "2024-01-20 15:22:35", "elapsed": 14.565012, "delta": 0.034789}}
{"target": -1111.1045932679913, "params": {"momentum_down": 0.7204569454051708, "momentum_up": 0.7834109110496945, "mu_down": 0.13427830477315872, "mu_up": 0.00024465671044059746}, "datetime": {"datetime": "2024-01-20 15:22:36", "elapsed": 15.466561, "delta": 0.901549}}
{"target": -2300.0, "params": {"momentum_down": 0.9426559650755044, "momentum_up": 0.7811029484694201, "mu_down": 0.02080369156872451, "mu_up": 0.0006209734644845166}, "datetime": {"datetime": "2024-01-20 15:22:36", "elapsed": 15.518619, "delta": 0.052058}}
{"target": -787.0815023314401, "params": {"momentum_down": 0.6600560018683271, "momentum_up": 0.7582584701062285, "mu_down": 0.26806378780701684, "mu_up": 0.0003636970624024748}, "datetime": {"datetime": "2024-01-20 15:22:37", "elapsed": 16.171596, "delta": 0.652977}}
{"target": -2300.0, "params": {"momentum_down": 0.9451822239507016, "momentum_up": 0.8054464567379833, "mu_down": 0.02442994799703576, "mu_up": 0.0009301428614063237}, "datetime": {"datetime": "2024-01-20 15:22:37", "elapsed": 16.206344, "delta": 0.034748}}
{"target": -2300.0, "params": {"momentum_down": 0.8385394895832927, "momentum_up": 0.9886881967212254, "mu_down": 0.06825534233669199, "mu_up": 0.00014576439213258898}, "datetime": {"datetime": "2024-01-20 15:22:37", "elapsed": 16.494638, "delta": 0.288294}}
{"target": -2300.0, "params": {"momentum_down": 0.9569717768882101, "momentum_up": 0.841440899130051, "mu_down": 0.0384800483621775, "mu_up": 0.0007579084220764418}, "datetime": {"datetime": "2024-01-20 15:22:37", "elapsed": 16.5303, "delta": 0.035662}}
{"target": -505.0642891684808, "params": {"momentum_down": 0.8693993323460107, "momentum_up": 0.9522820224177768, "mu_down": 0.21922693241597205, "mu_up": 0.00013302825235244305}, "datetime": {"datetime": "2024-01-20 15:22:37", "elapsed": 16.959792, "delta": 0.429492}}
{"target": -2016.874208561831, "params": {"momentum_down": 0.5097412655814998, "momentum_up": 0.5128433835700824, "mu_down": 0.027925816645822492, "mu_up": 0.0002537489569270155}, "datetime": {"datetime": "2024-01-20 15:22:39", "elapsed": 18.686196, "delta": 1.726404}}
{"target": -2300.0, "params": {"momentum_down": 0.9214136948546151, "momentum_up": 0.7640272215274099, "mu_down": 0.17479015403201442, "mu_up": 0.0008436105834360096}, "datetime": {"datetime": "2024-01-20 15:22:39", "elapsed": 18.705376, "delta": 0.01918}}
{"target": -2300.0, "params": {"momentum_down": 0.5608449244087564, "momentum_up": 0.6368000027154583, "mu_down": 0.18401259600832057, "mu_up": 0.0009698997908364778}, "datetime": {"datetime": "2024-01-20 15:22:39", "elapsed": 18.740775, "delta": 0.035399}}
{"target": -2000.115110128881, "params": {"momentum_down": 0.7749048074352979, "momentum_up": 0.5091371717927421, "mu_down": 0.24417714835057253, "mu_up": 0.00024064453110261022}, "datetime": {"datetime": "2024-01-20 15:22:41", "elapsed": 20.454539, "delta": 1.713764}}
{"target": -2300.0, "params": {"momentum_down": 0.8954815458532017, "momentum_up": 0.6900517155914442, "mu_down": 0.26179171927664, "mu_up": 0.0007496504263098128}, "datetime": {"datetime": "2024-01-20 15:22:41", "elapsed": 20.473854, "delta": 0.019315}}
{"target": -2001.7682350030645, "params": {"momentum_down": 0.7725577146553053, "momentum_up": 0.5668630605737357, "mu_down": 0.036776953063419264, "mu_up": 0.00013013002118332997}, "datetime": {"datetime": "2024-01-20 15:22:43", "elapsed": 22.140323, "delta": 1.666469}}
{"target": -1797.9864786552353, "params": {"momentum_down": 0.5218304204869333, "momentum_up": 0.5526721232619856, "mu_down": 0.08319861481019931, "mu_up": 0.0007158590905788499}, "datetime": {"datetime": "2024-01-20 15:22:44", "elapsed": 23.646899, "delta": 1.506576}}
{"target": -2300.0, "params": {"momentum_down": 0.7742613212065298, "momentum_up": 0.5061524302779667, "mu_down": 0.04015279831305629, "mu_up": 0.0009676035667002693}, "datetime": {"datetime": "2024-01-20 15:22:44", "elapsed": 23.830918, "delta": 0.184019}}
{"target": -2300.0, "params": {"momentum_down": 0.7783692263407717, "momentum_up": 0.5996136849838853, "mu_down": 0.09065120847969055, "mu_up": 0.000746387595534342}, "datetime": {"datetime": "2024-01-20 15:22:44", "elapsed": 23.898666, "delta": 0.067748}}
{"target": -2300.0, "params": {"momentum_down": 0.5957604457435662, "momentum_up": 0.7848658743638963, "mu_down": 0.29160559694472743, "mu_up": 0.000848360513475135}, "datetime": {"datetime": "2024-01-20 15:22:45", "elapsed": 24.066562, "delta": 0.167896}}
{"target": -2300.0, "params": {"momentum_down": 0.5292432151906029, "momentum_up": 0.9133985937653413, "mu_down": 0.0221615596755539, "mu_up": 0.00017024232487056925}, "datetime": {"datetime": "2024-01-20 15:22:45", "elapsed": 24.800104, "delta": 0.733542}}
{"target": -2300.0, "params": {"momentum_down": 0.9488988495674068, "momentum_up": 0.6799383935845261, "mu_down": 0.21321456669937505, "mu_up": 0.0008033086674161157}, "datetime": {"datetime": "2024-01-20 15:22:45", "elapsed": 24.981104, "delta": 0.181}}
{"target": -1212.1231706897513, "params": {"momentum_down": 0.6560222853853478, "momentum_up": 0.824898791774549, "mu_down": 0.1455491597720968, "mu_up": 0.00018048315316715398}, "datetime": {"datetime": "2024-01-20 15:22:47", "elapsed": 26.283986, "delta": 1.302882}}
{"target": -2017.2962698879974, "params": {"momentum_down": 0.6603684194762437, "momentum_up": 0.7392766957808866, "mu_down": 0.19939373138727104, "mu_up": 1e-05}, "datetime": {"datetime": "2024-01-20 15:22:49", "elapsed": 28.610647, "delta": 2.326661}}
{"target": -1151.1473076724362, "params": {"momentum_down": 0.527286487138698, "momentum_up": 0.7631685846068716, "mu_down": 0.19941899247873218, "mu_up": 0.00027007859148395685}, "datetime": {"datetime": "2024-01-20 15:22:50", "elapsed": 29.983213, "delta": 1.372566}}
{"target": -2300.0, "params": {"momentum_down": 0.7006640563525017, "momentum_up": 0.5599256387504358, "mu_down": 0.22439485214105187, "mu_up": 0.0008694051413902998}, "datetime": {"datetime": "2024-01-20 15:22:51", "elapsed": 30.162587, "delta": 0.179374}}
{"target": -767.0793324094941, "params": {"momentum_down": 0.8344362088699421, "momentum_up": 0.8820306680844153, "mu_down": 0.29272286377409856, "mu_up": 0.00015614715027566123}, "datetime": {"datetime": "2024-01-20 15:22:52", "elapsed": 31.056935, "delta": 0.894348}}
{"target": -2300.0, "params": {"momentum_down": 0.6848663485113875, "momentum_up": 0.6473631335432956, "mu_down": 0.13625637041263355, "mu_up": 0.0008327397305508253}, "datetime": {"datetime": "2024-01-20 15:22:52", "elapsed": 31.237028, "delta": 0.180093}}
{"target": -606.114217877396, "params": {"momentum_down": 0.785041948637553, "momentum_up": 0.8400576889938078, "mu_down": 0.18061106594534576, "mu_up": 0.00033579518188947896}, "datetime": {"datetime": "2024-01-20 15:22:53", "elapsed": 32.001414, "delta": 0.764386}}
{"target": -888.6022396350571, "params": {"momentum_down": 0.6407980879151083, "momentum_up": 0.8914837368933464, "mu_down": 0.1386049927552199, "mu_up": 0.0005585393687082883}, "datetime": {"datetime": "2024-01-20 15:22:54", "elapsed": 33.020659, "delta": 1.019245}}
{"target": -989.1247731197021, "params": {"momentum_down": 0.5310138412949401, "momentum_up": 0.7459609717159623, "mu_down": 0.24122351666351194, "mu_up": 0.0003298053553722967}, "datetime": {"datetime": "2024-01-20 15:22:55", "elapsed": 34.576318, "delta": 1.555659}}
{"target": -2300.0, "params": {"momentum_down": 0.5, "momentum_up": 0.7628556567592569, "mu_down": 0.22249242600529828, "mu_up": 0.001}, "datetime": {"datetime": "2024-01-20 15:22:56", "elapsed": 35.286349, "delta": 0.710031}}
{"target": -2300.0, "params": {"momentum_down": 0.9282058964024351, "momentum_up": 0.8752746590389082, "mu_down": 0.12887514856878246, "mu_up": 0.0008762341705930487}, "datetime": {"datetime": "2024-01-20 15:22:56", "elapsed": 35.464815, "delta": 0.178466}}
{"target": -2300.0, "params": {"momentum_down": 0.5362010137237534, "momentum_up": 0.7488893586374783, "mu_down": 0.2170672670163081, "mu_up": 0.001}, "datetime": {"datetime": "2024-01-20 15:22:57", "elapsed": 36.244087, "delta": 0.779272}}
{"target": -2300.0, "params": {"momentum_down": 0.8948792824899403, "momentum_up": 0.9635969116449294, "mu_down": 0.134921988368848, "mu_up": 0.0008991495317023229}, "datetime": {"datetime": "2024-01-20 15:22:57", "elapsed": 36.388691, "delta": 0.144604}}
{"target": -525.1489194101199, "params": {"momentum_down": 0.8747222637956883, "momentum_up": 0.9474166453741713, "mu_down": 0.2182909377651441, "mu_up": 0.00013666622714775495}, "datetime": {"datetime": "2024-01-20 15:22:58", "elapsed": 37.579793, "delta": 1.191102}}
{"target": -707.0801524219146, "params": {"momentum_down": 0.8683602404315126, "momentum_up": 0.9447568804483893, "mu_down": 0.22647310255804423, "mu_up": 9.895384563170614e-05}, "datetime": {"datetime": "2024-01-20 15:23:00", "elapsed": 39.0252, "delta": 1.445407}}
{"target": -2300.0, "params": {"momentum_down": 0.9646181367761553, "momentum_up": 0.886889203335604, "mu_down": 0.18130981823196496, "mu_up": 0.0006016982689794511}, "datetime": {"datetime": "2024-01-20 15:23:00", "elapsed": 39.200253, "delta": 0.175053}}
{"target": -484.0524688998777, "params": {"momentum_down": 0.8645927240205324, "momentum_up": 0.943424351822887, "mu_down": 0.2126440679777282, "mu_up": 0.00015948825881966533}, "datetime": {"datetime": "2024-01-20 15:23:01", "elapsed": 40.682734, "delta": 1.482481}}
{"target": -2300.0, "params": {"momentum_down": 0.8711695503581566, "momentum_up": 0.9527513855119943, "mu_down": 0.20371997857780677, "mu_up": 0.001}, "datetime": {"datetime": "2024-01-20 15:23:02", "elapsed": 41.797449, "delta": 1.114715}}
{"target": -2300.0, "params": {"momentum_down": 0.6692192877196379, "momentum_up": 0.5251350894676197, "mu_down": 0.027729579144172272, "mu_up": 0.0007498157301861055}, "datetime": {"datetime": "2024-01-20 15:23:04", "elapsed": 43.783245, "delta": 1.985796}}
{"target": -2000.373153296965, "params": {"momentum_down": 0.8640930754862259, "momentum_up": 0.9507321370158681, "mu_down": 0.21812943995246306, "mu_up": 0.0003990455979886495}, "datetime": {"datetime": "2024-01-20 15:23:07", "elapsed": 46.044283, "delta": 2.261038}}
{"target": -2000.0270621624202, "params": {"momentum_down": 0.7862957468541479, "momentum_up": 0.8355685011594756, "mu_down": 0.18069033302361326, "mu_up": 0.0005782282974713004}, "datetime": {"datetime": "2024-01-20 15:23:09", "elapsed": 48.362974, "delta": 2.318691}}
{"target": -1980.0177533651838, "params": {"momentum_down": 0.611864569639952, "momentum_up": 0.5303417534698479, "mu_down": 0.06115276431178118, "mu_up": 0.000585274871179258}, "datetime": {"datetime": "2024-01-20 15:23:11", "elapsed": 50.216997, "delta": 1.854023}}
{"target": -2300.0, "params": {"momentum_down": 0.6540417697272338, "momentum_up": 0.789282685468852, "mu_down": 0.07148268299709014, "mu_up": 0.000691167774669122}, "datetime": {"datetime": "2024-01-20 15:23:11", "elapsed": 50.658351, "delta": 0.441354}}
{"target": -2000.0628726645784, "params": {"momentum_down": 0.5095588362389232, "momentum_up": 0.5064849802411975, "mu_down": 0.17942559116571669, "mu_up": 0.0005663058807642035}, "datetime": {"datetime": "2024-01-20 15:23:14", "elapsed": 53.058033, "delta": 2.399682}}
{"target": -2300.0, "params": {"momentum_down": 0.6252410010029834, "momentum_up": 0.6534678703044186, "mu_down": 0.2609745621321757, "mu_up": 0.0008877463641810608}, "datetime": {"datetime": "2024-01-20 15:23:14", "elapsed": 53.266341, "delta": 0.208308}}
{"target": -2000.7461990213976, "params": {"momentum_down": 0.8685920022445199, "momentum_up": 0.9524565798560283, "mu_down": 0.22346733922552492, "mu_up": 0.0005513077549823614}, "datetime": {"datetime": "2024-01-20 15:23:18", "elapsed": 57.058276, "delta": 3.791935}}
{"target": -1717.0936850090695, "params": {"momentum_down": 0.880105988021933, "momentum_up": 0.719466120563995, "mu_down": 0.2065381478158129, "mu_up": 0.00016058406469162396}, "datetime": {"datetime": "2024-01-20 15:23:20", "elapsed": 59.761741, "delta": 2.703465}}
{"target": -2300.0, "params": {"momentum_down": 0.7232540744694155, "momentum_up": 0.646572115186208, "mu_down": 0.12584540771498093, "mu_up": 0.0007497225348473364}, "datetime": {"datetime": "2024-01-20 15:23:21", "elapsed": 60.40064, "delta": 0.638899}}
{"target": -2300.0, "params": {"momentum_down": 0.9069634439821603, "momentum_up": 0.5876180030172973, "mu_down": 0.03041577384618661, "mu_up": 0.000394058539953633}, "datetime": {"datetime": "2024-01-20 15:23:21", "elapsed": 60.833448, "delta": 0.432808}}
{"target": -2300.0, "params": {"momentum_down": 0.6342386860350537, "momentum_up": 0.7799289564156666, "mu_down": 0.060002398914388314, "mu_up": 0.0005340144627591013}, "datetime": {"datetime": "2024-01-20 15:23:22", "elapsed": 61.745692, "delta": 0.912244}}
{"target": -2000.1972835506872, "params": {"momentum_down": 0.8523121439505825, "momentum_up": 0.8881396976877118, "mu_down": 0.28349390099909316, "mu_up": 4.245800031512837e-05}, "datetime": {"datetime": "2024-01-20 15:23:24", "elapsed": 63.860724, "delta": 2.115032}}
{"target": -1535.5344088495633, "params": {"momentum_down": 0.7059572137488647, "momentum_up": 0.5390547501086915, "mu_down": 0.06936441224165299, "mu_up": 0.0004253969781152617}, "datetime": {"datetime": "2024-01-20 15:23:26", "elapsed": 65.751517, "delta": 1.890793}}
{"target": -1636.0826568517261, "params": {"momentum_down": 0.7747291890396272, "momentum_up": 0.6899645527378568, "mu_down": 0.13444417196511244, "mu_up": 0.00020109827294650926}, "datetime": {"datetime": "2024-01-20 15:23:32", "elapsed": 71.452296, "delta": 5.700779}}
{"target": -2001.4945652076083, "params": {"momentum_down": 0.664185937379513, "momentum_up": 0.6018277956126052, "mu_down": 0.06496544313856639, "mu_up": 0.0001042506738716819}, "datetime": {"datetime": "2024-01-20 15:23:35", "elapsed": 74.78681, "delta": 3.334514}}
{"target": -2003.523090304177, "params": {"momentum_down": 0.7754840378316028, "momentum_up": 0.6339463820863555, "mu_down": 0.2731887889067626, "mu_up": 4.628031058708452e-05}, "datetime": {"datetime": "2024-01-20 15:23:38", "elapsed": 77.09625, "delta": 2.30944}}
{"target": -848.0917898071473, "params": {"momentum_down": 0.8943950014595536, "momentum_up": 0.8886583870551696, "mu_down": 0.2373842812750972, "mu_up": 0.0001297232527036134}, "datetime": {"datetime": "2024-01-20 15:23:39", "elapsed": 78.315847, "delta": 1.219597}}
{"target": -2300.0, "params": {"momentum_down": 0.9696537268210748, "momentum_up": 0.6401276268983696, "mu_down": 0.13973371086341, "mu_up": 0.0009731667510091482}, "datetime": {"datetime": "2024-01-20 15:23:39", "elapsed": 78.615988, "delta": 0.300141}}
{"target": -1070.0794475409682, "params": {"momentum_down": 0.5224143597021639, "momentum_up": 0.6149773572941869, "mu_down": 0.2850332419345042, "mu_up": 0.00042838666701945833}, "datetime": {"datetime": "2024-01-20 15:23:41", "elapsed": 80.3257, "delta": 1.709712}}
{"target": -2009.733228615128, "params": {"momentum_down": 0.5486757235270766, "momentum_up": 0.5658078970355275, "mu_down": 0.03347895813986762, "mu_up": 0.0005071477010590662}, "datetime": {"datetime": "2024-01-20 15:23:44", "elapsed": 83.533628, "delta": 3.207928}}
{"target": -1232.08248882458, "params": {"momentum_down": 0.8703252447749532, "momentum_up": 0.8294889424681394, "mu_down": 0.11565007596355675, "mu_up": 0.00014444995532819}, "datetime": {"datetime": "2024-01-20 15:23:46", "elapsed": 85.202048, "delta": 1.66842}}
{"target": -464.1440578065425, "params": {"momentum_down": 0.7797822388493894, "momentum_up": 0.8721491721382068, "mu_down": 0.22231308630957086, "mu_up": 0.00036137499827127947}, "datetime": {"datetime": "2024-01-20 15:23:47", "elapsed": 86.177538, "delta": 0.97549}}
