{"target": -2002.2852496865112, "params": {"mu_down": 0.08340440094051481, "mu_up": 0.00036295900178665746}, "datetime": {"datetime": "2024-07-11 23:37:31", "elapsed": 0.0, "delta": 0.0}}
{"target": -2271.9972134403215, "params": {"mu_down": 2.2874963468977327e-05, "mu_up": 0.0001581429605896015}, "datetime": {"datetime": "2024-07-11 23:37:34", "elapsed": 2.269597, "delta": 2.269597}}
{"target": -2038.6643778315663, "params": {"mu_down": 0.02935117816342261, "mu_up": 5.524591143671092e-05}, "datetime": {"datetime": "2024-07-11 23:37:36", "elapsed": 4.614895, "delta": 2.345298}}
{"target": -2018.697831017938, "params": {"mu_down": 0.037252042275534185, "mu_up": 0.0001793247562510934}, "datetime": {"datetime": "2024-07-11 23:37:38", "elapsed": 6.898583, "delta": 2.283688}}
{"target": -2003.346417108595, "params": {"mu_down": 0.07935349484613399, "mu_up": 0.00027402019966164495}, "datetime": {"datetime": "2024-07-11 23:37:40", "elapsed": 9.161125, "delta": 2.262542}}
{"target": -2002.328526019217, "params": {"mu_down": 0.08383890288065897, "mu_up": 0.0003457575551944122}, "datetime": {"datetime": "2024-07-11 23:37:43", "elapsed": 11.447337, "delta": 2.286212}}
{"target": -2012.8585994965474, "params": {"mu_down": 0.04089044994630349, "mu_up": 0.00044027754383156326}, "datetime": {"datetime": "2024-07-11 23:37:45", "elapsed": 13.729966, "delta": 2.282629}}
{"target": -2094.420776100971, "params": {"mu_down": 0.005477518639585233, "mu_up": 0.0003385290799874171}, "datetime": {"datetime": "2024-07-11 23:37:47", "elapsed": 15.992721, "delta": 2.262755}}
{"target": -2002.8432836734166, "params": {"mu_down": 0.0834609604734254, "mu_up": 0.00028375801593841834}, "datetime": {"datetime": "2024-07-11 23:37:49", "elapsed": 18.255228, "delta": 2.262507}}
{"target": -2031.5540660391318, "params": {"mu_down": 0.028077387719046755, "mu_up": 0.0001070697296515906}, "datetime": {"datetime": "2024-07-11 23:37:52", "elapsed": 20.530901, "delta": 2.275673}}
{"target": -1909.296779038502, "params": {"mu_down": 0.16014891373510734, "mu_up": 0.0004844481721025048}, "datetime": {"datetime": "2024-07-11 23:37:54", "elapsed": 22.701859, "delta": 2.170958}}
{"target": -2005.2602128125511, "params": {"mu_down": 0.06268483563184857, "mu_up": 0.0003492380816779639}, "datetime": {"datetime": "2024-07-11 23:37:56", "elapsed": 24.97108, "delta": 2.269221}}
{"target": -1919.2978864736733, "params": {"mu_down": 0.17527783045920767, "mu_up": 0.0004483572651168852}, "datetime": {"datetime": "2024-07-11 23:37:58", "elapsed": 27.155759, "delta": 2.184679}}
{"target": -2066.628964190879, "params": {"mu_down": 0.017008842273955584, "mu_up": 2.9136843784112358e-05}, "datetime": {"datetime": "2024-07-11 23:38:01", "elapsed": 29.446812, "delta": 2.291053}}
{"target": -2017.646070683356, "params": {"mu_down": 0.03396608391291378, "mu_up": 0.00044028982668041245}, "datetime": {"datetime": "2024-07-11 23:38:03", "elapsed": 31.732037, "delta": 2.285225}}
{"target": -2039.2682915691921, "params": {"mu_down": 0.01966936676661002, "mu_up": 0.00021634273625247555}, "datetime": {"datetime": "2024-07-11 23:38:05", "elapsed": 34.010786, "delta": 2.278749}}
{"target": -2000.7919852120278, "params": {"mu_down": 0.1915779060301004, "mu_up": 0.0002712509896367784}, "datetime": {"datetime": "2024-07-11 23:38:08", "elapsed": 36.285467, "delta": 2.274681}}
{"target": -2003.0478980338444, "params": {"mu_down": 0.13837542279009468, "mu_up": 0.00016460265919297085}, "datetime": {"datetime": "2024-07-11 23:38:10", "elapsed": 38.570376, "delta": 2.284909}}
{"target": -2000.4050793465638, "params": {"mu_down": 0.13730018553631673, "mu_up": 0.00041896657922971275}, "datetime": {"datetime": "2024-07-11 23:38:12", "elapsed": 40.87696, "delta": 2.306584}}
{"target": -2110.986428641741, "params": {"mu_down": 0.0036576554688383615, "mu_up": 0.0003775707143230341}, "datetime": {"datetime": "2024-07-11 23:38:14", "elapsed": 43.163316, "delta": 2.286356}}
{"target": -2000.787961201149, "params": {"mu_down": 0.19156008716462883, "mu_up": 0.00027177253735975184}, "datetime": {"datetime": "2024-07-11 23:38:17", "elapsed": 45.519921, "delta": 2.356605}}
{"target": -1929.2966200454553, "params": {"mu_down": 0.16725136215394107, "mu_up": 0.0004674281319586061}, "datetime": {"datetime": "2024-07-11 23:38:19", "elapsed": 47.951475, "delta": 2.431554}}
{"target": -2039.7926245298895, "params": {"mu_down": 0.15381671754794454, "mu_up": 1e-05}, "datetime": {"datetime": "2024-07-11 23:38:22", "elapsed": 50.500798, "delta": 2.549323}}
{"target": -2040.0048179520325, "params": {"mu_down": 0.18085024649650325, "mu_up": 1e-05}, "datetime": {"datetime": "2024-07-11 23:38:24", "elapsed": 52.982178, "delta": 2.48138}}
{"target": -2005.2144005073746, "params": {"mu_down": 0.171622584588136, "mu_up": 0.00011033368713278213}, "datetime": {"datetime": "2024-07-11 23:38:27", "elapsed": 55.635703, "delta": 2.653525}}
{"target": -2014.1927897880191, "params": {"mu_down": 0.1635392252355792, "mu_up": 5.293698461197605e-05}, "datetime": {"datetime": "2024-07-11 23:38:30", "elapsed": 58.575715, "delta": 2.940012}}
{"target": -2029.5856100958695, "params": {"mu_down": 0.15813774833839905, "mu_up": 2.0031988781423382e-05}, "datetime": {"datetime": "2024-07-11 23:38:33", "elapsed": 61.274931, "delta": 2.699216}}
{"target": -2022.8762763672628, "params": {"mu_down": 0.17710993525853058, "mu_up": 3.3384669918979744e-05}, "datetime": {"datetime": "2024-07-11 23:38:35", "elapsed": 64.077996, "delta": 2.803065}}
{"target": -1899.2984482472812, "params": {"mu_down": 0.1739946252304399, "mu_up": 0.00048281810637439506}, "datetime": {"datetime": "2024-07-11 23:38:38", "elapsed": 66.539664, "delta": 2.461668}}
{"target": -2039.8662946954403, "params": {"mu_down": 0.13101517603099402, "mu_up": 1e-05}, "datetime": {"datetime": "2024-07-11 23:38:41", "elapsed": 69.312795, "delta": 2.773131}}
{"target": -2004.030416090663, "params": {"mu_down": 0.06894882411327595, "mu_up": 0.00035805650159075725}, "datetime": {"datetime": "2024-07-11 23:38:43", "elapsed": 71.931709, "delta": 2.618914}}
{"target": -2002.7953587930665, "params": {"mu_down": 0.07410000852977404, "mu_up": 0.0004973657912533972}, "datetime": {"datetime": "2024-07-11 23:38:46", "elapsed": 74.702481, "delta": 2.770772}}
{"target": -2001.4364199586607, "params": {"mu_down": 0.09032675456189483, "mu_up": 0.0004840438713107138}, "datetime": {"datetime": "2024-07-11 23:38:49", "elapsed": 77.2903, "delta": 2.587819}}
{"target": -2001.1236611381928, "params": {"mu_down": 0.0960433826333724, "mu_up": 0.0005}, "datetime": {"datetime": "2024-07-11 23:38:51", "elapsed": 79.886774, "delta": 2.596474}}
{"target": -2041.1850603340515, "params": {"mu_down": 0.10171594079018019, "mu_up": 1e-05}, "datetime": {"datetime": "2024-07-11 23:38:54", "elapsed": 82.504185, "delta": 2.617411}}
{"target": -2035.77618292533, "params": {"mu_down": 0.1611431255405802, "mu_up": 1.3101792253400903e-05}, "datetime": {"datetime": "2024-07-11 23:38:57", "elapsed": 85.312803, "delta": 2.808618}}
{"target": -2028.0196684196383, "params": {"mu_down": 0.1659082326740018, "mu_up": 2.20922876142689e-05}, "datetime": {"datetime": "2024-07-11 23:39:00", "elapsed": 88.53642, "delta": 3.223617}}
{"target": -1949.2995175986707, "params": {"mu_down": 0.1686431561812466, "mu_up": 0.0004443080987048367}, "datetime": {"datetime": "2024-07-11 23:39:03", "elapsed": 91.379877, "delta": 2.843457}}
{"target": -2032.7685016412652, "params": {"mu_down": 0.17438828929924793, "mu_up": 1.5780437482221197e-05}, "datetime": {"datetime": "2024-07-11 23:39:05", "elapsed": 94.002421, "delta": 2.622544}}
{"target": -1949.299861791041, "params": {"mu_down": 0.17355031628489018, "mu_up": 0.0004369901988903973}, "datetime": {"datetime": "2024-07-11 23:39:08", "elapsed": 96.675596, "delta": 2.673175}}
{"target": -2000.4445291535865, "params": {"mu_down": 0.15962574349852435, "mu_up": 0.00036139887903257966}, "datetime": {"datetime": "2024-07-11 23:39:11", "elapsed": 100.06835, "delta": 3.392754}}
{"target": -1949.2960998266851, "params": {"mu_down": 0.16789711300132412, "mu_up": 0.00044840194651166084}, "datetime": {"datetime": "2024-07-11 23:39:14", "elapsed": 102.639398, "delta": 2.571048}}
{"target": -1929.2999264046136, "params": {"mu_down": 0.1758065779574296, "mu_up": 0.00047666205660267923}, "datetime": {"datetime": "2024-07-11 23:39:16", "elapsed": 105.204162, "delta": 2.564764}}
{"target": -2020.480309022048, "params": {"mu_down": 0.17565763141734203, "mu_up": 3.947462129650933e-05}, "datetime": {"datetime": "2024-07-11 23:39:19", "elapsed": 108.193837, "delta": 2.989675}}
{"target": -2019.706987168081, "params": {"mu_down": 0.16737676250626526, "mu_up": 4.058661562346121e-05}, "datetime": {"datetime": "2024-07-11 23:39:22", "elapsed": 111.255794, "delta": 3.061957}}
{"target": -1939.29764180319, "params": {"mu_down": 0.16049023596814838, "mu_up": 0.00048435037912113724}, "datetime": {"datetime": "2024-07-11 23:39:25", "elapsed": 113.843396, "delta": 2.587602}}
{"target": -2011.1624222717385, "params": {"mu_down": 0.16021597901075685, "mu_up": 6.675715413455722e-05}, "datetime": {"datetime": "2024-07-11 23:39:28", "elapsed": 116.72377, "delta": 2.880374}}
{"target": -2007.1257496245423, "params": {"mu_down": 0.1745534446587498, "mu_up": 0.000497989711268646}, "datetime": {"datetime": "2024-07-11 23:39:31", "elapsed": 119.823149, "delta": 3.099379}}
{"target": -2001.2291329889433, "params": {"mu_down": 0.17386221498353105, "mu_up": 0.00023427760271464641}, "datetime": {"datetime": "2024-07-11 23:39:34", "elapsed": 122.527438, "delta": 2.704289}}
{"target": -1959.298427409972, "params": {"mu_down": 0.17545294555686597, "mu_up": 0.0004873067487216329}, "datetime": {"datetime": "2024-07-11 23:39:36", "elapsed": 125.178015, "delta": 2.650577}}
{"target": -2000.3894605216542, "params": {"mu_down": 0.17504957696857035, "mu_up": 0.0003646603286638056}, "datetime": {"datetime": "2024-07-11 23:39:40", "elapsed": 128.310227, "delta": 3.132212}}
{"target": -1919.2971144349958, "params": {"mu_down": 0.1675227454686072, "mu_up": 0.0004787434906701149}, "datetime": {"datetime": "2024-07-11 23:39:42", "elapsed": 130.981135, "delta": 2.670908}}
{"target": -1879.2980800407618, "params": {"mu_down": 0.17612080810406894, "mu_up": 0.00046292195822273037}, "datetime": {"datetime": "2024-07-11 23:39:45", "elapsed": 133.761023, "delta": 2.779888}}
{"target": -2000.4020741769714, "params": {"mu_down": 0.17636479228990976, "mu_up": 0.00035972707921391874}, "datetime": {"datetime": "2024-07-11 23:39:48", "elapsed": 136.53932, "delta": 2.778297}}
{"target": -2000.7912670699338, "params": {"mu_down": 0.17599478288052509, "mu_up": 0.00027998387942069434}, "datetime": {"datetime": "2024-07-11 23:39:51", "elapsed": 139.481196, "delta": 2.941876}}
{"target": -1899.2981943216755, "params": {"mu_down": 0.17381186307538224, "mu_up": 0.0004836620498976954}, "datetime": {"datetime": "2024-07-11 23:39:54", "elapsed": 142.375642, "delta": 2.894446}}
{"target": -1979.2955548409532, "params": {"mu_down": 0.16831160899722158, "mu_up": 0.00042864567612454737}, "datetime": {"datetime": "2024-07-11 23:39:56", "elapsed": 145.012197, "delta": 2.636555}}
{"target": -1929.299466971189, "params": {"mu_down": 0.16693083007215126, "mu_up": 0.0004562509872283331}, "datetime": {"datetime": "2024-07-11 23:39:59", "elapsed": 147.754564, "delta": 2.742367}}
{"target": -2009.1453332441106, "params": {"mu_down": 0.17620379491199356, "mu_up": 0.0004997057730854545}, "datetime": {"datetime": "2024-07-11 23:40:02", "elapsed": 150.566006, "delta": 2.811442}}
{"target": -1879.2964294072322, "params": {"mu_down": 0.17592750004311675, "mu_up": 0.00046471798273329786}, "datetime": {"datetime": "2024-07-11 23:40:05", "elapsed": 153.493879, "delta": 2.927873}}
{"target": -2001.270455255336, "params": {"mu_down": 0.17604502992542817, "mu_up": 0.0004892919317674328}, "datetime": {"datetime": "2024-07-11 23:40:07", "elapsed": 156.225915, "delta": 2.732036}}
{"target": -1979.2974738869082, "params": {"mu_down": 0.1758814378063151, "mu_up": 0.0004254492857750281}, "datetime": {"datetime": "2024-07-11 23:40:10", "elapsed": 158.971679, "delta": 2.745764}}
{"target": -1909.2999490514949, "params": {"mu_down": 0.1759765494211509, "mu_up": 0.00045965489384334096}, "datetime": {"datetime": "2024-07-11 23:40:13", "elapsed": 161.452701, "delta": 2.481022}}
{"target": -2000.3180041657704, "params": {"mu_down": 0.1761535346211953, "mu_up": 0.00039095350687989747}, "datetime": {"datetime": "2024-07-11 23:40:16", "elapsed": 164.517179, "delta": 3.064478}}
{"target": -2005.4679159009765, "params": {"mu_down": 0.16862445001968618, "mu_up": 0.0005}, "datetime": {"datetime": "2024-07-11 23:40:18", "elapsed": 167.213121, "delta": 2.695942}}
{"target": -1959.299092384802, "params": {"mu_down": 0.17591042622543973, "mu_up": 0.0004874414453800251}, "datetime": {"datetime": "2024-07-11 23:40:21", "elapsed": 169.965897, "delta": 2.752776}}
{"target": -1979.2962975654518, "params": {"mu_down": 0.1601072559675365, "mu_up": 0.0004890664769865712}, "datetime": {"datetime": "2024-07-11 23:40:24", "elapsed": 172.528976, "delta": 2.563079}}
{"target": -1919.2989015007238, "params": {"mu_down": 0.1739778434406139, "mu_up": 0.000442588133738554}, "datetime": {"datetime": "2024-07-11 23:40:26", "elapsed": 174.98126, "delta": 2.452284}}
{"target": -1989.2974559141094, "params": {"mu_down": 0.17388105731434098, "mu_up": 0.00048580863631435934}, "datetime": {"datetime": "2024-07-11 23:40:29", "elapsed": 177.748431, "delta": 2.767171}}
{"target": -1939.2960152652238, "params": {"mu_down": 0.17595806046903553, "mu_up": 0.00047390434895205967}, "datetime": {"datetime": "2024-07-11 23:40:32", "elapsed": 180.410272, "delta": 2.661841}}
{"target": -1939.2954355910817, "params": {"mu_down": 0.16751741978431203, "mu_up": 0.00042587802697406494}, "datetime": {"datetime": "2024-07-11 23:40:34", "elapsed": 182.980415, "delta": 2.570143}}
{"target": -1929.295978843054, "params": {"mu_down": 0.16018858525348278, "mu_up": 0.0004721759703050548}, "datetime": {"datetime": "2024-07-11 23:40:37", "elapsed": 185.494027, "delta": 2.513612}}
{"target": -1909.2949166143258, "params": {"mu_down": 0.17610890717884883, "mu_up": 0.00044394265141479267}, "datetime": {"datetime": "2024-07-11 23:40:40", "elapsed": 188.643712, "delta": 3.149685}}
{"target": -2001.549567997075, "params": {"mu_down": 0.17027866137358952, "mu_up": 0.0005}, "datetime": {"datetime": "2024-07-11 23:40:43", "elapsed": 192.177946, "delta": 3.534234}}
{"target": -1899.2977102234784, "params": {"mu_down": 0.17609411146094692, "mu_up": 0.0004751398089035035}, "datetime": {"datetime": "2024-07-11 23:40:46", "elapsed": 194.867074, "delta": 2.689128}}
{"target": -1979.29883066429, "params": {"mu_down": 0.17402999213632095, "mu_up": 0.0004262935188289778}, "datetime": {"datetime": "2024-07-11 23:40:49", "elapsed": 197.501218, "delta": 2.634144}}
{"target": -2003.223438129225, "params": {"mu_down": 0.1739650377455706, "mu_up": 0.0004929072940117623}, "datetime": {"datetime": "2024-07-11 23:40:51", "elapsed": 200.167386, "delta": 2.666168}}
{"target": -2001.1899185880427, "params": {"mu_down": 0.1761190985481475, "mu_up": 0.0004921865317425202}, "datetime": {"datetime": "2024-07-11 23:40:54", "elapsed": 202.795537, "delta": 2.628151}}
{"target": -1909.2975950092161, "params": {"mu_down": 0.17401984275404966, "mu_up": 0.00046502770872212967}, "datetime": {"datetime": "2024-07-11 23:40:57", "elapsed": 205.493324, "delta": 2.697787}}
{"target": -1959.2948214589787, "params": {"mu_down": 0.17379341742815937, "mu_up": 0.00043802495121260106}, "datetime": {"datetime": "2024-07-11 23:40:59", "elapsed": 208.09059, "delta": 2.597266}}
{"target": -1919.2969410693606, "params": {"mu_down": 0.17592642919763432, "mu_up": 0.00044149790773476675}, "datetime": {"datetime": "2024-07-11 23:41:02", "elapsed": 210.547781, "delta": 2.457191}}
{"target": -1889.2966388906393, "params": {"mu_down": 0.17612823921241247, "mu_up": 0.000452528824849182}, "datetime": {"datetime": "2024-07-11 23:41:05", "elapsed": 213.538061, "delta": 2.99028}}
{"target": -1909.2983562934426, "params": {"mu_down": 0.16755245683904138, "mu_up": 0.0004561183624972593}, "datetime": {"datetime": "2024-07-11 23:41:07", "elapsed": 216.121087, "delta": 2.583026}}
{"target": -1919.2967367077597, "params": {"mu_down": 0.17525929402200488, "mu_up": 0.0004224930541103544}, "datetime": {"datetime": "2024-07-11 23:41:10", "elapsed": 219.039775, "delta": 2.918688}}
{"target": -1949.2943483279864, "params": {"mu_down": 0.1759631515369764, "mu_up": 0.0004138330782517709}, "datetime": {"datetime": "2024-07-11 23:41:13", "elapsed": 221.97909, "delta": 2.939315}}
{"target": -2000.3008902820845, "params": {"mu_down": 0.16755678367814733, "mu_up": 0.00040700214956886115}, "datetime": {"datetime": "2024-07-11 23:41:16", "elapsed": 224.699109, "delta": 2.720019}}
{"target": -1919.2978703900487, "params": {"mu_down": 0.16691722348973662, "mu_up": 0.00048502481179080946}, "datetime": {"datetime": "2024-07-11 23:41:19", "elapsed": 227.327534, "delta": 2.628425}}
{"target": -1939.2996658295529, "params": {"mu_down": 0.17600797192640646, "mu_up": 0.00043167944308799774}, "datetime": {"datetime": "2024-07-11 23:41:21", "elapsed": 229.96814, "delta": 2.640606}}
{"target": -1909.2946656647127, "params": {"mu_down": 0.17521741459255216, "mu_up": 0.0004473742468813361}, "datetime": {"datetime": "2024-07-11 23:41:24", "elapsed": 232.756614, "delta": 2.788474}}
{"target": -1969.2957542446895, "params": {"mu_down": 0.16015605798023522, "mu_up": 0.0004466866983616684}, "datetime": {"datetime": "2024-07-11 23:41:27", "elapsed": 235.474203, "delta": 2.717589}}
{"target": -1989.2960839811378, "params": {"mu_down": 0.16721237708077832, "mu_up": 0.0004334891071082395}, "datetime": {"datetime": "2024-07-11 23:41:30", "elapsed": 239.075853, "delta": 3.60165}}
{"target": -1939.2960844106783, "params": {"mu_down": 0.17519543008003102, "mu_up": 0.0004776366352645985}, "datetime": {"datetime": "2024-07-11 23:41:33", "elapsed": 241.918261, "delta": 2.842408}}
{"target": -1929.2979317637082, "params": {"mu_down": 0.175300078532123, "mu_up": 0.0004187682749544631}, "datetime": {"datetime": "2024-07-11 23:41:36", "elapsed": 244.707027, "delta": 2.788766}}
{"target": -1919.2981292906284, "params": {"mu_down": 0.17514318522265207, "mu_up": 0.0004218791633922725}, "datetime": {"datetime": "2024-07-11 23:41:39", "elapsed": 247.635947, "delta": 2.92892}}
{"target": -1919.297832921248, "params": {"mu_down": 0.16695037314780026, "mu_up": 0.0004822091672917815}, "datetime": {"datetime": "2024-07-11 23:41:42", "elapsed": 250.390728, "delta": 2.754781}}
{"target": -1899.2968331369304, "params": {"mu_down": 0.1751406880439937, "mu_up": 0.0004724503987415619}, "datetime": {"datetime": "2024-07-11 23:41:44", "elapsed": 253.148695, "delta": 2.757967}}
{"target": -1929.2979464609975, "params": {"mu_down": 0.17510502295188013, "mu_up": 0.0004702903715883608}, "datetime": {"datetime": "2024-07-11 23:41:47", "elapsed": 255.918093, "delta": 2.769398}}
{"target": -2000.3730512803845, "params": {"mu_down": 0.1751732293827413, "mu_up": 0.00037016276030301835}, "datetime": {"datetime": "2024-07-11 23:41:51", "elapsed": 259.360551, "delta": 3.442458}}
{"target": -2006.8774941268525, "params": {"mu_down": 0.1737960633849095, "mu_up": 0.0004973436752744279}, "datetime": {"datetime": "2024-07-11 23:41:53", "elapsed": 262.148354, "delta": 2.787803}}
{"target": -1989.2980189626264, "params": {"mu_down": 0.1752938390820407, "mu_up": 0.00048566901380511963}, "datetime": {"datetime": "2024-07-11 23:41:57", "elapsed": 265.931565, "delta": 3.783211}}
{"target": -1889.2948738474347, "params": {"mu_down": 0.17383676446153573, "mu_up": 0.00046482895762971156}, "datetime": {"datetime": "2024-07-11 23:42:00", "elapsed": 269.18384, "delta": 3.252275}}
{"target": -1889.297959898456, "params": {"mu_down": 0.17514436958869592, "mu_up": 0.00045292837454791884}, "datetime": {"datetime": "2024-07-11 23:42:03", "elapsed": 271.949001, "delta": 2.765161}}
{"target": -1929.2974709699615, "params": {"mu_down": 0.17577601066432072, "mu_up": 0.00047035688973662054}, "datetime": {"datetime": "2024-07-11 23:42:06", "elapsed": 274.632241, "delta": 2.68324}}
{"target": -1959.297046221388, "params": {"mu_down": 0.1757948420650018, "mu_up": 0.0004331607974683693}, "datetime": {"datetime": "2024-07-11 23:42:09", "elapsed": 277.353497, "delta": 2.721256}}
{"target": -1899.297587546697, "params": {"mu_down": 0.17406657703895956, "mu_up": 0.0004851546901889321}, "datetime": {"datetime": "2024-07-11 23:42:11", "elapsed": 280.115706, "delta": 2.762209}}
{"target": -1969.2989542991259, "params": {"mu_down": 0.17383567745245732, "mu_up": 0.00043055774198321703}, "datetime": {"datetime": "2024-07-11 23:42:14", "elapsed": 282.925898, "delta": 2.810192}}
{"target": -2004.9799278241537, "params": {"mu_down": 0.16538088725534972, "mu_up": 0.0005}, "datetime": {"datetime": "2024-07-11 23:42:18", "elapsed": 286.292338, "delta": 3.36644}}
{"target": -2001.3159339675392, "params": {"mu_down": 0.17384605010723875, "mu_up": 0.0004896513621735171}, "datetime": {"datetime": "2024-07-11 23:42:21", "elapsed": 289.283212, "delta": 2.990874}}
{"target": -2004.1543518122282, "params": {"mu_down": 0.16755697417494314, "mu_up": 0.0004974574277784191}, "datetime": {"datetime": "2024-07-11 23:42:23", "elapsed": 292.055323, "delta": 2.772111}}
{"target": -1919.2971303148256, "params": {"mu_down": 0.17512158165509092, "mu_up": 0.00044244770866829923}, "datetime": {"datetime": "2024-07-11 23:42:26", "elapsed": 294.825827, "delta": 2.770504}}
{"target": -1929.29656248224, "params": {"mu_down": 0.167290547804832, "mu_up": 0.0004673965812502792}, "datetime": {"datetime": "2024-07-11 23:42:29", "elapsed": 297.973338, "delta": 3.147511}}
