{"target": -2000.1595106470552, "params": {"momentum_down": 0.8847775630773246, "momentum_up": 0.5950023577299607, "mu_down": 0.16172393441753857, "mu_up": 0.0001674242705937447}, "datetime": {"datetime": "2024-06-01 16:55:36", "elapsed": 831.490305, "delta": 6.200999}}
{"target": -2000.253705582223, "params": {"momentum_down": 0.8618379387258024, "momentum_up": 0.5429660635255286, "mu_down": 0.044683061671484704, "mu_up": 0.00018473248743809123}, "datetime": {"datetime": "2024-06-01 16:55:39", "elapsed": 834.493242, "delta": 3.002937}}
{"target": -2016.8397176160458, "params": {"momentum_down": 0.24988943459713872, "momentum_up": 0.5056357330761874, "mu_down": 0.09648502143970171, "mu_up": 2.566338333797293e-05}, "datetime": {"datetime": "2024-06-01 16:55:43", "elapsed": 838.354851, "delta": 3.861609}}
{"target": -2001.4755361540304, "params": {"momentum_down": 0.170398972403205, "momentum_up": 0.7227075214604671, "mu_down": 0.11149452047498704, "mu_up": 0.00021804741188237174}, "datetime": {"datetime": "2024-06-01 16:55:45", "elapsed": 840.498088, "delta": 2.143237}}
{"target": -2300.0, "params": {"momentum_down": 0.5118650512647004, "momentum_up": 0.22484753694317722, "mu_down": 0.2, "mu_up": 0.0005}, "datetime": {"datetime": "2024-06-01 16:55:48", "elapsed": 843.13767, "delta": 2.639582}}
{"target": -2000.0640049663912, "params": {"momentum_down": 0.5353881450703181, "momentum_up": 0.7714736275528843, "mu_down": 0.17498200162010152, "mu_up": 0.0001367654428078559}, "datetime": {"datetime": "2024-06-01 16:55:51", "elapsed": 846.549758, "delta": 3.412088}}
{"target": -2000.5422954496514, "params": {"momentum_down": 0.4897417091744071, "momentum_up": 0.13222239316832665, "mu_down": 0.15115678150131479, "mu_up": 0.00027969156579481566}, "datetime": {"datetime": "2024-06-01 16:55:56", "elapsed": 851.363571, "delta": 4.813813}}
{"target": -2009.8916759261967, "params": {"momentum_down": 0.8122930257912084, "momentum_up": 0.9358945459791729, "mu_down": 0.1018908106536421, "mu_up": 0.0003635269178927365}, "datetime": {"datetime": "2024-06-01 16:55:59", "elapsed": 853.926196, "delta": 2.562625}}
{"target": -2001.1514354535434, "params": {"momentum_down": 0.8176791534482182, "momentum_up": 0.9219875026145644, "mu_down": 0.13889980430953866, "mu_up": 0.00047210483321014936}, "datetime": {"datetime": "2024-06-01 16:56:04", "elapsed": 859.497002, "delta": 5.570806}}
{"target": -2000.241156359505, "params": {"momentum_down": 0.42538333972189224, "momentum_up": 0.24639717586017537, "mu_down": 0.14561287023271086, "mu_up": 0.0003428364336781386}, "datetime": {"datetime": "2024-06-01 16:56:10", "elapsed": 865.132816, "delta": 5.635814}}
{"target": -2000.4502562763128, "params": {"momentum_down": 0.4199946340350908, "momentum_up": 0.4960028025080057, "mu_down": 0.18204200989420627, "mu_up": 0.00016963994326065092}, "datetime": {"datetime": "2024-06-01 16:56:15", "elapsed": 869.932112, "delta": 4.799296}}
{"target": -2001.2229996590236, "params": {"momentum_down": 0.8749392114343275, "momentum_up": 0.5009957357476226, "mu_down": 0.12209480541638465, "mu_up": 0.00010709686951139}, "datetime": {"datetime": "2024-06-01 16:56:18", "elapsed": 873.465193, "delta": 3.533081}}
{"target": -2000.0398945922707, "params": {"momentum_down": 0.8454778231597592, "momentum_up": 0.944600031721459, "mu_down": 0.12953610973261184, "mu_up": 0.00010202179602545305}, "datetime": {"datetime": "2024-06-01 16:56:22", "elapsed": 877.686139, "delta": 4.220946}}
{"target": -2000.010323649805, "params": {"momentum_down": 0.6409579640888085, "momentum_up": 0.6987616787486489, "mu_down": 0.18297161438569642, "mu_up": 0.00045083422141549716}, "datetime": {"datetime": "2024-06-01 16:56:26", "elapsed": 881.327078, "delta": 3.640939}}
{"target": -2001.9008707814774, "params": {"momentum_down": 0.4620178332113848, "momentum_up": 0.17681701845004802, "mu_down": 0.13529093695478303, "mu_up": 0.0001633321984598122}, "datetime": {"datetime": "2024-06-01 16:56:31", "elapsed": 886.174725, "delta": 4.847647}}
{"target": -2000.485342509597, "params": {"momentum_down": 0.13898564055239637, "momentum_up": 0.7518199405567209, "mu_down": 0.15148840735860367, "mu_up": 0.0002906848323502089}, "datetime": {"datetime": "2024-06-01 16:56:38", "elapsed": 893.235189, "delta": 7.060464}}
{"target": -2000.0060819509672, "params": {"momentum_down": 0.5767919357198252, "momentum_up": 0.8810404806329467, "mu_down": 0.19357337520712603, "mu_up": 0.0004519767848152549}, "datetime": {"datetime": "2024-06-01 16:56:42", "elapsed": 897.521278, "delta": 4.286089}}
{"target": -2300.0, "params": {"momentum_down": 0.9710857488727536, "momentum_up": 0.33339218127951037, "mu_down": 0.19532581304154725, "mu_up": 0.00023021748092229142}, "datetime": {"datetime": "2024-06-01 16:56:44", "elapsed": 899.514918, "delta": 1.99364}}
{"target": -2009.5139897165423, "params": {"momentum_down": 0.3428863139594234, "momentum_up": 0.874195966484621, "mu_down": 0.18173990652841993, "mu_up": 1e-05}, "datetime": {"datetime": "2024-06-01 16:56:48", "elapsed": 903.183621, "delta": 3.668703}}
{"target": -2000.009504444611, "params": {"momentum_down": 0.6388338925021763, "momentum_up": 0.728522817668954, "mu_down": 0.1319672690675755, "mu_up": 0.0003489204048500301}, "datetime": {"datetime": "2024-06-01 16:56:52", "elapsed": 906.917389, "delta": 3.733768}}
{"target": -2002.1063657166194, "params": {"momentum_down": 0.30102126216374175, "momentum_up": 0.7867388104302852, "mu_down": 0.16457372144552695, "mu_up": 4.1653479419957966e-05}, "datetime": {"datetime": "2024-06-01 16:56:56", "elapsed": 910.849373, "delta": 3.931984}}
{"target": -2003.8181602862305, "params": {"momentum_down": 0.8139325119222549, "momentum_up": 0.5240966600933903, "mu_down": 0.028009192269855432, "mu_up": 8.55753017654034e-05}, "datetime": {"datetime": "2024-06-01 16:56:58", "elapsed": 913.208182, "delta": 2.358809}}
{"target": -2002.7342822507046, "params": {"momentum_down": 0.08922318666480585, "momentum_up": 0.2882697237871067, "mu_down": 0.10857399569170652, "mu_up": 0.0003285402761819344}, "datetime": {"datetime": "2024-06-01 16:57:01", "elapsed": 916.107927, "delta": 2.899745}}
{"target": -2001.9011050821834, "params": {"momentum_down": 0.49263999746940274, "momentum_up": 0.0896493435634274, "mu_down": 0.1815195435196936, "mu_up": 0.00017399854621000759}, "datetime": {"datetime": "2024-06-01 16:57:03", "elapsed": 918.432971, "delta": 2.325044}}
{"target": -2000.8460200673348, "params": {"momentum_down": 0.8079880758468281, "momentum_up": 0.3749672802671847, "mu_down": 0.19175053667688868, "mu_up": 0.00015557492215168245}, "datetime": {"datetime": "2024-06-01 16:57:08", "elapsed": 923.044342, "delta": 4.611371}}
{"target": -2003.8880633521583, "params": {"momentum_down": 0.2247823641869206, "momentum_up": 0.06759433961843858, "mu_down": 0.19649387684762532, "mu_up": 0.0001270460551678447}, "datetime": {"datetime": "2024-06-01 16:57:12", "elapsed": 926.769263, "delta": 3.724921}}
{"target": -2011.6103731243102, "params": {"momentum_down": 0.08642728058160076, "momentum_up": 0.389209504255978, "mu_down": 0.059015814191789986, "mu_up": 0.00044005774352516406}, "datetime": {"datetime": "2024-06-01 16:57:14", "elapsed": 929.263349, "delta": 2.494086}}
{"target": -2000.0825681798422, "params": {"momentum_down": 0.4355498205848574, "momentum_up": 0.5465474001102728, "mu_down": 0.1336531364662614, "mu_up": 0.0005}, "datetime": {"datetime": "2024-06-01 16:57:18", "elapsed": 933.418639, "delta": 4.15529}}
{"target": -2004.3619965660794, "params": {"momentum_down": 0.9193453657234486, "momentum_up": 0.11838584197389102, "mu_down": 0.08074130341705908, "mu_up": 9.964011626653984e-05}, "datetime": {"datetime": "2024-06-01 16:57:20", "elapsed": 935.35197, "delta": 1.933331}}
{"target": -2300.0, "params": {"momentum_down": 0.9209718588442036, "momentum_up": 0.14574541773314512, "mu_down": 0.05968595583035177, "mu_up": 0.0004440441489867547}, "datetime": {"datetime": "2024-06-01 16:57:23", "elapsed": 938.127438, "delta": 2.775468}}
{"target": -2000.166248803362, "params": {"momentum_down": 0.43752996932999894, "momentum_up": 0.21195786079117024, "mu_down": 0.13339762205138042, "mu_up": 0.0004589420795641683}, "datetime": {"datetime": "2024-06-01 16:57:26", "elapsed": 941.683625, "delta": 3.556187}}
{"target": -2001.1337694101871, "params": {"momentum_down": 0.7960154054259775, "momentum_up": 0.3331403836265492, "mu_down": 0.04641914815209556, "mu_up": 0.00017692818912145824}, "datetime": {"datetime": "2024-06-01 16:57:32", "elapsed": 946.950762, "delta": 5.267137}}
{"target": -2000.8193349058852, "params": {"momentum_down": 0.7105192014765527, "momentum_up": 0.10761042542930818, "mu_down": 0.1216775349994866, "mu_up": 0.0002361463527005591}, "datetime": {"datetime": "2024-06-01 16:57:35", "elapsed": 950.491533, "delta": 3.540771}}
{"target": -2000.428456380192, "params": {"momentum_down": 0.6404402426983556, "momentum_up": 0.673652419676844, "mu_down": 0.11909457769016712, "mu_up": 0.00011010911292103695}, "datetime": {"datetime": "2024-06-01 16:57:40", "elapsed": 954.816829, "delta": 4.325296}}
{"target": -2000.1376837405196, "params": {"momentum_down": 0.9011005672358534, "momentum_up": 0.5326628598036057, "mu_down": 0.15267713901244212, "mu_up": 0.00019789360143796886}, "datetime": {"datetime": "2024-06-01 16:57:43", "elapsed": 958.428333, "delta": 3.611504}}
{"target": -2000.011482526132, "params": {"momentum_down": 0.5165765406070051, "momentum_up": 0.8371674696356992, "mu_down": 0.160778799958481, "mu_up": 0.00020284887088240636}, "datetime": {"datetime": "2024-06-01 16:57:47", "elapsed": 962.565964, "delta": 4.137631}}
{"target": -2300.0, "params": {"momentum_down": 0.7912691672002148, "momentum_up": 0.30206539922641856, "mu_down": 0.0444861210794302, "mu_up": 0.00049119325575071}, "datetime": {"datetime": "2024-06-01 16:57:51", "elapsed": 966.472066, "delta": 3.906102}}
{"target": -2300.0, "params": {"momentum_down": 0.42198835926083716, "momentum_up": 0.9849545908018937, "mu_down": 0.05129614447945126, "mu_up": 0.00020766950691662872}, "datetime": {"datetime": "2024-06-01 16:57:52", "elapsed": 966.860697, "delta": 0.388631}}
{"target": -2000.9924585292222, "params": {"momentum_down": 0.8653454656530603, "momentum_up": 0.15595433896179303, "mu_down": 0.07838044875643313, "mu_up": 0.00020016624438231584}, "datetime": {"datetime": "2024-06-01 16:57:54", "elapsed": 969.645663, "delta": 2.784966}}
{"target": -2000.02000815931, "params": {"momentum_down": 0.6485713372582691, "momentum_up": 0.6797228856988232, "mu_down": 0.157741120942946, "mu_up": 0.00026691452691274763}, "datetime": {"datetime": "2024-06-01 16:58:00", "elapsed": 975.608362, "delta": 5.962699}}
{"target": -2000.463116797456, "params": {"momentum_down": 0.6400912297585298, "momentum_up": 0.701209108045077, "mu_down": 0.13026886327835482, "mu_up": 9.698445578405212e-05}, "datetime": {"datetime": "2024-06-01 16:58:05", "elapsed": 979.837772, "delta": 4.22941}}
{"target": -2000.3273494930086, "params": {"momentum_down": 0.4457070817190611, "momentum_up": 0.18319308936828843, "mu_down": 0.10913203765818104, "mu_up": 0.0005}, "datetime": {"datetime": "2024-06-01 16:58:08", "elapsed": 983.715451, "delta": 3.877679}}
{"target": -2000.3945059310922, "params": {"momentum_down": 0.7909230097673252, "momentum_up": 0.33647538739378563, "mu_down": 0.0821057363899669, "mu_up": 0.0004245625252536263}, "datetime": {"datetime": "2024-06-01 16:58:13", "elapsed": 988.079754, "delta": 4.364303}}
{"target": -2008.286225572376, "params": {"momentum_down": 0.8157358410692211, "momentum_up": 0.8374464107285522, "mu_down": 0.12995167218602646, "mu_up": 1.1647931734536513e-05}, "datetime": {"datetime": "2024-06-01 16:58:16", "elapsed": 991.102801, "delta": 3.023047}}
{"target": -2013.440815697168, "params": {"momentum_down": 0.26399748075424884, "momentum_up": 0.1487594749272705, "mu_down": 0.04717086403632285, "mu_up": 0.0004101414117794689}, "datetime": {"datetime": "2024-06-01 16:58:20", "elapsed": 995.735755, "delta": 4.632954}}
{"target": -2001.8935271758007, "params": {"momentum_down": 0.8332402602049365, "momentum_up": 0.26976013832105916, "mu_down": 0.022125619731911652, "mu_up": 0.0003356866553004599}, "datetime": {"datetime": "2024-06-01 16:58:27", "elapsed": 1002.227415, "delta": 6.49166}}
{"target": -2000.5050228475934, "params": {"momentum_down": 0.8135592090416509, "momentum_up": 0.9464705839618206, "mu_down": 0.12666061929367797, "mu_up": 0.00035966171025929457}, "datetime": {"datetime": "2024-06-01 16:58:33", "elapsed": 1008.075782, "delta": 5.848367}}
{"target": -2037.7761228807285, "params": {"momentum_down": 0.1518309158383956, "momentum_up": 0.8658948696189772, "mu_down": 0.023047768635631072, "mu_up": 0.00035519152171385667}, "datetime": {"datetime": "2024-06-01 16:58:36", "elapsed": 1010.883938, "delta": 2.808156}}
{"target": -2004.1916695463174, "params": {"momentum_down": 0.7921907560206147, "momentum_up": 0.34854338997330847, "mu_down": 0.021019633109887727, "mu_up": 0.0003113656250899119}, "datetime": {"datetime": "2024-06-01 16:58:39", "elapsed": 1014.364296, "delta": 3.480358}}
{"target": -2001.478646217656, "params": {"momentum_down": 0.8289971901995269, "momentum_up": 0.25707151120448507, "mu_down": 0.05139980816411232, "mu_up": 0.00016025349445328201}, "datetime": {"datetime": "2024-06-01 16:58:45", "elapsed": 1020.603024, "delta": 6.238728}}
{"target": -2000.0159611654615, "params": {"momentum_down": 0.5393829920854625, "momentum_up": 0.8045857249387594, "mu_down": 0.14657641398703014, "mu_up": 0.00021317402329016347}, "datetime": {"datetime": "2024-06-01 16:58:54", "elapsed": 1029.327194, "delta": 8.72417}}
{"target": -2001.4458079983037, "params": {"momentum_down": 0.044913570375144735, "momentum_up": 0.4925171314755842, "mu_down": 0.12911050919790967, "mu_up": 0.0003926378532559136}, "datetime": {"datetime": "2024-06-01 16:59:05", "elapsed": 1040.161794, "delta": 10.8346}}
{"target": -2000.1643233848226, "params": {"momentum_down": 0.6234019263803275, "momentum_up": 0.38455761554516177, "mu_down": 0.12193626043216262, "mu_up": 0.00028771229547376104}, "datetime": {"datetime": "2024-06-01 16:59:11", "elapsed": 1046.008807, "delta": 5.847013}}
{"target": -2000.157111154108, "params": {"momentum_down": 0.26203398047525656, "momentum_up": 0.8523154900733441, "mu_down": 0.15842791330073308, "mu_up": 0.0002706847843770116}, "datetime": {"datetime": "2024-06-01 16:59:16", "elapsed": 1051.483525, "delta": 5.474718}}
{"target": -2001.2249698742364, "params": {"momentum_down": 0.4488236564289403, "momentum_up": 0.4510373141781934, "mu_down": 0.08022134541032316, "mu_up": 0.0003195950714098854}, "datetime": {"datetime": "2024-06-01 16:59:22", "elapsed": 1056.764936, "delta": 5.281411}}
{"target": -2000.0668693788991, "params": {"momentum_down": 0.8333773191817492, "momentum_up": 0.922669081546948, "mu_down": 0.11641038985171817, "mu_up": 4.3974247590909556e-05}, "datetime": {"datetime": "2024-06-01 16:59:30", "elapsed": 1064.995012, "delta": 8.230076}}
{"target": -2000.0422802154949, "params": {"momentum_down": 0.41270212233669207, "momentum_up": 0.5288719237972462, "mu_down": 0.16322589549899483, "mu_up": 0.00042346298848012587}, "datetime": {"datetime": "2024-06-01 16:59:37", "elapsed": 1072.275625, "delta": 7.280613}}
{"target": -2001.5350763111053, "params": {"momentum_down": 0.39138851515149986, "momentum_up": 0.18780950060777507, "mu_down": 0.08463229610477188, "mu_up": 0.0004217483158047413}, "datetime": {"datetime": "2024-06-01 16:59:42", "elapsed": 1077.084784, "delta": 4.809159}}
{"target": -2000.0902140547375, "params": {"momentum_down": 0.4434857064472359, "momentum_up": 0.5091711431596789, "mu_down": 0.15114767811931168, "mu_up": 0.0003120549254783225}, "datetime": {"datetime": "2024-06-01 16:59:48", "elapsed": 1083.25553, "delta": 6.170746}}
{"target": -2000.0253855313172, "params": {"momentum_down": 0.4881890535520559, "momentum_up": 0.8653839393168548, "mu_down": 0.14579752140898936, "mu_up": 0.0004358925949600674}, "datetime": {"datetime": "2024-06-01 16:59:56", "elapsed": 1091.206162, "delta": 7.950632}}
{"target": -2000.0192471531489, "params": {"momentum_down": 0.4682495742305088, "momentum_up": 0.8676769038281887, "mu_down": 0.17625569388395843, "mu_up": 0.00011846791885242427}, "datetime": {"datetime": "2024-06-01 17:00:03", "elapsed": 1098.321815, "delta": 7.115653}}
{"target": -2000.0086882498804, "params": {"momentum_down": 0.5095440861506203, "momentum_up": 0.8022498729006864, "mu_down": 0.1835442703166407, "mu_up": 0.00046101500172307096}, "datetime": {"datetime": "2024-06-01 17:00:10", "elapsed": 1104.976967, "delta": 6.655152}}
{"target": -2300.0, "params": {"momentum_down": 0.9832257243684829, "momentum_up": 0.11162410928322737, "mu_down": 0.0846497076674486, "mu_up": 0.00023122923983675503}, "datetime": {"datetime": "2024-06-01 17:00:13", "elapsed": 1107.977369, "delta": 3.000402}}
{"target": -2000.0254125741021, "params": {"momentum_down": 0.4599284786105314, "momentum_up": 0.9017504813740908, "mu_down": 0.15654059529800654, "mu_up": 0.00038465775142634443}, "datetime": {"datetime": "2024-06-01 17:00:20", "elapsed": 1115.524061, "delta": 7.546692}}
{"target": -2000.846818667303, "params": {"momentum_down": 0.5125180065317181, "momentum_up": 0.0673641591429492, "mu_down": 0.11925547962951905, "mu_up": 0.0002716116033122478}, "datetime": {"datetime": "2024-06-01 17:00:25", "elapsed": 1120.345423, "delta": 4.821362}}
{"target": -2300.0, "params": {"momentum_down": 0.9404295325629521, "momentum_up": 0.9468016290639877, "mu_down": 0.01233838658809654, "mu_up": 0.000289838707121337}, "datetime": {"datetime": "2024-06-01 17:00:27", "elapsed": 1122.521825, "delta": 2.176402}}
{"target": -2075.572962815932, "params": {"momentum_down": 0.6044205152458281, "momentum_up": 0.5990817623022969, "mu_down": 0.006227859546651726, "mu_up": 4.460036678720991e-05}, "datetime": {"datetime": "2024-06-01 17:00:31", "elapsed": 1125.751023, "delta": 3.229198}}
{"target": -2009.8134214929833, "params": {"momentum_down": 0.5782574261087056, "momentum_up": 0.5578333172509204, "mu_down": 0.0429156816683179, "mu_up": 5.4867760026756186e-05}, "datetime": {"datetime": "2024-06-01 17:00:36", "elapsed": 1131.614347, "delta": 5.863324}}
{"target": -2000.0302419184545, "params": {"momentum_down": 0.4536914009903677, "momentum_up": 0.9556101938880954, "mu_down": 0.1947333882803274, "mu_up": 0.0001898513684750319}, "datetime": {"datetime": "2024-06-01 17:00:41", "elapsed": 1136.225071, "delta": 4.610724}}
{"target": -2000.0267950494206, "params": {"momentum_down": 0.6056120073669461, "momentum_up": 0.7310536778681899, "mu_down": 0.1578283237538427, "mu_up": 0.00020498881983288135}, "datetime": {"datetime": "2024-06-01 17:00:48", "elapsed": 1143.352673, "delta": 7.127602}}
{"target": -2000.0697663392755, "params": {"momentum_down": 0.4144831144248925, "momentum_up": 0.8939365355606049, "mu_down": 0.143528142772156, "mu_up": 0.0002999751375249646}, "datetime": {"datetime": "2024-06-01 17:00:59", "elapsed": 1154.250814, "delta": 10.898141}}
{"target": -2000.1043201170019, "params": {"momentum_down": 0.3919991926414936, "momentum_up": 0.861118566126586, "mu_down": 0.15700128766861146, "mu_up": 8.933315323778708e-05}, "datetime": {"datetime": "2024-06-01 17:01:06", "elapsed": 1161.350899, "delta": 7.100085}}
{"target": -2300.0, "params": {"momentum_down": 0.49797638197500704, "momentum_up": 0.9597501160409758, "mu_down": 0.013660922041440449, "mu_up": 4.067095217027758e-05}, "datetime": {"datetime": "2024-06-01 17:01:09", "elapsed": 1163.95856, "delta": 2.607661}}
{"target": -2027.3247097729327, "params": {"momentum_down": 0.9236985958238246, "momentum_up": 0.0, "mu_down": 0.2, "mu_up": 1e-05}, "datetime": {"datetime": "2024-06-01 17:01:16", "elapsed": 1171.411229, "delta": 7.452669}}
{"target": -2000.0989204796056, "params": {"momentum_down": 0.3521198191709219, "momentum_up": 0.8308266177609662, "mu_down": 0.1525335376434354, "mu_up": 0.0003888826065924275}, "datetime": {"datetime": "2024-06-01 17:01:26", "elapsed": 1181.286287, "delta": 9.875058}}
{"target": -2000.0756109994381, "params": {"momentum_down": 0.3075395920079729, "momentum_up": 0.8348874233979089, "mu_down": 0.17149951375939326, "mu_up": 0.00014821438953323604}, "datetime": {"datetime": "2024-06-01 17:01:38", "elapsed": 1192.98105, "delta": 11.694763}}
{"target": -2000.5900601374503, "params": {"momentum_down": 0.1344953708854672, "momentum_up": 0.7047397479704104, "mu_down": 0.14711324161563868, "mu_up": 0.00028990896627619574}, "datetime": {"datetime": "2024-06-01 17:01:48", "elapsed": 1203.251187, "delta": 10.270137}}
{"target": -2013.7609994180405, "params": {"momentum_down": 0.36920749908791783, "momentum_up": 0.029242344790491592, "mu_down": 0.07589211001493253, "mu_up": 6.936547333476481e-05}, "datetime": {"datetime": "2024-06-01 17:01:57", "elapsed": 1212.216126, "delta": 8.964939}}
{"target": -2001.3036257651877, "params": {"momentum_down": 0.32902824826711097, "momentum_up": 0.42132919527502727, "mu_down": 0.09635130181603668, "mu_up": 0.0004535753357813866}, "datetime": {"datetime": "2024-06-01 17:02:07", "elapsed": 1221.77434, "delta": 9.558214}}
{"target": -2000.1998354993766, "params": {"momentum_down": 0.27186565354679165, "momentum_up": 0.44214372928287793, "mu_down": 0.15799846156804362, "mu_up": 0.0003616496297891094}, "datetime": {"datetime": "2024-06-01 17:02:18", "elapsed": 1232.785529, "delta": 11.011189}}
{"target": -2000.0901420419298, "params": {"momentum_down": 0.47065466982293, "momentum_up": 0.5461933069588888, "mu_down": 0.16219493295836607, "mu_up": 0.0002628504136840022}, "datetime": {"datetime": "2024-06-01 17:02:31", "elapsed": 1246.717596, "delta": 13.932067}}
