{"target": -2300.0, "params": {"momentum_down": 0.9084724502552629, "momentum_up": 0.0996025812357967, "mu_down": 0.039451230296895276, "mu_up": 0.0004795501602463376}, "datetime": {"datetime": "2024-06-09 20:53:59", "elapsed": 100.754484, "delta": 0.469633}}
{"target": -2300.0, "params": {"momentum_down": 0.7793474534846347, "momentum_up": 0.254920866025127, "mu_down": 0.15619698543494895, "mu_up": 0.000792321304029813}, "datetime": {"datetime": "2024-06-09 20:53:59", "elapsed": 100.859188, "delta": 0.104704}}
{"target": -2300.0, "params": {"momentum_down": 0.979891153264869, "momentum_up": 0.5124931918186779, "mu_down": 0.014259820774949293, "mu_up": 0.0005189782301874191}, "datetime": {"datetime": "2024-06-09 20:53:59", "elapsed": 100.961808, "delta": 0.10262}}
{"target": -371.26468322902787, "params": {"momentum_down": 0.8257926321025998, "momentum_up": 0.9464616784578641, "mu_down": 0.1118419675867862, "mu_up": 0.00023242820614932265}, "datetime": {"datetime": "2024-06-09 20:54:00", "elapsed": 101.740027, "delta": 0.778219}}
{"target": -1135.2976074047813, "params": {"momentum_down": 0.10336219007169462, "momentum_up": 0.45161213569649844, "mu_down": 0.27647173407217696, "mu_up": 0.00038563566838145446}, "datetime": {"datetime": "2024-06-09 20:54:01", "elapsed": 103.381228, "delta": 1.641201}}
{"target": -2300.0, "params": {"momentum_down": 0.8494901196248023, "momentum_up": 0.6668138233686859, "mu_down": 0.01834729949366516, "mu_up": 0.0007242780239775837}, "datetime": {"datetime": "2024-06-09 20:54:01", "elapsed": 103.677053, "delta": 0.295825}}
{"target": -2000.5088227255694, "params": {"momentum_down": 0.29494799236666686, "momentum_up": 0.910468457655547, "mu_down": 0.2511247593554078, "mu_up": 2.7167464922896744e-05}, "datetime": {"datetime": "2024-06-09 20:54:03", "elapsed": 105.516749, "delta": 1.839696}}
{"target": -603.2880308829073, "params": {"momentum_down": 0.5428359216310769, "momentum_up": 0.8718891926101132, "mu_down": 0.27798472082718484, "mu_up": 0.0001631360819771396}, "datetime": {"datetime": "2024-06-09 20:54:04", "elapsed": 106.125257, "delta": 0.608508}}
{"target": -2300.0, "params": {"momentum_down": 0.9178110797121589, "momentum_up": 0.7713461179200995, "mu_down": 0.285167542579616, "mu_up": 0.0007942480267995055}, "datetime": {"datetime": "2024-06-09 20:54:04", "elapsed": 106.26296, "delta": 0.137703}}
{"target": -874.2951953715985, "params": {"momentum_down": 0.48308288863650195, "momentum_up": 0.5028325667890219, "mu_down": 0.2113166489618963, "mu_up": 0.00045102889422717117}, "datetime": {"datetime": "2024-06-09 20:54:05", "elapsed": 107.18447, "delta": 0.92151}}
{"target": -422.2568687434055, "params": {"momentum_down": 0.8393135600183214, "momentum_up": 0.9534856438090732, "mu_down": 0.0959131999227538, "mu_up": 0.00030022801054703085}, "datetime": {"datetime": "2024-06-09 20:54:06", "elapsed": 108.163289, "delta": 0.978819}}
{"target": -2003.2951617552844, "params": {"momentum_down": 0.23575721665657154, "momentum_up": 0.20553379490459023, "mu_down": 0.05325278500165596, "mu_up": 0.00044447426042236525}, "datetime": {"datetime": "2024-06-09 20:54:08", "elapsed": 110.012576, "delta": 1.849287}}
{"target": -2300.0, "params": {"momentum_down": 0.7727688984003308, "momentum_up": 0.04824672499367569, "mu_down": 0.23822694928993857, "mu_up": 0.0004819965510565078}, "datetime": {"datetime": "2024-06-09 20:54:08", "elapsed": 110.197227, "delta": 0.184651}}
{"target": -1005.2863196583854, "params": {"momentum_down": 0.14165088297457842, "momentum_up": 0.8388014766800732, "mu_down": 0.22307600892830529, "mu_up": 0.00018135385913910137}, "datetime": {"datetime": "2024-06-09 20:54:09", "elapsed": 111.180548, "delta": 0.983321}}
{"target": -2006.8317042290678, "params": {"momentum_down": 0.7800088915114243, "momentum_up": 0.32098629931324535, "mu_down": 0.034428624527362714, "mu_up": 6.366132223161849e-05}, "datetime": {"datetime": "2024-06-09 20:54:11", "elapsed": 113.115387, "delta": 1.934839}}
{"target": -2300.0, "params": {"momentum_down": 0.9108891668889186, "momentum_up": 0.7098958701546915, "mu_down": 0.29995831419979746, "mu_up": 0.0006812982275340271}, "datetime": {"datetime": "2024-06-09 20:54:11", "elapsed": 113.434198, "delta": 0.318811}}
{"target": -2000.4041290306445, "params": {"momentum_down": 0.6575559560690338, "momentum_up": 0.6374664622202811, "mu_down": 0.05334604113943398, "mu_up": 0.0001368726110033188}, "datetime": {"datetime": "2024-06-09 20:54:13", "elapsed": 115.515937, "delta": 2.081739}}
{"target": -2000.314038054958, "params": {"momentum_down": 0.5796689886380735, "momentum_up": 0.7384924571962502, "mu_down": 0.2115311355167459, "mu_up": 9.657034000698553e-05}, "datetime": {"datetime": "2024-06-09 20:54:16", "elapsed": 117.929978, "delta": 2.414041}}
{"target": -2300.0, "params": {"momentum_down": 0.650710394990986, "momentum_up": 0.5758494484420608, "mu_down": 0.12043016119735628, "mu_up": 0.0006840404520997231}, "datetime": {"datetime": "2024-06-09 20:54:17", "elapsed": 118.814168, "delta": 0.88419}}
{"target": -2300.0, "params": {"momentum_down": 0.7971004535241413, "momentum_up": 0.22390360412406643, "mu_down": 0.2552281909833185, "mu_up": 0.0007363845060889075}, "datetime": {"datetime": "2024-06-09 20:54:17", "elapsed": 118.930129, "delta": 0.115961}}
{"target": -2034.2694619938584, "params": {"momentum_down": 0.1662889529220391, "momentum_up": 0.020468716654955366, "mu_down": 0.01600057039944115, "mu_up": 0.00084026325920805}, "datetime": {"datetime": "2024-06-09 20:54:19", "elapsed": 120.855801, "delta": 1.925672}}
{"target": -1356.293473257355, "params": {"momentum_down": 0.1522233125110013, "momentum_up": 0.7260589078239059, "mu_down": 0.152552104737721, "mu_up": 0.00034945635420247486}, "datetime": {"datetime": "2024-06-09 20:54:20", "elapsed": 122.124009, "delta": 1.268208}}
{"target": -643.2541666274473, "params": {"momentum_down": 0.7908089972697199, "momentum_up": 0.9493972230181829, "mu_down": 0.07914906676118541, "mu_up": 0.00025596649777552983}, "datetime": {"datetime": "2024-06-09 20:54:21", "elapsed": 123.436147, "delta": 1.312138}}
{"target": -2300.0, "params": {"momentum_down": 0.8704831688482411, "momentum_up": 0.3774405123516376, "mu_down": 0.06683441931789297, "mu_up": 0.0009271553703609077}, "datetime": {"datetime": "2024-06-09 20:54:21", "elapsed": 123.586687, "delta": 0.15054}}
{"target": -532.2837915701563, "params": {"momentum_down": 0.8183638055502293, "momentum_up": 0.9472098975384563, "mu_down": 0.08238120832457005, "mu_up": 0.0003599868094397519}, "datetime": {"datetime": "2024-06-09 20:54:22", "elapsed": 124.716768, "delta": 1.130081}}
{"target": -2300.0, "params": {"momentum_down": 0.9647038259881151, "momentum_up": 0.4694311801967964, "mu_down": 0.2547385776173855, "mu_up": 0.0006289779467508002}, "datetime": {"datetime": "2024-06-09 20:54:23", "elapsed": 124.890515, "delta": 0.173747}}
{"target": -1447.2980036958238, "params": {"momentum_down": 0.9020935133755261, "momentum_up": 0.5897507049068424, "mu_down": 0.0729332783387881, "mu_up": 0.00019440986900952776}, "datetime": {"datetime": "2024-06-09 20:54:24", "elapsed": 126.276321, "delta": 1.385806}}
{"target": -2020.5384556375686, "params": {"momentum_down": 0.642139988930034, "momentum_up": 0.24024864578444427, "mu_down": 0.12464415767768522, "mu_up": 2.398949478903737e-05}, "datetime": {"datetime": "2024-06-09 20:54:26", "elapsed": 128.130742, "delta": 1.854421}}
{"target": -814.2933464500917, "params": {"momentum_down": 0.5576476022026965, "momentum_up": 0.7484587505532717, "mu_down": 0.20156266851664853, "mu_up": 0.00024269268539234507}, "datetime": {"datetime": "2024-06-09 20:54:27", "elapsed": 129.470101, "delta": 1.339359}}
{"target": -613.2473945091599, "params": {"momentum_down": 0.8137477614986225, "momentum_up": 0.9621348454717468, "mu_down": 0.08335378283091778, "mu_up": 0.0004891999752594552}, "datetime": {"datetime": "2024-06-09 20:54:29", "elapsed": 131.097275, "delta": 1.627174}}
{"target": -1919.2977655208501, "params": {"momentum_down": 0.7992741750408202, "momentum_up": 0.965000756153408, "mu_down": 0.09382776785885344, "mu_up": 1.3140715411491386e-05}, "datetime": {"datetime": "2024-06-09 20:54:31", "elapsed": 133.434848, "delta": 2.337573}}
{"target": -2000.898286343657, "params": {"momentum_down": 0.6832091010538958, "momentum_up": 0.5120731570454753, "mu_down": 0.08967500315666814, "mu_up": 0.00012205040151373583}, "datetime": {"datetime": "2024-06-09 20:54:33", "elapsed": 135.550873, "delta": 2.116025}}
{"target": -2300.0, "params": {"momentum_down": 0.5653603690150344, "momentum_up": 0.7514082061246353, "mu_down": 0.20755370662541783, "mu_up": 0.001}, "datetime": {"datetime": "2024-06-09 20:54:34", "elapsed": 136.408791, "delta": 0.857918}}
{"target": -2028.7236200519146, "params": {"momentum_down": 0.23347238876982143, "momentum_up": 0.9875389400368829, "mu_down": 0.2974137991177665, "mu_up": 0.0002549125065884362}, "datetime": {"datetime": "2024-06-09 20:54:36", "elapsed": 138.43829, "delta": 2.029499}}
{"target": -412.2879544001962, "params": {"momentum_down": 0.8278908499429481, "momentum_up": 0.9528771305530176, "mu_down": 0.10517118623355978, "mu_up": 0.0005556080651551217}, "datetime": {"datetime": "2024-06-09 20:54:37", "elapsed": 139.47044, "delta": 1.03215}}
{"target": -2004.3950066141283, "params": {"momentum_down": 0.46903523460000296, "momentum_up": 0.20633380981726177, "mu_down": 0.16529683762233546, "mu_up": 9.704743820893494e-05}, "datetime": {"datetime": "2024-06-09 20:54:40", "elapsed": 141.790521, "delta": 2.320081}}
{"target": -2034.1826756234768, "params": {"momentum_down": 0.24417172028937462, "momentum_up": 0.4165458949443905, "mu_down": 0.014379889507178022, "mu_up": 0.0006470567105777051}, "datetime": {"datetime": "2024-06-09 20:54:42", "elapsed": 143.882779, "delta": 2.092258}}
{"target": -562.2953832300547, "params": {"momentum_down": 0.5723602772238728, "momentum_up": 0.7461912388242612, "mu_down": 0.19319105425774333, "mu_up": 0.000545739592504064}, "datetime": {"datetime": "2024-06-09 20:54:43", "elapsed": 145.153389, "delta": 1.27061}}
{"target": -1587.2972963805146, "params": {"momentum_down": 0.8376865448354446, "momentum_up": 0.9417255103142657, "mu_down": 0.09562022455746425, "mu_up": 2.63986087709896e-05}, "datetime": {"datetime": "2024-06-09 20:54:45", "elapsed": 147.462561, "delta": 2.309172}}
{"target": -1236.2939200334556, "params": {"momentum_down": 0.7488553071945816, "momentum_up": 0.22974527579260856, "mu_down": 0.2696510351933816, "mu_up": 0.0004675474654482149}, "datetime": {"datetime": "2024-06-09 20:54:47", "elapsed": 148.812216, "delta": 1.349655}}
{"target": -2043.8153699334016, "params": {"momentum_down": 0.0006629341985937031, "momentum_up": 0.5301530870946284, "mu_down": 0.015081497283711953, "mu_up": 0.00028565386024183287}, "datetime": {"datetime": "2024-06-09 20:54:49", "elapsed": 150.834376, "delta": 2.02216}}
{"target": -1648.2976706011527, "params": {"momentum_down": 0.4382316172383407, "momentum_up": 0.365143595570979, "mu_down": 0.281539246957286, "mu_up": 0.0002789233592337099}, "datetime": {"datetime": "2024-06-09 20:54:50", "elapsed": 152.653888, "delta": 1.819512}}
{"target": -2001.4561203293956, "params": {"momentum_down": 0.17841849357919304, "momentum_up": 0.10228231937857388, "mu_down": 0.2717149186410807, "mu_up": 0.00018091465675145328}, "datetime": {"datetime": "2024-06-09 20:54:53", "elapsed": 154.854415, "delta": 2.200527}}
{"target": -2300.0, "params": {"momentum_down": 0.9153612686681627, "momentum_up": 0.18497116928455712, "mu_down": 0.17420274237637012, "mu_up": 0.0006289574968940351}, "datetime": {"datetime": "2024-06-09 20:54:53", "elapsed": 155.244517, "delta": 0.390102}}
{"target": -2300.0, "params": {"momentum_down": 0.431810133442159, "momentum_up": 0.6660281635175945, "mu_down": 0.22208522657731639, "mu_up": 0.0009163217468224767}, "datetime": {"datetime": "2024-06-09 20:54:54", "elapsed": 155.831327, "delta": 0.58681}}
{"target": -663.281727500844, "params": {"momentum_down": 0.5704438827572417, "momentum_up": 0.756707577700169, "mu_down": 0.19744878465911556, "mu_up": 0.0003238392577419259}, "datetime": {"datetime": "2024-06-09 20:54:55", "elapsed": 157.225903, "delta": 1.394576}}
{"target": -432.2869404902343, "params": {"momentum_down": 0.6293729163204734, "momentum_up": 0.7622323212332508, "mu_down": 0.2939657201819406, "mu_up": 0.00043653337077053154}, "datetime": {"datetime": "2024-06-09 20:54:56", "elapsed": 157.864501, "delta": 0.638598}}
{"target": -1065.287383176426, "params": {"momentum_down": 0.08094870847974171, "momentum_up": 0.4752491469731589, "mu_down": 0.21354548490658573, "mu_up": 0.0006940728841102058}, "datetime": {"datetime": "2024-06-09 20:54:57", "elapsed": 159.262584, "delta": 1.398083}}
{"target": -1728.2928993725513, "params": {"momentum_down": 0.9782135762748111, "momentum_up": 0.4664989131915263, "mu_down": 0.21819601414538617, "mu_up": 0.00021511530663734636}, "datetime": {"datetime": "2024-06-09 20:54:59", "elapsed": 161.150269, "delta": 1.887685}}
{"target": -2300.0, "params": {"momentum_down": 0.8260952287215126, "momentum_up": 0.9458751416935277, "mu_down": 0.10441940223662616, "mu_up": 0.0009080649776159821}, "datetime": {"datetime": "2024-06-09 20:55:00", "elapsed": 161.840111, "delta": 0.689842}}
{"target": -2001.9084974160094, "params": {"momentum_down": 0.3475659715164578, "momentum_up": 0.22457609133869413, "mu_down": 0.2570320218463217, "mu_up": 0.0001396141728963575}, "datetime": {"datetime": "2024-06-09 20:55:02", "elapsed": 164.007164, "delta": 2.167053}}
{"target": -2004.0820253061522, "params": {"momentum_down": 0.06643661261940585, "momentum_up": 0.938768997409807, "mu_down": 0.06217707535736777, "mu_up": 3.216287592425926e-05}, "datetime": {"datetime": "2024-06-09 20:55:04", "elapsed": 165.883245, "delta": 1.876081}}
{"target": -874.29566450614, "params": {"momentum_down": 0.5792595551479918, "momentum_up": 0.7512055241061213, "mu_down": 0.13427628586478757, "mu_up": 0.00026333952663225096}, "datetime": {"datetime": "2024-06-09 20:55:05", "elapsed": 166.910747, "delta": 1.027502}}
{"target": -643.284623389958, "params": {"momentum_down": 0.8052994755743234, "momentum_up": 0.9689575140971054, "mu_down": 0.08245591862008038, "mu_up": 0.0006836213693506875}, "datetime": {"datetime": "2024-06-09 20:55:06", "elapsed": 167.9748, "delta": 1.064053}}
{"target": -633.2847594087511, "params": {"momentum_down": 0.5441827014115161, "momentum_up": 0.5526696004051633, "mu_down": 0.2144378173261422, "mu_up": 0.0006380272075088427}, "datetime": {"datetime": "2024-06-09 20:55:07", "elapsed": 168.741697, "delta": 0.766897}}
{"target": -2300.0, "params": {"momentum_down": 0.7904767340059866, "momentum_up": 0.9508449377233199, "mu_down": 0.07462205365660025, "mu_up": 0.0008381350146198493}, "datetime": {"datetime": "2024-06-09 20:55:07", "elapsed": 169.483143, "delta": 0.741446}}
{"target": -502.26686785455445, "params": {"momentum_down": 0.8152479323435603, "momentum_up": 0.9556150216080438, "mu_down": 0.08903783669053379, "mu_up": 0.00012546806429697768}, "datetime": {"datetime": "2024-06-09 20:55:08", "elapsed": 170.453324, "delta": 0.970181}}
{"target": -532.2748784701249, "params": {"momentum_down": 0.8103775371802844, "momentum_up": 0.942665698464622, "mu_down": 0.08592477132231177, "mu_up": 0.00038234998557198344}, "datetime": {"datetime": "2024-06-09 20:55:09", "elapsed": 171.472659, "delta": 1.019335}}
{"target": -1045.133640850972, "params": {"momentum_down": 0.8188915932081858, "momentum_up": 0.954251944485366, "mu_down": 0.07896329987499395, "mu_up": 4.175206614188006e-05}, "datetime": {"datetime": "2024-06-09 20:55:11", "elapsed": 173.3077, "delta": 1.835041}}
{"target": -552.2937082874853, "params": {"momentum_down": 0.5698036614557972, "momentum_up": 0.7406916392047075, "mu_down": 0.19272652126453935, "mu_up": 0.0006502531559163527}, "datetime": {"datetime": "2024-06-09 20:55:12", "elapsed": 174.613405, "delta": 1.305705}}
{"target": -884.2962797972052, "params": {"momentum_down": 0.5691705763659906, "momentum_up": 0.7709499399774258, "mu_down": 0.19550391398476993, "mu_up": 0.0001984100820534856}, "datetime": {"datetime": "2024-06-09 20:55:14", "elapsed": 176.286641, "delta": 1.673236}}
{"target": -2300.0, "params": {"momentum_down": 0.8117556378938331, "momentum_up": 0.24597010987222007, "mu_down": 0.26675565935129164, "mu_up": 0.0006702395732698962}, "datetime": {"datetime": "2024-06-09 20:55:14", "elapsed": 176.600358, "delta": 0.313717}}
{"target": -2300.0, "params": {"momentum_down": 0.7653436468199916, "momentum_up": 0.5916273709595786, "mu_down": 0.08280522903331182, "mu_up": 0.0006932247570719467}, "datetime": {"datetime": "2024-06-09 20:55:15", "elapsed": 176.755258, "delta": 0.1549}}
{"target": -1055.2944871508728, "params": {"momentum_down": 0.5397969505024472, "momentum_up": 0.5548213980439323, "mu_down": 0.2142961175185874, "mu_up": 0.000312397342275793}, "datetime": {"datetime": "2024-06-09 20:55:16", "elapsed": 178.488755, "delta": 1.733497}}
{"target": -562.2736709261471, "params": {"momentum_down": 0.4599299082726871, "momentum_up": 0.9490936107454497, "mu_down": 0.2397667886704068, "mu_up": 0.00043920997874148085}, "datetime": {"datetime": "2024-06-09 20:55:17", "elapsed": 179.119081, "delta": 0.630326}}
{"target": -1105.2975240866497, "params": {"momentum_down": 0.1490067423544971, "momentum_up": 0.950821710394243, "mu_down": 0.22811012263174413, "mu_up": 0.0009515624760481802}, "datetime": {"datetime": "2024-06-09 20:55:18", "elapsed": 180.387763, "delta": 1.268682}}
{"target": -582.2600637447418, "params": {"momentum_down": 0.8059992672855768, "momentum_up": 0.9534419036689419, "mu_down": 0.0858515553915254, "mu_up": 0.0005432930587062644}, "datetime": {"datetime": "2024-06-09 20:55:19", "elapsed": 181.480597, "delta": 1.092834}}
{"target": -793.276152745945, "params": {"momentum_down": 0.4301119064634454, "momentum_up": 0.9366775759487944, "mu_down": 0.20322537814400926, "mu_up": 0.0009152359261764517}, "datetime": {"datetime": "2024-06-09 20:55:20", "elapsed": 182.431328, "delta": 0.950731}}
{"target": -2005.926589534243, "params": {"momentum_down": 0.8772430548473764, "momentum_up": 0.45581217057183426, "mu_down": 0.007761860302075129, "mu_up": 0.00014749280233659467}, "datetime": {"datetime": "2024-06-09 20:55:22", "elapsed": 184.51349, "delta": 2.082162}}
{"target": -2300.0, "params": {"momentum_down": 0.7099013143654481, "momentum_up": 0.36906483842587406, "mu_down": 0.061883790852095576, "mu_up": 0.0008678728362994331}, "datetime": {"datetime": "2024-06-09 20:55:22", "elapsed": 184.687516, "delta": 0.174026}}
{"target": -2000.307746785436, "params": {"momentum_down": 0.597482481153154, "momentum_up": 0.8536738781490544, "mu_down": 0.051451051819241665, "mu_up": 8.184911542466514e-05}, "datetime": {"datetime": "2024-06-09 20:55:25", "elapsed": 186.733905, "delta": 2.046389}}
{"target": -804.2800177712087, "params": {"momentum_down": 0.5801828926989855, "momentum_up": 0.8355640907044813, "mu_down": 0.12484871617571229, "mu_up": 0.0003623218436297504}, "datetime": {"datetime": "2024-06-09 20:55:26", "elapsed": 187.750014, "delta": 1.016109}}
{"target": -2300.0, "params": {"momentum_down": 0.3780320972650464, "momentum_up": 0.18026449219593632, "mu_down": 0.07243194812231797, "mu_up": 0.0008654982232440302}, "datetime": {"datetime": "2024-06-09 20:55:26", "elapsed": 187.904219, "delta": 0.154205}}
{"target": -2061.0721023594206, "params": {"momentum_down": 0.262357504156299, "momentum_up": 0.8698929243046952, "mu_down": 0.007402301903743835, "mu_up": 0.0006056740773813962}, "datetime": {"datetime": "2024-06-09 20:55:28", "elapsed": 190.034096, "delta": 2.129877}}
{"target": -2300.0, "params": {"momentum_down": 0.8291877942347577, "momentum_up": 0.7695608615112868, "mu_down": 0.03047022377931445, "mu_up": 0.0004004264938514313}, "datetime": {"datetime": "2024-06-09 20:55:29", "elapsed": 191.148004, "delta": 1.113908}}
{"target": -2019.729372041237, "params": {"momentum_down": 0.2693158613285532, "momentum_up": 0.025089921668313152, "mu_down": 0.15332041764314328, "mu_up": 0.0004821481724325203}, "datetime": {"datetime": "2024-06-09 20:55:31", "elapsed": 193.028841, "delta": 1.880837}}
{"target": -1396.2963110280166, "params": {"momentum_down": 0.5319494975969156, "momentum_up": 0.3749333046826962, "mu_down": 0.287007034245792, "mu_up": 0.00032584528273239295}, "datetime": {"datetime": "2024-06-09 20:55:32", "elapsed": 194.640021, "delta": 1.61118}}
{"target": -2000.595438036761, "params": {"momentum_down": 0.03838773001174165, "momentum_up": 0.5116268432204084, "mu_down": 0.23629599465468615, "mu_up": 0.00014295868423077224}, "datetime": {"datetime": "2024-06-09 20:55:35", "elapsed": 196.88065, "delta": 2.240629}}
{"target": -462.2792081099245, "params": {"momentum_down": 0.8360091124888842, "momentum_up": 0.9582280626849358, "mu_down": 0.09348034916199738, "mu_up": 0.0005930885762221909}, "datetime": {"datetime": "2024-06-09 20:55:36", "elapsed": 197.959111, "delta": 1.078461}}
{"target": -2300.0, "params": {"momentum_down": 0.9243561711690106, "momentum_up": 0.786644214967903, "mu_down": 0.20912920584295905, "mu_up": 0.0005992908579021728}, "datetime": {"datetime": "2024-06-09 20:55:36", "elapsed": 198.112464, "delta": 0.153353}}
{"target": -603.2950549923495, "params": {"momentum_down": 0.7934031541023977, "momentum_up": 0.9630590113052345, "mu_down": 0.08490963743180224, "mu_up": 6.466476779702666e-05}, "datetime": {"datetime": "2024-06-09 20:55:37", "elapsed": 199.661853, "delta": 1.549389}}
{"target": -2300.0, "params": {"momentum_down": 0.11649632863527648, "momentum_up": 0.6487830920685843, "mu_down": 0.2846596817041617, "mu_up": 0.00088853401793171}, "datetime": {"datetime": "2024-06-09 20:55:38", "elapsed": 199.877578, "delta": 0.215725}}
