{"target": -363.18373573005346, "params": {"momentum_down": 0.7665586587478042, "momentum_up": 0.9301221649229128, "mu_down": 0.28255592417040337, "mu_up": 0.00038306325560459354}, "datetime": {"datetime": "2024-01-20 16:32:25", "elapsed": 4204.050352, "delta": 32.628738}}
{"target": -2000.3058777680328, "params": {"momentum_down": 0.5052650558735332, "momentum_up": 0.6726963655358601, "mu_down": 0.25297850289430124, "mu_up": 0.00011763261048471795}, "datetime": {"datetime": "2024-01-20 16:32:29", "elapsed": 4208.914062, "delta": 4.86371}}
{"target": -2300.0, "params": {"momentum_down": 0.7207893029744277, "momentum_up": 0.8451215612969551, "mu_down": 0.223255662414639, "mu_up": 0.0007983691543861705}, "datetime": {"datetime": "2024-01-20 16:32:39", "elapsed": 4218.493995, "delta": 9.579933}}
{"target": -1354.0149774952024, "params": {"momentum_down": 0.5300750692555946, "momentum_up": 0.5766148277507124, "mu_down": 0.10810001172786313, "mu_up": 0.0008180284118644626}, "datetime": {"datetime": "2024-01-20 16:32:52", "elapsed": 4231.040834, "delta": 12.546839}}
{"target": -2300.0, "params": {"momentum_down": 0.7650612707403048, "momentum_up": 0.5574712594334776, "mu_down": 0.2228240810232307, "mu_up": 0.0008013940687059694}, "datetime": {"datetime": "2024-01-20 16:33:03", "elapsed": 4242.263163, "delta": 11.222329}}
{"target": -1394.0329815102598, "params": {"momentum_down": 0.5085344478894931, "momentum_up": 0.5326393250736126, "mu_down": 0.1096591685137253, "mu_up": 0.000781841377021031}, "datetime": {"datetime": "2024-01-20 16:33:07", "elapsed": 4246.938703, "delta": 4.67554}}
{"target": -2300.0, "params": {"momentum_down": 0.8070076938468362, "momentum_up": 0.6583122446610512, "mu_down": 0.028028785309577184, "mu_up": 0.0007167185331922143}, "datetime": {"datetime": "2024-01-20 16:33:20", "elapsed": 4259.884617, "delta": 12.945914}}
{"target": -424.7329690799799, "params": {"momentum_down": 0.6562615580740142, "momentum_up": 0.8669607500186046, "mu_down": 0.2685417787843879, "mu_up": 0.00043964915382503227}, "datetime": {"datetime": "2024-01-20 16:33:36", "elapsed": 4275.640137, "delta": 15.75552}}
{"target": -2300.0, "params": {"momentum_down": 0.5728566757340334, "momentum_up": 0.5900545163385118, "mu_down": 0.22522777608571268, "mu_up": 0.0006682144763011335}, "datetime": {"datetime": "2024-01-20 16:33:49", "elapsed": 4288.784618, "delta": 13.144481}}
{"target": -2300.0, "params": {"momentum_down": 0.9418216935121811, "momentum_up": 0.7209300493991707, "mu_down": 0.201250395242083, "mu_up": 0.0009353952881371395}, "datetime": {"datetime": "2024-01-20 16:33:52", "elapsed": 4291.5509, "delta": 2.766282}}
{"target": -2300.0, "params": {"momentum_down": 0.8911082158675387, "momentum_up": 0.5409412441284551, "mu_down": 0.051764215890425944, "mu_up": 0.0007287905944513837}, "datetime": {"datetime": "2024-01-20 16:33:55", "elapsed": 4294.753217, "delta": 3.202317}}
{"target": -2079.7957215064134, "params": {"momentum_down": 0.6382025523986412, "momentum_up": 0.8193951785145092, "mu_down": 0.029241181802202195, "mu_up": 0.00019956245569134593}, "datetime": {"datetime": "2024-01-20 16:34:00", "elapsed": 4299.182164, "delta": 4.428947}}
{"target": -888.5479077825544, "params": {"momentum_down": 0.6435192844515807, "momentum_up": 0.8949117866009222, "mu_down": 0.14068831155192274, "mu_up": 0.000506787400834435}, "datetime": {"datetime": "2024-01-20 16:34:28", "elapsed": 4327.910232, "delta": 28.728068}}
{"target": -565.0829861749949, "params": {"momentum_down": 0.7478924828785564, "momentum_up": 0.8178765090118845, "mu_down": 0.2569299432573212, "mu_up": 0.0004028257202863324}, "datetime": {"datetime": "2024-01-20 16:35:21", "elapsed": 4380.601829, "delta": 52.691597}}
{"target": -647.0569627504955, "params": {"momentum_down": 0.550149267935975, "momentum_up": 0.9187710180502305, "mu_down": 0.21088084082433073, "mu_up": 0.00019016191962179725}, "datetime": {"datetime": "2024-01-20 16:35:44", "elapsed": 4403.339385, "delta": 22.737556}}
{"target": -2000.164147882123, "params": {"momentum_down": 0.9038703838997855, "momentum_up": 0.5126514122769357, "mu_down": 0.28948903512093316, "mu_up": 0.0002905284107053578}, "datetime": {"datetime": "2024-01-20 16:35:48", "elapsed": 4407.346117, "delta": 4.006732}}
{"target": -626.9253817801201, "params": {"momentum_down": 0.6551256191033756, "momentum_up": 0.877144008220994, "mu_down": 0.17009442883320133, "mu_up": 0.000560920575243078}, "datetime": {"datetime": "2024-01-20 16:35:51", "elapsed": 4410.641214, "delta": 3.295097}}
{"target": -2300.0, "params": {"momentum_down": 0.9723648788683067, "momentum_up": 0.9278231270078829, "mu_down": 0.24268578442117722, "mu_up": 0.0009541276687108174}, "datetime": {"datetime": "2024-01-20 16:35:59", "elapsed": 4418.930805, "delta": 8.289591}}
{"target": -2000.2713722622266, "params": {"momentum_down": 0.7594195350401357, "momentum_up": 0.5872675618011474, "mu_down": 0.2520114876541293, "mu_up": 0.00015170606426033437}, "datetime": {"datetime": "2024-01-20 16:36:13", "elapsed": 4432.401133, "delta": 13.470328}}
{"target": -2300.0, "params": {"momentum_down": 0.7771668203648011, "momentum_up": 0.6408697777375111, "mu_down": 0.11550847834205333, "mu_up": 0.0007960314388253233}, "datetime": {"datetime": "2024-01-20 16:36:17", "elapsed": 4435.997624, "delta": 3.596491}}
{"target": -2300.0, "params": {"momentum_down": 0.6056398020616275, "momentum_up": 0.9455348351506712, "mu_down": 0.166397854607496, "mu_up": 0.0009849082756250044}, "datetime": {"datetime": "2024-01-20 16:36:33", "elapsed": 4452.627261, "delta": 16.629637}}
{"target": -2005.6651059145993, "params": {"momentum_down": 0.7646131505270235, "momentum_up": 0.9895663116941108, "mu_down": 0.24852823858084222, "mu_up": 0.00022718762422802174}, "datetime": {"datetime": "2024-01-20 16:36:37", "elapsed": 4456.763962, "delta": 4.136701}}
{"target": -2300.0, "params": {"momentum_down": 0.7532798660327098, "momentum_up": 0.9036273816475132, "mu_down": 0.1800449130957071, "mu_up": 0.000822783214258522}, "datetime": {"datetime": "2024-01-20 16:36:57", "elapsed": 4476.187934, "delta": 19.423972}}
{"target": -2300.0, "params": {"momentum_down": 0.835804622327436, "momentum_up": 0.8828771162933877, "mu_down": 0.2922524740335325, "mu_up": 0.0005450037238948325}, "datetime": {"datetime": "2024-01-20 16:37:23", "elapsed": 4502.354308, "delta": 26.166374}}
{"target": -2000.130119414781, "params": {"momentum_down": 0.7272890289264049, "momentum_up": 0.9422544499124281, "mu_down": 0.1660420873454738, "mu_up": 2.741521797557488e-05}, "datetime": {"datetime": "2024-01-20 16:37:41", "elapsed": 4520.2172, "delta": 17.862892}}
{"target": -1313.085879411919, "params": {"momentum_down": 0.8237684966725234, "momentum_up": 0.7837514271765231, "mu_down": 0.13305411167002976, "mu_up": 0.00017133186134765273}, "datetime": {"datetime": "2024-01-20 16:37:58", "elapsed": 4537.131412, "delta": 16.914212}}
{"target": -2300.0, "params": {"momentum_down": 0.8570435831713585, "momentum_up": 0.6609393566730243, "mu_down": 0.11837099744258345, "mu_up": 0.0005750889055206842}, "datetime": {"datetime": "2024-01-20 16:38:02", "elapsed": 4541.262708, "delta": 4.131296}}
{"target": -2300.0, "params": {"momentum_down": 0.6653910889154258, "momentum_up": 0.918549976903356, "mu_down": 0.049858123950811795, "mu_up": 0.000926134457698037}, "datetime": {"datetime": "2024-01-20 16:38:15", "elapsed": 4554.933974, "delta": 13.671266}}
{"target": -2000.1252698059022, "params": {"momentum_down": 0.5826914018985424, "momentum_up": 0.6751428010231968, "mu_down": 0.11703984902128889, "mu_up": 0.0001776199452316778}, "datetime": {"datetime": "2024-01-20 16:39:29", "elapsed": 4628.211999, "delta": 73.278025}}
{"target": -2004.6970867699035, "params": {"momentum_down": 0.7645056776102834, "momentum_up": 0.6839127391756057, "mu_down": 0.28819837368243484, "mu_up": 3.305530986621989e-05}, "datetime": {"datetime": "2024-01-20 16:39:50", "elapsed": 4649.074419, "delta": 20.86242}}
{"target": -2000.0672061667744, "params": {"momentum_down": 0.7695436724980229, "momentum_up": 0.9315996904103819, "mu_down": 0.279767283476728, "mu_up": 0.0006035017369926091}, "datetime": {"datetime": "2024-01-20 16:40:03", "elapsed": 4662.833111, "delta": 13.758692}}
{"target": -627.1362681108077, "params": {"momentum_down": 0.7211393125048748, "momentum_up": 0.7828184111536001, "mu_down": 0.1352786582647352, "mu_up": 0.0005162878353287447}, "datetime": {"datetime": "2024-01-20 16:40:30", "elapsed": 4689.084613, "delta": 26.251502}}
{"target": -2300.0, "params": {"momentum_down": 0.6235426289447928, "momentum_up": 0.9874693192928037, "mu_down": 0.14112703137152197, "mu_up": 0.0007960530917443793}, "datetime": {"datetime": "2024-01-20 16:40:41", "elapsed": 4700.608994, "delta": 11.524381}}
{"target": -647.0183597358805, "params": {"momentum_down": 0.7142551421028862, "momentum_up": 0.9055116924903592, "mu_down": 0.13469860246029808, "mu_up": 0.0003285201526202099}, "datetime": {"datetime": "2024-01-20 16:40:54", "elapsed": 4713.781563, "delta": 13.172569}}
{"target": -2300.0, "params": {"momentum_down": 0.9876945177910161, "momentum_up": 0.6608821080093451, "mu_down": 0.2579630345916003, "mu_up": 0.0009346224637855301}, "datetime": {"datetime": "2024-01-20 16:41:00", "elapsed": 4719.168674, "delta": 5.387111}}
{"target": -2300.0, "params": {"momentum_down": 0.7839731292770415, "momentum_up": 0.8388588910550283, "mu_down": 0.18015219167212207, "mu_up": 0.0007948408447175685}, "datetime": {"datetime": "2024-01-20 16:41:32", "elapsed": 4751.792326, "delta": 32.623652}}
{"target": -626.1284644190729, "params": {"momentum_down": 0.6495846862343222, "momentum_up": 0.7040749958610923, "mu_down": 0.2729146439509392, "mu_up": 0.0006644642652364734}, "datetime": {"datetime": "2024-01-20 16:41:47", "elapsed": 4766.40525, "delta": 14.612924}}
{"target": -2300.0, "params": {"momentum_down": 0.6296819327864173, "momentum_up": 0.9773677802614434, "mu_down": 0.09488277911551661, "mu_up": 0.0008140521519906684}, "datetime": {"datetime": "2024-01-20 16:41:57", "elapsed": 4776.15291, "delta": 9.74766}}
{"target": -2300.0, "params": {"momentum_down": 0.9754588048511208, "momentum_up": 0.7000286947896008, "mu_down": 0.06651605060355677, "mu_up": 0.0009470481222301491}, "datetime": {"datetime": "2024-01-20 16:42:07", "elapsed": 4786.454123, "delta": 10.301213}}
{"target": -1939.0846992005054, "params": {"momentum_down": 0.6386827865919708, "momentum_up": 0.7282301929587027, "mu_down": 0.22969939720485288, "mu_up": 0.00014550899663877802}, "datetime": {"datetime": "2024-01-20 16:42:12", "elapsed": 4791.114376, "delta": 4.660253}}
{"target": -2300.0, "params": {"momentum_down": 0.5143935568540707, "momentum_up": 0.8681516606065058, "mu_down": 0.021626158512981674, "mu_up": 0.0005723891606686431}, "datetime": {"datetime": "2024-01-20 16:42:24", "elapsed": 4803.858146, "delta": 12.74377}}
{"target": -1393.082764843073, "params": {"momentum_down": 0.6549382694036623, "momentum_up": 0.8779615872834032, "mu_down": 0.17245009403893163, "mu_up": 9.801826939071265e-05}, "datetime": {"datetime": "2024-01-20 16:43:13", "elapsed": 4852.524114, "delta": 48.665968}}
{"target": -949.080916401664, "params": {"momentum_down": 0.5078874949682078, "momentum_up": 0.8886400511012515, "mu_down": 0.26276811085073193, "mu_up": 0.0006741428534764954}, "datetime": {"datetime": "2024-01-20 16:43:40", "elapsed": 4879.81224, "delta": 27.288126}}
{"target": -2300.0, "params": {"momentum_down": 0.9104029359674883, "momentum_up": 0.9831624044551859, "mu_down": 0.268503559479737, "mu_up": 0.0006164011458101323}, "datetime": {"datetime": "2024-01-20 16:43:49", "elapsed": 4888.366735, "delta": 8.554495}}
{"target": -2000.114423607693, "params": {"momentum_down": 0.8141722702431927, "momentum_up": 0.7969990156476132, "mu_down": 0.19789159578712315, "mu_up": 9.820692468641702e-05}, "datetime": {"datetime": "2024-01-20 16:44:08", "elapsed": 4907.042464, "delta": 18.675729}}
{"target": -1313.0933060710424, "params": {"momentum_down": 0.8181173480753494, "momentum_up": 0.8472890247069932, "mu_down": 0.2655834426199787, "mu_up": 0.00011721855949954201}, "datetime": {"datetime": "2024-01-20 16:44:17", "elapsed": 4916.436458, "delta": 9.393994}}
{"target": -2023.4871719680302, "params": {"momentum_down": 0.7233812702958229, "momentum_up": 0.6052773933483586, "mu_down": 0.08355020780951529, "mu_up": 0.0005773824841143524}, "datetime": {"datetime": "2024-01-20 16:44:21", "elapsed": 4920.839999, "delta": 4.403541}}
{"target": -2300.0, "params": {"momentum_down": 0.9748349706047157, "momentum_up": 0.7200301347739784, "mu_down": 0.11257023867517568, "mu_up": 0.0002056192164714807}, "datetime": {"datetime": "2024-01-20 16:44:25", "elapsed": 4924.087338, "delta": 3.247339}}
{"target": -808.9457987446012, "params": {"momentum_down": 0.5746996848603565, "momentum_up": 0.8598309329352305, "mu_down": 0.1632822081919393, "mu_up": 0.0007298371508846931}, "datetime": {"datetime": "2024-01-20 16:44:57", "elapsed": 4956.929529, "delta": 32.842191}}
{"target": -2300.0, "params": {"momentum_down": 0.7641531520204088, "momentum_up": 0.6278669224827425, "mu_down": 0.0653762360388625, "mu_up": 0.000719168666773563}, "datetime": {"datetime": "2024-01-20 16:45:02", "elapsed": 4961.207142, "delta": 4.277613}}
{"target": -1737.1418644208927, "params": {"momentum_down": 0.5260789691781157, "momentum_up": 0.6658356294631768, "mu_down": 0.1329676578995275, "mu_up": 0.00024476157653593}, "datetime": {"datetime": "2024-01-20 16:45:07", "elapsed": 4966.322701, "delta": 5.115559}}
{"target": -606.7188822014624, "params": {"momentum_down": 0.6040628895507623, "momentum_up": 0.81602181273986, "mu_down": 0.21817910825054004, "mu_up": 0.0004239443285873749}, "datetime": {"datetime": "2024-01-20 16:45:21", "elapsed": 4980.033884, "delta": 13.711183}}
{"target": -566.1003088173178, "params": {"momentum_down": 0.5687056790166852, "momentum_up": 0.916099975212299, "mu_down": 0.22803598414514945, "mu_up": 0.0002380675755906758}, "datetime": {"datetime": "2024-01-20 16:45:57", "elapsed": 5016.445787, "delta": 36.411903}}
{"target": -829.1133174810033, "params": {"momentum_down": 0.5568912904615223, "momentum_up": 0.7659649425506083, "mu_down": 0.16516152425607508, "mu_up": 0.0004538849674992367}, "datetime": {"datetime": "2024-01-20 16:46:33", "elapsed": 5052.928819, "delta": 36.483032}}
{"target": -707.9646890591227, "params": {"momentum_down": 0.5415301139204562, "momentum_up": 0.8230876223764483, "mu_down": 0.19979079939664768, "mu_up": 0.0007187864110498293}, "datetime": {"datetime": "2024-01-20 16:46:37", "elapsed": 5056.23439, "delta": 3.305571}}
{"target": -2300.0, "params": {"momentum_down": 0.8343458190488877, "momentum_up": 0.8818772284252951, "mu_down": 0.2940411181601384, "mu_up": 0.0009749043873330111}, "datetime": {"datetime": "2024-01-20 16:47:11", "elapsed": 5090.064043, "delta": 33.829653}}
{"target": -2000.126986058201, "params": {"momentum_down": 0.5407116791519513, "momentum_up": 0.5467764213924355, "mu_down": 0.1799714354748932, "mu_up": 0.00022067014752124298}, "datetime": {"datetime": "2024-01-20 16:47:41", "elapsed": 5120.042826, "delta": 29.978783}}
{"target": -1595.527138498258, "params": {"momentum_down": 0.5018874209660633, "momentum_up": 0.9684024502850277, "mu_down": 0.11014424990169219, "mu_up": 5.690294032129444e-05}, "datetime": {"datetime": "2024-01-20 16:47:48", "elapsed": 5127.548962, "delta": 7.506136}}
{"target": -1393.2639845330964, "params": {"momentum_down": 0.6273940363899893, "momentum_up": 0.8836478232196376, "mu_down": 0.10936173410580045, "mu_up": 0.0006533427305155788}, "datetime": {"datetime": "2024-01-20 16:48:21", "elapsed": 5160.008982, "delta": 32.46002}}
{"target": -787.9605407918012, "params": {"momentum_down": 0.5758791313116186, "momentum_up": 0.8593795888470119, "mu_down": 0.16543246442662643, "mu_up": 0.00045260569703848115}, "datetime": {"datetime": "2024-01-20 16:48:39", "elapsed": 5178.601361, "delta": 18.592379}}
{"target": -2300.0, "params": {"momentum_down": 0.7687063483298191, "momentum_up": 0.5873899449166169, "mu_down": 0.15852156393697847, "mu_up": 0.0008730697184547772}, "datetime": {"datetime": "2024-01-20 16:48:54", "elapsed": 5193.528491, "delta": 14.92713}}
{"target": -2300.0, "params": {"momentum_down": 0.9755801880174564, "momentum_up": 0.6008260928177314, "mu_down": 0.13867065242624885, "mu_up": 0.0009310679429714984}, "datetime": {"datetime": "2024-01-20 16:49:15", "elapsed": 5214.175842, "delta": 20.647351}}
{"target": -787.9740067585673, "params": {"momentum_down": 0.5755461636369692, "momentum_up": 0.8581749787681365, "mu_down": 0.16553983129958577, "mu_up": 0.0005543496708974627}, "datetime": {"datetime": "2024-01-20 16:50:08", "elapsed": 5267.307851, "delta": 53.132009}}
{"target": -2000.1302933606098, "params": {"momentum_down": 0.9536746591601175, "momentum_up": 0.7798918838171565, "mu_down": 0.1046813870655496, "mu_up": 9.269560798491188e-05}, "datetime": {"datetime": "2024-01-20 16:50:13", "elapsed": 5272.0406, "delta": 4.732749}}
{"target": -2300.0, "params": {"momentum_down": 0.7255766110442858, "momentum_up": 0.61599853623762, "mu_down": 0.2580324580477721, "mu_up": 0.0008992810920213722}, "datetime": {"datetime": "2024-01-20 16:50:15", "elapsed": 5274.230001, "delta": 2.189401}}
{"target": -2300.0, "params": {"momentum_down": 0.8037397434033602, "momentum_up": 0.5126071123191607, "mu_down": 0.25647965224554375, "mu_up": 0.0007874676398511246}, "datetime": {"datetime": "2024-01-20 16:50:17", "elapsed": 5276.774119, "delta": 2.544118}}
{"target": -545.0844762021535, "params": {"momentum_down": 0.7676597725494597, "momentum_up": 0.9277367557674292, "mu_down": 0.27937856427481306, "mu_up": 0.0005160366636516005}, "datetime": {"datetime": "2024-01-20 16:50:49", "elapsed": 5308.923517, "delta": 32.149398}}
{"target": -2000.905247118495, "params": {"momentum_down": 0.7431349272760155, "momentum_up": 0.7624317473975987, "mu_down": 0.05078430921815645, "mu_up": 7.862131172884793e-05}, "datetime": {"datetime": "2024-01-20 16:50:54", "elapsed": 5313.209379, "delta": 4.285862}}
{"target": -787.0787004718321, "params": {"momentum_down": 0.62760651261869, "momentum_up": 0.6754193811812673, "mu_down": 0.29548167653761487, "mu_up": 0.0004913046949579157}, "datetime": {"datetime": "2024-01-20 16:51:16", "elapsed": 5335.480979, "delta": 22.2716}}
{"target": -505.9731782716343, "params": {"momentum_down": 0.7622482348011366, "momentum_up": 0.796420529392483, "mu_down": 0.14527127713477975, "mu_up": 0.0006151070100749488}, "datetime": {"datetime": "2024-01-20 16:51:35", "elapsed": 5354.436213, "delta": 18.955234}}
{"target": -949.0742524960915, "params": {"momentum_down": 0.8852518833734994, "momentum_up": 0.6030832853503006, "mu_down": 0.1393506373490081, "mu_up": 0.0004408726071205417}, "datetime": {"datetime": "2024-01-20 16:51:38", "elapsed": 5357.938169, "delta": 3.501956}}
{"target": -2300.0, "params": {"momentum_down": 0.9141195367916917, "momentum_up": 0.887698020277164, "mu_down": 0.06784000587979733, "mu_up": 0.0009429265942243358}, "datetime": {"datetime": "2024-01-20 16:51:41", "elapsed": 5360.46284, "delta": 2.524671}}
{"target": -2001.6831124763, "params": {"momentum_down": 0.648783225756675, "momentum_up": 0.6291051080184702, "mu_down": 0.1535371074754018, "mu_up": 7.259026673113133e-05}, "datetime": {"datetime": "2024-01-20 16:51:46", "elapsed": 5365.258427, "delta": 4.795587}}
{"target": -2300.0, "params": {"momentum_down": 0.9243521319008814, "momentum_up": 0.8152838955367043, "mu_down": 0.07426656412819424, "mu_up": 0.0008317733944967753}, "datetime": {"datetime": "2024-01-20 16:51:56", "elapsed": 5375.828289, "delta": 10.569862}}
{"target": -2300.0, "params": {"momentum_down": 0.6624751333521374, "momentum_up": 0.5831359488816956, "mu_down": 0.04361078959970997, "mu_up": 0.0005418287971170986}, "datetime": {"datetime": "2024-01-20 16:51:59", "elapsed": 5378.971871, "delta": 3.143582}}
{"target": -2300.0, "params": {"momentum_down": 0.7793884267829322, "momentum_up": 0.5842639520750966, "mu_down": 0.21970798854385826, "mu_up": 0.0008769677987495932}, "datetime": {"datetime": "2024-01-20 16:52:09", "elapsed": 5388.853242, "delta": 9.881371}}
{"target": -727.2049833506641, "params": {"momentum_down": 0.5706062375457313, "momentum_up": 0.9151006301006279, "mu_down": 0.2613465951333863, "mu_up": 0.00014609402129867405}, "datetime": {"datetime": "2024-01-20 16:52:26", "elapsed": 5405.281828, "delta": 16.428586}}
