{"target": -2000.9310141138133, "params": {"momentum_down": 0.9084724502552629, "momentum_up": 0.0996025812357967, "mu_down": 0.02630082019793019, "mu_up": 0.0002424036146673792}, "datetime": {"datetime": "2024-02-15 14:41:19", "elapsed": 174.8723, "delta": 2.862286}}
{"target": -2000.16301647177, "params": {"momentum_down": 0.145313755797412, "momentum_up": 0.26469199172641855, "mu_down": 0.2, "mu_up": 0.0005}, "datetime": {"datetime": "2024-02-15 14:41:22", "elapsed": 177.929128, "delta": 3.056828}}
{"target": -2027.674068361976, "params": {"momentum_down": 0.8395648319579625, "momentum_up": 0.5246842386743321, "mu_down": 0.05119200960921145, "mu_up": 1e-05}, "datetime": {"datetime": "2024-02-15 14:41:25", "elapsed": 181.031738, "delta": 3.10261}}
{"target": -2000.2132381842953, "params": {"momentum_down": 0.36850067446773094, "momentum_up": 0.5732999443726173, "mu_down": 0.19693790227430497, "mu_up": 0.00018665496534146133}, "datetime": {"datetime": "2024-02-15 14:41:28", "elapsed": 183.910962, "delta": 2.879224}}
{"target": -2000.1466443551917, "params": {"momentum_down": 0.1414812364782602, "momentum_up": 0.5879025495827286, "mu_down": 0.19490590449670944, "mu_up": 0.0004077038758018183}, "datetime": {"datetime": "2024-02-15 14:41:31", "elapsed": 187.466581, "delta": 3.555619}}
{"target": -2300.0, "params": {"momentum_down": 0.8494901196248023, "momentum_up": 0.6668138233686859, "mu_down": 0.012231532995776773, "mu_up": 0.00036353154722122824}, "datetime": {"datetime": "2024-02-15 14:41:32", "elapsed": 188.63301, "delta": 1.166429}}
{"target": -2001.9548554532919, "params": {"momentum_down": 0.29494799236666686, "momentum_up": 0.910468457655547, "mu_down": 0.16741650623693854, "mu_up": 1.8497028093150916e-05}, "datetime": {"datetime": "2024-02-15 14:41:34", "elapsed": 190.743856, "delta": 2.110846}}
{"target": -2000.0461922638524, "params": {"momentum_down": 0.35894701653372263, "momentum_up": 0.7980719659695933, "mu_down": 0.2, "mu_up": 0.00014599440077575103}, "datetime": {"datetime": "2024-02-15 14:41:38", "elapsed": 194.08387, "delta": 3.340014}}
{"target": -2006.5533019226878, "params": {"momentum_down": 0.3140415066034406, "momentum_up": 0.6585177780882725, "mu_down": 0.0899761861270823, "mu_up": 5.131065236944729e-05}, "datetime": {"datetime": "2024-02-15 14:41:40", "elapsed": 196.506691, "delta": 2.422821}}
{"target": -2000.2218000987998, "params": {"momentum_down": 0.48308288863650195, "momentum_up": 0.5028325667890219, "mu_down": 0.14087776597459753, "mu_up": 0.0002282870284558726}, "datetime": {"datetime": "2024-02-15 14:41:44", "elapsed": 199.970423, "delta": 3.463732}}
{"target": -2000.4724929067406, "params": {"momentum_down": 0.16171307493687578, "momentum_up": 0.9052811579151908, "mu_down": 0.15436445564336515, "mu_up": 0.00010652363452131877}, "datetime": {"datetime": "2024-02-15 14:41:47", "elapsed": 203.499377, "delta": 3.528954}}
{"target": -2024.9726763006106, "params": {"momentum_down": 0.23575721665657154, "momentum_up": 0.20553379490459023, "mu_down": 0.035501856667770636, "mu_up": 0.000225042815764605}, "datetime": {"datetime": "2024-02-15 14:41:50", "elapsed": 206.211458, "delta": 2.712081}}
{"target": -2000.8740915269698, "params": {"momentum_down": 0.7727688984003308, "momentum_up": 0.04824672499367569, "mu_down": 0.1588179661932924, "mu_up": 0.00024361445456332203}, "datetime": {"datetime": "2024-02-15 14:41:52", "elapsed": 208.600379, "delta": 2.388921}}
{"target": -2002.3795806185046, "params": {"momentum_down": 0.8171699255849677, "momentum_up": 0.01855938370834158, "mu_down": 0.03438949419787701, "mu_up": 0.00020686747490803467}, "datetime": {"datetime": "2024-02-15 14:41:55", "elapsed": 211.632242, "delta": 3.031863}}
{"target": -2020.4507344760793, "params": {"momentum_down": 0.7800088915114243, "momentum_up": 0.32098629931324535, "mu_down": 0.022952416351575147, "mu_up": 3.655964433686168e-05}, "datetime": {"datetime": "2024-02-15 14:41:58", "elapsed": 214.299539, "delta": 2.667297}}
{"target": -1778.0185661865532, "params": {"momentum_down": 0.9108891668889186, "momentum_up": 0.7098958701546915, "mu_down": 0.19997220946653166, "mu_up": 0.00034225871867845785}, "datetime": {"datetime": "2024-02-15 14:42:00", "elapsed": 216.644548, "delta": 2.345009}}
{"target": -2007.4889286354362, "params": {"momentum_down": 0.6575559560690338, "momentum_up": 0.6374664622202811, "mu_down": 0.03556402742628933, "mu_up": 7.279553473901637e-05}, "datetime": {"datetime": "2024-02-15 14:42:03", "elapsed": 219.781938, "delta": 3.13739}}
{"target": -2000.0209549919834, "params": {"momentum_down": 0.8850927557271856, "momentum_up": 0.6903624317642973, "mu_down": 0.19859242361255935, "mu_up": 0.0003462137732034216}, "datetime": {"datetime": "2024-02-15 14:42:08", "elapsed": 224.027714, "delta": 4.245776}}
{"target": -2009.9033464979684, "params": {"momentum_down": 0.9100902205186947, "momentum_up": 0.740845074036987, "mu_down": 0.1803547241015443, "mu_up": 0.0004344014409765525}, "datetime": {"datetime": "2024-02-15 14:42:11", "elapsed": 227.707312, "delta": 3.679598}}
{"target": -2000.0946464605627, "params": {"momentum_down": 0.9288725806142651, "momentum_up": 0.6747220840908432, "mu_down": 0.19818712299522814, "mu_up": 0.00015461460347309088}, "datetime": {"datetime": "2024-02-15 14:42:15", "elapsed": 231.079928, "delta": 3.372616}}
{"target": -2077.6374917905227, "params": {"momentum_down": 0.1662889529220391, "momentum_up": 0.020468716654955366, "mu_down": 0.010667046932960767, "mu_up": 0.00042093838082014597}, "datetime": {"datetime": "2024-02-15 14:42:18", "elapsed": 234.359397, "delta": 3.279469}}
{"target": -2002.8774322406011, "params": {"momentum_down": 0.1522233125110013, "momentum_up": 0.7260589078239059, "mu_down": 0.10170140315848067, "mu_up": 0.00017801375106991178}, "datetime": {"datetime": "2024-02-15 14:42:22", "elapsed": 238.21008, "delta": 3.850683}}
{"target": -2000.024015435317, "params": {"momentum_down": 0.8841856481916751, "momentum_up": 0.7264276595433352, "mu_down": 0.1997961888101453, "mu_up": 0.0003542092549156622}, "datetime": {"datetime": "2024-02-15 14:42:26", "elapsed": 242.146794, "delta": 3.936714}}
{"target": -2300.0, "params": {"momentum_down": 0.8704831688482411, "momentum_up": 0.3774405123516376, "mu_down": 0.04455627954526198, "mu_up": 0.00046394558735034827}, "datetime": {"datetime": "2024-02-15 14:42:26", "elapsed": 242.447413, "delta": 0.300619}}
{"target": -2300.0, "params": {"momentum_down": 0.9279601103805669, "momentum_up": 0.7219179299957768, "mu_down": 0.19866319339783353, "mu_up": 0.00046032689832286965}, "datetime": {"datetime": "2024-02-15 14:42:29", "elapsed": 245.491974, "delta": 3.044561}}
{"target": -2045.369268357693, "params": {"momentum_down": 0.9647038259881151, "momentum_up": 0.4694311801967964, "mu_down": 0.16982571841159033, "mu_up": 0.00031636282212918395}, "datetime": {"datetime": "2024-02-15 14:42:32", "elapsed": 248.330373, "delta": 2.838399}}
{"target": -2000.0270391923143, "params": {"momentum_down": 0.9042124769846503, "momentum_up": 0.7055330067394875, "mu_down": 0.2, "mu_up": 0.00028691612559540405}, "datetime": {"datetime": "2024-02-15 14:42:41", "elapsed": 257.110619, "delta": 8.780246}}
{"target": -2033.3385330960048, "params": {"momentum_down": 0.2583385890927581, "momentum_up": 0.31828542613722766, "mu_down": 0.16467833799955423, "mu_up": 1.3787613191956496e-05}, "datetime": {"datetime": "2024-02-15 14:42:50", "elapsed": 266.437351, "delta": 9.326732}}
{"target": -2000.0258646829777, "params": {"momentum_down": 0.8936275433903655, "momentum_up": 0.7217896962223797, "mu_down": 0.19111629868576405, "mu_up": 0.00019969698162358992}, "datetime": {"datetime": "2024-02-15 14:42:59", "elapsed": 275.457479, "delta": 9.020128}}
{"target": -2000.061161169519, "params": {"momentum_down": 0.31596663551369175, "momentum_up": 0.7453915953097164, "mu_down": 0.1791856467241101, "mu_up": 0.00029041159119122143}, "datetime": {"datetime": "2024-02-15 14:43:06", "elapsed": 281.895643, "delta": 6.438164}}
{"target": -2000.5302975337174, "params": {"momentum_down": 0.5572670784467482, "momentum_up": 0.15123168986985444, "mu_down": 0.11352648539483019, "mu_up": 0.0002918733567253521}, "datetime": {"datetime": "2024-02-15 14:43:13", "elapsed": 289.146898, "delta": 7.251255}}
{"target": -2004.9492640677393, "params": {"momentum_down": 0.6832091010538958, "momentum_up": 0.5120731570454753, "mu_down": 0.059783335437778765, "mu_up": 6.545928963811167e-05}, "datetime": {"datetime": "2024-02-15 14:43:19", "elapsed": 294.84994, "delta": 5.703042}}
{"target": -2300.0, "params": {"momentum_down": 0.8783058758549295, "momentum_up": 0.7118760608467669, "mu_down": 0.1989413258121171, "mu_up": 0.0004696423858414614}, "datetime": {"datetime": "2024-02-15 14:43:22", "elapsed": 297.96157, "delta": 3.11163}}
{"target": -2300.0, "params": {"momentum_down": 0.23347238876982143, "momentum_up": 0.9875389400368829, "mu_down": 0.19827586607851103, "mu_up": 0.00013121932144276134}, "datetime": {"datetime": "2024-02-15 14:43:26", "elapsed": 302.10798, "delta": 4.14641}}
{"target": -2000.0225633075852, "params": {"momentum_down": 0.9147382181351799, "momentum_up": 0.7148828393043555, "mu_down": 0.19924325978611357, "mu_up": 0.0002830383110349504}, "datetime": {"datetime": "2024-02-15 14:43:31", "elapsed": 307.70699, "delta": 5.59901}}
{"target": -2011.0736958910381, "params": {"momentum_down": 0.46903523460000296, "momentum_up": 0.20633380981726177, "mu_down": 0.11019789174822366, "mu_up": 5.3084085578159714e-05}, "datetime": {"datetime": "2024-02-15 14:43:35", "elapsed": 311.513417, "delta": 3.806427}}
{"target": -2076.769608709634, "params": {"momentum_down": 0.24417172028937462, "momentum_up": 0.4165458949443905, "mu_down": 0.00958659300478535, "mu_up": 0.00032531089715462174}, "datetime": {"datetime": "2024-02-15 14:43:39", "elapsed": 315.476997, "delta": 3.96358}}
{"target": -2000.2309343935615, "params": {"momentum_down": 0.9133784328638633, "momentum_up": 0.35258272457615936, "mu_down": 0.1449287019094138, "mu_up": 0.0003816354147984307}, "datetime": {"datetime": "2024-02-15 14:43:47", "elapsed": 323.332151, "delta": 7.855154}}
{"target": -2006.3959871884379, "params": {"momentum_down": 0.9157904716100509, "momentum_up": 0.6978431503034752, "mu_down": 0.18690966394188693, "mu_up": 2.3204967788769707e-05}, "datetime": {"datetime": "2024-02-15 14:43:53", "elapsed": 329.658948, "delta": 6.326797}}
{"target": -2002.1727980751514, "params": {"momentum_down": 0.6985524147446024, "momentum_up": 0.49615933085905334, "mu_down": 0.06955370024642019, "mu_up": 9.861815484199096e-05}, "datetime": {"datetime": "2024-02-15 14:43:58", "elapsed": 334.438024, "delta": 4.779076}}
{"target": -2090.5074819540478, "params": {"momentum_down": 0.0006629341985937031, "momentum_up": 0.5301530870946284, "mu_down": 0.010054331522474636, "mu_up": 0.00014643473890757383}, "datetime": {"datetime": "2024-02-15 14:44:02", "elapsed": 338.05667, "delta": 3.618646}}
{"target": -2001.2706188216364, "params": {"momentum_down": 0.4382316172383407, "momentum_up": 0.365143595570979, "mu_down": 0.18769283130485734, "mu_up": 0.0001431034808328463}, "datetime": {"datetime": "2024-02-15 14:44:05", "elapsed": 341.415307, "delta": 3.358637}}
{"target": -2000.0709050189141, "params": {"momentum_down": 0.29613795665199666, "momentum_up": 0.6639777417886147, "mu_down": 0.19090441756202775, "mu_up": 0.00025426796376691753}, "datetime": {"datetime": "2024-02-15 14:44:09", "elapsed": 344.989992, "delta": 3.574685}}
{"target": -2000.3850845898046, "params": {"momentum_down": 0.9153612686681627, "momentum_up": 0.18497116928455712, "mu_down": 0.11613516158424675, "mu_up": 0.00031635270048290627}, "datetime": {"datetime": "2024-02-15 14:44:12", "elapsed": 348.536305, "delta": 3.546313}}
{"target": -2000.0621085812734, "params": {"momentum_down": 0.431810133442159, "momentum_up": 0.6660281635175945, "mu_down": 0.14805681771821094, "mu_up": 0.00045858349085152884}, "datetime": {"datetime": "2024-02-15 14:44:17", "elapsed": 353.540285, "delta": 5.00398}}
{"target": -2000.1886396480495, "params": {"momentum_down": 0.9256523498120598, "momentum_up": 0.35120534863903047, "mu_down": 0.14240586842371794, "mu_up": 0.0003003281446452159}, "datetime": {"datetime": "2024-02-15 14:44:24", "elapsed": 360.488138, "delta": 6.947853}}
{"target": -2000.0117906729886, "params": {"momentum_down": 0.6293729163204734, "momentum_up": 0.7622323212332508, "mu_down": 0.19597714678796044, "mu_up": 0.00022111247644198025}, "datetime": {"datetime": "2024-02-15 14:44:28", "elapsed": 364.649335, "delta": 4.161197}}
{"target": -2001.1105164000974, "params": {"momentum_down": 0.08094870847974171, "momentum_up": 0.4752491469731589, "mu_down": 0.14236365660439051, "mu_up": 0.0003485815284989908}, "datetime": {"datetime": "2024-02-15 14:44:32", "elapsed": 368.762149, "delta": 4.112814}}
{"target": -2000.2597686352035, "params": {"momentum_down": 0.899842047234997, "momentum_up": 0.7397779061377422, "mu_down": 0.1886334229772342, "mu_up": 9.206213052825087e-05}, "datetime": {"datetime": "2024-02-15 14:44:38", "elapsed": 374.38848, "delta": 5.626331}}
{"target": -2004.795216338328, "params": {"momentum_down": 0.5583385456601333, "momentum_up": 0.14111797917809218, "mu_down": 0.10968277308627394, "mu_up": 0.00010604450161134272}, "datetime": {"datetime": "2024-02-15 14:44:45", "elapsed": 381.221704, "delta": 6.833224}}
{"target": -2006.6090115933953, "params": {"momentum_down": 0.3475659715164578, "momentum_up": 0.22457609133869413, "mu_down": 0.17135468123088113, "mu_up": 7.415246941334866e-05}, "datetime": {"datetime": "2024-02-15 14:44:49", "elapsed": 385.212271, "delta": 3.990567}}
{"target": -2025.4203106664947, "params": {"momentum_down": 0.06643661261940585, "momentum_up": 0.938768997409807, "mu_down": 0.041451383571578515, "mu_up": 2.096950424534044e-05}, "datetime": {"datetime": "2024-02-15 14:44:53", "elapsed": 389.016896, "delta": 3.804625}}
{"target": -2000.3221250267482, "params": {"momentum_down": 0.5792595551479918, "momentum_up": 0.7512055241061213, "mu_down": 0.0895175239098584, "mu_up": 0.00013539027075737671}, "datetime": {"datetime": "2024-02-15 14:44:58", "elapsed": 394.563626, "delta": 5.54673}}
{"target": -2000.0390032924704, "params": {"momentum_down": 0.9233857361328848, "momentum_up": 0.6890408208107042, "mu_down": 0.19782577809035634, "mu_up": 0.00018617482419360813}, "datetime": {"datetime": "2024-02-15 14:45:05", "elapsed": 401.322399, "delta": 6.758773}}
{"target": -2000.0590100420447, "params": {"momentum_down": 0.9305118833098164, "momentum_up": 0.6927238938909509, "mu_down": 0.18380034223767183, "mu_up": 0.00016322272528644514}, "datetime": {"datetime": "2024-02-15 14:45:10", "elapsed": 406.726615, "delta": 5.404216}}
{"target": -2037.2910939406333, "params": {"momentum_down": 0.5548079961328548, "momentum_up": 0.14231254820828088, "mu_down": 0.12331892449535774, "mu_up": 1e-05}, "datetime": {"datetime": "2024-02-15 14:45:17", "elapsed": 413.363223, "delta": 6.636608}}
{"target": -2033.6154371983387, "params": {"momentum_down": 0.6856285064090192, "momentum_up": 0.49835664930954676, "mu_down": 0.06386153390622856, "mu_up": 1e-05}, "datetime": {"datetime": "2024-02-15 14:45:24", "elapsed": 420.651744, "delta": 7.288521}}
{"target": -2000.027002800348, "params": {"momentum_down": 0.8900882844826014, "momentum_up": 0.7331855567184534, "mu_down": 0.19244798416732817, "mu_up": 0.00029409922908341134}, "datetime": {"datetime": "2024-02-15 14:45:33", "elapsed": 428.959339, "delta": 8.307595}}
{"target": -2000.067165007387, "params": {"momentum_down": 0.5581779132148545, "momentum_up": 0.5055484133844866, "mu_down": 0.1552251797207145, "mu_up": 0.0003018117843160787}, "datetime": {"datetime": "2024-02-15 14:45:38", "elapsed": 434.680515, "delta": 5.721176}}
{"target": -2000.019388746631, "params": {"momentum_down": 0.5677611933470995, "momentum_up": 0.498426623358177, "mu_down": 0.16173912457399453, "mu_up": 0.000499180923644056}, "datetime": {"datetime": "2024-02-15 14:45:41", "elapsed": 437.447127, "delta": 2.766612}}
{"target": -2000.6656710074865, "params": {"momentum_down": 0.9305970786931185, "momentum_up": 0.6799545585545013, "mu_down": 0.1825997235069726, "mu_up": 8.16190408898692e-05}, "datetime": {"datetime": "2024-02-15 14:45:45", "elapsed": 440.934516, "delta": 3.487389}}
{"target": -2002.9007342993732, "params": {"momentum_down": 0.8117556378938331, "momentum_up": 0.24597010987222007, "mu_down": 0.17783710623419446, "mu_up": 0.0003367852433356052}, "datetime": {"datetime": "2024-02-15 14:45:48", "elapsed": 444.203713, "delta": 3.269197}}
{"target": -2000.5423033271077, "params": {"momentum_down": 0.9229865557392887, "momentum_up": 0.6993856533958891, "mu_down": 0.1960734110674631, "mu_up": 8.362986767193648e-05}, "datetime": {"datetime": "2024-02-15 14:45:51", "elapsed": 447.505492, "delta": 3.301779}}
{"target": -2002.5196839351393, "params": {"momentum_down": 0.5766504309364429, "momentum_up": 0.5027618088931671, "mu_down": 0.15433018813507218, "mu_up": 8.243613147697989e-05}, "datetime": {"datetime": "2024-02-15 14:45:54", "elapsed": 450.471122, "delta": 2.96563}}
{"target": -2000.055586795143, "params": {"momentum_down": 0.895021433596421, "momentum_up": 0.737479365025592, "mu_down": 0.1757733525970815, "mu_up": 0.00015021255235733589}, "datetime": {"datetime": "2024-02-15 14:45:57", "elapsed": 453.582015, "delta": 3.110893}}
{"target": -2000.037464289449, "params": {"momentum_down": 0.9213152475745445, "momentum_up": 0.6649962839135828, "mu_down": 0.18420651243198793, "mu_up": 0.00020174161754531235}, "datetime": {"datetime": "2024-02-15 14:46:01", "elapsed": 457.057609, "delta": 3.475594}}
{"target": -2000.046011299603, "params": {"momentum_down": 0.9384320845651357, "momentum_up": 0.6854453178668838, "mu_down": 0.19433185172038975, "mu_up": 0.00018176525919265312}, "datetime": {"datetime": "2024-02-15 14:46:04", "elapsed": 460.343924, "delta": 3.286315}}
{"target": -2000.2258283676206, "params": {"momentum_down": 0.9188293704403953, "momentum_up": 0.6871634438767131, "mu_down": 0.17128135604951933, "mu_up": 0.00011517027863714225}, "datetime": {"datetime": "2024-02-15 14:46:08", "elapsed": 464.196119, "delta": 3.852195}}
{"target": -2032.4546590899217, "params": {"momentum_down": 0.8772430548473764, "momentum_up": 0.45581217057183426, "mu_down": 0.0051745735347167535, "mu_up": 7.805199307568827e-05}, "datetime": {"datetime": "2024-02-15 14:46:11", "elapsed": 467.454236, "delta": 3.258117}}
{"target": -2001.5479722393916, "params": {"momentum_down": 0.7099013143654481, "momentum_up": 0.36906483842587406, "mu_down": 0.04125586056806372, "mu_up": 0.0004346037270572952}, "datetime": {"datetime": "2024-02-15 14:46:13", "elapsed": 469.454688, "delta": 2.000452}}
{"target": -2008.7567403081996, "params": {"momentum_down": 0.597482481153154, "momentum_up": 0.8536738781490544, "mu_down": 0.03430070121282778, "mu_up": 4.5561683392005975e-05}, "datetime": {"datetime": "2024-02-15 14:46:16", "elapsed": 472.489183, "delta": 3.034495}}
{"target": -2003.9433797213687, "params": {"momentum_down": 0.7820556371644227, "momentum_up": 0.3205749994742484, "mu_down": 0.023685262553350395, "mu_up": 0.0004329364429105477}, "datetime": {"datetime": "2024-02-15 14:46:19", "elapsed": 474.980328, "delta": 2.491145}}
{"target": -2009.6028535134474, "params": {"momentum_down": 0.3780320972650464, "momentum_up": 0.18026449219593632, "mu_down": 0.048287965414878654, "mu_up": 0.000433428413524823}, "datetime": {"datetime": "2024-02-15 14:46:21", "elapsed": 477.455271, "delta": 2.474943}}
{"target": -2102.664499453761, "params": {"momentum_down": 0.262357504156299, "momentum_up": 0.8698929243046952, "mu_down": 0.004934867935829224, "mu_up": 0.00030482858375442836}, "datetime": {"datetime": "2024-02-15 14:46:24", "elapsed": 480.05424, "delta": 2.598969}}
{"target": -2300.0, "params": {"momentum_down": 0.8291877942347577, "momentum_up": 0.7695608615112868, "mu_down": 0.020313482519542972, "mu_up": 0.00020324139594666803}, "datetime": {"datetime": "2024-02-15 14:46:24", "elapsed": 480.750322, "delta": 0.696082}}
{"target": -2003.2366284504724, "params": {"momentum_down": 0.2693158613285532, "momentum_up": 0.025089921668313152, "mu_down": 0.10221361176209552, "mu_up": 0.00024368949948680297}, "datetime": {"datetime": "2024-02-15 14:46:27", "elapsed": 483.272164, "delta": 2.521842}}
{"target": -2008.7890047060505, "params": {"momentum_down": 0.5726503864185712, "momentum_up": 0.4961424746953939, "mu_down": 0.13639309761816354, "mu_up": 4.0247679717407606e-05}, "datetime": {"datetime": "2024-02-15 14:46:30", "elapsed": 486.744378, "delta": 3.472214}}
{"target": -2001.0203995721333, "params": {"momentum_down": 0.902163112721152, "momentum_up": 0.7091982390067374, "mu_down": 0.18723854110193405, "mu_up": 0.0004231649662440087}, "datetime": {"datetime": "2024-02-15 14:46:35", "elapsed": 491.143397, "delta": 4.399019}}
{"target": -2300.0, "params": {"momentum_down": 0.9089539217898709, "momentum_up": 0.6782607038320371, "mu_down": 0.19604381444551633, "mu_up": 0.00046425070996537906}, "datetime": {"datetime": "2024-02-15 14:46:38", "elapsed": 494.283479, "delta": 3.140082}}
{"target": -2509.5754837111836, "params": {"momentum_down": 0.9243561711690106, "momentum_up": 0.786644214967903, "mu_down": 0.1394194705619727, "mu_up": 0.00030166921249703507}, "datetime": {"datetime": "2024-02-15 14:46:43", "elapsed": 499.741219, "delta": 5.45774}}
{"target": -2000.0139036599676, "params": {"momentum_down": 0.910069226573683, "momentum_up": 0.7036157141377257, "mu_down": 0.19670713678986873, "mu_up": 0.00025664235104886507}, "datetime": {"datetime": "2024-02-15 14:46:50", "elapsed": 506.784587, "delta": 7.043368}}
