{"target": -1909.2959628479641, "params": {"mu_down": 0.17634626859359445, "mu_up": 0.0004526350081525205}, "datetime": {"datetime": "2024-07-11 23:49:29", "elapsed": 718.263015, "delta": 4.365567}}
{"target": -1929.2974539245095, "params": {"mu_down": 0.17635903813739312, "mu_up": 0.0004683792953941039}, "datetime": {"datetime": "2024-07-11 23:49:34", "elapsed": 722.647064, "delta": 4.384049}}
{"target": -2007.1566989371754, "params": {"mu_down": 0.17507602803614586, "mu_up": 0.0004976173217064125}, "datetime": {"datetime": "2024-07-11 23:49:39", "elapsed": 727.553513, "delta": 4.906449}}
{"target": -1879.2958958267968, "params": {"mu_down": 0.17522511449290656, "mu_up": 0.00046619517722900055}, "datetime": {"datetime": "2024-07-11 23:49:43", "elapsed": 731.469931, "delta": 3.916418}}
{"target": -1949.2982184294383, "params": {"mu_down": 0.17629124515052905, "mu_up": 0.0004367418218273488}, "datetime": {"datetime": "2024-07-11 23:49:47", "elapsed": 735.531977, "delta": 4.062046}}
{"target": -1939.2956256403475, "params": {"mu_down": 0.17539798055425596, "mu_up": 0.0004422386486116188}, "datetime": {"datetime": "2024-07-11 23:49:52", "elapsed": 740.453368, "delta": 4.921391}}
{"target": -2001.1472076362525, "params": {"mu_down": 0.1763075303407207, "mu_up": 0.000483175745421643}, "datetime": {"datetime": "2024-07-11 23:49:56", "elapsed": 744.806235, "delta": 4.352867}}
{"target": -1889.2967375436974, "params": {"mu_down": 0.16866617636830133, "mu_up": 0.0004728897311971291}, "datetime": {"datetime": "2024-07-11 23:50:00", "elapsed": 749.166967, "delta": 4.360732}}
{"target": -1939.296177573818, "params": {"mu_down": 0.17522689620463847, "mu_up": 0.0004830805245229089}, "datetime": {"datetime": "2024-07-11 23:50:05", "elapsed": 753.827147, "delta": 4.66018}}
{"target": -1949.2985210376519, "params": {"mu_down": 0.16784635042675555, "mu_up": 0.0004410837061665067}, "datetime": {"datetime": "2024-07-11 23:50:09", "elapsed": 757.683357, "delta": 3.85621}}
{"target": -1879.2974629717282, "params": {"mu_down": 0.175924110083007, "mu_up": 0.0004564790650360461}, "datetime": {"datetime": "2024-07-11 23:50:13", "elapsed": 761.688366, "delta": 4.005009}}
{"target": -1889.295194954131, "params": {"mu_down": 0.17615982903688987, "mu_up": 0.0004608107045809732}, "datetime": {"datetime": "2024-07-11 23:50:17", "elapsed": 766.118919, "delta": 4.430553}}
{"target": -1899.2947807265718, "params": {"mu_down": 0.16866602662434532, "mu_up": 0.0004616214898530999}, "datetime": {"datetime": "2024-07-11 23:50:23", "elapsed": 771.596768, "delta": 5.477849}}
{"target": -1919.2983645120046, "params": {"mu_down": 0.17545952565213963, "mu_up": 0.00042157831538656103}, "datetime": {"datetime": "2024-07-11 23:50:28", "elapsed": 777.264524, "delta": 5.667756}}
{"target": -1979.2950189900596, "params": {"mu_down": 0.17544461282689755, "mu_up": 0.0004050221333560417}, "datetime": {"datetime": "2024-07-11 23:50:33", "elapsed": 781.605701, "delta": 4.341177}}
{"target": -1939.2961194610411, "params": {"mu_down": 0.17621305695657813, "mu_up": 0.00043339073828329775}, "datetime": {"datetime": "2024-07-11 23:50:37", "elapsed": 785.875046, "delta": 4.269345}}
{"target": -1959.2942197787454, "params": {"mu_down": 0.1677755060711608, "mu_up": 0.00041949510831467665}, "datetime": {"datetime": "2024-07-11 23:50:42", "elapsed": 790.864143, "delta": 4.989097}}
{"target": -1899.2978572028946, "params": {"mu_down": 0.17606753184576476, "mu_up": 0.0004740648886115356}, "datetime": {"datetime": "2024-07-11 23:50:47", "elapsed": 795.561753, "delta": 4.69761}}
{"target": -1929.2987397358859, "params": {"mu_down": 0.17551553645321497, "mu_up": 0.00041814481916316375}, "datetime": {"datetime": "2024-07-11 23:50:51", "elapsed": 799.488993, "delta": 3.92724}}
{"target": -1949.297897340175, "params": {"mu_down": 0.16869079974103451, "mu_up": 0.0004789937226162464}, "datetime": {"datetime": "2024-07-11 23:50:55", "elapsed": 803.960578, "delta": 4.471585}}
{"target": -2000.352667656703, "params": {"mu_down": 0.17549445207652703, "mu_up": 0.0003771495075126482}, "datetime": {"datetime": "2024-07-11 23:51:01", "elapsed": 809.54, "delta": 5.579422}}
{"target": -1919.2981337093477, "params": {"mu_down": 0.17636479466769583, "mu_up": 0.0004207570698456039}, "datetime": {"datetime": "2024-07-11 23:51:06", "elapsed": 814.746041, "delta": 5.206041}}
{"target": -2000.3439331047207, "params": {"mu_down": 0.17559366187418202, "mu_up": 0.00038037001011528377}, "datetime": {"datetime": "2024-07-11 23:51:11", "elapsed": 819.816547, "delta": 5.070506}}
{"target": -1929.2987005793188, "params": {"mu_down": 0.17399596806073808, "mu_up": 0.00047050430827275683}, "datetime": {"datetime": "2024-07-11 23:51:16", "elapsed": 824.472325, "delta": 4.655778}}
{"target": -2000.380961006688, "params": {"mu_down": 0.17606759619729292, "mu_up": 0.0003667376933993662}, "datetime": {"datetime": "2024-07-11 23:51:22", "elapsed": 830.476566, "delta": 6.004241}}
{"target": -1879.2954522604698, "params": {"mu_down": 0.1754720648564358, "mu_up": 0.00045879305555145844}, "datetime": {"datetime": "2024-07-11 23:51:26", "elapsed": 834.854393, "delta": 4.377827}}
{"target": -1939.295932776127, "params": {"mu_down": 0.1735957928399551, "mu_up": 0.0004384025164134538}, "datetime": {"datetime": "2024-07-11 23:51:32", "elapsed": 840.383445, "delta": 5.529052}}
{"target": -1899.295742703044, "params": {"mu_down": 0.1755105910748416, "mu_up": 0.00045008934538275997}, "datetime": {"datetime": "2024-07-11 23:51:40", "elapsed": 848.610972, "delta": 8.227527}}
{"target": -1959.2990013345996, "params": {"mu_down": 0.17552284163188148, "mu_up": 0.00048742161733956747}, "datetime": {"datetime": "2024-07-11 23:51:46", "elapsed": 854.51984, "delta": 5.908868}}
{"target": -2012.1862205444943, "params": {"mu_down": 0.17719695074285355, "mu_up": 0.0005}, "datetime": {"datetime": "2024-07-11 23:51:50", "elapsed": 858.869678, "delta": 4.349838}}
{"target": -1879.2998086109428, "params": {"mu_down": 0.17549947997449644, "mu_up": 0.0004624032843911108}, "datetime": {"datetime": "2024-07-11 23:51:54", "elapsed": 863.24417, "delta": 4.374492}}
{"target": -1929.2998166746377, "params": {"mu_down": 0.17644854394493809, "mu_up": 0.00047412108949170613}, "datetime": {"datetime": "2024-07-11 23:52:01", "elapsed": 869.638639, "delta": 6.394469}}
{"target": -1929.2987883847181, "params": {"mu_down": 0.17537109350939703, "mu_up": 0.00043832081747517004}, "datetime": {"datetime": "2024-07-11 23:52:07", "elapsed": 875.486516, "delta": 5.847877}}
{"target": -1899.2964968601664, "params": {"mu_down": 0.17589853125814736, "mu_up": 0.00046818990980655853}, "datetime": {"datetime": "2024-07-11 23:52:12", "elapsed": 881.086384, "delta": 5.599868}}
{"target": -1919.2989103058628, "params": {"mu_down": 0.17575187263171008, "mu_up": 0.00046763188682227803}, "datetime": {"datetime": "2024-07-11 23:52:17", "elapsed": 886.13911, "delta": 5.052726}}
{"target": -1889.2949140985788, "params": {"mu_down": 0.1736204692075757, "mu_up": 0.00046520020907887507}, "datetime": {"datetime": "2024-07-11 23:52:23", "elapsed": 891.448591, "delta": 5.309481}}
{"target": -1939.296214209107, "params": {"mu_down": 0.17567609830455497, "mu_up": 0.0004741484979585071}, "datetime": {"datetime": "2024-07-11 23:52:28", "elapsed": 896.451525, "delta": 5.002934}}
{"target": -1939.2963013585534, "params": {"mu_down": 0.1754873646224587, "mu_up": 0.00047546428975887075}, "datetime": {"datetime": "2024-07-11 23:52:35", "elapsed": 903.870921, "delta": 7.419396}}
{"target": -1929.2949120431913, "params": {"mu_down": 0.17598256145143198, "mu_up": 0.00043990040541558713}, "datetime": {"datetime": "2024-07-11 23:52:42", "elapsed": 910.430137, "delta": 6.559216}}
{"target": -1909.296711141862, "params": {"mu_down": 0.17525869461613833, "mu_up": 0.00046375722116336814}, "datetime": {"datetime": "2024-07-11 23:52:47", "elapsed": 915.516907, "delta": 5.08677}}
{"target": -1909.2993788565561, "params": {"mu_down": 0.17544197216270752, "mu_up": 0.0004609795113650556}, "datetime": {"datetime": "2024-07-11 23:52:53", "elapsed": 921.514836, "delta": 5.997929}}
{"target": -1909.2985169310307, "params": {"mu_down": 0.1758353047929726, "mu_up": 0.00046116067736188735}, "datetime": {"datetime": "2024-07-11 23:52:58", "elapsed": 926.858175, "delta": 5.343339}}
{"target": -1979.2981324041998, "params": {"mu_down": 0.17632734173051823, "mu_up": 0.0004245760393082917}, "datetime": {"datetime": "2024-07-11 23:53:05", "elapsed": 933.646703, "delta": 6.788528}}
{"target": -1919.296957068475, "params": {"mu_down": 0.17638572972736744, "mu_up": 0.00044097198847565833}, "datetime": {"datetime": "2024-07-11 23:53:12", "elapsed": 940.448386, "delta": 6.801683}}
{"target": -1939.29532473448, "params": {"mu_down": 0.17400216040172153, "mu_up": 0.000438523589437778}, "datetime": {"datetime": "2024-07-11 23:53:16", "elapsed": 945.225101, "delta": 4.776715}}
{"target": -1919.2974871268532, "params": {"mu_down": 0.1754513699840331, "mu_up": 0.00044845158266866613}, "datetime": {"datetime": "2024-07-11 23:53:22", "elapsed": 951.181403, "delta": 5.956302}}
{"target": -1879.2992256515415, "params": {"mu_down": 0.17536108142198492, "mu_up": 0.0004630021184703173}, "datetime": {"datetime": "2024-07-11 23:53:27", "elapsed": 955.732174, "delta": 4.550771}}
{"target": -1899.297463200927, "params": {"mu_down": 0.17396695517257338, "mu_up": 0.0004595637818956942}, "datetime": {"datetime": "2024-07-11 23:53:32", "elapsed": 961.102014, "delta": 5.36984}}
{"target": -1979.2969806433407, "params": {"mu_down": 0.17639020563395105, "mu_up": 0.0004031741868502932}, "datetime": {"datetime": "2024-07-11 23:53:39", "elapsed": 967.464787, "delta": 6.362773}}
{"target": -1939.299574046196, "params": {"mu_down": 0.1754957416261668, "mu_up": 0.0004322833748052435}, "datetime": {"datetime": "2024-07-11 23:53:44", "elapsed": 973.223272, "delta": 5.758485}}
{"target": -1879.2997361529972, "params": {"mu_down": 0.17590922364259012, "mu_up": 0.0004617348775222558}, "datetime": {"datetime": "2024-07-11 23:53:49", "elapsed": 978.104999, "delta": 4.881727}}
{"target": -1899.2963094105055, "params": {"mu_down": 0.17648942550463276, "mu_up": 0.00047866291669872727}, "datetime": {"datetime": "2024-07-11 23:53:55", "elapsed": 983.506896, "delta": 5.401897}}
{"target": -2007.2625156361505, "params": {"mu_down": 0.17653877588932243, "mu_up": 0.0004971827969644802}, "datetime": {"datetime": "2024-07-11 23:54:00", "elapsed": 988.49492, "delta": 4.988024}}
{"target": -1939.2945656569266, "params": {"mu_down": 0.17646384546070248, "mu_up": 0.00041622177852571616}, "datetime": {"datetime": "2024-07-11 23:54:06", "elapsed": 994.271766, "delta": 5.776846}}
{"target": -1879.2955356868677, "params": {"mu_down": 0.17548180326673785, "mu_up": 0.0004587169893276823}, "datetime": {"datetime": "2024-07-11 23:54:11", "elapsed": 999.410342, "delta": 5.138576}}
{"target": -1899.2957783437978, "params": {"mu_down": 0.17640444880016162, "mu_up": 0.0004710653196259001}, "datetime": {"datetime": "2024-07-11 23:54:16", "elapsed": 1004.825873, "delta": 5.415531}}
{"target": -2001.2978564978066, "params": {"mu_down": 0.17583057351460393, "mu_up": 0.0004917229348664469}, "datetime": {"datetime": "2024-07-11 23:54:23", "elapsed": 1011.408708, "delta": 6.582835}}
{"target": -1909.295935999395, "params": {"mu_down": 0.17646320720807634, "mu_up": 0.00045250498612239024}, "datetime": {"datetime": "2024-07-11 23:54:27", "elapsed": 1015.968354, "delta": 4.559646}}
{"target": -1939.2979392638774, "params": {"mu_down": 0.16881640274314344, "mu_up": 0.0004422965457647636}, "datetime": {"datetime": "2024-07-11 23:54:32", "elapsed": 1021.105822, "delta": 5.137468}}
{"target": -1909.29625222798, "params": {"mu_down": 0.17650480242105146, "mu_up": 0.0004446860854021458}, "datetime": {"datetime": "2024-07-11 23:54:39", "elapsed": 1028.002643, "delta": 6.896821}}
{"target": -1919.2999460345009, "params": {"mu_down": 0.17546884408783003, "mu_up": 0.00044627234125141054}, "datetime": {"datetime": "2024-07-11 23:54:45", "elapsed": 1033.576625, "delta": 5.573982}}
{"target": -1899.2963732190617, "params": {"mu_down": 0.1764673799428674, "mu_up": 0.0004782959614696478}, "datetime": {"datetime": "2024-07-11 23:54:51", "elapsed": 1039.878917, "delta": 6.302292}}
{"target": -1929.2988853783695, "params": {"mu_down": 0.17381722113529932, "mu_up": 0.0004717158406820487}, "datetime": {"datetime": "2024-07-11 23:54:57", "elapsed": 1045.51224, "delta": 5.633323}}
{"target": -1909.2984773612577, "params": {"mu_down": 0.17643099027521175, "mu_up": 0.0004504346449901995}, "datetime": {"datetime": "2024-07-11 23:55:03", "elapsed": 1051.60276, "delta": 6.09052}}
{"target": -1959.2982953804838, "params": {"mu_down": 0.1688610131858177, "mu_up": 0.00043373324525896803}, "datetime": {"datetime": "2024-07-11 23:55:11", "elapsed": 1059.575412, "delta": 7.972652}}
{"target": -2001.3505899927356, "params": {"mu_down": 0.17660925917877568, "mu_up": 0.00022414095359350581}, "datetime": {"datetime": "2024-07-11 23:55:17", "elapsed": 1065.78677, "delta": 6.211358}}
{"target": -1879.2959847635111, "params": {"mu_down": 0.17624235591145074, "mu_up": 0.0004571548453538062}, "datetime": {"datetime": "2024-07-11 23:55:25", "elapsed": 1073.359861, "delta": 7.573091}}
{"target": -1899.2983340900557, "params": {"mu_down": 0.17534595032505307, "mu_up": 0.000475442390654631}, "datetime": {"datetime": "2024-07-11 23:55:32", "elapsed": 1080.923362, "delta": 7.563501}}
{"target": -1949.2961794285413, "params": {"mu_down": 0.17583741899341238, "mu_up": 0.0004386469346537369}, "datetime": {"datetime": "2024-07-11 23:55:38", "elapsed": 1086.758325, "delta": 5.834963}}
{"target": -2002.7932904729191, "params": {"mu_down": 0.1764758465501095, "mu_up": 0.000494381765838194}, "datetime": {"datetime": "2024-07-11 23:55:43", "elapsed": 1092.179082, "delta": 5.420757}}
{"target": -1939.2974568683196, "params": {"mu_down": 0.17524871328379013, "mu_up": 0.0004337861685929236}, "datetime": {"datetime": "2024-07-11 23:55:50", "elapsed": 1098.976287, "delta": 6.797205}}
{"target": -2001.2065140240168, "params": {"mu_down": 0.17641239229529115, "mu_up": 0.0004908917249845557}, "datetime": {"datetime": "2024-07-11 23:55:56", "elapsed": 1104.685361, "delta": 5.709074}}
{"target": -1959.295717137824, "params": {"mu_down": 0.17652453097248433, "mu_up": 0.00040961839825223153}, "datetime": {"datetime": "2024-07-11 23:56:04", "elapsed": 1112.343202, "delta": 7.657841}}
{"target": -2012.1696647882263, "params": {"mu_down": 0.17697856207238785, "mu_up": 0.0005}, "datetime": {"datetime": "2024-07-11 23:56:10", "elapsed": 1119.144328, "delta": 6.801126}}
{"target": -1949.298311280174, "params": {"mu_down": 0.1764178891180123, "mu_up": 0.00042868853431536445}, "datetime": {"datetime": "2024-07-11 23:56:18", "elapsed": 1126.496702, "delta": 7.352374}}
{"target": -1899.29808705383, "params": {"mu_down": 0.17638592942368458, "mu_up": 0.0004657020377952632}, "datetime": {"datetime": "2024-07-11 23:56:24", "elapsed": 1133.009753, "delta": 6.513051}}
{"target": -1899.296621466216, "params": {"mu_down": 0.1762633317414447, "mu_up": 0.000469586084854033}, "datetime": {"datetime": "2024-07-11 23:56:31", "elapsed": 1139.998588, "delta": 6.988835}}
{"target": -2005.451474680709, "params": {"mu_down": 0.174001478415382, "mu_up": 0.0004955348433086949}, "datetime": {"datetime": "2024-07-11 23:56:37", "elapsed": 1146.197561, "delta": 6.198973}}
{"target": -1909.2994145056778, "params": {"mu_down": 0.17573448020492544, "mu_up": 0.00045064148070817704}, "datetime": {"datetime": "2024-07-11 23:56:45", "elapsed": 1153.826452, "delta": 7.628891}}
{"target": -2034.5397047237038, "params": {"mu_down": 0.1651328983932784, "mu_up": 1.4175475009473725e-05}, "datetime": {"datetime": "2024-07-11 23:56:51", "elapsed": 1159.874388, "delta": 6.047936}}
{"target": -1879.2968437450884, "params": {"mu_down": 0.17520796216949597, "mu_up": 0.0004655120891818262}, "datetime": {"datetime": "2024-07-11 23:56:58", "elapsed": 1166.667863, "delta": 6.793475}}
{"target": -1979.2980482656883, "params": {"mu_down": 0.17575488931345046, "mu_up": 0.00042520680311210337}, "datetime": {"datetime": "2024-07-11 23:57:04", "elapsed": 1172.559677, "delta": 5.891814}}
{"target": -1899.2950835004278, "params": {"mu_down": 0.17652558608585373, "mu_up": 0.0004481892985043132}, "datetime": {"datetime": "2024-07-11 23:57:11", "elapsed": 1179.403004, "delta": 6.843327}}
{"target": -1899.2964010445053, "params": {"mu_down": 0.17513279356368175, "mu_up": 0.00045008031513260474}, "datetime": {"datetime": "2024-07-11 23:57:17", "elapsed": 1185.960047, "delta": 6.557043}}
{"target": -2001.199269853397, "params": {"mu_down": 0.16879071685885094, "mu_up": 0.0004951077994119027}, "datetime": {"datetime": "2024-07-11 23:57:24", "elapsed": 1192.486426, "delta": 6.526379}}
{"target": -1919.2953105495912, "params": {"mu_down": 0.17400745737683065, "mu_up": 0.0004523594054893402}, "datetime": {"datetime": "2024-07-11 23:57:31", "elapsed": 1199.83549, "delta": 7.349064}}
{"target": -1919.2967094993132, "params": {"mu_down": 0.17602687364686745, "mu_up": 0.0004483259080969782}, "datetime": {"datetime": "2024-07-11 23:57:40", "elapsed": 1208.318528, "delta": 8.483038}}
{"target": -1909.2988049732635, "params": {"mu_down": 0.17648526892309846, "mu_up": 0.00045988895386785963}, "datetime": {"datetime": "2024-07-11 23:57:46", "elapsed": 1214.41717, "delta": 6.098642}}
{"target": -1929.295810598082, "params": {"mu_down": 0.17393835664972782, "mu_up": 0.0004210966063944813}, "datetime": {"datetime": "2024-07-11 23:57:52", "elapsed": 1220.5494, "delta": 6.13223}}
{"target": -1909.2990092374207, "params": {"mu_down": 0.16872973060736088, "mu_up": 0.0004632626445537805}, "datetime": {"datetime": "2024-07-11 23:57:58", "elapsed": 1226.991385, "delta": 6.441985}}
{"target": -2000.3299853077556, "params": {"mu_down": 0.17393787653204187, "mu_up": 0.00038767999360189676}, "datetime": {"datetime": "2024-07-11 23:58:04", "elapsed": 1232.591096, "delta": 5.599711}}
{"target": -1879.2986453171457, "params": {"mu_down": 0.17642003532900752, "mu_up": 0.0004619114969941161}, "datetime": {"datetime": "2024-07-11 23:58:10", "elapsed": 1238.269822, "delta": 5.678726}}
{"target": -1889.2948554215002, "params": {"mu_down": 0.17384563117518365, "mu_up": 0.0004575061350100683}, "datetime": {"datetime": "2024-07-11 23:58:17", "elapsed": 1245.982285, "delta": 7.712463}}
{"target": -1889.2986724852497, "params": {"mu_down": 0.17519399016144754, "mu_up": 0.00045234121645295786}, "datetime": {"datetime": "2024-07-11 23:58:24", "elapsed": 1252.41834, "delta": 6.436055}}
{"target": -1969.2956984393174, "params": {"mu_down": 0.1765968981048276, "mu_up": 0.0004066355506448788}, "datetime": {"datetime": "2024-07-11 23:58:30", "elapsed": 1258.933696, "delta": 6.515356}}
{"target": -1989.2990260939275, "params": {"mu_down": 0.17510735690146914, "mu_up": 0.00040057453427894395}, "datetime": {"datetime": "2024-07-11 23:58:38", "elapsed": 1267.192144, "delta": 8.258448}}
{"target": -2146.0949883763415, "params": {"mu_down": 0.002596328093362699, "mu_up": 2.2615034243249884e-05}, "datetime": {"datetime": "2024-07-11 23:58:45", "elapsed": 1273.877057, "delta": 6.684913}}
{"target": -1909.2987615818201, "params": {"mu_down": 0.17391861629285355, "mu_up": 0.00045414188331194375}, "datetime": {"datetime": "2024-07-11 23:58:53", "elapsed": 1282.070963, "delta": 8.193906}}
{"target": -1869.2999035340338, "params": {"mu_down": 0.17651598867244175, "mu_up": 0.0004583133065798201}, "datetime": {"datetime": "2024-07-11 23:58:59", "elapsed": 1288.108623, "delta": 6.03766}}
{"target": -2005.0264657664202, "params": {"mu_down": 0.16786469274889224, "mu_up": 0.0004992219658082595}, "datetime": {"datetime": "2024-07-11 23:59:06", "elapsed": 1294.701271, "delta": 6.592648}}
{"target": -1949.2994798209027, "params": {"mu_down": 0.1739189328376759, "mu_up": 0.00043866043267788593}, "datetime": {"datetime": "2024-07-11 23:59:12", "elapsed": 1300.488997, "delta": 5.787726}}
{"target": -2005.542422458061, "params": {"mu_down": 0.17635230569080296, "mu_up": 0.0004972638669952881}, "datetime": {"datetime": "2024-07-11 23:59:21", "elapsed": 1309.550989, "delta": 9.061992}}
{"target": -2004.1505746536238, "params": {"mu_down": 0.1672747127760878, "mu_up": 0.0004973667282045678}, "datetime": {"datetime": "2024-07-11 23:59:31", "elapsed": 1319.669515, "delta": 10.118526}}
{"target": -1899.2946283678984, "params": {"mu_down": 0.17625766681464666, "mu_up": 0.0004499092433734017}, "datetime": {"datetime": "2024-07-11 23:59:41", "elapsed": 1330.121527, "delta": 10.452012}}
{"target": -1899.2959585203114, "params": {"mu_down": 0.17607706236392168, "mu_up": 0.0004715296433524881}, "datetime": {"datetime": "2024-07-11 23:59:49", "elapsed": 1338.063246, "delta": 7.941719}}
{"target": -1909.2987633447656, "params": {"mu_down": 0.17639771651994482, "mu_up": 0.0004502959404482235}, "datetime": {"datetime": "2024-07-11 23:59:55", "elapsed": 1343.603993, "delta": 5.540747}}
{"target": -1899.2995032823294, "params": {"mu_down": 0.17538605007983538, "mu_up": 0.0004554486854321913}, "datetime": {"datetime": "2024-07-12 00:00:02", "elapsed": 1350.48197, "delta": 6.877977}}
{"target": -1919.2976979900156, "params": {"mu_down": 0.1761234279179863, "mu_up": 0.0004212314028291555}, "datetime": {"datetime": "2024-07-12 00:00:09", "elapsed": 1358.063747, "delta": 7.581777}}
{"target": -1929.2960241043877, "params": {"mu_down": 0.17646692901944452, "mu_up": 0.00046696402593489746}, "datetime": {"datetime": "2024-07-12 00:00:16", "elapsed": 1365.11333, "delta": 7.049583}}
{"target": -2004.0743383202357, "params": {"mu_down": 0.18168612176516885, "mu_up": 0.00013136518000012563}, "datetime": {"datetime": "2024-07-12 00:00:23", "elapsed": 1372.004552, "delta": 6.891222}}
