{"target": -1899.2998748651794, "params": {"mu_down": 0.1739166359716746, "mu_up": 0.00047541439534398624}, "datetime": {"datetime": "2024-07-12 00:00:31", "elapsed": 1380.171904, "delta": 8.167352}}
{"target": -2000.3489094178753, "params": {"mu_down": 0.16881749617931482, "mu_up": 0.0003845816895589122}, "datetime": {"datetime": "2024-07-12 00:00:41", "elapsed": 1389.269736, "delta": 9.097832}}
{"target": -1929.2989706592393, "params": {"mu_down": 0.17651857973358495, "mu_up": 0.0004797197350573865}, "datetime": {"datetime": "2024-07-12 00:00:51", "elapsed": 1399.688719, "delta": 10.418983}}
{"target": -2014.4372516217716, "params": {"mu_down": 0.17604385529897337, "mu_up": 0.0005}, "datetime": {"datetime": "2024-07-12 00:00:57", "elapsed": 1405.463087, "delta": 5.774368}}
{"target": -2001.259466752574, "params": {"mu_down": 0.17562489391885205, "mu_up": 0.0004920396480732271}, "datetime": {"datetime": "2024-07-12 00:01:06", "elapsed": 1414.419036, "delta": 8.955949}}
{"target": -1889.295873708492, "params": {"mu_down": 0.17548690735690325, "mu_up": 0.000454074441494426}, "datetime": {"datetime": "2024-07-12 00:01:12", "elapsed": 1421.229746, "delta": 6.81071}}
{"target": -2047.8772409017586, "params": {"mu_down": 0.014595276651452549, "mu_up": 0.0003316382675288698}, "datetime": {"datetime": "2024-07-12 00:01:21", "elapsed": 1429.903904, "delta": 8.674158}}
{"target": -1899.2973435679985, "params": {"mu_down": 0.17397890894899556, "mu_up": 0.0004596423804466207}, "datetime": {"datetime": "2024-07-12 00:01:27", "elapsed": 1436.140675, "delta": 6.236771}}
{"target": -1929.2972914899758, "params": {"mu_down": 0.17613704916781567, "mu_up": 0.0004360592457334662}, "datetime": {"datetime": "2024-07-12 00:01:37", "elapsed": 1445.414428, "delta": 9.273753}}
{"target": -1899.298501875574, "params": {"mu_down": 0.17398432021659582, "mu_up": 0.0004732349394065541}, "datetime": {"datetime": "2024-07-12 00:01:45", "elapsed": 1454.067367, "delta": 8.652939}}
{"target": -1919.2956797532847, "params": {"mu_down": 0.1739376732352962, "mu_up": 0.0004521890377056044}, "datetime": {"datetime": "2024-07-12 00:01:52", "elapsed": 1461.062977, "delta": 6.99561}}
{"target": -2042.0387728262451, "params": {"mu_down": 0.016411368983401387, "mu_up": 0.00038507710578807356}, "datetime": {"datetime": "2024-07-12 00:01:59", "elapsed": 1467.871163, "delta": 6.808186}}
{"target": -1919.2959024797206, "params": {"mu_down": 0.17359964532971375, "mu_up": 0.0004615441473149105}, "datetime": {"datetime": "2024-07-12 00:02:08", "elapsed": 1476.744759, "delta": 8.873596}}
{"target": -1959.2967037892663, "params": {"mu_down": 0.1755527642896289, "mu_up": 0.0004336123277210799}, "datetime": {"datetime": "2024-07-12 00:02:15", "elapsed": 1483.631476, "delta": 6.886717}}
{"target": -1939.2976661446996, "params": {"mu_down": 0.17608783346608073, "mu_up": 0.0004406675379033079}, "datetime": {"datetime": "2024-07-12 00:02:23", "elapsed": 1491.318199, "delta": 7.686723}}
{"target": -1909.299584011435, "params": {"mu_down": 0.1738385111875989, "mu_up": 0.0004535808773215396}, "datetime": {"datetime": "2024-07-12 00:02:31", "elapsed": 1499.977108, "delta": 8.658909}}
{"target": -1929.2987797974931, "params": {"mu_down": 0.173925349957726, "mu_up": 0.0004709399531031478}, "datetime": {"datetime": "2024-07-12 00:02:38", "elapsed": 1506.865557, "delta": 6.888449}}
{"target": -1899.298821668721, "params": {"mu_down": 0.17617088289444952, "mu_up": 0.00046525472046044446}, "datetime": {"datetime": "2024-07-12 00:02:48", "elapsed": 1517.194316, "delta": 10.328759}}
{"target": -2001.2586388097377, "params": {"mu_down": 0.10055263701275555, "mu_up": 0.00036887218245257287}, "datetime": {"datetime": "2024-07-12 00:02:54", "elapsed": 1523.216976, "delta": 6.02266}}
{"target": -1909.2987852240876, "params": {"mu_down": 0.1765625499233501, "mu_up": 0.0004488937141288322}, "datetime": {"datetime": "2024-07-12 00:03:01", "elapsed": 1530.171565, "delta": 6.954589}}
{"target": -2005.5278754366914, "params": {"mu_down": 0.17664587309850088, "mu_up": 0.000496584891255181}, "datetime": {"datetime": "2024-07-12 00:03:09", "elapsed": 1537.787404, "delta": 7.615839}}
{"target": -1889.2965327786974, "params": {"mu_down": 0.17551411236115277, "mu_up": 0.00046074986731808025}, "datetime": {"datetime": "2024-07-12 00:03:15", "elapsed": 1544.128118, "delta": 6.340714}}
{"target": -1889.2955628931268, "params": {"mu_down": 0.1762534720164792, "mu_up": 0.0004603073511170126}, "datetime": {"datetime": "2024-07-12 00:03:23", "elapsed": 1552.040503, "delta": 7.912385}}
{"target": -2000.3769878148294, "params": {"mu_down": 0.13398734560601933, "mu_up": 0.0004514536513446847}, "datetime": {"datetime": "2024-07-12 00:03:33", "elapsed": 1561.784579, "delta": 9.744076}}
{"target": -1939.2955928432382, "params": {"mu_down": 0.17648250515156885, "mu_up": 0.0004334401800723972}, "datetime": {"datetime": "2024-07-12 00:03:42", "elapsed": 1570.882601, "delta": 9.098022}}
{"target": -1919.2967707701382, "params": {"mu_down": 0.17385874882503208, "mu_up": 0.000461499153087836}, "datetime": {"datetime": "2024-07-12 00:03:49", "elapsed": 1578.180766, "delta": 7.298165}}
{"target": -2003.407692818876, "params": {"mu_down": 0.07979436409652588, "mu_up": 0.0002655957983713883}, "datetime": {"datetime": "2024-07-12 00:03:59", "elapsed": 1587.381466, "delta": 9.2007}}
{"target": -1949.2992429870712, "params": {"mu_down": 0.16741620556261042, "mu_up": 0.00044119371514601146}, "datetime": {"datetime": "2024-07-12 00:04:09", "elapsed": 1597.458403, "delta": 10.076937}}
{"target": -2008.7930186163285, "params": {"mu_down": 0.05095428399900903, "mu_up": 0.0003217778614633227}, "datetime": {"datetime": "2024-07-12 00:04:18", "elapsed": 1606.558767, "delta": 9.100364}}
{"target": -1929.299125163698, "params": {"mu_down": 0.16695385197889223, "mu_up": 0.00046562383014807243}, "datetime": {"datetime": "2024-07-12 00:04:28", "elapsed": 1616.516691, "delta": 9.957924}}
{"target": -2032.2189073989148, "params": {"mu_down": 0.18543846776634956, "mu_up": 1.6234740526767864e-05}, "datetime": {"datetime": "2024-07-12 00:04:37", "elapsed": 1625.770718, "delta": 9.254027}}
{"target": -2014.3639340117693, "params": {"mu_down": 0.15933986490447252, "mu_up": 5.384468053809066e-05}, "datetime": {"datetime": "2024-07-12 00:04:44", "elapsed": 1632.688701, "delta": 6.917983}}
{"target": -1879.2987186238447, "params": {"mu_down": 0.1765058760767795, "mu_up": 0.000454820938791403}, "datetime": {"datetime": "2024-07-12 00:04:51", "elapsed": 1639.831703, "delta": 7.143002}}
{"target": -2045.9292914928328, "params": {"mu_down": 0.02325266257468235, "mu_up": 5.9408163330296625e-05}, "datetime": {"datetime": "2024-07-12 00:04:59", "elapsed": 1647.940127, "delta": 8.108424}}
{"target": -2003.343974006727, "params": {"mu_down": 0.10373477904986717, "mu_up": 0.0001865801089263968}, "datetime": {"datetime": "2024-07-12 00:05:11", "elapsed": 1659.987109, "delta": 12.046982}}
{"target": -1919.2952208915567, "params": {"mu_down": 0.17389803812961088, "mu_up": 0.00045277184121892116}, "datetime": {"datetime": "2024-07-12 00:05:20", "elapsed": 1668.612668, "delta": 8.625559}}
{"target": -2002.558299732944, "params": {"mu_down": 0.10969150042994774, "mu_up": 0.00020733420632169626}, "datetime": {"datetime": "2024-07-12 00:05:28", "elapsed": 1676.931567, "delta": 8.318899}}
{"target": -2006.1058414347253, "params": {"mu_down": 0.05983362711530232, "mu_up": 0.000324120360843844}, "datetime": {"datetime": "2024-07-12 00:05:38", "elapsed": 1687.121696, "delta": 10.190129}}
{"target": -2005.3533244344278, "params": {"mu_down": 0.16741376534785857, "mu_up": 0.0004988973610706555}, "datetime": {"datetime": "2024-07-12 00:05:46", "elapsed": 1694.865884, "delta": 7.744188}}
{"target": -1959.294722251864, "params": {"mu_down": 0.17610712465462772, "mu_up": 0.00041045640174890965}, "datetime": {"datetime": "2024-07-12 00:05:55", "elapsed": 1703.353967, "delta": 8.488083}}
{"target": -1879.2963103106792, "params": {"mu_down": 0.17649691239506213, "mu_up": 0.0004640227839194206}, "datetime": {"datetime": "2024-07-12 00:06:03", "elapsed": 1711.829691, "delta": 8.475724}}
{"target": -2000.3107828393677, "params": {"mu_down": 0.1736177084282449, "mu_up": 0.0004890446239257491}, "datetime": {"datetime": "2024-07-12 00:06:14", "elapsed": 1723.106037, "delta": 11.276346}}
{"target": -2000.373096683231, "params": {"mu_down": 0.16784502768777437, "mu_up": 0.0003765018556702219}, "datetime": {"datetime": "2024-07-12 00:06:25", "elapsed": 1733.761945, "delta": 10.655908}}
{"target": -2015.4132262035434, "params": {"mu_down": 0.17851334828910673, "mu_up": 5.209752799441343e-05}, "datetime": {"datetime": "2024-07-12 00:06:34", "elapsed": 1743.09662, "delta": 9.334675}}
{"target": -1889.2959934737194, "params": {"mu_down": 0.186653594306039, "mu_up": 0.000463130675070655}, "datetime": {"datetime": "2024-07-12 00:06:43", "elapsed": 1751.99809, "delta": 8.90147}}
{"target": -1879.2977224728374, "params": {"mu_down": 0.1866188813107026, "mu_up": 0.0004771851586028418}, "datetime": {"datetime": "2024-07-12 00:06:53", "elapsed": 1762.084106, "delta": 10.086016}}
{"target": -1899.2991231071842, "params": {"mu_down": 0.1757213643779649, "mu_up": 0.000465554810899484}, "datetime": {"datetime": "2024-07-12 00:07:00", "elapsed": 1769.051101, "delta": 6.966995}}
{"target": -1949.29733959134, "params": {"mu_down": 0.1866250266811237, "mu_up": 0.0004788071096568102}, "datetime": {"datetime": "2024-07-12 00:07:08", "elapsed": 1777.134208, "delta": 8.083107}}
{"target": -1889.2964602847956, "params": {"mu_down": 0.18658927292494507, "mu_up": 0.0004560942642494377}, "datetime": {"datetime": "2024-07-12 00:07:16", "elapsed": 1784.865807, "delta": 7.731599}}
{"target": -2005.1345398101773, "params": {"mu_down": 0.18656745407806444, "mu_up": 0.00048754942615536327}, "datetime": {"datetime": "2024-07-12 00:07:27", "elapsed": 1796.164894, "delta": 11.299087}}
{"target": -1859.2975263116382, "params": {"mu_down": 0.18668319987242712, "mu_up": 0.0004532913173622928}, "datetime": {"datetime": "2024-07-12 00:07:36", "elapsed": 1805.262502, "delta": 9.097608}}
{"target": -1919.2961149697467, "params": {"mu_down": 0.18659460937417396, "mu_up": 0.00045843753533932177}, "datetime": {"datetime": "2024-07-12 00:07:46", "elapsed": 1814.865656, "delta": 9.603154}}
{"target": -1889.2988506322145, "params": {"mu_down": 0.17366580390213796, "mu_up": 0.0004620176982147079}, "datetime": {"datetime": "2024-07-12 00:07:59", "elapsed": 1827.553365, "delta": 12.687709}}
{"target": -1889.2987000723488, "params": {"mu_down": 0.18669070834935253, "mu_up": 0.00045388992061865235}, "datetime": {"datetime": "2024-07-12 00:08:07", "elapsed": 1835.954791, "delta": 8.401426}}
{"target": -1879.2993423647395, "params": {"mu_down": 0.18666085371604477, "mu_up": 0.00046865135913002514}, "datetime": {"datetime": "2024-07-12 00:08:21", "elapsed": 1850.177058, "delta": 14.222267}}
{"target": -1919.2970083104035, "params": {"mu_down": 0.1736539904539862, "mu_up": 0.00045146243913686177}, "datetime": {"datetime": "2024-07-12 00:08:32", "elapsed": 1860.875714, "delta": 10.698656}}
{"target": -1949.2949333869826, "params": {"mu_down": 0.17368605585838842, "mu_up": 0.0004156136203753705}, "datetime": {"datetime": "2024-07-12 00:08:45", "elapsed": 1873.314031, "delta": 12.438317}}
{"target": -2300.0, "params": {"mu_down": 0.186700784828143, "mu_up": 0.0004940906477739076}, "datetime": {"datetime": "2024-07-12 00:08:55", "elapsed": 1883.509418, "delta": 10.195387}}
{"target": -1899.296094612194, "params": {"mu_down": 0.18665327457459902, "mu_up": 0.00043906971000462534}, "datetime": {"datetime": "2024-07-12 00:09:06", "elapsed": 1894.57026, "delta": 11.060842}}
{"target": -1909.298875535787, "params": {"mu_down": 0.1866107483526892, "mu_up": 0.0004781058677913115}, "datetime": {"datetime": "2024-07-12 00:09:17", "elapsed": 1905.410108, "delta": 10.839848}}
{"target": -1949.2982135524387, "params": {"mu_down": 0.17372183007749964, "mu_up": 0.0004376927215967577}, "datetime": {"datetime": "2024-07-12 00:09:27", "elapsed": 1916.251914, "delta": 10.841806}}
{"target": -1899.2957873539415, "params": {"mu_down": 0.17369550231855627, "mu_up": 0.0004525589380773996}, "datetime": {"datetime": "2024-07-12 00:09:44", "elapsed": 1932.369866, "delta": 16.117952}}
{"target": -1909.295679235504, "params": {"mu_down": 0.18671490403777752, "mu_up": 0.000436427421687909}, "datetime": {"datetime": "2024-07-12 00:09:53", "elapsed": 1941.778615, "delta": 9.408749}}
{"target": -1929.2987690712891, "params": {"mu_down": 0.18658311180575482, "mu_up": 0.0004345380141416666}, "datetime": {"datetime": "2024-07-12 00:10:03", "elapsed": 1952.113321, "delta": 10.334706}}
{"target": -1909.298150581277, "params": {"mu_down": 0.18670004941072996, "mu_up": 0.00041402969953318165}, "datetime": {"datetime": "2024-07-12 00:10:13", "elapsed": 1961.805586, "delta": 9.692265}}
{"target": -1969.2979226704176, "params": {"mu_down": 0.18674611233472693, "mu_up": 0.0003973479910535864}, "datetime": {"datetime": "2024-07-12 00:10:22", "elapsed": 1970.953623, "delta": 9.148037}}
{"target": -1929.299637587032, "params": {"mu_down": 0.17542907659736984, "mu_up": 0.00047281491012874716}, "datetime": {"datetime": "2024-07-12 00:10:32", "elapsed": 1980.541065, "delta": 9.587442}}
{"target": -1969.2948075823454, "params": {"mu_down": 0.18663062185016355, "mu_up": 0.00039884284986911746}, "datetime": {"datetime": "2024-07-12 00:10:44", "elapsed": 1993.228643, "delta": 12.687578}}
{"target": -1889.2954001902465, "params": {"mu_down": 0.18667396902474098, "mu_up": 0.00045717292741487015}, "datetime": {"datetime": "2024-07-12 00:10:57", "elapsed": 2005.900024, "delta": 12.671381}}
{"target": -1899.2985914085973, "params": {"mu_down": 0.17373120865364422, "mu_up": 0.0004830525032503415}, "datetime": {"datetime": "2024-07-12 00:11:07", "elapsed": 2016.097438, "delta": 10.197414}}
{"target": -1919.2941435602925, "params": {"mu_down": 0.18668599220719684, "mu_up": 0.000413001840106381}, "datetime": {"datetime": "2024-07-12 00:11:18", "elapsed": 2026.447683, "delta": 10.350245}}
{"target": -1889.295597553618, "params": {"mu_down": 0.17654631206575852, "mu_up": 0.00045984328771860034}, "datetime": {"datetime": "2024-07-12 00:11:30", "elapsed": 2038.574936, "delta": 12.127253}}
{"target": -1909.2971602347798, "params": {"mu_down": 0.17627190943283658, "mu_up": 0.0004618335254045872}, "datetime": {"datetime": "2024-07-12 00:11:42", "elapsed": 2050.970104, "delta": 12.395168}}
{"target": -1879.2994516012727, "params": {"mu_down": 0.17364875101773167, "mu_up": 0.0004658159412414628}, "datetime": {"datetime": "2024-07-12 00:11:53", "elapsed": 2061.377038, "delta": 10.406934}}
{"target": -1899.299916223759, "params": {"mu_down": 0.1737094636125658, "mu_up": 0.00047479207310452957}, "datetime": {"datetime": "2024-07-12 00:12:05", "elapsed": 2074.041119, "delta": 12.664081}}
{"target": -2000.3296590947693, "params": {"mu_down": 0.18669910810386622, "mu_up": 0.00037888808612871746}, "datetime": {"datetime": "2024-07-12 00:12:16", "elapsed": 2084.500478, "delta": 10.459359}}
{"target": -1899.2973015338048, "params": {"mu_down": 0.18656516948241134, "mu_up": 0.0004446805815967727}, "datetime": {"datetime": "2024-07-12 00:12:25", "elapsed": 2093.625645, "delta": 9.125167}}
{"target": -1919.2992277847018, "params": {"mu_down": 0.18667668316620373, "mu_up": 0.00042861798576365864}, "datetime": {"datetime": "2024-07-12 00:12:40", "elapsed": 2108.734598, "delta": 15.108953}}
{"target": -1909.2963957911065, "params": {"mu_down": 0.17512865872641295, "mu_up": 0.00046433239610294013}, "datetime": {"datetime": "2024-07-12 00:12:49", "elapsed": 2117.924445, "delta": 9.189847}}
{"target": -1879.2980334372517, "params": {"mu_down": 0.1865460738387806, "mu_up": 0.0004440488656227765}, "datetime": {"datetime": "2024-07-12 00:13:01", "elapsed": 2129.387555, "delta": 11.46311}}
{"target": -1959.2991121169593, "params": {"mu_down": 0.18646599286512144, "mu_up": 0.00039966530624818415}, "datetime": {"datetime": "2024-07-12 00:13:12", "elapsed": 2140.304939, "delta": 10.917384}}
{"target": -2001.258022915583, "params": {"mu_down": 0.1752534615914717, "mu_up": 0.0004919960177771707}, "datetime": {"datetime": "2024-07-12 00:13:26", "elapsed": 2154.429585, "delta": 14.124646}}
{"target": -1929.2965928226743, "params": {"mu_down": 0.1762035692056757, "mu_up": 0.0004674693120082371}, "datetime": {"datetime": "2024-07-12 00:13:38", "elapsed": 2166.699837, "delta": 12.270252}}
{"target": -1919.2971927269432, "params": {"mu_down": 0.17615583405748883, "mu_up": 0.00044660662163501706}, "datetime": {"datetime": "2024-07-12 00:13:50", "elapsed": 2179.215773, "delta": 12.515936}}
{"target": -2011.641633190931, "params": {"mu_down": 0.18647542659365865, "mu_up": 0.0004899575794393256}, "datetime": {"datetime": "2024-07-12 00:14:04", "elapsed": 2192.907494, "delta": 13.691721}}
{"target": -2002.1321406613358, "params": {"mu_down": 0.10220056751579346, "mu_up": 0.00024730510151694786}, "datetime": {"datetime": "2024-07-12 00:14:12", "elapsed": 2201.023818, "delta": 8.116324}}
{"target": -1929.2970170681085, "params": {"mu_down": 0.18668859743287128, "mu_up": 0.00043570765752575614}, "datetime": {"datetime": "2024-07-12 00:14:27", "elapsed": 2215.29582, "delta": 14.272002}}
{"target": -1949.2965855797067, "params": {"mu_down": 0.18653055312309075, "mu_up": 0.00042001683735172485}, "datetime": {"datetime": "2024-07-12 00:14:39", "elapsed": 2228.110892, "delta": 12.815072}}
{"target": -1869.2962904997044, "params": {"mu_down": 0.18666137367468497, "mu_up": 0.000453636672911486}, "datetime": {"datetime": "2024-07-12 00:14:54", "elapsed": 2242.658519, "delta": 14.547627}}
{"target": -1889.2967427428393, "params": {"mu_down": 0.1737386953289426, "mu_up": 0.0004634561364617935}, "datetime": {"datetime": "2024-07-12 00:15:04", "elapsed": 2252.45046, "delta": 9.791941}}
{"target": -1899.299898244203, "params": {"mu_down": 0.17536752173664832, "mu_up": 0.0004551874698482916}, "datetime": {"datetime": "2024-07-12 00:15:17", "elapsed": 2265.407746, "delta": 12.957286}}
{"target": -1869.2951623353756, "params": {"mu_down": 0.18652943787271578, "mu_up": 0.00045467943897163204}, "datetime": {"datetime": "2024-07-12 00:15:31", "elapsed": 2280.217393, "delta": 14.809647}}
{"target": -2005.3493742129322, "params": {"mu_down": 0.16694057501860615, "mu_up": 0.0004990140899011503}, "datetime": {"datetime": "2024-07-12 00:15:47", "elapsed": 2296.227379, "delta": 16.009986}}
{"target": -1899.2980682906548, "params": {"mu_down": 0.173691582794319, "mu_up": 0.0004856154271450086}, "datetime": {"datetime": "2024-07-12 00:15:59", "elapsed": 2307.309261, "delta": 11.081882}}
{"target": -2000.7365112502723, "params": {"mu_down": 0.12505451999734005, "mu_up": 0.0003509333710725666}, "datetime": {"datetime": "2024-07-12 00:16:08", "elapsed": 2317.024504, "delta": 9.715243}}
{"target": -1879.299073876848, "params": {"mu_down": 0.1752090865913388, "mu_up": 0.0004562955364888084}, "datetime": {"datetime": "2024-07-12 00:16:21", "elapsed": 2330.212002, "delta": 13.187498}}
{"target": -2104.46798943868, "params": {"mu_down": 0.004802358674214991, "mu_up": 0.0001495559655157078}, "datetime": {"datetime": "2024-07-12 00:16:32", "elapsed": 2340.906179, "delta": 10.694177}}
{"target": -1919.297624456252, "params": {"mu_down": 0.18653871941792133, "mu_up": 0.0004714041616656576}, "datetime": {"datetime": "2024-07-12 00:16:45", "elapsed": 2353.727042, "delta": 12.820863}}
{"target": -2007.2676699354195, "params": {"mu_down": 0.1791156273238902, "mu_up": 9.144561975334272e-05}, "datetime": {"datetime": "2024-07-12 00:16:59", "elapsed": 2367.989054, "delta": 14.262012}}
{"target": -1899.2978728617873, "params": {"mu_down": 0.1759875265444062, "mu_up": 0.00046641127081447205}, "datetime": {"datetime": "2024-07-12 00:17:15", "elapsed": 2383.908218, "delta": 15.919164}}
{"target": -1929.2982712579533, "params": {"mu_down": 0.17367401057893272, "mu_up": 0.000440485806611713}, "datetime": {"datetime": "2024-07-12 00:17:33", "elapsed": 2402.197458, "delta": 18.28924}}
{"target": -1899.2949999585098, "params": {"mu_down": 0.17640927413272095, "mu_up": 0.00045788316710277597}, "datetime": {"datetime": "2024-07-12 00:17:47", "elapsed": 2415.550019, "delta": 13.352561}}
{"target": -2038.5990727611786, "params": {"mu_down": 0.01730132246778288, "mu_up": 0.0005}, "datetime": {"datetime": "2024-07-12 00:18:00", "elapsed": 2428.717581, "delta": 13.167562}}
{"target": -1879.299092147389, "params": {"mu_down": 0.18653342030520828, "mu_up": 0.00046082374071363953}, "datetime": {"datetime": "2024-07-12 00:18:12", "elapsed": 2441.037174, "delta": 12.319593}}
{"target": -1979.2971587390898, "params": {"mu_down": 0.18672319056159015, "mu_up": 0.0004162132030865713}, "datetime": {"datetime": "2024-07-12 00:18:28", "elapsed": 2457.083061, "delta": 16.045887}}
{"target": -1889.2984867415887, "params": {"mu_down": 0.17399023569770633, "mu_up": 0.0004545233835115113}, "datetime": {"datetime": "2024-07-12 00:18:39", "elapsed": 2467.598695, "delta": 10.515634}}
{"target": -2007.4672708406, "params": {"mu_down": 0.05567383038247111, "mu_up": 0.0003006472034600792}, "datetime": {"datetime": "2024-07-12 00:18:58", "elapsed": 2486.487057, "delta": 18.888362}}
{"target": -1969.2998197518596, "params": {"mu_down": 0.1674706456837829, "mu_up": 0.0004378026137488689}, "datetime": {"datetime": "2024-07-12 00:19:10", "elapsed": 2499.23231, "delta": 12.745253}}
{"target": -2001.0010306720128, "params": {"mu_down": 0.11803519158355508, "mu_up": 0.0003206827970464541}, "datetime": {"datetime": "2024-07-12 00:19:25", "elapsed": 2513.271301, "delta": 14.038991}}
{"target": -1919.2952322610033, "params": {"mu_down": 0.18662169144721139, "mu_up": 0.00043999029517642244}, "datetime": {"datetime": "2024-07-12 00:19:37", "elapsed": 2525.581326, "delta": 12.310025}}
