{"target": -2000.3285568193105, "params": {"mu_down": 0.17527553149082664, "mu_up": 0.00038716157146251665}, "datetime": {"datetime": "2024-07-11 23:42:32", "elapsed": 301.076693, "delta": 3.103355}}
{"target": -1929.2957873696798, "params": {"mu_down": 0.1751678118666511, "mu_up": 0.00044611497314937825}, "datetime": {"datetime": "2024-07-11 23:42:36", "elapsed": 304.360248, "delta": 3.283555}}
{"target": -1939.2956790096423, "params": {"mu_down": 0.16688391820804785, "mu_up": 0.00045490458026435957}, "datetime": {"datetime": "2024-07-11 23:42:40", "elapsed": 308.626861, "delta": 4.266613}}
{"target": -1959.294267986096, "params": {"mu_down": 0.16729228345086547, "mu_up": 0.0004200197538019962}, "datetime": {"datetime": "2024-07-11 23:42:43", "elapsed": 311.944434, "delta": 3.317573}}
{"target": -1949.2996021326871, "params": {"mu_down": 0.17409976827498702, "mu_up": 0.00043662605566507185}, "datetime": {"datetime": "2024-07-11 23:42:46", "elapsed": 314.888357, "delta": 2.943923}}
{"target": -2001.2525557109768, "params": {"mu_down": 0.17403680688763298, "mu_up": 0.00048698922242532724}, "datetime": {"datetime": "2024-07-11 23:42:49", "elapsed": 317.885739, "delta": 2.997382}}
{"target": -2007.1123766611963, "params": {"mu_down": 0.17578563622793691, "mu_up": 0.000496537520994699}, "datetime": {"datetime": "2024-07-11 23:42:52", "elapsed": 320.986672, "delta": 3.100933}}
{"target": -1909.2976995649724, "params": {"mu_down": 0.17594538164539952, "mu_up": 0.0004516744061353926}, "datetime": {"datetime": "2024-07-11 23:42:55", "elapsed": 324.033989, "delta": 3.047317}}
{"target": -1909.294877307083, "params": {"mu_down": 0.17381929950416314, "mu_up": 0.000457541921782127}, "datetime": {"datetime": "2024-07-11 23:42:58", "elapsed": 327.008762, "delta": 2.974773}}
{"target": -1909.2959301577698, "params": {"mu_down": 0.17606440624715583, "mu_up": 0.0004530427281924893}, "datetime": {"datetime": "2024-07-11 23:43:01", "elapsed": 330.097571, "delta": 3.088809}}
{"target": -2001.293719460601, "params": {"mu_down": 0.17409738050863147, "mu_up": 0.0004875845628550817}, "datetime": {"datetime": "2024-07-11 23:43:04", "elapsed": 333.216301, "delta": 3.11873}}
{"target": -1939.2949874004078, "params": {"mu_down": 0.17604818304417832, "mu_up": 0.00041639518054077435}, "datetime": {"datetime": "2024-07-11 23:43:07", "elapsed": 336.154127, "delta": 2.937826}}
{"target": -1949.2984720083787, "params": {"mu_down": 0.17521366965757268, "mu_up": 0.00043002359121880815}, "datetime": {"datetime": "2024-07-11 23:43:12", "elapsed": 340.606225, "delta": 4.452098}}
{"target": -1949.299653676144, "params": {"mu_down": 0.16732137222125681, "mu_up": 0.0004883895668455733}, "datetime": {"datetime": "2024-07-11 23:43:16", "elapsed": 344.58346, "delta": 3.977235}}
{"target": -1919.2961702215375, "params": {"mu_down": 0.16749262256536077, "mu_up": 0.00045338957329616353}, "datetime": {"datetime": "2024-07-11 23:43:19", "elapsed": 347.439122, "delta": 2.855662}}
{"target": -1919.2963383174333, "params": {"mu_down": 0.17407088978048732, "mu_up": 0.00046145015366977815}, "datetime": {"datetime": "2024-07-11 23:43:22", "elapsed": 350.275695, "delta": 2.836573}}
{"target": -1949.2961697077378, "params": {"mu_down": 0.16752830182968736, "mu_up": 0.0004491332719685328}, "datetime": {"datetime": "2024-07-11 23:43:25", "elapsed": 353.474712, "delta": 3.199017}}
{"target": -1899.2963208479223, "params": {"mu_down": 0.16746769813003182, "mu_up": 0.0004628061842385962}, "datetime": {"datetime": "2024-07-11 23:43:28", "elapsed": 356.538921, "delta": 3.064209}}
{"target": -1899.2963081747675, "params": {"mu_down": 0.16742971563331122, "mu_up": 0.00046290732689057025}, "datetime": {"datetime": "2024-07-11 23:43:31", "elapsed": 359.630959, "delta": 3.092038}}
{"target": -1889.2956779033652, "params": {"mu_down": 0.1752358654185041, "mu_up": 0.0004618613221210296}, "datetime": {"datetime": "2024-07-11 23:43:34", "elapsed": 362.814266, "delta": 3.183307}}
{"target": -1989.2970707498637, "params": {"mu_down": 0.16744536330717794, "mu_up": 0.0004089880208955185}, "datetime": {"datetime": "2024-07-11 23:43:38", "elapsed": 366.297758, "delta": 3.483492}}
{"target": -2000.3076970620918, "params": {"mu_down": 0.16045863689909978, "mu_up": 0.00043487999404170956}, "datetime": {"datetime": "2024-07-11 23:43:41", "elapsed": 369.417549, "delta": 3.119791}}
{"target": -1939.2954161872292, "params": {"mu_down": 0.16737952470315648, "mu_up": 0.00044627157073795016}, "datetime": {"datetime": "2024-07-11 23:43:44", "elapsed": 373.211588, "delta": 3.794039}}
{"target": -1889.2967464904377, "params": {"mu_down": 0.16747949479695767, "mu_up": 0.0004754928208478129}, "datetime": {"datetime": "2024-07-11 23:43:47", "elapsed": 376.147127, "delta": 2.935539}}
{"target": -1919.2971940365287, "params": {"mu_down": 0.1673928953828756, "mu_up": 0.0004843376832006544}, "datetime": {"datetime": "2024-07-11 23:43:51", "elapsed": 379.577793, "delta": 3.430666}}
{"target": -1909.2993084962027, "params": {"mu_down": 0.16742879691315693, "mu_up": 0.00047643260326488704}, "datetime": {"datetime": "2024-07-11 23:43:54", "elapsed": 382.925955, "delta": 3.348162}}
{"target": -2000.3129923567224, "params": {"mu_down": 0.16749840585701647, "mu_up": 0.0004939000699379224}, "datetime": {"datetime": "2024-07-11 23:43:57", "elapsed": 386.250251, "delta": 3.324296}}
{"target": -1989.297293497605, "params": {"mu_down": 0.1669030574344781, "mu_up": 0.0004095162456918222}, "datetime": {"datetime": "2024-07-11 23:44:01", "elapsed": 389.55278, "delta": 3.302529}}
{"target": -2002.6202501011248, "params": {"mu_down": 0.166854435334458, "mu_up": 0.0004944729407848203}, "datetime": {"datetime": "2024-07-11 23:44:04", "elapsed": 393.08707, "delta": 3.53429}}
{"target": -1899.2956014537124, "params": {"mu_down": 0.1760035004670878, "mu_up": 0.00045790088446866304}, "datetime": {"datetime": "2024-07-11 23:44:09", "elapsed": 397.613898, "delta": 4.526828}}
{"target": -1919.2964748719298, "params": {"mu_down": 0.16746040002549162, "mu_up": 0.0004890603463382118}, "datetime": {"datetime": "2024-07-11 23:44:12", "elapsed": 401.121105, "delta": 3.507207}}
{"target": -1899.2978243320695, "params": {"mu_down": 0.1752392567825668, "mu_up": 0.0004772400025078051}, "datetime": {"datetime": "2024-07-11 23:44:15", "elapsed": 403.962498, "delta": 2.841393}}
{"target": -1879.2995722951657, "params": {"mu_down": 0.17573319207969323, "mu_up": 0.00046215793434557475}, "datetime": {"datetime": "2024-07-11 23:44:19", "elapsed": 407.313738, "delta": 3.35124}}
{"target": -1979.2959324832702, "params": {"mu_down": 0.17570301360674268, "mu_up": 0.00042662357007038716}, "datetime": {"datetime": "2024-07-11 23:44:22", "elapsed": 410.83631, "delta": 3.522572}}
{"target": -1899.2950104623571, "params": {"mu_down": 0.17575176244710428, "mu_up": 0.00045024466344691886}, "datetime": {"datetime": "2024-07-11 23:44:25", "elapsed": 414.203423, "delta": 3.367113}}
{"target": -1939.295539449747, "params": {"mu_down": 0.17533727196453786, "mu_up": 0.0004423602781564401}, "datetime": {"datetime": "2024-07-11 23:44:29", "elapsed": 417.717112, "delta": 3.513689}}
{"target": -1879.2952553710195, "params": {"mu_down": 0.17590354177862724, "mu_up": 0.00045829670883128}, "datetime": {"datetime": "2024-07-11 23:44:32", "elapsed": 420.761808, "delta": 3.044696}}
{"target": -2001.2895108250311, "params": {"mu_down": 0.16053027574212655, "mu_up": 0.0004980689023906939}, "datetime": {"datetime": "2024-07-11 23:44:36", "elapsed": 424.323243, "delta": 3.561435}}
{"target": -1989.2974112949573, "params": {"mu_down": 0.17534589934039724, "mu_up": 0.00040102284902742384}, "datetime": {"datetime": "2024-07-11 23:44:39", "elapsed": 428.224069, "delta": 3.900826}}
{"target": -1939.2987597144345, "params": {"mu_down": 0.16016486913901448, "mu_up": 0.0004913385526761937}, "datetime": {"datetime": "2024-07-11 23:44:43", "elapsed": 431.444379, "delta": 3.22031}}
{"target": -1909.2973346111767, "params": {"mu_down": 0.1602282425730931, "mu_up": 0.0004829898577853264}, "datetime": {"datetime": "2024-07-11 23:44:46", "elapsed": 434.740548, "delta": 3.296169}}
{"target": -2005.3531876875402, "params": {"mu_down": 0.16722876091327246, "mu_up": 0.0004990444683331128}, "datetime": {"datetime": "2024-07-11 23:44:49", "elapsed": 438.20392, "delta": 3.463372}}
{"target": -1879.296989990926, "params": {"mu_down": 0.17400014167842337, "mu_up": 0.0004600570257266074}, "datetime": {"datetime": "2024-07-11 23:44:53", "elapsed": 442.217631, "delta": 4.013711}}
{"target": -2003.3958352474108, "params": {"mu_down": 0.17573069093261315, "mu_up": 0.0004944742527751608}, "datetime": {"datetime": "2024-07-11 23:44:57", "elapsed": 446.020263, "delta": 3.802632}}
{"target": -1979.2960374092404, "params": {"mu_down": 0.16026718551953933, "mu_up": 0.0004886025082187971}, "datetime": {"datetime": "2024-07-11 23:45:01", "elapsed": 449.572372, "delta": 3.552109}}
{"target": -1929.2990987466092, "params": {"mu_down": 0.17586461324038624, "mu_up": 0.00047199584317646513}, "datetime": {"datetime": "2024-07-11 23:45:05", "elapsed": 453.575957, "delta": 4.003585}}
{"target": -2000.327283201525, "params": {"mu_down": 0.16862328899993176, "mu_up": 0.0003938458093943243}, "datetime": {"datetime": "2024-07-11 23:45:08", "elapsed": 456.850411, "delta": 3.274454}}
{"target": -2000.3098602072764, "params": {"mu_down": 0.16019855888306966, "mu_up": 0.00043385840533754724}, "datetime": {"datetime": "2024-07-11 23:45:11", "elapsed": 460.015586, "delta": 3.165175}}
{"target": -1949.2991771072811, "params": {"mu_down": 0.16736897790620214, "mu_up": 0.0004821695772416467}, "datetime": {"datetime": "2024-07-11 23:45:15", "elapsed": 463.525857, "delta": 3.510271}}
{"target": -1879.2983113897044, "params": {"mu_down": 0.1760824986620832, "mu_up": 0.00046276260279132426}, "datetime": {"datetime": "2024-07-11 23:45:18", "elapsed": 466.669729, "delta": 3.143872}}
{"target": -1929.295834041988, "params": {"mu_down": 0.16759129265923042, "mu_up": 0.00045799516689141453}, "datetime": {"datetime": "2024-07-11 23:45:21", "elapsed": 470.104444, "delta": 3.434715}}
{"target": -1929.2939071742144, "params": {"mu_down": 0.17607423274414272, "mu_up": 0.0004200111217495308}, "datetime": {"datetime": "2024-07-11 23:45:25", "elapsed": 473.561135, "delta": 3.456691}}
{"target": -1919.2976568448992, "params": {"mu_down": 0.16700491368621684, "mu_up": 0.0004626985231639512}, "datetime": {"datetime": "2024-07-11 23:45:28", "elapsed": 476.965688, "delta": 3.404553}}
{"target": -1979.2955954371364, "params": {"mu_down": 0.16707406277426542, "mu_up": 0.0004375276425479307}, "datetime": {"datetime": "2024-07-11 23:45:32", "elapsed": 480.811361, "delta": 3.845673}}
{"target": -2001.2520476574211, "params": {"mu_down": 0.16021125870037117, "mu_up": 0.0004984464550258772}, "datetime": {"datetime": "2024-07-11 23:45:37", "elapsed": 485.6976, "delta": 4.886239}}
{"target": -1949.2999797077503, "params": {"mu_down": 0.16699501768152342, "mu_up": 0.00044110013821825416}, "datetime": {"datetime": "2024-07-11 23:45:40", "elapsed": 489.112888, "delta": 3.415288}}
{"target": -2033.102919544015, "params": {"mu_down": 0.2, "mu_up": 1e-05}, "datetime": {"datetime": "2024-07-11 23:45:44", "elapsed": 492.904427, "delta": 3.791539}}
{"target": -1959.294503377476, "params": {"mu_down": 0.16024631583789584, "mu_up": 0.00045183865355365426}, "datetime": {"datetime": "2024-07-11 23:45:48", "elapsed": 496.564115, "delta": 3.659688}}
{"target": -1989.2977185058833, "params": {"mu_down": 0.17515331055169503, "mu_up": 0.00048535567057158153}, "datetime": {"datetime": "2024-07-11 23:45:52", "elapsed": 500.696837, "delta": 4.132722}}
{"target": -1909.2990858635708, "params": {"mu_down": 0.16696932788078933, "mu_up": 0.00045693533839242866}, "datetime": {"datetime": "2024-07-11 23:45:55", "elapsed": 504.082813, "delta": 3.385976}}
{"target": -1949.2969078904202, "params": {"mu_down": 0.16695356205013678, "mu_up": 0.0004223571154524942}, "datetime": {"datetime": "2024-07-11 23:45:59", "elapsed": 508.065593, "delta": 3.98278}}
{"target": -1879.295740620032, "params": {"mu_down": 0.17398611690911067, "mu_up": 0.00046854969100753045}, "datetime": {"datetime": "2024-07-11 23:46:03", "elapsed": 511.819326, "delta": 3.753733}}
{"target": -1909.299607812812, "params": {"mu_down": 0.17571432051771665, "mu_up": 0.000450537744203929}, "datetime": {"datetime": "2024-07-11 23:46:06", "elapsed": 515.071946, "delta": 3.25262}}
{"target": -1969.2987040293847, "params": {"mu_down": 0.16792926948913167, "mu_up": 0.0004138423949944839}, "datetime": {"datetime": "2024-07-11 23:46:10", "elapsed": 519.014671, "delta": 3.942725}}
{"target": -1929.2972098906014, "params": {"mu_down": 0.17598746093114548, "mu_up": 0.00048484002816435816}, "datetime": {"datetime": "2024-07-11 23:46:16", "elapsed": 524.615425, "delta": 5.600754}}
{"target": -1889.2951579030237, "params": {"mu_down": 0.17614393065829975, "mu_up": 0.00046089395817656504}, "datetime": {"datetime": "2024-07-11 23:46:20", "elapsed": 528.483089, "delta": 3.867664}}
{"target": -1879.2946324162544, "params": {"mu_down": 0.1761791214704695, "mu_up": 0.00045845902902797125}, "datetime": {"datetime": "2024-07-11 23:46:23", "elapsed": 531.780952, "delta": 3.297863}}
{"target": -2002.793215455985, "params": {"mu_down": 0.16702886329559904, "mu_up": 0.0004958134023372865}, "datetime": {"datetime": "2024-07-11 23:46:27", "elapsed": 535.493596, "delta": 3.712644}}
{"target": -1939.2977380083478, "params": {"mu_down": 0.176178550221673, "mu_up": 0.0004405975916845152}, "datetime": {"datetime": "2024-07-11 23:46:30", "elapsed": 538.800521, "delta": 3.306925}}
{"target": -1889.2977361244966, "params": {"mu_down": 0.17361496036860535, "mu_up": 0.0004555798256754466}, "datetime": {"datetime": "2024-07-11 23:46:34", "elapsed": 542.868024, "delta": 4.067503}}
{"target": -1949.2973755245841, "params": {"mu_down": 0.17363512627217403, "mu_up": 0.00044019947754831795}, "datetime": {"datetime": "2024-07-11 23:46:37", "elapsed": 546.183267, "delta": 3.315243}}
{"target": -1939.2975892321374, "params": {"mu_down": 0.17363496296217795, "mu_up": 0.0004835028751979566}, "datetime": {"datetime": "2024-07-11 23:46:41", "elapsed": 549.55191, "delta": 3.368643}}
{"target": -1989.2951768085613, "params": {"mu_down": 0.16765886747067676, "mu_up": 0.0004319957207675426}, "datetime": {"datetime": "2024-07-11 23:46:45", "elapsed": 553.462001, "delta": 3.910091}}
{"target": -1989.296531774195, "params": {"mu_down": 0.17358403354136678, "mu_up": 0.0004031390091369385}, "datetime": {"datetime": "2024-07-11 23:46:50", "elapsed": 558.690558, "delta": 5.228557}}
{"target": -2013.0306037626624, "params": {"mu_down": 0.17846438252367774, "mu_up": 0.0005}, "datetime": {"datetime": "2024-07-11 23:46:54", "elapsed": 562.632356, "delta": 3.941798}}
{"target": -2001.3049572731998, "params": {"mu_down": 0.17357471619956522, "mu_up": 0.0004904229874411116}, "datetime": {"datetime": "2024-07-11 23:46:58", "elapsed": 566.295149, "delta": 3.662793}}
{"target": -1989.2963951288757, "params": {"mu_down": 0.17347878338450878, "mu_up": 0.00042503630627609997}, "datetime": {"datetime": "2024-07-11 23:47:01", "elapsed": 569.85881, "delta": 3.563661}}
{"target": -1929.2994346488176, "params": {"mu_down": 0.17573492673432, "mu_up": 0.00043685601599061997}, "datetime": {"datetime": "2024-07-11 23:47:05", "elapsed": 573.974008, "delta": 4.115198}}
{"target": -1879.2991088046904, "params": {"mu_down": 0.17621624790930984, "mu_up": 0.0004549255604646334}, "datetime": {"datetime": "2024-07-11 23:47:09", "elapsed": 577.576049, "delta": 3.602041}}
{"target": -1879.2959300780851, "params": {"mu_down": 0.17361037621638345, "mu_up": 0.0004698904649933759}, "datetime": {"datetime": "2024-07-11 23:47:13", "elapsed": 581.819832, "delta": 4.243783}}
{"target": -1939.2955363894228, "params": {"mu_down": 0.1762438916931472, "mu_up": 0.0004337043097507686}, "datetime": {"datetime": "2024-07-11 23:47:17", "elapsed": 585.549442, "delta": 3.72961}}
{"target": -1929.2997700853755, "params": {"mu_down": 0.17622045445337842, "mu_up": 0.00047361786119392316}, "datetime": {"datetime": "2024-07-11 23:47:21", "elapsed": 590.257566, "delta": 4.708124}}
{"target": -2000.3775215222279, "params": {"mu_down": 0.17413730848496384, "mu_up": 0.00036932261488191654}, "datetime": {"datetime": "2024-07-11 23:47:25", "elapsed": 593.83166, "delta": 3.574094}}
{"target": -2012.9969877010096, "params": {"mu_down": 0.1780201770995219, "mu_up": 0.0005}, "datetime": {"datetime": "2024-07-11 23:47:29", "elapsed": 598.060334, "delta": 4.228674}}
{"target": -1889.298016660491, "params": {"mu_down": 0.1762060280000182, "mu_up": 0.0004515087547710199}, "datetime": {"datetime": "2024-07-11 23:47:34", "elapsed": 602.77746, "delta": 4.717126}}
{"target": -1929.2952338535813, "params": {"mu_down": 0.16740736066256715, "mu_up": 0.00046851794679955613}, "datetime": {"datetime": "2024-07-11 23:47:38", "elapsed": 606.524682, "delta": 3.747222}}
{"target": -1889.298193259293, "params": {"mu_down": 0.175375973375655, "mu_up": 0.0004680363707602881}, "datetime": {"datetime": "2024-07-11 23:47:42", "elapsed": 610.407866, "delta": 3.883184}}
{"target": -1979.298904966769, "params": {"mu_down": 0.1761609701278765, "mu_up": 0.00048418636993503324}, "datetime": {"datetime": "2024-07-11 23:47:46", "elapsed": 615.260271, "delta": 4.852405}}
{"target": -1959.2965328581504, "params": {"mu_down": 0.16697023477448533, "mu_up": 0.0004901506376862167}, "datetime": {"datetime": "2024-07-11 23:47:51", "elapsed": 619.679974, "delta": 4.419703}}
{"target": -1899.2968802827959, "params": {"mu_down": 0.16869096154741942, "mu_up": 0.00045981918629265723}, "datetime": {"datetime": "2024-07-11 23:47:55", "elapsed": 623.768806, "delta": 4.088832}}
{"target": -1929.299094263989, "params": {"mu_down": 0.1762859085730224, "mu_up": 0.0004796537885775371}, "datetime": {"datetime": "2024-07-11 23:47:59", "elapsed": 627.271839, "delta": 3.503033}}
{"target": -1889.297460181866, "params": {"mu_down": 0.16874458782039153, "mu_up": 0.0004720436250999952}, "datetime": {"datetime": "2024-07-11 23:48:02", "elapsed": 630.972786, "delta": 3.700947}}
{"target": -2004.0247072946227, "params": {"mu_down": 0.16873437451114404, "mu_up": 0.0004985992122314645}, "datetime": {"datetime": "2024-07-11 23:48:06", "elapsed": 634.842179, "delta": 3.869393}}
{"target": -1919.29983978579, "params": {"mu_down": 0.16744631912291807, "mu_up": 0.00046881238416531765}, "datetime": {"datetime": "2024-07-11 23:48:10", "elapsed": 638.832625, "delta": 3.990446}}
{"target": -1919.296933955851, "params": {"mu_down": 0.1687659904001066, "mu_up": 0.00047062394736538664}, "datetime": {"datetime": "2024-07-11 23:48:16", "elapsed": 644.76646, "delta": 5.933835}}
{"target": -1979.2973185873295, "params": {"mu_down": 0.16874411717345908, "mu_up": 0.00042704697576078716}, "datetime": {"datetime": "2024-07-11 23:48:20", "elapsed": 648.835526, "delta": 4.069066}}
{"target": -1929.2992183847064, "params": {"mu_down": 0.17536416949096195, "mu_up": 0.0004815101193510047}, "datetime": {"datetime": "2024-07-11 23:48:24", "elapsed": 652.59538, "delta": 3.759854}}
{"target": -1939.2975319816615, "params": {"mu_down": 0.16871369991928029, "mu_up": 0.0004496584357307442}, "datetime": {"datetime": "2024-07-11 23:48:28", "elapsed": 656.325896, "delta": 3.730516}}
{"target": -1939.297123672021, "params": {"mu_down": 0.1754230627915038, "mu_up": 0.0004412337582398673}, "datetime": {"datetime": "2024-07-11 23:48:32", "elapsed": 660.449423, "delta": 4.123527}}
{"target": -1989.2970788060986, "params": {"mu_down": 0.16735675227701977, "mu_up": 0.0004090982933462706}, "datetime": {"datetime": "2024-07-11 23:48:36", "elapsed": 664.873353, "delta": 4.42393}}
{"target": -1919.2953896626996, "params": {"mu_down": 0.17609853322283026, "mu_up": 0.0004591564998431481}, "datetime": {"datetime": "2024-07-11 23:48:40", "elapsed": 669.218203, "delta": 4.34485}}
{"target": -1879.2943948918683, "params": {"mu_down": 0.1762614797542226, "mu_up": 0.0004586457766124005}, "datetime": {"datetime": "2024-07-11 23:48:45", "elapsed": 673.723453, "delta": 4.50525}}
{"target": -1959.2992096261717, "params": {"mu_down": 0.16868150901216242, "mu_up": 0.00043265576278793047}, "datetime": {"datetime": "2024-07-11 23:48:49", "elapsed": 677.851032, "delta": 4.127579}}
{"target": -1889.2971465414137, "params": {"mu_down": 0.17539560564290294, "mu_up": 0.0004603037996925569}, "datetime": {"datetime": "2024-07-11 23:48:53", "elapsed": 681.871005, "delta": 4.019973}}
{"target": -1909.2944283764823, "params": {"mu_down": 0.16875137303762086, "mu_up": 0.00045695054195111806}, "datetime": {"datetime": "2024-07-11 23:48:57", "elapsed": 685.551015, "delta": 3.68001}}
{"target": -2001.15539415037, "params": {"mu_down": 0.17538668037501637, "mu_up": 0.0004860554284689284}, "datetime": {"datetime": "2024-07-11 23:49:01", "elapsed": 689.791627, "delta": 4.240612}}
{"target": -1959.2995900900926, "params": {"mu_down": 0.17625818624182976, "mu_up": 0.0004876690318102961}, "datetime": {"datetime": "2024-07-11 23:49:06", "elapsed": 694.585758, "delta": 4.794131}}
{"target": -1919.2974598657227, "params": {"mu_down": 0.17590519401904023, "mu_up": 0.0004467176862493937}, "datetime": {"datetime": "2024-07-11 23:49:12", "elapsed": 700.828981, "delta": 6.243223}}
{"target": -1889.2999041008034, "params": {"mu_down": 0.17623992458419954, "mu_up": 0.00045034524608371027}, "datetime": {"datetime": "2024-07-11 23:49:17", "elapsed": 705.90218, "delta": 5.073199}}
{"target": -2003.4130164381277, "params": {"mu_down": 0.1760048659447373, "mu_up": 0.0004948897400172822}, "datetime": {"datetime": "2024-07-11 23:49:21", "elapsed": 709.929008, "delta": 4.026828}}
{"target": -1899.296995725151, "params": {"mu_down": 0.17633783145334156, "mu_up": 0.00047669378591368524}, "datetime": {"datetime": "2024-07-11 23:49:25", "elapsed": 713.897448, "delta": 3.96844}}
