{"target": -2300.0, "params": {"momentum_down": 0.42711125452679405, "momentum_up": 0.05343149733111161, "mu_down": 0.09424727203121158, "mu_up": 0.0006499786776453998}, "datetime": {"datetime": "2024-06-09 20:55:38", "elapsed": 200.523401, "delta": 0.645823}}
{"target": -2000.4511920300965, "params": {"momentum_down": 0.8342724678162229, "momentum_up": 0.6494175915668382, "mu_down": 0.25159395699615655, "mu_up": 0.00010451244979207468}, "datetime": {"datetime": "2024-06-09 20:55:40", "elapsed": 202.593652, "delta": 2.070251}}
{"target": -2054.1324564320203, "params": {"momentum_down": 0.5051620082760635, "momentum_up": 0.037702503523477385, "mu_down": 0.006349869422010812, "mu_up": 0.0003131926536835418}, "datetime": {"datetime": "2024-06-09 20:55:42", "elapsed": 204.486852, "delta": 1.8932}}
{"target": -341.2243490098533, "params": {"momentum_down": 0.8305296741969511, "momentum_up": 0.9473150482657354, "mu_down": 0.12859950056560152, "mu_up": 0.0005144383348268345}, "datetime": {"datetime": "2024-06-09 20:55:43", "elapsed": 205.474406, "delta": 0.987554}}
{"target": -2014.6860558905476, "params": {"momentum_down": 0.4374937514558387, "momentum_up": 0.4622793455090951, "mu_down": 0.020832929985191807, "mu_up": 0.00032341181284436187}, "datetime": {"datetime": "2024-06-09 20:55:45", "elapsed": 207.353031, "delta": 1.878625}}
{"target": -2300.0, "params": {"momentum_down": 0.2146750546083913, "momentum_up": 0.9661439562955123, "mu_down": 0.06612834878257262, "mu_up": 0.0009348434435894786}, "datetime": {"datetime": "2024-06-09 20:55:46", "elapsed": 207.810132, "delta": 0.457101}}
{"target": -402.2860310680409, "params": {"momentum_down": 0.8457040738714521, "momentum_up": 0.9535267184671118, "mu_down": 0.0983921552049821, "mu_up": 0.0004222653595955183}, "datetime": {"datetime": "2024-06-09 20:55:47", "elapsed": 209.212502, "delta": 1.40237}}
{"target": -552.2892530007018, "params": {"momentum_down": 0.7927832109523894, "momentum_up": 0.9583287787626056, "mu_down": 0.09047959986545613, "mu_up": 0.00023049644887854602}, "datetime": {"datetime": "2024-06-09 20:55:48", "elapsed": 210.489203, "delta": 1.276701}}
{"target": -2300.0, "params": {"momentum_down": 0.9145850887838799, "momentum_up": 0.10567453548421657, "mu_down": 0.1451162994958321, "mu_up": 0.0008825267140488244}, "datetime": {"datetime": "2024-06-09 20:55:49", "elapsed": 211.029035, "delta": 0.539832}}
{"target": -2300.0, "params": {"momentum_down": 0.8436113446132814, "momentum_up": 0.924696788401129, "mu_down": 0.06399085368514729, "mu_up": 0.0008098223679363018}, "datetime": {"datetime": "2024-06-09 20:55:49", "elapsed": 211.56107, "delta": 0.532035}}
{"target": -1256.296983652139, "params": {"momentum_down": 0.3853687870410415, "momentum_up": 0.8692968791276138, "mu_down": 0.11577872932344213, "mu_up": 0.0004990537213019918}, "datetime": {"datetime": "2024-06-09 20:55:51", "elapsed": 212.78527, "delta": 1.2242}}
{"target": -412.17401348046843, "params": {"momentum_down": 0.8308412050766247, "momentum_up": 0.9558669718599532, "mu_down": 0.11917269803994092, "mu_up": 0.0006156673576383034}, "datetime": {"datetime": "2024-06-09 20:55:52", "elapsed": 214.639904, "delta": 1.854634}}
{"target": -2300.0, "params": {"momentum_down": 0.7952258049223373, "momentum_up": 0.03961464420202617, "mu_down": 0.09175280326527209, "mu_up": 0.0006148890795647392}, "datetime": {"datetime": "2024-06-09 20:55:53", "elapsed": 214.774773, "delta": 0.134869}}
{"target": -2035.932727142238, "params": {"momentum_down": 0.7104139811019633, "momentum_up": 0.9866039157500884, "mu_down": 0.06705853030794771, "mu_up": 0.00012896452562871795}, "datetime": {"datetime": "2024-06-09 20:55:55", "elapsed": 216.967599, "delta": 2.192826}}
{"target": -763.2895291141177, "params": {"momentum_down": 0.48461664743639465, "momentum_up": 0.6367583392745574, "mu_down": 0.2307883617394265, "mu_up": 0.0003860544291760029}, "datetime": {"datetime": "2024-06-09 20:55:56", "elapsed": 218.078082, "delta": 1.110483}}
{"target": -2300.0, "params": {"momentum_down": 0.8291064788596629, "momentum_up": 0.9591748180964111, "mu_down": 0.07639050590270867, "mu_up": 0.0009255027322059}, "datetime": {"datetime": "2024-06-09 20:55:57", "elapsed": 218.967595, "delta": 0.889513}}
{"target": -512.2454839392561, "params": {"momentum_down": 0.8144744264426359, "momentum_up": 0.9484354796554354, "mu_down": 0.08861261939212593, "mu_up": 0.0003004538049350468}, "datetime": {"datetime": "2024-06-09 20:55:58", "elapsed": 220.231576, "delta": 1.263981}}
{"target": -2000.591300213887, "params": {"momentum_down": 0.580458657200887, "momentum_up": 0.9182434319512083, "mu_down": 0.04359088660792847, "mu_up": 0.00010353223274841544}, "datetime": {"datetime": "2024-06-09 20:56:01", "elapsed": 222.973453, "delta": 2.741877}}
{"target": -2001.3474089554118, "params": {"momentum_down": 0.7297989696713781, "momentum_up": 0.22004934903933804, "mu_down": 0.02380242959340507, "mu_up": 0.0005844535333018062}, "datetime": {"datetime": "2024-06-09 20:56:03", "elapsed": 225.37402, "delta": 2.400567}}
{"target": -2300.0, "params": {"momentum_down": 0.17239757856400453, "momentum_up": 0.13220278028796073, "mu_down": 0.099386292542557, "mu_up": 0.0008523096555872557}, "datetime": {"datetime": "2024-06-09 20:56:04", "elapsed": 225.872037, "delta": 0.498017}}
{"target": -2300.0, "params": {"momentum_down": 0.5382049677783456, "momentum_up": 0.9522254021014066, "mu_down": 0.038548937406138746, "mu_up": 0.0007850162325930748}, "datetime": {"datetime": "2024-06-09 20:56:04", "elapsed": 226.379661, "delta": 0.507624}}
{"target": -482.27046284059446, "params": {"momentum_down": 0.8080108432375507, "momentum_up": 0.9441722744316873, "mu_down": 0.0970095492776294, "mu_up": 0.0004962318160511872}, "datetime": {"datetime": "2024-06-09 20:56:07", "elapsed": 228.737914, "delta": 2.358253}}
{"target": -1909.2975572583268, "params": {"momentum_down": 0.5596054522252505, "momentum_up": 0.7638371580642138, "mu_down": 0.1960474082034385, "mu_up": 8.980854135322721e-05}, "datetime": {"datetime": "2024-06-09 20:56:09", "elapsed": 231.678168, "delta": 2.940254}}
{"target": -2300.0, "params": {"momentum_down": 0.5262099679037339, "momentum_up": 0.618073806254707, "mu_down": 0.22675477742242794, "mu_up": 0.0009712214096618142}, "datetime": {"datetime": "2024-06-09 20:56:10", "elapsed": 232.475028, "delta": 0.79686}}
{"target": -1306.292319411316, "params": {"momentum_down": 0.2376345869382911, "momentum_up": 0.6934960053501069, "mu_down": 0.27008972313394086, "mu_up": 0.00017542895235769955}, "datetime": {"datetime": "2024-06-09 20:56:12", "elapsed": 234.085584, "delta": 1.610556}}
{"target": -683.284059282276, "params": {"momentum_down": 0.5087136418692708, "momentum_up": 0.8157621399095262, "mu_down": 0.17182008422571593, "mu_up": 0.00046639884705291357}, "datetime": {"datetime": "2024-06-09 20:56:13", "elapsed": 235.108517, "delta": 1.022933}}
{"target": -1638.2924126346043, "params": {"momentum_down": 0.16119671275360717, "momentum_up": 0.4368997575516714, "mu_down": 0.12415460401250901, "mu_up": 0.0005434481174476303}, "datetime": {"datetime": "2024-06-09 20:56:15", "elapsed": 237.667328, "delta": 2.558811}}
{"target": -432.20618131878433, "params": {"momentum_down": 0.8691270948613434, "momentum_up": 0.9110062420926229, "mu_down": 0.0761937733493573, "mu_up": 0.0004214023799547996}, "datetime": {"datetime": "2024-06-09 20:56:16", "elapsed": 238.52287, "delta": 0.855542}}
{"target": -2001.0659006292035, "params": {"momentum_down": 0.8958646608404881, "momentum_up": 0.30513582516595794, "mu_down": 0.17683568427639826, "mu_up": 0.00014776119559792178}, "datetime": {"datetime": "2024-06-09 20:56:19", "elapsed": 241.198357, "delta": 2.675487}}
{"target": -2300.0, "params": {"momentum_down": 0.4821939395219632, "momentum_up": 0.38162747659429763, "mu_down": 0.12547407789270024, "mu_up": 0.0009853028403713192}, "datetime": {"datetime": "2024-06-09 20:56:19", "elapsed": 241.337476, "delta": 0.139119}}
{"target": -2003.9408603009163, "params": {"momentum_down": 0.0708363694874507, "momentum_up": 0.04712606233213572, "mu_down": 0.17581382747245863, "mu_up": 0.00012260827484755792}, "datetime": {"datetime": "2024-06-09 20:56:21", "elapsed": 243.544687, "delta": 2.207211}}
{"target": -2014.548709283196, "params": {"momentum_down": 0.5658698995454783, "momentum_up": 0.7534330495414079, "mu_down": 0.22237260450404997, "mu_up": 1e-05}, "datetime": {"datetime": "2024-06-09 20:56:24", "elapsed": 246.224945, "delta": 2.680258}}
{"target": -2300.0, "params": {"momentum_down": 0.4830659531115782, "momentum_up": 0.30735576199563297, "mu_down": 0.08146609723649348, "mu_up": 0.000769525900941395}, "datetime": {"datetime": "2024-06-09 20:56:25", "elapsed": 247.329812, "delta": 1.104867}}
{"target": -412.16125994289064, "params": {"momentum_down": 0.8346825354471381, "momentum_up": 0.9515545785716731, "mu_down": 0.12016073098258205, "mu_up": 0.000668216166275617}, "datetime": {"datetime": "2024-06-09 20:56:26", "elapsed": 248.700606, "delta": 1.370794}}
{"target": -2018.452907947767, "params": {"momentum_down": 0.25946328696810633, "momentum_up": 0.20098574341286518, "mu_down": 0.025383748386610172, "mu_up": 0.0002236668448739413}, "datetime": {"datetime": "2024-06-09 20:56:29", "elapsed": 251.238253, "delta": 2.537647}}
{"target": -633.2993415583072, "params": {"momentum_down": 0.5758185925758167, "momentum_up": 0.7442592207859567, "mu_down": 0.1982912813581673, "mu_up": 0.00035635996158855904}, "datetime": {"datetime": "2024-06-09 20:56:31", "elapsed": 252.802607, "delta": 1.564354}}
{"target": -2300.0, "params": {"momentum_down": 0.6214334784931921, "momentum_up": 0.034074611539422525, "mu_down": 0.13742116486117217, "mu_up": 0.0005742059516093119}, "datetime": {"datetime": "2024-06-09 20:56:31", "elapsed": 253.174334, "delta": 0.371727}}
{"target": -2015.468937739933, "params": {"momentum_down": 0.2103774068103545, "momentum_up": 0.39233301737581483, "mu_down": 0.0946037980302086, "mu_up": 3.1048174031369005e-05}, "datetime": {"datetime": "2024-06-09 20:56:33", "elapsed": 255.065606, "delta": 1.891272}}
{"target": -2000.7864144731013, "params": {"momentum_down": 0.5684049672594218, "momentum_up": 0.685985910960287, "mu_down": 0.04216205378983066, "mu_up": 0.0009791561925313725}, "datetime": {"datetime": "2024-06-09 20:56:35", "elapsed": 257.338899, "delta": 2.273293}}
{"target": -1246.2951004939114, "params": {"momentum_down": 0.057330800449861864, "momentum_up": 0.8628847785111758, "mu_down": 0.17931716551242913, "mu_up": 0.00020970989545371983}, "datetime": {"datetime": "2024-06-09 20:56:36", "elapsed": 258.587913, "delta": 1.249014}}
{"target": -2300.0, "params": {"momentum_down": 0.4824687186875612, "momentum_up": 0.7910880595586949, "mu_down": 0.2833644101513503, "mu_up": 0.0009341688848993079}, "datetime": {"datetime": "2024-06-09 20:56:37", "elapsed": 259.157888, "delta": 0.569975}}
{"target": -2300.0, "params": {"momentum_down": 0.7325125876267281, "momentum_up": 0.04520492556124906, "mu_down": 0.17624665994789576, "mu_up": 0.0005767035185658231}, "datetime": {"datetime": "2024-06-09 20:56:38", "elapsed": 259.756248, "delta": 0.59836}}
{"target": -2300.0, "params": {"momentum_down": 0.9493282156933773, "momentum_up": 0.36256862082340957, "mu_down": 0.12240415653659209, "mu_up": 0.0009108832820129674}, "datetime": {"datetime": "2024-06-09 20:56:38", "elapsed": 260.292138, "delta": 0.53589}}
{"target": -2300.0, "params": {"momentum_down": 0.847831888800437, "momentum_up": 0.9441733352325712, "mu_down": 0.09245421340477881, "mu_up": 0.0007871922264493274}, "datetime": {"datetime": "2024-06-09 20:56:40", "elapsed": 261.756029, "delta": 1.463891}}
{"target": -2009.6526645821027, "params": {"momentum_down": 0.6870531102515682, "momentum_up": 0.5190117222743221, "mu_down": 0.024085570006305367, "mu_up": 5.134139594263544e-05}, "datetime": {"datetime": "2024-06-09 20:56:42", "elapsed": 264.103591, "delta": 2.347562}}
{"target": -542.2757520004362, "params": {"momentum_down": 0.8028924443712688, "momentum_up": 0.9456826961808033, "mu_down": 0.0878316876998409, "mu_up": 0.00021308072565632305}, "datetime": {"datetime": "2024-06-09 20:56:44", "elapsed": 266.218129, "delta": 2.114538}}
{"target": -623.2999764356282, "params": {"momentum_down": 0.45218371212683445, "momentum_up": 0.9480420495548482, "mu_down": 0.24069368527734014, "mu_up": 0.0007993095005033522}, "datetime": {"datetime": "2024-06-09 20:56:46", "elapsed": 268.272291, "delta": 2.054162}}
{"target": -2006.8121369834669, "params": {"momentum_down": 0.13139745368305358, "momentum_up": 0.36673017070003816, "mu_down": 0.2319937408341595, "mu_up": 6.131114368989448e-05}, "datetime": {"datetime": "2024-06-09 20:56:48", "elapsed": 270.663234, "delta": 2.390943}}
{"target": -2300.0, "params": {"momentum_down": 0.020862033546856625, "momentum_up": 0.3314606655831526, "mu_down": 0.16453314773421798, "mu_up": 0.0008685949557458896}, "datetime": {"datetime": "2024-06-09 20:56:50", "elapsed": 272.076132, "delta": 1.412898}}
{"target": -452.2738435504446, "params": {"momentum_down": 0.8742133040692414, "momentum_up": 0.9091938544286907, "mu_down": 0.07337384377002582, "mu_up": 0.0002016364590616797}, "datetime": {"datetime": "2024-06-09 20:56:52", "elapsed": 274.315966, "delta": 2.239834}}
{"target": -2300.0, "params": {"momentum_down": 0.858608668604188, "momentum_up": 0.2921987555292553, "mu_down": 0.1324377730287355, "mu_up": 0.0006527543602025302}, "datetime": {"datetime": "2024-06-09 20:56:53", "elapsed": 274.950095, "delta": 0.634129}}
{"target": -2000.508613221551, "params": {"momentum_down": 0.3541981740743518, "momentum_up": 0.2093980509155709, "mu_down": 0.22587790221744997, "mu_up": 0.00024041459303400528}, "datetime": {"datetime": "2024-06-09 20:56:55", "elapsed": 276.886455, "delta": 1.93636}}
{"target": -683.278797752001, "params": {"momentum_down": 0.802486550702636, "momentum_up": 0.9732238387324166, "mu_down": 0.08015435545944173, "mu_up": 0.00046375824980706483}, "datetime": {"datetime": "2024-06-09 20:56:56", "elapsed": 278.419301, "delta": 1.532846}}
{"target": -603.2770193183401, "params": {"momentum_down": 0.4598834682804882, "momentum_up": 0.8142080008557374, "mu_down": 0.21349073236468344, "mu_up": 0.0007991884010524138}, "datetime": {"datetime": "2024-06-09 20:56:58", "elapsed": 279.79792, "delta": 1.378619}}
{"target": -864.2911935307416, "params": {"momentum_down": 0.5721721360264131, "momentum_up": 0.7639166142437197, "mu_down": 0.2037368598583005, "mu_up": 0.00020886693926320285}, "datetime": {"datetime": "2024-06-09 20:57:00", "elapsed": 281.74283, "delta": 1.94491}}
{"target": -2300.0, "params": {"momentum_down": 0.5761494130007397, "momentum_up": 0.3991589673840798, "mu_down": 0.2933132444183844, "mu_up": 0.0008010406014067264}, "datetime": {"datetime": "2024-06-09 20:57:00", "elapsed": 282.422258, "delta": 0.679428}}
{"target": -2300.0, "params": {"momentum_down": 0.4353696006785208, "momentum_up": 0.9806566861058329, "mu_down": 0.10390639474974185, "mu_up": 0.0005571479028179673}, "datetime": {"datetime": "2024-06-09 20:57:02", "elapsed": 284.723602, "delta": 2.301344}}
{"target": -542.2953794540026, "params": {"momentum_down": 0.4958764219368637, "momentum_up": 0.7226910341059346, "mu_down": 0.24133279541909597, "mu_up": 0.0005815790066393745}, "datetime": {"datetime": "2024-06-09 20:57:04", "elapsed": 285.837613, "delta": 1.114011}}
{"target": -2001.2323784127905, "params": {"momentum_down": 0.5624498173797314, "momentum_up": 0.8140725908500515, "mu_down": 0.0724414732556873, "mu_up": 4.422770549959087e-05}, "datetime": {"datetime": "2024-06-09 20:57:06", "elapsed": 287.921452, "delta": 2.083839}}
{"target": -2300.0, "params": {"momentum_down": 0.8285138839202503, "momentum_up": 0.9626062879087375, "mu_down": 0.09811397059356486, "mu_up": 0.0008164808803805992}, "datetime": {"datetime": "2024-06-09 20:57:07", "elapsed": 289.720747, "delta": 1.799295}}
{"target": -2300.0, "params": {"momentum_down": 0.14451261797586162, "momentum_up": 0.17294064350779478, "mu_down": 0.28846519637596424, "mu_up": 0.000999037995354084}, "datetime": {"datetime": "2024-06-09 20:57:08", "elapsed": 290.228435, "delta": 0.507688}}
{"target": -2300.0, "params": {"momentum_down": 0.03965718912792331, "momentum_up": 0.1379113507400206, "mu_down": 0.26633520951363626, "mu_up": 0.0006744577962068714}, "datetime": {"datetime": "2024-06-09 20:57:09", "elapsed": 290.836776, "delta": 0.608341}}
{"target": -2000.9184552461088, "params": {"momentum_down": 0.5571096972279165, "momentum_up": 0.22631466943105324, "mu_down": 0.09186970919285405, "mu_up": 0.00019571013922912132}, "datetime": {"datetime": "2024-06-09 20:57:11", "elapsed": 293.212274, "delta": 2.375498}}
{"target": -562.2788240800395, "params": {"momentum_down": 0.586462524109946, "momentum_up": 0.7093052402106168, "mu_down": 0.18705541315940602, "mu_up": 0.0006703253373888873}, "datetime": {"datetime": "2024-06-09 20:57:13", "elapsed": 295.341695, "delta": 2.129421}}
{"target": -894.28416852552, "params": {"momentum_down": 0.13941281999234922, "momentum_up": 0.5491912282480756, "mu_down": 0.2504204650129089, "mu_up": 0.000557536277617071}, "datetime": {"datetime": "2024-06-09 20:57:14", "elapsed": 296.30819, "delta": 0.966495}}
{"target": -1286.2946613788638, "params": {"momentum_down": 0.7261784996107109, "momentum_up": 0.6681802909657503, "mu_down": 0.08368903719483574, "mu_up": 0.00019756894336685188}, "datetime": {"datetime": "2024-06-09 20:57:16", "elapsed": 298.018085, "delta": 1.709895}}
{"target": -442.2294694310482, "params": {"momentum_down": 0.812215088745577, "momentum_up": 0.9519631114751492, "mu_down": 0.10594821035010928, "mu_up": 0.00031109327081558065}, "datetime": {"datetime": "2024-06-09 20:57:18", "elapsed": 299.903931, "delta": 1.885846}}
{"target": -391.2719855533303, "params": {"momentum_down": 0.8250757371953438, "momentum_up": 0.9473314126538349, "mu_down": 0.11645070085187637, "mu_up": 0.0007335335751300092}, "datetime": {"datetime": "2024-06-09 20:57:20", "elapsed": 302.118996, "delta": 2.215065}}
{"target": -1005.2946165652152, "params": {"momentum_down": 0.8159152577555464, "momentum_up": 0.4624515917746961, "mu_down": 0.2829738507062106, "mu_up": 0.00036980358965295497}, "datetime": {"datetime": "2024-06-09 20:57:22", "elapsed": 303.821213, "delta": 1.702217}}
{"target": -2001.0467837627994, "params": {"momentum_down": 0.46997723753943466, "momentum_up": 0.0551467163885384, "mu_down": 0.055973262646010456, "mu_up": 0.00035823005684011683}, "datetime": {"datetime": "2024-06-09 20:57:24", "elapsed": 306.628599, "delta": 2.807386}}
{"target": -2013.8808103791648, "params": {"momentum_down": 0.6705404658368709, "momentum_up": 0.1928984607846292, "mu_down": 0.08650630625029919, "mu_up": 4.697574275381403e-05}, "datetime": {"datetime": "2024-06-09 20:57:27", "elapsed": 308.950765, "delta": 2.322166}}
{"target": -572.299982535596, "params": {"momentum_down": 0.6366459641481959, "momentum_up": 0.6993395881352589, "mu_down": 0.2664658986046362, "mu_up": 0.000393468846537897}, "datetime": {"datetime": "2024-06-09 20:57:28", "elapsed": 310.047816, "delta": 1.097051}}
{"target": -2018.6257145089578, "params": {"momentum_down": 0.4993119714170737, "momentum_up": 0.07006630269672501, "mu_down": 0.015628060157694523, "mu_up": 0.0007806742237075747}, "datetime": {"datetime": "2024-06-09 20:57:31", "elapsed": 313.434296, "delta": 3.38648}}
{"target": -1788.2920543252394, "params": {"momentum_down": 0.2794741791119743, "momentum_up": 0.7250779683753745, "mu_down": 0.11345670467488728, "mu_up": 0.00014261212880677947}, "datetime": {"datetime": "2024-06-09 20:57:34", "elapsed": 316.70008, "delta": 3.265784}}
{"target": -502.29356494420495, "params": {"momentum_down": 0.5778599231889242, "momentum_up": 0.7559617421110814, "mu_down": 0.20612002589877554, "mu_up": 0.00076614074789643}, "datetime": {"datetime": "2024-06-09 20:57:37", "elapsed": 319.619427, "delta": 2.919347}}
{"target": -592.2929803733541, "params": {"momentum_down": 0.7902462183887705, "momentum_up": 0.970710876853619, "mu_down": 0.08389707637518064, "mu_up": 8.079401973395838e-05}, "datetime": {"datetime": "2024-06-09 20:57:40", "elapsed": 321.746381, "delta": 2.126954}}
{"target": -2021.673964552217, "params": {"momentum_down": 0.21988346190205194, "momentum_up": 0.9522489170924532, "mu_down": 0.12398651325646692, "mu_up": 0.0004511912725762124}, "datetime": {"datetime": "2024-06-09 20:57:42", "elapsed": 324.254324, "delta": 2.507943}}
{"target": -2300.0, "params": {"momentum_down": 0.3812783179771344, "momentum_up": 0.5894222385478176, "mu_down": 0.2855609393863368, "mu_up": 0.0009192164836754909}, "datetime": {"datetime": "2024-06-09 20:57:43", "elapsed": 325.459285, "delta": 1.204961}}
{"target": -381.2828069840967, "params": {"momentum_down": 0.8439090686023146, "momentum_up": 0.9490360166887889, "mu_down": 0.10650798583372316, "mu_up": 0.00012785447513447178}, "datetime": {"datetime": "2024-06-09 20:57:45", "elapsed": 327.545286, "delta": 2.086001}}
{"target": -402.2418684316292, "params": {"momentum_down": 0.8187884738783037, "momentum_up": 0.9500868589187962, "mu_down": 0.1109259240791524, "mu_up": 0.0003412496165173136}, "datetime": {"datetime": "2024-06-09 20:57:47", "elapsed": 329.54939, "delta": 2.004104}}
{"target": -2300.0, "params": {"momentum_down": 0.225126441638286, "momentum_up": 0.3001503898285245, "mu_down": 0.13293810785908372, "mu_up": 0.0006970779646435344}, "datetime": {"datetime": "2024-06-09 20:57:48", "elapsed": 330.592393, "delta": 1.043003}}
{"target": -492.2799484703793, "params": {"momentum_down": 0.5113892392033502, "momentum_up": 0.7660835602116043, "mu_down": 0.2453098202282363, "mu_up": 0.0007016600313966189}, "datetime": {"datetime": "2024-06-09 20:57:50", "elapsed": 331.793411, "delta": 1.201018}}
