{"target": -2000.9027061874774, "params": {"momentum_down": 0.9084724502552629, "momentum_up": 0.0996025812357967, "mu_down": 0.02630082019793019, "mu_up": 0.0002424036146673792}, "datetime": {"datetime": "2024-06-01 16:44:31", "elapsed": 166.031726, "delta": 2.44894}}
{"target": -2000.1072780389438, "params": {"momentum_down": 0.7694250860237816, "momentum_up": 0.6163840021453356, "mu_down": 0.1674006527266679, "mu_up": 0.00018827977943075517}, "datetime": {"datetime": "2024-06-01 16:44:33", "elapsed": 168.391934, "delta": 2.360208}}
{"target": -2000.9161332517808, "params": {"momentum_down": 0.008945503945019372, "momentum_up": 0.35142824902715114, "mu_down": 0.16819466028168573, "mu_up": 0.00026659324537985454}, "datetime": {"datetime": "2024-06-01 16:44:36", "elapsed": 170.957731, "delta": 2.565797}}
{"target": -2047.9761003739948, "params": {"momentum_down": 0.5359410275767968, "momentum_up": 0.08426932234091992, "mu_down": 0.05167435317031359, "mu_up": 1e-05}, "datetime": {"datetime": "2024-06-01 16:44:38", "elapsed": 173.318162, "delta": 2.360431}}
{"target": -2003.4047362363265, "params": {"momentum_down": 0.08909960710254736, "momentum_up": 0.2887102430515608, "mu_down": 0.10932610593939328, "mu_up": 0.00021133813724130414}, "datetime": {"datetime": "2024-06-01 16:44:41", "elapsed": 175.963255, "delta": 2.645093}}
{"target": -2300.0, "params": {"momentum_down": 0.8494901196248023, "momentum_up": 0.6668138233686859, "mu_down": 0.012231532995776773, "mu_up": 0.00036353154722122824}, "datetime": {"datetime": "2024-06-01 16:44:41", "elapsed": 176.573899, "delta": 0.610644}}
{"target": -2001.9000238089072, "params": {"momentum_down": 0.29494799236666686, "momentum_up": 0.910468457655547, "mu_down": 0.16741650623693854, "mu_up": 1.8497028093150916e-05}, "datetime": {"datetime": "2024-06-01 16:44:43", "elapsed": 178.61779, "delta": 2.043891}}
{"target": -2007.4654614625074, "params": {"momentum_down": 0.17119264906644666, "momentum_up": 0.8974974062313191, "mu_down": 0.14431279548718423, "mu_up": 1e-05}, "datetime": {"datetime": "2024-06-01 16:44:46", "elapsed": 180.980938, "delta": 2.363148}}
{"target": -2005.8019717677098, "params": {"momentum_down": 0.3140415066034406, "momentum_up": 0.6585177780882725, "mu_down": 0.0899761861270823, "mu_up": 5.131065236944729e-05}, "datetime": {"datetime": "2024-06-01 16:44:48", "elapsed": 183.101037, "delta": 2.120099}}
{"target": -2000.2074951604432, "params": {"momentum_down": 0.48308288863650195, "momentum_up": 0.5028325667890219, "mu_down": 0.14087776597459753, "mu_up": 0.0002282870284558726}, "datetime": {"datetime": "2024-06-01 16:44:50", "elapsed": 185.052405, "delta": 1.951368}}
{"target": -2001.854143059475, "params": {"momentum_down": 0.19364135999066007, "momentum_up": 0.12018363219217722, "mu_down": 0.14985352024394025, "mu_up": 0.00020723792699324118}, "datetime": {"datetime": "2024-06-01 16:44:52", "elapsed": 187.455838, "delta": 2.403433}}
{"target": -2021.2028763503047, "params": {"momentum_down": 0.23575721665657154, "momentum_up": 0.20553379490459023, "mu_down": 0.035501856667770636, "mu_up": 0.000225042815764605}, "datetime": {"datetime": "2024-06-01 16:44:54", "elapsed": 189.504592, "delta": 2.048754}}
{"target": -2000.886277215698, "params": {"momentum_down": 0.7727688984003308, "momentum_up": 0.04824672499367569, "mu_down": 0.1588179661932924, "mu_up": 0.00024361445456332203}, "datetime": {"datetime": "2024-06-01 16:44:56", "elapsed": 191.363637, "delta": 1.859045}}
{"target": -2002.9042655414057, "params": {"momentum_down": 0.8416539655317173, "momentum_up": 0.011966526700407211, "mu_down": 0.0637915884722911, "mu_up": 0.00015311326307941716}, "datetime": {"datetime": "2024-06-01 16:44:58", "elapsed": 193.718258, "delta": 2.354621}}
{"target": -2019.0670727323768, "params": {"momentum_down": 0.7800088915114243, "momentum_up": 0.32098629931324535, "mu_down": 0.022952416351575147, "mu_up": 3.655964433686168e-05}, "datetime": {"datetime": "2024-06-01 16:45:01", "elapsed": 196.02705, "delta": 2.308792}}
{"target": -2000.0102278022093, "params": {"momentum_down": 0.9108891668889186, "momentum_up": 0.7098958701546915, "mu_down": 0.19997220946653166, "mu_up": 0.00034225871867845785}, "datetime": {"datetime": "2024-06-01 16:45:03", "elapsed": 198.648512, "delta": 2.621462}}
{"target": -2006.3232930283195, "params": {"momentum_down": 0.6575559560690338, "momentum_up": 0.6374664622202811, "mu_down": 0.03556402742628933, "mu_up": 7.279553473901637e-05}, "datetime": {"datetime": "2024-06-01 16:45:06", "elapsed": 201.277066, "delta": 2.628554}}
{"target": -2000.0603977169033, "params": {"momentum_down": 0.7951274636488006, "momentum_up": 0.706828145453401, "mu_down": 0.19953315877512345, "mu_up": 0.00044347243182218997}, "datetime": {"datetime": "2024-06-01 16:45:09", "elapsed": 203.821255, "delta": 2.544189}}
{"target": -2000.0216721311142, "params": {"momentum_down": 0.8646257335627976, "momentum_up": 0.6563077444478665, "mu_down": 0.19618912529623025, "mu_up": 0.00029659979928796165}, "datetime": {"datetime": "2024-06-01 16:45:11", "elapsed": 206.421065, "delta": 2.59981}}
{"target": -2000.0378314473128, "params": {"momentum_down": 0.5740115858407955, "momentum_up": 0.6110274015906236, "mu_down": 0.1159570698443542, "mu_up": 0.0004388101689194144}, "datetime": {"datetime": "2024-06-01 16:45:14", "elapsed": 208.994809, "delta": 2.573744}}
{"target": -2073.2456628111495, "params": {"momentum_down": 0.1662889529220391, "momentum_up": 0.020468716654955366, "mu_down": 0.010667046932960767, "mu_up": 0.00042093838082014597}, "datetime": {"datetime": "2024-06-01 16:45:16", "elapsed": 211.086015, "delta": 2.091206}}
{"target": -2002.650462955417, "params": {"momentum_down": 0.1522233125110013, "momentum_up": 0.7260589078239059, "mu_down": 0.10170140315848067, "mu_up": 0.00017801375106991178}, "datetime": {"datetime": "2024-06-01 16:45:18", "elapsed": 213.036563, "delta": 1.950548}}
{"target": -2039.5576068088365, "params": {"momentum_down": 0.12081614595686087, "momentum_up": 0.03531403251504074, "mu_down": 0.15488296353203754, "mu_up": 1e-05}, "datetime": {"datetime": "2024-06-01 16:45:21", "elapsed": 215.773003, "delta": 2.73644}}
{"target": -2300.0, "params": {"momentum_down": 0.8704831688482411, "momentum_up": 0.3774405123516376, "mu_down": 0.04455627954526198, "mu_up": 0.00046394558735034827}, "datetime": {"datetime": "2024-06-01 16:45:21", "elapsed": 215.916468, "delta": 0.143465}}
{"target": -2000.0158566810571, "params": {"momentum_down": 0.8599252399544428, "momentum_up": 0.7800365948796382, "mu_down": 0.1996003847369423, "mu_up": 0.0002140304189308368}, "datetime": {"datetime": "2024-06-01 16:45:23", "elapsed": 218.322854, "delta": 2.406386}}
{"target": -2002.5507967938377, "params": {"momentum_down": 0.9647038259881151, "momentum_up": 0.4694311801967964, "mu_down": 0.16982571841159033, "mu_up": 0.00031636282212918395}, "datetime": {"datetime": "2024-06-01 16:45:25", "elapsed": 220.417198, "delta": 2.094344}}
{"target": -2026.4746198978319, "params": {"momentum_down": 0.8896239228430548, "momentum_up": 0.05451972802854903, "mu_down": 0.1485014694248045, "mu_up": 1e-05}, "datetime": {"datetime": "2024-06-01 16:45:29", "elapsed": 224.060384, "delta": 3.643186}}
{"target": -2000.3085962136638, "params": {"momentum_down": 0.07350974673539232, "momentum_up": 0.643411872581789, "mu_down": 0.17875136539005776, "mu_up": 0.0003469379311263143}, "datetime": {"datetime": "2024-06-01 16:45:32", "elapsed": 227.510242, "delta": 3.449858}}
{"target": -2001.0090375507225, "params": {"momentum_down": 0.781143036651327, "momentum_up": 0.10281997157662043, "mu_down": 0.04019367664323608, "mu_up": 0.0002941233960747178}, "datetime": {"datetime": "2024-06-01 16:45:35", "elapsed": 230.572776, "delta": 3.062534}}
{"target": -2005.9388643982845, "params": {"momentum_down": 0.16507297561257897, "momentum_up": 0.20743258108595844, "mu_down": 0.1953194233039781, "mu_up": 8.247833878150658e-05}, "datetime": {"datetime": "2024-06-01 16:45:38", "elapsed": 232.996987, "delta": 2.424211}}
{"target": -2001.1718995044541, "params": {"momentum_down": 0.7311473967192872, "momentum_up": 0.008400179688899214, "mu_down": 0.07154395628237563, "mu_up": 0.00024263614123401007}, "datetime": {"datetime": "2024-06-01 16:45:40", "elapsed": 235.400001, "delta": 2.403014}}
{"target": -2004.5740823415965, "params": {"momentum_down": 0.6832091010538958, "momentum_up": 0.5120731570454753, "mu_down": 0.059783335437778765, "mu_up": 6.545928963811167e-05}, "datetime": {"datetime": "2024-06-01 16:45:42", "elapsed": 237.446564, "delta": 2.046563}}
{"target": -2000.01605027618, "params": {"momentum_down": 0.34637466810297823, "momentum_up": 0.8144148897136931, "mu_down": 0.19998652375774242, "mu_up": 0.0002862726093367365}, "datetime": {"datetime": "2024-06-01 16:45:45", "elapsed": 240.067246, "delta": 2.620682}}
{"target": -2300.0, "params": {"momentum_down": 0.23347238876982143, "momentum_up": 0.9875389400368829, "mu_down": 0.19827586607851103, "mu_up": 0.00013121932144276134}, "datetime": {"datetime": "2024-06-01 16:45:46", "elapsed": 241.494455, "delta": 1.427209}}
{"target": -2000.3542236930139, "params": {"momentum_down": 0.37134253781884075, "momentum_up": 0.8876114121976338, "mu_down": 0.12447838941044827, "mu_up": 6.640559419793995e-05}, "datetime": {"datetime": "2024-06-01 16:45:49", "elapsed": 244.002911, "delta": 2.508456}}
{"target": -2012.1357288057877, "params": {"momentum_down": 0.46903523460000296, "momentum_up": 0.20633380981726177, "mu_down": 0.11019789174822366, "mu_up": 5.3084085578159714e-05}, "datetime": {"datetime": "2024-06-01 16:45:52", "elapsed": 246.803041, "delta": 2.80013}}
{"target": -2073.151693991332, "params": {"momentum_down": 0.24417172028937462, "momentum_up": 0.4165458949443905, "mu_down": 0.00958659300478535, "mu_up": 0.00032531089715462174}, "datetime": {"datetime": "2024-06-01 16:45:54", "elapsed": 248.945688, "delta": 2.142647}}
{"target": -2300.0194410353747, "params": {"momentum_down": 0.9539730141119485, "momentum_up": 0.9224188973916361, "mu_down": 0.0, "mu_up": 1e-05}, "datetime": {"datetime": "2024-06-01 16:45:56", "elapsed": 251.460071, "delta": 2.514383}}
{"target": -2000.0201248323074, "params": {"momentum_down": 0.6854125617908953, "momentum_up": 0.6026803412022707, "mu_down": 0.12116393993664534, "mu_up": 0.00034567996817244813}, "datetime": {"datetime": "2024-06-01 16:45:59", "elapsed": 254.041676, "delta": 2.581605}}
{"target": -2002.108058214509, "params": {"momentum_down": 0.6985524147446024, "momentum_up": 0.49615933085905334, "mu_down": 0.06955370024642019, "mu_up": 9.861815484199096e-05}, "datetime": {"datetime": "2024-06-01 16:46:01", "elapsed": 255.96888, "delta": 1.927204}}
{"target": -2000.1816929034771, "params": {"momentum_down": 0.09288664503142617, "momentum_up": 0.7752758209926197, "mu_down": 0.19143127339653707, "mu_up": 0.0005}, "datetime": {"datetime": "2024-06-01 16:46:04", "elapsed": 259.665756, "delta": 3.696876}}
{"target": -2000.5194093150515, "params": {"momentum_down": 0.2092761516133388, "momentum_up": 0.36410951413641446, "mu_down": 0.17070267104415285, "mu_up": 0.00024242854899963323}, "datetime": {"datetime": "2024-06-01 16:46:07", "elapsed": 262.029163, "delta": 2.363407}}
{"target": -2005.9349666394605, "params": {"momentum_down": 0.17841849357919304, "momentum_up": 0.10228231937857388, "mu_down": 0.1811432790940538, "mu_up": 9.459412303859809e-05}, "datetime": {"datetime": "2024-06-01 16:46:09", "elapsed": 264.151389, "delta": 2.122226}}
{"target": -2000.6840668685834, "params": {"momentum_down": 0.4877409221485285, "momentum_up": 0.15557905796262864, "mu_down": 0.19928400568069454, "mu_up": 0.0002386736724015999}, "datetime": {"datetime": "2024-06-01 16:46:11", "elapsed": 266.591676, "delta": 2.440287}}
{"target": -2000.0082239116985, "params": {"momentum_down": 0.47070393626351525, "momentum_up": 0.8254909167306498, "mu_down": 0.19160481144546945, "mu_up": 0.00031395353465468793}, "datetime": {"datetime": "2024-06-01 16:46:14", "elapsed": 269.099111, "delta": 2.507435}}
{"target": -2003.4671566193217, "params": {"momentum_down": 0.4971428859083918, "momentum_up": 0.6638702833096463, "mu_down": 0.19880640829596544, "mu_up": 4.9224784251023546e-05}, "datetime": {"datetime": "2024-06-01 16:46:17", "elapsed": 271.827307, "delta": 2.728196}}
{"target": -2000.0126782997913, "params": {"momentum_down": 0.6293729163204734, "momentum_up": 0.7622323212332508, "mu_down": 0.19597714678796044, "mu_up": 0.00022111247644198025}, "datetime": {"datetime": "2024-06-01 16:46:19", "elapsed": 273.802655, "delta": 1.975348}}
{"target": -2000.8927020610145, "params": {"momentum_down": 0.08094870847974171, "momentum_up": 0.4752491469731589, "mu_down": 0.14236365660439051, "mu_up": 0.0003485815284989908}, "datetime": {"datetime": "2024-06-01 16:46:21", "elapsed": 276.098454, "delta": 2.295799}}
{"target": -2000.004577248607, "params": {"momentum_down": 0.5774883581120478, "momentum_up": 0.881984136109811, "mu_down": 0.19257938344275663, "mu_up": 0.00017704871377964394}, "datetime": {"datetime": "2024-06-01 16:46:23", "elapsed": 278.717645, "delta": 2.619191}}
{"target": -2000.0723586316626, "params": {"momentum_down": 0.4757331878482955, "momentum_up": 0.9627604692837468, "mu_down": 0.19154339766279427, "mu_up": 0.0003412956344382527}, "datetime": {"datetime": "2024-06-01 16:46:27", "elapsed": 281.959081, "delta": 3.241436}}
{"target": -2006.758521801959, "params": {"momentum_down": 0.3475659715164578, "momentum_up": 0.22457609133869413, "mu_down": 0.17135468123088113, "mu_up": 7.415246941334866e-05}, "datetime": {"datetime": "2024-06-01 16:46:29", "elapsed": 284.148023, "delta": 2.188942}}
{"target": -2000.1083953747645, "params": {"momentum_down": 0.5040152102893967, "momentum_up": 0.9044650606665532, "mu_down": 0.11125322770760682, "mu_up": 0.00026024971840271}, "datetime": {"datetime": "2024-06-01 16:46:32", "elapsed": 286.938342, "delta": 2.790319}}
{"target": -2000.2748280742915, "params": {"momentum_down": 0.5792595551479918, "momentum_up": 0.7512055241061213, "mu_down": 0.0895175239098584, "mu_up": 0.00013539027075737671}, "datetime": {"datetime": "2024-06-01 16:46:34", "elapsed": 289.067063, "delta": 2.128721}}
{"target": -2300.0194410353747, "params": {"momentum_down": 0.9562730757846102, "momentum_up": 0.0, "mu_down": 0.0, "mu_up": 1e-05}, "datetime": {"datetime": "2024-06-01 16:46:37", "elapsed": 291.896859, "delta": 2.829796}}
{"target": -2032.0097425520132, "params": {"momentum_down": 0.2930338154724375, "momentum_up": 0.14875373120565083, "mu_down": 0.04523429678877551, "mu_up": 3.38689009069868e-05}, "datetime": {"datetime": "2024-06-01 16:46:39", "elapsed": 294.211486, "delta": 2.314627}}
{"target": -2005.8501230135796, "params": {"momentum_down": 0.24717425350646344, "momentum_up": 0.15228219845573154, "mu_down": 0.06580130666523341, "mu_up": 0.0005}, "datetime": {"datetime": "2024-06-01 16:46:42", "elapsed": 297.116636, "delta": 2.90515}}
{"target": -2000.3796401304076, "params": {"momentum_down": 0.3092511318197126, "momentum_up": 0.8477477681772986, "mu_down": 0.12774640530346026, "mu_up": 0.0001461881704459056}, "datetime": {"datetime": "2024-06-01 16:46:46", "elapsed": 301.184494, "delta": 4.067858}}
{"target": -2000.055352214173, "params": {"momentum_down": 0.25573666957920066, "momentum_up": 0.5551465250814248, "mu_down": 0.18898017609797543, "mu_up": 0.0005}, "datetime": {"datetime": "2024-06-01 16:46:50", "elapsed": 304.887613, "delta": 3.703119}}
{"target": -2000.3265027950215, "params": {"momentum_down": 0.317244595580391, "momentum_up": 0.4417122089882438, "mu_down": 0.17812390093847053, "mu_up": 0.0002238528216123955}, "datetime": {"datetime": "2024-06-01 16:46:52", "elapsed": 307.51575, "delta": 2.628137}}
{"target": -2000.0122300930152, "params": {"momentum_down": 0.41183039475093686, "momentum_up": 0.8847695347349379, "mu_down": 0.1916912927933544, "mu_up": 0.00042003015329969477}, "datetime": {"datetime": "2024-06-01 16:46:55", "elapsed": 310.250731, "delta": 2.734981}}
{"target": -2002.9763001009064, "params": {"momentum_down": 0.1475880453086624, "momentum_up": 0.6974182140569669, "mu_down": 0.19484115307800162, "mu_up": 4.940658363706398e-05}, "datetime": {"datetime": "2024-06-01 16:46:58", "elapsed": 312.883416, "delta": 2.632685}}
{"target": -2000.0315878550966, "params": {"momentum_down": 0.5578110879440955, "momentum_up": 0.8371705636591665, "mu_down": 0.1211945066616942, "mu_up": 0.00029869076674281193}, "datetime": {"datetime": "2024-06-01 16:47:01", "elapsed": 316.278488, "delta": 3.395072}}
{"target": -2014.6565179248837, "params": {"momentum_down": 0.2779074943189617, "momentum_up": 0.18051428961702395, "mu_down": 0.04244961600748574, "mu_up": 0.00024628493779729776}, "datetime": {"datetime": "2024-06-01 16:47:04", "elapsed": 319.206004, "delta": 2.927516}}
{"target": -2000.0244375834905, "params": {"momentum_down": 0.4994985644551402, "momentum_up": 0.8850906882085045, "mu_down": 0.18770808175108325, "mu_up": 9.147083386163233e-05}, "datetime": {"datetime": "2024-06-01 16:47:07", "elapsed": 322.377887, "delta": 3.171883}}
{"target": -2000.396262613718, "params": {"momentum_down": 0.46956557268810534, "momentum_up": 0.20521226130979017, "mu_down": 0.11301336859874596, "mu_up": 0.00035183824486391136}, "datetime": {"datetime": "2024-06-01 16:47:10", "elapsed": 324.988103, "delta": 2.610216}}
{"target": -2002.5480366902887, "params": {"momentum_down": 0.4374458703533189, "momentum_up": 0.1838283373229243, "mu_down": 0.16105115986397328, "mu_up": 0.0005}, "datetime": {"datetime": "2024-06-01 16:47:13", "elapsed": 328.477102, "delta": 3.488999}}
{"target": -2000.2383594853968, "params": {"momentum_down": 0.5206172510023067, "momentum_up": 0.18908729993258863, "mu_down": 0.14152838011803956, "mu_up": 0.00034435605850211833}, "datetime": {"datetime": "2024-06-01 16:47:17", "elapsed": 332.518016, "delta": 4.040914}}
{"target": -2000.2546329670977, "params": {"momentum_down": 0.4301119064634454, "momentum_up": 0.9366775759487944, "mu_down": 0.13548358542933953, "mu_up": 0.00045804606447117307}, "datetime": {"datetime": "2024-06-01 16:47:22", "elapsed": 336.76074, "delta": 4.242724}}
{"target": -2028.787129949591, "params": {"momentum_down": 0.8772430548473764, "momentum_up": 0.45581217057183426, "mu_down": 0.0051745735347167535, "mu_up": 7.805199307568827e-05}, "datetime": {"datetime": "2024-06-01 16:47:25", "elapsed": 340.039297, "delta": 3.278557}}
{"target": -2001.2189024717127, "params": {"momentum_down": 0.7099013143654481, "momentum_up": 0.36906483842587406, "mu_down": 0.04125586056806372, "mu_up": 0.0004346037270572952}, "datetime": {"datetime": "2024-06-01 16:47:27", "elapsed": 342.6206, "delta": 2.581303}}
{"target": -2007.4462501328092, "params": {"momentum_down": 0.597482481153154, "momentum_up": 0.8536738781490544, "mu_down": 0.03430070121282778, "mu_up": 4.5561683392005975e-05}, "datetime": {"datetime": "2024-06-01 16:47:30", "elapsed": 345.171842, "delta": 2.551242}}
{"target": -2003.1538660788792, "params": {"momentum_down": 0.7820556371644227, "momentum_up": 0.3205749994742484, "mu_down": 0.023685262553350395, "mu_up": 0.0004329364429105477}, "datetime": {"datetime": "2024-06-01 16:47:33", "elapsed": 348.452687, "delta": 3.280845}}
{"target": -2007.8204495637995, "params": {"momentum_down": 0.3780320972650464, "momentum_up": 0.18026449219593632, "mu_down": 0.048287965414878654, "mu_up": 0.000433428413524823}, "datetime": {"datetime": "2024-06-01 16:47:37", "elapsed": 352.222481, "delta": 3.769794}}
{"target": -2100.9901395548754, "params": {"momentum_down": 0.262357504156299, "momentum_up": 0.8698929243046952, "mu_down": 0.004934867935829224, "mu_up": 0.00030482858375442836}, "datetime": {"datetime": "2024-06-01 16:47:40", "elapsed": 354.75125, "delta": 2.528769}}
{"target": -2000.533152585792, "params": {"momentum_down": 0.8146353866530206, "momentum_up": 0.27856051847167795, "mu_down": 0.03886509990669107, "mu_up": 0.0002797493000644282}, "datetime": {"datetime": "2024-06-01 16:47:43", "elapsed": 358.466617, "delta": 3.715367}}
{"target": -2000.0613917836656, "params": {"momentum_down": 0.4482222571876184, "momentum_up": 0.8682778495177853, "mu_down": 0.13630485849552848, "mu_up": 0.00016195542336681557}, "datetime": {"datetime": "2024-06-01 16:47:47", "elapsed": 361.784665, "delta": 3.318048}}
{"target": -2000.946785958011, "params": {"momentum_down": 0.46545535933822485, "momentum_up": 0.2054403284865558, "mu_down": 0.10850466724132012, "mu_up": 0.0002441353169378784}, "datetime": {"datetime": "2024-06-01 16:47:50", "elapsed": 364.933604, "delta": 3.148939}}
{"target": -2000.742698586875, "params": {"momentum_down": 0.41850874317793385, "momentum_up": 0.2002047347024791, "mu_down": 0.10172803036345268, "mu_up": 0.00036079101276040857}, "datetime": {"datetime": "2024-06-01 16:47:54", "elapsed": 369.433574, "delta": 4.49997}}
{"target": -2000.135039844603, "params": {"momentum_down": 0.7943906226819207, "momentum_up": 0.31916322620082604, "mu_down": 0.07122750848409158, "mu_up": 0.00033409343278560796}, "datetime": {"datetime": "2024-06-01 16:47:58", "elapsed": 373.456669, "delta": 4.023095}}
{"target": -2044.3645195996633, "params": {"momentum_down": 0.9243561711690106, "momentum_up": 0.786644214967903, "mu_down": 0.1394194705619727, "mu_up": 0.00030166921249703507}, "datetime": {"datetime": "2024-06-01 16:48:01", "elapsed": 376.022472, "delta": 2.565803}}
{"target": -2000.1424179874793, "params": {"momentum_down": 0.2942279505431288, "momentum_up": 0.5027705969856707, "mu_down": 0.1529703840583101, "mu_up": 0.0005}, "datetime": {"datetime": "2024-06-01 16:48:05", "elapsed": 380.178617, "delta": 4.156145}}
