{"target": -941.0, "params": {"momentum_down": 0.4128517846555483, "momentum_up": 0.7131212485077365, "mu_down": 0.15001143748173448, "mu_up": 0.00018139954357910385}, "datetime": {"datetime": "2023-11-30 16:04:41", "elapsed": 0.0, "delta": 0.0}}
{"target": -2000.0, "params": {"momentum_down": 0.14528833190894191, "momentum_up": 0.09141520882110982, "mu_down": 0.1686260211377671, "mu_up": 0.00020733643622582862}, "datetime": {"datetime": "2023-11-30 16:04:50", "elapsed": 9.265994, "delta": 9.265994}}
{"target": -732.0, "params": {"momentum_down": 0.39279979948836324, "momentum_up": 0.5334285666633234, "mu_down": 0.19191945144032949, "mu_up": 0.00041113170023805565}, "datetime": {"datetime": "2023-11-30 16:04:54", "elapsed": 12.673276, "delta": 3.407282}}
{"target": -1025.0, "params": {"momentum_down": 0.20240772723420225, "momentum_up": 0.869336262027036, "mu_down": 0.1527387593197926, "mu_up": 0.0004022805061070413}, "datetime": {"datetime": "2023-11-30 16:04:59", "elapsed": 17.488626, "delta": 4.81535}}
{"target": -1838.0, "params": {"momentum_down": 0.41313175434345567, "momentum_up": 0.5531029301612941, "mu_down": 0.16403869385952338, "mu_up": 0.00011886089345092727}, "datetime": {"datetime": "2023-11-30 16:05:07", "elapsed": 26.062729, "delta": 8.574103}}
{"target": -189.0, "params": {"momentum_down": 0.7927371229887813, "momentum_up": 0.9585789599622035, "mu_down": 0.18134241781592428, "mu_up": 0.0004153935694015884}, "datetime": {"datetime": "2023-11-30 16:05:08", "elapsed": 26.954537, "delta": 0.891808}}
{"target": -2000.0, "params": {"momentum_down": 0.8676252607730779, "momentum_up": 0.8856605968688088, "mu_down": 0.1585044211369778, "mu_up": 2.3432869939729417e-05}, "datetime": {"datetime": "2023-11-30 16:05:18", "elapsed": 36.536533, "delta": 9.581996}}
{"target": -994.0, "params": {"momentum_down": 0.16813211536892322, "momentum_up": 0.869361078395119, "mu_down": 0.159834683383305, "mu_up": 0.0002526645750030313}, "datetime": {"datetime": "2023-11-30 16:05:22", "elapsed": 41.21579, "delta": 4.679257}}
{"target": -1058.0, "params": {"momentum_down": 0.9483106348489969, "momentum_up": 0.5278336321232869, "mu_down": 0.21918771139504734, "mu_up": 0.00018930937860363775}, "datetime": {"datetime": "2023-11-30 16:05:27", "elapsed": 46.226876, "delta": 5.011086}}
{"target": -361.0, "params": {"momentum_down": 0.6796359184047678, "momentum_up": 0.8262794151783992, "mu_down": 0.15182882773441916, "mu_up": 0.0004500865889669804}, "datetime": {"datetime": "2023-11-30 16:05:29", "elapsed": 47.898536, "delta": 1.67166}}
{"target": -2000.0, "params": {"momentum_down": 0.9789724780174297, "momentum_up": 0.740683997836041, "mu_down": 0.17804439920644052, "mu_up": 0.0004735675970708931}, "datetime": {"datetime": "2023-11-30 16:05:29", "elapsed": 48.106567, "delta": 0.208031}}
{"target": -1637.0, "params": {"momentum_down": 0.10219374651186561, "momentum_up": 0.4434145909141461, "mu_down": 0.24085955030930956, "mu_up": 0.00017616848902420767}, "datetime": {"datetime": "2023-11-30 16:05:37", "elapsed": 55.706685, "delta": 7.600118}}
{"target": -1238.0, "params": {"momentum_down": 0.28489758520048525, "momentum_up": 0.1287282863970949, "mu_down": 0.1519366957870297, "mu_up": 0.00040730131976393456}, "datetime": {"datetime": "2023-11-30 16:05:43", "elapsed": 61.473605, "delta": 5.76692}}
{"target": -2000.0, "params": {"momentum_down": 0.20951183484005845, "momentum_up": 0.2628911927785039, "mu_down": 0.19915731592803382, "mu_up": 3.201752707024823e-05}, "datetime": {"datetime": "2023-11-30 16:05:52", "elapsed": 70.904799, "delta": 9.431194}}
{"target": -2000.0, "params": {"momentum_down": 0.568376429437093, "momentum_up": 0.14526128915675204, "mu_down": 0.20893055369032842, "mu_up": 0.00041985501601255864}, "datetime": {"datetime": "2023-11-30 16:05:58", "elapsed": 76.792608, "delta": 5.887809}}
{"target": -1309.0, "params": {"momentum_down": 0.10131108453954758, "momentum_up": 0.40991542794137265, "mu_down": 0.2194400157727745, "mu_up": 0.00024850756171614156}, "datetime": {"datetime": "2023-11-30 16:06:04", "elapsed": 83.305344, "delta": 6.512736}}
{"target": -996.0, "params": {"momentum_down": 0.04945392435662629, "momentum_up": 0.5305374418563564, "mu_down": 0.21637946452197887, "mu_up": 0.00030893346723498514}, "datetime": {"datetime": "2023-11-30 16:06:09", "elapsed": 87.953898, "delta": 4.648554}}
{"target": -2000.0, "params": {"momentum_down": 0.9351488084309052, "momentum_up": 0.580689490096973, "mu_down": 0.24034019152878836, "mu_up": 8.248482248774251e-05}, "datetime": {"datetime": "2023-11-30 16:06:18", "elapsed": 97.307189, "delta": 9.353291}}
{"target": -1136.0, "params": {"momentum_down": 0.13788358377825097, "momentum_up": 0.7993173758224286, "mu_down": 0.18976768369855335, "mu_up": 9.921251827015966e-05}, "datetime": {"datetime": "2023-11-30 16:06:24", "elapsed": 102.614554, "delta": 5.307365}}
{"target": -2000.0, "params": {"momentum_down": 0.9182334945920736, "momentum_up": 0.3442882011480515, "mu_down": 0.22508121031361555, "mu_up": 0.00043559879121027084}, "datetime": {"datetime": "2023-11-30 16:06:24", "elapsed": 102.749182, "delta": 0.134628}}
{"target": -350.0, "params": {"momentum_down": 0.6843760143066044, "momentum_up": 0.8306792750227147, "mu_down": 0.15230899020299418, "mu_up": 0.0004165385922521791}, "datetime": {"datetime": "2023-11-30 16:06:26", "elapsed": 104.608994, "delta": 1.859812}}
{"target": -177.0, "params": {"momentum_down": 0.7993584779698685, "momentum_up": 0.9605663099821513, "mu_down": 0.18973158435962362, "mu_up": 0.0003749363430116899}, "datetime": {"datetime": "2023-11-30 16:06:27", "elapsed": 106.240893, "delta": 1.631899}}
{"target": -171.0, "params": {"momentum_down": 0.7957703656807111, "momentum_up": 0.9575120791439766, "mu_down": 0.19427638270722114, "mu_up": 0.0002852849585737703}, "datetime": {"datetime": "2023-11-30 16:06:29", "elapsed": 107.868798, "delta": 1.627905}}
{"target": -170.0, "params": {"momentum_down": 0.7951163094551952, "momentum_up": 0.9588782349956508, "mu_down": 0.192139278497192, "mu_up": 0.00032225666886916534}, "datetime": {"datetime": "2023-11-30 16:06:31", "elapsed": 109.529701, "delta": 1.660903}}
{"target": -183.0, "params": {"momentum_down": 0.7940671429353222, "momentum_up": 0.9602883268445069, "mu_down": 0.19141760535836178, "mu_up": 0.0003456224922666328}, "datetime": {"datetime": "2023-11-30 16:06:33", "elapsed": 111.341745, "delta": 1.812044}}
{"target": -169.0, "params": {"momentum_down": 0.7953188226883923, "momentum_up": 0.9586226433715674, "mu_down": 0.1922114583062964, "mu_up": 0.0003185307300155038}, "datetime": {"datetime": "2023-11-30 16:06:35", "elapsed": 113.362404, "delta": 2.020659}}
{"target": -210.0, "params": {"momentum_down": 0.7785796482756085, "momentum_up": 0.9623756826766068, "mu_down": 0.17732856985941034, "mu_up": 0.00033837944580185326}, "datetime": {"datetime": "2023-11-30 16:06:36", "elapsed": 115.034648, "delta": 1.672244}}
{"target": -703.0, "params": {"momentum_down": 0.32162700378502185, "momentum_up": 0.629423602023936, "mu_down": 0.19005051093609177, "mu_up": 0.00045093287994876264}, "datetime": {"datetime": "2023-11-30 16:06:40", "elapsed": 118.441975, "delta": 3.407327}}
{"target": -169.0, "params": {"momentum_down": 0.7954757790180003, "momentum_up": 0.9584296921150772, "mu_down": 0.19227006528750906, "mu_up": 0.0003153624002923698}, "datetime": {"datetime": "2023-11-30 16:06:41", "elapsed": 120.14711, "delta": 1.705135}}
{"target": -168.0, "params": {"momentum_down": 0.7956157998376469, "momentum_up": 0.9582796315180353, "mu_down": 0.1923479569600947, "mu_up": 0.0003129291643592377}, "datetime": {"datetime": "2023-11-30 16:06:44", "elapsed": 122.338227, "delta": 2.191117}}
{"target": -169.0, "params": {"momentum_down": 0.7957484682104481, "momentum_up": 0.9581531025276374, "mu_down": 0.19240470114956598, "mu_up": 0.000311181881229093}, "datetime": {"datetime": "2023-11-30 16:06:46", "elapsed": 124.445782, "delta": 2.107555}}
{"target": -191.0, "params": {"momentum_down": 0.7796156413795176, "momentum_up": 0.9596123427704808, "mu_down": 0.19972735236790057, "mu_up": 0.0005461108913839297}, "datetime": {"datetime": "2023-11-30 16:06:48", "elapsed": 126.330551, "delta": 1.884769}}
{"target": -2000.0, "params": {"momentum_down": 0.7955490223907937, "momentum_up": 0.9584191173984228, "mu_down": 0.1926819410907221, "mu_up": 0.0}, "datetime": {"datetime": "2023-11-30 16:06:58", "elapsed": 136.669005, "delta": 10.338454}}
{"target": -2000.0, "params": {"momentum_down": 0.11669235255124144, "momentum_up": 0.5450257848189116, "mu_down": 0.19914651404592534, "mu_up": 8.757633649728655e-05}, "datetime": {"datetime": "2023-11-30 16:07:07", "elapsed": 146.220725, "delta": 9.55172}}
{"target": -174.0, "params": {"momentum_down": 0.7976980388581306, "momentum_up": 0.9663765551586442, "mu_down": 0.1901987833035375, "mu_up": 0.00021210766955398258}, "datetime": {"datetime": "2023-11-30 16:07:09", "elapsed": 147.39686, "delta": 1.176135}}
{"target": -2000.0, "params": {"momentum_down": 0.19412048676564295, "momentum_up": 0.39636542205942454, "mu_down": 0.20153284263566779, "mu_up": 4.205168369928489e-05}, "datetime": {"datetime": "2023-11-30 16:07:18", "elapsed": 157.10141, "delta": 9.70455}}
{"target": -1066.0, "params": {"momentum_down": 0.1789806344809382, "momentum_up": 0.2690535815496339, "mu_down": 0.23035406176519502, "mu_up": 0.00038882312615602817}, "datetime": {"datetime": "2023-11-30 16:07:24", "elapsed": 162.403527, "delta": 5.302117}}
{"target": -196.0, "params": {"momentum_down": 0.7843522690450113, "momentum_up": 0.9584129853228509, "mu_down": 0.2002281045325664, "mu_up": 0.00047570058690506715}, "datetime": {"datetime": "2023-11-30 16:07:25", "elapsed": 163.845891, "delta": 1.442364}}
{"target": -957.0, "params": {"momentum_down": 0.1501204373653873, "momentum_up": 0.20222147970082263, "mu_down": 0.21724756409958582, "mu_up": 0.0005248871165087235}, "datetime": {"datetime": "2023-11-30 16:07:30", "elapsed": 168.516452, "delta": 4.670561}}
{"target": -2000.0, "params": {"momentum_down": 0.8098615295215538, "momentum_up": 0.1618914449561826, "mu_down": 0.15150332174989536, "mu_up": 9.659322515642687e-05}, "datetime": {"datetime": "2023-11-30 16:07:39", "elapsed": 178.108833, "delta": 9.592381}}
{"target": -531.0, "params": {"momentum_down": 0.6823071528006133, "momentum_up": 0.8233627084005892, "mu_down": 0.15341484174807837, "mu_up": 0.00017489046687863826}, "datetime": {"datetime": "2023-11-30 16:07:42", "elapsed": 180.923982, "delta": 2.815149}}
{"target": -1308.0, "params": {"momentum_down": 0.8900090429982198, "momentum_up": 0.4476972543194234, "mu_down": 0.1899214864697904, "mu_up": 0.0001869169255464537}, "datetime": {"datetime": "2023-11-30 16:07:48", "elapsed": 187.320963, "delta": 6.396981}}
{"target": -1026.0, "params": {"momentum_down": 0.6946840703629745, "momentum_up": 0.3803934725172401, "mu_down": 0.17683653507017333, "mu_up": 0.00029351002722493544}, "datetime": {"datetime": "2023-11-30 16:07:53", "elapsed": 192.32826, "delta": 5.007297}}
{"target": -1254.0, "params": {"momentum_down": 0.15025351933514358, "momentum_up": 0.20001674981752565, "mu_down": 0.21751451509989028, "mu_up": 0.00035447869407367454}, "datetime": {"datetime": "2023-11-30 16:08:00", "elapsed": 198.658809, "delta": 6.330549}}
{"target": -1869.0, "params": {"momentum_down": 0.8425097121720307, "momentum_up": 0.7751266043978889, "mu_down": 0.24021903431351943, "mu_up": 5.6033902385238836e-05}, "datetime": {"datetime": "2023-11-30 16:08:09", "elapsed": 207.5796, "delta": 8.920791}}
{"target": -700.0, "params": {"momentum_down": 0.8031664950911969, "momentum_up": 0.9606391016004119, "mu_down": 0.1903513057812029, "mu_up": 3.126133634449528e-05}, "datetime": {"datetime": "2023-11-30 16:08:12", "elapsed": 211.328823, "delta": 3.749223}}
{"target": -207.0, "params": {"momentum_down": 0.7846313971740482, "momentum_up": 0.9611121510561598, "mu_down": 0.17378362571808645, "mu_up": 0.00034686276827601814}, "datetime": {"datetime": "2023-11-30 16:08:14", "elapsed": 212.886613, "delta": 1.55779}}
{"target": -1259.0, "params": {"momentum_down": 0.48361403856316504, "momentum_up": 0.06355289231597605, "mu_down": 0.18296367338805417, "mu_up": 0.00038410849443885973}, "datetime": {"datetime": "2023-11-30 16:08:20", "elapsed": 219.287703, "delta": 6.40109}}
{"target": -185.0, "params": {"momentum_down": 0.782793629164848, "momentum_up": 0.9590402001234503, "mu_down": 0.20351530108873908, "mu_up": 0.0004366597542910058}, "datetime": {"datetime": "2023-11-30 16:08:22", "elapsed": 220.479536, "delta": 1.191833}}
{"target": -179.0, "params": {"momentum_down": 0.7821682042294369, "momentum_up": 0.959195034269468, "mu_down": 0.20318666720606487, "mu_up": 0.0002646233991432322}, "datetime": {"datetime": "2023-11-30 16:08:23", "elapsed": 221.783695, "delta": 1.304159}}
{"target": -734.0, "params": {"momentum_down": 0.2983613862801533, "momentum_up": 0.6259598980320633, "mu_down": 0.23928834515642403, "mu_up": 0.0003024717953702487}, "datetime": {"datetime": "2023-11-30 16:08:26", "elapsed": 225.325294, "delta": 3.541599}}
{"target": -303.0, "params": {"momentum_down": 0.7327765562968933, "momentum_up": 0.9740490645423392, "mu_down": 0.16604016828863297, "mu_up": 0.00044467341842558783}, "datetime": {"datetime": "2023-11-30 16:08:28", "elapsed": 226.902826, "delta": 1.577532}}
{"target": -185.0, "params": {"momentum_down": 0.79444065670583, "momentum_up": 0.9579417690029746, "mu_down": 0.1896834616374412, "mu_up": 0.0004389840126669075}, "datetime": {"datetime": "2023-11-30 16:08:29", "elapsed": 228.282127, "delta": 1.379301}}
{"target": -479.0, "params": {"momentum_down": 0.4807952187236096, "momentum_up": 0.6814870069586817, "mu_down": 0.21476273833539314, "mu_up": 0.00048062047681367124}, "datetime": {"datetime": "2023-11-30 16:08:32", "elapsed": 230.761803, "delta": 2.479676}}
{"target": -113.0, "params": {"momentum_down": 0.9213951592102523, "momentum_up": 0.903365506832177, "mu_down": 0.22549427348064355, "mu_up": 0.0004136092834017838}, "datetime": {"datetime": "2023-11-30 16:08:33", "elapsed": 231.462906, "delta": 0.701103}}
{"target": -477.0, "params": {"momentum_down": 0.48028919433957723, "momentum_up": 0.6874459037327747, "mu_down": 0.21212548553567362, "mu_up": 0.00055073328257794}, "datetime": {"datetime": "2023-11-30 16:08:35", "elapsed": 234.170212, "delta": 2.707306}}
{"target": -716.0, "params": {"momentum_down": 0.3240356080838137, "momentum_up": 0.631071427296856, "mu_down": 0.19316478745822452, "mu_up": 0.0005142901716841254}, "datetime": {"datetime": "2023-11-30 16:08:39", "elapsed": 237.790715, "delta": 3.620503}}
{"target": -515.0, "params": {"momentum_down": 0.42753118662834255, "momentum_up": 0.6720501436789776, "mu_down": 0.24316654909726032, "mu_up": 0.00040536196399717817}, "datetime": {"datetime": "2023-11-30 16:08:42", "elapsed": 240.575681, "delta": 2.784966}}
{"target": -2000.0, "params": {"momentum_down": 0.6385011421218901, "momentum_up": 0.12396856125642479, "mu_down": 0.21794387588820474, "mu_up": 0.00015410610045942148}, "datetime": {"datetime": "2023-11-30 16:08:52", "elapsed": 250.630236, "delta": 10.054555}}
{"target": -207.0, "params": {"momentum_down": 0.7876139819650423, "momentum_up": 0.9581115981540728, "mu_down": 0.1796974549444554, "mu_up": 0.00011854432838227346}, "datetime": {"datetime": "2023-11-30 16:08:54", "elapsed": 252.40389, "delta": 1.773654}}
{"target": -187.0, "params": {"momentum_down": 0.7887936342835986, "momentum_up": 0.9542983966539843, "mu_down": 0.1771666635179849, "mu_up": 0.0002174490923626867}, "datetime": {"datetime": "2023-11-30 16:08:55", "elapsed": 254.032209, "delta": 1.628319}}
{"target": -707.0, "params": {"momentum_down": 0.32521654294305535, "momentum_up": 0.6355802056326462, "mu_down": 0.19427386443164052, "mu_up": 0.00036794455998939935}, "datetime": {"datetime": "2023-11-30 16:09:00", "elapsed": 258.922288, "delta": 4.890079}}
{"target": -196.0, "params": {"momentum_down": 0.7946089025171491, "momentum_up": 0.9657486279514474, "mu_down": 0.1913198639569171, "mu_up": 0.00011651986472858148}, "datetime": {"datetime": "2023-11-30 16:09:02", "elapsed": 260.532987, "delta": 1.610699}}
{"target": -181.0, "params": {"momentum_down": 0.7875662613623052, "momentum_up": 0.9539321678611179, "mu_down": 0.20285607125967134, "mu_up": 0.0005145252409693688}, "datetime": {"datetime": "2023-11-30 16:09:03", "elapsed": 262.02695, "delta": 1.493963}}
{"target": -588.0, "params": {"momentum_down": 0.3763612181243784, "momentum_up": 0.8399118740100044, "mu_down": 0.19109379718383562, "mu_up": 0.00022370278397467478}, "datetime": {"datetime": "2023-11-30 16:09:06", "elapsed": 265.033297, "delta": 3.006347}}
{"target": -288.0, "params": {"momentum_down": 0.7716618206819482, "momentum_up": 0.8940144313677072, "mu_down": 0.2012411100302481, "mu_up": 0.00017713981280727373}, "datetime": {"datetime": "2023-11-30 16:09:08", "elapsed": 266.880003, "delta": 1.846706}}
{"target": -1175.0, "params": {"momentum_down": 0.32184470076133326, "momentum_up": 0.6305589616967706, "mu_down": 0.19355882370003308, "mu_up": 0.00016791505456769374}, "datetime": {"datetime": "2023-11-30 16:09:14", "elapsed": 272.855823, "delta": 5.97582}}
{"target": -2000.0, "params": {"momentum_down": 0.9128939334334871, "momentum_up": 0.3024855750369329, "mu_down": 0.20405506326333717, "mu_up": 6.958484264076565e-05}, "datetime": {"datetime": "2023-11-30 16:09:25", "elapsed": 283.840945, "delta": 10.985122}}
{"target": -2000.0, "params": {"momentum_down": 0.28369969266162104, "momentum_up": 0.10282843995602574, "mu_down": 0.23535664068346074, "mu_up": 8.469152815758313e-05}, "datetime": {"datetime": "2023-11-30 16:09:37", "elapsed": 295.452493, "delta": 11.611548}}
{"target": -2000.0, "params": {"momentum_down": 0.7126050451084741, "momentum_up": 0.28416705259676767, "mu_down": 0.17459953743399861, "mu_up": 0.00010542886566920827}, "datetime": {"datetime": "2023-11-30 16:09:48", "elapsed": 306.344749, "delta": 10.892256}}
{"target": -205.0, "params": {"momentum_down": 0.9297973326545129, "momentum_up": 0.9621726835175389, "mu_down": 0.17481793248442026, "mu_up": 8.30746500218983e-05}, "datetime": {"datetime": "2023-11-30 16:09:49", "elapsed": 308.234685, "delta": 1.889936}}
{"target": -968.0, "params": {"momentum_down": 0.5550160190778533, "momentum_up": 0.8077049404586668, "mu_down": 0.22072217610247974, "mu_up": 9.58744053214298e-05}, "datetime": {"datetime": "2023-11-30 16:09:55", "elapsed": 313.658906, "delta": 5.424221}}
{"target": -135.0, "params": {"momentum_down": 0.9218098908124307, "momentum_up": 0.9006275251453204, "mu_down": 0.22737180938780457, "mu_up": 0.00028097664378051886}, "datetime": {"datetime": "2023-11-30 16:09:56", "elapsed": 314.983891, "delta": 1.324985}}
{"target": -2000.0, "params": {"momentum_down": 0.9206789185593857, "momentum_up": 0.8997756116418367, "mu_down": 0.22717474791775272, "mu_up": 0.00042918828542033374}, "datetime": {"datetime": "2023-11-30 16:10:09", "elapsed": 327.664589, "delta": 12.680698}}
{"target": -2000.0, "params": {"momentum_down": 0.9265476448540916, "momentum_up": 0.9008086458575455, "mu_down": 0.22646253269796984, "mu_up": 9.540781444862706e-05}, "datetime": {"datetime": "2023-11-30 16:10:21", "elapsed": 339.846678, "delta": 12.182089}}
{"target": -211.0, "params": {"momentum_down": 0.7983280476626144, "momentum_up": 0.9678425646983787, "mu_down": 0.18557807084262395, "mu_up": 0.0005186589443788183}, "datetime": {"datetime": "2023-11-30 16:10:23", "elapsed": 341.480958, "delta": 1.63428}}
{"target": -302.0, "params": {"momentum_down": 0.7302114345961167, "momentum_up": 0.9764875780346641, "mu_down": 0.16481321314768985, "mu_up": 0.0002578866178553027}, "datetime": {"datetime": "2023-11-30 16:10:25", "elapsed": 343.594167, "delta": 2.113209}}
{"target": -170.0, "params": {"momentum_down": 0.7908278358663203, "momentum_up": 0.9559668391123181, "mu_down": 0.2028087765003171, "mu_up": 0.00017008730858408423}, "datetime": {"datetime": "2023-11-30 16:10:27", "elapsed": 345.694462, "delta": 2.100295}}
{"target": -982.0, "params": {"momentum_down": 0.793933008985525, "momentum_up": 0.9682282477740235, "mu_down": 0.19392899048623102, "mu_up": 1.5969046051275825e-05}, "datetime": {"datetime": "2023-11-30 16:10:32", "elapsed": 350.874681, "delta": 5.180219}}
{"target": -770.0, "params": {"momentum_down": 0.43230397250880953, "momentum_up": 0.6755963286564076, "mu_down": 0.24588837755837797, "mu_up": 0.00021316395577795655}, "datetime": {"datetime": "2023-11-30 16:10:36", "elapsed": 355.247667, "delta": 4.372986}}
{"target": -584.0, "params": {"momentum_down": 0.3803250293521871, "momentum_up": 0.8401079575568979, "mu_down": 0.19358066026999868, "mu_up": 0.0005202939478893007}, "datetime": {"datetime": "2023-11-30 16:10:40", "elapsed": 358.852468, "delta": 3.604801}}
{"target": -473.0, "params": {"momentum_down": 0.6854061159393907, "momentum_up": 0.8273680838854037, "mu_down": 0.15083293643587609, "mu_up": 0.00019774457003786733}, "datetime": {"datetime": "2023-11-30 16:10:43", "elapsed": 361.765182, "delta": 2.912714}}
{"target": -1653.0, "params": {"momentum_down": 0.6369572770599377, "momentum_up": 0.6048172651939383, "mu_down": 0.23643051676632731, "mu_up": 0.00012427212466528608}, "datetime": {"datetime": "2023-11-30 16:10:52", "elapsed": 371.180491, "delta": 9.415309}}
{"target": -180.0, "params": {"momentum_down": 0.7830353897226643, "momentum_up": 0.9501731908157512, "mu_down": 0.20130165586562923, "mu_up": 0.0004537906059550793}, "datetime": {"datetime": "2023-11-30 16:10:55", "elapsed": 373.654126, "delta": 2.473635}}
{"target": -163.0, "params": {"momentum_down": 0.7803960437298307, "momentum_up": 0.9467067534237884, "mu_down": 0.20460098631246457, "mu_up": 0.0003606147682401528}, "datetime": {"datetime": "2023-11-30 16:10:57", "elapsed": 376.158697, "delta": 2.504571}}
