{"target": -707.0826724305842, "params": {"momentum_down": 0.7845892368773199, "momentum_up": 0.8407649885269961, "mu_down": 0.1810872277892649, "mu_up": 0.00027096262160989683}, "datetime": {"datetime": "2024-01-20 15:54:25", "elapsed": 1924.285373, "delta": 7.463108}}
{"target": -2300.0, "params": {"momentum_down": 0.9269855001276126, "momentum_up": 0.9616739425571268, "mu_down": 0.2044539172173663, "mu_up": 0.0008711287682367823}, "datetime": {"datetime": "2024-01-20 15:54:26", "elapsed": 1925.735121, "delta": 1.449748}}
{"target": -1939.0858521914056, "params": {"momentum_down": 0.6383777544038225, "momentum_up": 0.5749294729169646, "mu_down": 0.2529468887059731, "mu_up": 0.00022707539938504191}, "datetime": {"datetime": "2024-01-20 15:54:34", "elapsed": 1933.385661, "delta": 7.65054}}
{"target": -2300.0, "params": {"momentum_down": 0.7233978563038352, "momentum_up": 0.7641144860530686, "mu_down": 0.15093805992707912, "mu_up": 0.0009984721194675617}, "datetime": {"datetime": "2024-01-20 15:54:35", "elapsed": 1934.53428, "delta": 1.148619}}
{"target": -970.0238527196769, "params": {"momentum_down": 0.5807802448406498, "momentum_up": 0.7168123350133205, "mu_down": 0.13612926120962007, "mu_up": 0.0005419575245857823}, "datetime": {"datetime": "2024-01-20 15:54:48", "elapsed": 1947.84469, "delta": 13.31041}}
{"target": -989.3939444916218, "params": {"momentum_down": 0.6442888095458877, "momentum_up": 0.8915528372086613, "mu_down": 0.13734038840230262, "mu_up": 0.0007641346933482656}, "datetime": {"datetime": "2024-01-20 15:54:51", "elapsed": 1950.143689, "delta": 2.298999}}
{"target": -2017.820695533179, "params": {"momentum_down": 0.5284361163266427, "momentum_up": 0.7365705902599134, "mu_down": 0.025391734187936804, "mu_up": 0.00019045521228349478}, "datetime": {"datetime": "2024-01-20 15:54:54", "elapsed": 1953.297186, "delta": 3.153497}}
{"target": -2300.0, "params": {"momentum_down": 0.6618781304025342, "momentum_up": 0.8257838504026647, "mu_down": 0.17177617155426358, "mu_up": 0.0009841181217797648}, "datetime": {"datetime": "2024-01-20 15:54:59", "elapsed": 1958.282818, "delta": 4.985632}}
{"target": -1777.0821515244572, "params": {"momentum_down": 0.736370060252806, "momentum_up": 0.7025961615771726, "mu_down": 0.1488146642936533, "mu_up": 0.0001763806450811888}, "datetime": {"datetime": "2024-01-20 15:55:10", "elapsed": 1969.484477, "delta": 11.201659}}
{"target": -2300.0, "params": {"momentum_down": 0.6680626813056482, "momentum_up": 0.841161774912939, "mu_down": 0.06942279964931926, "mu_up": 0.0006990704554840035}, "datetime": {"datetime": "2024-01-20 15:55:12", "elapsed": 1971.1871, "delta": 1.702623}}
{"target": -2004.0289677968206, "params": {"momentum_down": 0.5123806039017229, "momentum_up": 0.5407978814842853, "mu_down": 0.05104713754442377, "mu_up": 0.000782937477256606}, "datetime": {"datetime": "2024-01-20 15:55:15", "elapsed": 1974.526074, "delta": 3.338974}}
{"target": -545.0714118279618, "params": {"momentum_down": 0.8206895974266226, "momentum_up": 0.9261503685366341, "mu_down": 0.2333213625826143, "mu_up": 0.0001705983304224546}, "datetime": {"datetime": "2024-01-20 15:55:17", "elapsed": 1976.485884, "delta": 1.95981}}
{"target": -727.1127684228888, "params": {"momentum_down": 0.7486372309330168, "momentum_up": 0.9048543963686615, "mu_down": 0.1796410542414575, "mu_up": 0.0001580946424990654}, "datetime": {"datetime": "2024-01-20 15:55:25", "elapsed": 1984.702805, "delta": 8.216921}}
{"target": -1696.0880615240678, "params": {"momentum_down": 0.7757429369422404, "momentum_up": 0.6056908947427204, "mu_down": 0.18926261899594288, "mu_up": 0.00023932096922746774}, "datetime": {"datetime": "2024-01-20 15:55:28", "elapsed": 1987.731418, "delta": 3.028613}}
{"target": -949.9978447409596, "params": {"momentum_down": 0.5712923966348242, "momentum_up": 0.8730013039871947, "mu_down": 0.13766701029206233, "mu_up": 0.0003760462415271292}, "datetime": {"datetime": "2024-01-20 15:55:31", "elapsed": 1990.370732, "delta": 2.639314}}
{"target": -2300.0, "params": {"momentum_down": 0.8718847043262117, "momentum_up": 0.9464634298628051, "mu_down": 0.07327459968811743, "mu_up": 0.0007736947843771563}, "datetime": {"datetime": "2024-01-20 15:55:32", "elapsed": 1991.87537, "delta": 1.504638}}
{"target": -2300.0, "params": {"momentum_down": 0.9338388177690133, "momentum_up": 0.7201435273633071, "mu_down": 0.09766026525848802, "mu_up": 0.00016692984570050926}, "datetime": {"datetime": "2024-01-20 15:55:35", "elapsed": 1994.181859, "delta": 2.306489}}
{"target": -1171.075566307583, "params": {"momentum_down": 0.7592489772644626, "momentum_up": 0.7068429855457773, "mu_down": 0.14683543811969518, "mu_up": 0.0002867334686927674}, "datetime": {"datetime": "2024-01-20 15:55:41", "elapsed": 2000.883025, "delta": 6.701166}}
{"target": -2300.0, "params": {"momentum_down": 0.804865652580063, "momentum_up": 0.5855279905229414, "mu_down": 0.04575949223082047, "mu_up": 0.0004407290622886249}, "datetime": {"datetime": "2024-01-20 15:55:43", "elapsed": 2002.492168, "delta": 1.609143}}
{"target": -1252.0807505381683, "params": {"momentum_down": 0.5649947764821158, "momentum_up": 0.5158614215710594, "mu_down": 0.29246306774580744, "mu_up": 0.000424996566489057}, "datetime": {"datetime": "2024-01-20 15:55:55", "elapsed": 2014.119704, "delta": 11.627536}}
{"target": -2300.0, "params": {"momentum_down": 0.8540530215786806, "momentum_up": 0.7187550145244292, "mu_down": 0.18323134437088778, "mu_up": 0.0008893059013642424}, "datetime": {"datetime": "2024-01-20 15:56:11", "elapsed": 2030.837556, "delta": 16.717852}}
{"target": -2300.0, "params": {"momentum_down": 0.8883289364808489, "momentum_up": 0.7376777712382182, "mu_down": 0.1972762369945847, "mu_up": 0.0004930074411276776}, "datetime": {"datetime": "2024-01-20 15:56:17", "elapsed": 2036.963758, "delta": 6.126202}}
{"target": -1272.3515574965666, "params": {"momentum_down": 0.6282221959270438, "momentum_up": 0.8816020313917233, "mu_down": 0.11094872077611634, "mu_up": 0.0004301490051294082}, "datetime": {"datetime": "2024-01-20 15:56:26", "elapsed": 2045.478878, "delta": 8.51512}}
{"target": -2300.0, "params": {"momentum_down": 0.9756751422102997, "momentum_up": 0.9327135184842159, "mu_down": 0.12574089821529186, "mu_up": 0.0008396749187027042}, "datetime": {"datetime": "2024-01-20 15:56:28", "elapsed": 2047.000616, "delta": 1.521738}}
{"target": -1555.092869905004, "params": {"momentum_down": 0.9185363051609532, "momentum_up": 0.8062159175227488, "mu_down": 0.24526385912836998, "mu_up": 0.00012237209025383182}, "datetime": {"datetime": "2024-01-20 15:56:30", "elapsed": 2049.96439, "delta": 2.963774}}
{"target": -2000.0933801821604, "params": {"momentum_down": 0.7843044800525578, "momentum_up": 0.7840519748371815, "mu_down": 0.1059056958202056, "mu_up": 0.00011017327257898933}, "datetime": {"datetime": "2024-01-20 15:56:45", "elapsed": 2064.836989, "delta": 14.872599}}
{"target": -2300.0, "params": {"momentum_down": 0.7844347128629248, "momentum_up": 0.9369262696427562, "mu_down": 0.22834533717890135, "mu_up": 0.0007447708881799227}, "datetime": {"datetime": "2024-01-20 15:56:59", "elapsed": 2078.121292, "delta": 13.284303}}
{"target": -2300.0, "params": {"momentum_down": 0.8775310376415316, "momentum_up": 0.5475490838667015, "mu_down": 0.07968741731264717, "mu_up": 0.0009167526740460832}, "datetime": {"datetime": "2024-01-20 15:57:00", "elapsed": 2079.940017, "delta": 1.818725}}
{"target": -647.126480850321, "params": {"momentum_down": 0.5407021800645422, "momentum_up": 0.7347578958340055, "mu_down": 0.21899364774372415, "mu_up": 0.0006104053876030654}, "datetime": {"datetime": "2024-01-20 15:57:12", "elapsed": 2091.644284, "delta": 11.704267}}
{"target": -2000.1251481706522, "params": {"momentum_down": 0.8369356524255006, "momentum_up": 0.6441671016846147, "mu_down": 0.052647811932191396, "mu_up": 0.0002668367608535301}, "datetime": {"datetime": "2024-01-20 15:57:15", "elapsed": 2094.720081, "delta": 3.075797}}
{"target": -2300.0, "params": {"momentum_down": 0.6499092278525201, "momentum_up": 0.6198593206204489, "mu_down": 0.07170059028646608, "mu_up": 0.0009597682347652538}, "datetime": {"datetime": "2024-01-20 15:57:17", "elapsed": 2096.435855, "delta": 1.715774}}
{"target": -1172.118236824747, "params": {"momentum_down": 0.6995222946604541, "momentum_up": 0.8043982341492102, "mu_down": 0.07933831297586308, "mu_up": 0.0002621194298699908}, "datetime": {"datetime": "2024-01-20 15:57:25", "elapsed": 2104.338222, "delta": 7.902367}}
{"target": -2000.7371985944524, "params": {"momentum_down": 0.9347995164829526, "momentum_up": 0.9619375247342132, "mu_down": 0.17118381743593378, "mu_up": 0.00016460348198026487}, "datetime": {"datetime": "2024-01-20 15:57:28", "elapsed": 2107.52869, "delta": 3.190468}}
{"target": -2300.0, "params": {"momentum_down": 0.5921813837679883, "momentum_up": 0.5489526862455936, "mu_down": 0.2583684445661904, "mu_up": 0.0007868403285926707}, "datetime": {"datetime": "2024-01-20 15:57:30", "elapsed": 2109.06683, "delta": 1.53814}}
{"target": -2005.1608715161535, "params": {"momentum_down": 0.754881967586523, "momentum_up": 0.5057255030572005, "mu_down": 0.1230798268396022, "mu_up": 5.491021172364414e-05}, "datetime": {"datetime": "2024-01-20 15:57:33", "elapsed": 2112.569779, "delta": 3.502949}}
{"target": -2300.0, "params": {"momentum_down": 0.8087128698327738, "momentum_up": 0.7557503949132114, "mu_down": 0.22453865707677087, "mu_up": 0.0008723725631153596}, "datetime": {"datetime": "2024-01-20 15:57:35", "elapsed": 2114.288558, "delta": 1.718779}}
{"target": -2007.7130918013895, "params": {"momentum_down": 0.7712742364099394, "momentum_up": 0.9301030729861814, "mu_down": 0.2786479437447607, "mu_up": 0.0006625620870644121}, "datetime": {"datetime": "2024-01-20 15:57:45", "elapsed": 2124.499939, "delta": 10.211381}}
{"target": -868.0789602182314, "params": {"momentum_down": 0.7290777673225143, "momentum_up": 0.7438447472587929, "mu_down": 0.23416930138755532, "mu_up": 0.00032919632891506817}, "datetime": {"datetime": "2024-01-20 15:57:47", "elapsed": 2126.959247, "delta": 2.459308}}
{"target": -2300.0, "params": {"momentum_down": 0.609646534948703, "momentum_up": 0.6329411235103147, "mu_down": 0.04354765386783303, "mu_up": 0.0009673206774130789}, "datetime": {"datetime": "2024-01-20 15:57:49", "elapsed": 2128.832618, "delta": 1.873371}}
{"target": -888.12740285569, "params": {"momentum_down": 0.5373500264103342, "momentum_up": 0.7062840605241288, "mu_down": 0.26432315939013534, "mu_up": 0.00042266549247537224}, "datetime": {"datetime": "2024-01-20 15:57:52", "elapsed": 2131.271162, "delta": 2.438544}}
{"target": -2300.0, "params": {"momentum_down": 0.9055852112355397, "momentum_up": 0.6223494381037538, "mu_down": 0.08013518102974106, "mu_up": 0.0005316059025053532}, "datetime": {"datetime": "2024-01-20 15:57:54", "elapsed": 2133.084473, "delta": 1.813311}}
{"target": -2300.0, "params": {"momentum_down": 0.9789516600856262, "momentum_up": 0.9546098164908929, "mu_down": 0.04500701725068826, "mu_up": 0.0009346168978087573}, "datetime": {"datetime": "2024-01-20 15:57:55", "elapsed": 2134.78065, "delta": 1.696177}}
{"target": -2300.0, "params": {"momentum_down": 0.662227589348641, "momentum_up": 0.5436690054471203, "mu_down": 0.040667117629131944, "mu_up": 0.0006140131485872691}, "datetime": {"datetime": "2024-01-20 15:57:57", "elapsed": 2136.809347, "delta": 2.028697}}
{"target": -2002.3396353386977, "params": {"momentum_down": 0.7575523645296522, "momentum_up": 0.9061443708781043, "mu_down": 0.12658646955159117, "mu_up": 1.5173023028391882e-05}, "datetime": {"datetime": "2024-01-20 15:58:21", "elapsed": 2160.780705, "delta": 23.971358}}
{"target": -727.3141314156065, "params": {"momentum_down": 0.5719419129837, "momentum_up": 0.9132280912140236, "mu_down": 0.2286744940414428, "mu_up": 0.0005653305032013087}, "datetime": {"datetime": "2024-01-20 15:58:30", "elapsed": 2169.01983, "delta": 8.239125}}
{"target": -2300.0, "params": {"momentum_down": 0.5134192640415, "momentum_up": 0.689408527746717, "mu_down": 0.2879008915617836, "mu_up": 0.0009949615950378223}, "datetime": {"datetime": "2024-01-20 15:58:43", "elapsed": 2182.027958, "delta": 13.008128}}
{"target": -404.2481958708373, "params": {"momentum_down": 0.7824291723861102, "momentum_up": 0.9347064649824868, "mu_down": 0.22972870653516053, "mu_up": 0.0002741743315867138}, "datetime": {"datetime": "2024-01-20 15:58:56", "elapsed": 2195.952981, "delta": 13.925023}}
{"target": -545.5160239999931, "params": {"momentum_down": 0.7987952750577209, "momentum_up": 0.8610688202719812, "mu_down": 0.13273235473826045, "mu_up": 0.0003653529793126725}, "datetime": {"datetime": "2024-01-20 15:59:10", "elapsed": 2209.548166, "delta": 13.595185}}
{"target": -728.006979908543, "params": {"momentum_down": 0.5235413016643047, "momentum_up": 0.762497090809153, "mu_down": 0.20588405999086976, "mu_up": 0.0005699257429003489}, "datetime": {"datetime": "2024-01-20 15:59:18", "elapsed": 2217.140688, "delta": 7.592522}}
{"target": -2000.16745870053, "params": {"momentum_down": 0.7740335785257724, "momentum_up": 0.5176110739239792, "mu_down": 0.29356237398837876, "mu_up": 0.0004989779124767869}, "datetime": {"datetime": "2024-01-20 15:59:36", "elapsed": 2235.086414, "delta": 17.945726}}
{"target": -1292.082387260011, "params": {"momentum_down": 0.7361982161276258, "momentum_up": 0.5884328496828812, "mu_down": 0.14050862020826002, "mu_up": 0.00036445265033081164}, "datetime": {"datetime": "2024-01-20 15:59:38", "elapsed": 2237.53825, "delta": 2.451836}}
{"target": -787.0797150432351, "params": {"momentum_down": 0.7203687947418858, "momentum_up": 0.7773123134334116, "mu_down": 0.2897658606678983, "mu_up": 0.0003064678843000756}, "datetime": {"datetime": "2024-01-20 15:59:50", "elapsed": 2249.122545, "delta": 11.584295}}
{"target": -1071.1389485981517, "params": {"momentum_down": 0.5837076296670134, "momentum_up": 0.677504857417181, "mu_down": 0.11766908526410907, "mu_up": 0.00046848001928473604}, "datetime": {"datetime": "2024-01-20 15:59:52", "elapsed": 2251.86621, "delta": 2.743665}}
{"target": -828.3586166190191, "params": {"momentum_down": 0.7804978096169773, "momentum_up": 0.7859954105745235, "mu_down": 0.10521894087258035, "mu_up": 0.0003568902541816648}, "datetime": {"datetime": "2024-01-20 16:00:01", "elapsed": 2260.393987, "delta": 8.527777}}
{"target": -2300.0, "params": {"momentum_down": 0.7488936982886945, "momentum_up": 0.9060137965435766, "mu_down": 0.17653552875775688, "mu_up": 0.0007727057836577682}, "datetime": {"datetime": "2024-01-20 16:00:09", "elapsed": 2268.094399, "delta": 7.700412}}
{"target": -2300.0, "params": {"momentum_down": 0.8206207538600356, "momentum_up": 0.9254000551105003, "mu_down": 0.2335285118702491, "mu_up": 0.0006821161895642693}, "datetime": {"datetime": "2024-01-20 16:00:37", "elapsed": 2296.157331, "delta": 28.062932}}
{"target": -424.3656933780029, "params": {"momentum_down": 0.7394976143604053, "momentum_up": 0.8198567043293987, "mu_down": 0.23599432659103062, "mu_up": 0.0006044310299960837}, "datetime": {"datetime": "2024-01-20 16:00:49", "elapsed": 2308.09122, "delta": 11.933889}}
{"target": -2007.8829091476714, "params": {"momentum_down": 0.5099855737974349, "momentum_up": 0.8888884622558679, "mu_down": 0.2633497551167788, "mu_up": 1e-05}, "datetime": {"datetime": "2024-01-20 16:01:03", "elapsed": 2322.126998, "delta": 14.035778}}
{"target": -1111.3576650086618, "params": {"momentum_down": 0.6228718743576248, "momentum_up": 0.7198986297682658, "mu_down": 0.1327592866803042, "mu_up": 0.00034868728845638647}, "datetime": {"datetime": "2024-01-20 16:01:05", "elapsed": 2324.843361, "delta": 2.716363}}
{"target": -2300.0, "params": {"momentum_down": 0.7948776777786487, "momentum_up": 0.7653998425393407, "mu_down": 0.0854788490293406, "mu_up": 0.0004625812440999198}, "datetime": {"datetime": "2024-01-20 16:01:08", "elapsed": 2327.616236, "delta": 2.772875}}
{"target": -2300.0, "params": {"momentum_down": 0.7401830085218025, "momentum_up": 0.9531476436396173, "mu_down": 0.028994555490837716, "mu_up": 0.0006119447575429135}, "datetime": {"datetime": "2024-01-20 16:01:10", "elapsed": 2329.006882, "delta": 1.390646}}
{"target": -2300.0, "params": {"momentum_down": 0.8791467342050173, "momentum_up": 0.6141918233910342, "mu_down": 0.22529226635424654, "mu_up": 0.0007990532384366231}, "datetime": {"datetime": "2024-01-20 16:01:16", "elapsed": 2335.8063, "delta": 6.799418}}
{"target": -2300.0, "params": {"momentum_down": 0.9428029490441319, "momentum_up": 0.8317763083962371, "mu_down": 0.197925863075761, "mu_up": 0.0007496536688052892}, "datetime": {"datetime": "2024-01-20 16:01:18", "elapsed": 2337.58545, "delta": 1.77915}}
{"target": -2000.0920334898387, "params": {"momentum_down": 0.5195469375622199, "momentum_up": 0.6935346811723544, "mu_down": 0.21002759208513938, "mu_up": 0.00016107619790424162}, "datetime": {"datetime": "2024-01-20 16:01:22", "elapsed": 2341.271368, "delta": 3.685918}}
{"target": -2011.4462149185172, "params": {"momentum_down": 0.7754068431476786, "momentum_up": 0.5184414600805142, "mu_down": 0.29494709587320017, "mu_up": 2.3463735042091255e-05}, "datetime": {"datetime": "2024-01-20 16:01:25", "elapsed": 2344.526279, "delta": 3.254911}}
{"target": -646.9839805471195, "params": {"momentum_down": 0.7219243409271336, "momentum_up": 0.7825012439254321, "mu_down": 0.13514507887799593, "mu_up": 0.0005092760455513537}, "datetime": {"datetime": "2024-01-20 16:01:34", "elapsed": 2353.723046, "delta": 9.196767}}
{"target": -2000.149811527763, "params": {"momentum_down": 0.587146817084799, "momentum_up": 0.5561812895819197, "mu_down": 0.1521350096136509, "mu_up": 0.0006006822431822426}, "datetime": {"datetime": "2024-01-20 16:01:37", "elapsed": 2356.749283, "delta": 3.026237}}
{"target": -1414.1162144270932, "params": {"momentum_down": 0.5869599920069954, "momentum_up": 0.5505554446983284, "mu_down": 0.15091655836838047, "mu_up": 0.00039978871291547106}, "datetime": {"datetime": "2024-01-20 16:01:40", "elapsed": 2359.373147, "delta": 2.623864}}
{"target": -545.0578815707825, "params": {"momentum_down": 0.7715035336020506, "momentum_up": 0.8105505687791804, "mu_down": 0.26328539709232174, "mu_up": 0.0004752327402513947}, "datetime": {"datetime": "2024-01-20 16:01:42", "elapsed": 2361.084486, "delta": 1.711339}}
{"target": -2000.0809470677457, "params": {"momentum_down": 0.5038566390393342, "momentum_up": 0.7647373525133908, "mu_down": 0.20138448999900552, "mu_up": 0.00012889206919403012}, "datetime": {"datetime": "2024-01-20 16:01:50", "elapsed": 2369.769658, "delta": 8.685172}}
{"target": -2300.0, "params": {"momentum_down": 0.728702591968436, "momentum_up": 0.6277798120609844, "mu_down": 0.24850198489749215, "mu_up": 0.000913159588321408}, "datetime": {"datetime": "2024-01-20 16:01:52", "elapsed": 2371.110344, "delta": 1.340686}}
{"target": -565.1599722256058, "params": {"momentum_down": 0.6859800500237003, "momentum_up": 0.932218642863369, "mu_down": 0.2554479844995809, "mu_up": 0.00014813071822285926}, "datetime": {"datetime": "2024-01-20 16:01:54", "elapsed": 2373.738179, "delta": 2.627835}}
{"target": -1011.0848567149166, "params": {"momentum_down": 0.5252143739658179, "momentum_up": 0.9085828921937915, "mu_down": 0.14213560073545622, "mu_up": 0.00013299307727544484}, "datetime": {"datetime": "2024-01-20 16:01:57", "elapsed": 2376.010799, "delta": 2.27262}}
{"target": -2300.0, "params": {"momentum_down": 0.806325988144195, "momentum_up": 0.6899496222842644, "mu_down": 0.09491842246192012, "mu_up": 0.0006804376730486306}, "datetime": {"datetime": "2024-01-20 16:01:58", "elapsed": 2377.651314, "delta": 1.640515}}
{"target": -2008.6022126577486, "params": {"momentum_down": 0.7349930070390392, "momentum_up": 0.5291047824029032, "mu_down": 0.27253610880346385, "mu_up": 3.162226814245947e-05}, "datetime": {"datetime": "2024-01-20 16:02:02", "elapsed": 2381.167918, "delta": 3.516604}}
{"target": -666.9806197927333, "params": {"momentum_down": 0.6207158626867807, "momentum_up": 0.8605343709926669, "mu_down": 0.17365668531232678, "mu_up": 0.0006524061581219666}, "datetime": {"datetime": "2024-01-20 16:02:09", "elapsed": 2388.948616, "delta": 7.780698}}
{"target": -2300.0, "params": {"momentum_down": 0.7590712661131758, "momentum_up": 0.87123935996855, "mu_down": 0.17461846911247117, "mu_up": 0.0008292965179997607}, "datetime": {"datetime": "2024-01-20 16:02:11", "elapsed": 2390.59739, "delta": 1.648774}}
{"target": -2300.0, "params": {"momentum_down": 0.6400310222467563, "momentum_up": 0.9112444782099938, "mu_down": 0.08647532068227903, "mu_up": 0.0005587746731134631}, "datetime": {"datetime": "2024-01-20 16:02:13", "elapsed": 2392.40196, "delta": 1.80457}}
{"target": -2300.0, "params": {"momentum_down": 0.6666998734929837, "momentum_up": 0.9465566197746407, "mu_down": 0.13832527628031924, "mu_up": 0.0009277139337590654}, "datetime": {"datetime": "2024-01-20 16:02:15", "elapsed": 2394.584482, "delta": 2.182522}}
{"target": -2300.0, "params": {"momentum_down": 0.8328136389295179, "momentum_up": 0.5778931171239705, "mu_down": 0.1382516723007514, "mu_up": 0.0005761632667051662}, "datetime": {"datetime": "2024-01-20 16:02:17", "elapsed": 2396.592173, "delta": 2.007691}}
{"target": -2300.0, "params": {"momentum_down": 0.5336285002903907, "momentum_up": 0.6278160528720478, "mu_down": 0.2589734090652873, "mu_up": 0.0007226921164113342}, "datetime": {"datetime": "2024-01-20 16:02:20", "elapsed": 2399.004353, "delta": 2.41218}}
{"target": -2011.8516477367841, "params": {"momentum_down": 0.7448338273596136, "momentum_up": 0.8429409551490108, "mu_down": 0.10358534857657607, "mu_up": 1.0226237361402596e-05}, "datetime": {"datetime": "2024-01-20 16:02:30", "elapsed": 2409.986696, "delta": 10.982343}}
