{"target": -934.2922821283661, "params": {"momentum_down": 0.8618379387258024, "momentum_up": 0.5429660635255286, "mu_down": 0.06702459250722705, "mu_up": 0.0003630309440075721}, "datetime": {"datetime": "2024-06-09 20:57:51", "elapsed": 332.800534, "delta": 1.007123}}
{"target": -592.2947412163659, "params": {"momentum_down": 0.8252740355224399, "momentum_up": 0.9555347892744366, "mu_down": 0.11095521866956724, "mu_up": 5.5751240576353125e-05}, "datetime": {"datetime": "2024-06-09 20:57:52", "elapsed": 334.584408, "delta": 1.783874}}
{"target": -1206.2888947552237, "params": {"momentum_down": 0.170398972403205, "momentum_up": 0.7227075214604671, "mu_down": 0.16724178071248053, "mu_up": 0.00043034068931336336}, "datetime": {"datetime": "2024-06-09 20:57:55", "elapsed": 336.862922, "delta": 2.278514}}
{"target": -653.2682509417083, "params": {"momentum_down": 0.8029669280602002, "momentum_up": 0.9496793172081363, "mu_down": 0.07916272291585266, "mu_up": 0.00046069438741462907}, "datetime": {"datetime": "2024-06-09 20:57:58", "elapsed": 339.786101, "delta": 2.923179}}
{"target": -663.2969472733967, "params": {"momentum_down": 0.5353881450703181, "momentum_up": 0.7714736275528843, "mu_down": 0.26247300243015226, "mu_up": 0.0002661179354689334}, "datetime": {"datetime": "2024-06-09 20:57:59", "elapsed": 341.562051, "delta": 1.77595}}
{"target": -643.2723822485954, "params": {"momentum_down": 0.8094598526302768, "momentum_up": 0.9609841743072822, "mu_down": 0.07690015747074559, "mu_up": 0.0005151085224037839}, "datetime": {"datetime": "2024-06-09 20:58:01", "elapsed": 343.684505, "delta": 2.122454}}
{"target": -351.22483131012706, "params": {"momentum_down": 0.8122930257912084, "momentum_up": 0.9358945459791729, "mu_down": 0.15283621598046312, "mu_up": 0.0007242686708445084}, "datetime": {"datetime": "2024-06-09 20:58:02", "elapsed": 344.650315, "delta": 0.96581}}
{"target": -2023.587757536459, "params": {"momentum_down": 0.2802900645069401, "momentum_up": 0.5280190096899916, "mu_down": 0.20410265012445852, "mu_up": 1.2612967725484593e-05}, "datetime": {"datetime": "2024-06-09 20:58:04", "elapsed": 346.644844, "delta": 1.994529}}
{"target": -2012.0160364699314, "params": {"momentum_down": 0.6632868795531123, "momentum_up": 0.49608553369829966, "mu_down": 0.19657517191044535, "mu_up": 2.4799430431899203e-05}, "datetime": {"datetime": "2024-06-09 20:58:06", "elapsed": 348.665042, "delta": 2.020198}}
{"target": -1115.296051651845, "params": {"momentum_down": 0.4199946340350908, "momentum_up": 0.4960028025080057, "mu_down": 0.2730630148413094, "mu_up": 0.0003325378445470294}, "datetime": {"datetime": "2024-06-09 20:58:08", "elapsed": 350.343794, "delta": 1.678752}}
{"target": -1658.2957000166275, "params": {"momentum_down": 0.8749392114343275, "momentum_up": 0.5009957357476226, "mu_down": 0.18314220812457696, "mu_up": 0.00020617530778831858}, "datetime": {"datetime": "2024-06-09 20:58:11", "elapsed": 353.367708, "delta": 3.023914}}
{"target": -2300.0, "params": {"momentum_down": 0.8137172992945231, "momentum_up": 0.9551945698441335, "mu_down": 0.11432557541496177, "mu_up": 0.0008787943126054781}, "datetime": {"datetime": "2024-06-09 20:58:13", "elapsed": 354.770911, "delta": 1.403203}}
{"target": -2300.0, "params": {"momentum_down": 0.8155672537728222, "momentum_up": 0.9495450639149656, "mu_down": 0.10131659853445094, "mu_up": 0.0008525803622974222}, "datetime": {"datetime": "2024-06-09 20:58:14", "elapsed": 356.497079, "delta": 1.726168}}
{"target": -2300.0, "params": {"momentum_down": 0.08563968709891523, "momentum_up": 0.2505114871337033, "mu_down": 0.07184375361295733, "mu_up": 0.0008849258053546684}, "datetime": {"datetime": "2024-06-09 20:58:15", "elapsed": 357.079254, "delta": 0.582175}}
{"target": -472.2997256687075, "params": {"momentum_down": 0.8233279129896546, "momentum_up": 0.957646355270719, "mu_down": 0.0872949957749822, "mu_up": 0.00017218447484274128}, "datetime": {"datetime": "2024-06-09 20:58:17", "elapsed": 359.429635, "delta": 2.350381}}
{"target": -2228.01674853034, "params": {"momentum_down": 0.4033896355513096, "momentum_up": 0.4082706510241827, "mu_down": 6.26063270630972e-05, "mu_up": 0.0005202091629335446}, "datetime": {"datetime": "2024-06-09 20:58:20", "elapsed": 361.930879, "delta": 2.501244}}
{"target": -2300.0, "params": {"momentum_down": 0.9710857488727536, "momentum_up": 0.33339218127951037, "mu_down": 0.29298871956232087, "mu_up": 0.00045492919614911943}, "datetime": {"datetime": "2024-06-09 20:58:21", "elapsed": 362.744418, "delta": 0.813539}}
{"target": -1417.2941476678504, "params": {"momentum_down": 0.8079880758468281, "momentum_up": 0.3749672802671847, "mu_down": 0.287625805015333, "mu_up": 0.0003041207610819707}, "datetime": {"datetime": "2024-06-09 20:58:35", "elapsed": 377.127426, "delta": 1.465596}}
{"target": -2000.75887936397, "params": {"momentum_down": 0.2247823641869206, "momentum_up": 0.06759433961843858, "mu_down": 0.2947408152714379, "mu_up": 0.00024648080533911477}, "datetime": {"datetime": "2024-06-09 20:58:37", "elapsed": 379.597575, "delta": 2.470149}}
{"target": -2300.0, "params": {"momentum_down": 0.08642728058160076, "momentum_up": 0.389209504255978, "mu_down": 0.08852372128768497, "mu_up": 0.0008788921756936988}, "datetime": {"datetime": "2024-06-09 20:58:39", "elapsed": 380.821883, "delta": 1.224308}}
{"target": -2030.2731139750992, "params": {"momentum_down": 0.1883141203503606, "momentum_up": 0.14361672125382072, "mu_down": 0.16104991359641802, "mu_up": 1.5563704914447716e-05}, "datetime": {"datetime": "2024-06-09 20:58:41", "elapsed": 382.796329, "delta": 1.974446}}
{"target": -2001.0261826709052, "params": {"momentum_down": 0.9193453657234486, "momentum_up": 0.11838584197389102, "mu_down": 0.1211119551255886, "mu_up": 0.00019110962266096827}, "datetime": {"datetime": "2024-06-09 20:58:43", "elapsed": 384.732411, "delta": 1.936082}}
{"target": -663.2099241080455, "params": {"momentum_down": 0.7952524371469757, "momentum_up": 0.9670827436416551, "mu_down": 0.08426301779698266, "mu_up": 0.0007197699696641456}, "datetime": {"datetime": "2024-06-09 20:58:45", "elapsed": 387.137796, "delta": 2.405385}}
{"target": -412.23440446647305, "params": {"momentum_down": 0.8330466288921848, "momentum_up": 0.953205306880416, "mu_down": 0.10390576835923002, "mu_up": 0.000523442263537587}, "datetime": {"datetime": "2024-06-09 20:58:47", "elapsed": 389.489841, "delta": 2.352045}}
{"target": -2300.0, "params": {"momentum_down": 0.7359840321066686, "momentum_up": 0.6414860117883662, "mu_down": 0.0682191468172041, "mu_up": 0.0008508532085886879}, "datetime": {"datetime": "2024-06-09 20:58:48", "elapsed": 390.401803, "delta": 0.911962}}
{"target": -2300.0, "params": {"momentum_down": 0.7105192014765527, "momentum_up": 0.10761042542930818, "mu_down": 0.18251630249922987, "mu_up": 0.00046690793708888475}, "datetime": {"datetime": "2024-06-09 20:58:49", "elapsed": 391.370297, "delta": 0.968494}}
{"target": -331.23553370553856, "params": {"momentum_down": 0.8154075146798702, "momentum_up": 0.9376320766183834, "mu_down": 0.14993606175283933, "mu_up": 0.0006873837892818613}, "datetime": {"datetime": "2024-06-09 20:58:51", "elapsed": 393.395536, "delta": 2.025239}}
{"target": -1035.291149402854, "params": {"momentum_down": 0.5822218409887693, "momentum_up": 0.7446393258845733, "mu_down": 0.200753058155576, "mu_up": 0.0001839246594482885}, "datetime": {"datetime": "2024-06-09 20:58:55", "elapsed": 396.844996, "delta": 3.44946}}
{"target": -2000.0335966057453, "params": {"momentum_down": 0.8180898391296113, "momentum_up": 0.9367891986251002, "mu_down": 0.15224324695571262, "mu_up": 6.797004981475374e-05}, "datetime": {"datetime": "2024-06-09 20:58:59", "elapsed": 401.202742, "delta": 4.357746}}
{"target": -1135.2930951619412, "params": {"momentum_down": 0.9489101818949779, "momentum_up": 0.6965719359513189, "mu_down": 0.0859353204251428, "mu_up": 0.00017690543333473074}, "datetime": {"datetime": "2024-06-09 20:59:01", "elapsed": 403.193267, "delta": 1.990525}}
{"target": -2300.0, "params": {"momentum_down": 0.42198835926083716, "momentum_up": 0.9849545908018937, "mu_down": 0.07694421671917688, "mu_up": 0.0004093730854029846}, "datetime": {"datetime": "2024-06-09 20:59:02", "elapsed": 403.962761, "delta": 0.769494}}
{"target": -2300.0, "params": {"momentum_down": 0.8653454656530603, "momentum_up": 0.15595433896179303, "mu_down": 0.1175706731346497, "mu_up": 0.00039421343252753617}, "datetime": {"datetime": "2024-06-09 20:59:03", "elapsed": 405.649487, "delta": 1.686726}}
{"target": -432.2589334804433, "params": {"momentum_down": 0.8397467126603498, "momentum_up": 0.9497841588922268, "mu_down": 0.0916305722509392, "mu_up": 0.00036238763947443243}, "datetime": {"datetime": "2024-06-09 20:59:06", "elapsed": 408.488904, "delta": 2.839417}}
{"target": -804.2786633848979, "params": {"momentum_down": 0.5825593284540983, "momentum_up": 0.8405838394096418, "mu_down": 0.12686640285881828, "mu_up": 0.0008875880811644119}, "datetime": {"datetime": "2024-06-09 20:59:09", "elapsed": 410.774955, "delta": 2.286051}}
{"target": -2300.0, "params": {"momentum_down": 0.8206664911877045, "momentum_up": 0.9570394244339365, "mu_down": 0.09026745285614418, "mu_up": 0.0007308558784472407}, "datetime": {"datetime": "2024-06-09 20:59:11", "elapsed": 413.002275, "delta": 2.22732}}
{"target": -603.2835147789008, "params": {"momentum_down": 0.45752968576331077, "momentum_up": 0.8182842727618138, "mu_down": 0.21302694107740278, "mu_up": 0.0007944071619460089}, "datetime": {"datetime": "2024-06-09 20:59:13", "elapsed": 414.842795, "delta": 1.84052}}
{"target": -2006.5507767330457, "params": {"momentum_down": 0.8157358410692211, "momentum_up": 0.8374464107285522, "mu_down": 0.19492750827903968, "mu_up": 1.3329494728961525e-05}, "datetime": {"datetime": "2024-06-09 20:59:16", "elapsed": 418.076764, "delta": 3.233969}}
{"target": -592.292935408901, "params": {"momentum_down": 0.5691354002590775, "momentum_up": 0.7442862246461988, "mu_down": 0.1977514459038463, "mu_up": 0.0004313016415526074}, "datetime": {"datetime": "2024-06-09 20:59:18", "elapsed": 420.324473, "delta": 2.247709}}
{"target": -1457.1880065471564, "params": {"momentum_down": 0.8114360676040714, "momentum_up": 0.9448170638222309, "mu_down": 0.09510551760709814, "mu_up": 3.095709032984915e-05}, "datetime": {"datetime": "2024-06-09 20:59:21", "elapsed": 423.690107, "delta": 3.365634}}
{"target": -2002.2011207715434, "params": {"momentum_down": 0.2215591107757532, "momentum_up": 0.23215756611222602, "mu_down": 0.11829576913230397, "mu_up": 0.00014289219794834973}, "datetime": {"datetime": "2024-06-09 20:59:24", "elapsed": 426.249597, "delta": 2.55949}}
{"target": -2300.0, "params": {"momentum_down": 0.1518309158383956, "momentum_up": 0.8658948696189772, "mu_down": 0.03457165295344661, "mu_up": 0.0007074277683606491}, "datetime": {"datetime": "2024-06-09 20:59:26", "elapsed": 428.562696, "delta": 2.313099}}
{"target": -2300.0, "params": {"momentum_down": 0.5703607797622735, "momentum_up": 0.7599686923880202, "mu_down": 0.2064430238329585, "mu_up": 0.0008830984295405157}, "datetime": {"datetime": "2024-06-09 20:59:29", "elapsed": 431.651068, "delta": 3.088372}}
{"target": -2001.490238353433, "params": {"momentum_down": 0.8123750560792828, "momentum_up": 0.9528094188405254, "mu_down": 0.0855646157955222, "mu_up": 1e-05}, "datetime": {"datetime": "2024-06-09 20:59:33", "elapsed": 435.007224, "delta": 3.356156}}
{"target": -1879.2946296687833, "params": {"momentum_down": 0.705578648115925, "momentum_up": 0.4328143438883705, "mu_down": 0.06336409985619548, "mu_up": 0.00023092424969240694}, "datetime": {"datetime": "2024-06-09 20:59:35", "elapsed": 437.090888, "delta": 2.083664}}
{"target": -2000.0319308047688, "params": {"momentum_down": 0.461835143178354, "momentum_up": 0.9481171284164702, "mu_down": 0.23390163913040796, "mu_up": 5.0556110465686e-05}, "datetime": {"datetime": "2024-06-09 20:59:39", "elapsed": 440.907541, "delta": 3.816653}}
{"target": -874.2963880391582, "params": {"momentum_down": 0.6234019263803275, "momentum_up": 0.38455761554516177, "mu_down": 0.1829043906482439, "mu_up": 0.0005710921888143335}, "datetime": {"datetime": "2024-06-09 20:59:40", "elapsed": 441.964031, "delta": 1.05649}}
{"target": -733.2948587871274, "params": {"momentum_down": 0.26203398047525656, "momentum_up": 0.8523154900733441, "mu_down": 0.2376418699510996, "mu_up": 0.0005366896663943704}, "datetime": {"datetime": "2024-06-09 20:59:41", "elapsed": 442.821118, "delta": 0.857087}}
{"target": -1135.299503298394, "params": {"momentum_down": 0.4488236564289403, "momentum_up": 0.4510373141781934, "mu_down": 0.12033201811548472, "mu_up": 0.0006355084095832378}, "datetime": {"datetime": "2024-06-09 20:59:42", "elapsed": 444.095638, "delta": 1.27452}}
{"target": -552.2949494749989, "params": {"momentum_down": 0.5719214865447607, "momentum_up": 0.7491439407987174, "mu_down": 0.18851856947716222, "mu_up": 0.0007401895748711229}, "datetime": {"datetime": "2024-06-09 20:59:44", "elapsed": 446.033192, "delta": 1.937554}}
{"target": -2300.0, "params": {"momentum_down": 0.7922763725857848, "momentum_up": 0.097945446967796, "mu_down": 0.1644872728908792, "mu_up": 0.0008473392516445673}, "datetime": {"datetime": "2024-06-09 20:59:45", "elapsed": 446.981889, "delta": 0.948697}}
{"target": -2300.0, "params": {"momentum_down": 0.39138851515149986, "momentum_up": 0.18780950060777507, "mu_down": 0.1269484441571578, "mu_up": 0.0008418996584626405}, "datetime": {"datetime": "2024-06-09 20:59:45", "elapsed": 447.312955, "delta": 0.331066}}
{"target": -2300.0, "params": {"momentum_down": 0.37605377918222754, "momentum_up": 0.08250007639225888, "mu_down": 0.09513238225187581, "mu_up": 0.0007494648114960287}, "datetime": {"datetime": "2024-06-09 20:59:46", "elapsed": 448.321291, "delta": 1.008336}}
{"target": -371.26094726307855, "params": {"momentum_down": 0.8223957928565931, "momentum_up": 0.9579070392590766, "mu_down": 0.11447571691416887, "mu_up": 0.00017668893831899703}, "datetime": {"datetime": "2024-06-09 20:59:48", "elapsed": 450.371259, "delta": 2.049968}}
{"target": -2300.0, "params": {"momentum_down": 0.8207974901346436, "momentum_up": 0.9468306211146899, "mu_down": 0.0940578545795968, "mu_up": 0.0009187027428406319}, "datetime": {"datetime": "2024-06-09 20:59:51", "elapsed": 453.079727, "delta": 2.708468}}
{"target": -422.2030642722707, "params": {"momentum_down": 0.8236406886340429, "momentum_up": 0.9573855747314279, "mu_down": 0.11071917593106693, "mu_up": 0.00033255272414021417}, "datetime": {"datetime": "2024-06-09 20:59:53", "elapsed": 455.048606, "delta": 1.968879}}
{"target": -2300.0, "params": {"momentum_down": 0.9832257243684829, "momentum_up": 0.11162410928322737, "mu_down": 0.1269745615011729, "mu_up": 0.0004569733621191581}, "datetime": {"datetime": "2024-06-09 20:59:55", "elapsed": 457.019209, "delta": 1.970603}}
{"target": -643.2790554401544, "params": {"momentum_down": 0.4980564775204274, "momentum_up": 0.8104937613418765, "mu_down": 0.1853146798986608, "mu_up": 0.0008175754277153271}, "datetime": {"datetime": "2024-06-09 20:59:56", "elapsed": 458.685936, "delta": 1.666727}}
{"target": -2300.0, "params": {"momentum_down": 0.5125180065317181, "momentum_up": 0.0673641591429492, "mu_down": 0.17888321944427854, "mu_up": 0.0005385622189369904}, "datetime": {"datetime": "2024-06-09 20:59:58", "elapsed": 459.806313, "delta": 1.120377}}
{"target": -2300.0, "params": {"momentum_down": 0.9404295325629521, "momentum_up": 0.9468016290639877, "mu_down": 0.01850757988214481, "mu_up": 0.0005753884082655584}, "datetime": {"datetime": "2024-06-09 20:59:59", "elapsed": 461.656232, "delta": 1.849919}}
{"target": -2032.6779265119953, "params": {"momentum_down": 0.6044205152458281, "momentum_up": 0.5990817623022969, "mu_down": 0.00934178931997759, "mu_up": 7.990686350885267e-05}, "datetime": {"datetime": "2024-06-09 21:00:03", "elapsed": 465.715498, "delta": 4.059266}}
{"target": -2001.4654749925044, "params": {"momentum_down": 0.5782574261087056, "momentum_up": 0.5578333172509204, "mu_down": 0.06437352250247684, "mu_up": 0.00010065118862548698}, "datetime": {"datetime": "2024-06-09 21:00:06", "elapsed": 468.56677, "delta": 2.851272}}
{"target": -452.28320977042176, "params": {"momentum_down": 0.4536914009903677, "momentum_up": 0.9556101938880954, "mu_down": 0.29210008242049107, "mu_up": 0.000373373173041391}, "datetime": {"datetime": "2024-06-09 21:00:08", "elapsed": 469.878089, "delta": 1.311319}}
{"target": -793.2803655983195, "params": {"momentum_down": 0.5832630977852583, "momentum_up": 0.8418399505708553, "mu_down": 0.12444926348618934, "mu_up": 0.00043096391528840277}, "datetime": {"datetime": "2024-06-09 21:00:09", "elapsed": 471.523139, "delta": 1.64505}}
{"target": -2002.096883567046, "params": {"momentum_down": 0.7166555302752792, "momentum_up": 0.2346446348891595, "mu_down": 0.1362015620971928, "mu_up": 0.000133667316416437}, "datetime": {"datetime": "2024-06-09 21:00:13", "elapsed": 474.835973, "delta": 3.312834}}
{"target": -402.29185078225095, "params": {"momentum_down": 0.8253972519192629, "momentum_up": 0.9508901903137412, "mu_down": 0.11264662645869147, "mu_up": 0.0005771017538628542}, "datetime": {"datetime": "2024-06-09 21:00:15", "elapsed": 477.152227, "delta": 2.316254}}
{"target": -2300.0, "params": {"momentum_down": 0.49797638197500704, "momentum_up": 0.9597501160409758, "mu_down": 0.02049138306216067, "mu_up": 7.19678421399486e-05}, "datetime": {"datetime": "2024-06-09 21:00:17", "elapsed": 478.863266, "delta": 1.711039}}
{"target": -2300.0, "params": {"momentum_down": 0.5068195300064015, "momentum_up": 0.1978156018342946, "mu_down": 0.2810010678883576, "mu_up": 0.0007671419582086424}, "datetime": {"datetime": "2024-06-09 21:00:19", "elapsed": 480.728352, "delta": 1.865086}}
{"target": -2300.0, "params": {"momentum_down": 0.8028014328685226, "momentum_up": 0.9495619648578255, "mu_down": 0.08153544586657051, "mu_up": 0.0007816980038252943}, "datetime": {"datetime": "2024-06-09 21:00:21", "elapsed": 483.143901, "delta": 2.415549}}
{"target": -2057.7390473324103, "params": {"momentum_down": 0.11459689328895642, "momentum_up": 0.6411579306066032, "mu_down": 0.017761931722232716, "mu_up": 1.3226261385997689e-05}, "datetime": {"datetime": "2024-06-09 21:00:24", "elapsed": 485.995098, "delta": 2.851197}}
{"target": -2000.756672066569, "params": {"momentum_down": 0.8400272366505437, "momentum_up": 0.4252877840162205, "mu_down": 0.050540187563431045, "mu_up": 0.00015189025297356583}, "datetime": {"datetime": "2024-06-09 21:00:26", "elapsed": 488.041764, "delta": 2.046666}}
{"target": -2003.9600011435355, "params": {"momentum_down": 0.36920749908791783, "momentum_up": 0.029242344790491592, "mu_down": 0.11383816502239878, "mu_up": 0.0001299424869416677}, "datetime": {"datetime": "2024-06-09 21:00:30", "elapsed": 492.099513, "delta": 4.057749}}
{"target": -2300.0, "params": {"momentum_down": 0.32902824826711097, "momentum_up": 0.42132919527502727, "mu_down": 0.14452695272405502, "mu_up": 0.0009062032294358626}, "datetime": {"datetime": "2024-06-09 21:00:31", "elapsed": 493.152198, "delta": 1.052685}}
{"target": -422.2979729956235, "params": {"momentum_down": 0.6267121418150002, "momentum_up": 0.7633944548861761, "mu_down": 0.29398497309287347, "mu_up": 0.000444220886756231}, "datetime": {"datetime": "2024-06-09 21:00:36", "elapsed": 497.729725, "delta": 4.577527}}
{"target": -562.2959926619543, "params": {"momentum_down": 0.5746368636861804, "momentum_up": 0.7410840497478018, "mu_down": 0.19577681453208035, "mu_up": 0.0005153815419110272}, "datetime": {"datetime": "2024-06-09 21:00:38", "elapsed": 500.685574, "delta": 2.955849}}
{"target": -2002.4028734355034, "params": {"momentum_down": 0.26001926967240124, "momentum_up": 0.7924526638331422, "mu_down": 0.05608304147237877, "mu_up": 0.00013928064877867088}, "datetime": {"datetime": "2024-06-09 21:00:41", "elapsed": 502.738734, "delta": 2.05316}}
{"target": -2013.0494045340702, "params": {"momentum_down": 0.27028292095486695, "momentum_up": 0.721655835024571, "mu_down": 0.2087767602547634, "mu_up": 1.676225825530087e-05}, "datetime": {"datetime": "2024-06-09 21:00:43", "elapsed": 504.846586, "delta": 2.107852}}
{"target": -643.2095406730953, "params": {"momentum_down": 0.8128472251332027, "momentum_up": 0.9657276808874669, "mu_down": 0.07976986224017842, "mu_up": 0.0005638021631772019}, "datetime": {"datetime": "2024-06-09 21:00:45", "elapsed": 507.035528, "delta": 2.188942}}
{"target": -1547.297321373849, "params": {"momentum_down": 0.30931524459715265, "momentum_up": 0.13590191050288772, "mu_down": 0.1400322584636319, "mu_up": 0.0004913831633788701}, "datetime": {"datetime": "2024-06-09 21:00:48", "elapsed": 509.747476, "delta": 2.711948}}
{"target": -2300.0, "params": {"momentum_down": 0.8514207863400254, "momentum_up": 0.30408540418556457, "mu_down": 0.2432024071111653, "mu_up": 0.0005690926752661701}, "datetime": {"datetime": "2024-06-09 21:00:48", "elapsed": 510.065804, "delta": 0.318328}}
{"target": -2000.4131107147477, "params": {"momentum_down": 0.4999334065717832, "momentum_up": 0.7223159010544384, "mu_down": 0.23997222834501059, "mu_up": 9.36790628529188e-05}, "datetime": {"datetime": "2024-06-09 21:00:53", "elapsed": 514.952221, "delta": 4.886417}}
{"target": -2300.0, "params": {"momentum_down": 0.7942318400592069, "momentum_up": 0.9611066081537796, "mu_down": 0.09254661963144616, "mu_up": 0.0008599679502939024}, "datetime": {"datetime": "2024-06-09 21:00:54", "elapsed": 516.337887, "delta": 1.385666}}
{"target": -2002.2135190778147, "params": {"momentum_down": 0.4654828434134891, "momentum_up": 0.24480490757750514, "mu_down": 0.08156691223515063, "mu_up": 0.00013984613027456653}, "datetime": {"datetime": "2024-06-09 21:00:57", "elapsed": 519.372806, "delta": 3.034919}}
