{"target": -2002.4741216208524, "params": {"mu_down": 0.17370791853479492, "mu_up": 0.0004907165335004105}, "datetime": {"datetime": "2024-07-12 00:19:46", "elapsed": 2535.090738, "delta": 9.509412}}
{"target": -1889.2951944522813, "params": {"mu_down": 0.17623015014281027, "mu_up": 0.00045356369995913854}, "datetime": {"datetime": "2024-07-12 00:19:55", "elapsed": 2544.141733, "delta": 9.050995}}
{"target": -1889.2992932463492, "params": {"mu_down": 0.18666723568415466, "mu_up": 0.0004478762163497043}, "datetime": {"datetime": "2024-07-12 00:20:06", "elapsed": 2554.354052, "delta": 10.212319}}
{"target": -2004.1348599183839, "params": {"mu_down": 0.09573336279605278, "mu_up": 0.0001742033137350548}, "datetime": {"datetime": "2024-07-12 00:20:16", "elapsed": 2565.142452, "delta": 10.7884}}
{"target": -1899.2965393948248, "params": {"mu_down": 0.17613209485207582, "mu_up": 0.00046820052127366166}, "datetime": {"datetime": "2024-07-12 00:20:26", "elapsed": 2575.157155, "delta": 10.014703}}
{"target": -2001.0300997937613, "params": {"mu_down": 0.19340890079973538, "mu_up": 0.0002456479619740251}, "datetime": {"datetime": "2024-07-12 00:20:39", "elapsed": 2587.55312, "delta": 12.395965}}
{"target": -1879.2966035215, "params": {"mu_down": 0.17374902557118455, "mu_up": 0.0004681897140304428}, "datetime": {"datetime": "2024-07-12 00:20:56", "elapsed": 2605.134546, "delta": 17.581426}}
{"target": -2000.486960715113, "params": {"mu_down": 0.18244444137223204, "mu_up": 0.00033168657608422}, "datetime": {"datetime": "2024-07-12 00:21:10", "elapsed": 2618.892946, "delta": 13.7584}}
{"target": -1919.296051659459, "params": {"mu_down": 0.17369813474601303, "mu_up": 0.0004612036012347196}, "datetime": {"datetime": "2024-07-12 00:21:25", "elapsed": 2633.278323, "delta": 14.385377}}
{"target": -2001.2439250143066, "params": {"mu_down": 0.17367169801042634, "mu_up": 0.0004921920611817739}, "datetime": {"datetime": "2024-07-12 00:21:39", "elapsed": 2647.626083, "delta": 14.34776}}
{"target": -1919.296310372627, "params": {"mu_down": 0.1866207245520319, "mu_up": 0.00045939851329056985}, "datetime": {"datetime": "2024-07-12 00:21:52", "elapsed": 2660.415215, "delta": 12.789132}}
{"target": -1899.2977261624878, "params": {"mu_down": 0.17651306391642346, "mu_up": 0.0004658806213761502}, "datetime": {"datetime": "2024-07-12 00:22:10", "elapsed": 2678.472123, "delta": 18.056908}}
{"target": -2010.601950406367, "params": {"mu_down": 0.04829675894303993, "mu_up": 0.0002591738624404705}, "datetime": {"datetime": "2024-07-12 00:22:21", "elapsed": 2690.037886, "delta": 11.565763}}
{"target": -2011.5446644725453, "params": {"mu_down": 0.1289395385898641, "mu_up": 6.38495636232713e-05}, "datetime": {"datetime": "2024-07-12 00:22:37", "elapsed": 2706.19335, "delta": 16.155464}}
{"target": -1919.2948894820772, "params": {"mu_down": 0.17655214397202607, "mu_up": 0.0004421285270662334}, "datetime": {"datetime": "2024-07-12 00:22:52", "elapsed": 2721.142905, "delta": 14.949555}}
{"target": -1879.296498289966, "params": {"mu_down": 0.1736756302665495, "mu_up": 0.00046844583654547114}, "datetime": {"datetime": "2024-07-12 00:23:04", "elapsed": 2732.731743, "delta": 11.588838}}
{"target": -1899.2997398976715, "params": {"mu_down": 0.1737649356643827, "mu_up": 0.0004768236242655053}, "datetime": {"datetime": "2024-07-12 00:23:17", "elapsed": 2745.534575, "delta": 12.802832}}
{"target": -1929.2976741431557, "params": {"mu_down": 0.17375367253036889, "mu_up": 0.00044620184356433207}, "datetime": {"datetime": "2024-07-12 00:23:27", "elapsed": 2755.424656, "delta": 9.890081}}
{"target": -1919.2952398405346, "params": {"mu_down": 0.1740526660401965, "mu_up": 0.00046250300090370253}, "datetime": {"datetime": "2024-07-12 00:23:39", "elapsed": 2768.199223, "delta": 12.774567}}
{"target": -1879.2956598700691, "params": {"mu_down": 0.18650970055464258, "mu_up": 0.00044560781758647654}, "datetime": {"datetime": "2024-07-12 00:23:54", "elapsed": 2783.192042, "delta": 14.992819}}
{"target": -2010.7113393348254, "params": {"mu_down": 0.13624136955145605, "mu_up": 6.746671055264615e-05}, "datetime": {"datetime": "2024-07-12 00:24:07", "elapsed": 2795.360362, "delta": 12.16832}}
{"target": -1909.2982133278663, "params": {"mu_down": 0.1996981943495831, "mu_up": 0.00046408544571076716}, "datetime": {"datetime": "2024-07-12 00:24:19", "elapsed": 2808.094325, "delta": 12.733963}}
{"target": -1899.2993160160115, "params": {"mu_down": 0.19971905979529891, "mu_up": 0.00045368424409271375}, "datetime": {"datetime": "2024-07-12 00:24:38", "elapsed": 2826.630613, "delta": 18.536288}}
{"target": -1959.2977879239381, "params": {"mu_down": 0.19966135422842374, "mu_up": 0.0004142415260852229}, "datetime": {"datetime": "2024-07-12 00:24:51", "elapsed": 2839.732046, "delta": 13.101433}}
{"target": -2300.0, "params": {"mu_down": 0.19984638244011896, "mu_up": 0.0004941374103208068}, "datetime": {"datetime": "2024-07-12 00:25:00", "elapsed": 2848.56358, "delta": 8.831534}}
{"target": -1879.2978170603521, "params": {"mu_down": 0.18648175614879803, "mu_up": 0.0004442319497533688}, "datetime": {"datetime": "2024-07-12 00:25:11", "elapsed": 2859.947436, "delta": 11.383856}}
{"target": -1909.2982524388185, "params": {"mu_down": 0.19967181161432065, "mu_up": 0.00046302506459402077}, "datetime": {"datetime": "2024-07-12 00:25:20", "elapsed": 2869.146036, "delta": 9.1986}}
{"target": -2300.0, "params": {"mu_down": 0.19966073773999812, "mu_up": 0.0004864094711488229}, "datetime": {"datetime": "2024-07-12 00:25:31", "elapsed": 2879.287652, "delta": 10.141616}}
{"target": -1919.299191572653, "params": {"mu_down": 0.17396320482770017, "mu_up": 0.00042261701084904716}, "datetime": {"datetime": "2024-07-12 00:25:47", "elapsed": 2895.812823, "delta": 16.525171}}
{"target": -2000.310937527252, "params": {"mu_down": 0.19971213018208103, "mu_up": 0.00037942698670874534}, "datetime": {"datetime": "2024-07-12 00:25:59", "elapsed": 2907.828798, "delta": 12.015975}}
{"target": -1889.2980194928846, "params": {"mu_down": 0.199707695908131, "mu_up": 0.000440773513721282}, "datetime": {"datetime": "2024-07-12 00:26:12", "elapsed": 2920.539185, "delta": 12.710387}}
{"target": -2011.8952447446934, "params": {"mu_down": 0.17545200030132901, "mu_up": 0.0005}, "datetime": {"datetime": "2024-07-12 00:26:22", "elapsed": 2930.57069, "delta": 10.031505}}
{"target": -1949.2969143218136, "params": {"mu_down": 0.19968749543131892, "mu_up": 0.00041883534492855886}, "datetime": {"datetime": "2024-07-12 00:26:35", "elapsed": 2943.292082, "delta": 12.721392}}
{"target": -1879.2997515515929, "params": {"mu_down": 0.18650954310767406, "mu_up": 0.00046430939072916256}, "datetime": {"datetime": "2024-07-12 00:26:47", "elapsed": 2955.269866, "delta": 11.977784}}
{"target": -2000.7098283585956, "params": {"mu_down": 0.13292092311743084, "mu_up": 0.0003362603566046694}, "datetime": {"datetime": "2024-07-12 00:27:01", "elapsed": 2969.414723, "delta": 14.144857}}
{"target": -1909.2961099476943, "params": {"mu_down": 0.1864633672590283, "mu_up": 0.0004363139692858691}, "datetime": {"datetime": "2024-07-12 00:27:18", "elapsed": 2987.211425, "delta": 17.796702}}
{"target": -1939.2972855224934, "params": {"mu_down": 0.18633237233134103, "mu_up": 0.0004060961302742136}, "datetime": {"datetime": "2024-07-12 00:27:33", "elapsed": 3001.755427, "delta": 14.544002}}
{"target": -1879.2996220376556, "params": {"mu_down": 0.1996838184086294, "mu_up": 0.0004419143000641868}, "datetime": {"datetime": "2024-07-12 00:27:51", "elapsed": 3019.518184, "delta": 17.762757}}
{"target": -1909.299902582079, "params": {"mu_down": 0.1864860313061567, "mu_up": 0.0004582501900090786}, "datetime": {"datetime": "2024-07-12 00:28:03", "elapsed": 3031.492106, "delta": 11.973922}}
{"target": -1969.2987589893723, "params": {"mu_down": 0.18629122001141157, "mu_up": 0.0003970875519582752}, "datetime": {"datetime": "2024-07-12 00:28:18", "elapsed": 3047.114447, "delta": 15.622341}}
{"target": -1909.2994818467516, "params": {"mu_down": 0.18652500532706875, "mu_up": 0.0004672730010923093}, "datetime": {"datetime": "2024-07-12 00:28:28", "elapsed": 3057.08691, "delta": 9.972463}}
{"target": -1889.2982845993192, "params": {"mu_down": 0.1866812647094244, "mu_up": 0.000447571458567618}, "datetime": {"datetime": "2024-07-12 00:28:43", "elapsed": 3072.1855, "delta": 15.09859}}
{"target": -2004.486689297377, "params": {"mu_down": 0.10873069174222749, "mu_up": 0.0001493830019603262}, "datetime": {"datetime": "2024-07-12 00:28:55", "elapsed": 3083.481591, "delta": 11.296091}}
{"target": -1879.2998907065385, "params": {"mu_down": 0.199747618713312, "mu_up": 0.00043565736014487935}, "datetime": {"datetime": "2024-07-12 00:29:10", "elapsed": 3099.207228, "delta": 15.725637}}
{"target": -2000.371802923937, "params": {"mu_down": 0.18637144247278317, "mu_up": 0.0003643550724252436}, "datetime": {"datetime": "2024-07-12 00:29:23", "elapsed": 3111.493011, "delta": 12.285783}}
{"target": -1929.2988079558197, "params": {"mu_down": 0.17658505607742703, "mu_up": 0.00047177883711558926}, "datetime": {"datetime": "2024-07-12 00:29:42", "elapsed": 3130.430096, "delta": 18.937085}}
{"target": -1929.2987160734301, "params": {"mu_down": 0.17372589311993686, "mu_up": 0.0004706191080198261}, "datetime": {"datetime": "2024-07-12 00:29:59", "elapsed": 3147.658233, "delta": 17.228137}}
{"target": -1899.2966347359886, "params": {"mu_down": 0.18632605398380145, "mu_up": 0.00044530200233737635}, "datetime": {"datetime": "2024-07-12 00:30:15", "elapsed": 3164.071605, "delta": 16.413372}}
{"target": -1889.2965103174638, "params": {"mu_down": 0.17651593510430277, "mu_up": 0.0004521212499765076}, "datetime": {"datetime": "2024-07-12 00:30:25", "elapsed": 3173.51496, "delta": 9.443355}}
{"target": -1879.29880086921, "params": {"mu_down": 0.19974933989318375, "mu_up": 0.0004492685985683416}, "datetime": {"datetime": "2024-07-12 00:30:35", "elapsed": 3183.898157, "delta": 10.383197}}
{"target": -1929.2970467341233, "params": {"mu_down": 0.16690998712290733, "mu_up": 0.0004677558470086529}, "datetime": {"datetime": "2024-07-12 00:30:56", "elapsed": 3204.385369, "delta": 20.487212}}
{"target": -1869.298850512609, "params": {"mu_down": 0.18634345762953494, "mu_up": 0.0004472838457485041}, "datetime": {"datetime": "2024-07-12 00:31:08", "elapsed": 3216.369093, "delta": 11.983724}}
{"target": -1909.299522411174, "params": {"mu_down": 0.18634538108121632, "mu_up": 0.00046727690135641396}, "datetime": {"datetime": "2024-07-12 00:31:23", "elapsed": 3231.416773, "delta": 15.04768}}
{"target": -1939.2964039655212, "params": {"mu_down": 0.18635964550259032, "mu_up": 0.0004242758412764144}, "datetime": {"datetime": "2024-07-12 00:31:38", "elapsed": 3246.292354, "delta": 14.875581}}
{"target": -1879.2990519386942, "params": {"mu_down": 0.18656669440854812, "mu_up": 0.00046081820746128886}, "datetime": {"datetime": "2024-07-12 00:31:53", "elapsed": 3261.996614, "delta": 15.70426}}
{"target": -1919.2971865856023, "params": {"mu_down": 0.19977281251907117, "mu_up": 0.00043143153562460746}, "datetime": {"datetime": "2024-07-12 00:32:07", "elapsed": 3275.644059, "delta": 13.647445}}
{"target": -1919.294865313494, "params": {"mu_down": 0.18649191859644199, "mu_up": 0.00041267736516440644}, "datetime": {"datetime": "2024-07-12 00:32:20", "elapsed": 3288.428636, "delta": 12.784577}}
{"target": -2300.0, "params": {"mu_down": 0.18300600240343928, "mu_up": 0.0005}, "datetime": {"datetime": "2024-07-12 00:32:30", "elapsed": 3298.50851, "delta": 10.079874}}
{"target": -2033.4722132688328, "params": {"mu_down": 0.19259906475446087, "mu_up": 1.4888712188142643e-05}, "datetime": {"datetime": "2024-07-12 00:32:42", "elapsed": 3310.880359, "delta": 12.371849}}
{"target": -1879.2977231028692, "params": {"mu_down": 0.18638986181483333, "mu_up": 0.00045287904999322706}, "datetime": {"datetime": "2024-07-12 00:32:56", "elapsed": 3325.013268, "delta": 14.132909}}
{"target": -2002.7022196329788, "params": {"mu_down": 0.19976019207625445, "mu_up": 0.0004750091352852071}, "datetime": {"datetime": "2024-07-12 00:33:07", "elapsed": 3336.094277, "delta": 11.081009}}
{"target": -1889.2978786289523, "params": {"mu_down": 0.18638280076864347, "mu_up": 0.0004415851358772987}, "datetime": {"datetime": "2024-07-12 00:33:24", "elapsed": 3353.134131, "delta": 17.039854}}
{"target": -1879.298948504634, "params": {"mu_down": 0.1865532794465426, "mu_up": 0.00045847605963691333}, "datetime": {"datetime": "2024-07-12 00:33:39", "elapsed": 3367.654196, "delta": 14.520065}}
{"target": -1879.2982300156857, "params": {"mu_down": 0.17581291285246342, "mu_up": 0.00045610133463624356}, "datetime": {"datetime": "2024-07-12 00:33:49", "elapsed": 3377.568502, "delta": 9.914306}}
{"target": -1919.2960811399653, "params": {"mu_down": 0.18637386138830644, "mu_up": 0.0004585406729915128}, "datetime": {"datetime": "2024-07-12 00:34:01", "elapsed": 3389.57618, "delta": 12.007678}}
{"target": -1929.2978868127636, "params": {"mu_down": 0.1997265571282445, "mu_up": 0.00042746729362563325}, "datetime": {"datetime": "2024-07-12 00:34:14", "elapsed": 3402.736105, "delta": 13.159925}}
{"target": -1879.2949101366862, "params": {"mu_down": 0.1758022363916721, "mu_up": 0.00045915990701517396}, "datetime": {"datetime": "2024-07-12 00:34:28", "elapsed": 3416.851116, "delta": 14.115011}}
{"target": -1929.2941400420893, "params": {"mu_down": 0.18639297659871285, "mu_up": 0.0004105640376737499}, "datetime": {"datetime": "2024-07-12 00:34:40", "elapsed": 3428.819697, "delta": 11.968581}}
{"target": -1869.2994110381692, "params": {"mu_down": 0.18644310783960394, "mu_up": 0.00044680886173121496}, "datetime": {"datetime": "2024-07-12 00:34:54", "elapsed": 3442.278628, "delta": 13.458931}}
{"target": -1879.298972089446, "params": {"mu_down": 0.18639468622245237, "mu_up": 0.00046539574678320907}, "datetime": {"datetime": "2024-07-12 00:35:05", "elapsed": 3453.80207, "delta": 11.523442}}
{"target": -1879.2992050763714, "params": {"mu_down": 0.18630589004422882, "mu_up": 0.00046080744693306644}, "datetime": {"datetime": "2024-07-12 00:35:18", "elapsed": 3466.315304, "delta": 12.513234}}
{"target": -2014.1793744796685, "params": {"mu_down": 0.18379000953422356, "mu_up": 0.0005}, "datetime": {"datetime": "2024-07-12 00:35:28", "elapsed": 3476.530336, "delta": 10.215032}}
{"target": -1889.2958268100435, "params": {"mu_down": 0.18619494251524332, "mu_up": 0.00045045184706079324}, "datetime": {"datetime": "2024-07-12 00:35:48", "elapsed": 3496.518985, "delta": 19.988649}}
{"target": -1919.2956691923578, "params": {"mu_down": 0.1864130227633342, "mu_up": 0.00043981031492170883}, "datetime": {"datetime": "2024-07-12 00:35:59", "elapsed": 3508.070138, "delta": 11.551153}}
{"target": -2014.1871957547764, "params": {"mu_down": 0.1838748382557819, "mu_up": 0.0005}, "datetime": {"datetime": "2024-07-12 00:36:10", "elapsed": 3518.806538, "delta": 10.7364}}
{"target": -1959.2982361910406, "params": {"mu_down": 0.18611531607079448, "mu_up": 0.0004232501591527532}, "datetime": {"datetime": "2024-07-12 00:36:26", "elapsed": 3534.328466, "delta": 15.521928}}
{"target": -1869.294839445581, "params": {"mu_down": 0.18654375229466505, "mu_up": 0.00045116110389511186}, "datetime": {"datetime": "2024-07-12 00:36:46", "elapsed": 3554.72942, "delta": 20.400954}}
{"target": -1919.2981857610241, "params": {"mu_down": 0.18619883040973317, "mu_up": 0.0004696840726363633}, "datetime": {"datetime": "2024-07-12 00:36:59", "elapsed": 3568.16361, "delta": 13.43419}}
