{"target": -150.25107780063624, "params": {"momentum_down": 0.5835126000123464, "momentum_up": 0.8894339780691722, "mu_down": 0.10968142754844601, "mu_up": 0.00011767540618419678}, "datetime": {"datetime": "2024-06-09 19:33:29", "elapsed": 308.324543, "delta": 1.765981}}
{"target": -603.2879500827007, "params": {"momentum_down": 0.11796086306142142, "momentum_up": 0.7364218048956758, "mu_down": 0.017705618048453997, "mu_up": 0.008149769214515679}, "datetime": {"datetime": "2024-06-09 19:33:29", "elapsed": 309.15759, "delta": 0.833047}}
{"target": -2300.0, "params": {"momentum_down": 0.3675550730634178, "momentum_up": 0.42566100264446527, "mu_down": 0.4601225787094416, "mu_up": 0.0022238895661270417}, "datetime": {"datetime": "2024-06-09 19:33:32", "elapsed": 312.261239, "delta": 3.103649}}
{"target": -50.16650848147365, "params": {"momentum_down": 0.1702926760465079, "momentum_up": 0.15205783517574575, "mu_down": 0.2747436362259379, "mu_up": 0.0034812302592921803}, "datetime": {"datetime": "2024-06-09 19:33:33", "elapsed": 312.744035, "delta": 0.482796}}
{"target": -130.26784565249835, "params": {"momentum_down": 0.503806329694016, "momentum_up": 0.1692908511037596, "mu_down": 0.38684714072109827, "mu_up": 0.0008587563480511165}, "datetime": {"datetime": "2024-06-09 19:33:35", "elapsed": 314.593398, "delta": 1.849363}}
{"target": -30.05331269665505, "params": {"momentum_down": 0.36647844990345085, "momentum_up": 0.7235823562779767, "mu_down": 0.414173240690122, "mu_up": 0.0033005322625692985}, "datetime": {"datetime": "2024-06-09 19:33:36", "elapsed": 316.072873, "delta": 1.479475}}
{"target": -30.17928993058688, "params": {"momentum_down": 0.17121933085326987, "momentum_up": 0.3113357800893529, "mu_down": 0.3854035513738553, "mu_up": 0.008867713670220665}, "datetime": {"datetime": "2024-06-09 19:33:38", "elapsed": 317.931839, "delta": 1.858966}}
{"target": -40.14369926608334, "params": {"momentum_down": 0.10191185236139821, "momentum_up": 0.8454789244283594, "mu_down": 0.3436779984942969, "mu_up": 0.007729149967284123}, "datetime": {"datetime": "2024-06-09 19:33:42", "elapsed": 321.304963, "delta": 3.373124}}
{"target": -281.2978826962894, "params": {"momentum_down": 0.788998895493494, "momentum_up": 0.07355097456165527, "mu_down": 0.05132608177158937, "mu_up": 0.0004532520996136735}, "datetime": {"datetime": "2024-06-09 19:33:44", "elapsed": 323.493952, "delta": 2.188989}}
{"target": -2313.976157139886, "params": {"momentum_down": 0.5828996177245865, "momentum_up": 0.9595442136715865, "mu_down": 0.20440113156611944, "mu_up": 0.0056530205259232545}, "datetime": {"datetime": "2024-06-09 19:33:49", "elapsed": 328.588288, "delta": 5.094336}}
{"target": -2297.0629542056568, "params": {"momentum_down": 0.2987932782946688, "momentum_up": 0.9759034959507558, "mu_down": 0.19058780580273232, "mu_up": 0.004134474247928255}, "datetime": {"datetime": "2024-06-09 19:33:53", "elapsed": 332.956561, "delta": 4.368273}}
{"target": -2300.0, "params": {"momentum_down": 0.973297009281901, "momentum_up": 0.479064563746428, "mu_down": 0.15613493738575307, "mu_up": 0.0018278366893592925}, "datetime": {"datetime": "2024-06-09 19:33:56", "elapsed": 335.566691, "delta": 2.61013}}
{"target": -50.179405962039894, "params": {"momentum_down": 0.3880148667963554, "momentum_up": 0.3297742095527409, "mu_down": 0.17381547704005934, "mu_up": 0.007112477760396807}, "datetime": {"datetime": "2024-06-09 19:33:56", "elapsed": 336.116879, "delta": 0.550188}}
{"target": -20.1493207042083, "params": {"momentum_down": 0.7609390943493557, "momentum_up": 0.3205797793272252, "mu_down": 0.4729700914322955, "mu_up": 0.00496671487246049}, "datetime": {"datetime": "2024-06-09 19:33:57", "elapsed": 336.471797, "delta": 0.354918}}
{"target": -50.23226798808338, "params": {"momentum_down": 0.00896265627384239, "momentum_up": 0.41089230660644394, "mu_down": 0.29432625825201947, "mu_up": 0.0021614922841489068}, "datetime": {"datetime": "2024-06-09 19:33:58", "elapsed": 338.233716, "delta": 1.761919}}
{"target": -60.23516436475478, "params": {"momentum_down": 0.06442533284706768, "momentum_up": 0.7931496331134852, "mu_down": 0.19841226246513133, "mu_up": 0.006411841818896602}, "datetime": {"datetime": "2024-06-09 19:34:00", "elapsed": 339.931631, "delta": 1.697915}}
{"target": -100.27241804085055, "params": {"momentum_down": 0.15918166800230915, "momentum_up": 0.05130834524754781, "mu_down": 0.11601037283531213, "mu_up": 0.002736446169091347}, "datetime": {"datetime": "2024-06-09 19:34:04", "elapsed": 343.45834, "delta": 3.526709}}
{"target": -291.237089374393, "params": {"momentum_down": 0.7734703345691529, "momentum_up": 0.9023103491825614, "mu_down": 0.44306586668822123, "mu_up": 0.008179306291560395}, "datetime": {"datetime": "2024-06-09 19:34:06", "elapsed": 345.511295, "delta": 2.052955}}
{"target": -2319.371438210197, "params": {"momentum_down": 0.4249954457747292, "momentum_up": 0.9464224241492313, "mu_down": 0.259017297760208, "mu_up": 0.003410768856503021}, "datetime": {"datetime": "2024-06-09 19:34:08", "elapsed": 347.751084, "delta": 2.239789}}
{"target": -30.159222435869864, "params": {"momentum_down": 0.8031103988752587, "momentum_up": 0.678660807268105, "mu_down": 0.11316925134246336, "mu_up": 0.0017601221312366817}, "datetime": {"datetime": "2024-06-09 19:34:11", "elapsed": 351.286421, "delta": 3.535337}}
{"target": -2300.0, "params": {"momentum_down": 0.7862678356282313, "momentum_up": 0.9753602393426556, "mu_down": 0.20377974514371033, "mu_up": 0.008628928421945257}, "datetime": {"datetime": "2024-06-09 19:34:14", "elapsed": 353.387107, "delta": 2.100686}}
{"target": -30.02052016424058, "params": {"momentum_down": 0.8953736904521978, "momentum_up": 0.7199472518679262, "mu_down": 0.08886313229454129, "mu_up": 0.004194604680032436}, "datetime": {"datetime": "2024-06-09 19:34:14", "elapsed": 353.892459, "delta": 0.505352}}
{"target": -50.149543926294115, "params": {"momentum_down": 0.426728272074828, "momentum_up": 0.051166849711101574, "mu_down": 0.17413756988840762, "mu_up": 0.007831377519789679}, "datetime": {"datetime": "2024-06-09 19:34:15", "elapsed": 355.23258, "delta": 1.340121}}
{"target": -30.26061063576279, "params": {"momentum_down": 0.2454424978545151, "momentum_up": 0.3075869426532162, "mu_down": 0.34646511125171814, "mu_up": 0.0037000367255144474}, "datetime": {"datetime": "2024-06-09 19:34:17", "elapsed": 357.152732, "delta": 1.920152}}
{"target": -20.008200221802923, "params": {"momentum_down": 0.7856479281109087, "momentum_up": 0.515860174249373, "mu_down": 0.31448792986276763, "mu_up": 0.009080498222770574}, "datetime": {"datetime": "2024-06-09 19:34:19", "elapsed": 359.057456, "delta": 1.904724}}
{"target": -341.28221310310204, "params": {"momentum_down": 0.7774298773641901, "momentum_up": 0.9516393908736086, "mu_down": 0.26129224728774414, "mu_up": 0.0014000186913212562}, "datetime": {"datetime": "2024-06-09 19:34:20", "elapsed": 359.901926, "delta": 0.84447}}
{"target": -20.287536168395963, "params": {"momentum_down": 0.5430722362435687, "momentum_up": 0.7359915942981113, "mu_down": 0.2923773484750623, "mu_up": 0.007474400819064532}, "datetime": {"datetime": "2024-06-09 19:34:22", "elapsed": 361.781632, "delta": 1.879706}}
{"target": -2064.9974987834626, "params": {"momentum_down": 0.37340016094767153, "momentum_up": 0.9456334980370121, "mu_down": 0.16610139967901144, "mu_up": 0.005257106338299547}, "datetime": {"datetime": "2024-06-09 19:34:26", "elapsed": 365.499876, "delta": 3.718244}}
{"target": -2300.0, "params": {"momentum_down": 0.14767890969559325, "momentum_up": 0.06320834995868181, "mu_down": 0.48665862291622064, "mu_up": 0.0008956199817861235}, "datetime": {"datetime": "2024-06-09 19:34:27", "elapsed": 367.04489, "delta": 1.545014}}
{"target": -30.171914629336655, "params": {"momentum_down": 0.8140021566130436, "momentum_up": 0.28773454501544643, "mu_down": 0.12617074240014953, "mu_up": 0.003268606916027015}, "datetime": {"datetime": "2024-06-09 19:34:29", "elapsed": 368.951794, "delta": 1.906904}}
{"target": -30.104567519762465, "params": {"momentum_down": 0.8901280786879918, "momentum_up": 0.361195968765331, "mu_down": 0.08678403796419648, "mu_up": 0.0032670741744640235}, "datetime": {"datetime": "2024-06-09 19:34:34", "elapsed": 373.402602, "delta": 4.450808}}
{"target": -50.15348242335536, "params": {"momentum_down": 0.08495941621070574, "momentum_up": 0.07548188648863025, "mu_down": 0.2767355945551917, "mu_up": 0.007868914587039604}, "datetime": {"datetime": "2024-06-09 19:34:36", "elapsed": 375.427928, "delta": 2.025326}}
{"target": -371.2819391281438, "params": {"momentum_down": 0.2153101739151696, "momentum_up": 0.5854736119164935, "mu_down": 0.025816289121674607, "mu_up": 0.00856325673561702}, "datetime": {"datetime": "2024-06-09 19:34:36", "elapsed": 376.114394, "delta": 0.686466}}
{"target": -20.257420309273904, "params": {"momentum_down": 0.37028243843903946, "momentum_up": 0.1206770227938465, "mu_down": 0.4424457363853096, "mu_up": 0.006398122886494157}, "datetime": {"datetime": "2024-06-09 19:34:38", "elapsed": 377.743188, "delta": 1.628794}}
{"target": -3019.3689678520086, "params": {"momentum_down": 0.27194557059347724, "momentum_up": 0.9560310211952293, "mu_down": 0.025721905121483812, "mu_up": 0.0010256260320565284}, "datetime": {"datetime": "2024-06-09 19:34:40", "elapsed": 379.876543, "delta": 2.133355}}
{"target": -2473.7874481577624, "params": {"momentum_down": 0.8393604380205749, "momentum_up": 0.7829327100304232, "mu_down": 0.34702629876071, "mu_up": 0.009658595848794195}, "datetime": {"datetime": "2024-06-09 19:34:44", "elapsed": 383.671335, "delta": 3.794792}}
{"target": -80.27595518055466, "params": {"momentum_down": 0.9347706564334622, "momentum_up": 0.5460201264051565, "mu_down": 0.36683729814999805, "mu_up": 0.0020816842524914152}, "datetime": {"datetime": "2024-06-09 19:34:46", "elapsed": 385.710027, "delta": 2.038692}}
{"target": -40.23644718312268, "params": {"momentum_down": 0.14196957950014708, "momentum_up": 0.49647270530915666, "mu_down": 0.2835736267208992, "mu_up": 0.006132606005782939}, "datetime": {"datetime": "2024-06-09 19:34:48", "elapsed": 387.646235, "delta": 1.936208}}
{"target": -70.2005579631978, "params": {"momentum_down": 0.3941129598411634, "momentum_up": 0.1651438188812139, "mu_down": 0.1219093802845776, "mu_up": 0.005627648753662394}, "datetime": {"datetime": "2024-06-09 19:34:48", "elapsed": 388.245789, "delta": 0.599554}}
{"target": -281.2789382538054, "params": {"momentum_down": 0.7509828998288439, "momentum_up": 0.08724423301284054, "mu_down": 0.16295854387113035, "mu_up": 0.00041588300385036016}, "datetime": {"datetime": "2024-06-09 19:34:51", "elapsed": 390.555613, "delta": 2.309824}}
{"target": -110.26253159906798, "params": {"momentum_down": 0.12236012140764402, "momentum_up": 0.6314817520762304, "mu_down": 0.09594919690362497, "mu_up": 0.008913192371534805}, "datetime": {"datetime": "2024-06-09 19:34:51", "elapsed": 391.074625, "delta": 0.519012}}
{"target": -2300.0, "params": {"momentum_down": 0.01912183165149033, "momentum_up": 0.34568159953069905, "mu_down": 0.3817787924854534, "mu_up": 0.0029412724659894553}, "datetime": {"datetime": "2024-06-09 19:34:54", "elapsed": 394.180115, "delta": 3.10549}}
{"target": -2300.0, "params": {"momentum_down": 0.9649123245203627, "momentum_up": 0.9079523030009918, "mu_down": 0.4724916043524427, "mu_up": 0.004984653324085147}, "datetime": {"datetime": "2024-06-09 19:34:57", "elapsed": 396.398145, "delta": 2.21803}}
{"target": -30.162741749721608, "params": {"momentum_down": 0.3681776501920438, "momentum_up": 0.040046895714342855, "mu_down": 0.33556131270477113, "mu_up": 0.006432322937285838}, "datetime": {"datetime": "2024-06-09 19:34:59", "elapsed": 398.862581, "delta": 2.464436}}
{"target": -80.2380363739736, "params": {"momentum_down": 0.7688518183908045, "momentum_up": 0.13468566189180584, "mu_down": 0.28682032454473366, "mu_up": 0.0014595486457099336}, "datetime": {"datetime": "2024-06-09 19:35:00", "elapsed": 399.480999, "delta": 0.618418}}
{"target": -2300.0, "params": {"momentum_down": 0.9665597383947555, "momentum_up": 0.5162639692487824, "mu_down": 0.49192215190528094, "mu_up": 0.009465393377397794}, "datetime": {"datetime": "2024-06-09 19:35:03", "elapsed": 402.780399, "delta": 3.2994}}
{"target": -2328.8724140555432, "params": {"momentum_down": 0.7566723830740333, "momentum_up": 0.8406830088521651, "mu_down": 0.4503394223367738, "mu_up": 0.009823953382546055}, "datetime": {"datetime": "2024-06-09 19:35:07", "elapsed": 406.489838, "delta": 3.709439}}
{"target": -2300.0, "params": {"momentum_down": 0.2614559515954599, "momentum_up": 0.3526514795824928, "mu_down": 0.49054695406151394, "mu_up": 0.004510539402082711}, "datetime": {"datetime": "2024-06-09 19:35:09", "elapsed": 408.560028, "delta": 2.07019}}
{"target": -40.19894172994726, "params": {"momentum_down": 0.8301352256996448, "momentum_up": 0.4278534819247206, "mu_down": 0.05847778677598087, "mu_up": 0.005082274504252747}, "datetime": {"datetime": "2024-06-09 19:35:11", "elapsed": 410.72382, "delta": 2.163792}}
{"target": -50.16873704204736, "params": {"momentum_down": 0.11046940413136701, "momentum_up": 0.5390327623609636, "mu_down": 0.2564568640645189, "mu_up": 0.00566708058869172}, "datetime": {"datetime": "2024-06-09 19:35:13", "elapsed": 412.902045, "delta": 2.178225}}
{"target": -30.11158074203862, "params": {"momentum_down": 0.46246499730286816, "momentum_up": 0.8174690665670601, "mu_down": 0.33143633121143196, "mu_up": 0.008327093197639504}, "datetime": {"datetime": "2024-06-09 19:35:15", "elapsed": 414.822874, "delta": 1.920829}}
{"target": -2300.0, "params": {"momentum_down": 0.06087055074464488, "momentum_up": 0.028082360542099755, "mu_down": 0.4571146556888153, "mu_up": 0.008859015925406258}, "datetime": {"datetime": "2024-06-09 19:35:15", "elapsed": 415.27567, "delta": 0.452796}}
{"target": -40.15345350508172, "params": {"momentum_down": 0.6506708577681035, "momentum_up": 0.4062805473123394, "mu_down": 0.12636606353770652, "mu_up": 0.009893493774851119}, "datetime": {"datetime": "2024-06-09 19:35:16", "elapsed": 415.97138, "delta": 0.69571}}
{"target": -30.238812010323976, "params": {"momentum_down": 0.22214978108635716, "momentum_up": 0.1516885066233511, "mu_down": 0.33429363152315683, "mu_up": 0.009293615609584117}, "datetime": {"datetime": "2024-06-09 19:35:17", "elapsed": 416.535967, "delta": 0.564587}}
{"target": -30.290713646192575, "params": {"momentum_down": 0.15874457413856427, "momentum_up": 0.10106825043364731, "mu_down": 0.3767701232591742, "mu_up": 0.004793612093654327}, "datetime": {"datetime": "2024-06-09 19:35:19", "elapsed": 418.713164, "delta": 2.177197}}
{"target": -40.273997579732445, "params": {"momentum_down": 0.3404643130396646, "momentum_up": 0.47107907809858246, "mu_down": 0.1992968434291763, "mu_up": 0.009625004739845403}, "datetime": {"datetime": "2024-06-09 19:35:20", "elapsed": 419.316652, "delta": 0.603488}}
{"target": -50.248321840793906, "params": {"momentum_down": 0.7936575543357263, "momentum_up": 0.4643687665016009, "mu_down": 0.4602268346083961, "mu_up": 0.0013814697176239691}, "datetime": {"datetime": "2024-06-09 19:35:20", "elapsed": 419.907736, "delta": 0.591084}}
{"target": -2300.0, "params": {"momentum_down": 0.9786263543138622, "momentum_up": 0.8877378612570229, "mu_down": 0.0431832802890727, "mu_up": 0.00850827089098191}, "datetime": {"datetime": "2024-06-09 19:35:22", "elapsed": 422.069241, "delta": 2.161505}}
{"target": -130.2868074633556, "params": {"momentum_down": 0.29781971102491733, "momentum_up": 0.18527342352933696, "mu_down": 0.33989274647180034, "mu_up": 0.0008553646003710409}, "datetime": {"datetime": "2024-06-09 19:35:24", "elapsed": 423.973381, "delta": 1.90414}}
{"target": -20.12147173901115, "params": {"momentum_down": 0.58028329140971, "momentum_up": 0.6621667910899127, "mu_down": 0.38281944208820196, "mu_up": 0.0031871163023961665}, "datetime": {"datetime": "2024-06-09 19:35:28", "elapsed": 427.851165, "delta": 3.877784}}
{"target": -30.158289754024242, "params": {"momentum_down": 0.5276394650141744, "momentum_up": 0.6009039155640867, "mu_down": 0.22678216512348398, "mu_up": 0.00635860359552428}, "datetime": {"datetime": "2024-06-09 19:35:30", "elapsed": 429.370741, "delta": 1.519576}}
{"target": -20.13389384542708, "params": {"momentum_down": 0.8194345579999647, "momentum_up": 0.20198005833592328, "mu_down": 0.3611814673897391, "mu_up": 0.00574375930244113}, "datetime": {"datetime": "2024-06-09 19:35:30", "elapsed": 430.124861, "delta": 0.75412}}
{"target": -40.126946851702634, "params": {"momentum_down": 0.6974052727456759, "momentum_up": 0.8259229448076997, "mu_down": 0.12305909941021143, "mu_up": 0.002444885402581807}, "datetime": {"datetime": "2024-06-09 19:35:31", "elapsed": 430.721949, "delta": 0.597088}}
{"target": -40.22504155657749, "params": {"momentum_down": 0.29428282362253816, "momentum_up": 0.7036403702141738, "mu_down": 0.2337013011284355, "mu_up": 0.004468543004167673}, "datetime": {"datetime": "2024-06-09 19:35:34", "elapsed": 433.295944, "delta": 2.573995}}
{"target": -231.2795139973929, "params": {"momentum_down": 0.08557046476371612, "momentum_up": 0.5333894486646639, "mu_down": 0.12582411487107625, "mu_up": 0.000281763261851014}, "datetime": {"datetime": "2024-06-09 19:35:34", "elapsed": 433.89517, "delta": 0.599226}}
{"target": -2300.0, "params": {"momentum_down": 0.42769216083372547, "momentum_up": 0.4896988959841698, "mu_down": 0.4988232443738806, "mu_up": 0.004973266576468611}, "datetime": {"datetime": "2024-06-09 19:35:35", "elapsed": 434.578356, "delta": 0.683186}}
{"target": -2323.46368632278, "params": {"momentum_down": 0.6602289734095294, "momentum_up": 0.963490937729434, "mu_down": 0.06322917376098863, "mu_up": 0.0009372380418887887}, "datetime": {"datetime": "2024-06-09 19:35:40", "elapsed": 439.772161, "delta": 5.193805}}
{"target": -40.17082098048824, "params": {"momentum_down": 0.5956970909356705, "momentum_up": 0.222597902421682, "mu_down": 0.19416360305417285, "mu_up": 0.0029027856563409076}, "datetime": {"datetime": "2024-06-09 19:35:42", "elapsed": 442.018299, "delta": 2.246138}}
{"target": -2300.0, "params": {"momentum_down": 0.1656489093919132, "momentum_up": 0.3313904452140518, "mu_down": 0.41927579070836585, "mu_up": 0.0019791037059888553}, "datetime": {"datetime": "2024-06-09 19:35:43", "elapsed": 442.498921, "delta": 0.480622}}
{"target": -2300.0, "params": {"momentum_down": 0.22012602829050723, "momentum_up": 0.9817219602757618, "mu_down": 0.25246610932808744, "mu_up": 0.004216732544500962}, "datetime": {"datetime": "2024-06-09 19:35:46", "elapsed": 445.376581, "delta": 2.87766}}
{"target": -90.18582176589928, "params": {"momentum_down": 0.009012397422991343, "momentum_up": 0.9041466590587156, "mu_down": 0.16817503691042152, "mu_up": 0.00047853790597292414}, "datetime": {"datetime": "2024-06-09 19:35:48", "elapsed": 447.36774, "delta": 1.991159}}
{"target": -80.28421314443369, "params": {"momentum_down": 0.5747270012585028, "momentum_up": 0.7015252961191392, "mu_down": 0.06326613204849368, "mu_up": 0.009736674143491738}, "datetime": {"datetime": "2024-06-09 19:35:48", "elapsed": 448.029296, "delta": 0.661556}}
{"target": -30.099160850140724, "params": {"momentum_down": 0.6005608495153446, "momentum_up": 0.21836679764047429, "mu_down": 0.267894303868038, "mu_up": 0.004589255410692374}, "datetime": {"datetime": "2024-06-09 19:35:49", "elapsed": 448.420365, "delta": 0.391069}}
{"target": -20.131957341492537, "params": {"momentum_down": 0.443743758384893, "momentum_up": 0.30787615551580266, "mu_down": 0.42257740935494253, "mu_up": 0.00972602368920877}, "datetime": {"datetime": "2024-06-09 19:35:49", "elapsed": 449.096861, "delta": 0.676496}}
{"target": -20.096964110227116, "params": {"momentum_down": 0.6944508305326362, "momentum_up": 0.7644744129051249, "mu_down": 0.419467785608947, "mu_up": 0.006379981944732659}, "datetime": {"datetime": "2024-06-09 19:35:52", "elapsed": 451.311705, "delta": 2.214844}}
{"target": -70.23221965840932, "params": {"momentum_down": 0.7381424402385247, "momentum_up": 0.38336258720987154, "mu_down": 0.18467909125244608, "mu_up": 0.001239918230594796}, "datetime": {"datetime": "2024-06-09 19:35:52", "elapsed": 451.796964, "delta": 0.485259}}
{"target": -40.23498057243955, "params": {"momentum_down": 0.4303986364105984, "momentum_up": 0.276333219063367, "mu_down": 0.1896196021797023, "mu_up": 0.005990692564196269}, "datetime": {"datetime": "2024-06-09 19:35:53", "elapsed": 452.433523, "delta": 0.636559}}
{"target": -2300.0, "params": {"momentum_down": 0.276665525355598, "momentum_up": 0.7452337295026453, "mu_down": 0.43283964242199785, "mu_up": 0.004000550267233171}, "datetime": {"datetime": "2024-06-09 19:35:54", "elapsed": 454.089781, "delta": 1.656258}}
{"target": -30.173425392912197, "params": {"momentum_down": 0.5001194728077804, "momentum_up": 0.6429722263708701, "mu_down": 0.4240883656703017, "mu_up": 0.0017110896764702592}, "datetime": {"datetime": "2024-06-09 19:35:57", "elapsed": 456.394579, "delta": 2.304798}}
{"target": -2300.0, "params": {"momentum_down": 0.952260920646544, "momentum_up": 0.9798942074754515, "mu_down": 0.2829501878201425, "mu_up": 0.0061739818224942015}, "datetime": {"datetime": "2024-06-09 19:36:01", "elapsed": 460.792942, "delta": 4.398363}}
{"target": -50.286136824866446, "params": {"momentum_down": 0.08571001320877422, "momentum_up": 0.881378954005561, "mu_down": 0.2938046096319425, "mu_up": 0.008009921742346163}, "datetime": {"datetime": "2024-06-09 19:36:05", "elapsed": 464.773854, "delta": 3.980912}}
{"target": -40.07680387672032, "params": {"momentum_down": 0.8864295664002708, "momentum_up": 0.7871401354979405, "mu_down": 0.24219177073283937, "mu_up": 0.00961557858060778}, "datetime": {"datetime": "2024-06-09 19:36:06", "elapsed": 465.334519, "delta": 0.560665}}
