{"target": -50.214676346981925, "params": {"momentum_down": 0.4985024305081878, "momentum_up": 0.12788813546741903, "mu_down": 0.3152214445928217, "mu_up": 0.0036655802255283693}, "datetime": {"datetime": "2024-01-23 20:47:11", "elapsed": 637.707277, "delta": 2.913331}}
{"target": -130.27989614189826, "params": {"momentum_down": 0.745395006158438, "momentum_up": 0.5768850217451732, "mu_down": 0.1442040924343152, "mu_up": 0.0004892822465497705}, "datetime": {"datetime": "2024-01-23 20:47:19", "elapsed": 646.13194, "delta": 8.424663}}
{"target": -40.24202379489561, "params": {"momentum_down": 0.7547245179551226, "momentum_up": 0.42506909616133176, "mu_down": 0.14979204419077796, "mu_up": 0.00979678820025739}, "datetime": {"datetime": "2024-01-23 20:47:22", "elapsed": 648.924887, "delta": 2.792947}}
{"target": -2004.1859117814756, "params": {"momentum_down": 0.7251787474367531, "momentum_up": 0.09428415673467762, "mu_down": 0.1523531230445202, "mu_up": 1e-05}, "datetime": {"datetime": "2024-01-23 20:47:29", "elapsed": 656.232373, "delta": 7.307486}}
{"target": -20.29271936982712, "params": {"momentum_down": 0.7262764071047862, "momentum_up": 0.35834964060241836, "mu_down": 0.3436939691018092, "mu_up": 0.008059294422075458}, "datetime": {"datetime": "2024-01-23 20:47:37", "elapsed": 664.178761, "delta": 7.946388}}
{"target": -2060.876219035609, "params": {"momentum_down": 0.9275679093600958, "momentum_up": 0.8690243192586626, "mu_down": 0.3140015338056191, "mu_up": 0.004689932624201357}, "datetime": {"datetime": "2024-01-23 20:47:42", "elapsed": 668.819959, "delta": 4.641198}}
{"target": -50.281627769013646, "params": {"momentum_down": 0.33179004366162745, "momentum_up": 0.47143122851735436, "mu_down": 0.3164765974713125, "mu_up": 0.009153742437587277}, "datetime": {"datetime": "2024-01-23 20:47:47", "elapsed": 673.830249, "delta": 5.01029}}
{"target": -190.29180702552904, "params": {"momentum_down": 0.1344261589947838, "momentum_up": 0.5985493775548038, "mu_down": 0.10613773939076732, "mu_up": 0.005668123455031208}, "datetime": {"datetime": "2024-01-23 20:47:48", "elapsed": 674.577848, "delta": 0.747599}}
{"target": -20.293275477977417, "params": {"momentum_down": 0.7172641974645467, "momentum_up": 0.25943543952751547, "mu_down": 0.3734146659049202, "mu_up": 0.0061970469906316794}, "datetime": {"datetime": "2024-01-23 20:47:54", "elapsed": 680.397785, "delta": 5.819937}}
{"target": -160.26249568848445, "params": {"momentum_down": 0.1141667035442599, "momentum_up": 0.40496866811869886, "mu_down": 0.13414422665292147, "mu_up": 0.009011619622933316}, "datetime": {"datetime": "2024-01-23 20:47:56", "elapsed": 683.043846, "delta": 2.646061}}
{"target": -50.21421913820519, "params": {"momentum_down": 0.37904226766132926, "momentum_up": 0.7557013290664083, "mu_down": 0.3175310544531502, "mu_up": 0.00747727781741279}, "datetime": {"datetime": "2024-01-23 20:48:02", "elapsed": 688.736424, "delta": 5.692578}}
{"target": -90.27900675309485, "params": {"momentum_down": 0.820057903912709, "momentum_up": 0.49901806908114904, "mu_down": 0.26437458221562704, "mu_up": 0.000808223096268393}, "datetime": {"datetime": "2024-01-23 20:48:09", "elapsed": 695.660451, "delta": 6.924027}}
{"target": -422.29049555691523, "params": {"momentum_down": 0.48044095252347385, "momentum_up": 0.6396444268528512, "mu_down": 0.17187269319465687, "mu_up": 0.00013800732590561908}, "datetime": {"datetime": "2024-01-23 20:48:17", "elapsed": 703.312258, "delta": 7.651807}}
{"target": -90.24502937060939, "params": {"momentum_down": 0.7195334847071085, "momentum_up": 0.0747383997062906, "mu_down": 0.29438417547651813, "mu_up": 0.0015041119409831716}, "datetime": {"datetime": "2024-01-23 20:48:21", "elapsed": 708.193806, "delta": 4.881548}}
{"target": -60.21990406612067, "params": {"momentum_down": 0.30648070874359784, "momentum_up": 0.164135688363718, "mu_down": 0.31504882387556576, "mu_up": 0.0055956287947012354}, "datetime": {"datetime": "2024-01-23 20:48:22", "elapsed": 708.762005, "delta": 0.568199}}
{"target": -30.063497080115248, "params": {"momentum_down": 0.6128663576751672, "momentum_up": 0.5746626524099174, "mu_down": 0.4814676288276211, "mu_up": 0.006301401417613913}, "datetime": {"datetime": "2024-01-23 20:48:28", "elapsed": 714.323871, "delta": 5.561866}}
{"target": -60.199763088108305, "params": {"momentum_down": 0.35374194547519644, "momentum_up": 0.16214177511661476, "mu_down": 0.30882908262262565, "mu_up": 0.004876845236267091}, "datetime": {"datetime": "2024-01-23 20:48:33", "elapsed": 719.982257, "delta": 5.658386}}
{"target": -30.191880405996393, "params": {"momentum_down": 0.8889033337602967, "momentum_up": 0.1752639226190368, "mu_down": 0.40201176397334354, "mu_up": 0.004988102794674616}, "datetime": {"datetime": "2024-01-23 20:48:36", "elapsed": 723.155891, "delta": 3.173634}}
{"target": -40.1310018090918, "params": {"momentum_down": 0.9206437899247423, "momentum_up": 0.4996820833361471, "mu_down": 0.24835754535372273, "mu_up": 0.0035079714624913936}, "datetime": {"datetime": "2024-01-23 20:48:37", "elapsed": 723.849606, "delta": 0.693715}}
{"target": -50.241092655998955, "params": {"momentum_down": 0.6215263460973824, "momentum_up": 0.5570480813480309, "mu_down": 0.18634091813757842, "mu_up": 0.00798327822782749}, "datetime": {"datetime": "2024-01-23 20:48:38", "elapsed": 724.703459, "delta": 0.853853}}
{"target": -50.28097608946682, "params": {"momentum_down": 0.5277655472698045, "momentum_up": 0.3499882844933034, "mu_down": 0.23339390551478062, "mu_up": 0.005601492661846406}, "datetime": {"datetime": "2024-01-23 20:48:41", "elapsed": 727.757565, "delta": 3.054106}}
{"target": -2049.184982889187, "params": {"momentum_down": 0.25431640636816355, "momentum_up": 0.9306377321735816, "mu_down": 0.11410605620873254, "mu_up": 0.0036051689982221887}, "datetime": {"datetime": "2024-01-23 20:48:51", "elapsed": 737.760979, "delta": 10.003414}}
{"target": -30.061038383131873, "params": {"momentum_down": 0.8414579149083211, "momentum_up": 0.49485731669527006, "mu_down": 0.18894984106148321, "mu_up": 0.00874867794194871}, "datetime": {"datetime": "2024-01-23 20:48:55", "elapsed": 742.160665, "delta": 4.399686}}
{"target": -30.21144476952879, "params": {"momentum_down": 0.8272314536267851, "momentum_up": 0.4374372181718679, "mu_down": 0.15803918342679074, "mu_up": 0.006548171153213714}, "datetime": {"datetime": "2024-01-23 20:48:59", "elapsed": 745.549125, "delta": 3.38846}}
{"target": -50.13781207906719, "params": {"momentum_down": 0.690836542337332, "momentum_up": 0.2738627139470162, "mu_down": 0.1887730314916358, "mu_up": 0.006029547710199564}, "datetime": {"datetime": "2024-01-23 20:49:06", "elapsed": 752.599488, "delta": 7.050363}}
{"target": -30.276363453679362, "params": {"momentum_down": 0.7063107304260755, "momentum_up": 0.31117103138599095, "mu_down": 0.2577660012445229, "mu_up": 0.0048169146961603085}, "datetime": {"datetime": "2024-01-23 20:49:11", "elapsed": 757.869425, "delta": 5.269937}}
{"target": -80.20232003347867, "params": {"momentum_down": 0.20251613939815408, "momentum_up": 0.13246058461107893, "mu_down": 0.29588674866001335, "mu_up": 0.003400536444019311}, "datetime": {"datetime": "2024-01-23 20:49:12", "elapsed": 758.760981, "delta": 0.891556}}
{"target": -70.20008369703581, "params": {"momentum_down": 0.6129086140574767, "momentum_up": 0.2612700288511645, "mu_down": 0.1462192537210259, "mu_up": 0.007782517261215445}, "datetime": {"datetime": "2024-01-23 20:49:16", "elapsed": 762.757591, "delta": 3.99661}}
{"target": -40.12501327330347, "params": {"momentum_down": 0.7687491556551752, "momentum_up": 0.4885331327365635, "mu_down": 0.19635504528352882, "mu_up": 0.003695349153476979}, "datetime": {"datetime": "2024-01-23 20:49:25", "elapsed": 771.276377, "delta": 8.518786}}
{"target": -80.22245737870153, "params": {"momentum_down": 0.7845708294899023, "momentum_up": 0.23395916410520115, "mu_down": 0.07904455084131806, "mu_up": 0.002347454785983235}, "datetime": {"datetime": "2024-01-23 20:49:28", "elapsed": 774.989185, "delta": 3.712808}}
{"target": -20.170000817332983, "params": {"momentum_down": 0.7671908855229733, "momentum_up": 0.20866948530736348, "mu_down": 0.38141832748088905, "mu_up": 0.006934030840301087}, "datetime": {"datetime": "2024-01-23 20:49:39", "elapsed": 785.760426, "delta": 10.771241}}
{"target": -50.2460758353282, "params": {"momentum_down": 0.7376797714646799, "momentum_up": 0.26964436139554454, "mu_down": 0.13228709331120375, "mu_up": 0.00677274543607162}, "datetime": {"datetime": "2024-01-23 20:49:47", "elapsed": 793.481601, "delta": 7.721175}}
{"target": -20.10520558336352, "params": {"momentum_down": 0.7626841959862438, "momentum_up": 0.29121597421132106, "mu_down": 0.41666000557395594, "mu_up": 0.01}, "datetime": {"datetime": "2024-01-23 20:49:53", "elapsed": 800.231304, "delta": 6.749703}}
{"target": -2300.0, "params": {"momentum_down": 0.10418024260203695, "momentum_up": 0.049021919817496755, "mu_down": 0.4140684892219935, "mu_up": 0.00021604425734908294}, "datetime": {"datetime": "2024-01-23 20:49:59", "elapsed": 805.385255, "delta": 5.153951}}
{"target": -40.147913520990215, "params": {"momentum_down": 0.7450886810470732, "momentum_up": 0.24189822418634152, "mu_down": 0.19840226240352032, "mu_up": 0.006204184788245369}, "datetime": {"datetime": "2024-01-23 20:50:03", "elapsed": 809.740687, "delta": 4.355432}}
{"target": -90.27799124113376, "params": {"momentum_down": 0.29980295827379805, "momentum_up": 0.10202225116193543, "mu_down": 0.26422098266001576, "mu_up": 0.0017196798274040927}, "datetime": {"datetime": "2024-01-23 20:50:07", "elapsed": 814.024901, "delta": 4.284214}}
{"target": -30.25545624524139, "params": {"momentum_down": 0.8535561320484018, "momentum_up": 0.575461643279377, "mu_down": 0.49547129106640164, "mu_up": 0.007005493119763159}, "datetime": {"datetime": "2024-01-23 20:50:13", "elapsed": 819.565271, "delta": 5.54037}}
{"target": -40.16260576953626, "params": {"momentum_down": 0.7464439258169948, "momentum_up": 0.24633487815947352, "mu_down": 0.2993940997523424, "mu_up": 0.0030169985258780784}, "datetime": {"datetime": "2024-01-23 20:50:22", "elapsed": 828.663257, "delta": 9.097986}}
{"target": -40.190019926028704, "params": {"momentum_down": 0.3803195414561433, "momentum_up": 0.8059067229150236, "mu_down": 0.4082136648458833, "mu_up": 0.005795281606238212}, "datetime": {"datetime": "2024-01-23 20:50:23", "elapsed": 829.737015, "delta": 1.073758}}
{"target": -100.20501692987447, "params": {"momentum_down": 0.2735051325099561, "momentum_up": 0.6444743861101448, "mu_down": 0.18566395497724197, "mu_up": 0.009290010032360197}, "datetime": {"datetime": "2024-01-23 20:50:27", "elapsed": 833.914881, "delta": 4.177866}}
{"target": -100.21552014831656, "params": {"momentum_down": 0.31624985582987153, "momentum_up": 0.08464804432520615, "mu_down": 0.18756943802549167, "mu_up": 0.004852045810816757}, "datetime": {"datetime": "2024-01-23 20:50:32", "elapsed": 838.784112, "delta": 4.869231}}
{"target": -40.155647683571594, "params": {"momentum_down": 0.4689437260617822, "momentum_up": 0.14623122688913084, "mu_down": 0.4211411323679649, "mu_up": 0.006118535546581489}, "datetime": {"datetime": "2024-01-23 20:50:40", "elapsed": 846.507911, "delta": 7.723799}}
{"target": -50.2751965159723, "params": {"momentum_down": 0.41327908584532563, "momentum_up": 0.24901528564517472, "mu_down": 0.3037813929071318, "mu_up": 0.0048597482546060946}, "datetime": {"datetime": "2024-01-23 20:50:45", "elapsed": 852.032323, "delta": 5.524412}}
{"target": -2129.7754457311303, "params": {"momentum_down": 0.23476050047726033, "momentum_up": 0.5490528245483842, "mu_down": 0.00041472235787520795, "mu_up": 0.0017676554157686649}, "datetime": {"datetime": "2024-01-23 20:50:48", "elapsed": 854.309073, "delta": 2.27675}}
{"target": -80.25240510701316, "params": {"momentum_down": 0.6425275229594258, "momentum_up": 0.35424241456633015, "mu_down": 0.16571203276014268, "mu_up": 0.0013332676245385595}, "datetime": {"datetime": "2024-01-23 20:50:54", "elapsed": 860.501336, "delta": 6.192263}}
{"target": -50.157396012437005, "params": {"momentum_down": 0.45633555812342136, "momentum_up": 0.16084506223162734, "mu_down": 0.32529097510986843, "mu_up": 0.006523827039446448}, "datetime": {"datetime": "2024-01-23 20:50:57", "elapsed": 863.501497, "delta": 3.000161}}
{"target": -2002.2633211719071, "params": {"momentum_down": 0.869738065963789, "momentum_up": 0.4593582519328758, "mu_down": 0.2431831368594415, "mu_up": 1e-05}, "datetime": {"datetime": "2024-01-23 20:51:07", "elapsed": 873.66582, "delta": 10.164323}}
{"target": -30.113368878619756, "params": {"momentum_down": 0.7943676056219504, "momentum_up": 0.5491278414417836, "mu_down": 0.20327819282854537, "mu_up": 0.008746421777791754}, "datetime": {"datetime": "2024-01-23 20:51:14", "elapsed": 880.804424, "delta": 7.138604}}
{"target": -100.29772000933663, "params": {"momentum_down": 0.5744709378830928, "momentum_up": 0.6083759249306634, "mu_down": 0.10396254232429014, "mu_up": 0.0028146737706569603}, "datetime": {"datetime": "2024-01-23 20:51:15", "elapsed": 881.777756, "delta": 0.973332}}
{"target": -1728.2964318687632, "params": {"momentum_down": 0.3462167158345938, "momentum_up": 0.15739056701189108, "mu_down": 0.2337275689688023, "mu_up": 7.548809609604514e-05}, "datetime": {"datetime": "2024-01-23 20:51:18", "elapsed": 884.663247, "delta": 2.885491}}
{"target": -80.21388029966556, "params": {"momentum_down": 0.34575783057580045, "momentum_up": 0.17925139217784167, "mu_down": 0.2280596975655545, "mu_up": 0.004140063450506923}, "datetime": {"datetime": "2024-01-23 20:51:25", "elapsed": 891.264611, "delta": 6.601364}}
{"target": -2300.0, "params": {"momentum_down": 0.9509680346226652, "momentum_up": 0.6278358945834893, "mu_down": 0.34722451184570846, "mu_up": 0.005976856840761595}, "datetime": {"datetime": "2024-01-23 20:51:27", "elapsed": 894.107632, "delta": 2.843021}}
{"target": -140.2662651420326, "params": {"momentum_down": 0.6851517653668644, "momentum_up": 0.3862981770206769, "mu_down": 0.3581584656635842, "mu_up": 0.000687032973986012}, "datetime": {"datetime": "2024-01-23 20:51:29", "elapsed": 895.343316, "delta": 1.235684}}
{"target": -80.23075410727354, "params": {"momentum_down": 0.619867366699815, "momentum_up": 0.09510051788997165, "mu_down": 0.1340288592464664, "mu_up": 0.0033597374690964464}, "datetime": {"datetime": "2024-01-23 20:51:30", "elapsed": 896.525459, "delta": 1.182143}}
{"target": -30.083886047019, "params": {"momentum_down": 0.6076799384229785, "momentum_up": 0.6209274986631983, "mu_down": 0.4551605403315349, "mu_up": 0.0050498765807891035}, "datetime": {"datetime": "2024-01-23 20:51:31", "elapsed": 897.523518, "delta": 0.998059}}
{"target": -80.29096122027984, "params": {"momentum_down": 0.8523023056881015, "momentum_up": 0.9671585148189201, "mu_down": 0.22598747515623052, "mu_up": 0.00607747947433295}, "datetime": {"datetime": "2024-01-23 20:51:32", "elapsed": 898.585768, "delta": 1.06225}}
{"target": -80.1879109329447, "params": {"momentum_down": 0.33992140281580446, "momentum_up": 0.15294062404000588, "mu_down": 0.21997031613741214, "mu_up": 0.009917113431482372}, "datetime": {"datetime": "2024-01-23 20:51:37", "elapsed": 904.195917, "delta": 5.610149}}
{"target": -70.26517248235567, "params": {"momentum_down": 0.3463150125338853, "momentum_up": 0.16083864628079483, "mu_down": 0.2271553565099121, "mu_up": 0.009880042919901558}, "datetime": {"datetime": "2024-01-23 20:51:41", "elapsed": 907.849707, "delta": 3.65379}}
{"target": -2300.0, "params": {"momentum_down": 0.2746591037062937, "momentum_up": 0.967621164320226, "mu_down": 0.473491717361079, "mu_up": 0.0016165643874561696}, "datetime": {"datetime": "2024-01-23 20:51:44", "elapsed": 911.00678, "delta": 3.157073}}
{"target": -20.09909701039883, "params": {"momentum_down": 0.74188029333472, "momentum_up": 0.43500660705426486, "mu_down": 0.4387470610048844, "mu_up": 0.00906379604624324}, "datetime": {"datetime": "2024-01-23 20:51:47", "elapsed": 913.864196, "delta": 2.857416}}
{"target": -110.25982324570045, "params": {"momentum_down": 0.6288193743187983, "momentum_up": 0.008784683576838506, "mu_down": 0.19097711792099503, "mu_up": 0.0013318505137569247}, "datetime": {"datetime": "2024-01-23 20:51:51", "elapsed": 917.609049, "delta": 3.744853}}
{"target": -40.12997572600351, "params": {"momentum_down": 0.5171097608227297, "momentum_up": 0.8058120771619549, "mu_down": 0.37310898146208943, "mu_up": 0.006876444063664333}, "datetime": {"datetime": "2024-01-23 20:51:54", "elapsed": 921.037416, "delta": 3.428367}}
{"target": -60.198343748639815, "params": {"momentum_down": 0.20247011678365318, "momentum_up": 0.31055998817919417, "mu_down": 0.3590018422553163, "mu_up": 0.005951219923088788}, "datetime": {"datetime": "2024-01-23 20:51:55", "elapsed": 922.013177, "delta": 0.975761}}
{"target": -110.24818510332992, "params": {"momentum_down": 0.47892647176638126, "momentum_up": 0.9233482181856585, "mu_down": 0.1515279710558966, "mu_up": 0.0019115488482452547}, "datetime": {"datetime": "2024-01-23 20:52:00", "elapsed": 926.742812, "delta": 4.729635}}
{"target": -2300.0, "params": {"momentum_down": 0.08161383514753082, "momentum_up": 0.8427820275788512, "mu_down": 0.492958612536849, "mu_up": 0.00496649834568317}, "datetime": {"datetime": "2024-01-23 20:52:01", "elapsed": 927.651696, "delta": 0.908884}}
{"target": -80.26927159155974, "params": {"momentum_down": 0.15914794476109878, "momentum_up": 0.5950477058346397, "mu_down": 0.2527773121694802, "mu_up": 0.005904683293268131}, "datetime": {"datetime": "2024-01-23 20:52:02", "elapsed": 928.693374, "delta": 1.041678}}
{"target": -70.18114875681289, "params": {"momentum_down": 0.4292244850115715, "momentum_up": 0.8310227628735322, "mu_down": 0.21550515857423586, "mu_up": 0.0059281036935515665}, "datetime": {"datetime": "2024-01-23 20:52:06", "elapsed": 933.158742, "delta": 4.465368}}
{"target": -30.248438468721655, "params": {"momentum_down": 0.7060061527119073, "momentum_up": 0.4092148959884626, "mu_down": 0.25995268009011546, "mu_up": 0.005117880342620145}, "datetime": {"datetime": "2024-01-23 20:52:12", "elapsed": 938.92625, "delta": 5.767508}}
{"target": -2056.6302636268742, "params": {"momentum_down": 0.6497295740316739, "momentum_up": 0.928594915963839, "mu_down": 0.1915595868638431, "mu_up": 0.008398614496339853}, "datetime": {"datetime": "2024-01-23 20:52:17", "elapsed": 943.838865, "delta": 4.912615}}
{"target": -50.111640840493465, "params": {"momentum_down": 0.6217505582348276, "momentum_up": 0.8498379285370528, "mu_down": 0.34664391686064305, "mu_up": 0.002588526086297406}, "datetime": {"datetime": "2024-01-23 20:52:21", "elapsed": 948.02724, "delta": 4.188375}}
{"target": -50.157933821468916, "params": {"momentum_down": 0.3550117763527493, "momentum_up": 0.644397872527666, "mu_down": 0.37732325978749554, "mu_up": 0.0031985114405326106}, "datetime": {"datetime": "2024-01-23 20:52:25", "elapsed": 951.905183, "delta": 3.877943}}
{"target": -30.133915910620686, "params": {"momentum_down": 0.736421250879811, "momentum_up": 0.07672035517393135, "mu_down": 0.28868542640366285, "mu_up": 0.008071787763852553}, "datetime": {"datetime": "2024-01-23 20:52:32", "elapsed": 958.426501, "delta": 6.521318}}
{"target": -2300.0, "params": {"momentum_down": 0.9760289500725261, "momentum_up": 0.8021677189324274, "mu_down": 0.37454606130602874, "mu_up": 0.004996196691118176}, "datetime": {"datetime": "2024-01-23 20:52:32", "elapsed": 959.118565, "delta": 0.692064}}
{"target": -592.2937267218706, "params": {"momentum_down": 0.12153269942988079, "momentum_up": 0.5316308760611215, "mu_down": 0.03499307756015574, "mu_up": 0.006422477579681681}, "datetime": {"datetime": "2024-01-23 20:52:37", "elapsed": 963.950124, "delta": 4.831559}}
{"target": -2000.527152309176, "params": {"momentum_down": 0.8025201343694903, "momentum_up": 0.7949116395709767, "mu_down": 0.3954296988775586, "mu_up": 1e-05}, "datetime": {"datetime": "2024-01-23 20:52:49", "elapsed": 975.718034, "delta": 11.76791}}
{"target": -2300.0, "params": {"momentum_down": 0.0404970509588402, "momentum_up": 0.40712002966918964, "mu_down": 0.4576057027929901, "mu_up": 0.00974479504103001}, "datetime": {"datetime": "2024-01-23 20:52:50", "elapsed": 976.401759, "delta": 0.683725}}
{"target": -20.2865700928943, "params": {"momentum_down": 0.6678574732943355, "momentum_up": 0.27339768239140566, "mu_down": 0.4062069646338099, "mu_up": 0.00929915641356456}, "datetime": {"datetime": "2024-01-23 20:52:51", "elapsed": 977.473344, "delta": 1.071585}}
{"target": -1005.2893991762593, "params": {"momentum_down": 0.03806075316194625, "momentum_up": 0.5493622078047496, "mu_down": 0.022717217405415324, "mu_up": 0.005409438596092805}, "datetime": {"datetime": "2024-01-23 20:52:54", "elapsed": 980.799613, "delta": 3.326269}}
{"target": -80.23538507799469, "params": {"momentum_down": 0.07173970245910818, "momentum_up": 0.09733039142376544, "mu_down": 0.31784586826852607, "mu_up": 0.004032248680018736}, "datetime": {"datetime": "2024-01-23 20:52:55", "elapsed": 981.696303, "delta": 0.89669}}
{"target": -70.24194396061579, "params": {"momentum_down": 0.34995483981122655, "momentum_up": 0.17638670374346355, "mu_down": 0.2384956165484231, "mu_up": 0.007520072280472974}, "datetime": {"datetime": "2024-01-23 20:53:02", "elapsed": 988.408927, "delta": 6.712624}}
{"target": -160.26470149676376, "params": {"momentum_down": 0.5835126000123464, "momentum_up": 0.8894339780691722, "mu_down": 0.10968142754844601, "mu_up": 0.00011767540618419678}, "datetime": {"datetime": "2024-01-23 20:53:02", "elapsed": 989.180058, "delta": 0.771131}}
{"target": -1185.2961297601405, "params": {"momentum_down": 0.11796086306142142, "momentum_up": 0.7364218048956758, "mu_down": 0.017705618048453997, "mu_up": 0.008149769214515679}, "datetime": {"datetime": "2024-01-23 20:53:04", "elapsed": 990.956316, "delta": 1.776258}}
