{"target": -713.2923056467147, "params": {"momentum_down": 0.04030078521828896, "momentum_up": 0.2981629048484303, "mu_down": 0.07919174485226688, "mu_up": 0.0007261788870558504}, "datetime": {"datetime": "2024-06-09 19:26:31", "elapsed": 1049.960233, "delta": 2.664699}}
{"target": -80.19510841024186, "params": {"momentum_down": 0.6029995509180129, "momentum_up": 0.19436907858343183, "mu_down": 0.3418576701711751, "mu_up": 0.005100957671123124}, "datetime": {"datetime": "2024-06-09 19:26:32", "elapsed": 1050.910006, "delta": 0.949773}}
{"target": -603.2965295792274, "params": {"momentum_down": 0.24406389166521442, "momentum_up": 0.679498428750081, "mu_down": 0.07570378245210463, "mu_up": 0.0029162995241066208}, "datetime": {"datetime": "2024-06-09 19:26:33", "elapsed": 1052.136879, "delta": 1.226873}}
{"target": -150.24189560972414, "params": {"momentum_down": 0.46658694305773885, "momentum_up": 0.5235122775687951, "mu_down": 0.22523209921750525, "mu_up": 0.007606520904432227}, "datetime": {"datetime": "2024-06-09 19:26:40", "elapsed": 1058.627939, "delta": 6.49106}}
{"target": -492.2891992250252, "params": {"momentum_down": 0.6273111982491371, "momentum_up": 0.006778218325357542, "mu_down": 0.1892460882918907, "mu_up": 0.0002757838506354081}, "datetime": {"datetime": "2024-06-09 19:26:44", "elapsed": 1062.850123, "delta": 4.222184}}
{"target": -251.27918006609843, "params": {"momentum_down": 0.5346171697821792, "momentum_up": 0.8059962737019152, "mu_down": 0.11244515950385708, "mu_up": 0.0073464982448577885}, "datetime": {"datetime": "2024-06-09 19:26:49", "elapsed": 1068.496626, "delta": 5.646503}}
{"target": -120.28772170159314, "params": {"momentum_down": 0.23233438462305075, "momentum_up": 0.6120110744930118, "mu_down": 0.38078379357808506, "mu_up": 0.009568025600017618}, "datetime": {"datetime": "2024-06-09 19:26:50", "elapsed": 1069.03684, "delta": 0.540214}}
{"target": -110.2786542147494, "params": {"momentum_down": 0.6586173670656834, "momentum_up": 0.07040385230257874, "mu_down": 0.18877602864801446, "mu_up": 0.007195254046379023}, "datetime": {"datetime": "2024-06-09 19:26:59", "elapsed": 1077.912466, "delta": 8.875626}}
{"target": -2300.0, "params": {"momentum_down": 0.4404368529699734, "momentum_up": 0.559727013431651, "mu_down": 0.48538844931991953, "mu_up": 0.004992922264033142}, "datetime": {"datetime": "2024-06-09 19:27:02", "elapsed": 1080.747746, "delta": 2.83528}}
{"target": -2300.0, "params": {"momentum_down": 0.14379805658351713, "momentum_up": 0.5320333540518237, "mu_down": 0.48912999570905463, "mu_up": 0.005558614953718376}, "datetime": {"datetime": "2024-06-09 19:27:04", "elapsed": 1083.309809, "delta": 2.562063}}
{"target": -2000.448360776126, "params": {"momentum_down": 0.7818509421959278, "momentum_up": 0.5984482812778321, "mu_down": 0.005902439067838716, "mu_up": 0.0007429386301876613}, "datetime": {"datetime": "2024-06-09 19:27:08", "elapsed": 1087.059033, "delta": 3.749224}}
{"target": -964.2930807159605, "params": {"momentum_down": 0.3320498450901713, "momentum_up": 0.4588728660567419, "mu_down": 0.041724025822503896, "mu_up": 0.009187970095026459}, "datetime": {"datetime": "2024-06-09 19:27:09", "elapsed": 1088.301731, "delta": 1.242698}}
{"target": -1487.2994383268144, "params": {"momentum_down": 0.03700006893704782, "momentum_up": 0.11593776335500149, "mu_down": 0.039325594839180356, "mu_up": 0.003174544376707435}, "datetime": {"datetime": "2024-06-09 19:27:15", "elapsed": 1094.009515, "delta": 5.707784}}
{"target": -130.2377072965205, "params": {"momentum_down": 0.5112213305100661, "momentum_up": 0.28067771780205936, "mu_down": 0.25278213464362964, "mu_up": 0.003439240119933673}, "datetime": {"datetime": "2024-06-09 19:27:20", "elapsed": 1098.760446, "delta": 4.750931}}
{"target": -100.27611198270792, "params": {"momentum_down": 0.5701769238659155, "momentum_up": 0.8826084880273583, "mu_down": 0.3697290440269692, "mu_up": 0.0035923632320930153}, "datetime": {"datetime": "2024-06-09 19:27:24", "elapsed": 1102.595552, "delta": 3.835106}}
{"target": -170.2939636130983, "params": {"momentum_down": 0.08437548951881237, "momentum_up": 0.8558946733886583, "mu_down": 0.31188755501294163, "mu_up": 0.005321563862289403}, "datetime": {"datetime": "2024-06-09 19:27:30", "elapsed": 1108.885509, "delta": 6.289957}}
{"target": -512.2845539688996, "params": {"momentum_down": 0.3203621634922304, "momentum_up": 0.6914586852242957, "mu_down": 0.0802532281083485, "mu_up": 0.009795328825581887}, "datetime": {"datetime": "2024-06-09 19:27:31", "elapsed": 1109.804345, "delta": 0.918836}}
{"target": -70.20553990619413, "params": {"momentum_down": 0.5833380086774176, "momentum_up": 0.8127176988141717, "mu_down": 0.39620614922443964, "mu_up": 0.007231246682362078}, "datetime": {"datetime": "2024-06-09 19:27:38", "elapsed": 1116.903603, "delta": 7.099258}}
{"target": -2002.1397641643935, "params": {"momentum_down": 0.8399269590394413, "momentum_up": 0.4830666155206921, "mu_down": 0.5, "mu_up": 1e-05}, "datetime": {"datetime": "2024-06-09 19:27:43", "elapsed": 1122.221364, "delta": 5.317761}}
{"target": -361.28696808356494, "params": {"momentum_down": 0.2204489064921777, "momentum_up": 0.32835127430636485, "mu_down": 0.26686534364815395, "mu_up": 0.000260480388678049}, "datetime": {"datetime": "2024-06-09 19:27:44", "elapsed": 1123.195332, "delta": 0.973968}}
{"target": -2300.0, "params": {"momentum_down": 0.7315755840228942, "momentum_up": 0.5794646808267926, "mu_down": 0.3600200581288827, "mu_up": 0.009857504788545062}, "datetime": {"datetime": "2024-06-09 19:27:45", "elapsed": 1124.309639, "delta": 1.114307}}
{"target": -70.16634976304125, "params": {"momentum_down": 0.781100027054583, "momentum_up": 0.4256998807569909, "mu_down": 0.23274111195863473, "mu_up": 0.00651222182947324}, "datetime": {"datetime": "2024-06-09 19:27:46", "elapsed": 1125.057104, "delta": 0.747465}}
{"target": -80.21189751534017, "params": {"momentum_down": 0.76016059833836, "momentum_up": 0.500662037201018, "mu_down": 0.20185329523753542, "mu_up": 0.009565351151317193}, "datetime": {"datetime": "2024-06-09 19:27:51", "elapsed": 1129.914148, "delta": 4.857044}}
{"target": -241.28546287636624, "params": {"momentum_down": 0.6830163024294233, "momentum_up": 0.3484455450234681, "mu_down": 0.27100363926831306, "mu_up": 0.0003445877485601422}, "datetime": {"datetime": "2024-06-09 19:27:57", "elapsed": 1135.653786, "delta": 5.739638}}
{"target": -90.2508895110371, "params": {"momentum_down": 0.6721031610989796, "momentum_up": 0.007513988257020777, "mu_down": 0.23241670728083794, "mu_up": 0.01}, "datetime": {"datetime": "2024-06-09 19:28:02", "elapsed": 1140.933902, "delta": 5.280116}}
{"target": -160.2603509346781, "params": {"momentum_down": 0.4232969916569099, "momentum_up": 0.11665268832476428, "mu_down": 0.22359197223713273, "mu_up": 0.01}, "datetime": {"datetime": "2024-06-09 19:28:06", "elapsed": 1144.90233, "delta": 3.968428}}
{"target": -70.28177465926838, "params": {"momentum_down": 0.5739443935107577, "momentum_up": 0.7844541001080496, "mu_down": 0.36929361767570235, "mu_up": 0.005784745796691709}, "datetime": {"datetime": "2024-06-09 19:28:10", "elapsed": 1149.242503, "delta": 4.340173}}
{"target": -100.24040042551125, "params": {"momentum_down": 0.6053118396361429, "momentum_up": 0.19522803553472184, "mu_down": 0.26224859286980684, "mu_up": 0.004072061045081588}, "datetime": {"datetime": "2024-06-09 19:28:18", "elapsed": 1157.285332, "delta": 8.042829}}
