{"target": -70.21031430527924, "params": {"momentum_down": 0.60757785302618, "momentum_up": 0.4322621443564641, "mu_down": 0.3754848155455546, "mu_up": 0.009033485084547228}, "datetime": {"datetime": "2024-06-09 19:16:43", "elapsed": 461.785613, "delta": 2.763587}}
{"target": -70.23024427813667, "params": {"momentum_down": 0.634298978862149, "momentum_up": 0.4794236080156073, "mu_down": 0.34097892632301385, "mu_up": 0.00380809793871726}, "datetime": {"datetime": "2024-06-09 19:16:46", "elapsed": 464.633702, "delta": 2.848089}}
{"target": -50.220445388296184, "params": {"momentum_down": 0.7100395899446892, "momentum_up": 0.3043123231615141, "mu_down": 0.39552849030770726, "mu_up": 0.006163884127308775}, "datetime": {"datetime": "2024-06-09 19:16:48", "elapsed": 467.426668, "delta": 2.792966}}
{"target": -60.16816171032773, "params": {"momentum_down": 0.6707253406214144, "momentum_up": 0.5005805421901026, "mu_down": 0.39196225521898914, "mu_up": 0.005140238657888242}, "datetime": {"datetime": "2024-06-09 19:16:54", "elapsed": 472.59917, "delta": 5.172502}}
{"target": -70.21757174491506, "params": {"momentum_down": 0.7557051930957905, "momentum_up": 0.4976198908825681, "mu_down": 0.3121958012227676, "mu_up": 0.0009885858010887179}, "datetime": {"datetime": "2024-06-09 19:16:56", "elapsed": 474.972037, "delta": 2.372867}}
{"target": -70.26445563405248, "params": {"momentum_down": 0.6595944166963139, "momentum_up": 0.312540075427476, "mu_down": 0.36847222374125976, "mu_up": 0.0013981998210927926}, "datetime": {"datetime": "2024-06-09 19:17:01", "elapsed": 479.892518, "delta": 4.920481}}
{"target": -50.194553917676934, "params": {"momentum_down": 0.686318861374852, "momentum_up": 0.23050516342780664, "mu_down": 0.44217123208849396, "mu_up": 0.0074139854069397715}, "datetime": {"datetime": "2024-06-09 19:17:06", "elapsed": 484.960069, "delta": 5.067551}}
{"target": -2300.0, "params": {"momentum_down": 0.9275679093600958, "momentum_up": 0.8690243192586626, "mu_down": 0.3140015338056191, "mu_up": 0.004689932624201357}, "datetime": {"datetime": "2024-06-09 19:17:08", "elapsed": 487.032615, "delta": 2.072546}}
{"target": -100.27935039555867, "params": {"momentum_down": 0.9097450677950233, "momentum_up": 0.10309820978221983, "mu_down": 0.0655839819480441, "mu_up": 0.003582622352081085}, "datetime": {"datetime": "2024-06-09 19:17:11", "elapsed": 489.623146, "delta": 2.590531}}
{"target": -492.2931050286474, "params": {"momentum_down": 0.1344261589947838, "momentum_up": 0.5985493775548038, "mu_down": 0.10613773939076732, "mu_up": 0.005668123455031208}, "datetime": {"datetime": "2024-06-09 19:17:11", "elapsed": 490.287767, "delta": 0.664621}}
{"target": -40.145106121317454, "params": {"momentum_down": 0.7897657076433677, "momentum_up": 0.10303702029201045, "mu_down": 0.4524243283222179, "mu_up": 0.004443913360892671}, "datetime": {"datetime": "2024-06-09 19:17:16", "elapsed": 494.75513, "delta": 4.467363}}
{"target": -402.28093944096383, "params": {"momentum_down": 0.1141667035442599, "momentum_up": 0.40496866811869886, "mu_down": 0.13414422665292147, "mu_up": 0.009011619622933316}, "datetime": {"datetime": "2024-06-09 19:17:18", "elapsed": 496.910495, "delta": 2.155365}}
{"target": -90.25655495039962, "params": {"momentum_down": 0.5013742192841291, "momentum_up": 0.6289047878761428, "mu_down": 0.34046247936498963, "mu_up": 0.005970068485041254}, "datetime": {"datetime": "2024-06-09 19:17:22", "elapsed": 500.72011, "delta": 3.809615}}
{"target": -90.2441584619063, "params": {"momentum_down": 0.6301993453711489, "momentum_up": 0.44453064278070203, "mu_down": 0.25913067553327745, "mu_up": 0.006667407603960466}, "datetime": {"datetime": "2024-06-09 19:17:28", "elapsed": 506.667089, "delta": 5.946979}}
{"target": -361.28619515849834, "params": {"momentum_down": 0.48044095252347385, "momentum_up": 0.6396444268528512, "mu_down": 0.17187269319465687, "mu_up": 0.00013800732590561908}, "datetime": {"datetime": "2024-06-09 19:17:30", "elapsed": 509.342274, "delta": 2.675185}}
{"target": -90.23809230690641, "params": {"momentum_down": 0.47796847829159117, "momentum_up": 0.19699611907570122, "mu_down": 0.4110252166559279, "mu_up": 0.001616124019434183}, "datetime": {"datetime": "2024-06-09 19:17:34", "elapsed": 512.628472, "delta": 3.286198}}
{"target": -140.23742213385276, "params": {"momentum_down": 0.30648070874359784, "momentum_up": 0.164135688363718, "mu_down": 0.31504882387556576, "mu_up": 0.0055956287947012354}, "datetime": {"datetime": "2024-06-09 19:17:35", "elapsed": 514.202202, "delta": 1.57373}}
{"target": -70.28724843011783, "params": {"momentum_down": 0.5328343703806241, "momentum_up": 0.40708298623643957, "mu_down": 0.4139243670367515, "mu_up": 0.00268233888158889}, "datetime": {"datetime": "2024-06-09 19:17:39", "elapsed": 518.562524, "delta": 4.360322}}
{"target": -130.25674441082245, "params": {"momentum_down": 0.35374194547519644, "momentum_up": 0.16214177511661476, "mu_down": 0.30882908262262565, "mu_up": 0.004876845236267091}, "datetime": {"datetime": "2024-06-09 19:17:42", "elapsed": 520.587873, "delta": 2.025349}}
{"target": -60.22570059155924, "params": {"momentum_down": 0.8889033337602967, "momentum_up": 0.1752639226190368, "mu_down": 0.40201176397334354, "mu_up": 0.004988102794674616}, "datetime": {"datetime": "2024-06-09 19:17:45", "elapsed": 524.035329, "delta": 3.447456}}
{"target": -5763.615459342434, "params": {"momentum_down": 0.9206437899247423, "momentum_up": 0.4996820833361471, "mu_down": 0.24835754535372273, "mu_up": 0.0035079714624913936}, "datetime": {"datetime": "2024-06-09 19:17:46", "elapsed": 525.55365, "delta": 1.518321}}
{"target": -150.2910201204682, "params": {"momentum_down": 0.10171412080605002, "momentum_up": 0.785024607135388, "mu_down": 0.34791109200168224, "mu_up": 0.007400741706103749}, "datetime": {"datetime": "2024-06-09 19:17:47", "elapsed": 526.171397, "delta": 0.617747}}
{"target": -120.29681153919398, "params": {"momentum_down": 0.5277655472698045, "momentum_up": 0.3499882844933034, "mu_down": 0.23339390551478062, "mu_up": 0.005601492661846406}, "datetime": {"datetime": "2024-06-09 19:17:47", "elapsed": 526.536239, "delta": 0.364842}}
{"target": -88366.15001106338, "params": {"momentum_down": 0.25431640636816355, "momentum_up": 0.9306377321735816, "mu_down": 0.11410605620873254, "mu_up": 0.0036051689982221887}, "datetime": {"datetime": "2024-06-09 19:17:52", "elapsed": 531.229275, "delta": 4.693036}}
{"target": -2300.0, "params": {"momentum_down": 0.20598164237283834, "momentum_up": 0.9886853507592196, "mu_down": 0.08476333840030909, "mu_up": 0.003768475626330827}, "datetime": {"datetime": "2024-06-09 19:17:55", "elapsed": 534.466268, "delta": 3.236993}}
{"target": -2300.0, "params": {"momentum_down": 0.16933692743946197, "momentum_up": 0.9644524268221, "mu_down": 0.14389679589172544, "mu_up": 0.0029290232709024426}, "datetime": {"datetime": "2024-06-09 19:18:00", "elapsed": 538.720817, "delta": 4.254549}}
{"target": -90.20798774052892, "params": {"momentum_down": 0.5315184339405981, "momentum_up": 0.6898679505701787, "mu_down": 0.35458075653348653, "mu_up": 0.0034520136030356885}, "datetime": {"datetime": "2024-06-09 19:18:03", "elapsed": 542.315891, "delta": 3.595074}}
{"target": -80.25800609904407, "params": {"momentum_down": 0.5424187617214499, "momentum_up": 0.5226949715443614, "mu_down": 0.3722287075399173, "mu_up": 0.0020185477732658974}, "datetime": {"datetime": "2024-06-09 19:18:08", "elapsed": 547.054855, "delta": 4.738964}}
{"target": -170.2495997250262, "params": {"momentum_down": 0.20251613939815408, "momentum_up": 0.13246058461107893, "mu_down": 0.29588674866001335, "mu_up": 0.003400536444019311}, "datetime": {"datetime": "2024-06-09 19:18:10", "elapsed": 548.919976, "delta": 1.865121}}
{"target": -1005.2934891035854, "params": {"momentum_down": 0.4915710645029656, "momentum_up": 0.54645001759824, "mu_down": 0.3992319164272182, "mu_up": 6.880162681474725e-05}, "datetime": {"datetime": "2024-06-09 19:18:13", "elapsed": 552.395848, "delta": 3.475872}}
{"target": -90.2510715279147, "params": {"momentum_down": 0.5283791268922919, "momentum_up": 0.45270000880613087, "mu_down": 0.35542610983471584, "mu_up": 0.0014279447666461853}, "datetime": {"datetime": "2024-06-09 19:18:17", "elapsed": 556.153896, "delta": 3.758048}}
{"target": -180.25149660506708, "params": {"momentum_down": 0.7845708294899023, "momentum_up": 0.23395916410520115, "mu_down": 0.07904455084131806, "mu_up": 0.002347454785983235}, "datetime": {"datetime": "2024-06-09 19:18:20", "elapsed": 559.178153, "delta": 3.024257}}
{"target": -422.2828775224394, "params": {"momentum_down": 0.4807882861715299, "momentum_up": 0.45800450637892004, "mu_down": 0.07475401373710783, "mu_up": 0.00730057059112618}, "datetime": {"datetime": "2024-06-09 19:18:21", "elapsed": 560.182358, "delta": 1.004205}}
{"target": -60.198888652047316, "params": {"momentum_down": 0.5979610952952316, "momentum_up": 0.5365482843828324, "mu_down": 0.45733936420315124, "mu_up": 0.006983723600162191}, "datetime": {"datetime": "2024-06-09 19:18:28", "elapsed": 566.796091, "delta": 6.613733}}
{"target": -50.15695881695908, "params": {"momentum_down": 0.741672960572993, "momentum_up": 0.12209949184319688, "mu_down": 0.4046163543234228, "mu_up": 0.004164941993952663}, "datetime": {"datetime": "2024-06-09 19:18:35", "elapsed": 574.07459, "delta": 7.278499}}
{"target": -2300.0, "params": {"momentum_down": 0.10418024260203695, "momentum_up": 0.049021919817496755, "mu_down": 0.4140684892219935, "mu_up": 0.00021604425734908294}, "datetime": {"datetime": "2024-06-09 19:18:35", "elapsed": 574.382163, "delta": 0.307573}}
{"target": -60.25453275096591, "params": {"momentum_down": 0.5854954015700826, "momentum_up": 0.4037403435944179, "mu_down": 0.4819422902998864, "mu_up": 0.0015967685409920167}, "datetime": {"datetime": "2024-06-09 19:18:40", "elapsed": 578.744282, "delta": 4.362119}}
{"target": -100.24651713250799, "params": {"momentum_down": 0.5705763224607325, "momentum_up": 0.4951344718879648, "mu_down": 0.30477252625270085, "mu_up": 0.001004910381840054}, "datetime": {"datetime": "2024-06-09 19:18:43", "elapsed": 581.974921, "delta": 3.230639}}
{"target": -2300.0, "params": {"momentum_down": 0.8535561320484018, "momentum_up": 0.575461643279377, "mu_down": 0.49547129106640164, "mu_up": 0.007005493119763159}, "datetime": {"datetime": "2024-06-09 19:18:46", "elapsed": 585.009074, "delta": 3.034153}}
{"target": -110.22831811102202, "params": {"momentum_down": 0.5014180188573653, "momentum_up": 0.5091523650859072, "mu_down": 0.28990048500058163, "mu_up": 0.007929149200795347}, "datetime": {"datetime": "2024-06-09 19:18:52", "elapsed": 590.905181, "delta": 5.896107}}
{"target": -291.2758386687435, "params": {"momentum_down": 0.00413499369971133, "momentum_up": 0.41085928014546086, "mu_down": 0.20312648151202256, "mu_up": 0.0031442317945392217}, "datetime": {"datetime": "2024-06-09 19:18:52", "elapsed": 591.513684, "delta": 0.608503}}
{"target": -60.248066081733846, "params": {"momentum_down": 0.6191066430505989, "momentum_up": 0.301401958719921, "mu_down": 0.41645142308250416, "mu_up": 0.0035397232433815973}, "datetime": {"datetime": "2024-06-09 19:18:57", "elapsed": 596.163884, "delta": 4.6502}}
{"target": -70.21991315459294, "params": {"momentum_down": 0.5623415940099565, "momentum_up": 0.20884485331274782, "mu_down": 0.4157748297376326, "mu_up": 0.006858706517544663}, "datetime": {"datetime": "2024-06-09 19:19:00", "elapsed": 599.504866, "delta": 3.340982}}
{"target": -80.29766412551064, "params": {"momentum_down": 0.6124035741611701, "momentum_up": 0.5438454902934897, "mu_down": 0.33472781321768413, "mu_up": 0.0008758496197738674}, "datetime": {"datetime": "2024-06-09 19:19:04", "elapsed": 602.661292, "delta": 3.156426}}
{"target": -70.25863388125238, "params": {"momentum_down": 0.6037565730014313, "momentum_up": 0.6552167029789047, "mu_down": 0.35732734945953104, "mu_up": 0.002799648397560695}, "datetime": {"datetime": "2024-06-09 19:19:10", "elapsed": 608.81233, "delta": 6.151038}}
{"target": -2208.339269554179, "params": {"momentum_down": 0.23476050047726033, "momentum_up": 0.5490528245483842, "mu_down": 0.00041472235787520795, "mu_up": 0.0017676554157686649}, "datetime": {"datetime": "2024-06-09 19:19:13", "elapsed": 612.174672, "delta": 3.362342}}
{"target": -80.2821064232877, "params": {"momentum_down": 0.5488536130152315, "momentum_up": 0.37265484948431526, "mu_down": 0.35522166235329355, "mu_up": 0.004107315645962715}, "datetime": {"datetime": "2024-06-09 19:19:17", "elapsed": 615.926062, "delta": 3.75139}}
{"target": -110.22406652279294, "params": {"momentum_down": 0.45633555812342136, "momentum_up": 0.16084506223162734, "mu_down": 0.32529097510986843, "mu_up": 0.006523827039446448}, "datetime": {"datetime": "2024-06-09 19:19:19", "elapsed": 617.740754, "delta": 1.814692}}
{"target": -60.18676361539857, "params": {"momentum_down": 0.6398552915612302, "momentum_up": 0.4674322437781785, "mu_down": 0.4352204142577047, "mu_up": 0.009467613662389664}, "datetime": {"datetime": "2024-06-09 19:19:22", "elapsed": 620.821405, "delta": 3.080651}}
{"target": -70.2378595899211, "params": {"momentum_down": 0.7431217401167443, "momentum_up": 0.2922330387206574, "mu_down": 0.45606307378218436, "mu_up": 0.0012160040668627553}, "datetime": {"datetime": "2024-06-09 19:19:26", "elapsed": 625.20882, "delta": 4.387415}}
{"target": -251.27495548013104, "params": {"momentum_down": 0.5744709378830928, "momentum_up": 0.6083759249306634, "mu_down": 0.10396254232429014, "mu_up": 0.0028146737706569603}, "datetime": {"datetime": "2024-06-09 19:19:29", "elapsed": 627.863826, "delta": 2.655006}}
{"target": -231.28286570678733, "params": {"momentum_down": 0.5785088232849961, "momentum_up": 0.5560139909914884, "mu_down": 0.1110004863411696, "mu_up": 0.0027678701887154625}, "datetime": {"datetime": "2024-06-09 19:19:30", "elapsed": 629.546695, "delta": 1.682869}}
{"target": -40.11612699952316, "params": {"momentum_down": 0.774992310732206, "momentum_up": 0.17084800240937897, "mu_down": 0.45575362473085423, "mu_up": 0.00979944061394169}, "datetime": {"datetime": "2024-06-09 19:19:36", "elapsed": 634.710092, "delta": 5.163397}}
{"target": -2001.1963244112742, "params": {"momentum_down": 0.49637393020000664, "momentum_up": 0.6586666015660682, "mu_down": 0.41124505395481536, "mu_up": 1e-05}, "datetime": {"datetime": "2024-06-09 19:19:40", "elapsed": 639.564679, "delta": 4.854587}}
{"target": -50.216458732694576, "params": {"momentum_down": 0.7473539937469235, "momentum_up": 0.17051821688326896, "mu_down": 0.35455756137160677, "mu_up": 0.006853346112946554}, "datetime": {"datetime": "2024-06-09 19:19:43", "elapsed": 642.459524, "delta": 2.894845}}
{"target": -180.25529868493913, "params": {"momentum_down": 0.619867366699815, "momentum_up": 0.09510051788997165, "mu_down": 0.1340288592464664, "mu_up": 0.0033597374690964464}, "datetime": {"datetime": "2024-06-09 19:19:48", "elapsed": 646.71045, "delta": 4.250926}}
{"target": -60.17491751554062, "params": {"momentum_down": 0.6076799384229785, "momentum_up": 0.6209274986631983, "mu_down": 0.4551605403315349, "mu_up": 0.0050498765807891035}, "datetime": {"datetime": "2024-06-09 19:19:48", "elapsed": 647.155663, "delta": 0.445213}}
{"target": -70.26546532876169, "params": {"momentum_down": 0.6723909556178955, "momentum_up": 0.16412454266438437, "mu_down": 0.3455297069055007, "mu_up": 0.0017388550417629994}, "datetime": {"datetime": "2024-06-09 19:19:51", "elapsed": 649.746644, "delta": 2.590981}}
{"target": -2300.0, "params": {"momentum_down": 0.20110593890441944, "momentum_up": 0.9892446308557126, "mu_down": 0.11444840107694759, "mu_up": 0.003241686771060232}, "datetime": {"datetime": "2024-06-09 19:19:56", "elapsed": 654.944112, "delta": 5.197468}}
{"target": -70.26467654706087, "params": {"momentum_down": 0.6020471534648119, "momentum_up": 0.33311294636780775, "mu_down": 0.3503573500145036, "mu_up": 0.01}, "datetime": {"datetime": "2024-06-09 19:20:00", "elapsed": 658.712371, "delta": 3.768259}}
{"target": -160.29825056336915, "params": {"momentum_down": 0.6307446716685344, "momentum_up": 0.2344375896373068, "mu_down": 0.42169111603137877, "mu_up": 0.0005890881530247208}, "datetime": {"datetime": "2024-06-09 19:20:03", "elapsed": 662.292419, "delta": 3.580048}}
{"target": -120.26398628746652, "params": {"momentum_down": 0.74188029333472, "momentum_up": 0.43500660705426486, "mu_down": 0.4387470610048844, "mu_up": 0.00906379604624324}, "datetime": {"datetime": "2024-06-09 19:20:06", "elapsed": 664.628383, "delta": 2.335964}}
{"target": -140.27173975175057, "params": {"momentum_down": 0.6288193743187983, "momentum_up": 0.008784683576838506, "mu_down": 0.19097711792099503, "mu_up": 0.0013318505137569247}, "datetime": {"datetime": "2024-06-09 19:20:08", "elapsed": 667.368608, "delta": 2.740225}}
{"target": -80.24835941333022, "params": {"momentum_down": 0.5171097608227297, "momentum_up": 0.8058120771619549, "mu_down": 0.37310898146208943, "mu_up": 0.006876444063664333}, "datetime": {"datetime": "2024-06-09 19:20:09", "elapsed": 667.996268, "delta": 0.62766}}
{"target": -80.19878394652996, "params": {"momentum_down": 0.6023864184879609, "momentum_up": 0.19203952590437984, "mu_down": 0.3438688271221029, "mu_up": 0.004036607131038429}, "datetime": {"datetime": "2024-06-09 19:20:15", "elapsed": 673.682913, "delta": 5.686645}}
{"target": -90.2892362153526, "params": {"momentum_down": 0.5620172312672779, "momentum_up": 0.3597042494219867, "mu_down": 0.29121126523990626, "mu_up": 0.007945728040258759}, "datetime": {"datetime": "2024-06-09 19:20:19", "elapsed": 677.86135, "delta": 4.178437}}
{"target": -2300.0, "params": {"momentum_down": 0.08161383514753082, "momentum_up": 0.8427820275788512, "mu_down": 0.492958612536849, "mu_up": 0.00496649834568317}, "datetime": {"datetime": "2024-06-09 19:20:19", "elapsed": 678.47113, "delta": 0.60978}}
{"target": -201.2633936373243, "params": {"momentum_down": 0.15914794476109878, "momentum_up": 0.5950477058346397, "mu_down": 0.2527773121694802, "mu_up": 0.005904683293268131}, "datetime": {"datetime": "2024-06-09 19:20:22", "elapsed": 681.141273, "delta": 2.670143}}
{"target": -160.2968779084155, "params": {"momentum_down": 0.4292244850115715, "momentum_up": 0.8310227628735322, "mu_down": 0.21550515857423586, "mu_up": 0.0059281036935515665}, "datetime": {"datetime": "2024-06-09 19:20:25", "elapsed": 683.702889, "delta": 2.561616}}
{"target": -70.29180828308498, "params": {"momentum_down": 0.7060061527119073, "momentum_up": 0.4092148959884626, "mu_down": 0.25995268009011546, "mu_up": 0.005117880342620145}, "datetime": {"datetime": "2024-06-09 19:20:27", "elapsed": 686.210419, "delta": 2.50753}}
{"target": -2300.0, "params": {"momentum_down": 0.6497295740316739, "momentum_up": 0.928594915963839, "mu_down": 0.1915595868638431, "mu_up": 0.008398614496339853}, "datetime": {"datetime": "2024-06-09 19:20:28", "elapsed": 687.56204, "delta": 1.351621}}
{"target": -80.16962280824725, "params": {"momentum_down": 0.6217505582348276, "momentum_up": 0.8498379285370528, "mu_down": 0.34664391686064305, "mu_up": 0.002588526086297406}, "datetime": {"datetime": "2024-06-09 19:20:29", "elapsed": 688.239668, "delta": 0.677628}}
{"target": -110.24132634429293, "params": {"momentum_down": 0.3550117763527493, "momentum_up": 0.644397872527666, "mu_down": 0.37732325978749554, "mu_up": 0.0031985114405326106}, "datetime": {"datetime": "2024-06-09 19:20:32", "elapsed": 691.173224, "delta": 2.933556}}
{"target": -90.24628932832218, "params": {"momentum_down": 0.4645709386895269, "momentum_up": 0.455806942697401, "mu_down": 0.39036525471467914, "mu_up": 0.004407951719405353}, "datetime": {"datetime": "2024-06-09 19:20:38", "elapsed": 697.521418, "delta": 6.348194}}
{"target": -140.28698228250767, "params": {"momentum_down": 0.1949018011682754, "momentum_up": 0.8186778927675069, "mu_down": 0.3348322984750984, "mu_up": 0.008310071706989143}, "datetime": {"datetime": "2024-06-09 19:20:41", "elapsed": 700.035998, "delta": 2.51458}}
{"target": -60.23335365241998, "params": {"momentum_down": 0.7260471912539582, "momentum_up": 0.20509835747400407, "mu_down": 0.3026996074803808, "mu_up": 0.007291358800025635}, "datetime": {"datetime": "2024-06-09 19:20:46", "elapsed": 704.909581, "delta": 4.873583}}
{"target": -70.25477472392394, "params": {"momentum_down": 0.6561388100811514, "momentum_up": 0.22107170746631913, "mu_down": 0.3121441802051948, "mu_up": 0.008502373315111984}, "datetime": {"datetime": "2024-06-09 19:20:54", "elapsed": 713.539997, "delta": 8.630416}}
{"target": -2300.0, "params": {"momentum_down": 0.0404970509588402, "momentum_up": 0.40712002966918964, "mu_down": 0.4576057027929901, "mu_up": 0.00974479504103001}, "datetime": {"datetime": "2024-06-09 19:20:55", "elapsed": 713.911008, "delta": 0.371011}}
{"target": -50.29822620468667, "params": {"momentum_down": 0.6678574732943355, "momentum_up": 0.27339768239140566, "mu_down": 0.4062069646338099, "mu_up": 0.00929915641356456}, "datetime": {"datetime": "2024-06-09 19:20:55", "elapsed": 714.466044, "delta": 0.555036}}
{"target": -2000.636745313084, "params": {"momentum_down": 0.03806075316194625, "momentum_up": 0.5493622078047496, "mu_down": 0.022717217405415324, "mu_up": 0.005409438596092805}, "datetime": {"datetime": "2024-06-09 19:20:59", "elapsed": 718.196336, "delta": 3.730292}}
{"target": -100.29405002459775, "params": {"momentum_down": 0.5154663758185959, "momentum_up": 0.7591471603897864, "mu_down": 0.3197064857839094, "mu_up": 0.000653194079364904}, "datetime": {"datetime": "2024-06-09 19:21:04", "elapsed": 722.579049, "delta": 4.382713}}
{"target": -90.26235644409472, "params": {"momentum_down": 0.5753149737417361, "momentum_up": 0.7873950984901439, "mu_down": 0.29133695025425893, "mu_up": 0.004450257451606766}, "datetime": {"datetime": "2024-06-09 19:21:07", "elapsed": 726.14843, "delta": 3.569381}}
