{"target": -2248.5356633302936, "params": {"momentum_down": 0.4128517846555483, "momentum_up": 0.7131212485077365, "mu_down": 5.718740867244332e-05, "mu_up": 0.0030303024005920794}, "datetime": {"datetime": "2024-01-23 20:36:33", "elapsed": 0.0, "delta": 0.0}}
{"target": -221.29152335791176, "params": {"momentum_down": 0.14528833190894191, "momentum_up": 0.09141520882110982, "mu_down": 0.09313010568883545, "mu_up": 0.0034621516631600474}, "datetime": {"datetime": "2024-01-23 20:36:33", "elapsed": 0.170695, "delta": 0.170695}}
{"target": -70.26434859058895, "params": {"momentum_down": 0.39279979948836324, "momentum_up": 0.5334285666633234, "mu_down": 0.2095972572016474, "mu_up": 0.006855342808963627}, "datetime": {"datetime": "2024-01-23 20:36:33", "elapsed": 0.225872, "delta": 0.055177}}
{"target": -1386.298427448427, "params": {"momentum_down": 0.20240772723420225, "momentum_up": 0.869336262027036, "mu_down": 0.013693796598963082, "mu_up": 0.006707970426682238}, "datetime": {"datetime": "2024-01-23 20:36:35", "elapsed": 1.268522, "delta": 1.04265}}
{"target": -201.2877248165942, "params": {"momentum_down": 0.41313175434345567, "momentum_up": 0.5531029301612941, "mu_down": 0.07019346929761688, "mu_up": 0.0019890338759579393}, "datetime": {"datetime": "2024-01-23 20:36:35", "elapsed": 1.421548, "delta": 0.153026}}
{"target": -2335.418738137683, "params": {"momentum_down": 0.7927371229887813, "momentum_up": 0.9585789599622035, "mu_down": 0.15671208907962142, "mu_up": 0.006926302930536448}, "datetime": {"datetime": "2024-01-23 20:36:36", "elapsed": 2.934837, "delta": 1.513289}}
{"target": -90.28118499852091, "params": {"momentum_down": 0.8676252607730779, "momentum_up": 0.8856605968688088, "mu_down": 0.042522105684888956, "mu_up": 0.00040015728449649483}, "datetime": {"datetime": "2024-01-23 20:36:36", "elapsed": 3.004207, "delta": 0.06937}}
{"target": -402.27651349910496, "params": {"momentum_down": 0.16813211536892322, "momentum_up": 0.869361078395119, "mu_down": 0.04917341691652505, "mu_up": 0.004216865173800471}, "datetime": {"datetime": "2024-01-23 20:36:37", "elapsed": 3.308743, "delta": 0.304536}}
{"target": -2423.95210605863, "params": {"momentum_down": 0.9483106348489969, "momentum_up": 0.5278336321232869, "mu_down": 0.3459385569752367, "mu_up": 0.003162001153750569}, "datetime": {"datetime": "2024-01-23 20:36:38", "elapsed": 4.83057, "delta": 1.521827}}
{"target": -834.2922946243781, "params": {"momentum_down": 0.6796359184047678, "momentum_up": 0.8262794151783992, "mu_down": 0.009144138672095903, "mu_up": 0.007503941706300225}, "datetime": {"datetime": "2024-01-23 20:36:39", "elapsed": 5.459173, "delta": 0.628603}}
{"target": -2300.0, "params": {"momentum_down": 0.9789724780174297, "momentum_up": 0.740683997836041, "mu_down": 0.1402219960322026, "mu_up": 0.00789490049123037}, "datetime": {"datetime": "2024-01-23 20:36:39", "elapsed": 5.506136, "delta": 0.046963}}
{"target": -2300.0, "params": {"momentum_down": 0.10219374651186561, "momentum_up": 0.4434145909141461, "mu_down": 0.4542977515465478, "mu_up": 0.0029432053422530583}, "datetime": {"datetime": "2024-01-23 20:36:39", "elapsed": 5.515134, "delta": 0.008998}}
{"target": -1748.2947595393034, "params": {"momentum_down": 0.28489758520048525, "momentum_up": 0.1287282863970949, "mu_down": 0.009683478935148537, "mu_up": 0.0067915669740695106}, "datetime": {"datetime": "2024-01-23 20:36:40", "elapsed": 6.859266, "delta": 1.344132}}
{"target": -201.29898757644943, "params": {"momentum_down": 0.20951183484005845, "momentum_up": 0.2628911927785039, "mu_down": 0.24578657964016914, "mu_up": 0.0005430918257196331}, "datetime": {"datetime": "2024-01-23 20:36:40", "elapsed": 7.023189, "delta": 0.163923}}
{"target": -40.220252605548424, "params": {"momentum_down": 0.568376429437093, "momentum_up": 0.14526128915675204, "mu_down": 0.2946527684516421, "mu_up": 0.007000586016609103}, "datetime": {"datetime": "2024-01-23 20:36:40", "elapsed": 7.056829, "delta": 0.03364}}
{"target": -70.20743708019172, "params": {"momentum_down": 0.10131108453954758, "momentum_up": 0.40991542794137265, "mu_down": 0.34720007886387255, "mu_up": 0.004147650902573757}, "datetime": {"datetime": "2024-01-23 20:36:40", "elapsed": 7.113815, "delta": 0.056986}}
{"target": -70.2596983093119, "params": {"momentum_down": 0.04945392435662629, "momentum_up": 0.5305374418563564, "mu_down": 0.3318973226098944, "mu_up": 0.005153742229462502}, "datetime": {"datetime": "2024-01-23 20:36:40", "elapsed": 7.171332, "delta": 0.057517}}
{"target": -3375.465391717159, "params": {"momentum_down": 0.9351488084309052, "momentum_up": 0.580689490096973, "mu_down": 0.45170095764394175, "mu_up": 0.001383372294420913}, "datetime": {"datetime": "2024-01-23 20:36:42", "elapsed": 8.697572, "delta": 1.52624}}
{"target": -100.2951463395729, "params": {"momentum_down": 0.13788358377825097, "momentum_up": 0.7993173758224286, "mu_down": 0.1988384184927668, "mu_up": 0.0016618884291981586}, "datetime": {"datetime": "2024-01-23 20:36:42", "elapsed": 8.776183, "delta": 0.078611}}
{"target": -2300.0, "params": {"momentum_down": 0.9182334945920736, "momentum_up": 0.3442882011480515, "mu_down": 0.37540605156807777, "mu_up": 0.00726271987365101}, "datetime": {"datetime": "2024-01-23 20:36:42", "elapsed": 8.816752, "delta": 0.040569}}
{"target": -2005.2921745397477, "params": {"momentum_down": 0.05908323069121823, "momentum_up": 0.8352338935258937, "mu_down": 0.00385992799206053, "mu_up": 0.0016269907327848352}, "datetime": {"datetime": "2024-01-23 20:36:44", "elapsed": 10.577163, "delta": 1.760411}}
{"target": -2300.0, "params": {"momentum_down": 0.9069589001463934, "momentum_up": 0.36354899928302215, "mu_down": 0.3450260119631698, "mu_up": 0.008015205643926259}, "datetime": {"datetime": "2024-01-23 20:36:44", "elapsed": 10.720777, "delta": 0.143614}}
{"target": -90.23394797388686, "params": {"momentum_down": 0.09737993753804258, "momentum_up": 0.4516696603697677, "mu_down": 0.2554393289815808, "mu_up": 0.004810516272362989}, "datetime": {"datetime": "2024-01-23 20:36:45", "elapsed": 11.290318, "delta": 0.569541}}
{"target": -90.22833809472485, "params": {"momentum_down": 0.08220230615063842, "momentum_up": 0.319585684296117, "mu_down": 0.26641262767218554, "mu_up": 0.005273364562986981}, "datetime": {"datetime": "2024-01-23 20:36:45", "elapsed": 11.801173, "delta": 0.510855}}
{"target": -1065.2951598357045, "params": {"momentum_down": 0.6829552711266765, "momentum_up": 0.8200280106751745, "mu_down": 0.007075115855367187, "mu_up": 0.005059417253543315}, "datetime": {"datetime": "2024-01-23 20:36:46", "elapsed": 12.903202, "delta": 1.102029}}
{"target": -80.23832313993194, "params": {"momentum_down": 0.17216895371609967, "momentum_up": 0.37203729906171107, "mu_down": 0.27849471020076727, "mu_up": 0.0032307168423989802}, "datetime": {"datetime": "2024-01-23 20:36:47", "elapsed": 13.3857, "delta": 0.482498}}
{"target": -130.26279647549077, "params": {"momentum_down": 0.16508955964936312, "momentum_up": 0.8989223283376495, "mu_down": 0.15745977484992435, "mu_up": 0.0005912159366735358}, "datetime": {"datetime": "2024-01-23 20:36:47", "elapsed": 13.924437, "delta": 0.538737}}
{"target": -80.19116541923677, "params": {"momentum_down": 0.3735054796454565, "momentum_up": 0.2977336779752298, "mu_down": 0.20760066145113137, "mu_up": 0.008312191826467419}, "datetime": {"datetime": "2024-01-23 20:36:47", "elapsed": 14.107434, "delta": 0.182997}}
{"target": -110.25789271410129, "params": {"momentum_down": 0.3506947669495959, "momentum_up": 0.42847975223009627, "mu_down": 0.15089408581820268, "mu_up": 0.0034843611404281266}, "datetime": {"datetime": "2024-01-23 20:36:48", "elapsed": 14.61662, "delta": 0.509186}}
{"target": -80.26691855377258, "params": {"momentum_down": 0.2844696061958311, "momentum_up": 0.7909569378049244, "mu_down": 0.21179462992003556, "mu_up": 0.00554526090242}, "datetime": {"datetime": "2024-01-23 20:36:48", "elapsed": 14.787604, "delta": 0.170984}}
{"target": -160.24554575223814, "params": {"momentum_down": 0.29121747473762954, "momentum_up": 0.14947591936975227, "mu_down": 0.11266826887935166, "mu_up": 0.0037276092306272736}, "datetime": {"datetime": "2024-01-23 20:36:48", "elapsed": 15.123631, "delta": 0.336027}}
{"target": -80.26951052733334, "params": {"momentum_down": 0.34617613773605976, "momentum_up": 0.15809910294484458, "mu_down": 0.23395137719674747, "mu_up": 0.00241174593584044}, "datetime": {"datetime": "2024-01-23 20:36:49", "elapsed": 15.879694, "delta": 0.756063}}
{"target": -2206.315575656072, "params": {"momentum_down": 0.865150688649818, "momentum_up": 0.7582079845888144, "mu_down": 0.19441990815854016, "mu_up": 0.008751090266893491}, "datetime": {"datetime": "2024-01-23 20:36:51", "elapsed": 17.748952, "delta": 1.869258}}
{"target": -80.2883956446983, "params": {"momentum_down": 0.221630756241691, "momentum_up": 0.6157328246316942, "mu_down": 0.2317199409746962, "mu_up": 0.0045856094682281915}, "datetime": {"datetime": "2024-01-23 20:36:52", "elapsed": 18.370269, "delta": 0.621317}}
{"target": -90.2163318710543, "params": {"momentum_down": 0.2061680249712349, "momentum_up": 0.09465078310494546, "mu_down": 0.22682881039400601, "mu_up": 0.01}, "datetime": {"datetime": "2024-01-23 20:36:52", "elapsed": 18.98587, "delta": 0.615601}}
{"target": -60.21256201127381, "params": {"momentum_down": 0.20362296828623266, "momentum_up": 0.7369765517742962, "mu_down": 0.3343690220257976, "mu_up": 0.01}, "datetime": {"datetime": "2024-01-23 20:36:53", "elapsed": 19.623748, "delta": 0.637878}}
{"target": -80.28688146267713, "params": {"momentum_down": 0.057246122461019205, "momentum_up": 0.6660845819984077, "mu_down": 0.27544204013251683, "mu_up": 0.007195891904730595}, "datetime": {"datetime": "2024-01-23 20:36:54", "elapsed": 20.399372, "delta": 0.775624}}
{"target": -562.2791601943869, "params": {"momentum_down": 0.9387182763436606, "momentum_up": 0.7816741046984651, "mu_down": 0.2880532468427946, "mu_up": 0.005980773441519915}, "datetime": {"datetime": "2024-01-23 20:36:55", "elapsed": 21.260535, "delta": 0.861163}}
{"target": -2004.0649896188984, "params": {"momentum_down": 0.49389050493951636, "momentum_up": 0.2002510330561307, "mu_down": 0.1796209250015521, "mu_up": 1e-05}, "datetime": {"datetime": "2024-01-23 20:36:57", "elapsed": 23.496482, "delta": 2.235947}}
{"target": -30.22957606382591, "params": {"momentum_down": 0.577733109612321, "momentum_up": 0.7679716685750269, "mu_down": 0.4530627988289052, "mu_up": 0.002088237594726224}, "datetime": {"datetime": "2024-01-23 20:36:57", "elapsed": 23.692699, "delta": 0.196217}}
{"target": -1125.2960229400558, "params": {"momentum_down": 0.3418920302906971, "momentum_up": 0.050783139944782535, "mu_down": 0.013802819900307628, "mu_up": 0.007475413277332519}, "datetime": {"datetime": "2024-01-23 20:36:58", "elapsed": 24.893923, "delta": 1.201224}}
{"target": -60.225495789104116, "params": {"momentum_down": 0.3268644393301759, "momentum_up": 0.4109181749792693, "mu_down": 0.2830660479790545, "mu_up": 0.01}, "datetime": {"datetime": "2024-01-23 20:36:59", "elapsed": 25.578904, "delta": 0.684981}}
{"target": -80.18502159882158, "params": {"momentum_down": 0.241222219948625, "momentum_up": 0.8947870425786013, "mu_down": 0.26099686153071455, "mu_up": 0.0052817421245373196}, "datetime": {"datetime": "2024-01-23 20:36:59", "elapsed": 25.8883, "delta": 0.309396}}
{"target": -60.1807771147875, "params": {"momentum_down": 0.3448712056816703, "momentum_up": 0.6712995364292823, "mu_down": 0.3110200463032507, "mu_up": 0.0023485193536614945}, "datetime": {"datetime": "2024-01-23 20:37:00", "elapsed": 26.618996, "delta": 0.730696}}
{"target": -180.26130424295653, "params": {"momentum_down": 0.31122724904073773, "momentum_up": 0.5844690992125787, "mu_down": 0.09193336249480383, "mu_up": 0.0068836020898429585}, "datetime": {"datetime": "2024-01-23 20:37:00", "elapsed": 27.135735, "delta": 0.516739}}
{"target": -50.14311233645038, "params": {"momentum_down": 0.36200182054204155, "momentum_up": 0.816780949551997, "mu_down": 0.36151396761971727, "mu_up": 0.005795502260454877}, "datetime": {"datetime": "2024-01-23 20:37:01", "elapsed": 27.866764, "delta": 0.731029}}
{"target": -2300.0, "params": {"momentum_down": 0.2530379408019461, "momentum_up": 0.3100677379619884, "mu_down": 0.4303117180931709, "mu_up": 0.008867258765827068}, "datetime": {"datetime": "2024-01-23 20:37:01", "elapsed": 28.017172, "delta": 0.150408}}
{"target": -140.26030815651436, "params": {"momentum_down": 0.23177256116957898, "momentum_up": 0.33689026407406525, "mu_down": 0.1332966358597533, "mu_up": 0.01}, "datetime": {"datetime": "2024-01-23 20:37:02", "elapsed": 28.815754, "delta": 0.798582}}
{"target": -50.266364325602034, "params": {"momentum_down": 0.7679692411055381, "momentum_up": 0.44341114154766337, "mu_down": 0.33310383538538024, "mu_up": 0.0015295301073427509}, "datetime": {"datetime": "2024-01-23 20:37:02", "elapsed": 28.985252, "delta": 0.169498}}
{"target": -40.158637794816364, "params": {"momentum_down": 0.47814758765419596, "momentum_up": 0.708707749174886, "mu_down": 0.3537895960370361, "mu_up": 0.00706098878121671}, "datetime": {"datetime": "2024-01-23 20:37:03", "elapsed": 29.712237, "delta": 0.726985}}
{"target": -40.29669639721867, "params": {"momentum_down": 0.6369831454101413, "momentum_up": 0.46439166725131786, "mu_down": 0.32008010304191586, "mu_up": 0.0018774394404436625}, "datetime": {"datetime": "2024-01-23 20:37:04", "elapsed": 30.406522, "delta": 0.694285}}
{"target": -2300.0, "params": {"momentum_down": 0.43252089401467025, "momentum_up": 0.7265809978112568, "mu_down": 0.4889757384063977, "mu_up": 0.00029559903585998606}, "datetime": {"datetime": "2024-01-23 20:37:04", "elapsed": 31.23238, "delta": 0.825858}}
{"target": -110.25295426865229, "params": {"momentum_down": 0.7118143316552588, "momentum_up": 0.784200613695581, "mu_down": 0.4705248232126664, "mu_up": 0.0003375307304526591}, "datetime": {"datetime": "2024-01-23 20:37:05", "elapsed": 31.638008, "delta": 0.405628}}
{"target": -160.29042840178056, "params": {"momentum_down": 0.41611763594158363, "momentum_up": 0.07890653593388708, "mu_down": 0.08815073614580893, "mu_up": 0.004201733142799459}, "datetime": {"datetime": "2024-01-23 20:37:05", "elapsed": 32.222467, "delta": 0.584459}}
{"target": -70.20587875034663, "params": {"momentum_down": 0.5550650962229202, "momentum_up": 0.38380593308260863, "mu_down": 0.20436459279484365, "mu_up": 0.0019383552997329573}, "datetime": {"datetime": "2024-01-23 20:37:06", "elapsed": 32.507059, "delta": 0.284592}}
{"target": -221.27191080898137, "params": {"momentum_down": 0.3317226081749346, "momentum_up": 0.2057337095030188, "mu_down": 0.08029543417601143, "mu_up": 0.0009610749817960629}, "datetime": {"datetime": "2024-01-23 20:37:06", "elapsed": 32.939025, "delta": 0.431966}}
{"target": -301.28847237001935, "params": {"momentum_down": 0.5565901988842585, "momentum_up": 0.27062636380712635, "mu_down": 0.4521228373335047, "mu_up": 0.0003761013159242166}, "datetime": {"datetime": "2024-01-23 20:37:07", "elapsed": 33.422885, "delta": 0.48386}}
{"target": -30.244891117075298, "params": {"momentum_down": 0.7968388804999145, "momentum_up": 0.7852485779277919, "mu_down": 0.3881862165626736, "mu_up": 0.0012181164591000989}, "datetime": {"datetime": "2024-01-23 20:37:07", "elapsed": 33.649455, "delta": 0.22657}}
{"target": -2300.0, "params": {"momentum_down": 0.9488922235772734, "momentum_up": 0.2831150012844608, "mu_down": 0.21381019797037504, "mu_up": 0.009729228123819586}, "datetime": {"datetime": "2024-01-23 20:37:07", "elapsed": 33.8424, "delta": 0.192945}}
{"target": -2300.0, "params": {"momentum_down": 0.045286155316616755, "momentum_up": 0.23230119126784707, "mu_down": 0.4732736463116146, "mu_up": 0.004231901821741806}, "datetime": {"datetime": "2024-01-23 20:37:07", "elapsed": 33.968186, "delta": 0.125786}}
{"target": -884.294117528989, "params": {"momentum_down": 0.0983448291669507, "momentum_up": 0.13295881237790239, "mu_down": 0.02406956810690647, "mu_up": 0.005026672256141485}, "datetime": {"datetime": "2024-01-23 20:37:08", "elapsed": 35.01294, "delta": 1.044754}}
{"target": -50.186700881825494, "params": {"momentum_down": 0.7482081476065383, "momentum_up": 0.6657021490682816, "mu_down": 0.17080370707777992, "mu_up": 0.0013667222764935539}, "datetime": {"datetime": "2024-01-23 20:37:08", "elapsed": 35.216248, "delta": 0.203308}}
{"target": -30.29931085692566, "params": {"momentum_down": 0.5652743193079498, "momentum_up": 0.7518932253404585, "mu_down": 0.361273368409948, "mu_up": 0.00355569316437382}, "datetime": {"datetime": "2024-01-23 20:37:09", "elapsed": 35.49466, "delta": 0.278412}}
{"target": -2300.0, "params": {"momentum_down": 0.9728344198184745, "momentum_up": 0.726076663171826, "mu_down": 0.4426204180519931, "mu_up": 0.007925223310247432}, "datetime": {"datetime": "2024-01-23 20:37:09", "elapsed": 35.699552, "delta": 0.204892}}
{"target": -40.18905973439024, "params": {"momentum_down": 0.6359576465164505, "momentum_up": 0.6117830133208852, "mu_down": 0.24724071174374468, "mu_up": 0.00429149448279862}, "datetime": {"datetime": "2024-01-23 20:37:10", "elapsed": 36.572801, "delta": 0.873249}}
{"target": -50.20134367329614, "params": {"momentum_down": 0.6964785043489873, "momentum_up": 0.4993931989125457, "mu_down": 0.185888209231313, "mu_up": 0.002395618539411978}, "datetime": {"datetime": "2024-01-23 20:37:11", "elapsed": 37.593932, "delta": 1.021131}}
{"target": -50.27484838510327, "params": {"momentum_down": 0.45417471920035646, "momentum_up": 0.7969023102051969, "mu_down": 0.2555744944013907, "mu_up": 0.01}, "datetime": {"datetime": "2024-01-23 20:37:12", "elapsed": 38.571208, "delta": 0.977276}}
{"target": -90.25698564077737, "params": {"momentum_down": 0.7093778266571782, "momentum_up": 0.4428153847093113, "mu_down": 0.08751664366618167, "mu_up": 0.0018862576362148973}, "datetime": {"datetime": "2024-01-23 20:37:12", "elapsed": 38.861042, "delta": 0.289834}}
{"target": -2300.0, "params": {"momentum_down": 0.5996076455744307, "momentum_up": 0.08262974830605589, "mu_down": 0.4105832148463875, "mu_up": 0.01}, "datetime": {"datetime": "2024-01-23 20:37:13", "elapsed": 40.014981, "delta": 1.153939}}
{"target": -70.28157236820017, "params": {"momentum_down": 0.3906672754343239, "momentum_up": 0.5396526123095458, "mu_down": 0.20690349839482508, "mu_up": 0.006672184674061539}, "datetime": {"datetime": "2024-01-23 20:37:14", "elapsed": 40.440478, "delta": 0.425497}}
{"target": -100.27063355129626, "params": {"momentum_down": 0.14013620968169108, "momentum_up": 0.7968059128231396, "mu_down": 0.20426310018023813, "mu_up": 0.0035902728162249516}, "datetime": {"datetime": "2024-01-23 20:37:14", "elapsed": 40.967092, "delta": 0.526614}}
{"target": -80.27660248951709, "params": {"momentum_down": 0.5479576666090951, "momentum_up": 0.5280341173251981, "mu_down": 0.15918617206628766, "mu_up": 0.0013890948758262685}, "datetime": {"datetime": "2024-01-23 20:37:15", "elapsed": 41.889379, "delta": 0.922287}}
{"target": -30.183705954677514, "params": {"momentum_down": 0.6528970755788636, "momentum_up": 0.3202419976629171, "mu_down": 0.31666313533286145, "mu_up": 0.01}, "datetime": {"datetime": "2024-01-23 20:37:16", "elapsed": 42.752063, "delta": 0.862684}}
{"target": -2311.1402178999288, "params": {"momentum_down": 0.6063750264337823, "momentum_up": 0.9496408115004372, "mu_down": 0.0, "mu_up": 0.01}, "datetime": {"datetime": "2024-01-23 20:37:19", "elapsed": 46.036517, "delta": 3.284454}}
{"target": -100.25686202586407, "params": {"momentum_down": 0.6765225636095412, "momentum_up": 0.6604248872947105, "mu_down": 0.40021537851233174, "mu_up": 0.0005526712685311664}, "datetime": {"datetime": "2024-01-23 20:37:20", "elapsed": 46.748938, "delta": 0.712421}}
{"target": -130.27701026304808, "params": {"momentum_down": 0.1714841427524696, "momentum_up": 0.0214021691008657, "mu_down": 0.15500851679702254, "mu_up": 0.006180341391624425}, "datetime": {"datetime": "2024-01-23 20:37:20", "elapsed": 47.034684, "delta": 0.285746}}
{"target": -40.23804586147994, "params": {"momentum_down": 0.49187690357920794, "momentum_up": 0.39785304128667254, "mu_down": 0.32037690201818464, "mu_up": 0.007754705826035088}, "datetime": {"datetime": "2024-01-23 20:37:21", "elapsed": 47.994098, "delta": 0.959414}}
{"target": -50.21919540625921, "params": {"momentum_down": 0.6982361290792387, "momentum_up": 0.49913598599340553, "mu_down": 0.17183815734152857, "mu_up": 0.0028046344638931833}, "datetime": {"datetime": "2024-01-23 20:37:21", "elapsed": 48.166786, "delta": 0.172688}}
{"target": -100.288418774486, "params": {"momentum_down": 0.33019872953175566, "momentum_up": 0.0021899384982442204, "mu_down": 0.20290489425180147, "mu_up": 0.0018808422466660242}, "datetime": {"datetime": "2024-01-23 20:37:22", "elapsed": 49.104362, "delta": 0.937576}}
{"target": -663.2959075454575, "params": {"momentum_down": 0.09368487884385657, "momentum_up": 0.5040033852577089, "mu_down": 0.0321899948687423, "mu_up": 0.006785066304857747}, "datetime": {"datetime": "2024-01-23 20:37:23", "elapsed": 50.030793, "delta": 0.926431}}
{"target": -150.29029592513194, "params": {"momentum_down": 0.6901060005289948, "momentum_up": 0.4770873940554069, "mu_down": 0.053784906062328, "mu_up": 0.0013275887148274498}, "datetime": {"datetime": "2024-01-23 20:37:24", "elapsed": 50.439251, "delta": 0.408458}}
{"target": -663.2951368044733, "params": {"momentum_down": 0.09266559953661216, "momentum_up": 0.5000649954701699, "mu_down": 0.03225701844300016, "mu_up": 0.008689928576967865}, "datetime": {"datetime": "2024-01-23 20:37:25", "elapsed": 51.412957, "delta": 0.973706}}
{"target": -40.26658056931783, "params": {"momentum_down": 0.9084724502552629, "momentum_up": 0.0996025812357967, "mu_down": 0.06575205049482546, "mu_up": 0.004748187980667588}, "datetime": {"datetime": "2024-01-23 20:37:25", "elapsed": 51.705023, "delta": 0.292066}}
