{"target": -80.24721552706005, "params": {"mu_down": 0.1576829115101408, "mu_up": 0.009985633312484579}, "datetime": {"datetime": "2024-07-11 21:59:56", "elapsed": 1013.004549, "delta": 11.821677}}
{"target": -80.2348656982811, "params": {"mu_down": 0.1664767299571165, "mu_up": 0.005933175441208677}, "datetime": {"datetime": "2024-07-11 22:00:02", "elapsed": 1018.712784, "delta": 5.708235}}
{"target": -70.20141856056082, "params": {"mu_down": 0.20379580404448755, "mu_up": 0.005562208310021445}, "datetime": {"datetime": "2024-07-11 22:00:09", "elapsed": 1026.058701, "delta": 7.345917}}
{"target": -150.25162400508168, "params": {"mu_down": 0.08444923150584266, "mu_up": 0.004597646519367155}, "datetime": {"datetime": "2024-07-11 22:00:17", "elapsed": 1033.524238, "delta": 7.465537}}
{"target": -201.29647795746595, "params": {"mu_down": 0.05807959334184515, "mu_up": 0.00861166370207124}, "datetime": {"datetime": "2024-07-11 22:00:25", "elapsed": 1041.860691, "delta": 8.336453}}
{"target": -80.27113838406169, "params": {"mu_down": 0.1548435239742712, "mu_up": 0.006422442930482318}, "datetime": {"datetime": "2024-07-11 22:00:33", "elapsed": 1049.519596, "delta": 7.658905}}
{"target": -90.22123676825035, "params": {"mu_down": 0.14513828672741008, "mu_up": 0.007629759383478087}, "datetime": {"datetime": "2024-07-11 22:00:41", "elapsed": 1057.239814, "delta": 7.720218}}
{"target": -110.26179972563303, "params": {"mu_down": 0.11326803783383577, "mu_up": 0.0052813324571264406}, "datetime": {"datetime": "2024-07-11 22:00:48", "elapsed": 1064.248844, "delta": 7.00903}}
{"target": -60.225904703166556, "params": {"mu_down": 0.21767308602168894, "mu_up": 0.00908007119442827}, "datetime": {"datetime": "2024-07-11 22:00:57", "elapsed": 1073.458512, "delta": 9.209668}}
{"target": -80.19441092201662, "params": {"mu_down": 0.18437097508974765, "mu_up": 0.004392189986725431}, "datetime": {"datetime": "2024-07-11 22:01:06", "elapsed": 1082.433758, "delta": 8.975246}}
{"target": -120.2771372891369, "params": {"mu_down": 0.1015928354820303, "mu_up": 0.009949693468857778}, "datetime": {"datetime": "2024-07-11 22:01:15", "elapsed": 1092.119489, "delta": 9.685731}}
{"target": -80.28515612613643, "params": {"mu_down": 0.150838516505098, "mu_up": 0.009740034863426268}, "datetime": {"datetime": "2024-07-11 22:01:22", "elapsed": 1098.963322, "delta": 6.843833}}
{"target": -60.2839997381775, "params": {"mu_down": 0.20264261256267102, "mu_up": 0.008780215681085479}, "datetime": {"datetime": "2024-07-11 22:01:31", "elapsed": 1107.342032, "delta": 8.37871}}
{"target": -130.27086035692213, "params": {"mu_down": 0.09509495754624361, "mu_up": 0.004965391674147783}, "datetime": {"datetime": "2024-07-11 22:01:38", "elapsed": 1114.445903, "delta": 7.103871}}
{"target": -110.23674674446261, "params": {"mu_down": 0.11657969951849828, "mu_up": 0.008084656474287659}, "datetime": {"datetime": "2024-07-11 22:01:44", "elapsed": 1121.062447, "delta": 6.616544}}
{"target": -90.20745576798727, "params": {"mu_down": 0.20798628455618817, "mu_up": 0.0018455542350722953}, "datetime": {"datetime": "2024-07-11 22:01:51", "elapsed": 1127.766197, "delta": 6.70375}}
{"target": -70.23531646998862, "params": {"mu_down": 0.18324570006473326, "mu_up": 0.007755282758729417}, "datetime": {"datetime": "2024-07-11 22:01:59", "elapsed": 1135.630133, "delta": 7.863936}}
{"target": -80.21153466895979, "params": {"mu_down": 0.205366136672419, "mu_up": 0.0023805313788791992}, "datetime": {"datetime": "2024-07-11 22:02:04", "elapsed": 1140.809768, "delta": 5.179635}}
{"target": -60.25389325516543, "params": {"mu_down": 0.21139346485839372, "mu_up": 0.008603314016547296}, "datetime": {"datetime": "2024-07-11 22:02:13", "elapsed": 1149.335917, "delta": 8.526149}}
{"target": -90.22477477826128, "params": {"mu_down": 0.16465647608972578, "mu_up": 0.0025660341480217464}, "datetime": {"datetime": "2024-07-11 22:02:22", "elapsed": 1159.071842, "delta": 9.735925}}
{"target": -130.26196932217573, "params": {"mu_down": 0.09575825360004575, "mu_up": 0.007070761700214836}, "datetime": {"datetime": "2024-07-11 22:02:28", "elapsed": 1164.742664, "delta": 5.670822}}
{"target": -100.24448497713328, "params": {"mu_down": 0.12681446630133136, "mu_up": 0.00843341405366826}, "datetime": {"datetime": "2024-07-11 22:02:36", "elapsed": 1172.175173, "delta": 7.432509}}
{"target": -90.22319279014118, "params": {"mu_down": 0.14915384818624683, "mu_up": 0.005655113991712446}, "datetime": {"datetime": "2024-07-11 22:02:42", "elapsed": 1178.175258, "delta": 6.000085}}
{"target": -70.27886565444332, "params": {"mu_down": 0.17324792153726676, "mu_up": 0.009010237749101858}, "datetime": {"datetime": "2024-07-11 22:02:50", "elapsed": 1186.358603, "delta": 8.183345}}
{"target": -190.25245867624793, "params": {"mu_down": 0.06442054993675023, "mu_up": 0.008641349539058917}, "datetime": {"datetime": "2024-07-11 22:02:58", "elapsed": 1194.825896, "delta": 8.467293}}
{"target": -60.29188244188651, "params": {"mu_down": 0.21698087904308688, "mu_up": 0.004506915963856079}, "datetime": {"datetime": "2024-07-11 22:03:10", "elapsed": 1206.847333, "delta": 12.021437}}
{"target": -70.20264917316987, "params": {"mu_down": 0.20646727878527632, "mu_up": 0.004877175279398251}, "datetime": {"datetime": "2024-07-11 22:03:17", "elapsed": 1213.359695, "delta": 6.512362}}
{"target": -90.28920638024462, "params": {"mu_down": 0.13790809024607542, "mu_up": 0.005230490209169688}, "datetime": {"datetime": "2024-07-11 22:03:24", "elapsed": 1220.344245, "delta": 6.98455}}
{"target": -90.21593177059063, "params": {"mu_down": 0.14588386898688166, "mu_up": 0.009999597693018291}, "datetime": {"datetime": "2024-07-11 22:03:34", "elapsed": 1230.409119, "delta": 10.064874}}
{"target": -80.21388771870528, "params": {"mu_down": 0.1737238068463191, "mu_up": 0.0054996761767758}, "datetime": {"datetime": "2024-07-11 22:03:42", "elapsed": 1238.944761, "delta": 8.535642}}
{"target": -130.2471650549833, "params": {"mu_down": 0.09701921122417223, "mu_up": 0.009903149557496292}, "datetime": {"datetime": "2024-07-11 22:03:49", "elapsed": 1245.257895, "delta": 6.313134}}
{"target": -170.25851196869357, "params": {"mu_down": 0.0795190447979976, "mu_up": 0.0021059420097252713}, "datetime": {"datetime": "2024-07-11 22:03:57", "elapsed": 1253.875783, "delta": 8.617888}}
{"target": -70.25356162845223, "params": {"mu_down": 0.1967127311656422, "mu_up": 0.0037039980486751997}, "datetime": {"datetime": "2024-07-11 22:04:05", "elapsed": 1261.93203, "delta": 8.056247}}
{"target": -221.28099550049117, "params": {"mu_down": 0.05378321090972632, "mu_up": 0.008318993524486163}, "datetime": {"datetime": "2024-07-11 22:04:17", "elapsed": 1273.520561, "delta": 11.588531}}
{"target": -70.2558070596657, "params": {"mu_down": 0.17790888268787164, "mu_up": 0.00833213714222536}, "datetime": {"datetime": "2024-07-11 22:04:26", "elapsed": 1283.112077, "delta": 9.591516}}
{"target": -110.23754278449987, "params": {"mu_down": 0.13602614920593775, "mu_up": 0.002391998756200695}, "datetime": {"datetime": "2024-07-11 22:04:36", "elapsed": 1292.513324, "delta": 9.401247}}
{"target": -60.267342965073894, "params": {"mu_down": 0.2077302489469986, "mu_up": 0.008701356103700942}, "datetime": {"datetime": "2024-07-11 22:04:43", "elapsed": 1299.738762, "delta": 7.225438}}
{"target": -160.29212611964172, "params": {"mu_down": 0.07571465142178407, "mu_up": 0.0037093994320200234}, "datetime": {"datetime": "2024-07-11 22:04:53", "elapsed": 1309.726643, "delta": 9.987881}}
{"target": -110.2215731859695, "params": {"mu_down": 0.11880487861764116, "mu_up": 0.008991395015996483}, "datetime": {"datetime": "2024-07-11 22:05:01", "elapsed": 1318.109974, "delta": 8.383331}}
{"target": -70.29614636944527, "params": {"mu_down": 0.181672303548805, "mu_up": 0.005125194762830143}, "datetime": {"datetime": "2024-07-11 22:05:11", "elapsed": 1327.214673, "delta": 9.104699}}
{"target": -150.2742157810369, "params": {"mu_down": 0.08848668477331012, "mu_up": 0.0023713391616457455}, "datetime": {"datetime": "2024-07-11 22:05:20", "elapsed": 1336.462038, "delta": 9.247365}}
{"target": -90.25680978788576, "params": {"mu_down": 0.13866720630345047, "mu_up": 0.008686375472334393}, "datetime": {"datetime": "2024-07-11 22:05:29", "elapsed": 1345.687565, "delta": 9.225527}}
{"target": -70.23756190323256, "params": {"mu_down": 0.20024710658406175, "mu_up": 0.0038398299162272108}, "datetime": {"datetime": "2024-07-11 22:05:41", "elapsed": 1358.124285, "delta": 12.43672}}
{"target": -70.20508835866366, "params": {"mu_down": 0.19214547981564178, "mu_up": 0.008140756670126004}, "datetime": {"datetime": "2024-07-11 22:05:55", "elapsed": 1371.871675, "delta": 13.74739}}
{"target": -70.26070654082451, "params": {"mu_down": 0.1889528184350751, "mu_up": 0.005172121082055392}, "datetime": {"datetime": "2024-07-11 22:06:06", "elapsed": 1382.387721, "delta": 10.516046}}
{"target": -140.2722320425785, "params": {"mu_down": 0.0880796311411624, "mu_up": 0.006026709884587775}, "datetime": {"datetime": "2024-07-11 22:06:14", "elapsed": 1390.903123, "delta": 8.515402}}
{"target": -70.21140234564801, "params": {"mu_down": 0.18834101665265318, "mu_up": 0.00835456569629958}, "datetime": {"datetime": "2024-07-11 22:06:21", "elapsed": 1398.080514, "delta": 7.177391}}
{"target": -100.24993103157257, "params": {"mu_down": 0.12835150245040428, "mu_up": 0.0050714777576767395}, "datetime": {"datetime": "2024-07-11 22:06:32", "elapsed": 1408.403768, "delta": 10.323254}}
{"target": -80.22888928700293, "params": {"mu_down": 0.18126296097585592, "mu_up": 0.0030288522858651435}, "datetime": {"datetime": "2024-07-11 22:06:41", "elapsed": 1417.44173, "delta": 9.037962}}
{"target": -80.20504433580587, "params": {"mu_down": 0.1912651923994859, "mu_up": 0.0027822880699422846}, "datetime": {"datetime": "2024-07-11 22:06:54", "elapsed": 1430.74523, "delta": 13.3035}}
{"target": -100.23937769386416, "params": {"mu_down": 0.1358730750665298, "mu_up": 0.0041057771935705135}, "datetime": {"datetime": "2024-07-11 22:07:03", "elapsed": 1439.91827, "delta": 9.17304}}
{"target": -80.21415488194211, "params": {"mu_down": 0.17015226208033313, "mu_up": 0.006276074304793219}, "datetime": {"datetime": "2024-07-11 22:07:19", "elapsed": 1455.43422, "delta": 15.51595}}
{"target": -70.24672850843622, "params": {"mu_down": 0.17943661389226773, "mu_up": 0.009957592143415189}, "datetime": {"datetime": "2024-07-11 22:07:31", "elapsed": 1467.215204, "delta": 11.780984}}
{"target": -80.19504825565309, "params": {"mu_down": 0.1896445081640476, "mu_up": 0.0031282809388836117}, "datetime": {"datetime": "2024-07-11 22:07:42", "elapsed": 1478.416798, "delta": 11.201594}}
{"target": -140.24206677440668, "params": {"mu_down": 0.09079386176960369, "mu_up": 0.008856383993854185}, "datetime": {"datetime": "2024-07-11 22:07:49", "elapsed": 1485.926708, "delta": 7.50991}}
{"target": -90.28174516465256, "params": {"mu_down": 0.13481781385475938, "mu_up": 0.008009076038203071}, "datetime": {"datetime": "2024-07-11 22:07:57", "elapsed": 1494.091158, "delta": 8.16445}}
{"target": -130.23396267472054, "params": {"mu_down": 0.09934249438347609, "mu_up": 0.005627595778178807}, "datetime": {"datetime": "2024-07-11 22:08:07", "elapsed": 1503.972362, "delta": 9.881204}}
{"target": -60.28070976524198, "params": {"mu_down": 0.21226872845284175, "mu_up": 0.006414488885659171}, "datetime": {"datetime": "2024-07-11 22:08:13", "elapsed": 1509.672918, "delta": 5.700556}}
{"target": -60.29396725751477, "params": {"mu_down": 0.20398860932704838, "mu_up": 0.007911860674817863}, "datetime": {"datetime": "2024-07-11 22:08:23", "elapsed": 1519.885615, "delta": 10.212697}}
{"target": -160.25490299962533, "params": {"mu_down": 0.07864541227598237, "mu_up": 0.005830280425094665}, "datetime": {"datetime": "2024-07-11 22:08:33", "elapsed": 1529.629774, "delta": 9.744159}}
{"target": -60.25352616987623, "params": {"mu_down": 0.21698778527252766, "mu_up": 0.007120811335934237}, "datetime": {"datetime": "2024-07-11 22:08:48", "elapsed": 1544.609164, "delta": 14.97939}}
{"target": -80.19304929369416, "params": {"mu_down": 0.17526233337266997, "mu_up": 0.006479516363893922}, "datetime": {"datetime": "2024-07-11 22:08:58", "elapsed": 1554.366453, "delta": 9.757289}}
{"target": -80.20698792178973, "params": {"mu_down": 0.16597567064543362, "mu_up": 0.01}, "datetime": {"datetime": "2024-07-11 22:09:14", "elapsed": 1570.23938, "delta": 15.872927}}
{"target": -60.26632357617543, "params": {"mu_down": 0.20545377797079567, "mu_up": 0.009959024469689475}, "datetime": {"datetime": "2024-07-11 22:09:22", "elapsed": 1578.596192, "delta": 8.356812}}
{"target": -80.2660206257736, "params": {"mu_down": 0.15425241982939503, "mu_up": 0.009991499325142426}, "datetime": {"datetime": "2024-07-11 22:09:34", "elapsed": 1590.841438, "delta": 12.245246}}
{"target": -80.25125946208333, "params": {"mu_down": 0.15680936744378557, "mu_up": 0.008613784346229326}, "datetime": {"datetime": "2024-07-11 22:09:46", "elapsed": 1602.605978, "delta": 11.76454}}
{"target": -80.20973821132178, "params": {"mu_down": 0.16805100856495148, "mu_up": 0.006794548087604154}, "datetime": {"datetime": "2024-07-11 22:09:54", "elapsed": 1610.524436, "delta": 7.918458}}
{"target": -80.23178978449118, "params": {"mu_down": 0.1789266990472051, "mu_up": 0.00325280625914082}, "datetime": {"datetime": "2024-07-11 22:10:04", "elapsed": 1621.088962, "delta": 10.564526}}
{"target": -70.27650797955313, "params": {"mu_down": 0.17992021965880578, "mu_up": 0.006646331863473506}, "datetime": {"datetime": "2024-07-11 22:10:16", "elapsed": 1632.396935, "delta": 11.307973}}
{"target": -70.18267820801887, "params": {"mu_down": 0.19673592889198283, "mu_up": 0.008866823842318218}, "datetime": {"datetime": "2024-07-11 22:10:30", "elapsed": 1646.298117, "delta": 13.901182}}
{"target": -110.24471203927197, "params": {"mu_down": 0.11516969211825401, "mu_up": 0.009977059347842043}, "datetime": {"datetime": "2024-07-11 22:10:40", "elapsed": 1656.639606, "delta": 10.341489}}
{"target": -70.23743615242843, "params": {"mu_down": 0.19901468622909008, "mu_up": 0.004299216121237518}, "datetime": {"datetime": "2024-07-11 22:10:54", "elapsed": 1670.51392, "delta": 13.874314}}
{"target": -80.27708929377019, "params": {"mu_down": 0.15235940746342577, "mu_up": 0.006360175731550497}, "datetime": {"datetime": "2024-07-11 22:11:04", "elapsed": 1680.179858, "delta": 9.665938}}
{"target": -110.22529852213432, "params": {"mu_down": 0.11859383701611341, "mu_up": 0.00531156888213752}, "datetime": {"datetime": "2024-07-11 22:11:15", "elapsed": 1691.458434, "delta": 11.278576}}
{"target": -90.238815783882, "params": {"mu_down": 0.14161796274939278, "mu_up": 0.01}, "datetime": {"datetime": "2024-07-11 22:11:30", "elapsed": 1706.977133, "delta": 15.518699}}
{"target": -70.19958608495674, "params": {"mu_down": 0.21006506376194994, "mu_up": 0.00405327271599461}, "datetime": {"datetime": "2024-07-11 22:11:40", "elapsed": 1716.784835, "delta": 9.807702}}
{"target": -70.2626037757389, "params": {"mu_down": 0.1762521432552998, "mu_up": 0.009659492893461243}, "datetime": {"datetime": "2024-07-11 22:11:51", "elapsed": 1727.157703, "delta": 10.372868}}
{"target": -110.27556972682223, "params": {"mu_down": 0.11149971458787244, "mu_up": 0.005566325887428421}, "datetime": {"datetime": "2024-07-11 22:12:05", "elapsed": 1741.733802, "delta": 14.576099}}
{"target": -90.20702685536045, "params": {"mu_down": 0.16406444750936233, "mu_up": 0.0035129550807672803}, "datetime": {"datetime": "2024-07-11 22:12:22", "elapsed": 1758.563866, "delta": 16.830064}}
{"target": -80.25005853526154, "params": {"mu_down": 0.16272452172902457, "mu_up": 0.005994789456408044}, "datetime": {"datetime": "2024-07-11 22:12:35", "elapsed": 1771.217613, "delta": 12.653747}}
{"target": -1969.2987708258738, "params": {"mu_down": 0.16384985338774855, "mu_up": 5.16979436797758e-05}, "datetime": {"datetime": "2024-07-11 22:12:49", "elapsed": 1786.117217, "delta": 14.899604}}
{"target": -130.26217061636595, "params": {"mu_down": 0.15922793422750153, "mu_up": 0.0010997190530721021}, "datetime": {"datetime": "2024-07-11 22:12:56", "elapsed": 1792.721225, "delta": 6.604008}}
{"target": -100.28156570286663, "params": {"mu_down": 0.16046783369955564, "mu_up": 0.00176544923153668}, "datetime": {"datetime": "2024-07-11 22:13:06", "elapsed": 1802.710736, "delta": 9.989511}}
{"target": -80.27733062930538, "params": {"mu_down": 0.16731768904711264, "mu_up": 0.003831619641409177}, "datetime": {"datetime": "2024-07-11 22:13:20", "elapsed": 1816.182923, "delta": 13.472187}}
{"target": -90.2084954544537, "params": {"mu_down": 0.1659352962539679, "mu_up": 0.0033206335920782522}, "datetime": {"datetime": "2024-07-11 22:13:30", "elapsed": 1826.38634, "delta": 10.203417}}
{"target": -261.28583647638794, "params": {"mu_down": 0.04543724808398181, "mu_up": 0.007757722142591939}, "datetime": {"datetime": "2024-07-11 22:13:39", "elapsed": 1835.160892, "delta": 8.774552}}
{"target": -60.2429112294331, "params": {"mu_down": 0.21331501372598766, "mu_up": 0.008825370028823084}, "datetime": {"datetime": "2024-07-11 22:13:46", "elapsed": 1842.893181, "delta": 7.732289}}
{"target": -90.21866966323489, "params": {"mu_down": 0.15781197427603272, "mu_up": 0.004014428677444031}, "datetime": {"datetime": "2024-07-11 22:14:00", "elapsed": 1856.248151, "delta": 13.35497}}
{"target": -70.24150653900226, "params": {"mu_down": 0.1847413827761898, "mu_up": 0.007365075259338508}, "datetime": {"datetime": "2024-07-11 22:14:13", "elapsed": 1869.604249, "delta": 13.356098}}
{"target": -150.28187657318324, "params": {"mu_down": 0.08084097936729173, "mu_up": 0.008719337194825837}, "datetime": {"datetime": "2024-07-11 22:14:25", "elapsed": 1881.31686, "delta": 11.712611}}
{"target": -90.25709611261316, "params": {"mu_down": 0.14233315458262757, "mu_up": 0.0055388334983497295}, "datetime": {"datetime": "2024-07-11 22:14:34", "elapsed": 1890.976488, "delta": 9.659628}}
{"target": -110.22392036594555, "params": {"mu_down": 0.12162176660614121, "mu_up": 0.00458173352310368}, "datetime": {"datetime": "2024-07-11 22:14:46", "elapsed": 1902.715411, "delta": 11.738923}}
{"target": -241.27627266415217, "params": {"mu_down": 0.04997575461313424, "mu_up": 0.01}, "datetime": {"datetime": "2024-07-11 22:15:02", "elapsed": 1919.062218, "delta": 16.346807}}
{"target": -70.1846725657579, "params": {"mu_down": 0.21444745870064413, "mu_up": 0.004529964834520974}, "datetime": {"datetime": "2024-07-11 22:15:17", "elapsed": 1933.663138, "delta": 14.60092}}
{"target": -100.27112562257948, "params": {"mu_down": 0.12303556782402325, "mu_up": 0.008594191985536362}, "datetime": {"datetime": "2024-07-11 22:15:31", "elapsed": 1947.694539, "delta": 14.031401}}
{"target": -80.2391753704496, "params": {"mu_down": 0.15933854664598246, "mu_up": 0.006916305175194225}, "datetime": {"datetime": "2024-07-11 22:15:44", "elapsed": 1961.107501, "delta": 13.412962}}
{"target": -60.29910866574936, "params": {"mu_down": 0.2070299570771731, "mu_up": 0.006686439925803866}, "datetime": {"datetime": "2024-07-11 22:16:00", "elapsed": 1976.655451, "delta": 15.54795}}
{"target": -70.23656246126285, "params": {"mu_down": 0.18210810748438722, "mu_up": 0.008741117249109621}, "datetime": {"datetime": "2024-07-11 22:16:19", "elapsed": 1995.333535, "delta": 18.678084}}
{"target": -90.26267845658982, "params": {"mu_down": 0.14593948659164413, "mu_up": 0.0044763476251927}, "datetime": {"datetime": "2024-07-11 22:16:34", "elapsed": 2010.635292, "delta": 15.301757}}
{"target": -120.22636195480688, "params": {"mu_down": 0.10856813402664833, "mu_up": 0.005921129818171367}, "datetime": {"datetime": "2024-07-11 22:16:46", "elapsed": 2022.454155, "delta": 11.818863}}
{"target": -110.27364545998822, "params": {"mu_down": 0.11148290759376078, "mu_up": 0.008615993222979415}, "datetime": {"datetime": "2024-07-11 22:17:06", "elapsed": 2042.937004, "delta": 20.482849}}
{"target": -70.25681135634689, "params": {"mu_down": 0.19466636185922132, "mu_up": 0.004275844661493368}, "datetime": {"datetime": "2024-07-11 22:17:32", "elapsed": 2068.247402, "delta": 25.310398}}
{"target": -80.29197354683386, "params": {"mu_down": 0.14977297953996327, "mu_up": 0.008678885571823374}, "datetime": {"datetime": "2024-07-11 22:17:50", "elapsed": 2086.465493, "delta": 18.218091}}
{"target": -120.25354000911238, "params": {"mu_down": 0.10501690961579696, "mu_up": 0.0055426119298729384}, "datetime": {"datetime": "2024-07-11 22:18:09", "elapsed": 2105.402952, "delta": 18.937459}}
{"target": -80.23398881048256, "params": {"mu_down": 0.17698517906896744, "mu_up": 0.003926098968627688}, "datetime": {"datetime": "2024-07-11 22:18:19", "elapsed": 2115.630523, "delta": 10.227571}}
{"target": -70.27878261469867, "params": {"mu_down": 0.1730401229419589, "mu_up": 0.01}, "datetime": {"datetime": "2024-07-11 22:18:36", "elapsed": 2132.331061, "delta": 16.700538}}
{"target": -90.28446941619055, "params": {"mu_down": 0.13446000457507457, "mu_up": 0.0058746650042381665}, "datetime": {"datetime": "2024-07-11 22:18:47", "elapsed": 2143.931142, "delta": 11.600081}}
{"target": -80.21295701934247, "params": {"mu_down": 0.2092447549542355, "mu_up": 0.0023050953039663513}, "datetime": {"datetime": "2024-07-11 22:19:01", "elapsed": 2158.030841, "delta": 14.099699}}
{"target": -80.22406988551924, "params": {"mu_down": 0.2117129123020675, "mu_up": 0.002204531328469638}, "datetime": {"datetime": "2024-07-11 22:19:20", "elapsed": 2176.517987, "delta": 18.487146}}
{"target": -60.28432983559213, "params": {"mu_down": 0.20058496747647836, "mu_up": 0.008957862520041061}, "datetime": {"datetime": "2024-07-11 22:19:33", "elapsed": 2189.476269, "delta": 12.958282}}
{"target": -80.20982536061709, "params": {"mu_down": 0.16537314332054842, "mu_up": 0.008423916725327395}, "datetime": {"datetime": "2024-07-11 22:19:42", "elapsed": 2198.383911, "delta": 8.907642}}
