{"target": -30.100639610320663, "params": {"momentum_down": 0.9084724502552629, "momentum_up": 0.0996025812357967, "mu_down": 0.06575205049482546, "mu_up": 0.004748187980667588}, "datetime": {"datetime": "2024-06-09 19:28:51", "elapsed": 30.379987, "delta": 0.14706}}
{"target": -20.03653269871101, "params": {"momentum_down": 0.7793474534846347, "momentum_up": 0.254920866025127, "mu_down": 0.2603283090582483, "mu_up": 0.007904333158846293}, "datetime": {"datetime": "2024-06-09 19:28:51", "elapsed": 30.447514, "delta": 0.067527}}
{"target": -110.18712496473235, "params": {"momentum_down": 0.979891153264869, "momentum_up": 0.5124931918186779, "mu_down": 0.023766367958248824, "mu_up": 0.005146053050073047}, "datetime": {"datetime": "2024-06-09 19:28:51", "elapsed": 30.609369, "delta": 0.161855}}
{"target": -100.24363903197973, "params": {"momentum_down": 0.2090634952864466, "momentum_up": 0.47461827394011413, "mu_down": 0.11208269661629477, "mu_up": 0.0017855370869832132}, "datetime": {"datetime": "2024-06-09 19:28:51", "elapsed": 30.814352, "delta": 0.204983}}
{"target": -2300.0, "params": {"momentum_down": 0.693810457852446, "momentum_up": 0.01153094503175047, "mu_down": 0.42859529629748194, "mu_up": 0.009766635915533482}, "datetime": {"datetime": "2024-06-09 19:28:51", "elapsed": 31.082253, "delta": 0.267901}}
{"target": -60.272284042221294, "params": {"momentum_down": 0.8494901196248023, "momentum_up": 0.6668138233686859, "mu_down": 0.03057883248944193, "mu_up": 0.00721771460559198}, "datetime": {"datetime": "2024-06-09 19:28:51", "elapsed": 31.261785, "delta": 0.179532}}
{"target": -70.17897760870889, "params": {"momentum_down": 0.29494799236666686, "momentum_up": 0.910468457655547, "mu_down": 0.41854126559234633, "mu_up": 0.00018323532785832173}, "datetime": {"datetime": "2024-06-09 19:28:52", "elapsed": 31.37955, "delta": 0.117765}}
{"target": -40.13153854025635, "params": {"momentum_down": 0.5428359216310769, "momentum_up": 0.8718891926101132, "mu_down": 0.46330786804530805, "mu_up": 0.0015552822817693178}, "datetime": {"datetime": "2024-06-09 19:28:52", "elapsed": 31.474775, "delta": 0.095225}}
{"target": -2300.0, "params": {"momentum_down": 0.9178110797121589, "momentum_up": 0.7713461179200995, "mu_down": 0.47527923763269336, "mu_up": 0.007923775543158647}, "datetime": {"datetime": "2024-06-09 19:28:52", "elapsed": 31.725287, "delta": 0.250512}}
{"target": -20.22965995595179, "params": {"momentum_down": 0.48308288863650195, "momentum_up": 0.5028325667890219, "mu_down": 0.35219441493649384, "mu_up": 0.004460382478110545}, "datetime": {"datetime": "2024-06-09 19:28:52", "elapsed": 31.877625, "delta": 0.152338}}
{"target": -20.23039977265772, "params": {"momentum_down": 0.6909103162473259, "momentum_up": 0.5800057019696027, "mu_down": 0.34214521608429327, "mu_up": 0.0025750862614760846}, "datetime": {"datetime": "2024-06-09 19:28:52", "elapsed": 32.026038, "delta": 0.148413}}
{"target": -110.24069775281497, "params": {"momentum_down": 0.23575721665657154, "momentum_up": 0.20553379490459023, "mu_down": 0.08875464166942659, "mu_up": 0.004394240264262049}, "datetime": {"datetime": "2024-06-09 19:28:53", "elapsed": 32.295395, "delta": 0.269357}}
{"target": -30.13278971054139, "params": {"momentum_down": 0.7727688984003308, "momentum_up": 0.04824672499367569, "mu_down": 0.39704491548323095, "mu_up": 0.004772874287933851}, "datetime": {"datetime": "2024-06-09 19:28:53", "elapsed": 32.529459, "delta": 0.234064}}
{"target": -40.142057125896045, "params": {"momentum_down": 0.14165088297457842, "momentum_up": 0.8388014766800732, "mu_down": 0.37179334821384213, "mu_up": 0.001739116214949114}, "datetime": {"datetime": "2024-06-09 19:28:53", "elapsed": 32.647558, "delta": 0.118099}}
{"target": -170.26635612424565, "params": {"momentum_down": 0.7800088915114243, "momentum_up": 0.32098629931324535, "mu_down": 0.05738104087893786, "mu_up": 0.0005514915243372413}, "datetime": {"datetime": "2024-06-09 19:28:53", "elapsed": 32.861383, "delta": 0.213825}}
{"target": -3526.045919571711, "params": {"momentum_down": 0.9108891668889186, "momentum_up": 0.7098958701546915, "mu_down": 0.4999305236663291, "mu_up": 0.0067840093869342725}, "datetime": {"datetime": "2024-06-09 19:28:55", "elapsed": 34.773848, "delta": 1.912465}}
{"target": -50.29488407009652, "params": {"momentum_down": 0.6575559560690338, "momentum_up": 0.6374664622202811, "mu_down": 0.08891006856572331, "mu_up": 0.0012902599837607625}, "datetime": {"datetime": "2024-06-09 19:28:55", "elapsed": 35.053941, "delta": 0.280093}}
{"target": -301.2823694439443, "params": {"momentum_down": 0.7242317845688803, "momentum_up": 0.3119273067685999, "mu_down": 0.30208019122052887, "mu_up": 0.00024259807031663748}, "datetime": {"datetime": "2024-06-09 19:28:56", "elapsed": 35.454826, "delta": 0.400885}}
{"target": -30.07465930564696, "params": {"momentum_down": 0.650710394990986, "momentum_up": 0.5758494484420608, "mu_down": 0.20071693532892715, "mu_up": 0.00681168092573357}, "datetime": {"datetime": "2024-06-09 19:28:56", "elapsed": 35.543627, "delta": 0.088801}}
{"target": -20.078590046922866, "params": {"momentum_down": 0.7971004535241413, "momentum_up": 0.22390360412406643, "mu_down": 0.42538031830553086, "mu_up": 0.007339880015988067}, "datetime": {"datetime": "2024-06-09 19:28:56", "elapsed": 35.869021, "delta": 0.325394}}
{"target": -381.27742548942194, "params": {"momentum_down": 0.1662889529220391, "momentum_up": 0.020468716654955366, "mu_down": 0.026667617332401916, "mu_up": 0.008388111070190322}, "datetime": {"datetime": "2024-06-09 19:28:57", "elapsed": 36.382636, "delta": 0.513615}}
{"target": -50.14609432052768, "params": {"momentum_down": 0.1522233125110013, "momentum_up": 0.7260589078239059, "mu_down": 0.25425350789620166, "mu_up": 0.00343542321058861}, "datetime": {"datetime": "2024-06-09 19:28:57", "elapsed": 36.494454, "delta": 0.111818}}
{"target": -371.2987574800608, "params": {"momentum_down": 0.623676544190822, "momentum_up": 0.01541664949124381, "mu_down": 0.37661029809219926, "mu_up": 0.00027349016899359997}, "datetime": {"datetime": "2024-06-09 19:28:57", "elapsed": 36.894152, "delta": 0.399698}}
{"target": -20.15878888966786, "params": {"momentum_down": 0.8704831688482411, "momentum_up": 0.3774405123516376, "mu_down": 0.11139069886315495, "mu_up": 0.009264931464550978}, "datetime": {"datetime": "2024-06-09 19:28:57", "elapsed": 36.97651, "delta": 0.082358}}
{"target": -201.26790537316123, "params": {"momentum_down": 0.09038625324104327, "momentum_up": 0.12671113232065212, "mu_down": 0.05441330560101448, "mu_up": 0.007251052461510091}, "datetime": {"datetime": "2024-06-09 19:28:58", "elapsed": 37.311356, "delta": 0.334846}}
{"target": -2300.0, "params": {"momentum_down": 0.9647038259881151, "momentum_up": 0.4694311801967964, "mu_down": 0.42456429602897583, "mu_up": 0.006256050189939894}, "datetime": {"datetime": "2024-06-09 19:28:58", "elapsed": 37.58083, "delta": 0.269474}}
{"target": -40.17083154857801, "params": {"momentum_down": 0.9020935133755261, "momentum_up": 0.5897507049068424, "mu_down": 0.12155546389798016, "mu_up": 0.0018708632236415987}, "datetime": {"datetime": "2024-06-09 19:28:58", "elapsed": 37.777194, "delta": 0.196364}}
{"target": -522.292101066768, "params": {"momentum_down": 0.642139988930034, "momentum_up": 0.24024864578444427, "mu_down": 0.20774026279614205, "mu_up": 0.00015116672014392257}, "datetime": {"datetime": "2024-06-09 19:28:59", "elapsed": 38.30113, "delta": 0.523936}}
{"target": -30.182884773566073, "params": {"momentum_down": 0.8860234647616861, "momentum_up": 0.08066996079888426, "mu_down": 0.19539423755893437, "mu_up": 0.004262755378609693}, "datetime": {"datetime": "2024-06-09 19:28:59", "elapsed": 38.59089, "delta": 0.28976}}
{"target": -2300.0, "params": {"momentum_down": 0.31596663551369175, "momentum_up": 0.7453915953097164, "mu_down": 0.44796411681027526, "mu_up": 0.0057269628489802086}, "datetime": {"datetime": "2024-06-09 19:28:59", "elapsed": 38.68686, "delta": 0.09597}}
{"target": -20.125862146670773, "params": {"momentum_down": 0.9213239152367545, "momentum_up": 0.6147005783726983, "mu_down": 0.10389515476776395, "mu_up": 0.005467420657009533}, "datetime": {"datetime": "2024-06-09 19:28:59", "elapsed": 38.783669, "delta": 0.096809}}
{"target": -60.21927088776389, "params": {"momentum_down": 0.6832091010538958, "momentum_up": 0.5120731570454753, "mu_down": 0.1494583385944469, "mu_up": 0.0011406904152749706}, "datetime": {"datetime": "2024-06-09 19:28:59", "elapsed": 39.146285, "delta": 0.362616}}
{"target": -562.2915247674765, "params": {"momentum_down": 0.8895027820947325, "momentum_up": 0.4276937911953129, "mu_down": 0.48696034169437896, "mu_up": 0.00010818739937313328}, "datetime": {"datetime": "2024-06-09 19:29:00", "elapsed": 39.968955, "delta": 0.82267}}
{"target": -2300.0, "params": {"momentum_down": 0.23347238876982143, "momentum_up": 0.9875389400368829, "mu_down": 0.49568966519627755, "mu_up": 0.0024813898392105835}, "datetime": {"datetime": "2024-06-09 19:29:00", "elapsed": 40.029471, "delta": 0.060516}}
{"target": -60.26558919002531, "params": {"momentum_down": 0.34183581957150927, "momentum_up": 0.07551910394572922, "mu_down": 0.14620958576141346, "mu_up": 0.00470963272407605}, "datetime": {"datetime": "2024-06-09 19:29:00", "elapsed": 40.166174, "delta": 0.136703}}
{"target": -120.29780491584053, "params": {"momentum_down": 0.46903523460000296, "momentum_up": 0.20633380981726177, "mu_down": 0.27549472937055913, "mu_up": 0.000888387785562889}, "datetime": {"datetime": "2024-06-09 19:29:01", "elapsed": 40.462422, "delta": 0.296248}}
{"target": -381.2903886763578, "params": {"momentum_down": 0.24417172028937462, "momentum_up": 0.4165458949443905, "mu_down": 0.023966482511963372, "mu_up": 0.006438481352193206}, "datetime": {"datetime": "2024-06-09 19:29:01", "elapsed": 40.978842, "delta": 0.51642}}
{"target": -20.118429924143225, "params": {"momentum_down": 0.8762187696792745, "momentum_up": 0.5308097447488568, "mu_down": 0.10224712029209626, "mu_up": 0.006257135224602385}, "datetime": {"datetime": "2024-06-09 19:29:01", "elapsed": 41.148409, "delta": 0.169567}}
{"target": -2300.0, "params": {"momentum_down": 0.03840378504135736, "momentum_up": 0.4017664669186371, "mu_down": 0.4233305313532659, "mu_up": 0.007817230628438712}, "datetime": {"datetime": "2024-06-09 19:29:02", "elapsed": 41.291458, "delta": 0.143049}}
{"target": -20.22925629547148, "params": {"momentum_down": 0.7488553071945816, "momentum_up": 0.22974527579260856, "mu_down": 0.4494183919889694, "mu_up": 0.004627069878613805}, "datetime": {"datetime": "2024-06-09 19:29:02", "elapsed": 41.381998, "delta": 0.09054}}
{"target": -482.28274656947, "params": {"momentum_down": 0.0006629341985937031, "momentum_up": 0.5301530870946284, "mu_down": 0.02513582880618659, "mu_up": 0.002791598044258495}, "datetime": {"datetime": "2024-06-09 19:29:02", "elapsed": 41.895639, "delta": 0.513641}}
{"target": -30.23087891583845, "params": {"momentum_down": 0.4382316172383407, "momentum_up": 0.365143595570979, "mu_down": 0.4692320782621433, "mu_up": 0.0027236811704492545}, "datetime": {"datetime": "2024-06-09 19:29:02", "elapsed": 41.991024, "delta": 0.095385}}
{"target": -2300.0, "params": {"momentum_down": 0.17841849357919304, "momentum_up": 0.10228231937857388, "mu_down": 0.4528581977351345, "mu_up": 0.001734684263582847}, "datetime": {"datetime": "2024-06-09 19:29:02", "elapsed": 42.066134, "delta": 0.07511}}
{"target": -40.277757326964455, "params": {"momentum_down": 0.9153612686681627, "momentum_up": 0.18497116928455712, "mu_down": 0.29033790396061687, "mu_up": 0.006255843832294354}, "datetime": {"datetime": "2024-06-09 19:29:03", "elapsed": 42.306866, "delta": 0.240732}}
{"target": -20.20020053558095, "params": {"momentum_down": 0.431810133442159, "momentum_up": 0.6660281635175945, "mu_down": 0.37014204429552733, "mu_up": 0.009155610354299537}, "datetime": {"datetime": "2024-06-09 19:29:03", "elapsed": 42.564251, "delta": 0.257385}}
{"target": -30.09305423606475, "params": {"momentum_down": 0.4794514965624538, "momentum_up": 0.23211653355134482, "mu_down": 0.3398892355365072, "mu_up": 0.0048047889559100845}, "datetime": {"datetime": "2024-06-09 19:29:03", "elapsed": 42.964058, "delta": 0.399807}}
{"target": -20.130286954597203, "params": {"momentum_down": 0.6293729163204734, "momentum_up": 0.7622323212332508, "mu_down": 0.4899428669699011, "mu_up": 0.004314109468684454}, "datetime": {"datetime": "2024-06-09 19:29:03", "elapsed": 43.07082, "delta": 0.106762}}
{"target": -40.11563718944869, "params": {"momentum_down": 0.08094870847974171, "momentum_up": 0.4752491469731589, "mu_down": 0.35590914151097625, "mu_up": 0.006912917285112077}, "datetime": {"datetime": "2024-06-09 19:29:04", "elapsed": 43.309308, "delta": 0.238488}}
{"target": -2300.0, "params": {"momentum_down": 0.9782135762748111, "momentum_up": 0.4664989131915263, "mu_down": 0.36366002357564364, "mu_up": 0.0020797999124314045}, "datetime": {"datetime": "2024-06-09 19:29:04", "elapsed": 43.774954, "delta": 0.465646}}
{"target": -100.14826639866553, "params": {"momentum_down": 0.9489291748893673, "momentum_up": 0.7013722205225154, "mu_down": 0.1552803837217952, "mu_up": 0.004348178005078265}, "datetime": {"datetime": "2024-06-09 19:29:04", "elapsed": 44.243819, "delta": 0.468865}}
{"target": -80.26060113904258, "params": {"momentum_down": 0.3475659715164578, "momentum_up": 0.22457609133869413, "mu_down": 0.4283867030772028, "mu_up": 0.0013179248355905167}, "datetime": {"datetime": "2024-06-09 19:29:05", "elapsed": 44.56637, "delta": 0.322551}}
{"target": -130.25765965564653, "params": {"momentum_down": 0.06643661261940585, "momentum_up": 0.938768997409807, "mu_down": 0.10362845892894629, "mu_up": 0.000233643566144798}, "datetime": {"datetime": "2024-06-09 19:29:05", "elapsed": 44.770396, "delta": 0.204026}}
{"target": -30.190018329851682, "params": {"momentum_down": 0.5792595551479918, "momentum_up": 0.7512055241061213, "mu_down": 0.22379380977464597, "mu_up": 0.002566426132379987}, "datetime": {"datetime": "2024-06-09 19:29:05", "elapsed": 44.860997, "delta": 0.090601}}
{"target": -60.28220424213825, "params": {"momentum_down": 0.5244246474098031, "momentum_up": 0.8693575508752748, "mu_down": 0.18862781256088668, "mu_up": 0.00030835794106327146}, "datetime": {"datetime": "2024-06-09 19:29:05", "elapsed": 45.030064, "delta": 0.169067}}
{"target": -20.12734294097465, "params": {"momentum_down": 0.5441827014115161, "momentum_up": 0.5526696004051633, "mu_down": 0.357396362210237, "mu_up": 0.00634736545758923}, "datetime": {"datetime": "2024-06-09 19:29:05", "elapsed": 45.280249, "delta": 0.250185}}
{"target": -40.19630283034059, "params": {"momentum_down": 0.20767387703359527, "momentum_up": 0.06325554451850138, "mu_down": 0.35648030513584295, "mu_up": 0.003482016187775325}, "datetime": {"datetime": "2024-06-09 19:29:06", "elapsed": 45.690586, "delta": 0.410337}}
{"target": -180.27811572428607, "params": {"momentum_down": 0.31984693618171184, "momentum_up": 0.1011225523031155, "mu_down": 0.04635008630105747, "mu_up": 0.004420462847203275}, "datetime": {"datetime": "2024-06-09 19:29:06", "elapsed": 45.953951, "delta": 0.263365}}
{"target": -180.26911361253536, "params": {"momentum_down": 0.3872250697316113, "momentum_up": 0.3893571153157681, "mu_down": 0.041069152111196106, "mu_up": 0.007849828084745923}, "datetime": {"datetime": "2024-06-09 19:29:07", "elapsed": 46.527368, "delta": 0.573417}}
{"target": -40.2679576323581, "params": {"momentum_down": 0.025122204819273533, "momentum_up": 0.6954385909588423, "mu_down": 0.31638552390058083, "mu_up": 0.002011115610037302}, "datetime": {"datetime": "2024-06-09 19:29:07", "elapsed": 46.856412, "delta": 0.329044}}
{"target": -2300.0, "params": {"momentum_down": 0.3108871695220711, "momentum_up": 0.06231570395715311, "mu_down": 0.3121948817117292, "mu_up": 0.009601985181459622}, "datetime": {"datetime": "2024-06-09 19:29:08", "elapsed": 47.478079, "delta": 0.621667}}
{"target": -50.08763515756658, "params": {"momentum_down": 0.061459616939763664, "momentum_up": 0.869332515789763, "mu_down": 0.33577297506849874, "mu_up": 0.004454141660727456}, "datetime": {"datetime": "2024-06-09 19:29:08", "elapsed": 47.743352, "delta": 0.265273}}
{"target": -20.107371903512888, "params": {"momentum_down": 0.8117556378938331, "momentum_up": 0.24597010987222007, "mu_down": 0.4445927655854861, "mu_up": 0.006672417512087134}, "datetime": {"datetime": "2024-06-09 19:29:08", "elapsed": 48.091683, "delta": 0.348331}}
{"target": -30.06033414638169, "params": {"momentum_down": 0.7653436468199916, "momentum_up": 0.5916273709595786, "mu_down": 0.1380087150555197, "mu_up": 0.006904358912271462}, "datetime": {"datetime": "2024-06-09 19:29:09", "elapsed": 48.360969, "delta": 0.269286}}
{"target": -50.11136548058269, "params": {"momentum_down": 0.42863763285535056, "momentum_up": 0.9009186246866808, "mu_down": 0.3782784691791829, "mu_up": 0.00902799550339005}, "datetime": {"datetime": "2024-06-09 19:29:09", "elapsed": 48.659754, "delta": 0.298785}}
{"target": -2074.615000533691, "params": {"momentum_down": 0.4599299082726871, "momentum_up": 0.9490936107454497, "mu_down": 0.399611314450678, "mu_up": 0.0043411188763913065}, "datetime": {"datetime": "2024-06-09 19:29:11", "elapsed": 50.511753, "delta": 1.851999}}
{"target": -2105.3651636588506, "params": {"momentum_down": 0.1490067423544971, "momentum_up": 0.950821710394243, "mu_down": 0.3801835377195736, "mu_up": 0.009511221349213455}, "datetime": {"datetime": "2024-06-09 19:29:13", "elapsed": 52.504513, "delta": 1.99276}}
{"target": -90.29158607860641, "params": {"momentum_down": 0.10264396504522408, "momentum_up": 0.13205152981090187, "mu_down": 0.14107277227871828, "mu_up": 0.0019633766487653285}, "datetime": {"datetime": "2024-06-09 19:29:13", "elapsed": 52.972534, "delta": 0.468021}}
{"target": -2270.999009448816, "params": {"momentum_down": 0.4301119064634454, "momentum_up": 0.9366775759487944, "mu_down": 0.3387089635733488, "mu_up": 0.009144653436871467}, "datetime": {"datetime": "2024-06-09 19:29:15", "elapsed": 54.805526, "delta": 1.832992}}
{"target": -130.26533607348205, "params": {"momentum_down": 0.8772430548473764, "momentum_up": 0.45581217057183426, "mu_down": 0.012936433836791883, "mu_up": 0.00139742736903291}, "datetime": {"datetime": "2024-06-09 19:29:15", "elapsed": 55.01639, "delta": 0.210864}}
{"target": -40.171134633186256, "params": {"momentum_down": 0.7099013143654481, "momentum_up": 0.36906483842587406, "mu_down": 0.1031396514201593, "mu_up": 0.008666716802657917}, "datetime": {"datetime": "2024-06-09 19:29:15", "elapsed": 55.125356, "delta": 0.108966}}
{"target": -70.17442790338497, "params": {"momentum_down": 0.597482481153154, "momentum_up": 0.8536738781490544, "mu_down": 0.08575175303206944, "mu_up": 0.0007350228920125301}, "datetime": {"datetime": "2024-06-09 19:29:16", "elapsed": 55.476169, "delta": 0.350813}}
{"target": -30.22457713787403, "params": {"momentum_down": 0.5801828926989855, "momentum_up": 0.8355640907044813, "mu_down": 0.20808119362618716, "mu_up": 0.003565247694809299}, "datetime": {"datetime": "2024-06-09 19:29:16", "elapsed": 55.798779, "delta": 0.32261}}
{"target": -70.1898970023488, "params": {"momentum_down": 0.3780320972650464, "momentum_up": 0.18026449219593632, "mu_down": 0.12071991353719663, "mu_up": 0.00864275479818976}, "datetime": {"datetime": "2024-06-09 19:29:16", "elapsed": 55.966002, "delta": 0.167223}}
{"target": -713.2981567301301, "params": {"momentum_down": 0.262357504156299, "momentum_up": 0.8698929243046952, "mu_down": 0.012337169839573059, "mu_up": 0.006020892962666815}, "datetime": {"datetime": "2024-06-09 19:29:17", "elapsed": 56.904801, "delta": 0.938799}}
{"target": -50.1581475658537, "params": {"momentum_down": 0.8291877942347577, "momentum_up": 0.7695608615112868, "mu_down": 0.05078370629885742, "mu_up": 0.003949758256137171}, "datetime": {"datetime": "2024-06-09 19:29:17", "elapsed": 57.185091, "delta": 0.28029}}
{"target": -40.24620642257791, "params": {"momentum_down": 0.2693158613285532, "momentum_up": 0.025089921668313152, "mu_down": 0.2555340294052388, "mu_up": 0.004774404285455432}, "datetime": {"datetime": "2024-06-09 19:29:18", "elapsed": 57.485581, "delta": 0.30049}}
{"target": -30.131222066039715, "params": {"momentum_down": 0.5319494975969156, "momentum_up": 0.3749333046826962, "mu_down": 0.47834505707632, "mu_up": 0.003197166034845056}, "datetime": {"datetime": "2024-06-09 19:29:18", "elapsed": 57.846888, "delta": 0.361307}}
{"target": -2300.0, "params": {"momentum_down": 0.03838773001174165, "momentum_up": 0.5116268432204084, "mu_down": 0.3938266577578103, "mu_up": 0.001351673995419611}, "datetime": {"datetime": "2024-06-09 19:29:18", "elapsed": 58.192285, "delta": 0.345397}}
{"target": -60.1728710349019, "params": {"momentum_down": 0.05001940404076111, "momentum_up": 0.8251327380855061, "mu_down": 0.21945636776406374, "mu_up": 0.007145769295147449}, "datetime": {"datetime": "2024-06-09 19:29:19", "elapsed": 58.611453, "delta": 0.419168}}
{"target": -2300.0, "params": {"momentum_down": 0.9243561711690106, "momentum_up": 0.786644214967903, "mu_down": 0.34854867640493176, "mu_up": 0.005956480475194653}, "datetime": {"datetime": "2024-06-09 19:29:19", "elapsed": 58.797095, "delta": 0.185642}}
{"target": -90.21451969362501, "params": {"momentum_down": 0.1387041658346606, "momentum_up": 0.7212282520042739, "mu_down": 0.12370890310329191, "mu_up": 0.009842869352913364}, "datetime": {"datetime": "2024-06-09 19:29:20", "elapsed": 59.37898, "delta": 0.581885}}
{"target": -2300.0, "params": {"momentum_down": 0.11649632863527648, "momentum_up": 0.6487830920685843, "mu_down": 0.47443280284026956, "mu_up": 0.008875206908219984}, "datetime": {"datetime": "2024-06-09 19:29:20", "elapsed": 59.477326, "delta": 0.098346}}
