{"target": -2285.0537258754616, "params": {"momentum_down": 0.4128517846555483, "momentum_up": 0.7131212485077365, "mu_down": 5.718740867244332e-05, "mu_up": 0.0030303024005920794}, "datetime": {"datetime": "2024-06-09 19:09:01", "elapsed": 0.0, "delta": 0.0}}
{"target": -542.2977898762223, "params": {"momentum_down": 0.14528833190894191, "momentum_up": 0.09141520882110982, "mu_down": 0.09313010568883545, "mu_up": 0.0034621516631600474}, "datetime": {"datetime": "2024-06-09 19:09:01", "elapsed": 0.327297, "delta": 0.327297}}
{"target": -180.25523359295906, "params": {"momentum_down": 0.39279979948836324, "momentum_up": 0.5334285666633234, "mu_down": 0.2095972572016474, "mu_up": 0.006855342808963627}, "datetime": {"datetime": "2024-06-09 19:09:01", "elapsed": 0.433446, "delta": 0.106149}}
{"target": -2001.6014518939855, "params": {"momentum_down": 0.20240772723420225, "momentum_up": 0.869336262027036, "mu_down": 0.013693796598963082, "mu_up": 0.006707970426682238}, "datetime": {"datetime": "2024-06-09 19:09:03", "elapsed": 1.761188, "delta": 1.327742}}
{"target": -502.2830612943595, "params": {"momentum_down": 0.41313175434345567, "momentum_up": 0.5531029301612941, "mu_down": 0.07019346929761688, "mu_up": 0.0019890338759579393}, "datetime": {"datetime": "2024-06-09 19:09:03", "elapsed": 2.101856, "delta": 0.340668}}
{"target": -2300.0, "params": {"momentum_down": 0.7927371229887813, "momentum_up": 0.9585789599622035, "mu_down": 0.15671208907962142, "mu_up": 0.006926302930536448}, "datetime": {"datetime": "2024-06-09 19:09:03", "elapsed": 2.170534, "delta": 0.068678}}
{"target": -201.29654429710402, "params": {"momentum_down": 0.8676252607730779, "momentum_up": 0.8856605968688088, "mu_down": 0.042522105684888956, "mu_up": 0.00040015728449649483}, "datetime": {"datetime": "2024-06-09 19:09:03", "elapsed": 2.30714, "delta": 0.136606}}
{"target": -1015.2911577633058, "params": {"momentum_down": 0.16813211536892322, "momentum_up": 0.869361078395119, "mu_down": 0.04917341691652505, "mu_up": 0.004216865173800471}, "datetime": {"datetime": "2024-06-09 19:09:04", "elapsed": 2.975912, "delta": 0.668772}}
{"target": -2300.0, "params": {"momentum_down": 0.9483106348489969, "momentum_up": 0.5278336321232869, "mu_down": 0.3459385569752367, "mu_up": 0.003162001153750569}, "datetime": {"datetime": "2024-06-09 19:09:04", "elapsed": 3.226791, "delta": 0.250879}}
{"target": -2000.3489554371572, "params": {"momentum_down": 0.6796359184047678, "momentum_up": 0.8262794151783992, "mu_down": 0.009144138672095903, "mu_up": 0.007503941706300225}, "datetime": {"datetime": "2024-06-09 19:09:05", "elapsed": 4.533167, "delta": 1.306376}}
{"target": -2300.0, "params": {"momentum_down": 0.9789724780174297, "momentum_up": 0.740683997836041, "mu_down": 0.1402219960322026, "mu_up": 0.00789490049123037}, "datetime": {"datetime": "2024-06-09 19:09:06", "elapsed": 5.258053, "delta": 0.724886}}
{"target": -2300.0, "params": {"momentum_down": 0.10219374651186561, "momentum_up": 0.4434145909141461, "mu_down": 0.4542977515465478, "mu_up": 0.0029432053422530583}, "datetime": {"datetime": "2024-06-09 19:09:06", "elapsed": 5.280499, "delta": 0.022446}}
{"target": -2003.2744111287332, "params": {"momentum_down": 0.28489758520048525, "momentum_up": 0.1287282863970949, "mu_down": 0.009683478935148537, "mu_up": 0.0067915669740695106}, "datetime": {"datetime": "2024-06-09 19:09:08", "elapsed": 6.577895, "delta": 1.297396}}
{"target": -261.29529380461184, "params": {"momentum_down": 0.20951183484005845, "momentum_up": 0.2628911927785039, "mu_down": 0.24578657964016914, "mu_up": 0.0005430918257196331}, "datetime": {"datetime": "2024-06-09 19:09:08", "elapsed": 6.749191, "delta": 0.171296}}
{"target": -90.28896150083301, "params": {"momentum_down": 0.568376429437093, "momentum_up": 0.14526128915675204, "mu_down": 0.2946527684516421, "mu_up": 0.007000586016609103}, "datetime": {"datetime": "2024-06-09 19:09:08", "elapsed": 6.799594, "delta": 0.050403}}
{"target": -160.26143984773495, "params": {"momentum_down": 0.10131108453954758, "momentum_up": 0.40991542794137265, "mu_down": 0.34720007886387255, "mu_up": 0.004147650902573757}, "datetime": {"datetime": "2024-06-09 19:09:08", "elapsed": 6.887416, "delta": 0.087822}}
{"target": -170.29483332790952, "params": {"momentum_down": 0.04945392435662629, "momentum_up": 0.5305374418563564, "mu_down": 0.3318973226098944, "mu_up": 0.005153742229462502}, "datetime": {"datetime": "2024-06-09 19:09:08", "elapsed": 6.980142, "delta": 0.092726}}
{"target": -130.2837112461541, "params": {"momentum_down": 0.9351488084309052, "momentum_up": 0.580689490096973, "mu_down": 0.45170095764394175, "mu_up": 0.001383372294420913}, "datetime": {"datetime": "2024-06-09 19:09:08", "elapsed": 7.051901, "delta": 0.071759}}
{"target": -251.2956368718684, "params": {"momentum_down": 0.13788358377825097, "momentum_up": 0.7993173758224286, "mu_down": 0.1988384184927668, "mu_up": 0.0016618884291981586}, "datetime": {"datetime": "2024-06-09 19:09:08", "elapsed": 7.189409, "delta": 0.137508}}
{"target": -2391.109445145073, "params": {"momentum_down": 0.9182334945920736, "momentum_up": 0.3442882011480515, "mu_down": 0.37540605156807777, "mu_up": 0.00726271987365101}, "datetime": {"datetime": "2024-06-09 19:09:09", "elapsed": 8.436091, "delta": 1.246682}}
{"target": -2047.2300661494621, "params": {"momentum_down": 0.05908323069121823, "momentum_up": 0.8352338935258937, "mu_down": 0.00385992799206053, "mu_up": 0.0016269907327848352}, "datetime": {"datetime": "2024-06-09 19:09:10", "elapsed": 9.560645, "delta": 1.124554}}
{"target": -80.21855029516593, "params": {"momentum_down": 0.9069589001463934, "momentum_up": 0.36354899928302215, "mu_down": 0.3450260119631698, "mu_up": 0.008015205643926259}, "datetime": {"datetime": "2024-06-09 19:09:11", "elapsed": 9.659012, "delta": 0.098367}}
{"target": -190.25863507946008, "params": {"momentum_down": 0.31522869904386586, "momentum_up": 0.6564281711363338, "mu_down": 0.22419492816445857, "mu_up": 0.0017303300001412813}, "datetime": {"datetime": "2024-06-09 19:09:11", "elapsed": 9.82991, "delta": 0.170898}}
{"target": -2208.7109207566386, "params": {"momentum_down": 0.5385446454405572, "momentum_up": 0.9381093066579155, "mu_down": 0.3385801911810578, "mu_up": 0.004946802794165044}, "datetime": {"datetime": "2024-06-09 19:09:12", "elapsed": 11.012596, "delta": 1.182686}}
{"target": -170.26686668760055, "params": {"momentum_down": 0.3598542448071901, "momentum_up": 0.03906006387857962, "mu_down": 0.3526730808920542, "mu_up": 0.0008016154346164222}, "datetime": {"datetime": "2024-06-09 19:09:12", "elapsed": 11.187176, "delta": 0.17458}}
{"target": -100.26182652626827, "params": {"momentum_down": 0.4054232975285239, "momentum_up": 0.1210742497202682, "mu_down": 0.36499080739473555, "mu_up": 0.008682179154029388}, "datetime": {"datetime": "2024-06-09 19:09:12", "elapsed": 11.336488, "delta": 0.149312}}
{"target": -50.15452468181897, "params": {"momentum_down": 0.6756976464923319, "momentum_up": 0.7718578804154514, "mu_down": 0.4870051138823189, "mu_up": 0.001484757607327127}, "datetime": {"datetime": "2024-06-09 19:09:12", "elapsed": 11.434524, "delta": 0.098036}}
{"target": -180.2922879880665, "params": {"momentum_down": 0.3735054796454565, "momentum_up": 0.2977336779752298, "mu_down": 0.20760066145113137, "mu_up": 0.008312191826467419}, "datetime": {"datetime": "2024-06-09 19:09:13", "elapsed": 11.608936, "delta": 0.174412}}
{"target": -90.29844959978816, "params": {"momentum_down": 0.5759010799003624, "momentum_up": 0.687055330824224, "mu_down": 0.2868054749024032, "mu_up": 0.003297569562702924}, "datetime": {"datetime": "2024-06-09 19:09:13", "elapsed": 11.679614, "delta": 0.070678}}
{"target": -201.27812107951837, "params": {"momentum_down": 0.2844696061958311, "momentum_up": 0.7909569378049244, "mu_down": 0.21179462992003556, "mu_up": 0.00554526090242}, "datetime": {"datetime": "2024-06-09 19:09:13", "elapsed": 11.862365, "delta": 0.182751}}
{"target": -371.28750728434494, "params": {"momentum_down": 0.29121747473762954, "momentum_up": 0.14947591936975227, "mu_down": 0.11266826887935166, "mu_up": 0.0037276092306272736}, "datetime": {"datetime": "2024-06-09 19:09:13", "elapsed": 12.165093, "delta": 0.302728}}
{"target": -2037.3342209058035, "params": {"momentum_down": 0.519248063660093, "momentum_up": 0.3082586308963575, "mu_down": 0.0023085970103171594, "mu_up": 0.00821192187402671}, "datetime": {"datetime": "2024-06-09 19:09:14", "elapsed": 13.269985, "delta": 1.104892}}
{"target": -4098.283021495406, "params": {"momentum_down": 0.865150688649818, "momentum_up": 0.7582079845888144, "mu_down": 0.19441990815854016, "mu_up": 0.008751090266893491}, "datetime": {"datetime": "2024-06-09 19:09:15", "elapsed": 14.415324, "delta": 1.145339}}
{"target": -311.2977851828931, "params": {"momentum_down": 0.01594699574304096, "momentum_up": 0.7728352623487534, "mu_down": 0.18746584206428446, "mu_up": 0.005491043088728697}, "datetime": {"datetime": "2024-06-09 19:09:16", "elapsed": 14.649492, "delta": 0.234168}}
{"target": -2300.0, "params": {"momentum_down": 0.7978173258470223, "momentum_up": 0.9366549847520004, "mu_down": 0.20521783637294289, "mu_up": 0.00898232709263253}, "datetime": {"datetime": "2024-06-09 19:09:16", "elapsed": 14.779569, "delta": 0.130077}}
{"target": -160.29953891446414, "params": {"momentum_down": 0.619094339551864, "momentum_up": 0.7275211668680205, "mu_down": 0.2845950167612572, "mu_up": 0.0067073641587008905}, "datetime": {"datetime": "2024-06-09 19:09:16", "elapsed": 14.895578, "delta": 0.116009}}
{"target": -2300.0, "params": {"momentum_down": 0.30994179474975353, "momentum_up": 0.7762935710742532, "mu_down": 0.4618108838691601, "mu_up": 0.007864217320255053}, "datetime": {"datetime": "2024-06-09 19:09:16", "elapsed": 14.983298, "delta": 0.08772}}
{"target": -2300.0, "params": {"momentum_down": 0.9387182763436606, "momentum_up": 0.7816741046984651, "mu_down": 0.2880532468427946, "mu_up": 0.005980773441519915}, "datetime": {"datetime": "2024-06-09 19:09:16", "elapsed": 15.078777, "delta": 0.095479}}
{"target": -824.2927352003823, "params": {"momentum_down": 0.5326382463578416, "momentum_up": 0.030852736772794372, "mu_down": 0.03451308065586772, "mu_up": 0.0058446793853988615}, "datetime": {"datetime": "2024-06-09 19:09:17", "elapsed": 15.644442, "delta": 0.565665}}
{"target": -60.24685142139693, "params": {"momentum_down": 0.577733109612321, "momentum_up": 0.7679716685750269, "mu_down": 0.4530627988289052, "mu_up": 0.002088237594726224}, "datetime": {"datetime": "2024-06-09 19:09:17", "elapsed": 15.721941, "delta": 0.077499}}
{"target": -2000.9077300331294, "params": {"momentum_down": 0.3418920302906971, "momentum_up": 0.050783139944782535, "mu_down": 0.013802819900307628, "mu_up": 0.007475413277332519}, "datetime": {"datetime": "2024-06-09 19:09:18", "elapsed": 16.878236, "delta": 1.156295}}
{"target": -70.27398324972663, "params": {"momentum_down": 0.7028929904759875, "momentum_up": 0.06705144060465372, "mu_down": 0.26467171567319053, "mu_up": 0.005697371482232375}, "datetime": {"datetime": "2024-06-09 19:09:18", "elapsed": 16.969018, "delta": 0.090782}}
{"target": -170.28589585383884, "params": {"momentum_down": 0.241222219948625, "momentum_up": 0.8947870425786013, "mu_down": 0.26099686153071455, "mu_up": 0.0052817421245373196}, "datetime": {"datetime": "2024-06-09 19:09:18", "elapsed": 17.131577, "delta": 0.162559}}
{"target": -643.2850951131859, "params": {"momentum_down": 0.2260120896807193, "momentum_up": 0.0613027263982642, "mu_down": 0.0734870791281807, "mu_up": 0.005815046427354331}, "datetime": {"datetime": "2024-06-09 19:09:19", "elapsed": 17.616563, "delta": 0.484986}}
{"target": -452.2909501649006, "params": {"momentum_down": 0.31122724904073773, "momentum_up": 0.5844690992125787, "mu_down": 0.09193336249480383, "mu_up": 0.0068836020898429585}, "datetime": {"datetime": "2024-06-09 19:09:19", "elapsed": 17.959235, "delta": 0.342672}}
{"target": -211.27375659956783, "params": {"momentum_down": 0.019312750768436547, "momentum_up": 0.013102307017929672, "mu_down": 0.28468855565306556, "mu_up": 0.005623632069529689}, "datetime": {"datetime": "2024-06-09 19:09:19", "elapsed": 18.138025, "delta": 0.17879}}
{"target": -2300.0, "params": {"momentum_down": 0.2530379408019461, "momentum_up": 0.3100677379619884, "mu_down": 0.4303117180931709, "mu_up": 0.008867258765827068}, "datetime": {"datetime": "2024-06-09 19:09:19", "elapsed": 18.431955, "delta": 0.29393}}
{"target": -2009.4719238534433, "params": {"momentum_down": 0.17425952197984904, "momentum_up": 0.15631144046153012, "mu_down": 0.007643578054153777, "mu_up": 0.008185063333551018}, "datetime": {"datetime": "2024-06-09 19:09:21", "elapsed": 19.884016, "delta": 1.452061}}
{"target": -50.25963990799616, "params": {"momentum_down": 0.7679692411055381, "momentum_up": 0.44341114154766337, "mu_down": 0.33310383538538024, "mu_up": 0.0015295301073427509}, "datetime": {"datetime": "2024-06-09 19:09:21", "elapsed": 19.967117, "delta": 0.083101}}
{"target": -180.261649442662, "params": {"momentum_down": 0.4510643545402476, "momentum_up": 0.2961354980292775, "mu_down": 0.18900965663389452, "mu_up": 0.007474472851641304}, "datetime": {"datetime": "2024-06-09 19:09:21", "elapsed": 20.182238, "delta": 0.215121}}
{"target": -572.298440637844, "params": {"momentum_down": 0.82223226437212, "momentum_up": 0.17702412854515165, "mu_down": 0.018599596153904663, "mu_up": 0.0038854998122593875}, "datetime": {"datetime": "2024-06-09 19:09:22", "elapsed": 20.603036, "delta": 0.420798}}
{"target": -613.2995517403224, "params": {"momentum_down": 0.2712169370912309, "momentum_up": 0.5655707486765509, "mu_down": 0.07143285520426484, "mu_up": 0.005297782306023659}, "datetime": {"datetime": "2024-06-09 19:09:22", "elapsed": 21.021178, "delta": 0.418142}}
{"target": -80.28757914911768, "params": {"momentum_down": 0.7118143316552588, "momentum_up": 0.784200613695581, "mu_down": 0.4705248232126664, "mu_up": 0.0003375307304526591}, "datetime": {"datetime": "2024-06-09 19:09:22", "elapsed": 21.188528, "delta": 0.16735}}
{"target": -391.28912943237196, "params": {"momentum_down": 0.41611763594158363, "momentum_up": 0.07890653593388708, "mu_down": 0.08815073614580893, "mu_up": 0.004201733142799459}, "datetime": {"datetime": "2024-06-09 19:09:23", "elapsed": 21.576701, "delta": 0.388173}}
{"target": -140.29413224410413, "params": {"momentum_down": 0.5550650962229202, "momentum_up": 0.38380593308260863, "mu_down": 0.20436459279484365, "mu_up": 0.0019383552997329573}, "datetime": {"datetime": "2024-06-09 19:09:23", "elapsed": 21.765699, "delta": 0.188998}}
{"target": -512.2859624650126, "params": {"momentum_down": 0.3317226081749346, "momentum_up": 0.2057337095030188, "mu_down": 0.08029543417601143, "mu_up": 0.0009610749817960629}, "datetime": {"datetime": "2024-06-09 19:09:23", "elapsed": 22.16478, "delta": 0.399081}}
{"target": -251.28735559975345, "params": {"momentum_down": 0.5565901988842585, "momentum_up": 0.27062636380712635, "mu_down": 0.4521228373335047, "mu_up": 0.0003761013159242166}, "datetime": {"datetime": "2024-06-09 19:09:23", "elapsed": 22.375336, "delta": 0.210556}}
{"target": -40.286895441001654, "params": {"momentum_down": 0.7968388804999145, "momentum_up": 0.7852485779277919, "mu_down": 0.3881862165626736, "mu_up": 0.0012181164591000989}, "datetime": {"datetime": "2024-06-09 19:09:23", "elapsed": 22.497989, "delta": 0.122653}}
{"target": -140.27260680169863, "params": {"momentum_down": 0.9488922235772734, "momentum_up": 0.2831150012844608, "mu_down": 0.21381019797037504, "mu_up": 0.009729228123819586}, "datetime": {"datetime": "2024-06-09 19:09:24", "elapsed": 22.668871, "delta": 0.170882}}
{"target": -2300.0, "params": {"momentum_down": 0.045286155316616755, "momentum_up": 0.23230119126784707, "mu_down": 0.4732736463116146, "mu_up": 0.004231901821741806}, "datetime": {"datetime": "2024-06-09 19:09:24", "elapsed": 22.810623, "delta": 0.141752}}
{"target": -2000.4591819176453, "params": {"momentum_down": 0.0983448291669507, "momentum_up": 0.13295881237790239, "mu_down": 0.02406956810690647, "mu_up": 0.005026672256141485}, "datetime": {"datetime": "2024-06-09 19:09:25", "elapsed": 24.16304, "delta": 1.352417}}
{"target": -100.22095399646034, "params": {"momentum_down": 0.7482081476065383, "momentum_up": 0.6657021490682816, "mu_down": 0.17080370707777992, "mu_up": 0.0013667222764935539}, "datetime": {"datetime": "2024-06-09 19:09:25", "elapsed": 24.322153, "delta": 0.159113}}
{"target": -80.22309254901461, "params": {"momentum_down": 0.5652743193079498, "momentum_up": 0.7518932253404585, "mu_down": 0.361273368409948, "mu_up": 0.00355569316437382}, "datetime": {"datetime": "2024-06-09 19:09:26", "elapsed": 24.666594, "delta": 0.344441}}
{"target": -2300.0, "params": {"momentum_down": 0.9728344198184745, "momentum_up": 0.726076663171826, "mu_down": 0.4426204180519931, "mu_up": 0.007925223310247432}, "datetime": {"datetime": "2024-06-09 19:09:26", "elapsed": 24.799845, "delta": 0.133251}}
{"target": -2474.3109611383206, "params": {"momentum_down": 0.8907491944487641, "momentum_up": 0.3943400635897099, "mu_down": 0.3028638145982867, "mu_up": 0.0057257385594539755}, "datetime": {"datetime": "2024-06-09 19:09:28", "elapsed": 26.602004, "delta": 1.802159}}
{"target": -2300.0, "params": {"momentum_down": 0.646176945416859, "momentum_up": 0.9130293059996961, "mu_down": 0.33605074682183117, "mu_up": 0.007446980925654204}, "datetime": {"datetime": "2024-06-09 19:09:28", "elapsed": 26.732467, "delta": 0.130463}}
{"target": -231.289217742059, "params": {"momentum_down": 0.3331254509133214, "momentum_up": 0.2805120403437131, "mu_down": 0.17065237545787998, "mu_up": 0.00976061013811167}, "datetime": {"datetime": "2024-06-09 19:09:28", "elapsed": 26.942813, "delta": 0.210346}}
{"target": -201.28821462064434, "params": {"momentum_down": 0.7093778266571782, "momentum_up": 0.4428153847093113, "mu_down": 0.08751664366618167, "mu_up": 0.0018862576362148973}, "datetime": {"datetime": "2024-06-09 19:09:28", "elapsed": 27.170175, "delta": 0.227362}}
{"target": -2551.1407589236433, "params": {"momentum_down": 0.2102479999257107, "momentum_up": 0.953341582874861, "mu_down": 0.255861146245667, "mu_up": 0.0075750517778589085}, "datetime": {"datetime": "2024-06-09 19:09:29", "elapsed": 28.361999, "delta": 1.191824}}
{"target": -2300.0, "params": {"momentum_down": 0.9581507469167564, "momentum_up": 0.6682495193825603, "mu_down": 0.44115330368466465, "mu_up": 0.007478924183824903}, "datetime": {"datetime": "2024-06-09 19:09:29", "elapsed": 28.503792, "delta": 0.141793}}
{"target": -2300.0, "params": {"momentum_down": 0.8825197424660918, "momentum_up": 0.8708376153339621, "mu_down": 0.22685580283246704, "mu_up": 0.0013475787701886942}, "datetime": {"datetime": "2024-06-09 19:09:30", "elapsed": 28.741495, "delta": 0.237703}}
{"target": -130.24149876422294, "params": {"momentum_down": 0.33502792320839325, "momentum_up": 0.08054502592335949, "mu_down": 0.3525773255256699, "mu_up": 0.0029664061634027163}, "datetime": {"datetime": "2024-06-09 19:09:30", "elapsed": 28.863341, "delta": 0.121846}}
{"target": -422.2866683750677, "params": {"momentum_down": 0.5405121671404708, "momentum_up": 0.3970248828999423, "mu_down": 0.06585844701602028, "mu_up": 0.008239820881092513}, "datetime": {"datetime": "2024-06-09 19:09:30", "elapsed": 29.165726, "delta": 0.302385}}
{"target": -80.24139440019611, "params": {"momentum_down": 0.5902791495290283, "momentum_up": 0.7148633938315926, "mu_down": 0.3307077671654638, "mu_up": 0.0037063760342465435}, "datetime": {"datetime": "2024-06-09 19:09:31", "elapsed": 29.745549, "delta": 0.579823}}
{"target": -381.2820686962309, "params": {"momentum_down": 0.5602217185604439, "momentum_up": 0.3783366536189991, "mu_down": 0.06914887508291734, "mu_up": 0.003641187139946434}, "datetime": {"datetime": "2024-06-09 19:09:31", "elapsed": 30.04972, "delta": 0.304171}}
{"target": -321.27543095331123, "params": {"momentum_down": 0.1714841427524696, "momentum_up": 0.0214021691008657, "mu_down": 0.15500851679702254, "mu_up": 0.006180341391624425}, "datetime": {"datetime": "2024-06-09 19:09:31", "elapsed": 30.272189, "delta": 0.222469}}
{"target": -60.18070714540814, "params": {"momentum_down": 0.6376785885113644, "momentum_up": 0.7603117489720602, "mu_down": 0.4244769143027053, "mu_up": 0.0018773659159075703}, "datetime": {"datetime": "2024-06-09 19:09:32", "elapsed": 31.20745, "delta": 0.935261}}
{"target": -110.29061191121184, "params": {"momentum_down": 0.6982361290792387, "momentum_up": 0.49913598599340553, "mu_down": 0.17183815734152857, "mu_up": 0.0028046344638931833}, "datetime": {"datetime": "2024-06-09 19:09:32", "elapsed": 31.542719, "delta": 0.335269}}
{"target": -180.29650809863793, "params": {"momentum_down": 0.23778576789184488, "momentum_up": 0.8331043106318884, "mu_down": 0.24912006647393878, "mu_up": 0.002869577655819525}, "datetime": {"datetime": "2024-06-09 19:09:33", "elapsed": 32.455722, "delta": 0.913003}}
{"target": -1688.2973797929199, "params": {"momentum_down": 0.09368487884385657, "momentum_up": 0.5040033852577089, "mu_down": 0.0321899948687423, "mu_up": 0.006785066304857747}, "datetime": {"datetime": "2024-06-09 19:09:35", "elapsed": 33.689966, "delta": 1.234244}}
{"target": -351.29127578750484, "params": {"momentum_down": 0.6901060005289948, "momentum_up": 0.4770873940554069, "mu_down": 0.053784906062328, "mu_up": 0.0013275887148274498}, "datetime": {"datetime": "2024-06-09 19:09:35", "elapsed": 33.90873, "delta": 0.218764}}
{"target": -90.26238695051084, "params": {"momentum_down": 0.4798899698378693, "momentum_up": 0.4081339952929903, "mu_down": 0.35383776639648346, "mu_up": 0.009680301270481716}, "datetime": {"datetime": "2024-06-09 19:09:35", "elapsed": 33.991528, "delta": 0.082798}}
