{"target": -20.14440622189443, "params": {"momentum_down": 0.8618379387258024, "momentum_up": 0.5429660635255286, "mu_down": 0.11170765417871176, "mu_up": 0.0035724031622582277}, "datetime": {"datetime": "2024-06-09 19:30:17", "elapsed": 116.5636, "delta": 0.218712}}
{"target": -2300.0, "params": {"momentum_down": 0.3722141889177797, "momentum_up": 0.1267354199991156, "mu_down": 0.4861502075337306, "mu_up": 0.000520935490741678}, "datetime": {"datetime": "2024-06-09 19:30:17", "elapsed": 117.164698, "delta": 0.601098}}
{"target": -40.21522005834079, "params": {"momentum_down": 0.170398972403205, "momentum_up": 0.7227075214604671, "mu_down": 0.27873630118746756, "mu_up": 0.0042516196830712115}, "datetime": {"datetime": "2024-06-09 19:30:18", "elapsed": 117.441498, "delta": 0.2768}}
{"target": -20.090059255314014, "params": {"momentum_down": 0.6562518873704016, "momentum_up": 0.71889373606811, "mu_down": 0.49099566273925666, "mu_up": 0.004985171108767416}, "datetime": {"datetime": "2024-06-09 19:30:19", "elapsed": 118.474516, "delta": 1.033018}}
{"target": -20.293975598870013, "params": {"momentum_down": 0.5353881450703181, "momentum_up": 0.7714736275528843, "mu_down": 0.4374550040502538, "mu_up": 0.0025944628033683277}, "datetime": {"datetime": "2024-06-09 19:30:19", "elapsed": 118.676344, "delta": 0.201828}}
{"target": -40.149342775177885, "params": {"momentum_down": 0.5181459797924041, "momentum_up": 0.8213551249540894, "mu_down": 0.19010764594580948, "mu_up": 0.005322375279202394}, "datetime": {"datetime": "2024-06-09 19:30:20", "elapsed": 119.844918, "delta": 1.168574}}
{"target": -2300.0, "params": {"momentum_down": 0.8122930257912084, "momentum_up": 0.9358945459791729, "mu_down": 0.25472702663410524, "mu_up": 0.007217620223976403}, "datetime": {"datetime": "2024-06-09 19:30:21", "elapsed": 121.234, "delta": 1.389082}}
{"target": -1326.2940745364401, "params": {"momentum_down": 0.2802900645069401, "momentum_up": 0.5280190096899916, "mu_down": 0.3401710835407642, "mu_up": 3.636721977534452e-05}, "datetime": {"datetime": "2024-06-09 19:30:23", "elapsed": 122.580238, "delta": 1.346238}}
{"target": -321.2962495606283, "params": {"momentum_down": 0.6632868795531123, "momentum_up": 0.49608553369829966, "mu_down": 0.3276252865174089, "mu_up": 0.00015933970708552833}, "datetime": {"datetime": "2024-06-09 19:30:24", "elapsed": 123.677298, "delta": 1.09706}}
{"target": -20.257913884300088, "params": {"momentum_down": 0.4199946340350908, "momentum_up": 0.4960028025080057, "mu_down": 0.4551050247355157, "mu_up": 0.0032647000677018426}, "datetime": {"datetime": "2024-06-09 19:30:25", "elapsed": 124.868334, "delta": 1.191036}}
{"target": -40.2048164368042, "params": {"momentum_down": 0.8749392114343275, "momentum_up": 0.5009957357476226, "mu_down": 0.3052370135409616, "mu_up": 0.0019895871967730333}, "datetime": {"datetime": "2024-06-09 19:30:26", "elapsed": 125.679359, "delta": 0.811025}}
{"target": -130.27334084960486, "params": {"momentum_down": 0.2327565731956274, "momentum_up": 0.6833999931625927, "mu_down": 0.07456452047017864, "mu_up": 0.0013127621136547942}, "datetime": {"datetime": "2024-06-09 19:30:27", "elapsed": 126.415353, "delta": 0.735994}}
{"target": -20.113960631629382, "params": {"momentum_down": 0.6366833657039961, "momentum_up": 0.599882340406267, "mu_down": 0.3207036121721945, "mu_up": 0.004445931802610304}, "datetime": {"datetime": "2024-06-09 19:30:27", "elapsed": 126.895115, "delta": 0.479762}}
{"target": -100.21602703301045, "params": {"momentum_down": 0.08563968709891523, "momentum_up": 0.2505114871337033, "mu_down": 0.1197395893549289, "mu_up": 0.00883879676312438}, "datetime": {"datetime": "2024-06-09 19:30:27", "elapsed": 127.185287, "delta": 0.290172}}
{"target": -20.29308019935874, "params": {"momentum_down": 0.7348717306617085, "momentum_up": 0.16355100456845129, "mu_down": 0.48885240334410046, "mu_up": 0.004712647265745101}, "datetime": {"datetime": "2024-06-09 19:30:28", "elapsed": 127.965994, "delta": 0.780707}}
{"target": -2170.842204280687, "params": {"momentum_down": 0.4033896355513096, "momentum_up": 0.4082706510241827, "mu_down": 0.00010434387843849535, "mu_up": 0.0051584742805112225}, "datetime": {"datetime": "2024-06-09 19:30:31", "elapsed": 130.430209, "delta": 2.464215}}
{"target": -2300.0, "params": {"momentum_down": 0.9710857488727536, "momentum_up": 0.33339218127951037, "mu_down": 0.4883145326038681, "mu_up": 0.004499740070232023}, "datetime": {"datetime": "2024-06-09 19:30:32", "elapsed": 131.322933, "delta": 0.892724}}
{"target": -201.28099292863683, "params": {"momentum_down": 0.764792417635769, "momentum_up": 0.10094390632669993, "mu_down": 0.2995629742735031, "mu_up": 0.0005138883602074339}, "datetime": {"datetime": "2024-06-09 19:30:32", "elapsed": 132.131767, "delta": 0.808834}}
{"target": -110.27264833127269, "params": {"momentum_down": 0.4467497435250389, "momentum_up": 0.8183662612811544, "mu_down": 0.31618090377837316, "mu_up": 0.00020251057814884844}, "datetime": {"datetime": "2024-06-09 19:30:34", "elapsed": 133.338216, "delta": 1.206449}}
{"target": -50.12698448779458, "params": {"momentum_down": 0.7097132972407956, "momentum_up": 0.8743628436019518, "mu_down": 0.12213392891158115, "mu_up": 0.0008306160344797687}, "datetime": {"datetime": "2024-06-09 19:30:34", "elapsed": 134.03623, "delta": 0.698014}}
{"target": -50.1476440362031, "params": {"momentum_down": 0.8139325119222549, "momentum_up": 0.5240966600933903, "mu_down": 0.07002298067463858, "mu_up": 0.0015508107441558777}, "datetime": {"datetime": "2024-06-09 19:30:36", "elapsed": 135.352077, "delta": 1.315847}}
{"target": -90.28402566577932, "params": {"momentum_down": 0.8859748547024202, "momentum_up": 0.0698549959279294, "mu_down": 0.06990977069155319, "mu_up": 0.0012886130152998533}, "datetime": {"datetime": "2024-06-09 19:30:36", "elapsed": 135.613801, "delta": 0.261724}}
{"target": -40.15563230915582, "params": {"momentum_down": 0.49263999746940274, "momentum_up": 0.0896493435634274, "mu_down": 0.453798858799234, "mu_up": 0.003353562197220359}, "datetime": {"datetime": "2024-06-09 19:30:37", "elapsed": 136.498946, "delta": 0.885145}}
{"target": -30.18857339617494, "params": {"momentum_down": 0.8079880758468281, "momentum_up": 0.3749672802671847, "mu_down": 0.4793763416922217, "mu_up": 0.0029779458618271588}, "datetime": {"datetime": "2024-06-09 19:30:38", "elapsed": 137.330975, "delta": 0.832029}}
{"target": -2300.0, "params": {"momentum_down": 0.2247823641869206, "momentum_up": 0.06759433961843858, "mu_down": 0.49123469211906323, "mu_up": 0.0023963063084219767}, "datetime": {"datetime": "2024-06-09 19:30:38", "elapsed": 137.566905, "delta": 0.23593}}
{"target": -80.22430093340702, "params": {"momentum_down": 0.08642728058160076, "momentum_up": 0.389209504255978, "mu_down": 0.14753953547947496, "mu_up": 0.008777911954727324}, "datetime": {"datetime": "2024-06-09 19:30:38", "elapsed": 137.851162, "delta": 0.284257}}
{"target": -1306.296220275943, "params": {"momentum_down": 0.1883141203503606, "momentum_up": 0.14361672125382072, "mu_down": 0.2684165226606967, "mu_up": 6.614284050033606e-05}, "datetime": {"datetime": "2024-06-09 19:30:40", "elapsed": 139.742742, "delta": 1.89158}}
{"target": -70.25375138087854, "params": {"momentum_down": 0.9193453657234486, "momentum_up": 0.11838584197389102, "mu_down": 0.20185325854264768, "mu_up": 0.0018375607377606798}, "datetime": {"datetime": "2024-06-09 19:30:40", "elapsed": 139.968353, "delta": 0.225611}}
{"target": -30.068794230610557, "params": {"momentum_down": 0.8284493444445332, "momentum_up": 0.4768490167733933, "mu_down": 0.1001963150373476, "mu_up": 0.006566829302721678}, "datetime": {"datetime": "2024-06-09 19:30:42", "elapsed": 141.73333, "delta": 1.764977}}
{"target": -110.27487748295142, "params": {"momentum_down": 0.3198122134131216, "momentum_up": 0.11534105671730067, "mu_down": 0.20338939628879077, "mu_up": 0.001078609841719123}, "datetime": {"datetime": "2024-06-09 19:30:43", "elapsed": 142.418916, "delta": 0.685586}}
{"target": -30.211018648340023, "params": {"momentum_down": 0.7359840321066686, "momentum_up": 0.6414860117883662, "mu_down": 0.1136985780286735, "mu_up": 0.008494973286667668}, "datetime": {"datetime": "2024-06-09 19:30:43", "elapsed": 143.244493, "delta": 0.825577}}
{"target": -30.11055850035412, "params": {"momentum_down": 0.7105192014765527, "momentum_up": 0.10761042542930818, "mu_down": 0.3041938374987165, "mu_up": 0.004620616456078745}, "datetime": {"datetime": "2024-06-09 19:30:44", "elapsed": 144.121657, "delta": 0.877164}}
{"target": -60.17233579451862, "params": {"momentum_down": 0.6953241212345032, "momentum_up": 0.43303997752727, "mu_down": 0.08725072826007679, "mu_up": 0.0016044427879729698}, "datetime": {"datetime": "2024-06-09 19:30:45", "elapsed": 144.938931, "delta": 0.817274}}
{"target": -60.25308794175777, "params": {"momentum_down": 0.5660507304755117, "momentum_up": 0.10152935043447092, "mu_down": 0.20038438329757635, "mu_up": 0.001928955626677986}, "datetime": {"datetime": "2024-06-09 19:30:47", "elapsed": 146.29972, "delta": 1.360789}}
{"target": -80.23440152903027, "params": {"momentum_down": 0.687043754742512, "momentum_up": 0.7478512034136775, "mu_down": 0.4948306543806397, "mu_up": 0.00036289439769824266}, "datetime": {"datetime": "2024-06-09 19:30:48", "elapsed": 147.695061, "delta": 1.395341}}
{"target": -2878.4451195639185, "params": {"momentum_down": 0.9489101818949779, "momentum_up": 0.6965719359513189, "mu_down": 0.1432255340419047, "mu_up": 0.0016942275545595558}, "datetime": {"datetime": "2024-06-09 19:30:50", "elapsed": 149.719631, "delta": 2.02457}}
{"target": -2300.0, "params": {"momentum_down": 0.42198835926083716, "momentum_up": 0.9849545908018937, "mu_down": 0.12824036119862814, "mu_up": 0.004040037498157389}, "datetime": {"datetime": "2024-06-09 19:30:52", "elapsed": 151.438999, "delta": 1.719368}}
{"target": -30.165522263608707, "params": {"momentum_down": 0.8653454656530603, "momentum_up": 0.15595433896179303, "mu_down": 0.19595112189108282, "mu_up": 0.0038870628191415013}, "datetime": {"datetime": "2024-06-09 19:30:52", "elapsed": 152.238428, "delta": 0.799429}}
{"target": -30.22832997065493, "params": {"momentum_down": 0.3587885280991195, "momentum_up": 0.8099871949890798, "mu_down": 0.3653940919045527, "mu_up": 0.001457165668233759}, "datetime": {"datetime": "2024-06-09 19:30:53", "elapsed": 153.026626, "delta": 0.788198}}
{"target": -50.169771813945566, "params": {"momentum_down": 0.6314788339958326, "momentum_up": 0.8557369037847626, "mu_down": 0.11032411549861842, "mu_up": 0.008207501810457719}, "datetime": {"datetime": "2024-06-09 19:30:54", "elapsed": 153.666368, "delta": 0.639742}}
{"target": -30.233324928517487, "params": {"momentum_down": 0.37447122381274883, "momentum_up": 0.2708148274315356, "mu_down": 0.2697444589224391, "mu_up": 0.009296070653505054}, "datetime": {"datetime": "2024-06-09 19:30:55", "elapsed": 154.806724, "delta": 1.140356}}
{"target": -2300.0, "params": {"momentum_down": 0.1115121082098922, "momentum_up": 0.3929996670144269, "mu_down": 0.4750938284130488, "mu_up": 0.0023012105376781096}, "datetime": {"datetime": "2024-06-09 19:30:56", "elapsed": 155.59179, "delta": 0.785066}}
{"target": -371.2946302212938, "params": {"momentum_down": 0.8157358410692211, "momentum_up": 0.8374464107285522, "mu_down": 0.32487918046506614, "mu_up": 4.359762862861174e-05}, "datetime": {"datetime": "2024-06-09 19:30:58", "elapsed": 157.488585, "delta": 1.896795}}
{"target": -381.2758573494502, "params": {"momentum_down": 0.4142716547832842, "momentum_up": 0.6682792721796634, "mu_down": 0.0188985807166015, "mu_up": 0.005804938820900678}, "datetime": {"datetime": "2024-06-09 19:30:59", "elapsed": 159.270322, "delta": 1.781737}}
{"target": -2790.53066492172, "params": {"momentum_down": 0.9365584575273546, "momentum_up": 0.9031032051315641, "mu_down": 0.043849780237267544, "mu_up": 0.0011595588458447644}, "datetime": {"datetime": "2024-06-09 19:31:02", "elapsed": 161.29906, "delta": 2.028738}}
{"target": -80.21901365358276, "params": {"momentum_down": 0.2215591107757532, "momentum_up": 0.23215756611222602, "mu_down": 0.19715961522050662, "mu_up": 0.0013510030883878929}, "datetime": {"datetime": "2024-06-09 19:31:02", "elapsed": 161.619068, "delta": 0.320008}}
{"target": -180.25932548415528, "params": {"momentum_down": 0.1518309158383956, "momentum_up": 0.8658948696189772, "mu_down": 0.05761942158907768, "mu_up": 0.007047680208002914}, "datetime": {"datetime": "2024-06-09 19:31:03", "elapsed": 162.665997, "delta": 1.046929}}
{"target": -341.27531573540284, "params": {"momentum_down": 0.3412745736139458, "momentum_up": 0.850853918189143, "mu_down": 0.023600041900321223, "mu_up": 0.005855295901610632}, "datetime": {"datetime": "2024-06-09 19:31:05", "elapsed": 164.634414, "delta": 1.968417}}
{"target": -2300.0, "params": {"momentum_down": 0.19414654163060718, "momentum_up": 0.1681614780007962, "mu_down": 0.48042613766565395, "mu_up": 0.001237815564845472}, "datetime": {"datetime": "2024-06-09 19:31:06", "elapsed": 165.29313, "delta": 0.658716}}
{"target": -40.24710948592022, "params": {"momentum_down": 0.705578648115925, "momentum_up": 0.4328143438883705, "mu_down": 0.10560683309365915, "mu_up": 0.0022393265196233793}, "datetime": {"datetime": "2024-06-09 19:31:06", "elapsed": 165.595836, "delta": 0.302706}}
{"target": -100.29148423639296, "params": {"momentum_down": 0.2721375708592839, "momentum_up": 0.4496734766569215, "mu_down": 0.08646171799039554, "mu_up": 0.009922028863757723}, "datetime": {"datetime": "2024-06-09 19:31:07", "elapsed": 166.518004, "delta": 0.922168}}
{"target": -20.142147521312097, "params": {"momentum_down": 0.6234019263803275, "momentum_up": 0.38455761554516177, "mu_down": 0.30484065108040653, "mu_up": 0.005671930268944638}, "datetime": {"datetime": "2024-06-09 19:31:07", "elapsed": 166.806712, "delta": 0.288708}}
{"target": -40.16268002399078, "params": {"momentum_down": 0.26203398047525656, "momentum_up": 0.8523154900733441, "mu_down": 0.3960697832518327, "mu_up": 0.005324777542706828}, "datetime": {"datetime": "2024-06-09 19:31:08", "elapsed": 167.742662, "delta": 0.93595}}
{"target": -40.162738764061956, "params": {"momentum_down": 0.4488236564289403, "momentum_up": 0.4510373141781934, "mu_down": 0.20055336352580788, "mu_up": 0.006321948496703582}, "datetime": {"datetime": "2024-06-09 19:31:10", "elapsed": 169.512371, "delta": 1.769709}}
{"target": -50.162280157425485, "params": {"momentum_down": 0.49470845226306015, "momentum_up": 0.6913140860969328, "mu_down": 0.14840679394813766, "mu_up": 0.004390204149915794}, "datetime": {"datetime": "2024-06-09 19:31:10", "elapsed": 169.827906, "delta": 0.315535}}
{"target": -2300.0, "params": {"momentum_down": 0.7922763725857848, "momentum_up": 0.097945446967796, "mu_down": 0.274145454818132, "mu_up": 0.00845951426659518}, "datetime": {"datetime": "2024-06-09 19:31:11", "elapsed": 170.836283, "delta": 1.008377}}
{"target": -40.19643188790865, "params": {"momentum_down": 0.39138851515149986, "momentum_up": 0.18780950060777507, "mu_down": 0.2115807402619297, "mu_up": 0.008404623826304828}, "datetime": {"datetime": "2024-06-09 19:31:12", "elapsed": 171.818915, "delta": 0.982632}}
{"target": -50.271260239140815, "params": {"momentum_down": 0.37605377918222754, "momentum_up": 0.08250007639225888, "mu_down": 0.15855397041979302, "mu_up": 0.007471872188732654}, "datetime": {"datetime": "2024-06-09 19:31:13", "elapsed": 172.653517, "delta": 0.834602}}
{"target": -462.2997079574486, "params": {"momentum_down": 0.28478075456709556, "momentum_up": 0.8573476635450517, "mu_down": 0.018516447041082185, "mu_up": 0.005888281795097867}, "datetime": {"datetime": "2024-06-09 19:31:14", "elapsed": 173.898642, "delta": 1.245125}}
{"target": -40.12254576538795, "params": {"momentum_down": 0.22966367458700618, "momentum_up": 0.3596904175011591, "mu_down": 0.30674734679507426, "mu_up": 0.0051102846231883825}, "datetime": {"datetime": "2024-06-09 19:31:15", "elapsed": 175.104122, "delta": 1.20548}}
{"target": -120.23847415972604, "params": {"momentum_down": 0.036776571737911594, "momentum_up": 0.061391308009547736, "mu_down": 0.10252314693513381, "mu_up": 0.008547060550593715}, "datetime": {"datetime": "2024-06-09 19:31:16", "elapsed": 176.04923, "delta": 0.945108}}
{"target": -2300.0, "params": {"momentum_down": 0.9832257243684829, "momentum_up": 0.11162410928322737, "mu_down": 0.21162426916862148, "mu_up": 0.0045203675632024135}, "datetime": {"datetime": "2024-06-09 19:31:17", "elapsed": 177.262729, "delta": 1.213499}}
{"target": -30.11675742706506, "params": {"momentum_down": 0.4980564775204274, "momentum_up": 0.8104937613418765, "mu_down": 0.30885779983110134, "mu_up": 0.008159170225127391}, "datetime": {"datetime": "2024-06-09 19:31:18", "elapsed": 178.285176, "delta": 1.022447}}
{"target": -30.125705233512342, "params": {"momentum_down": 0.5125180065317181, "momentum_up": 0.0673641591429492, "mu_down": 0.2981386990737976, "mu_up": 0.005343673300182358}, "datetime": {"datetime": "2024-06-09 19:31:20", "elapsed": 179.311693, "delta": 1.026517}}
{"target": -2500.762365621116, "params": {"momentum_down": 0.9404295325629521, "momentum_up": 0.9468016290639877, "mu_down": 0.03084596647024135, "mu_up": 0.005715283028861543}, "datetime": {"datetime": "2024-06-09 19:31:22", "elapsed": 181.302849, "delta": 1.991156}}
{"target": -311.2902147207214, "params": {"momentum_down": 0.6044205152458281, "momentum_up": 0.5990817623022969, "mu_down": 0.015569648866629315, "mu_up": 0.0007154238044984225}, "datetime": {"datetime": "2024-06-09 19:31:23", "elapsed": 182.440468, "delta": 1.137619}}
{"target": -70.22129442349983, "params": {"momentum_down": 0.5782574261087056, "momentum_up": 0.5578333172509204, "mu_down": 0.10728920417079474, "mu_up": 0.0009247529034026415}, "datetime": {"datetime": "2024-06-09 19:31:24", "elapsed": 183.415196, "delta": 0.974728}}
{"target": -2300.0, "params": {"momentum_down": 0.4536914009903677, "momentum_up": 0.9556101938880954, "mu_down": 0.4868334707008185, "mu_up": 0.0036767656552358545}, "datetime": {"datetime": "2024-06-09 19:31:24", "elapsed": 183.699448, "delta": 0.284252}}
{"target": -30.153966006800722, "params": {"momentum_down": 0.796560626776972, "momentum_up": 0.7805020228088676, "mu_down": 0.2133450292050731, "mu_up": 0.009184199920232042}, "datetime": {"datetime": "2024-06-09 19:31:25", "elapsed": 184.779581, "delta": 1.080133}}
{"target": -80.26101150064198, "params": {"momentum_down": 0.7166555302752792, "momentum_up": 0.2346446348891595, "mu_down": 0.22700260349532136, "mu_up": 0.0012579156474749552}, "datetime": {"datetime": "2024-06-09 19:31:25", "elapsed": 185.178511, "delta": 0.39893}}
{"target": -10.2486445444569, "params": {"momentum_down": 0.7095367288784068, "momentum_up": 0.41921684042267626, "mu_down": 0.4929017418835965, "mu_up": 0.007380138803023252}, "datetime": {"datetime": "2024-06-09 19:31:26", "elapsed": 185.955757, "delta": 0.777246}}
{"target": -2059.246133107953, "params": {"momentum_down": 0.49797638197500704, "momentum_up": 0.9597501160409758, "mu_down": 0.03415230510360112, "mu_up": 0.0006353118615940268}, "datetime": {"datetime": "2024-06-09 19:31:30", "elapsed": 189.653275, "delta": 3.697518}}
{"target": -20.088448887608696, "params": {"momentum_down": 0.5068195300064015, "momentum_up": 0.1978156018342946, "mu_down": 0.4683351131472627, "mu_up": 0.0076502506691963}, "datetime": {"datetime": "2024-06-09 19:31:32", "elapsed": 191.49404, "delta": 1.840765}}
{"target": -2300.0, "params": {"momentum_down": 0.9820328872075034, "momentum_up": 0.6644668852277086, "mu_down": 0.12566264113963427, "mu_up": 0.003328036237909094}, "datetime": {"datetime": "2024-06-09 19:31:34", "elapsed": 193.829834, "delta": 2.335794}}
{"target": -1366.2951348763154, "params": {"momentum_down": 0.11459689328895642, "momentum_up": 0.6411579306066032, "mu_down": 0.029603219537054526, "mu_up": 4.255591034961303e-05}, "datetime": {"datetime": "2024-06-09 19:31:36", "elapsed": 196.02576, "delta": 2.195926}}
{"target": -50.25998633144145, "params": {"momentum_down": 0.8400272366505437, "momentum_up": 0.4252877840162205, "mu_down": 0.08423364593905175, "mu_up": 0.0014418016436423464}, "datetime": {"datetime": "2024-06-09 19:31:37", "elapsed": 196.417098, "delta": 0.391338}}
{"target": -110.24602172237168, "params": {"momentum_down": 0.36920749908791783, "momentum_up": 0.029242344790491592, "mu_down": 0.1897302750373313, "mu_up": 0.0012203287318659196}, "datetime": {"datetime": "2024-06-09 19:31:38", "elapsed": 197.516644, "delta": 1.099546}}
{"target": -40.16341084044004, "params": {"momentum_down": 0.32902824826711097, "momentum_up": 0.42132919527502727, "mu_down": 0.2408782545400917, "mu_up": 0.009053505315216433}, "datetime": {"datetime": "2024-06-09 19:31:40", "elapsed": 199.366314, "delta": 1.84967}}
{"target": -80.26736412018892, "params": {"momentum_down": 0.7671282579795027, "momentum_up": 0.08451953865799336, "mu_down": 0.03913141954764132, "mu_up": 0.0034491645236954514}, "datetime": {"datetime": "2024-06-09 19:31:41", "elapsed": 200.960766, "delta": 1.594452}}
{"target": -110.25782926736346, "params": {"momentum_down": 0.24452272232480976, "momentum_up": 0.785128388259978, "mu_down": 0.40424199309626646, "mu_up": 0.0002664506987469674}, "datetime": {"datetime": "2024-06-09 19:31:42", "elapsed": 202.28875, "delta": 1.327984}}
{"target": -100.27648246510545, "params": {"momentum_down": 0.26001926967240124, "momentum_up": 0.7924526638331422, "mu_down": 0.09347173578729795, "mu_up": 0.0013145592740393152}, "datetime": {"datetime": "2024-06-09 19:31:44", "elapsed": 203.393221, "delta": 1.104471}}
{"target": -371.2860903950537, "params": {"momentum_down": 0.27028292095486695, "momentum_up": 0.721655835024571, "mu_down": 0.34796126709127234, "mu_up": 7.823733330349059e-05}, "datetime": {"datetime": "2024-06-09 19:31:45", "elapsed": 204.868037, "delta": 1.474816}}
