{"target": -90.23843155381694, "params": {"momentum_down": 0.8618379387258024, "momentum_up": 0.5429660635255286, "mu_down": 0.11170765417871176, "mu_up": 0.0035724031622582277}, "datetime": {"datetime": "2024-06-09 19:13:06", "elapsed": 244.75505, "delta": 0.413625}}
{"target": -70.2666369622873, "params": {"momentum_down": 0.515197242956962, "momentum_up": 0.16008829136792735, "mu_down": 0.43819428222307005, "mu_up": 0.00962549473313675}, "datetime": {"datetime": "2024-06-09 19:13:09", "elapsed": 248.022077, "delta": 3.267027}}
{"target": -80.25282173576012, "params": {"momentum_down": 0.4426659644329362, "momentum_up": 0.4241179443083572, "mu_down": 0.4359293006251679, "mu_up": 0.009402232069372535}, "datetime": {"datetime": "2024-06-09 19:13:12", "elapsed": 250.816604, "delta": 2.794527}}
{"target": -110.28775168192432, "params": {"momentum_down": 0.44334507566946135, "momentum_up": 0.1264025133265486, "mu_down": 0.30266441611593425, "mu_up": 0.0074019255768757964}, "datetime": {"datetime": "2024-06-09 19:13:14", "elapsed": 252.966214, "delta": 2.14961}}
{"target": -70.2216225078336, "params": {"momentum_down": 0.5353881450703181, "momentum_up": 0.7714736275528843, "mu_down": 0.4374550040502538, "mu_up": 0.0025944628033683277}, "datetime": {"datetime": "2024-06-09 19:13:14", "elapsed": 253.259637, "delta": 0.293423}}
{"target": -412.2995961878524, "params": {"momentum_down": 0.7837906006176423, "momentum_up": 0.564087567649552, "mu_down": 0.031117561838664543, "mu_up": 0.0026790416288822246}, "datetime": {"datetime": "2024-06-09 19:13:18", "elapsed": 256.600876, "delta": 3.341239}}
{"target": -2300.0, "params": {"momentum_down": 0.8122930257912084, "momentum_up": 0.9358945459791729, "mu_down": 0.25472702663410524, "mu_up": 0.007217620223976403}, "datetime": {"datetime": "2024-06-09 19:13:18", "elapsed": 256.964469, "delta": 0.363593}}
{"target": -120.23001730480117, "params": {"momentum_down": 0.3659222512160676, "momentum_up": 0.40748534100188655, "mu_down": 0.3369874334219486, "mu_up": 0.00976292161741825}, "datetime": {"datetime": "2024-06-09 19:13:20", "elapsed": 259.348733, "delta": 2.384264}}
{"target": -120.20312039772755, "params": {"momentum_down": 0.9421755679026913, "momentum_up": 0.32406226224472134, "mu_down": 0.13880929921720891, "mu_up": 0.009110619950893165}, "datetime": {"datetime": "2024-06-09 19:13:22", "elapsed": 261.29454, "delta": 1.945807}}
{"target": -80.29763254461646, "params": {"momentum_down": 0.4199946340350908, "momentum_up": 0.4960028025080057, "mu_down": 0.4551050247355157, "mu_up": 0.0032647000677018426}, "datetime": {"datetime": "2024-06-09 19:13:24", "elapsed": 262.75717, "delta": 1.46263}}
{"target": -50.219117429514085, "params": {"momentum_down": 0.8749392114343275, "momentum_up": 0.5009957357476226, "mu_down": 0.3052370135409616, "mu_up": 0.0019895871967730333}, "datetime": {"datetime": "2024-06-09 19:13:25", "elapsed": 263.811224, "delta": 1.054054}}
{"target": -60.2950521226487, "params": {"momentum_down": 0.8025458011017741, "momentum_up": 0.5302055368803614, "mu_down": 0.2602327755173318, "mu_up": 0.004741935595086459}, "datetime": {"datetime": "2024-06-09 19:13:28", "elapsed": 267.083902, "delta": 3.272678}}
{"target": -160.2501499752504, "params": {"momentum_down": 0.2950536717475418, "momentum_up": 0.07147070891631631, "mu_down": 0.27635018712023357, "mu_up": 0.01}, "datetime": {"datetime": "2024-06-09 19:13:30", "elapsed": 269.333954, "delta": 2.250052}}
{"target": -100.25053266944889, "params": {"momentum_down": 0.7879396581994388, "momentum_up": 0.4774593309207259, "mu_down": 0.13540291305830054, "mu_up": 0.007078533541084851}, "datetime": {"datetime": "2024-06-09 19:13:33", "elapsed": 271.637161, "delta": 2.303207}}
{"target": -50.11334633522997, "params": {"momentum_down": 0.8100526626966219, "momentum_up": 0.5055869197947936, "mu_down": 0.331714930691407, "mu_up": 0.002911748649069709}, "datetime": {"datetime": "2024-06-09 19:13:36", "elapsed": 275.198283, "delta": 3.561122}}
{"target": -2268.9034699671033, "params": {"momentum_down": 0.4033896355513096, "momentum_up": 0.4082706510241827, "mu_down": 0.00010434387843849535, "mu_up": 0.0051584742805112225}, "datetime": {"datetime": "2024-06-09 19:13:38", "elapsed": 277.386582, "delta": 2.188299}}
{"target": -2300.0, "params": {"momentum_down": 0.9710857488727536, "momentum_up": 0.33339218127951037, "mu_down": 0.4883145326038681, "mu_up": 0.004499740070232023}, "datetime": {"datetime": "2024-06-09 19:13:39", "elapsed": 278.435407, "delta": 1.048825}}
{"target": -100.25283560136559, "params": {"momentum_down": 0.41683571076322684, "momentum_up": 0.19622386994634294, "mu_down": 0.370203141992106, "mu_up": 0.006974693893400704}, "datetime": {"datetime": "2024-06-09 19:13:42", "elapsed": 281.471686, "delta": 3.036279}}
{"target": -2000.613990205314, "params": {"momentum_down": 0.6924352844568159, "momentum_up": 0.7457483747016231, "mu_down": 0.2984757716271366, "mu_up": 1e-05}, "datetime": {"datetime": "2024-06-09 19:13:46", "elapsed": 284.756287, "delta": 3.284601}}
{"target": -60.21536896115181, "params": {"momentum_down": 0.6666219150036962, "momentum_up": 0.4392833014129803, "mu_down": 0.3789048078481662, "mu_up": 0.008071055130935235}, "datetime": {"datetime": "2024-06-09 19:13:48", "elapsed": 286.856105, "delta": 2.099818}}
{"target": -170.28562561794715, "params": {"momentum_down": 0.8139325119222549, "momentum_up": 0.5240966600933903, "mu_down": 0.07002298067463858, "mu_up": 0.0015508107441558777}, "datetime": {"datetime": "2024-06-09 19:13:49", "elapsed": 287.868649, "delta": 1.012544}}
{"target": -90.2066928766191, "params": {"momentum_down": 0.42189447770400934, "momentum_up": 0.4969796714988671, "mu_down": 0.45249503055922136, "mu_up": 0.0026350656801995137}, "datetime": {"datetime": "2024-06-09 19:13:50", "elapsed": 288.896562, "delta": 1.027913}}
{"target": -50.20518555289646, "params": {"momentum_down": 0.6355117080206402, "momentum_up": 0.3663704725974963, "mu_down": 0.4993329378691203, "mu_up": 0.009282721086652191}, "datetime": {"datetime": "2024-06-09 19:13:52", "elapsed": 290.678069, "delta": 1.781507}}
{"target": -40.0997078298296, "params": {"momentum_down": 0.8079880758468281, "momentum_up": 0.3749672802671847, "mu_down": 0.4793763416922217, "mu_up": 0.0029779458618271588}, "datetime": {"datetime": "2024-06-09 19:13:52", "elapsed": 291.515412, "delta": 0.837343}}
{"target": -40.273188961469394, "params": {"momentum_down": 0.7665225407573601, "momentum_up": 0.34489169495240224, "mu_down": 0.4009331830177895, "mu_up": 0.0028120613842767986}, "datetime": {"datetime": "2024-06-09 19:13:56", "elapsed": 294.691418, "delta": 3.176006}}
{"target": -371.29455324235306, "params": {"momentum_down": 0.08642728058160076, "momentum_up": 0.389209504255978, "mu_down": 0.14753953547947496, "mu_up": 0.008777911954727324}, "datetime": {"datetime": "2024-06-09 19:13:56", "elapsed": 295.104717, "delta": 0.413299}}
{"target": -50.104857004062595, "params": {"momentum_down": 0.7470357739117414, "momentum_up": 0.3443139928076215, "mu_down": 0.4978642868521502, "mu_up": 0.007972556579399118}, "datetime": {"datetime": "2024-06-09 19:13:59", "elapsed": 297.771627, "delta": 2.66691}}
{"target": -90.1675920471406, "params": {"momentum_down": 0.9193453657234486, "momentum_up": 0.11838584197389102, "mu_down": 0.20185325854264768, "mu_up": 0.0018375607377606798}, "datetime": {"datetime": "2024-06-09 19:13:59", "elapsed": 298.078393, "delta": 0.306766}}
{"target": -281.28790727745206, "params": {"momentum_down": 0.5576290986608027, "momentum_up": 0.12828905813356567, "mu_down": 0.093136244625602, "mu_up": 0.005600515129881175}, "datetime": {"datetime": "2024-06-09 19:14:02", "elapsed": 301.560026, "delta": 3.481633}}
{"target": -261.2681355391172, "params": {"momentum_down": 0.11467106833682614, "momentum_up": 0.1118817203937359, "mu_down": 0.21076994456657222, "mu_up": 0.0026517854218498674}, "datetime": {"datetime": "2024-06-09 19:14:07", "elapsed": 306.493113, "delta": 4.933087}}
{"target": -2069.8539873951563, "params": {"momentum_down": 0.8010268932871396, "momentum_up": 0.4644070052333026, "mu_down": 0.42342928668281843, "mu_up": 0.00995870470396456}, "datetime": {"datetime": "2024-06-09 19:14:12", "elapsed": 310.709463, "delta": 4.21635}}
{"target": -60.20893165105833, "params": {"momentum_down": 0.5544338928096899, "momentum_up": 0.5060783242244168, "mu_down": 0.4954072239526578, "mu_up": 0.009540913435591556}, "datetime": {"datetime": "2024-06-09 19:14:14", "elapsed": 312.780973, "delta": 2.07151}}
{"target": -50.19442288055501, "params": {"momentum_down": 0.6894686086391671, "momentum_up": 0.36885389083640163, "mu_down": 0.43558717022200755, "mu_up": 0.0075691587401917546}, "datetime": {"datetime": "2024-06-09 19:14:17", "elapsed": 316.136358, "delta": 3.355385}}
{"target": -150.24352759493505, "params": {"momentum_down": 0.369286744185424, "momentum_up": 0.07659115237687886, "mu_down": 0.29365160497840936, "mu_up": 0.0022613574598016597}, "datetime": {"datetime": "2024-06-09 19:14:20", "elapsed": 319.212027, "delta": 3.075669}}
{"target": -190.2632509553738, "params": {"momentum_down": 0.4386687628772649, "momentum_up": 0.4479648859838276, "mu_down": 0.17881538610540315, "mu_up": 0.009238187795010708}, "datetime": {"datetime": "2024-06-09 19:14:24", "elapsed": 322.902512, "delta": 3.690485}}
{"target": -311.29592974486167, "params": {"momentum_down": 0.10252663579049896, "momentum_up": 0.6715499171493232, "mu_down": 0.17181542013566237, "mu_up": 0.0064581347609022795}, "datetime": {"datetime": "2024-06-09 19:14:27", "elapsed": 325.707793, "delta": 2.805281}}
{"target": -2300.0, "params": {"momentum_down": 0.42198835926083716, "momentum_up": 0.9849545908018937, "mu_down": 0.12824036119862814, "mu_up": 0.004040037498157389}, "datetime": {"datetime": "2024-06-09 19:14:28", "elapsed": 327.245604, "delta": 1.537811}}
{"target": -60.16260770023603, "params": {"momentum_down": 0.8653454656530603, "momentum_up": 0.15595433896179303, "mu_down": 0.19595112189108282, "mu_up": 0.0038870628191415013}, "datetime": {"datetime": "2024-06-09 19:14:29", "elapsed": 327.786747, "delta": 0.541143}}
{"target": -251.2652867509093, "params": {"momentum_down": 0.7370445571308681, "momentum_up": 0.04894405333417433, "mu_down": 0.06551007531509345, "mu_up": 0.009862837009716971}, "datetime": {"datetime": "2024-06-09 19:14:32", "elapsed": 330.785192, "delta": 2.998445}}
{"target": -2310.1457545261887, "params": {"momentum_down": 0.9427622433242965, "momentum_up": 0.9328825003672128, "mu_down": 0.0, "mu_up": 1e-05}, "datetime": {"datetime": "2024-06-09 19:14:36", "elapsed": 335.449207, "delta": 4.664015}}
{"target": -100.23728556751699, "params": {"momentum_down": 0.8201466275639936, "momentum_up": 0.15352207629508863, "mu_down": 0.4945025108488017, "mu_up": 0.0010709934641994349}, "datetime": {"datetime": "2024-06-09 19:14:41", "elapsed": 340.521534, "delta": 5.072327}}
{"target": -100.26244994789656, "params": {"momentum_down": 0.8018431207878571, "momentum_up": 0.03830874530250034, "mu_down": 0.4915289347807024, "mu_up": 0.001146771922402276}, "datetime": {"datetime": "2024-06-09 19:14:46", "elapsed": 345.070446, "delta": 4.548912}}
{"target": -452.2978581466516, "params": {"momentum_down": 0.8157358410692211, "momentum_up": 0.8374464107285522, "mu_down": 0.32487918046506614, "mu_up": 4.359762862861174e-05}, "datetime": {"datetime": "2024-06-09 19:14:48", "elapsed": 346.963953, "delta": 1.893507}}
{"target": -251.29834145158043, "params": {"momentum_down": 0.2500981408197268, "momentum_up": 0.0728051719625512, "mu_down": 0.17868612961168984, "mu_up": 0.004351255269380595}, "datetime": {"datetime": "2024-06-09 19:14:50", "elapsed": 349.09406, "delta": 2.130107}}
{"target": -2300.0, "params": {"momentum_down": 0.010080751873262558, "momentum_up": 0.4111058052570962, "mu_down": 0.34688889111291277, "mu_up": 0.009478610602842647}, "datetime": {"datetime": "2024-06-09 19:14:53", "elapsed": 351.703461, "delta": 2.609401}}
{"target": -291.2694397487932, "params": {"momentum_down": 0.003803980824342569, "momentum_up": 0.4150790707423047, "mu_down": 0.2052111210385819, "mu_up": 0.0037029815617938056}, "datetime": {"datetime": "2024-06-09 19:14:55", "elapsed": 354.522157, "delta": 2.818696}}
{"target": -874.2971529667586, "params": {"momentum_down": 0.1518309158383956, "momentum_up": 0.8658948696189772, "mu_down": 0.05761942158907768, "mu_up": 0.007047680208002914}, "datetime": {"datetime": "2024-06-09 19:14:56", "elapsed": 355.261497, "delta": 0.73934}}
{"target": -261.28398037406316, "params": {"momentum_down": 0.07979740879855095, "momentum_up": 0.2949917331874621, "mu_down": 0.20909311460545787, "mu_up": 0.005710097040914913}, "datetime": {"datetime": "2024-06-09 19:14:59", "elapsed": 357.930632, "delta": 2.669135}}
{"target": -241.29618057965178, "params": {"momentum_down": 0.0058205626704682665, "momentum_up": 0.5474643483341041, "mu_down": 0.2426426423684535, "mu_up": 0.008354077659706726}, "datetime": {"datetime": "2024-06-09 19:15:01", "elapsed": 360.322074, "delta": 2.391442}}
{"target": -160.29567049166135, "params": {"momentum_down": 0.2684510826834285, "momentum_up": 0.7291812038788916, "mu_down": 0.2658851004431602, "mu_up": 0.009605341931507999}, "datetime": {"datetime": "2024-06-09 19:15:05", "elapsed": 364.489583, "delta": 4.167509}}
{"target": -110.25375407143419, "params": {"momentum_down": 0.44527987375055195, "momentum_up": 0.5576529896144167, "mu_down": 0.3125675389363051, "mu_up": 0.009090649147216256}, "datetime": {"datetime": "2024-06-09 19:15:12", "elapsed": 370.738633, "delta": 6.24905}}
{"target": -80.24459354479875, "params": {"momentum_down": 0.6234019263803275, "momentum_up": 0.38455761554516177, "mu_down": 0.30484065108040653, "mu_up": 0.005671930268944638}, "datetime": {"datetime": "2024-06-09 19:15:13", "elapsed": 371.923237, "delta": 1.184604}}
{"target": -110.28809384186717, "params": {"momentum_down": 0.26203398047525656, "momentum_up": 0.8523154900733441, "mu_down": 0.3960697832518327, "mu_up": 0.005324777542706828}, "datetime": {"datetime": "2024-06-09 19:15:14", "elapsed": 373.158815, "delta": 1.235578}}
{"target": -170.26191597940667, "params": {"momentum_down": 0.4488236564289403, "momentum_up": 0.4510373141781934, "mu_down": 0.20055336352580788, "mu_up": 0.006321948496703582}, "datetime": {"datetime": "2024-06-09 19:15:16", "elapsed": 375.508156, "delta": 2.349341}}
{"target": -140.28544348460204, "params": {"momentum_down": 0.19694795837847814, "momentum_up": 0.8205528864749485, "mu_down": 0.3346121624696609, "mu_up": 0.008477496413461445}, "datetime": {"datetime": "2024-06-09 19:15:19", "elapsed": 378.342199, "delta": 2.834043}}
{"target": -140.25988069912475, "params": {"momentum_down": 0.6811994052662897, "momentum_up": 0.513767861648723, "mu_down": 0.15266953122797738, "mu_up": 0.0015940688944940699}, "datetime": {"datetime": "2024-06-09 19:15:21", "elapsed": 379.862376, "delta": 1.520177}}
{"target": -180.29406274062356, "params": {"momentum_down": 0.4685631935072978, "momentum_up": 0.19030137725829735, "mu_down": 0.17691194748536396, "mu_up": 0.01}, "datetime": {"datetime": "2024-06-09 19:15:25", "elapsed": 383.886934, "delta": 4.024558}}
{"target": -60.260410177721695, "params": {"momentum_down": 0.8149474848918122, "momentum_up": 0.8383045064781602, "mu_down": 0.325302130012947, "mu_up": 0.0051121780247946865}, "datetime": {"datetime": "2024-06-09 19:15:27", "elapsed": 385.793136, "delta": 1.906202}}
{"target": -60.239942280470615, "params": {"momentum_down": 0.7667406090859963, "momentum_up": 0.8476040246344626, "mu_down": 0.3745071086046736, "mu_up": 0.006318253242779252}, "datetime": {"datetime": "2024-06-09 19:15:32", "elapsed": 391.322326, "delta": 5.52919}}
{"target": -70.23520828701754, "params": {"momentum_down": 0.5407468957790963, "momentum_up": 0.5554446546771813, "mu_down": 0.4295441685922518, "mu_up": 0.0042714096464769565}, "datetime": {"datetime": "2024-06-09 19:15:35", "elapsed": 394.311735, "delta": 2.989409}}
{"target": -1608.2966090440784, "params": {"momentum_down": 0.7578306064600696, "momentum_up": 0.31149510000728325, "mu_down": 0.1748935012588848, "mu_up": 5.414349418322373e-05}, "datetime": {"datetime": "2024-06-09 19:15:40", "elapsed": 398.885147, "delta": 4.573412}}
{"target": -3519.5782791318375, "params": {"momentum_down": 0.9832257243684829, "momentum_up": 0.11162410928322737, "mu_down": 0.21162426916862148, "mu_up": 0.0045203675632024135}, "datetime": {"datetime": "2024-06-09 19:15:43", "elapsed": 401.995678, "delta": 3.110531}}
{"target": -60.137783337381094, "params": {"momentum_down": 0.8896747417654597, "momentum_up": 0.05941998718118824, "mu_down": 0.2225368497619279, "mu_up": 0.009758158471659912}, "datetime": {"datetime": "2024-06-09 19:15:48", "elapsed": 407.400045, "delta": 5.404367}}
{"target": -110.23190999252145, "params": {"momentum_down": 0.5125180065317181, "momentum_up": 0.0673641591429492, "mu_down": 0.2981386990737976, "mu_up": 0.005343673300182358}, "datetime": {"datetime": "2024-06-09 19:15:50", "elapsed": 409.175357, "delta": 1.775312}}
{"target": -11654.521004312863, "params": {"momentum_down": 0.9404295325629521, "momentum_up": 0.9468016290639877, "mu_down": 0.03084596647024135, "mu_up": 0.005715283028861543}, "datetime": {"datetime": "2024-06-09 19:15:53", "elapsed": 411.879662, "delta": 2.704305}}
{"target": -1557.298562131792, "params": {"momentum_down": 0.6044205152458281, "momentum_up": 0.5990817623022969, "mu_down": 0.015569648866629315, "mu_up": 0.0007154238044984225}, "datetime": {"datetime": "2024-06-09 19:15:54", "elapsed": 412.898151, "delta": 1.018489}}
{"target": -241.27955300534612, "params": {"momentum_down": 0.5782574261087056, "momentum_up": 0.5578333172509204, "mu_down": 0.10728920417079474, "mu_up": 0.0009247529034026415}, "datetime": {"datetime": "2024-06-09 19:15:57", "elapsed": 416.054008, "delta": 3.155857}}
{"target": -2300.0, "params": {"momentum_down": 0.4536914009903677, "momentum_up": 0.9556101938880954, "mu_down": 0.4868334707008185, "mu_up": 0.0036767656552358545}, "datetime": {"datetime": "2024-06-09 19:15:57", "elapsed": 416.410757, "delta": 0.356749}}
{"target": -2300.0, "params": {"momentum_down": 0.796560626776972, "momentum_up": 0.7805020228088676, "mu_down": 0.2133450292050731, "mu_up": 0.009184199920232042}, "datetime": {"datetime": "2024-06-09 19:15:58", "elapsed": 416.86796, "delta": 0.457203}}
{"target": -60.164194254495364, "params": {"momentum_down": 0.6292446740393592, "momentum_up": 0.4110347371827771, "mu_down": 0.4456441456670996, "mu_up": 0.00826083838666113}, "datetime": {"datetime": "2024-06-09 19:16:01", "elapsed": 420.324361, "delta": 3.456401}}
{"target": -70.21119966929169, "params": {"momentum_down": 0.5635899015959788, "momentum_up": 0.7149809718862142, "mu_down": 0.41789863098821345, "mu_up": 0.003184534244882017}, "datetime": {"datetime": "2024-06-09 19:16:04", "elapsed": 423.549586, "delta": 3.225225}}
{"target": -5446.331447606828, "params": {"momentum_down": 0.49797638197500704, "momentum_up": 0.9597501160409758, "mu_down": 0.03415230510360112, "mu_up": 0.0006353118615940268}, "datetime": {"datetime": "2024-06-09 19:16:10", "elapsed": 428.763374, "delta": 5.213788}}
{"target": -70.21866501410025, "params": {"momentum_down": 0.5068195300064015, "momentum_up": 0.1978156018342946, "mu_down": 0.4683351131472627, "mu_up": 0.0076502506691963}, "datetime": {"datetime": "2024-06-09 19:16:12", "elapsed": 431.395751, "delta": 2.632377}}
{"target": -60.114118899192405, "params": {"momentum_down": 0.8791313647597684, "momentum_up": 0.10196974001875933, "mu_down": 0.20241346234005475, "mu_up": 0.006419972047180163}, "datetime": {"datetime": "2024-06-09 19:16:18", "elapsed": 436.644595, "delta": 5.248844}}
{"target": -50.158331273600886, "params": {"momentum_down": 0.7172995997083861, "momentum_up": 0.1849865812498159, "mu_down": 0.4181797281459066, "mu_up": 0.00883715996926699}, "datetime": {"datetime": "2024-06-09 19:16:21", "elapsed": 440.511461, "delta": 3.866866}}
{"target": -60.24193470296967, "params": {"momentum_down": 0.575950108821767, "momentum_up": 0.45407495078727117, "mu_down": 0.45072593753912993, "mu_up": 0.004888942637677623}, "datetime": {"datetime": "2024-06-09 19:16:24", "elapsed": 443.35143, "delta": 2.839969}}
{"target": -231.2832844585983, "params": {"momentum_down": 0.36920749908791783, "momentum_up": 0.029242344790491592, "mu_down": 0.1897302750373313, "mu_up": 0.0012203287318659196}, "datetime": {"datetime": "2024-06-09 19:16:26", "elapsed": 445.405614, "delta": 2.054184}}
{"target": -170.26801957504975, "params": {"momentum_down": 0.32902824826711097, "momentum_up": 0.42132919527502727, "mu_down": 0.2408782545400917, "mu_up": 0.009053505315216433}, "datetime": {"datetime": "2024-06-09 19:16:29", "elapsed": 448.14959, "delta": 2.743976}}
{"target": -80.20537181411571, "params": {"momentum_down": 0.5088180377542344, "momentum_up": 0.4808640819545314, "mu_down": 0.42244795423771336, "mu_up": 0.003922896218916491}, "datetime": {"datetime": "2024-06-09 19:16:32", "elapsed": 451.363912, "delta": 3.214322}}
{"target": -2002.6304960310638, "params": {"momentum_down": 0.7186909426409858, "momentum_up": 0.41041504445407856, "mu_down": 0.3665635068108329, "mu_up": 1e-05}, "datetime": {"datetime": "2024-06-09 19:16:36", "elapsed": 455.113702, "delta": 3.74979}}
{"target": -472.29120581878, "params": {"momentum_down": 0.26001926967240124, "momentum_up": 0.7924526638331422, "mu_down": 0.09347173578729795, "mu_up": 0.0013145592740393152}, "datetime": {"datetime": "2024-06-09 19:16:38", "elapsed": 456.791608, "delta": 1.677906}}
{"target": -532.2886528252435, "params": {"momentum_down": 0.27028292095486695, "momentum_up": 0.721655835024571, "mu_down": 0.34796126709127234, "mu_up": 7.823733330349059e-05}, "datetime": {"datetime": "2024-06-09 19:16:40", "elapsed": 459.022026, "delta": 2.230418}}
