{"target": -1105.2937602797108, "params": {"momentum_down": 0.5051620082760635, "momentum_up": 0.037702503523477385, "mu_down": 0.010583115703351353, "mu_up": 0.003069489505352104}, "datetime": {"datetime": "2024-01-23 20:39:28", "elapsed": 174.73481, "delta": 1.20804}}
{"target": -30.082424543647974, "params": {"momentum_down": 0.6393360455823993, "momentum_up": 0.7033227389716472, "mu_down": 0.4462621430190188, "mu_up": 0.005991387383136434}, "datetime": {"datetime": "2024-01-23 20:39:30", "elapsed": 176.681874, "delta": 1.947064}}
{"target": -381.2879605810567, "params": {"momentum_down": 0.4374937514558387, "momentum_up": 0.4622793455090951, "mu_down": 0.03472154997531968, "mu_up": 0.0031726101114294696}, "datetime": {"datetime": "2024-01-23 20:39:31", "elapsed": 177.445463, "delta": 0.763589}}
{"target": -2300.0, "params": {"momentum_down": 0.2146750546083913, "momentum_up": 0.9661439562955123, "mu_down": 0.11021391463762104, "mu_up": 0.00934251111258474}, "datetime": {"datetime": "2024-01-23 20:39:32", "elapsed": 178.439672, "delta": 0.994209}}
{"target": -30.29888125434365, "params": {"momentum_down": 0.5313560911679611, "momentum_up": 0.2872191755737574, "mu_down": 0.38327053265461675, "mu_up": 0.007453502580565137}, "datetime": {"datetime": "2024-01-23 20:39:34", "elapsed": 180.460641, "delta": 2.020969}}
{"target": -30.215853389703113, "params": {"momentum_down": 0.5538692106116817, "momentum_up": 0.44058895609166615, "mu_down": 0.3832765530901251, "mu_up": 0.00901973225101029}, "datetime": {"datetime": "2024-01-23 20:39:36", "elapsed": 182.89896, "delta": 2.438319}}
{"target": -2300.0, "params": {"momentum_down": 0.9145850887838799, "momentum_up": 0.10567453548421657, "mu_down": 0.2418604991597202, "mu_up": 0.00881458775085632}, "datetime": {"datetime": "2024-01-23 20:39:36", "elapsed": 183.241491, "delta": 0.342531}}
{"target": -2300.0, "params": {"momentum_down": 0.8436113446132814, "momentum_up": 0.924696788401129, "mu_down": 0.10665142280857881, "mu_up": 0.008080934803720864}, "datetime": {"datetime": "2024-01-23 20:39:37", "elapsed": 183.742676, "delta": 0.501185}}
{"target": -80.21853544505373, "params": {"momentum_down": 0.3853687870410415, "momentum_up": 0.8692968791276138, "mu_down": 0.19296454887240355, "mu_up": 0.00494499664222919}, "datetime": {"datetime": "2024-01-23 20:39:38", "elapsed": 184.803492, "delta": 1.060816}}
{"target": -30.246332738353384, "params": {"momentum_down": 0.5824941119233399, "momentum_up": 0.5271811606726733, "mu_down": 0.339797737136546, "mu_up": 0.00857167152662402}, "datetime": {"datetime": "2024-01-23 20:39:41", "elapsed": 187.468717, "delta": 2.665225}}
{"target": -70.26967197083997, "params": {"momentum_down": 0.7098063607010912, "momentum_up": 0.36915896902337925, "mu_down": 0.09898853911539707, "mu_up": 0.00928768788580301}, "datetime": {"datetime": "2024-01-23 20:39:42", "elapsed": 188.61393, "delta": 1.145213}}
{"target": -2300.0, "params": {"momentum_down": 0.7104139811019633, "momentum_up": 0.9866039157500884, "mu_down": 0.11176421717991286, "mu_up": 0.0012104602131625178}, "datetime": {"datetime": "2024-01-23 20:39:44", "elapsed": 190.379284, "delta": 1.765354}}
{"target": -683.292133085349, "params": {"momentum_down": 0.09242593024261066, "momentum_up": 0.5050613741817661, "mu_down": 0.031400488740314814, "mu_up": 0.005596951909324703}, "datetime": {"datetime": "2024-01-23 20:39:45", "elapsed": 191.596071, "delta": 1.216787}}
{"target": -30.132487965711235, "params": {"momentum_down": 0.5944929371994544, "momentum_up": 0.34826512839990936, "mu_down": 0.4015680670139752, "mu_up": 0.01}, "datetime": {"datetime": "2024-01-23 20:39:48", "elapsed": 194.855362, "delta": 3.259291}}
{"target": -70.2544087870663, "params": {"momentum_down": 0.5581405962070999, "momentum_up": 0.4263626393255194, "mu_down": 0.2848692404663934, "mu_up": 0.0012547189011516493}, "datetime": {"datetime": "2024-01-23 20:39:50", "elapsed": 196.527781, "delta": 1.672419}}
{"target": -150.19742368468226, "params": {"momentum_down": 0.580458657200887, "momentum_up": 0.9182434319512083, "mu_down": 0.07265147767988078, "mu_up": 0.0009538252577340104}, "datetime": {"datetime": "2024-01-23 20:39:51", "elapsed": 197.970338, "delta": 1.442557}}
{"target": -170.24102646790539, "params": {"momentum_down": 0.7297989696713781, "momentum_up": 0.22004934903933804, "mu_down": 0.039670715989008454, "mu_up": 0.005806758381500045}, "datetime": {"datetime": "2024-01-23 20:39:53", "elapsed": 199.536648, "delta": 1.56631}}
{"target": -30.1470349301932, "params": {"momentum_down": 0.665949394563697, "momentum_up": 0.39815046626432943, "mu_down": 0.36821422054848807, "mu_up": 0.0048899466916152105}, "datetime": {"datetime": "2024-01-23 20:39:55", "elapsed": 201.514037, "delta": 1.977389}}
{"target": -70.23084579366738, "params": {"momentum_down": 0.1718577328537549, "momentum_up": 0.4677610270787439, "mu_down": 0.30507712841421103, "mu_up": 0.004827053201124845}, "datetime": {"datetime": "2024-01-23 20:39:57", "elapsed": 203.774118, "delta": 2.260081}}
{"target": -50.24767665696398, "params": {"momentum_down": 0.482742089645529, "momentum_up": 0.47075483511504873, "mu_down": 0.2585381519249533, "mu_up": 0.0061781062089847445}, "datetime": {"datetime": "2024-01-23 20:40:01", "elapsed": 207.588023, "delta": 3.813905}}
{"target": -70.24217290386491, "params": {"momentum_down": 0.3151770738070758, "momentum_up": 0.4948677501204886, "mu_down": 0.2429965961434597, "mu_up": 0.0068433227285253}, "datetime": {"datetime": "2024-01-23 20:40:03", "elapsed": 209.652671, "delta": 2.064648}}
{"target": -2002.3762597111916, "params": {"momentum_down": 0.2280414391833078, "momentum_up": 0.5359235339384889, "mu_down": 0.26888433194381595, "mu_up": 1e-05}, "datetime": {"datetime": "2024-01-23 20:40:07", "elapsed": 213.540963, "delta": 3.888292}}
{"target": -70.25170982666152, "params": {"momentum_down": 0.24340371120297688, "momentum_up": 0.6992287535810369, "mu_down": 0.26233253379282495, "mu_up": 0.006427828695320042}, "datetime": {"datetime": "2024-01-23 20:40:09", "elapsed": 215.793024, "delta": 2.252061}}
{"target": -40.28652142687785, "params": {"momentum_down": 0.5087136418692708, "momentum_up": 0.8157621399095262, "mu_down": 0.2863668070428599, "mu_up": 0.004615479274806673}, "datetime": {"datetime": "2024-01-23 20:40:10", "elapsed": 216.629184, "delta": 0.83616}}
{"target": -100.25456564616667, "params": {"momentum_down": 0.16119671275360717, "momentum_up": 0.4368997575516714, "mu_down": 0.20692434002084836, "mu_up": 0.005392976457880632}, "datetime": {"datetime": "2024-01-23 20:40:10", "elapsed": 217.102897, "delta": 0.473713}}
{"target": -80.27504295767885, "params": {"momentum_down": 0.28521727166592414, "momentum_up": 0.4196071293588468, "mu_down": 0.2133511598278236, "mu_up": 0.008568018426421983}, "datetime": {"datetime": "2024-01-23 20:40:13", "elapsed": 220.066621, "delta": 2.963724}}
{"target": -40.297275262020925, "params": {"momentum_down": 0.6471704597315849, "momentum_up": 0.4258601849280411, "mu_down": 0.2370734351991407, "mu_up": 0.00273036241134514}, "datetime": {"datetime": "2024-01-23 20:40:17", "elapsed": 223.564465, "delta": 3.497844}}
{"target": -60.205705074208396, "params": {"momentum_down": 0.6065956140363787, "momentum_up": 0.4631218389087369, "mu_down": 0.17278688555047153, "mu_up": 0.005345858381164817}, "datetime": {"datetime": "2024-01-23 20:40:19", "elapsed": 225.373832, "delta": 1.809367}}
{"target": -60.201252974876695, "params": {"momentum_down": 0.7035339156767527, "momentum_up": 0.3877565205061617, "mu_down": 0.2848720496035385, "mu_up": 0.0015853646973759512}, "datetime": {"datetime": "2024-01-23 20:40:22", "elapsed": 228.639963, "delta": 3.266131}}
{"target": -90.26403205473254, "params": {"momentum_down": 0.1359822239412979, "momentum_up": 0.6465515991000205, "mu_down": 0.23440050201171864, "mu_up": 0.003439345812617206}, "datetime": {"datetime": "2024-01-23 20:40:25", "elapsed": 231.760284, "delta": 3.120321}}
{"target": -90.15769296624835, "params": {"momentum_down": 0.7967308685495504, "momentum_up": 0.7881145992420144, "mu_down": 0.3867002268768674, "mu_up": 0.006873387247451817}, "datetime": {"datetime": "2024-01-23 20:40:27", "elapsed": 233.291617, "delta": 1.531333}}
{"target": -60.238165610508766, "params": {"momentum_down": 0.5680260533983862, "momentum_up": 0.3474979387890832, "mu_down": 0.3168190582225042, "mu_up": 0.0016848598377717358}, "datetime": {"datetime": "2024-01-23 20:40:29", "elapsed": 235.723388, "delta": 2.431771}}
{"target": -422.2792936826307, "params": {"momentum_down": 0.25946328696810633, "momentum_up": 0.20098574341286518, "mu_down": 0.04230624731101695, "mu_up": 0.002166092707364317}, "datetime": {"datetime": "2024-01-23 20:40:30", "elapsed": 237.160317, "delta": 1.436929}}
{"target": -50.23547131795284, "params": {"momentum_down": 0.38171643043290754, "momentum_up": 0.5150165239752882, "mu_down": 0.3121809113129073, "mu_up": 0.006097133743697373}, "datetime": {"datetime": "2024-01-23 20:40:34", "elapsed": 240.35333, "delta": 3.193013}}
{"target": -50.17799226352284, "params": {"momentum_down": 0.6214334784931921, "momentum_up": 0.034074611539422525, "mu_down": 0.2290352747686203, "mu_up": 0.00570335096623942}, "datetime": {"datetime": "2024-01-23 20:40:35", "elapsed": 241.39868, "delta": 1.04535}}
{"target": -432.2859426634745, "params": {"momentum_down": 0.2103774068103545, "momentum_up": 0.39233301737581483, "mu_down": 0.15767299671701435, "mu_up": 0.00022239521068017815}, "datetime": {"datetime": "2024-01-23 20:40:37", "elapsed": 243.403095, "delta": 2.004415}}
{"target": -90.27617288178617, "params": {"momentum_down": 0.5492931851831004, "momentum_up": 0.2780284572236367, "mu_down": 0.4525294642100365, "mu_up": 0.0011974015412226442}, "datetime": {"datetime": "2024-01-23 20:40:39", "elapsed": 245.966328, "delta": 2.563233}}
{"target": -90.27697453230414, "params": {"momentum_down": 0.08053022092773368, "momentum_up": 0.5546374388238912, "mu_down": 0.2533908708305559, "mu_up": 0.0028906256812419474}, "datetime": {"datetime": "2024-01-23 20:40:44", "elapsed": 250.639828, "delta": 4.6735}}
{"target": -80.29273709810201, "params": {"momentum_down": 0.04946234745791941, "momentum_up": 0.5315477439120085, "mu_down": 0.3331663577500126, "mu_up": 0.001402635075648596}, "datetime": {"datetime": "2024-01-23 20:40:44", "elapsed": 251.123183, "delta": 0.483355}}
{"target": -30.183635452122456, "params": {"momentum_down": 0.7325125876267281, "momentum_up": 0.04520492556124906, "mu_down": 0.29374443324649296, "mu_up": 0.0057285536873460325}, "datetime": {"datetime": "2024-01-23 20:40:46", "elapsed": 252.253394, "delta": 1.130211}}
{"target": -70.2228177638041, "params": {"momentum_down": 0.14687838880269224, "momentum_up": 0.5607255932577957, "mu_down": 0.3068471013915485, "mu_up": 0.008810625287973675}, "datetime": {"datetime": "2024-01-23 20:40:48", "elapsed": 254.315235, "delta": 2.061841}}
{"target": -30.111551926924957, "params": {"momentum_down": 0.746170810363454, "momentum_up": 0.08234465994045675, "mu_down": 0.29169187920745476, "mu_up": 0.008630052152969617}, "datetime": {"datetime": "2024-01-23 20:40:50", "elapsed": 256.300684, "delta": 1.985449}}
{"target": -40.240202512031985, "params": {"momentum_down": 0.7631812619471154, "momentum_up": 0.053899309759541804, "mu_down": 0.29968395602785664, "mu_up": 0.00308171913768059}, "datetime": {"datetime": "2024-01-23 20:40:53", "elapsed": 259.269999, "delta": 2.969315}}
{"target": -1075.2974379802508, "params": {"momentum_down": 0.7323828686614415, "momentum_up": 0.07453226216146361, "mu_down": 0.3403744677991995, "mu_up": 0.00012277883600597236}, "datetime": {"datetime": "2024-01-23 20:40:56", "elapsed": 263.063416, "delta": 3.793417}}
{"target": -40.221641078957106, "params": {"momentum_down": 0.518912628717578, "momentum_up": 0.4894164959388127, "mu_down": 0.30913346319177926, "mu_up": 0.00638927170473293}, "datetime": {"datetime": "2024-01-23 20:40:58", "elapsed": 265.133642, "delta": 2.070226}}
{"target": -2300.0, "params": {"momentum_down": 0.13139745368305358, "momentum_up": 0.36673017070003816, "mu_down": 0.38665623472359917, "mu_up": 0.0005277760863252988}, "datetime": {"datetime": "2024-01-23 20:40:59", "elapsed": 266.156515, "delta": 1.022873}}
{"target": -90.22927283881278, "params": {"momentum_down": 0.020862033546856625, "momentum_up": 0.3314606655831526, "mu_down": 0.2742219128903633, "mu_up": 0.008674003644344886}, "datetime": {"datetime": "2024-01-23 20:41:01", "elapsed": 267.418267, "delta": 1.261752}}
{"target": -70.29100537238708, "params": {"momentum_down": 0.11015356713401214, "momentum_up": 0.5008159875419994, "mu_down": 0.30386524661306985, "mu_up": 0.004826799391924081}, "datetime": {"datetime": "2024-01-23 20:41:04", "elapsed": 270.985651, "delta": 3.567384}}
{"target": -402.29997189601795, "params": {"momentum_down": 0.4351876555304171, "momentum_up": 0.46204930189102467, "mu_down": 0.03284821261390064, "mu_up": 0.008850668368176884}, "datetime": {"datetime": "2024-01-23 20:41:06", "elapsed": 272.835842, "delta": 1.850191}}
{"target": -40.21546211896497, "params": {"momentum_down": 0.5122518356266602, "momentum_up": 0.564527020300516, "mu_down": 0.32127427820447557, "mu_up": 0.004882835630535876}, "datetime": {"datetime": "2024-01-23 20:41:07", "elapsed": 273.349243, "delta": 0.513401}}
{"target": -40.10158824479623, "params": {"momentum_down": 0.5359106147674184, "momentum_up": 0.37523230277791514, "mu_down": 0.37094798318945355, "mu_up": 0.0079237939232316}, "datetime": {"datetime": "2024-01-23 20:41:09", "elapsed": 275.782488, "delta": 2.433245}}
{"target": -30.287580116771437, "params": {"momentum_down": 0.636821802298396, "momentum_up": 0.4065699181796473, "mu_down": 0.2994356453588896, "mu_up": 0.005948350910745799}, "datetime": {"datetime": "2024-01-23 20:41:11", "elapsed": 278.121501, "delta": 2.339013}}
{"target": -30.25796471777595, "params": {"momentum_down": 0.6046010522558007, "momentum_up": 0.38733797066271997, "mu_down": 0.34898672736261727, "mu_up": 0.005491086405711233}, "datetime": {"datetime": "2024-01-23 20:41:15", "elapsed": 282.04811, "delta": 3.926609}}
{"target": -30.20065596580632, "params": {"momentum_down": 0.5428713300411874, "momentum_up": 0.4107346919576688, "mu_down": 0.44073865164389187, "mu_up": 0.005216231461964757}, "datetime": {"datetime": "2024-01-23 20:41:18", "elapsed": 284.426465, "delta": 2.378355}}
{"target": -70.24223584082705, "params": {"momentum_down": 0.3585154128945909, "momentum_up": 0.441015054480117, "mu_down": 0.22724407656047993, "mu_up": 0.007745294392831575}, "datetime": {"datetime": "2024-01-23 20:41:20", "elapsed": 286.435606, "delta": 2.009141}}
{"target": -30.29205882891965, "params": {"momentum_down": 0.4958764219368637, "momentum_up": 0.7226910341059346, "mu_down": 0.4022213256984933, "mu_up": 0.005777751794270052}, "datetime": {"datetime": "2024-01-23 20:41:21", "elapsed": 287.549264, "delta": 1.113658}}
{"target": -80.22900136235216, "params": {"momentum_down": 0.13793138355308993, "momentum_up": 0.4225637349598531, "mu_down": 0.29119973922686126, "mu_up": 0.00298398375989831}, "datetime": {"datetime": "2024-01-23 20:41:24", "elapsed": 291.245415, "delta": 3.696151}}
{"target": -50.258444676681, "params": {"momentum_down": 0.5721758104046767, "momentum_up": 0.44568744002091154, "mu_down": 0.21914136144794616, "mu_up": 0.004279445558783294}, "datetime": {"datetime": "2024-01-23 20:41:28", "elapsed": 294.481255, "delta": 3.23584}}
{"target": -60.287567084385834, "params": {"momentum_down": 0.5208971935048933, "momentum_up": 0.3462576167019708, "mu_down": 0.42355689615332254, "mu_up": 0.001522063773584853}, "datetime": {"datetime": "2024-01-23 20:41:29", "elapsed": 295.936941, "delta": 1.455686}}
{"target": -2300.0, "params": {"momentum_down": 0.03965718912792331, "momentum_up": 0.1379113507400206, "mu_down": 0.4438920158560605, "mu_up": 0.006714983216269338}, "datetime": {"datetime": "2024-01-23 20:41:31", "elapsed": 297.254167, "delta": 1.317226}}
{"target": -90.22990465584924, "params": {"momentum_down": 0.5571096972279165, "momentum_up": 0.22631466943105324, "mu_down": 0.15311618198809007, "mu_up": 0.0018839841322211336}, "datetime": {"datetime": "2024-01-23 20:41:32", "elapsed": 298.560259, "delta": 1.306092}}
{"target": -70.22874658398109, "params": {"momentum_down": 0.6320476377887296, "momentum_up": 0.49562363641392987, "mu_down": 0.23135069624326102, "mu_up": 0.0011471091767508072}, "datetime": {"datetime": "2024-01-23 20:41:35", "elapsed": 301.918372, "delta": 3.358113}}
{"target": -2300.0, "params": {"momentum_down": 0.13941281999234922, "momentum_up": 0.5491912282480756, "mu_down": 0.4173674416881815, "mu_up": 0.005535138801408625}, "datetime": {"datetime": "2024-01-23 20:41:38", "elapsed": 304.249394, "delta": 2.331022}}
{"target": -50.289273533830915, "params": {"momentum_down": 0.7261784996107109, "momentum_up": 0.6681802909657503, "mu_down": 0.13948172865805958, "mu_up": 0.0019027411557927783}, "datetime": {"datetime": "2024-01-23 20:41:39", "elapsed": 305.697289, "delta": 1.447895}}
{"target": -40.262785963796695, "params": {"momentum_down": 0.5477359647517113, "momentum_up": 0.5058350059824986, "mu_down": 0.4052151106435926, "mu_up": 0.0019047586556574742}, "datetime": {"datetime": "2024-01-23 20:41:43", "elapsed": 309.368896, "delta": 3.671607}}
{"target": -40.176819105888235, "params": {"momentum_down": 0.4743589612260555, "momentum_up": 0.3442433312705737, "mu_down": 0.37582771757046796, "mu_up": 0.0064547561630369735}, "datetime": {"datetime": "2024-01-23 20:41:44", "elapsed": 311.056327, "delta": 1.687431}}
{"target": -90.27885670411874, "params": {"momentum_down": 0.615857685158473, "momentum_up": 0.42091895440110527, "mu_down": 0.4532039173042856, "mu_up": 0.0009600640951041129}, "datetime": {"datetime": "2024-01-23 20:41:45", "elapsed": 311.699737, "delta": 0.64341}}
{"target": -150.24974380566084, "params": {"momentum_down": 0.46997723753943466, "momentum_up": 0.0551467163885384, "mu_down": 0.0932887710766841, "mu_up": 0.0035239578462957243}, "datetime": {"datetime": "2024-01-23 20:41:47", "elapsed": 314.080432, "delta": 2.380695}}
{"target": -50.27518934421611, "params": {"momentum_down": 0.4139504818142552, "momentum_up": 0.44727038520120843, "mu_down": 0.28497201542724987, "mu_up": 0.0076728471546296416}, "datetime": {"datetime": "2024-01-23 20:41:52", "elapsed": 318.881788, "delta": 4.801356}}
{"target": -30.099317716867297, "params": {"momentum_down": 0.6366459641481959, "momentum_up": 0.6993395881352589, "mu_down": 0.444109831007727, "mu_up": 0.0038795492696096882}, "datetime": {"datetime": "2024-01-23 20:41:54", "elapsed": 320.319935, "delta": 1.438147}}
{"target": -452.2933411365488, "params": {"momentum_down": 0.4993119714170737, "momentum_up": 0.07006630269672501, "mu_down": 0.026046766929490872, "mu_up": 0.007786803530140072}, "datetime": {"datetime": "2024-01-23 20:41:56", "elapsed": 322.461827, "delta": 2.141892}}
{"target": -100.23420223343244, "params": {"momentum_down": 0.2794741791119743, "momentum_up": 0.7250779683753745, "mu_down": 0.1890945077914788, "mu_up": 0.0013481769361411383}, "datetime": {"datetime": "2024-01-23 20:41:58", "elapsed": 325.136893, "delta": 2.675066}}
{"target": -30.106757915119694, "params": {"momentum_down": 0.6167389373603175, "momentum_up": 0.46831629165239536, "mu_down": 0.3908731433991632, "mu_up": 0.01}, "datetime": {"datetime": "2024-01-23 20:42:01", "elapsed": 327.74831, "delta": 2.611417}}
{"target": -50.234230904811305, "params": {"momentum_down": 0.6892421914704937, "momentum_up": 0.4178165586936017, "mu_down": 0.17495725861195804, "mu_up": 0.00303831468407281}, "datetime": {"datetime": "2024-01-23 20:42:05", "elapsed": 331.567082, "delta": 3.818772}}
{"target": -90.27749524886157, "params": {"momentum_down": 0.21053757010524146, "momentum_up": 0.6758099757737076, "mu_down": 0.20829892925459342, "mu_up": 0.004761733689408028}, "datetime": {"datetime": "2024-01-23 20:42:07", "elapsed": 334.155351, "delta": 2.588269}}
{"target": -2300.0, "params": {"momentum_down": 0.3812783179771344, "momentum_up": 0.5894222385478176, "mu_down": 0.47593489897722807, "mu_up": 0.009184820880725407}, "datetime": {"datetime": "2024-01-23 20:42:10", "elapsed": 336.634134, "delta": 2.478783}}
{"target": -40.21293283143036, "params": {"momentum_down": 0.643022592451703, "momentum_up": 0.3539980602000166, "mu_down": 0.23434158603772792, "mu_up": 0.00784665936751064}, "datetime": {"datetime": "2024-01-23 20:42:14", "elapsed": 340.430414, "delta": 3.79628}}
{"target": -70.18477655707969, "params": {"momentum_down": 0.3856367868658414, "momentum_up": 0.8241746758241882, "mu_down": 0.2842472572667687, "mu_up": 0.0007515785746737901}, "datetime": {"datetime": "2024-01-23 20:42:18", "elapsed": 344.696974, "delta": 4.26656}}
{"target": -90.21850212441957, "params": {"momentum_down": 0.225126441638286, "momentum_up": 0.3001503898285245, "mu_down": 0.2215635130984729, "mu_up": 0.006943241279584756}, "datetime": {"datetime": "2024-01-23 20:42:18", "elapsed": 345.180239, "delta": 0.483265}}
{"target": -70.28104408442576, "params": {"momentum_down": 0.35387844631064375, "momentum_up": 0.3685449875931393, "mu_down": 0.2199362476670119, "mu_up": 0.008560762529135709}, "datetime": {"datetime": "2024-01-23 20:42:21", "elapsed": 347.613965, "delta": 2.433726}}
{"target": -40.13880498698754, "params": {"momentum_down": 0.8618379387258024, "momentum_up": 0.5429660635255286, "mu_down": 0.11170765417871176, "mu_up": 0.0035724031622582277}, "datetime": {"datetime": "2024-01-23 20:42:21", "elapsed": 347.979751, "delta": 0.365786}}
{"target": -50.13405939513119, "params": {"momentum_down": 0.4944838978407402, "momentum_up": 0.3024924097320058, "mu_down": 0.2990750962468418, "mu_up": 0.007786013059619181}, "datetime": {"datetime": "2024-01-23 20:42:25", "elapsed": 351.714902, "delta": 3.735151}}
