{"target": -40.2049338705438, "params": {"momentum_down": 0.5098568919213907, "momentum_up": 0.5623250500682134, "mu_down": 0.3234766507539462, "mu_up": 0.005406152799269031}, "datetime": {"datetime": "2024-01-23 20:37:26", "elapsed": 52.524073, "delta": 0.81905}}
{"target": -2058.2450070628433, "params": {"momentum_down": 0.6230996927700095, "momentum_up": 0.8912556200322538, "mu_down": 0.43445466074351424, "mu_up": 0.007543702269738417}, "datetime": {"datetime": "2024-01-23 20:37:28", "elapsed": 55.060017, "delta": 2.535944}}
{"target": -2001.331552518244, "params": {"momentum_down": 0.49566568809765504, "momentum_up": 0.6676615743775399, "mu_down": 0.23595437327939217, "mu_up": 1e-05}, "datetime": {"datetime": "2024-01-23 20:37:31", "elapsed": 57.444307, "delta": 2.38429}}
{"target": -70.14500959396078, "params": {"momentum_down": 0.3868603936564252, "momentum_up": 0.8994702052349277, "mu_down": 0.2834152291361779, "mu_up": 0.0005980626317341804}, "datetime": {"datetime": "2024-01-23 20:37:32", "elapsed": 58.382096, "delta": 0.937789}}
{"target": -2855.555714774082, "params": {"momentum_down": 0.8494901196248023, "momentum_up": 0.6668138233686859, "mu_down": 0.03057883248944193, "mu_up": 0.00721771460559198}, "datetime": {"datetime": "2024-01-23 20:37:34", "elapsed": 60.622776, "delta": 2.24068}}
{"target": -80.28986856607615, "params": {"momentum_down": 0.29494799236666686, "momentum_up": 0.910468457655547, "mu_down": 0.41854126559234633, "mu_up": 0.00018323532785832173}, "datetime": {"datetime": "2024-01-23 20:37:34", "elapsed": 60.860304, "delta": 0.237528}}
{"target": -60.21800287279796, "params": {"momentum_down": 0.6137846483667447, "momentum_up": 0.4235570439405969, "mu_down": 0.4563935896619379, "mu_up": 0.0015405070488393}, "datetime": {"datetime": "2024-01-23 20:37:35", "elapsed": 61.986734, "delta": 1.12643}}
{"target": -211.27556083708612, "params": {"momentum_down": 0.41278550555976123, "momentum_up": 0.5496032236198997, "mu_down": 0.06709221688755568, "mu_up": 0.0025426732167426985}, "datetime": {"datetime": "2024-01-23 20:37:36", "elapsed": 62.4911, "delta": 0.504366}}
{"target": -40.21999227301915, "params": {"momentum_down": 0.48308288863650195, "momentum_up": 0.5028325667890219, "mu_down": 0.35219441493649384, "mu_up": 0.004460382478110545}, "datetime": {"datetime": "2024-01-23 20:37:36", "elapsed": 62.869803, "delta": 0.378703}}
{"target": -2300.0, "params": {"momentum_down": 0.1218793533339848, "momentum_up": 0.8835248120657931, "mu_down": 0.3876101140691816, "mu_up": 1e-05}, "datetime": {"datetime": "2024-01-23 20:37:37", "elapsed": 64.1021, "delta": 1.232297}}
{"target": -211.26227306578664, "params": {"momentum_down": 0.23575721665657154, "momentum_up": 0.20553379490459023, "mu_down": 0.08875464166942659, "mu_up": 0.004394240264262049}, "datetime": {"datetime": "2024-01-23 20:37:38", "elapsed": 64.715744, "delta": 0.613644}}
{"target": -30.171385367960063, "params": {"momentum_down": 0.7727688984003308, "momentum_up": 0.04824672499367569, "mu_down": 0.39704491548323095, "mu_up": 0.004772874287933851}, "datetime": {"datetime": "2024-01-23 20:37:38", "elapsed": 65.171184, "delta": 0.45544}}
{"target": -231.2819057331924, "params": {"momentum_down": 0.828310940258085, "momentum_up": 0.0, "mu_down": 0.26349094226663017, "mu_up": 0.0006461902220121073}, "datetime": {"datetime": "2024-01-23 20:37:40", "elapsed": 66.838212, "delta": 1.667028}}
{"target": -180.29768469032442, "params": {"momentum_down": 0.7800088915114243, "momentum_up": 0.32098629931324535, "mu_down": 0.05738104087893786, "mu_up": 0.0005514915243372413}, "datetime": {"datetime": "2024-01-23 20:37:41", "elapsed": 67.553124, "delta": 0.714912}}
{"target": -3385.990501824558, "params": {"momentum_down": 0.9108891668889186, "momentum_up": 0.7098958701546915, "mu_down": 0.4999305236663291, "mu_up": 0.0067840093869342725}, "datetime": {"datetime": "2024-01-23 20:37:43", "elapsed": 69.672044, "delta": 2.11892}}
{"target": -100.26978058964659, "params": {"momentum_down": 0.6575559560690338, "momentum_up": 0.6374664622202811, "mu_down": 0.08891006856572331, "mu_up": 0.0012902599837607625}, "datetime": {"datetime": "2024-01-23 20:37:43", "elapsed": 70.065946, "delta": 0.393902}}
{"target": -2004.3247292282695, "params": {"momentum_down": 0.8986182943205104, "momentum_up": 0.0, "mu_down": 0.4330836617158087, "mu_up": 1e-05}, "datetime": {"datetime": "2024-01-23 20:37:46", "elapsed": 73.240828, "delta": 3.174882}}
{"target": -40.269983114101095, "params": {"momentum_down": 0.6967339290884698, "momentum_up": 0.09838340881528272, "mu_down": 0.21638133285723138, "mu_up": 0.003998056459916783}, "datetime": {"datetime": "2024-01-23 20:37:48", "elapsed": 74.362092, "delta": 1.121264}}
{"target": -130.24496227612804, "params": {"momentum_down": 0.763107452948802, "momentum_up": 0.052602339188176854, "mu_down": 0.05996902877628052, "mu_up": 0.0013480580253967165}, "datetime": {"datetime": "2024-01-23 20:37:49", "elapsed": 75.665353, "delta": 1.303261}}
{"target": -743.2870489258639, "params": {"momentum_down": 0.1662889529220391, "momentum_up": 0.020468716654955366, "mu_down": 0.026667617332401916, "mu_up": 0.008388111070190322}, "datetime": {"datetime": "2024-01-23 20:37:50", "elapsed": 76.733495, "delta": 1.068142}}
{"target": -80.27414157675145, "params": {"momentum_down": 0.1522233125110013, "momentum_up": 0.7260589078239059, "mu_down": 0.25425350789620166, "mu_up": 0.00343542321058861}, "datetime": {"datetime": "2024-01-23 20:37:51", "elapsed": 77.364569, "delta": 0.631074}}
{"target": -2311.1402178999288, "params": {"momentum_down": 0.9659024507861714, "momentum_up": 0.9656446694291727, "mu_down": 0.0, "mu_up": 1e-05}, "datetime": {"datetime": "2024-01-23 20:37:53", "elapsed": 80.212043, "delta": 2.847474}}
{"target": -30.289356203565106, "params": {"momentum_down": 0.8704831688482411, "momentum_up": 0.3774405123516376, "mu_down": 0.11139069886315495, "mu_up": 0.009264931464550978}, "datetime": {"datetime": "2024-01-23 20:37:54", "elapsed": 80.443184, "delta": 0.231141}}
{"target": -2311.1402178999288, "params": {"momentum_down": 0.8959290976910494, "momentum_up": 0.0, "mu_down": 0.0, "mu_up": 1e-05}, "datetime": {"datetime": "2024-01-23 20:37:57", "elapsed": 83.59394, "delta": 3.150756}}
{"target": -291.2901425178177, "params": {"momentum_down": 0.8009198507943738, "momentum_up": 0.1480772475018157, "mu_down": 0.13073853145000713, "mu_up": 0.0004543381619389432}, "datetime": {"datetime": "2024-01-23 20:37:58", "elapsed": 84.756643, "delta": 1.162703}}
{"target": -100.2077031719329, "params": {"momentum_down": 0.6095733938836378, "momentum_up": 0.0034580128429628353, "mu_down": 0.10156113695768793, "mu_up": 0.008893697067365135}, "datetime": {"datetime": "2024-01-23 20:38:00", "elapsed": 86.420513, "delta": 1.66387}}
{"target": -221.2761467048921, "params": {"momentum_down": 0.14793503351543424, "momentum_up": 0.08711831639642306, "mu_down": 0.09228564143313034, "mu_up": 0.00688117128116196}, "datetime": {"datetime": "2024-01-23 20:38:00", "elapsed": 87.081656, "delta": 0.661143}}
{"target": -2311.1402178999288, "params": {"momentum_down": 0.899996417923144, "momentum_up": 0.23099837733148973, "mu_down": 0.0, "mu_up": 0.01}, "datetime": {"datetime": "2024-01-23 20:38:03", "elapsed": 89.968286, "delta": 2.88663}}
{"target": -40.154009832568, "params": {"momentum_down": 0.7259317710576447, "momentum_up": 0.3524063169424682, "mu_down": 0.19499094242556522, "mu_up": 0.01}, "datetime": {"datetime": "2024-01-23 20:38:05", "elapsed": 91.362934, "delta": 1.394648}}
{"target": -30.096979340740933, "params": {"momentum_down": 0.5972950931202198, "momentum_up": 0.5485038353276944, "mu_down": 0.4234449445289111, "mu_up": 0.008121916017635056}, "datetime": {"datetime": "2024-01-23 20:38:06", "elapsed": 92.708026, "delta": 1.345092}}
{"target": -70.28751009444606, "params": {"momentum_down": 0.6832091010538958, "momentum_up": 0.5120731570454753, "mu_down": 0.1494583385944469, "mu_up": 0.0011406904152749706}, "datetime": {"datetime": "2024-01-23 20:38:06", "elapsed": 93.204846, "delta": 0.49682}}
{"target": -90.2692033808344, "params": {"momentum_down": 0.23467850093531697, "momentum_up": 0.4837550139671994, "mu_down": 0.20324903524338472, "mu_up": 0.00892749070373971}, "datetime": {"datetime": "2024-01-23 20:38:08", "elapsed": 94.979145, "delta": 1.774299}}
{"target": -2300.0, "params": {"momentum_down": 0.23347238876982143, "momentum_up": 0.9875389400368829, "mu_down": 0.49568966519627755, "mu_up": 0.0024813898392105835}, "datetime": {"datetime": "2024-01-23 20:38:08", "elapsed": 95.091632, "delta": 0.112487}}
{"target": -472.28533939460493, "params": {"momentum_down": 0.5563572513247028, "momentum_up": 0.42293871503706815, "mu_down": 0.022325722777610413, "mu_up": 0.008731849092390569}, "datetime": {"datetime": "2024-01-23 20:38:10", "elapsed": 96.750622, "delta": 1.65899}}
{"target": -140.2583087009208, "params": {"momentum_down": 0.46903523460000296, "momentum_up": 0.20633380981726177, "mu_down": 0.27549472937055913, "mu_up": 0.000888387785562889}, "datetime": {"datetime": "2024-01-23 20:38:11", "elapsed": 97.271501, "delta": 0.520879}}
{"target": -743.295839264372, "params": {"momentum_down": 0.24417172028937462, "momentum_up": 0.4165458949443905, "mu_down": 0.023966482511963372, "mu_up": 0.006438481352193206}, "datetime": {"datetime": "2024-01-23 20:38:12", "elapsed": 98.631184, "delta": 1.359683}}
{"target": -140.24469474904572, "params": {"momentum_down": 0.002641438618731071, "momentum_up": 0.5728482173503796, "mu_down": 0.1750580447155578, "mu_up": 0.008998001512385476}, "datetime": {"datetime": "2024-01-23 20:38:13", "elapsed": 99.856629, "delta": 1.225445}}
{"target": -2300.0, "params": {"momentum_down": 0.4811489640863322, "momentum_up": 0.0, "mu_down": 0.19759577042063312, "mu_up": 0.01}, "datetime": {"datetime": "2024-01-23 20:38:15", "elapsed": 101.460295, "delta": 1.603666}}
{"target": -30.119857624710594, "params": {"momentum_down": 0.7488553071945816, "momentum_up": 0.22974527579260856, "mu_down": 0.4494183919889694, "mu_up": 0.004627069878613805}, "datetime": {"datetime": "2024-01-23 20:38:15", "elapsed": 101.634788, "delta": 0.174493}}
{"target": -30.17659525108824, "params": {"momentum_down": 0.7192389122845009, "momentum_up": 0.18960194551355505, "mu_down": 0.32749574181986635, "mu_up": 0.004777840530674769}, "datetime": {"datetime": "2024-01-23 20:38:17", "elapsed": 103.307579, "delta": 1.672791}}
{"target": -40.24855456220958, "params": {"momentum_down": 0.4382316172383407, "momentum_up": 0.365143595570979, "mu_down": 0.4692320782621433, "mu_up": 0.0027236811704492545}, "datetime": {"datetime": "2024-01-23 20:38:17", "elapsed": 103.872877, "delta": 0.565298}}
{"target": -2300.0, "params": {"momentum_down": 0.17841849357919304, "momentum_up": 0.10228231937857388, "mu_down": 0.4528581977351345, "mu_up": 0.001734684263582847}, "datetime": {"datetime": "2024-01-23 20:38:17", "elapsed": 104.074028, "delta": 0.201151}}
{"target": -40.1921805835183, "params": {"momentum_down": 0.4615860848433784, "momentum_up": 0.27766083774222633, "mu_down": 0.35748764669849015, "mu_up": 0.01}, "datetime": {"datetime": "2024-01-23 20:38:19", "elapsed": 106.038646, "delta": 1.964618}}
{"target": -2026.8587896530423, "params": {"momentum_down": 0.634144441205609, "momentum_up": 0.07845536166580927, "mu_down": 0.0007192058780956523, "mu_up": 0.0030345347579674746}, "datetime": {"datetime": "2024-01-23 20:38:22", "elapsed": 108.908714, "delta": 2.870068}}
{"target": -80.27702731323389, "params": {"momentum_down": 0.761958248472424, "momentum_up": 0.03125411434252858, "mu_down": 0.15455187465471815, "mu_up": 0.0016452950590370287}, "datetime": {"datetime": "2024-01-23 20:38:24", "elapsed": 110.400091, "delta": 1.491377}}
{"target": -40.15411131635804, "params": {"momentum_down": 0.6293729163204734, "momentum_up": 0.7622323212332508, "mu_down": 0.4899428669699011, "mu_up": 0.004314109468684454}, "datetime": {"datetime": "2024-01-23 20:38:24", "elapsed": 110.916813, "delta": 0.516722}}
{"target": -70.17439117987124, "params": {"momentum_down": 0.08094870847974171, "momentum_up": 0.4752491469731589, "mu_down": 0.35590914151097625, "mu_up": 0.006912917285112077}, "datetime": {"datetime": "2024-01-23 20:38:25", "elapsed": 111.472555, "delta": 0.555742}}
{"target": -3023.6079812693306, "params": {"momentum_down": 0.703991262144946, "momentum_up": 0.7207906340218936, "mu_down": 0.2936678960513441, "mu_up": 0.01}, "datetime": {"datetime": "2024-01-23 20:38:28", "elapsed": 115.220808, "delta": 3.748253}}
{"target": -30.179056848551106, "params": {"momentum_down": 0.5691705092851379, "momentum_up": 0.6668320890899888, "mu_down": 0.4206058025551916, "mu_up": 0.0039925846084961645}, "datetime": {"datetime": "2024-01-23 20:38:31", "elapsed": 117.267225, "delta": 2.046417}}
{"target": -60.159160111645015, "params": {"momentum_down": 0.2909166513572929, "momentum_up": 0.546205331114781, "mu_down": 0.3232103414000206, "mu_up": 0.01}, "datetime": {"datetime": "2024-01-23 20:38:32", "elapsed": 118.805734, "delta": 1.538509}}
{"target": -2003.2456738997664, "params": {"momentum_down": 0.0, "momentum_up": 0.4201545883706025, "mu_down": 0.2923026303038053, "mu_up": 1e-05}, "datetime": {"datetime": "2024-01-23 20:38:35", "elapsed": 121.806859, "delta": 3.001125}}
{"target": -50.20134104134918, "params": {"momentum_down": 0.5792595551479918, "momentum_up": 0.7512055241061213, "mu_down": 0.22379380977464597, "mu_up": 0.002566426132379987}, "datetime": {"datetime": "2024-01-23 20:38:36", "elapsed": 122.282915, "delta": 0.476056}}
{"target": -70.21928331353384, "params": {"momentum_down": 0.14960099577645528, "momentum_up": 0.5589127021573896, "mu_down": 0.30762804008044303, "mu_up": 0.008183653529416583}, "datetime": {"datetime": "2024-01-23 20:38:37", "elapsed": 124.133431, "delta": 1.850516}}
{"target": -130.24318253266094, "params": {"momentum_down": 0.11220553529440881, "momentum_up": 0.235709415895838, "mu_down": 0.1687568149733533, "mu_up": 0.01}, "datetime": {"datetime": "2024-01-23 20:38:39", "elapsed": 125.925029, "delta": 1.791598}}
{"target": -160.28671398230884, "params": {"momentum_down": 0.5659878036048795, "momentum_up": 0.2418994442470585, "mu_down": 0.3089933277246353, "mu_up": 0.000721887183664549}, "datetime": {"datetime": "2024-01-23 20:38:41", "elapsed": 127.527404, "delta": 1.602375}}
{"target": -20.167682234062706, "params": {"momentum_down": 0.6768180971213081, "momentum_up": 0.6510087606606516, "mu_down": 0.4928232778590104, "mu_up": 0.006583901098076492}, "datetime": {"datetime": "2024-01-23 20:38:44", "elapsed": 130.304878, "delta": 2.777474}}
{"target": -110.25171716708734, "params": {"momentum_down": 0.7263804248040593, "momentum_up": 0.3600592770984927, "mu_down": 0.4229264547357512, "mu_up": 0.0009151813707033483}, "datetime": {"datetime": "2024-01-23 20:38:46", "elapsed": 132.600482, "delta": 2.295604}}
{"target": -150.23438137493864, "params": {"momentum_down": 0.11666644949409957, "momentum_up": 0.6464631048792193, "mu_down": 0.1464407822808365, "mu_up": 0.006171022447078778}, "datetime": {"datetime": "2024-01-23 20:38:48", "elapsed": 134.403994, "delta": 1.803512}}
{"target": -2300.0, "params": {"momentum_down": 0.905357435343714, "momentum_up": 0.0684746574310963, "mu_down": 0.167130736176673, "mu_up": 0.01}, "datetime": {"datetime": "2024-01-23 20:38:49", "elapsed": 135.676104, "delta": 1.27211}}
{"target": -2300.0, "params": {"momentum_down": 0.7282446222297533, "momentum_up": 0.03363873520608832, "mu_down": 0.2901760385622492, "mu_up": 0.009120981414262937}, "datetime": {"datetime": "2024-01-23 20:38:52", "elapsed": 138.788046, "delta": 3.111942}}
{"target": -50.17021636826608, "params": {"momentum_down": 0.6930034608066431, "momentum_up": 0.20390370480773795, "mu_down": 0.20230266431338056, "mu_up": 0.0036232213419538097}, "datetime": {"datetime": "2024-01-23 20:38:54", "elapsed": 140.917301, "delta": 2.129255}}
{"target": -30.109911937373862, "params": {"momentum_down": 0.5986638945441133, "momentum_up": 0.545618064394074, "mu_down": 0.4228532545242745, "mu_up": 0.007044987713389253}, "datetime": {"datetime": "2024-01-23 20:38:55", "elapsed": 141.971122, "delta": 1.053821}}
{"target": -30.21617316916536, "params": {"momentum_down": 0.501302335711863, "momentum_up": 0.46392407764552773, "mu_down": 0.48282938346087956, "mu_up": 0.0042695372289065486}, "datetime": {"datetime": "2024-01-23 20:38:57", "elapsed": 143.508372, "delta": 1.53725}}
{"target": -40.276328130771496, "params": {"momentum_down": 0.5692689854510296, "momentum_up": 0.5049746482932729, "mu_down": 0.2570591112436851, "mu_up": 0.007412911259561763}, "datetime": {"datetime": "2024-01-23 20:38:58", "elapsed": 144.862989, "delta": 1.354617}}
{"target": -40.16929222270841, "params": {"momentum_down": 0.551768580101187, "momentum_up": 0.27571229661046187, "mu_down": 0.45167874274592157, "mu_up": 0.003328223925669878}, "datetime": {"datetime": "2024-01-23 20:38:59", "elapsed": 146.127382, "delta": 1.264393}}
{"target": -30.271062459070926, "params": {"momentum_down": 0.5155404880684857, "momentum_up": 0.3486750390627129, "mu_down": 0.4255933133685433, "mu_up": 0.005298327667277857}, "datetime": {"datetime": "2024-01-23 20:39:01", "elapsed": 148.043357, "delta": 1.915975}}
{"target": -2328.9496974122712, "params": {"momentum_down": 0.4301119064634454, "momentum_up": 0.9366775759487944, "mu_down": 0.3387089635733488, "mu_up": 0.009144653436871467}, "datetime": {"datetime": "2024-01-23 20:39:03", "elapsed": 149.970829, "delta": 1.927472}}
{"target": -231.28939566174077, "params": {"momentum_down": 0.8772430548473764, "momentum_up": 0.45581217057183426, "mu_down": 0.012936433836791883, "mu_up": 0.00139742736903291}, "datetime": {"datetime": "2024-01-23 20:39:04", "elapsed": 150.815153, "delta": 0.844324}}
{"target": -70.23030288042214, "params": {"momentum_down": 0.7099013143654481, "momentum_up": 0.36906483842587406, "mu_down": 0.1031396514201593, "mu_up": 0.008666716802657917}, "datetime": {"datetime": "2024-01-23 20:39:04", "elapsed": 151.080873, "delta": 0.26572}}
{"target": -120.2393074632106, "params": {"momentum_down": 0.597482481153154, "momentum_up": 0.8536738781490544, "mu_down": 0.08575175303206944, "mu_up": 0.0007350228920125301}, "datetime": {"datetime": "2024-01-23 20:39:05", "elapsed": 151.97173, "delta": 0.890857}}
{"target": -50.227228142219275, "params": {"momentum_down": 0.5801828926989855, "momentum_up": 0.8355640907044813, "mu_down": 0.20808119362618716, "mu_up": 0.003565247694809299}, "datetime": {"datetime": "2024-01-23 20:39:06", "elapsed": 152.335388, "delta": 0.363658}}
{"target": -130.22883569468962, "params": {"momentum_down": 0.3780320972650464, "momentum_up": 0.18026449219593632, "mu_down": 0.12071991353719663, "mu_up": 0.00864275479818976}, "datetime": {"datetime": "2024-01-23 20:39:06", "elapsed": 152.815729, "delta": 0.480341}}
{"target": -1427.292945018858, "params": {"momentum_down": 0.262357504156299, "momentum_up": 0.8698929243046952, "mu_down": 0.012337169839573059, "mu_up": 0.006020892962666815}, "datetime": {"datetime": "2024-01-23 20:39:09", "elapsed": 155.637105, "delta": 2.821376}}
{"target": -70.192390674764, "params": {"momentum_down": 0.32869643436815543, "momentum_up": 0.8468182204957185, "mu_down": 0.2669440557347952, "mu_up": 0.0011792460530964353}, "datetime": {"datetime": "2024-01-23 20:39:10", "elapsed": 157.19891, "delta": 1.561805}}
{"target": -2004.4946928582497, "params": {"momentum_down": 0.2879115136917033, "momentum_up": 0.23216756921169426, "mu_down": 0.17532654423038138, "mu_up": 1e-05}, "datetime": {"datetime": "2024-01-23 20:39:14", "elapsed": 160.499463, "delta": 3.300553}}
{"target": -110.23323916518979, "params": {"momentum_down": 0.763977518531066, "momentum_up": 0.05230012109308714, "mu_down": 0.06351793825504287, "mu_up": 0.0021423943213816975}, "datetime": {"datetime": "2024-01-23 20:39:15", "elapsed": 161.388744, "delta": 0.889281}}
{"target": -60.27231761603712, "params": {"momentum_down": 0.4298517114429435, "momentum_up": 0.38832539583509096, "mu_down": 0.22749416998190133, "mu_up": 0.01}, "datetime": {"datetime": "2024-01-23 20:39:16", "elapsed": 162.917749, "delta": 1.529005}}
{"target": -2300.0, "params": {"momentum_down": 0.4806016412861873, "momentum_up": 0.3001223520587485, "mu_down": 0.4995935787736139, "mu_up": 0.005842700340017774}, "datetime": {"datetime": "2024-01-23 20:39:18", "elapsed": 165.043811, "delta": 2.126062}}
{"target": -10486.57314536042, "params": {"momentum_down": 0.9243561711690106, "momentum_up": 0.786644214967903, "mu_down": 0.34854867640493176, "mu_up": 0.005956480475194653}, "datetime": {"datetime": "2024-01-23 20:39:21", "elapsed": 167.587209, "delta": 2.543398}}
{"target": -2300.0, "params": {"momentum_down": 0.981140451397135, "momentum_up": 0.78222838173093, "mu_down": 0.24647790276761844, "mu_up": 0.009740035916669257}, "datetime": {"datetime": "2024-01-23 20:39:23", "elapsed": 170.047332, "delta": 2.460123}}
{"target": -2300.0, "params": {"momentum_down": 0.11649632863527648, "momentum_up": 0.6487830920685843, "mu_down": 0.47443280284026956, "mu_up": 0.008875206908219984}, "datetime": {"datetime": "2024-01-23 20:39:24", "elapsed": 170.662819, "delta": 0.615487}}
{"target": -743.2892772661862, "params": {"momentum_down": 0.09414727580122646, "momentum_up": 0.5030224878948073, "mu_down": 0.028915421892456605, "mu_up": 0.008310337238495157}, "datetime": {"datetime": "2024-01-23 20:39:25", "elapsed": 171.889417, "delta": 1.226598}}
{"target": -40.1570453277293, "params": {"momentum_down": 0.47686821421775616, "momentum_up": 0.4183555323904628, "mu_down": 0.4163517175584025, "mu_up": 0.004233778155118633}, "datetime": {"datetime": "2024-01-23 20:39:27", "elapsed": 173.52677, "delta": 1.637353}}
