{"target": -80.28048519788764, "params": {"mu_down": 0.1631896686932539, "mu_up": 0.004521126641204685}, "datetime": {"datetime": "2024-07-11 21:49:51", "elapsed": 407.210834, "delta": 3.157066}}
{"target": -90.24404446061885, "params": {"mu_down": 0.15954144746936594, "mu_up": 0.003060714196379332}, "datetime": {"datetime": "2024-07-11 21:49:53", "elapsed": 410.026947, "delta": 2.816113}}
{"target": -341.2871879967668, "params": {"mu_down": 0.16134737811997002, "mu_up": 0.00042514782135309373}, "datetime": {"datetime": "2024-07-11 21:49:57", "elapsed": 413.513426, "delta": 3.486479}}
{"target": -80.20489072855561, "params": {"mu_down": 0.16660780225296712, "mu_up": 0.007589921881429495}, "datetime": {"datetime": "2024-07-11 21:50:00", "elapsed": 416.514225, "delta": 3.000799}}
{"target": -100.21364906289486, "params": {"mu_down": 0.13964326534960603, "mu_up": 0.004388510384954808}, "datetime": {"datetime": "2024-07-11 21:50:02", "elapsed": 419.102259, "delta": 2.588034}}
{"target": -100.2896979125234, "params": {"mu_down": 0.12024814719950344, "mu_up": 0.009884260289265222}, "datetime": {"datetime": "2024-07-11 21:50:07", "elapsed": 423.974036, "delta": 4.871777}}
{"target": -170.28743075774352, "params": {"mu_down": 0.06920633565335088, "mu_up": 0.009826608940468114}, "datetime": {"datetime": "2024-07-11 21:50:11", "elapsed": 427.616672, "delta": 3.642636}}
{"target": -281.27148103574797, "params": {"mu_down": 0.042874898404072326, "mu_up": 0.006986135205233479}, "datetime": {"datetime": "2024-07-11 21:50:14", "elapsed": 430.913644, "delta": 3.296972}}
{"target": -160.24795990192374, "params": {"mu_down": 0.07962901719960525, "mu_up": 0.004056750108996243}, "datetime": {"datetime": "2024-07-11 21:50:18", "elapsed": 434.855973, "delta": 3.942329}}
{"target": -120.29654459370268, "params": {"mu_down": 0.09982536065270747, "mu_up": 0.007562941052494237}, "datetime": {"datetime": "2024-07-11 21:50:21", "elapsed": 438.124758, "delta": 3.268785}}
{"target": -100.27960156997996, "params": {"mu_down": 0.2069775025529969, "mu_up": 0.0012950788909388829}, "datetime": {"datetime": "2024-07-11 21:50:24", "elapsed": 440.988939, "delta": 2.864181}}
{"target": -110.29539271409361, "params": {"mu_down": 0.11247648838727126, "mu_up": 0.004011153864849237}, "datetime": {"datetime": "2024-07-11 21:50:28", "elapsed": 444.241025, "delta": 3.252086}}
{"target": -110.2921433706488, "params": {"mu_down": 0.11489113023233588, "mu_up": 0.003731071353637976}, "datetime": {"datetime": "2024-07-11 21:50:31", "elapsed": 447.891157, "delta": 3.650132}}
{"target": -180.29668096203216, "params": {"mu_down": 0.06631562396313445, "mu_up": 0.007151012156176498}, "datetime": {"datetime": "2024-07-11 21:50:35", "elapsed": 451.253157, "delta": 3.362}}
{"target": -603.2954756178545, "params": {"mu_down": 0.02007995274288965, "mu_up": 0.00587109746786264}, "datetime": {"datetime": "2024-07-11 21:50:39", "elapsed": 455.965254, "delta": 4.712097}}
{"target": -2004.0667869766296, "params": {"mu_down": 0.03962924681082414, "mu_up": 2.8242145895906282e-05}, "datetime": {"datetime": "2024-07-11 21:50:45", "elapsed": 462.088132, "delta": 6.122878}}
{"target": -371.27676834679835, "params": {"mu_down": 0.03320023574383929, "mu_up": 0.0021857095654084324}, "datetime": {"datetime": "2024-07-11 21:50:50", "elapsed": 466.143236, "delta": 4.055104}}
{"target": -281.2810915757082, "params": {"mu_down": 0.04379056735867831, "mu_up": 0.0026909609337041293}, "datetime": {"datetime": "2024-07-11 21:50:54", "elapsed": 470.231664, "delta": 4.088428}}
{"target": -331.28329481860294, "params": {"mu_down": 0.03572222848822443, "mu_up": 0.0031375345316226517}, "datetime": {"datetime": "2024-07-11 21:50:58", "elapsed": 474.542979, "delta": 4.311315}}
{"target": -2004.3040421658084, "params": {"mu_down": 0.2659533781413542, "mu_up": 1e-05}, "datetime": {"datetime": "2024-07-11 21:51:04", "elapsed": 481.049426, "delta": 6.506447}}
{"target": -2300.0, "params": {"mu_down": 0.37078110101784684, "mu_up": 0.01}, "datetime": {"datetime": "2024-07-11 21:51:08", "elapsed": 484.534894, "delta": 3.485468}}
{"target": -110.26982312126238, "params": {"mu_down": 0.11214198493649966, "mu_up": 0.00705440496135043}, "datetime": {"datetime": "2024-07-11 21:51:12", "elapsed": 488.197874, "delta": 3.66298}}
{"target": -2300.0, "params": {"mu_down": 0.3902975418170623, "mu_up": 0.00986020945527443}, "datetime": {"datetime": "2024-07-11 21:51:16", "elapsed": 492.32487, "delta": 4.126996}}
{"target": -70.21906767312313, "params": {"mu_down": 0.20264994018374338, "mu_up": 0.004550626753868743}, "datetime": {"datetime": "2024-07-11 21:51:19", "elapsed": 495.193844, "delta": 2.868974}}
{"target": -90.22331710824139, "params": {"mu_down": 0.18025194686121887, "mu_up": 0.002133013836464756}, "datetime": {"datetime": "2024-07-11 21:51:23", "elapsed": 499.262134, "delta": 4.06829}}
{"target": -100.28241633465773, "params": {"mu_down": 0.1214145079888158, "mu_up": 0.007889979489735072}, "datetime": {"datetime": "2024-07-11 21:51:26", "elapsed": 502.608926, "delta": 3.346792}}
{"target": -271.29326708811243, "params": {"mu_down": 0.08910967157604421, "mu_up": 0.0006813832635874243}, "datetime": {"datetime": "2024-07-11 21:51:29", "elapsed": 506.094748, "delta": 3.485822}}
{"target": -170.2504112596919, "params": {"mu_down": 0.07408708144821308, "mu_up": 0.007507110700086877}, "datetime": {"datetime": "2024-07-11 21:51:34", "elapsed": 510.339217, "delta": 4.244469}}
{"target": -60.29656041886206, "params": {"mu_down": 0.19880431447879335, "mu_up": 0.01}, "datetime": {"datetime": "2024-07-11 21:51:37", "elapsed": 513.318325, "delta": 2.979108}}
{"target": -2011.6907517109837, "params": {"mu_down": 0.03385499500602937, "mu_up": 1e-05}, "datetime": {"datetime": "2024-07-11 21:51:42", "elapsed": 519.013278, "delta": 5.694953}}
{"target": -361.2953612011192, "params": {"mu_down": 0.03251791817091776, "mu_up": 0.004276029241492695}, "datetime": {"datetime": "2024-07-11 21:51:47", "elapsed": 523.203361, "delta": 4.190083}}
{"target": -472.2959103261036, "params": {"mu_down": 0.02535925566027364, "mu_up": 0.006109780590791149}, "datetime": {"datetime": "2024-07-11 21:51:51", "elapsed": 527.942378, "delta": 4.739017}}
{"target": -190.2947078910569, "params": {"mu_down": 0.06139168421845742, "mu_up": 0.007828593509065394}, "datetime": {"datetime": "2024-07-11 21:51:55", "elapsed": 531.553996, "delta": 3.611618}}
{"target": -100.27880601502652, "params": {"mu_down": 0.12570386397787298, "mu_up": 0.004684760329229594}, "datetime": {"datetime": "2024-07-11 21:52:00", "elapsed": 536.623413, "delta": 5.069417}}
{"target": -211.28349308357306, "params": {"mu_down": 0.05602831571969813, "mu_up": 0.0072504254351321885}, "datetime": {"datetime": "2024-07-11 21:52:05", "elapsed": 542.055788, "delta": 5.432375}}
{"target": -60.24097492582491, "params": {"mu_down": 0.21209246245875912, "mu_up": 0.009985352481827246}, "datetime": {"datetime": "2024-07-11 21:52:09", "elapsed": 545.962363, "delta": 3.906575}}
{"target": -80.21118855967616, "params": {"mu_down": 0.17816942398218327, "mu_up": 0.00455578074499382}, "datetime": {"datetime": "2024-07-11 21:52:13", "elapsed": 549.626063, "delta": 3.6637}}
{"target": -80.28231617336188, "params": {"mu_down": 0.15863729344758148, "mu_up": 0.005332878498454666}, "datetime": {"datetime": "2024-07-11 21:52:19", "elapsed": 555.603837, "delta": 5.977774}}
{"target": -140.28296620301958, "params": {"mu_down": 0.08645742823690333, "mu_up": 0.0033635351687550945}, "datetime": {"datetime": "2024-07-11 21:52:22", "elapsed": 559.040282, "delta": 3.436445}}
{"target": -110.28526309777544, "params": {"mu_down": 0.10990780007137474, "mu_up": 0.009639874815568005}, "datetime": {"datetime": "2024-07-11 21:52:25", "elapsed": 561.846162, "delta": 2.80588}}
{"target": -1819.2971592995366, "params": {"mu_down": 0.07624446058751938, "mu_up": 9.362961068512232e-05}, "datetime": {"datetime": "2024-07-11 21:52:30", "elapsed": 566.820558, "delta": 4.974396}}
{"target": -170.25601966944942, "params": {"mu_down": 0.08096855927427243, "mu_up": 0.0019666730251138025}, "datetime": {"datetime": "2024-07-11 21:52:35", "elapsed": 571.578506, "delta": 4.757948}}
{"target": -150.26187557654617, "params": {"mu_down": 0.08299898196140987, "mu_up": 0.006979513417062148}, "datetime": {"datetime": "2024-07-11 21:52:40", "elapsed": 576.857333, "delta": 5.278827}}
{"target": -170.25847702840923, "params": {"mu_down": 0.07404026861123691, "mu_up": 0.003557783950605912}, "datetime": {"datetime": "2024-07-11 21:52:45", "elapsed": 581.856375, "delta": 4.999042}}
{"target": -2300.0, "params": {"mu_down": 0.4729693680887547, "mu_up": 0.009886404195275917}, "datetime": {"datetime": "2024-07-11 21:52:53", "elapsed": 589.549322, "delta": 7.692947}}
{"target": -2300.0, "params": {"mu_down": 0.3522472807550745, "mu_up": 0.01}, "datetime": {"datetime": "2024-07-11 21:52:57", "elapsed": 593.957788, "delta": 4.408466}}
{"target": -90.21083886587094, "params": {"mu_down": 0.14704792131557232, "mu_up": 0.008682640184356237}, "datetime": {"datetime": "2024-07-11 21:53:02", "elapsed": 598.163579, "delta": 4.205791}}
{"target": -80.21497187193553, "params": {"mu_down": 0.17168584360703942, "mu_up": 0.005817932333906467}, "datetime": {"datetime": "2024-07-11 21:53:09", "elapsed": 605.186764, "delta": 7.023185}}
{"target": -80.23365375093265, "params": {"mu_down": 0.1684879003287731, "mu_up": 0.005459728810585297}, "datetime": {"datetime": "2024-07-11 21:53:14", "elapsed": 611.121914, "delta": 5.93515}}
{"target": -60.29541851944117, "params": {"mu_down": 0.19908854465498937, "mu_up": 0.01}, "datetime": {"datetime": "2024-07-11 21:53:18", "elapsed": 614.20499, "delta": 3.083076}}
{"target": -100.219705327356, "params": {"mu_down": 0.1310726002695347, "mu_up": 0.00597785880727002}, "datetime": {"datetime": "2024-07-11 21:53:22", "elapsed": 618.322437, "delta": 4.117447}}
{"target": -90.2626058144825, "params": {"mu_down": 0.13758317740037063, "mu_up": 0.009928969078795768}, "datetime": {"datetime": "2024-07-11 21:53:26", "elapsed": 622.68322, "delta": 4.360783}}
{"target": -251.2719289226864, "params": {"mu_down": 0.04777902624285158, "mu_up": 0.006284262799128685}, "datetime": {"datetime": "2024-07-11 21:53:35", "elapsed": 631.17669, "delta": 8.49347}}
{"target": -90.20442681408707, "params": {"mu_down": 0.1536012865870714, "mu_up": 0.00560665004021949}, "datetime": {"datetime": "2024-07-11 21:53:38", "elapsed": 634.412153, "delta": 3.235463}}
{"target": -90.22074886608618, "params": {"mu_down": 0.1510203999004982, "mu_up": 0.0052928238327037665}, "datetime": {"datetime": "2024-07-11 21:53:44", "elapsed": 640.567135, "delta": 6.154982}}
{"target": -160.25448508418734, "params": {"mu_down": 0.07829809322611919, "mu_up": 0.0028842432826798937}, "datetime": {"datetime": "2024-07-11 21:53:52", "elapsed": 648.148783, "delta": 7.581648}}
{"target": -70.20034433713498, "params": {"mu_down": 0.19095938980400612, "mu_up": 0.009965318504653585}, "datetime": {"datetime": "2024-07-11 21:53:56", "elapsed": 652.797053, "delta": 4.64827}}
{"target": -100.22051355299647, "params": {"mu_down": 0.13082715343917478, "mu_up": 0.008122294700592031}, "datetime": {"datetime": "2024-07-11 21:54:02", "elapsed": 658.22645, "delta": 5.429397}}
{"target": -110.23732180837686, "params": {"mu_down": 0.1166942736530581, "mu_up": 0.005269337849752405}, "datetime": {"datetime": "2024-07-11 21:54:08", "elapsed": 664.158943, "delta": 5.932493}}
{"target": -180.28709876201327, "params": {"mu_down": 0.06766631473929968, "mu_up": 0.0041137690263373695}, "datetime": {"datetime": "2024-07-11 21:54:11", "elapsed": 667.773271, "delta": 3.614328}}
{"target": -70.21458064069316, "params": {"mu_down": 0.20050852733306035, "mu_up": 0.005402972198205124}, "datetime": {"datetime": "2024-07-11 21:54:17", "elapsed": 674.111152, "delta": 6.337881}}
{"target": -90.24463393197995, "params": {"mu_down": 0.14428765238450392, "mu_up": 0.00565607236958104}, "datetime": {"datetime": "2024-07-11 21:54:22", "elapsed": 678.638853, "delta": 4.527701}}
{"target": -90.20365575295394, "params": {"mu_down": 0.14832950516463395, "mu_up": 0.01}, "datetime": {"datetime": "2024-07-11 21:54:26", "elapsed": 682.214992, "delta": 3.576139}}
{"target": -70.18130765098667, "params": {"mu_down": 0.21142081766019652, "mu_up": 0.005244142376482376}, "datetime": {"datetime": "2024-07-11 21:54:30", "elapsed": 686.2534, "delta": 4.038408}}
{"target": -120.26583705544093, "params": {"mu_down": 0.10342174046094299, "mu_up": 0.006644290851439667}, "datetime": {"datetime": "2024-07-11 21:54:35", "elapsed": 691.311389, "delta": 5.057989}}
{"target": -100.2577724647414, "params": {"mu_down": 0.13441334537652444, "mu_up": 0.0037020298007697087}, "datetime": {"datetime": "2024-07-11 21:54:41", "elapsed": 697.320157, "delta": 6.008768}}
{"target": -271.2822632716021, "params": {"mu_down": 0.13690831167626138, "mu_up": 0.0005145248793075809}, "datetime": {"datetime": "2024-07-11 21:54:45", "elapsed": 701.413467, "delta": 4.09331}}
{"target": -70.24750388400221, "params": {"mu_down": 0.1796331593050467, "mu_up": 0.008590731147481436}, "datetime": {"datetime": "2024-07-11 21:54:50", "elapsed": 706.298151, "delta": 4.884684}}
{"target": -70.2185800810732, "params": {"mu_down": 0.18609004640020643, "mu_up": 0.009987247612273212}, "datetime": {"datetime": "2024-07-11 21:54:55", "elapsed": 711.613967, "delta": 5.315816}}
{"target": -60.24929969808478, "params": {"mu_down": 0.2153449471054208, "mu_up": 0.008002671259737623}, "datetime": {"datetime": "2024-07-11 21:55:00", "elapsed": 717.000484, "delta": 5.386517}}
{"target": -281.2920820081187, "params": {"mu_down": 0.04172123483081974, "mu_up": 0.004901101157295079}, "datetime": {"datetime": "2024-07-11 21:55:06", "elapsed": 723.091682, "delta": 6.091198}}
{"target": -70.28753603231169, "params": {"mu_down": 0.17164747284780113, "mu_up": 0.007883534163828742}, "datetime": {"datetime": "2024-07-11 21:55:12", "elapsed": 728.376355, "delta": 5.284673}}
{"target": -90.2072541663042, "params": {"mu_down": 0.16140772870547243, "mu_up": 0.0038955391181230595}, "datetime": {"datetime": "2024-07-11 21:55:19", "elapsed": 735.880827, "delta": 7.504472}}
{"target": -70.18670233488537, "params": {"mu_down": 0.19522887702080705, "mu_up": 0.00996883956549597}, "datetime": {"datetime": "2024-07-11 21:55:25", "elapsed": 742.034573, "delta": 6.153746}}
{"target": -100.23205438920772, "params": {"mu_down": 0.1286719885984049, "mu_up": 0.01}, "datetime": {"datetime": "2024-07-11 21:55:30", "elapsed": 746.619636, "delta": 4.585063}}
{"target": -140.26956260161757, "params": {"mu_down": 0.08792034673814697, "mu_up": 0.008313624987024006}, "datetime": {"datetime": "2024-07-11 21:55:40", "elapsed": 756.332039, "delta": 9.712403}}
{"target": -180.25524782681774, "params": {"mu_down": 0.0701907473955, "mu_up": 0.004034226287474446}, "datetime": {"datetime": "2024-07-11 21:55:46", "elapsed": 762.412877, "delta": 6.080838}}
{"target": -170.2837246667442, "params": {"mu_down": 0.07111964353947042, "mu_up": 0.007951894227716938}, "datetime": {"datetime": "2024-07-11 21:55:51", "elapsed": 768.059843, "delta": 5.646966}}
{"target": -80.23545915615334, "params": {"mu_down": 0.15970926560404825, "mu_up": 0.009987337666310731}, "datetime": {"datetime": "2024-07-11 21:55:58", "elapsed": 774.634165, "delta": 6.574322}}
{"target": -60.28210997729039, "params": {"mu_down": 0.2055186231329036, "mu_up": 0.008321130744132026}, "datetime": {"datetime": "2024-07-11 21:56:04", "elapsed": 780.20437, "delta": 5.570205}}
{"target": -90.24486330038734, "params": {"mu_down": 0.14089852203832448, "mu_up": 0.006338220101818666}, "datetime": {"datetime": "2024-07-11 21:56:09", "elapsed": 785.924938, "delta": 5.720568}}
{"target": -100.24768249444995, "params": {"mu_down": 0.12650699264169307, "mu_up": 0.006278674048504058}, "datetime": {"datetime": "2024-07-11 21:56:15", "elapsed": 791.812665, "delta": 5.887727}}
{"target": -110.23031853399665, "params": {"mu_down": 0.12335612239408661, "mu_up": 0.004057451067239592}, "datetime": {"datetime": "2024-07-11 21:56:21", "elapsed": 797.259875, "delta": 5.44721}}
{"target": -150.25387527649823, "params": {"mu_down": 0.09081757462998447, "mu_up": 0.002410517058881707}, "datetime": {"datetime": "2024-07-11 21:56:26", "elapsed": 802.936933, "delta": 5.677058}}
{"target": -70.21564264639228, "params": {"mu_down": 0.20456199830308736, "mu_up": 0.004181910981130747}, "datetime": {"datetime": "2024-07-11 21:56:32", "elapsed": 808.335268, "delta": 5.398335}}
{"target": -140.28509494757213, "params": {"mu_down": 0.08620010817601031, "mu_up": 0.009983884153821624}, "datetime": {"datetime": "2024-07-11 21:56:38", "elapsed": 815.081037, "delta": 6.745769}}
{"target": -70.28128823691131, "params": {"mu_down": 0.18638394673498654, "mu_up": 0.004849956973133537}, "datetime": {"datetime": "2024-07-11 21:56:43", "elapsed": 819.421012, "delta": 4.339975}}
{"target": -70.22416035977736, "params": {"mu_down": 0.18671772986349383, "mu_up": 0.00789201960797714}, "datetime": {"datetime": "2024-07-11 21:56:48", "elapsed": 824.395509, "delta": 4.974497}}
{"target": -120.2279111557162, "params": {"mu_down": 0.10809281599144405, "mu_up": 0.007956453229902644}, "datetime": {"datetime": "2024-07-11 21:56:54", "elapsed": 831.062162, "delta": 6.666653}}
{"target": -70.23777274560169, "params": {"mu_down": 0.19045902634812945, "mu_up": 0.006190835232819099}, "datetime": {"datetime": "2024-07-11 21:57:05", "elapsed": 841.681032, "delta": 10.61887}}
{"target": -80.21309097671862, "params": {"mu_down": 0.1830514964585323, "mu_up": 0.0037415096463401317}, "datetime": {"datetime": "2024-07-11 21:57:13", "elapsed": 849.660625, "delta": 7.979593}}
{"target": -100.22845646840537, "params": {"mu_down": 0.13327524911736854, "mu_up": 0.005049745638151108}, "datetime": {"datetime": "2024-07-11 21:57:24", "elapsed": 861.070679, "delta": 11.410054}}
{"target": -160.26681208467295, "params": {"mu_down": 0.07723149815774749, "mu_up": 0.007638278893613102}, "datetime": {"datetime": "2024-07-11 21:57:31", "elapsed": 868.016494, "delta": 6.945815}}
{"target": -70.29901403838848, "params": {"mu_down": 0.16954676620394338, "mu_up": 0.009848581371691333}, "datetime": {"datetime": "2024-07-11 21:57:36", "elapsed": 872.711015, "delta": 4.694521}}
{"target": -100.22287201985705, "params": {"mu_down": 0.14709824194759574, "mu_up": 0.003010017617805683}, "datetime": {"datetime": "2024-07-11 21:57:42", "elapsed": 878.18603, "delta": 5.475015}}
{"target": -70.23000035601966, "params": {"mu_down": 0.18334590413469648, "mu_up": 0.009928207153732686}, "datetime": {"datetime": "2024-07-11 21:57:48", "elapsed": 884.857524, "delta": 6.671494}}
{"target": -70.22770921653276, "params": {"mu_down": 0.19435236644868104, "mu_up": 0.005853018800174096}, "datetime": {"datetime": "2024-07-11 21:57:58", "elapsed": 894.860004, "delta": 10.00248}}
{"target": -90.20863311499812, "params": {"mu_down": 0.15650860449221993, "mu_up": 0.004736830182840443}, "datetime": {"datetime": "2024-07-11 21:58:06", "elapsed": 902.475299, "delta": 7.615295}}
{"target": -70.25378519888591, "params": {"mu_down": 0.21657444518577718, "mu_up": 0.0026850295521652864}, "datetime": {"datetime": "2024-07-11 21:58:13", "elapsed": 909.214404, "delta": 6.739105}}
{"target": -60.27554384988443, "params": {"mu_down": 0.2180732483142344, "mu_up": 0.00534927785974162}, "datetime": {"datetime": "2024-07-11 21:58:19", "elapsed": 915.786668, "delta": 6.572264}}
{"target": -70.1943768418767, "params": {"mu_down": 0.19819772488415466, "mu_up": 0.007772733749335025}, "datetime": {"datetime": "2024-07-11 21:58:26", "elapsed": 922.858647, "delta": 7.071979}}
{"target": -90.24336933295452, "params": {"mu_down": 0.14100594193481375, "mu_up": 0.008345094728612973}, "datetime": {"datetime": "2024-07-11 21:58:34", "elapsed": 930.881381, "delta": 8.022734}}
{"target": -100.26180665272753, "params": {"mu_down": 0.12436536884470983, "mu_up": 0.005936241819050998}, "datetime": {"datetime": "2024-07-11 21:58:40", "elapsed": 936.322022, "delta": 5.440641}}
{"target": -70.25451038727981, "params": {"mu_down": 0.19805671210279735, "mu_up": 0.0034718814363497085}, "datetime": {"datetime": "2024-07-11 21:58:50", "elapsed": 946.338923, "delta": 10.016901}}
{"target": -90.29596534237427, "params": {"mu_down": 0.13274733644769282, "mu_up": 0.0099587085170609}, "datetime": {"datetime": "2024-07-11 21:58:58", "elapsed": 954.220014, "delta": 7.881091}}
{"target": -70.1948461246861, "params": {"mu_down": 0.19422315042855642, "mu_up": 0.008430748408741804}, "datetime": {"datetime": "2024-07-11 21:59:03", "elapsed": 959.443141, "delta": 5.223127}}
{"target": -100.25809726829624, "params": {"mu_down": 0.12466238524466688, "mu_up": 0.009979747361132206}, "datetime": {"datetime": "2024-07-11 21:59:11", "elapsed": 967.528765, "delta": 8.085624}}
{"target": -341.2919226248648, "params": {"mu_down": 0.035098637538994004, "mu_up": 0.009245078717751428}, "datetime": {"datetime": "2024-07-11 21:59:17", "elapsed": 973.922152, "delta": 6.393387}}
{"target": -251.29120408701422, "params": {"mu_down": 0.04727938838781509, "mu_up": 0.00996978488806204}, "datetime": {"datetime": "2024-07-11 21:59:25", "elapsed": 981.357704, "delta": 7.435552}}
{"target": -130.28425154825018, "params": {"mu_down": 0.09321719443570042, "mu_up": 0.008249774752319259}, "datetime": {"datetime": "2024-07-11 21:59:33", "elapsed": 989.401668, "delta": 8.043964}}
{"target": -110.28681245972008, "params": {"mu_down": 0.11008855687439129, "mu_up": 0.004855747176113602}, "datetime": {"datetime": "2024-07-11 21:59:39", "elapsed": 995.818917, "delta": 6.417249}}
{"target": -120.23472190084696, "params": {"mu_down": 0.10737504054543578, "mu_up": 0.005522543859607986}, "datetime": {"datetime": "2024-07-11 21:59:45", "elapsed": 1001.182872, "delta": 5.363955}}
