{"target": -80.27966909502621, "params": {"momentum_down": 0.18850872620061668, "momentum_up": 0.8857220210431566, "mu_down": 0.2363479546283137, "mu_up": 0.0019672912588094144}, "datetime": {"datetime": "2024-01-23 20:59:50", "elapsed": 1396.996914, "delta": 1.177074}}
{"target": -241.26111112440393, "params": {"momentum_down": 0.24406389166521442, "momentum_up": 0.679498428750081, "mu_down": 0.07570378245210463, "mu_up": 0.0029162995241066208}, "datetime": {"datetime": "2024-01-23 20:59:58", "elapsed": 1405.082799, "delta": 8.085885}}
{"target": -120.23339460521244, "params": {"momentum_down": 0.18333343911773337, "momentum_up": 0.6274459187395585, "mu_down": 0.17005882177321913, "mu_up": 0.004400368024116032}, "datetime": {"datetime": "2024-01-23 21:00:00", "elapsed": 1406.435489, "delta": 1.35269}}
{"target": -40.12248263227911, "params": {"momentum_down": 0.913573707999112, "momentum_up": 0.380842790592227, "mu_down": 0.27267427909656305, "mu_up": 0.0067307062951497704}, "datetime": {"datetime": "2024-01-23 21:00:01", "elapsed": 1407.512196, "delta": 1.076707}}
{"target": -100.24636333447143, "params": {"momentum_down": 0.5346171697821792, "momentum_up": 0.8059962737019152, "mu_down": 0.11244515950385708, "mu_up": 0.0073464982448577885}, "datetime": {"datetime": "2024-01-23 21:00:05", "elapsed": 1411.49304, "delta": 3.980844}}
{"target": -50.23134546220972, "params": {"momentum_down": 0.23233438462305075, "momentum_up": 0.6120110744930118, "mu_down": 0.38078379357808506, "mu_up": 0.009568025600017618}, "datetime": {"datetime": "2024-01-23 21:00:09", "elapsed": 1416.218687, "delta": 4.725647}}
{"target": -150.28766204420785, "params": {"momentum_down": 0.7518170407923326, "momentum_up": 0.07192796154161235, "mu_down": 0.301401424117543, "mu_up": 0.0008984609987495335}, "datetime": {"datetime": "2024-01-23 21:00:21", "elapsed": 1427.76434, "delta": 11.545653}}
{"target": -2300.0, "params": {"momentum_down": 0.4404368529699734, "momentum_up": 0.559727013431651, "mu_down": 0.48538844931991953, "mu_up": 0.004992922264033142}, "datetime": {"datetime": "2024-01-23 21:00:26", "elapsed": 1432.909784, "delta": 5.145444}}
{"target": -2300.0, "params": {"momentum_down": 0.14379805658351713, "momentum_up": 0.5320333540518237, "mu_down": 0.48912999570905463, "mu_up": 0.005558614953718376}, "datetime": {"datetime": "2024-01-23 21:00:34", "elapsed": 1440.715816, "delta": 7.806032}}
{"target": -854.2961476109294, "params": {"momentum_down": 0.7818509421959278, "momentum_up": 0.5984482812778321, "mu_down": 0.005902439067838716, "mu_up": 0.0007429386301876613}, "datetime": {"datetime": "2024-01-23 21:00:40", "elapsed": 1446.501622, "delta": 5.785806}}
{"target": -381.28113584064835, "params": {"momentum_down": 0.3320498450901713, "momentum_up": 0.4588728660567419, "mu_down": 0.041724025822503896, "mu_up": 0.009187970095026459}, "datetime": {"datetime": "2024-01-23 21:00:44", "elapsed": 1450.795123, "delta": 4.293501}}
{"target": -572.2860218729699, "params": {"momentum_down": 0.03700006893704782, "momentum_up": 0.11593776335500149, "mu_down": 0.039325594839180356, "mu_up": 0.003174544376707435}, "datetime": {"datetime": "2024-01-23 21:00:54", "elapsed": 1460.379088, "delta": 9.583965}}
{"target": -20.18623970238616, "params": {"momentum_down": 0.7933136420886422, "momentum_up": 0.048260204104128485, "mu_down": 0.48485168988327965, "mu_up": 0.007055238691089184}, "datetime": {"datetime": "2024-01-23 21:00:55", "elapsed": 1461.460025, "delta": 1.080937}}
{"target": -2002.6260232119005, "params": {"momentum_down": 0.5701769238659155, "momentum_up": 0.8826084880273583, "mu_down": 0.3697290440269692, "mu_up": 0.0035923632320930153}, "datetime": {"datetime": "2024-01-23 21:00:58", "elapsed": 1464.498062, "delta": 3.038037}}
{"target": -70.27557177675006, "params": {"momentum_down": 0.08437548951881237, "momentum_up": 0.8558946733886583, "mu_down": 0.31188755501294163, "mu_up": 0.005321563862289403}, "datetime": {"datetime": "2024-01-23 21:01:02", "elapsed": 1469.052165, "delta": 4.554103}}
{"target": -201.27569816393284, "params": {"momentum_down": 0.3203621634922304, "momentum_up": 0.6914586852242957, "mu_down": 0.0802532281083485, "mu_up": 0.009795328825581887}, "datetime": {"datetime": "2024-01-23 21:01:04", "elapsed": 1470.500996, "delta": 1.448831}}
{"target": -30.101835658465088, "params": {"momentum_down": 0.7665348234750229, "momentum_up": 0.07239414397425004, "mu_down": 0.2910543376356293, "mu_up": 0.0077840435209830085}, "datetime": {"datetime": "2024-01-23 21:01:10", "elapsed": 1477.048053, "delta": 6.547057}}
{"target": -30.186944920010955, "params": {"momentum_down": 0.7522242708630937, "momentum_up": 0.06067055106840641, "mu_down": 0.3045434890974901, "mu_up": 0.005020170403275807}, "datetime": {"datetime": "2024-01-23 21:01:15", "elapsed": 1482.048521, "delta": 5.000468}}
{"target": -412.293982295527, "params": {"momentum_down": 0.2204489064921777, "momentum_up": 0.32835127430636485, "mu_down": 0.26686534364815395, "mu_up": 0.000260480388678049}, "datetime": {"datetime": "2024-01-23 21:01:21", "elapsed": 1487.819676, "delta": 5.771155}}
{"target": -110.2358282785795, "params": {"momentum_down": 0.7315755840228942, "momentum_up": 0.5794646808267926, "mu_down": 0.3600200581288827, "mu_up": 0.009857504788545062}, "datetime": {"datetime": "2024-01-23 21:01:27", "elapsed": 1493.499243, "delta": 5.679567}}
{"target": -30.122066508380904, "params": {"momentum_down": 0.781100027054583, "momentum_up": 0.4256998807569909, "mu_down": 0.23274111195863473, "mu_up": 0.00651222182947324}, "datetime": {"datetime": "2024-01-23 21:01:28", "elapsed": 1494.82807, "delta": 1.328827}}
{"target": -40.258523538127676, "params": {"momentum_down": 0.7629543158234168, "momentum_up": 0.08006581423422932, "mu_down": 0.2764648455465717, "mu_up": 0.0029757270515050937}, "datetime": {"datetime": "2024-01-23 21:01:36", "elapsed": 1503.065487, "delta": 8.237417}}
{"target": -40.15229516555443, "params": {"momentum_down": 0.7238947283068248, "momentum_up": 0.0687769815307403, "mu_down": 0.30073936024578585, "mu_up": 0.004046058803902186}, "datetime": {"datetime": "2024-01-23 21:01:41", "elapsed": 1507.466175, "delta": 4.400688}}
{"target": -4720.528147495974, "params": {"momentum_down": 0.8082011841883433, "momentum_up": 0.8454040401138381, "mu_down": 0.3292758465689839, "mu_up": 0.01}, "datetime": {"datetime": "2024-01-23 21:01:49", "elapsed": 1515.85303, "delta": 8.386855}}
{"target": -30.11308605154493, "params": {"momentum_down": 0.7421591251040153, "momentum_up": 0.08254254996848202, "mu_down": 0.30024263553170905, "mu_up": 0.00829297342904624}, "datetime": {"datetime": "2024-01-23 21:01:54", "elapsed": 1521.071597, "delta": 5.218567}}
{"target": -40.12671878350221, "params": {"momentum_down": 0.5739443935107577, "momentum_up": 0.7844541001080496, "mu_down": 0.36929361767570235, "mu_up": 0.005784745796691709}, "datetime": {"datetime": "2024-01-23 21:01:55", "elapsed": 1521.971535, "delta": 0.899938}}
{"target": -70.21575690652134, "params": {"momentum_down": 0.7310235391739957, "momentum_up": 0.06796825319001228, "mu_down": 0.3041136186661524, "mu_up": 0.001980657767457585}, "datetime": {"datetime": "2024-01-23 21:02:10", "elapsed": 1536.692625, "delta": 14.72109}}
