{"target": -80.19746171426888, "params": {"mu_down": 0.16830526423878076, "mu_up": 0.008595031945566538}, "datetime": {"datetime": "2024-07-11 22:19:53", "elapsed": 2210.032206, "delta": 11.648295}}
{"target": -351.2846576246263, "params": {"mu_down": 0.08050361966747319, "mu_up": 0.0004412107368084434}, "datetime": {"datetime": "2024-07-11 22:20:04", "elapsed": 2220.854186, "delta": 10.82198}}
{"target": -60.22315251812852, "params": {"mu_down": 0.21778059067379618, "mu_up": 0.009964293065352934}, "datetime": {"datetime": "2024-07-11 22:20:18", "elapsed": 2234.810912, "delta": 13.956726}}
{"target": -70.2342267349604, "params": {"mu_down": 0.18923671589604657, "mu_up": 0.006935114982464568}, "datetime": {"datetime": "2024-07-11 22:20:28", "elapsed": 2244.968582, "delta": 10.15767}}
{"target": -80.28746756407641, "params": {"mu_down": 0.15059347909712462, "mu_up": 0.006995036558458057}, "datetime": {"datetime": "2024-07-11 22:20:38", "elapsed": 2254.35614, "delta": 9.387558}}
{"target": -80.25290010318328, "params": {"mu_down": 0.1671668096311396, "mu_up": 0.004875136851498057}, "datetime": {"datetime": "2024-07-11 22:20:54", "elapsed": 2270.883372, "delta": 16.527232}}
{"target": -60.2356199779316, "params": {"mu_down": 0.2153190485780941, "mu_up": 0.01}, "datetime": {"datetime": "2024-07-11 22:21:06", "elapsed": 2282.265474, "delta": 11.382102}}
{"target": -90.23311318832788, "params": {"mu_down": 0.14289630245586638, "mu_up": 0.008742543742438052}, "datetime": {"datetime": "2024-07-11 22:21:20", "elapsed": 2297.03839, "delta": 14.772916}}
{"target": -90.2662113264, "params": {"mu_down": 0.13741499419983272, "mu_up": 0.006829485499127452}, "datetime": {"datetime": "2024-07-11 22:21:28", "elapsed": 2304.993447, "delta": 7.955057}}
{"target": -70.29319569276602, "params": {"mu_down": 0.17043139544353558, "mu_up": 0.008791948119975197}, "datetime": {"datetime": "2024-07-11 22:21:45", "elapsed": 2321.999254, "delta": 17.005807}}
{"target": -100.28963161147782, "params": {"mu_down": 0.13873232268723168, "mu_up": 0.0022244476568033574}, "datetime": {"datetime": "2024-07-11 22:22:02", "elapsed": 2338.335545, "delta": 16.336291}}
{"target": -70.20588995823671, "params": {"mu_down": 0.18944849084884868, "mu_up": 0.009882395422813968}, "datetime": {"datetime": "2024-07-11 22:22:12", "elapsed": 2349.035397, "delta": 10.699852}}
{"target": -100.22824434894457, "params": {"mu_down": 0.12955912786966844, "mu_up": 0.006091547566072352}, "datetime": {"datetime": "2024-07-11 22:22:28", "elapsed": 2364.322633, "delta": 15.287236}}
{"target": -70.28704810201978, "params": {"mu_down": 0.1769939699967758, "mu_up": 0.0067951354869892535}, "datetime": {"datetime": "2024-07-11 22:22:37", "elapsed": 2373.490612, "delta": 9.167979}}
{"target": -190.2624419417294, "params": {"mu_down": 0.06566363156999122, "mu_up": 0.005251628648390561}, "datetime": {"datetime": "2024-07-11 22:22:53", "elapsed": 2389.419459, "delta": 15.928847}}
{"target": -60.262487172136815, "params": {"mu_down": 0.20952601071658658, "mu_up": 0.008534263520236677}, "datetime": {"datetime": "2024-07-11 22:23:04", "elapsed": 2400.515827, "delta": 11.096368}}
{"target": -60.25919588369996, "params": {"mu_down": 0.20834163812174045, "mu_up": 0.01}, "datetime": {"datetime": "2024-07-11 22:23:14", "elapsed": 2410.791249, "delta": 10.275422}}
{"target": -70.20142485154736, "params": {"mu_down": 0.21146119250373904, "mu_up": 0.003731154467486665}, "datetime": {"datetime": "2024-07-11 22:23:26", "elapsed": 2423.125285, "delta": 12.334036}}
{"target": -130.28579926746025, "params": {"mu_down": 0.09348813265668343, "mu_up": 0.004729697530087412}, "datetime": {"datetime": "2024-07-11 22:23:47", "elapsed": 2443.295995, "delta": 20.17071}}
{"target": -80.2189937983249, "params": {"mu_down": 0.16336395043751417, "mu_up": 0.008625513343565212}, "datetime": {"datetime": "2024-07-11 22:23:59", "elapsed": 2455.891349, "delta": 12.595354}}
{"target": -80.25992161151581, "params": {"mu_down": 0.2156898818755438, "mu_up": 0.0019518678628529052}, "datetime": {"datetime": "2024-07-11 22:24:17", "elapsed": 2474.052937, "delta": 18.161588}}
{"target": -70.21411932079609, "params": {"mu_down": 0.19698162744306286, "mu_up": 0.006249377500185629}, "datetime": {"datetime": "2024-07-11 22:24:41", "elapsed": 2497.675726, "delta": 23.622789}}
{"target": -90.27943140824419, "params": {"mu_down": 0.14404207399088753, "mu_up": 0.004241360202539635}, "datetime": {"datetime": "2024-07-11 22:24:59", "elapsed": 2515.656951, "delta": 17.981225}}
{"target": -70.20815839101493, "params": {"mu_down": 0.20191081190957627, "mu_up": 0.005538955810619028}, "datetime": {"datetime": "2024-07-11 22:25:12", "elapsed": 2528.646528, "delta": 12.989577}}
{"target": -80.23237397900718, "params": {"mu_down": 0.16057716554301768, "mu_up": 0.00879670625297407}, "datetime": {"datetime": "2024-07-11 22:25:30", "elapsed": 2546.986954, "delta": 18.340426}}
{"target": -90.20996134391787, "params": {"mu_down": 0.14747197044359628, "mu_up": 0.007312037690126972}, "datetime": {"datetime": "2024-07-11 22:25:41", "elapsed": 2557.897199, "delta": 10.910245}}
{"target": -70.22176192465496, "params": {"mu_down": 0.20575310671161967, "mu_up": 0.003583605172655414}, "datetime": {"datetime": "2024-07-11 22:25:56", "elapsed": 2572.376813, "delta": 14.479614}}
{"target": -80.20127435873022, "params": {"mu_down": 0.17262283162139622, "mu_up": 0.006567044416766072}, "datetime": {"datetime": "2024-07-11 22:26:09", "elapsed": 2585.920938, "delta": 13.544125}}
{"target": -80.25149976129266, "params": {"mu_down": 0.16957239561323711, "mu_up": 0.004426899352247016}, "datetime": {"datetime": "2024-07-11 22:26:22", "elapsed": 2598.683667, "delta": 12.762729}}
{"target": -160.27599021543503, "params": {"mu_down": 0.07432605599560937, "mu_up": 0.009953942268872834}, "datetime": {"datetime": "2024-07-11 22:26:33", "elapsed": 2609.38245, "delta": 10.698783}}
{"target": -70.27172275688731, "params": {"mu_down": 0.1746315690056744, "mu_up": 0.0084750183480737}, "datetime": {"datetime": "2024-07-11 22:26:45", "elapsed": 2622.080958, "delta": 12.698508}}
{"target": -80.27979222546479, "params": {"mu_down": 0.15738158645219547, "mu_up": 0.00564480080453682}, "datetime": {"datetime": "2024-07-11 22:27:00", "elapsed": 2636.886567, "delta": 14.805609}}
{"target": -90.29642901216927, "params": {"mu_down": 0.1326984030754647, "mu_up": 0.008808784426954153}, "datetime": {"datetime": "2024-07-11 22:27:12", "elapsed": 2648.311829, "delta": 11.425262}}
{"target": -80.21817152887724, "params": {"mu_down": 0.16340838885518894, "mu_up": 0.01}, "datetime": {"datetime": "2024-07-11 22:27:27", "elapsed": 2663.784991, "delta": 15.473162}}
{"target": -70.18803722198116, "params": {"mu_down": 0.20132671652872447, "mu_up": 0.007395546972163509}, "datetime": {"datetime": "2024-07-11 22:27:45", "elapsed": 2682.023653, "delta": 18.238662}}
{"target": -60.24637874138877, "params": {"mu_down": 0.2108049375573832, "mu_up": 0.01}, "datetime": {"datetime": "2024-07-11 22:27:57", "elapsed": 2693.958644, "delta": 11.934991}}
{"target": -70.21439414197482, "params": {"mu_down": 0.1939632950734836, "mu_up": 0.007127403896005895}, "datetime": {"datetime": "2024-07-11 22:28:17", "elapsed": 2713.652217, "delta": 19.693573}}
{"target": -120.28209883089232, "params": {"mu_down": 0.101473240513059, "mu_up": 0.007207275554989809}, "datetime": {"datetime": "2024-07-11 22:28:30", "elapsed": 2726.627489, "delta": 12.975272}}
{"target": -70.23835772206174, "params": {"mu_down": 0.19749333003672892, "mu_up": 0.004534399502367194}, "datetime": {"datetime": "2024-07-11 22:28:46", "elapsed": 2742.730459, "delta": 16.10297}}
{"target": -60.29770567500494, "params": {"mu_down": 0.21288925771388653, "mu_up": 0.005133446129807615}, "datetime": {"datetime": "2024-07-11 22:29:00", "elapsed": 2756.631753, "delta": 13.901294}}
{"target": -80.27014906845272, "params": {"mu_down": 0.1535264197747504, "mu_up": 0.0072587668707541205}, "datetime": {"datetime": "2024-07-11 22:29:12", "elapsed": 2769.111243, "delta": 12.47949}}
{"target": -60.26428700107367, "params": {"mu_down": 0.21477078984794473, "mu_up": 0.006969653609643175}, "datetime": {"datetime": "2024-07-11 22:29:30", "elapsed": 2787.098908, "delta": 17.987665}}
{"target": -80.2286175332796, "params": {"mu_down": 0.16512102104369042, "mu_up": 0.0064575083192761045}, "datetime": {"datetime": "2024-07-11 22:29:49", "elapsed": 2805.17571, "delta": 18.076802}}
{"target": -70.248055143741, "params": {"mu_down": 0.1920994304251769, "mu_up": 0.005184894307848087}, "datetime": {"datetime": "2024-07-11 22:30:02", "elapsed": 2818.381342, "delta": 13.205632}}
{"target": -110.24503751973462, "params": {"mu_down": 0.1147881585489896, "mu_up": 0.004836521292966414}, "datetime": {"datetime": "2024-07-11 22:30:26", "elapsed": 2842.145528, "delta": 23.764186}}
{"target": -100.24115734694932, "params": {"mu_down": 0.21272846921404137, "mu_up": 0.0014373818889632385}, "datetime": {"datetime": "2024-07-11 22:30:39", "elapsed": 2855.281916, "delta": 13.136388}}
{"target": -90.25611497111055, "params": {"mu_down": 0.14770135376982263, "mu_up": 0.004378836654044647}, "datetime": {"datetime": "2024-07-11 22:30:56", "elapsed": 2872.935732, "delta": 17.653816}}
{"target": -150.2455392889555, "params": {"mu_down": 0.08408828623564185, "mu_up": 0.00997388341457131}, "datetime": {"datetime": "2024-07-11 22:31:16", "elapsed": 2892.169076, "delta": 19.233344}}
{"target": -100.29293537900786, "params": {"mu_down": 0.12008447971132691, "mu_up": 0.007226032261802859}, "datetime": {"datetime": "2024-07-11 22:31:31", "elapsed": 2907.980685, "delta": 15.811609}}
{"target": -120.24223175232095, "params": {"mu_down": 0.10587011692742643, "mu_up": 0.009289992050385443}, "datetime": {"datetime": "2024-07-11 22:31:41", "elapsed": 2917.891855, "delta": 9.91117}}
{"target": -80.27218167479383, "params": {"mu_down": 0.15313836984930745, "mu_up": 0.008883254248454658}, "datetime": {"datetime": "2024-07-11 22:31:57", "elapsed": 2933.578437, "delta": 15.686582}}
{"target": -70.20263415523641, "params": {"mu_down": 0.19922508972184788, "mu_up": 0.0065870887237169376}, "datetime": {"datetime": "2024-07-11 22:32:08", "elapsed": 2944.836189, "delta": 11.257752}}
{"target": -90.2321891360534, "params": {"mu_down": 0.16216217581068249, "mu_up": 0.0030892405878068735}, "datetime": {"datetime": "2024-07-11 22:32:31", "elapsed": 2967.52966, "delta": 22.693471}}
{"target": -80.29686319947943, "params": {"mu_down": 0.159943364516496, "mu_up": 0.004361740394483635}, "datetime": {"datetime": "2024-07-11 22:32:44", "elapsed": 2980.278164, "delta": 12.748504}}
{"target": -60.26863952888457, "params": {"mu_down": 0.20446057687904515, "mu_up": 0.009054178659704648}, "datetime": {"datetime": "2024-07-11 22:33:02", "elapsed": 2998.326288, "delta": 18.048124}}
{"target": -60.26210517131551, "params": {"mu_down": 0.21748004313861602, "mu_up": 0.006172244397118028}, "datetime": {"datetime": "2024-07-11 22:33:14", "elapsed": 3010.136741, "delta": 11.810453}}
{"target": -100.22968427748545, "params": {"mu_down": 0.12916655827627033, "mu_up": 0.00868264326946268}, "datetime": {"datetime": "2024-07-11 22:33:38", "elapsed": 3034.424294, "delta": 24.287553}}
{"target": -90.27126157365714, "params": {"mu_down": 0.13612813144291203, "mu_up": 0.01}, "datetime": {"datetime": "2024-07-11 22:33:49", "elapsed": 3045.893176, "delta": 11.468882}}
{"target": -80.19738067954262, "params": {"mu_down": 0.18641267897437447, "mu_up": 0.003878756430783033}, "datetime": {"datetime": "2024-07-11 22:34:10", "elapsed": 3066.153161, "delta": 20.259985}}
{"target": -70.2710397912612, "params": {"mu_down": 0.19183678115174108, "mu_up": 0.003717484755324401}, "datetime": {"datetime": "2024-07-11 22:34:27", "elapsed": 3083.54282, "delta": 17.389659}}
{"target": -70.20311057401231, "params": {"mu_down": 0.20792441091114833, "mu_up": 0.004202192135957682}, "datetime": {"datetime": "2024-07-11 22:34:45", "elapsed": 3101.929567, "delta": 18.386747}}
{"target": -60.22388351346429, "params": {"mu_down": 0.21887559653350552, "mu_up": 0.008948884948159621}, "datetime": {"datetime": "2024-07-11 22:35:00", "elapsed": 3116.776602, "delta": 14.847035}}
{"target": -100.26501306350475, "params": {"mu_down": 0.12311974112088886, "mu_up": 0.004942922461117971}, "datetime": {"datetime": "2024-07-11 22:35:15", "elapsed": 3131.363299, "delta": 14.586697}}
{"target": -110.22836746499586, "params": {"mu_down": 0.13752213585272816, "mu_up": 0.0020614524815051717}, "datetime": {"datetime": "2024-07-11 22:35:30", "elapsed": 3146.627483, "delta": 15.264184}}
{"target": -60.29349743219459, "params": {"mu_down": 0.1986808919671585, "mu_up": 0.008876424535513731}, "datetime": {"datetime": "2024-07-11 22:35:51", "elapsed": 3167.946945, "delta": 21.319462}}
{"target": -70.22642019973362, "params": {"mu_down": 0.20123412306922778, "mu_up": 0.00443079847602563}, "datetime": {"datetime": "2024-07-11 22:36:05", "elapsed": 3181.58055, "delta": 13.633605}}
{"target": -70.22282130360315, "params": {"mu_down": 0.18503559222095772, "mu_up": 0.009986672098625023}, "datetime": {"datetime": "2024-07-11 22:36:25", "elapsed": 3201.738963, "delta": 20.158413}}
{"target": -70.22058563265514, "params": {"mu_down": 0.18580133217447276, "mu_up": 0.008631437736131162}, "datetime": {"datetime": "2024-07-11 22:36:41", "elapsed": 3217.310707, "delta": 15.571744}}
{"target": -70.19093704538113, "params": {"mu_down": 0.19381696838799262, "mu_up": 0.009943703914809246}, "datetime": {"datetime": "2024-07-11 22:36:54", "elapsed": 3230.313776, "delta": 13.003069}}
