{"target": -60.28628357152457, "params": {"mu_down": 0.208511002351287, "mu_up": 0.007206041689487159}, "datetime": {"datetime": "2024-07-11 21:43:03", "elapsed": 0.0, "delta": 0.0}}
{"target": -2248.2132760693753, "params": {"mu_down": 5.718740867244332e-05, "mu_up": 0.0030303024005920794}, "datetime": {"datetime": "2024-07-11 21:43:06", "elapsed": 2.543405, "delta": 2.543405}}
{"target": -221.2930367210162, "params": {"mu_down": 0.07337794540855652, "mu_up": 0.0009324625617402901}, "datetime": {"datetime": "2024-07-11 21:43:06", "elapsed": 2.782298, "delta": 0.238893}}
{"target": -130.2817668699462, "params": {"mu_down": 0.09313010568883545, "mu_up": 0.0034621516631600474}, "datetime": {"datetime": "2024-07-11 21:43:06", "elapsed": 2.923214, "delta": 0.140916}}
{"target": -70.22248502358292, "params": {"mu_down": 0.19838373711533497, "mu_up": 0.005392779172693536}, "datetime": {"datetime": "2024-07-11 21:43:06", "elapsed": 3.000741, "delta": 0.077527}}
{"target": -60.286548162752965, "params": {"mu_down": 0.2095972572016474, "mu_up": 0.006855342808963627}, "datetime": {"datetime": "2024-07-11 21:43:06", "elapsed": 3.067847, "delta": 0.067106}}
{"target": -120.27267741837208, "params": {"mu_down": 0.10222612486575872, "mu_up": 0.008782393189545545}, "datetime": {"datetime": "2024-07-11 21:43:07", "elapsed": 3.198906, "delta": 0.131059}}
{"target": -894.2893309709118, "params": {"mu_down": 0.013693796598963082, "mu_up": 0.006707970426682238}, "datetime": {"datetime": "2024-07-11 21:43:08", "elapsed": 4.149372, "delta": 0.950466}}
{"target": -70.18516871772005, "params": {"mu_down": 0.20865240118356349, "mu_up": 0.005591311386173059}, "datetime": {"datetime": "2024-07-11 21:43:08", "elapsed": 4.226233, "delta": 0.076861}}
{"target": -190.25552168801954, "params": {"mu_down": 0.07019346929761688, "mu_up": 0.0019890338759579393}, "datetime": {"datetime": "2024-07-11 21:43:08", "elapsed": 4.429969, "delta": 0.203736}}
{"target": -2300.0, "params": {"mu_down": 0.40037228433776834, "mu_up": 0.009682933141436782}, "datetime": {"datetime": "2024-07-11 21:43:08", "elapsed": 4.442419, "delta": 0.01245}}
{"target": -80.25303344124403, "params": {"mu_down": 0.15671208907962142, "mu_up": 0.006926302930536448}, "datetime": {"datetime": "2024-07-11 21:43:08", "elapsed": 4.530173, "delta": 0.087754}}
{"target": -2300.0, "params": {"mu_down": 0.43819457614801915, "mu_up": 0.008947120568403435}, "datetime": {"datetime": "2024-07-11 21:43:08", "elapsed": 4.542598, "delta": 0.012425}}
{"target": -482.29273371742, "params": {"mu_down": 0.042522105684888956, "mu_up": 0.00040015728449649483}, "datetime": {"datetime": "2024-07-11 21:43:08", "elapsed": 5.059462, "delta": 0.516864}}
{"target": -150.24072889101043, "params": {"mu_down": 0.08491520978228445, "mu_up": 0.008782643609259837}, "datetime": {"datetime": "2024-07-11 21:43:09", "elapsed": 5.222366, "delta": 0.162904}}
{"target": -251.27069617554884, "params": {"mu_down": 0.04917341691652505, "mu_up": 0.004216865173800471}, "datetime": {"datetime": "2024-07-11 21:43:09", "elapsed": 5.491061, "delta": 0.268695}}
{"target": -2300.0, "params": {"mu_down": 0.47894476507525097, "mu_up": 0.0053363211968804405}, "datetime": {"datetime": "2024-07-11 21:43:09", "elapsed": 5.503511, "delta": 0.01245}}
{"target": -2300.0, "params": {"mu_down": 0.3459385569752367, "mu_up": 0.003162001153750569}, "datetime": {"datetime": "2024-07-11 21:43:09", "elapsed": 5.548089, "delta": 0.044578}}
{"target": -2300.0, "params": {"mu_down": 0.34325046384079183, "mu_up": 0.008347910462254755}, "datetime": {"datetime": "2024-07-11 21:43:09", "elapsed": 5.592282, "delta": 0.044193}}
{"target": -1336.2944604875618, "params": {"mu_down": 0.009144138672095903, "mu_up": 0.007503941706300225}, "datetime": {"datetime": "2024-07-11 21:43:10", "elapsed": 7.021548, "delta": 1.429266}}
{"target": -221.27672508850839, "params": {"mu_down": 0.0733277562933885, "mu_up": 0.0009634615699362247}, "datetime": {"datetime": "2024-07-11 21:43:11", "elapsed": 7.317676, "delta": 0.296128}}
{"target": -2300.0, "params": {"mu_down": 0.26108794453000733, "mu_up": 0.01}, "datetime": {"datetime": "2024-07-11 21:43:11", "elapsed": 7.827143, "delta": 0.509467}}
{"target": -2004.7146626932808, "params": {"mu_down": 0.13036589812415336, "mu_up": 1e-05}, "datetime": {"datetime": "2024-07-11 21:43:14", "elapsed": 10.279286, "delta": 2.452143}}
{"target": -70.26948969395934, "params": {"mu_down": 0.17480757380920142, "mu_up": 0.01}, "datetime": {"datetime": "2024-07-11 21:43:14", "elapsed": 10.566869, "delta": 0.287583}}
{"target": -2004.4743348898417, "params": {"mu_down": 0.1695558835158714, "mu_up": 1e-05}, "datetime": {"datetime": "2024-07-11 21:43:17", "elapsed": 13.276923, "delta": 2.710054}}
{"target": -2004.377781351083, "params": {"mu_down": 0.22907056465134074, "mu_up": 1e-05}, "datetime": {"datetime": "2024-07-11 21:43:19", "elapsed": 15.675409, "delta": 2.398486}}
{"target": -2004.2573631217315, "params": {"mu_down": 0.3016272656860221, "mu_up": 1e-05}, "datetime": {"datetime": "2024-07-11 21:43:21", "elapsed": 18.048908, "delta": 2.373499}}
{"target": -70.21116505133408, "params": {"mu_down": 0.18808503013087924, "mu_up": 0.00999337955871354}, "datetime": {"datetime": "2024-07-11 21:43:22", "elapsed": 18.357721, "delta": 0.308813}}
{"target": -371.29986962599963, "params": {"mu_down": 0.032208428538127026, "mu_up": 0.01}, "datetime": {"datetime": "2024-07-11 21:43:22", "elapsed": 19.011725, "delta": 0.654004}}
{"target": -80.2972577341024, "params": {"mu_down": 0.14883669076891315, "mu_up": 0.009979150576511522}, "datetime": {"datetime": "2024-07-11 21:43:23", "elapsed": 19.390697, "delta": 0.378972}}
{"target": -201.27308953920817, "params": {"mu_down": 0.059682408358019634, "mu_up": 0.009901092501964194}, "datetime": {"datetime": "2024-07-11 21:43:23", "elapsed": 19.88749, "delta": 0.496793}}
{"target": -80.22401719322158, "params": {"mu_down": 0.16203350747473744, "mu_up": 0.009837179273577596}, "datetime": {"datetime": "2024-07-11 21:43:24", "elapsed": 20.230681, "delta": 0.343191}}
{"target": -2000.7202529330823, "params": {"mu_down": 0.058266892498302025, "mu_up": 6.153512671145333e-05}, "datetime": {"datetime": "2024-07-11 21:43:26", "elapsed": 22.976278, "delta": 2.745597}}
{"target": -271.2780361443762, "params": {"mu_down": 0.04451375016996255, "mu_up": 0.01}, "datetime": {"datetime": "2024-07-11 21:43:27", "elapsed": 23.520339, "delta": 0.544061}}
{"target": -170.2485427933144, "params": {"mu_down": 0.07227643232969294, "mu_up": 0.009854603043453265}, "datetime": {"datetime": "2024-07-11 21:43:27", "elapsed": 24.02527, "delta": 0.504931}}
{"target": -2004.7062564257935, "params": {"mu_down": 0.10670401939731024, "mu_up": 1e-05}, "datetime": {"datetime": "2024-07-11 21:43:30", "elapsed": 26.474825, "delta": 2.449555}}
{"target": -2300.0, "params": {"mu_down": 0.37328152138995413, "mu_up": 0.00014132697345285199}, "datetime": {"datetime": "2024-07-11 21:43:30", "elapsed": 26.80573, "delta": 0.330905}}
{"target": -130.26780746851557, "params": {"mu_down": 0.09469784287096061, "mu_up": 0.009956974372806498}, "datetime": {"datetime": "2024-07-11 21:43:31", "elapsed": 27.343518, "delta": 0.537788}}
{"target": -2300.0, "params": {"mu_down": 0.5, "mu_up": 1e-05}, "datetime": {"datetime": "2024-07-11 21:43:31", "elapsed": 27.704974, "delta": 0.361456}}
{"target": -2011.63438694958, "params": {"mu_down": 0.026466729066998828, "mu_up": 1e-05}, "datetime": {"datetime": "2024-07-11 21:43:34", "elapsed": 30.379125, "delta": 2.674151}}
{"target": -773.2937582887439, "params": {"mu_down": 0.18966139933725268, "mu_up": 0.0002009182375450736}, "datetime": {"datetime": "2024-07-11 21:43:35", "elapsed": 31.922178, "delta": 1.543053}}
{"target": -713.2955615019927, "params": {"mu_down": 0.08442059296037507, "mu_up": 0.00021049178008871117}, "datetime": {"datetime": "2024-07-11 21:43:37", "elapsed": 33.1942, "delta": 1.272022}}
{"target": -301.2763151959291, "params": {"mu_down": 0.1472111788131552, "mu_up": 0.000475195079594533}, "datetime": {"datetime": "2024-07-11 21:43:37", "elapsed": 33.978789, "delta": 0.784589}}
{"target": -2300.0, "params": {"mu_down": 0.32002448747516976, "mu_up": 0.00969796102771249}, "datetime": {"datetime": "2024-07-11 21:43:38", "elapsed": 34.526045, "delta": 0.547256}}
{"target": -2004.280580552425, "params": {"mu_down": 0.28067533539790146, "mu_up": 1e-05}, "datetime": {"datetime": "2024-07-11 21:43:40", "elapsed": 37.088771, "delta": 2.562726}}
{"target": -60.299221935960205, "params": {"mu_down": 0.19742968644320974, "mu_up": 0.009938532384783908}, "datetime": {"datetime": "2024-07-11 21:43:41", "elapsed": 37.524133, "delta": 0.435362}}
{"target": -2300.0, "params": {"mu_down": 0.4578776801621001, "mu_up": 1e-05}, "datetime": {"datetime": "2024-07-11 21:43:41", "elapsed": 38.010371, "delta": 0.486238}}
{"target": -60.21795991538127, "params": {"mu_down": 0.218785792360619, "mu_up": 0.009945654270947313}, "datetime": {"datetime": "2024-07-11 21:43:42", "elapsed": 38.595515, "delta": 0.585144}}
{"target": -70.23887508908392, "params": {"mu_down": 0.18123474141165488, "mu_up": 0.01}, "datetime": {"datetime": "2024-07-11 21:43:43", "elapsed": 39.490102, "delta": 0.894587}}
{"target": -1366.2994799644837, "params": {"mu_down": 0.20219438892715685, "mu_up": 7.503848944579667e-05}, "datetime": {"datetime": "2024-07-11 21:43:45", "elapsed": 41.627202, "delta": 2.1371}}
{"target": -2300.0, "params": {"mu_down": 0.41833670514371596, "mu_up": 6.824547995440358e-05}, "datetime": {"datetime": "2024-07-11 21:43:45", "elapsed": 42.005129, "delta": 0.377927}}
{"target": -60.285178280480416, "params": {"mu_down": 0.20162086634703366, "mu_up": 0.01}, "datetime": {"datetime": "2024-07-11 21:43:46", "elapsed": 42.518551, "delta": 0.513422}}
{"target": -150.2967836855974, "params": {"mu_down": 0.07908476904472714, "mu_up": 0.01}, "datetime": {"datetime": "2024-07-11 21:43:47", "elapsed": 43.168142, "delta": 0.649591}}
{"target": -90.24844181344682, "params": {"mu_down": 0.13997130596361057, "mu_up": 0.01}, "datetime": {"datetime": "2024-07-11 21:43:47", "elapsed": 43.745447, "delta": 0.577305}}
{"target": -60.27267033529416, "params": {"mu_down": 0.20393596028388294, "mu_up": 0.009966289791581304}, "datetime": {"datetime": "2024-07-11 21:43:48", "elapsed": 44.517244, "delta": 0.771797}}
{"target": -231.27217097846867, "params": {"mu_down": 0.052301380523257834, "mu_up": 0.009863633081682607}, "datetime": {"datetime": "2024-07-11 21:43:49", "elapsed": 45.439021, "delta": 0.921777}}
{"target": -110.26642809261853, "params": {"mu_down": 0.11223854921302356, "mu_up": 0.009948245084205744}, "datetime": {"datetime": "2024-07-11 21:43:49", "elapsed": 46.012826, "delta": 0.573805}}
{"target": -100.27272294561989, "params": {"mu_down": 0.12250755889599058, "mu_up": 0.009993494795895489}, "datetime": {"datetime": "2024-07-11 21:43:50", "elapsed": 46.678897, "delta": 0.666071}}
{"target": -100.22021334188014, "params": {"mu_down": 0.13077441074424867, "mu_up": 0.009971541934512456}, "datetime": {"datetime": "2024-07-11 21:43:51", "elapsed": 47.390151, "delta": 0.711254}}
{"target": -80.25629602960367, "params": {"mu_down": 0.15602292845554244, "mu_up": 0.009991561013175288}, "datetime": {"datetime": "2024-07-11 21:43:51", "elapsed": 47.934413, "delta": 0.544262}}
{"target": -2004.4906660484548, "params": {"mu_down": 0.15404609775473233, "mu_up": 1e-05}, "datetime": {"datetime": "2024-07-11 21:43:55", "elapsed": 51.551341, "delta": 3.616928}}
{"target": -90.2883467122471, "params": {"mu_down": 0.142472855007642, "mu_up": 0.004242763038121613}, "datetime": {"datetime": "2024-07-11 21:43:56", "elapsed": 52.233349, "delta": 0.682008}}
{"target": -100.29805970118029, "params": {"mu_down": 0.2161478795939595, "mu_up": 0.0012692941139572673}, "datetime": {"datetime": "2024-07-11 21:43:56", "elapsed": 52.878672, "delta": 0.645323}}
{"target": -2300.0, "params": {"mu_down": 0.24047453027688837, "mu_up": 0.009948923192232772}, "datetime": {"datetime": "2024-07-11 21:43:57", "elapsed": 53.961272, "delta": 1.0826}}
{"target": -552.2945988803594, "params": {"mu_down": 0.021936156037871135, "mu_up": 0.009975029714559793}, "datetime": {"datetime": "2024-07-11 21:43:59", "elapsed": 55.166849, "delta": 1.205577}}
{"target": -180.27379465554864, "params": {"mu_down": 0.06643123522225608, "mu_up": 0.009935632278201833}, "datetime": {"datetime": "2024-07-11 21:43:59", "elapsed": 55.876995, "delta": 0.710146}}
{"target": -60.270388435595926, "params": {"mu_down": 0.21620981055896418, "mu_up": 0.005986848293750077}, "datetime": {"datetime": "2024-07-11 21:44:00", "elapsed": 56.480191, "delta": 0.603196}}
{"target": -90.2306153620277, "params": {"mu_down": 0.14685785290263162, "mu_up": 0.005690632459040774}, "datetime": {"datetime": "2024-07-11 21:44:01", "elapsed": 57.421079, "delta": 0.940888}}
{"target": -70.22518825650883, "params": {"mu_down": 0.1925837235443148, "mu_up": 0.006570695140998507}, "datetime": {"datetime": "2024-07-11 21:44:02", "elapsed": 58.645605, "delta": 1.224526}}
{"target": -80.20017432888328, "params": {"mu_down": 0.16754781853344103, "mu_up": 0.009785963451555106}, "datetime": {"datetime": "2024-07-11 21:44:03", "elapsed": 59.510923, "delta": 0.865318}}
{"target": -120.2310280744303, "params": {"mu_down": 0.10727610470397386, "mu_up": 0.009995301946243205}, "datetime": {"datetime": "2024-07-11 21:44:04", "elapsed": 60.411148, "delta": 0.900225}}
{"target": -110.23159005361781, "params": {"mu_down": 0.117112566180195, "mu_up": 0.009987540860524462}, "datetime": {"datetime": "2024-07-11 21:44:04", "elapsed": 61.057943, "delta": 0.646795}}
{"target": -60.229399901971036, "params": {"mu_down": 0.21400366332022835, "mu_up": 0.009895269610483344}, "datetime": {"datetime": "2024-07-11 21:44:05", "elapsed": 61.82188, "delta": 0.763937}}
{"target": -70.27837006311238, "params": {"mu_down": 0.18334850135706482, "mu_up": 0.005587608800520054}, "datetime": {"datetime": "2024-07-11 21:44:06", "elapsed": 62.572044, "delta": 0.750164}}
{"target": -160.2794183290903, "params": {"mu_down": 0.07657579305561157, "mu_up": 0.005251439681127989}, "datetime": {"datetime": "2024-07-11 21:44:07", "elapsed": 63.742372, "delta": 1.170328}}
{"target": -301.2938440854675, "params": {"mu_down": 0.039177581896912235, "mu_up": 0.006942806896996004}, "datetime": {"datetime": "2024-07-11 21:44:09", "elapsed": 65.456807, "delta": 1.714435}}
{"target": -140.24993559005077, "params": {"mu_down": 0.09022734628361512, "mu_up": 0.007097729155649715}, "datetime": {"datetime": "2024-07-11 21:44:10", "elapsed": 66.560709, "delta": 1.103902}}
{"target": -90.22501465883339, "params": {"mu_down": 0.14422139390639777, "mu_up": 0.009664038537278978}, "datetime": {"datetime": "2024-07-11 21:44:11", "elapsed": 67.545924, "delta": 0.985215}}
{"target": -954.2927142769507, "params": {"mu_down": 0.14250607647810304, "mu_up": 0.00016986545164244905}, "datetime": {"datetime": "2024-07-11 21:44:13", "elapsed": 69.585191, "delta": 2.039267}}
{"target": -2300.0, "params": {"mu_down": 0.29108796442952434, "mu_up": 0.01}, "datetime": {"datetime": "2024-07-11 21:44:14", "elapsed": 70.485821, "delta": 0.90063}}
{"target": -2300.0, "params": {"mu_down": 0.36121542897633935, "mu_up": 0.009823785546639357}, "datetime": {"datetime": "2024-07-11 21:44:15", "elapsed": 71.471204, "delta": 0.985383}}
{"target": -130.2512143672884, "params": {"mu_down": 0.09722461368822899, "mu_up": 0.006055613221783898}, "datetime": {"datetime": "2024-07-11 21:44:16", "elapsed": 72.706472, "delta": 1.235268}}
{"target": -130.29215743054348, "params": {"mu_down": 0.21236247469697556, "mu_up": 0.001004756916490936}, "datetime": {"datetime": "2024-07-11 21:44:17", "elapsed": 73.708936, "delta": 1.002464}}
{"target": -120.29868043924037, "params": {"mu_down": 0.09923427778613375, "mu_up": 0.01}, "datetime": {"datetime": "2024-07-11 21:44:18", "elapsed": 74.538145, "delta": 0.829209}}
{"target": -90.28161760685313, "params": {"mu_down": 0.1346954828420584, "mu_up": 0.009977046734434565}, "datetime": {"datetime": "2024-07-11 21:44:19", "elapsed": 75.345157, "delta": 0.807012}}
{"target": -70.28455921283667, "params": {"mu_down": 0.17846117739852352, "mu_up": 0.00655767651404382}, "datetime": {"datetime": "2024-07-11 21:44:20", "elapsed": 76.150815, "delta": 0.805658}}
{"target": -261.2822128595229, "params": {"mu_down": 0.0453695229320043, "mu_up": 0.005254159235947819}, "datetime": {"datetime": "2024-07-11 21:44:21", "elapsed": 77.16809, "delta": 1.017275}}
{"target": -180.26262594996348, "params": {"mu_down": 0.06918044788973404, "mu_up": 0.006136035550063505}, "datetime": {"datetime": "2024-07-11 21:44:21", "elapsed": 77.971105, "delta": 0.803015}}
{"target": -2300.0, "params": {"mu_down": 0.22389156695352042, "mu_up": 0.01}, "datetime": {"datetime": "2024-07-11 21:44:23", "elapsed": 79.301225, "delta": 1.33012}}
{"target": -2300.0, "params": {"mu_down": 0.3887598571703687, "mu_up": 6.846663671598697e-05}, "datetime": {"datetime": "2024-07-11 21:44:23", "elapsed": 80.032825, "delta": 0.7316}}
{"target": -773.2939070359088, "params": {"mu_down": 0.24903130053434952, "mu_up": 0.00015106702871099155}, "datetime": {"datetime": "2024-07-11 21:44:25", "elapsed": 81.845273, "delta": 1.812448}}
{"target": -341.2796850867293, "params": {"mu_down": 0.1812351426251173, "mu_up": 0.0004315578557631804}, "datetime": {"datetime": "2024-07-11 21:44:27", "elapsed": 83.463173, "delta": 1.6179}}
{"target": -70.19487517445901, "params": {"mu_down": 0.19288816196363945, "mu_up": 0.009562788570227488}, "datetime": {"datetime": "2024-07-11 21:44:28", "elapsed": 84.6501, "delta": 1.186927}}
{"target": -80.27899762738186, "params": {"mu_down": 0.15200315091610905, "mu_up": 0.007708567959358257}, "datetime": {"datetime": "2024-07-11 21:44:29", "elapsed": 85.557533, "delta": 0.907433}}
{"target": -321.2826195796685, "params": {"mu_down": 0.037603299249570954, "mu_up": 0.00997693100565113}, "datetime": {"datetime": "2024-07-11 21:44:30", "elapsed": 86.82136, "delta": 1.263827}}
{"target": -70.18784609634751, "params": {"mu_down": 0.20254028475002578, "mu_up": 0.007023604278624315}, "datetime": {"datetime": "2024-07-11 21:44:31", "elapsed": 87.685146, "delta": 0.863786}}
{"target": -60.23320537688729, "params": {"mu_down": 0.21667864071622175, "mu_up": 0.01}, "datetime": {"datetime": "2024-07-11 21:44:32", "elapsed": 88.584665, "delta": 0.899519}}
{"target": -2004.2438310526454, "params": {"mu_down": 0.3300988199724827, "mu_up": 1e-05}, "datetime": {"datetime": "2024-07-11 21:44:35", "elapsed": 91.71401, "delta": 3.129345}}
{"target": -100.24549969010643, "params": {"mu_down": 0.1265543347977205, "mu_up": 0.009975043209491087}, "datetime": {"datetime": "2024-07-11 21:44:36", "elapsed": 92.540602, "delta": 0.826592}}
{"target": -2004.3339723020167, "params": {"mu_down": 0.25774234943514285, "mu_up": 1e-05}, "datetime": {"datetime": "2024-07-11 21:44:39", "elapsed": 95.781623, "delta": 3.241021}}
{"target": -140.25764575603813, "params": {"mu_down": 0.08895627416523966, "mu_up": 0.009916533209917694}, "datetime": {"datetime": "2024-07-11 21:44:40", "elapsed": 96.892018, "delta": 1.110395}}
{"target": -90.25588823222998, "params": {"mu_down": 0.13899294123840927, "mu_up": 0.006926064641783739}, "datetime": {"datetime": "2024-07-11 21:44:41", "elapsed": 97.975916, "delta": 1.083898}}
{"target": -70.2462607788832, "params": {"mu_down": 0.18779284332430451, "mu_up": 0.0064418100798042215}, "datetime": {"datetime": "2024-07-11 21:44:43", "elapsed": 99.250483, "delta": 1.274567}}
{"target": -2000.3604515531122, "params": {"mu_down": 0.0952591899150641, "mu_up": 8.478248812625546e-05}, "datetime": {"datetime": "2024-07-11 21:44:46", "elapsed": 102.153046, "delta": 2.902563}}
{"target": -110.25623358358119, "params": {"mu_down": 0.11832877728842034, "mu_up": 0.004140193733668885}, "datetime": {"datetime": "2024-07-11 21:44:47", "elapsed": 103.484941, "delta": 1.331895}}
{"target": -110.25162696676955, "params": {"mu_down": 0.11454406006775814, "mu_up": 0.00632885474143864}, "datetime": {"datetime": "2024-07-11 21:44:49", "elapsed": 105.421645, "delta": 1.936704}}
{"target": -130.2811102406721, "params": {"mu_down": 0.0938104176212631, "mu_up": 0.006320132520835111}, "datetime": {"datetime": "2024-07-11 21:44:51", "elapsed": 107.33153, "delta": 1.909885}}
{"target": -100.27387212608417, "params": {"mu_down": 0.12266521845166817, "mu_up": 0.006292232247238604}, "datetime": {"datetime": "2024-07-11 21:44:52", "elapsed": 108.636059, "delta": 1.304529}}
{"target": -140.26341740228938, "params": {"mu_down": 0.08919846335837794, "mu_up": 0.003999454026745652}, "datetime": {"datetime": "2024-07-11 21:44:53", "elapsed": 109.5508, "delta": 0.914741}}
{"target": -110.22555041069226, "params": {"mu_down": 0.1183768617628923, "mu_up": 0.006911522289606956}, "datetime": {"datetime": "2024-07-11 21:44:54", "elapsed": 110.976595, "delta": 1.425795}}
{"target": -2004.7115905416645, "params": {"mu_down": 0.11892983972889107, "mu_up": 1e-05}, "datetime": {"datetime": "2024-07-11 21:44:58", "elapsed": 114.553682, "delta": 3.577087}}
{"target": -2300.0, "params": {"mu_down": 0.4936851686631576, "mu_up": 0.009999289311635911}, "datetime": {"datetime": "2024-07-11 21:44:59", "elapsed": 115.577825, "delta": 1.024143}}
{"target": -2300.0, "params": {"mu_down": 0.4629371009463989, "mu_up": 0.009988559468259097}, "datetime": {"datetime": "2024-07-11 21:45:00", "elapsed": 116.678341, "delta": 1.100516}}
{"target": -150.275061586279, "params": {"mu_down": 0.08209773757733568, "mu_up": 0.004883666520444655}, "datetime": {"datetime": "2024-07-11 21:45:01", "elapsed": 117.729809, "delta": 1.051468}}
{"target": -70.19482554111087, "params": {"mu_down": 0.21306749823354992, "mu_up": 0.003911477204362495}, "datetime": {"datetime": "2024-07-11 21:45:03", "elapsed": 119.246689, "delta": 1.51688}}
