{"target": -190.29565958708514, "params": {"momentum_down": 0.04030078521828896, "momentum_up": 0.2981629048484303, "mu_down": 0.07919174485226688, "mu_up": 0.0007261788870558504}, "datetime": {"datetime": "2024-06-09 19:36:10", "elapsed": 469.501066, "delta": 4.166547}}
{"target": -50.25261021143134, "params": {"momentum_down": 0.18850872620061668, "momentum_up": 0.8857220210431566, "mu_down": 0.2363479546283137, "mu_up": 0.0019672912588094144}, "datetime": {"datetime": "2024-06-09 19:36:10", "elapsed": 470.168873, "delta": 0.667807}}
{"target": -120.2884078030387, "params": {"momentum_down": 0.24406389166521442, "momentum_up": 0.679498428750081, "mu_down": 0.07570378245210463, "mu_up": 0.0029162995241066208}, "datetime": {"datetime": "2024-06-09 19:36:13", "elapsed": 472.779629, "delta": 2.610756}}
{"target": -60.26664946818118, "params": {"momentum_down": 0.18333343911773337, "momentum_up": 0.6274459187395585, "mu_down": 0.17005882177321913, "mu_up": 0.004400368024116032}, "datetime": {"datetime": "2024-06-09 19:36:14", "elapsed": 474.092854, "delta": 1.313225}}
{"target": -30.06417504507339, "params": {"momentum_down": 0.913573707999112, "momentum_up": 0.380842790592227, "mu_down": 0.27267427909656305, "mu_up": 0.0067307062951497704}, "datetime": {"datetime": "2024-06-09 19:36:17", "elapsed": 476.552944, "delta": 2.46009}}
{"target": -50.27625526840769, "params": {"momentum_down": 0.5346171697821792, "momentum_up": 0.8059962737019152, "mu_down": 0.11244515950385708, "mu_up": 0.0073464982448577885}, "datetime": {"datetime": "2024-06-09 19:36:21", "elapsed": 480.999125, "delta": 4.446181}}
{"target": -30.1279166600467, "params": {"momentum_down": 0.23233438462305075, "momentum_up": 0.6120110744930118, "mu_down": 0.38078379357808506, "mu_up": 0.009568025600017618}, "datetime": {"datetime": "2024-06-09 19:36:22", "elapsed": 481.491911, "delta": 0.492786}}
{"target": -100.24445292913529, "params": {"momentum_down": 0.4566852435386393, "momentum_up": 0.6114543071319846, "mu_down": 0.06790389323876028, "mu_up": 0.008533790802514766}, "datetime": {"datetime": "2024-06-09 19:36:24", "elapsed": 483.954796, "delta": 2.462885}}
{"target": -2300.0, "params": {"momentum_down": 0.4404368529699734, "momentum_up": 0.559727013431651, "mu_down": 0.48538844931991953, "mu_up": 0.004992922264033142}, "datetime": {"datetime": "2024-06-09 19:36:27", "elapsed": 486.512535, "delta": 2.557739}}
{"target": -2300.0, "params": {"momentum_down": 0.14379805658351713, "momentum_up": 0.5320333540518237, "mu_down": 0.48912999570905463, "mu_up": 0.005558614953718376}, "datetime": {"datetime": "2024-06-09 19:36:29", "elapsed": 488.96157, "delta": 2.449035}}
{"target": -432.29323977225795, "params": {"momentum_down": 0.7818509421959278, "momentum_up": 0.5984482812778321, "mu_down": 0.005902439067838716, "mu_up": 0.0007429386301876613}, "datetime": {"datetime": "2024-06-09 19:36:30", "elapsed": 489.844934, "delta": 0.883364}}
{"target": -190.28786549206654, "params": {"momentum_down": 0.3320498450901713, "momentum_up": 0.4588728660567419, "mu_down": 0.041724025822503896, "mu_up": 0.009187970095026459}, "datetime": {"datetime": "2024-06-09 19:36:32", "elapsed": 492.236225, "delta": 2.391291}}
{"target": -291.27723135898174, "params": {"momentum_down": 0.03700006893704782, "momentum_up": 0.11593776335500149, "mu_down": 0.039325594839180356, "mu_up": 0.003174544376707435}, "datetime": {"datetime": "2024-06-09 19:36:33", "elapsed": 493.078863, "delta": 0.842638}}
{"target": -2001.03086940522, "params": {"momentum_down": 0.7933136420886422, "momentum_up": 0.048260204104128485, "mu_down": 0.48485168988327965, "mu_up": 0.007055238691089184}, "datetime": {"datetime": "2024-06-09 19:36:36", "elapsed": 495.464112, "delta": 2.385249}}
{"target": -40.124374482592685, "params": {"momentum_down": 0.5701769238659155, "momentum_up": 0.8826084880273583, "mu_down": 0.3697290440269692, "mu_up": 0.0035923632320930153}, "datetime": {"datetime": "2024-06-09 19:36:36", "elapsed": 496.251065, "delta": 0.786953}}
{"target": -40.25509069828975, "params": {"momentum_down": 0.08437548951881237, "momentum_up": 0.8558946733886583, "mu_down": 0.31188755501294163, "mu_up": 0.005321563862289403}, "datetime": {"datetime": "2024-06-09 19:36:39", "elapsed": 498.856047, "delta": 2.604982}}
{"target": -100.27699472442454, "params": {"momentum_down": 0.3203621634922304, "momentum_up": 0.6914586852242957, "mu_down": 0.0802532281083485, "mu_up": 0.009795328825581887}, "datetime": {"datetime": "2024-06-09 19:36:40", "elapsed": 499.471499, "delta": 0.615452}}
{"target": -20.254760177312896, "params": {"momentum_down": 0.6096350366709377, "momentum_up": 0.022535168210464158, "mu_down": 0.4678493443153651, "mu_up": 0.007871768525438647}, "datetime": {"datetime": "2024-06-09 19:36:41", "elapsed": 500.301844, "delta": 0.830345}}
{"target": -60.25771707502721, "params": {"momentum_down": 0.6616445930977828, "momentum_up": 0.14284822021891322, "mu_down": 0.21438388619363558, "mu_up": 0.0018639757824229488}, "datetime": {"datetime": "2024-06-09 19:36:41", "elapsed": 501.191803, "delta": 0.889959}}
{"target": -361.2891175915551, "params": {"momentum_down": 0.2204489064921777, "momentum_up": 0.32835127430636485, "mu_down": 0.26686534364815395, "mu_up": 0.000260480388678049}, "datetime": {"datetime": "2024-06-09 19:36:44", "elapsed": 503.427089, "delta": 2.235286}}
{"target": -20.0148189850523, "params": {"momentum_down": 0.7315755840228942, "momentum_up": 0.5794646808267926, "mu_down": 0.3600200581288827, "mu_up": 0.009857504788545062}, "datetime": {"datetime": "2024-06-09 19:36:45", "elapsed": 504.301902, "delta": 0.874813}}
{"target": -20.05092378748267, "params": {"momentum_down": 0.781100027054583, "momentum_up": 0.4256998807569909, "mu_down": 0.23274111195863473, "mu_up": 0.00651222182947324}, "datetime": {"datetime": "2024-06-09 19:36:45", "elapsed": 505.035429, "delta": 0.733527}}
{"target": -60.240735438304995, "params": {"momentum_down": 0.3515041862499512, "momentum_up": 0.7341414688409769, "mu_down": 0.13751709626114245, "mu_up": 0.00450102553821396}, "datetime": {"datetime": "2024-06-09 19:36:46", "elapsed": 505.861466, "delta": 0.826037}}
{"target": -20.1725260239835, "params": {"momentum_down": 0.5167279097790481, "momentum_up": 0.5903389401548232, "mu_down": 0.356238989877569, "mu_up": 0.004809155643467344}, "datetime": {"datetime": "2024-06-09 19:36:47", "elapsed": 506.554013, "delta": 0.692547}}
{"target": -190.26325761893594, "params": {"momentum_down": 0.4475586839480495, "momentum_up": 0.3810604865239825, "mu_down": 0.1747173284443327, "mu_up": 0.0004808210111415052}, "datetime": {"datetime": "2024-06-09 19:36:50", "elapsed": 509.476573, "delta": 2.92256}}
{"target": -2300.0, "params": {"momentum_down": 0.25259115935463844, "momentum_up": 0.9311314471813531, "mu_down": 0.4202122725882277, "mu_up": 0.0014775595617841637}, "datetime": {"datetime": "2024-06-09 19:36:51", "elapsed": 511.002356, "delta": 1.525783}}
{"target": -20.23281115710261, "params": {"momentum_down": 0.5739443935107577, "momentum_up": 0.7844541001080496, "mu_down": 0.36929361767570235, "mu_up": 0.005784745796691709}, "datetime": {"datetime": "2024-06-09 19:36:53", "elapsed": 513.266812, "delta": 2.264456}}
{"target": -30.181291365285187, "params": {"momentum_down": 0.8492636819084104, "momentum_up": 0.5375437798975269, "mu_down": 0.3759930109167436, "mu_up": 0.0031757145214417223}, "datetime": {"datetime": "2024-06-09 19:36:58", "elapsed": 517.308187, "delta": 4.041375}}
