{"target": -80.25778136639244, "params": {"momentum_down": 0.6185370955249251, "momentum_up": 0.8517306299993703, "mu_down": 0.34409935217206405, "mu_up": 0.0002983110659327586}, "datetime": {"datetime": "2024-06-09 19:21:10", "elapsed": 729.302835, "delta": 3.154405}}
{"target": -291.28927721078156, "params": {"momentum_down": 0.595514013921296, "momentum_up": 0.8519153613842086, "mu_down": 0.08350740623248692, "mu_up": 0.0005806718920294562}, "datetime": {"datetime": "2024-06-09 19:21:11", "elapsed": 730.371273, "delta": 1.068438}}
{"target": -90.28750845504388, "params": {"momentum_down": 0.3675550730634178, "momentum_up": 0.42566100264446527, "mu_down": 0.4601225787094416, "mu_up": 0.0022238895661270417}, "datetime": {"datetime": "2024-06-09 19:21:13", "elapsed": 732.115543, "delta": 1.74427}}
{"target": -110.27830525818365, "params": {"momentum_down": 0.5639241399499995, "momentum_up": 0.4481778118612848, "mu_down": 0.24014452445364015, "mu_up": 0.004787250802481141}, "datetime": {"datetime": "2024-06-09 19:21:18", "elapsed": 736.776819, "delta": 4.661276}}
{"target": -80.26048808063997, "params": {"momentum_down": 0.7243026630213637, "momentum_up": 0.12442288957895226, "mu_down": 0.22120597376019863, "mu_up": 0.0036425677823855593}, "datetime": {"datetime": "2024-06-09 19:21:22", "elapsed": 741.556962, "delta": 4.780143}}
{"target": -241.29368581430862, "params": {"momentum_down": 0.16211021331629555, "momentum_up": 0.43789471977152095, "mu_down": 0.20378327774909755, "mu_up": 0.0050058962747252}, "datetime": {"datetime": "2024-06-09 19:21:24", "elapsed": 742.832613, "delta": 1.275651}}
{"target": -120.25826926889937, "params": {"momentum_down": 0.43886555280936856, "momentum_up": 0.3206411038053969, "mu_down": 0.29618210301212916, "mu_up": 0.004557177986523605}, "datetime": {"datetime": "2024-06-09 19:21:27", "elapsed": 746.470683, "delta": 3.63807}}
{"target": -160.2458923516641, "params": {"momentum_down": 0.10191185236139821, "momentum_up": 0.8454789244283594, "mu_down": 0.3436779984942969, "mu_up": 0.007729149967284123}, "datetime": {"datetime": "2024-06-09 19:21:31", "elapsed": 749.624063, "delta": 3.15338}}
{"target": -361.29759816970903, "params": {"momentum_down": 0.788998895493494, "momentum_up": 0.07355097456165527, "mu_down": 0.05132608177158937, "mu_up": 0.0004532520996136735}, "datetime": {"datetime": "2024-06-09 19:21:33", "elapsed": 751.835875, "delta": 2.211812}}
{"target": -221.26490025916996, "params": {"momentum_down": 0.0939748772562372, "momentum_up": 0.49380760964223663, "mu_down": 0.24839210336164252, "mu_up": 0.008189450523936248}, "datetime": {"datetime": "2024-06-09 19:21:35", "elapsed": 754.350485, "delta": 2.51461}}
{"target": -2300.0, "params": {"momentum_down": 0.2987932782946688, "momentum_up": 0.9759034959507558, "mu_down": 0.19058780580273232, "mu_up": 0.004134474247928255}, "datetime": {"datetime": "2024-06-09 19:21:38", "elapsed": 756.780651, "delta": 2.430166}}
{"target": -2300.0, "params": {"momentum_down": 0.973297009281901, "momentum_up": 0.479064563746428, "mu_down": 0.15613493738575307, "mu_up": 0.0018278366893592925}, "datetime": {"datetime": "2024-06-09 19:21:40", "elapsed": 759.144627, "delta": 2.363976}}
{"target": -100.28864373411257, "params": {"momentum_down": 0.43281057801344325, "momentum_up": 0.6258081030849437, "mu_down": 0.334774779722081, "mu_up": 0.01}, "datetime": {"datetime": "2024-06-09 19:21:44", "elapsed": 762.749003, "delta": 3.604376}}
{"target": -251.288882427019, "params": {"momentum_down": 0.11668171974461079, "momentum_up": 0.11355598449777203, "mu_down": 0.21254245009513295, "mu_up": 0.00401068555035248}, "datetime": {"datetime": "2024-06-09 19:21:45", "elapsed": 763.956394, "delta": 1.207391}}
{"target": -211.25687400666754, "params": {"momentum_down": 0.00896265627384239, "momentum_up": 0.41089230660644394, "mu_down": 0.29432625825201947, "mu_up": 0.0021614922841489068}, "datetime": {"datetime": "2024-06-09 19:21:47", "elapsed": 766.03626, "delta": 2.079866}}
{"target": -281.28807793255845, "params": {"momentum_down": 0.06442533284706768, "momentum_up": 0.7931496331134852, "mu_down": 0.19841226246513133, "mu_up": 0.006411841818896602}, "datetime": {"datetime": "2024-06-09 19:21:50", "elapsed": 768.703412, "delta": 2.667152}}
{"target": -422.297858142199, "params": {"momentum_down": 0.15918166800230915, "momentum_up": 0.05130834524754781, "mu_down": 0.11601037283531213, "mu_up": 0.002736446169091347}, "datetime": {"datetime": "2024-06-09 19:21:52", "elapsed": 770.587309, "delta": 1.883897}}
{"target": -2300.0, "params": {"momentum_down": 0.7734703345691529, "momentum_up": 0.9023103491825614, "mu_down": 0.44306586668822123, "mu_up": 0.008179306291560395}, "datetime": {"datetime": "2024-06-09 19:21:52", "elapsed": 771.052316, "delta": 0.465007}}
{"target": -2302.5268681711905, "params": {"momentum_down": 0.4249954457747292, "momentum_up": 0.9464224241492313, "mu_down": 0.259017297760208, "mu_up": 0.003410768856503021}, "datetime": {"datetime": "2024-06-09 19:21:56", "elapsed": 774.701624, "delta": 3.649308}}
{"target": -110.28095423127176, "params": {"momentum_down": 0.8031103988752587, "momentum_up": 0.678660807268105, "mu_down": 0.11316925134246336, "mu_up": 0.0017601221312366817}, "datetime": {"datetime": "2024-06-09 19:21:58", "elapsed": 777.337466, "delta": 2.635842}}
{"target": -90.20046573446876, "params": {"momentum_down": 0.8628831302512942, "momentum_up": 0.5456238997029796, "mu_down": 0.1091830572163085, "mu_up": 0.004387044985875419}, "datetime": {"datetime": "2024-06-09 19:21:59", "elapsed": 778.154789, "delta": 0.817323}}
{"target": -110.23960247081291, "params": {"momentum_down": 0.7605665087451323, "momentum_up": 0.06177815609615802, "mu_down": 0.14573336895846367, "mu_up": 0.0026363386430670564}, "datetime": {"datetime": "2024-06-09 19:22:02", "elapsed": 781.102634, "delta": 2.947845}}
{"target": -60.26277813806627, "params": {"momentum_down": 0.8000505544597915, "momentum_up": 0.13160135714746035, "mu_down": 0.22475422852972377, "mu_up": 0.005580144297530474}, "datetime": {"datetime": "2024-06-09 19:22:07", "elapsed": 786.464711, "delta": 5.362077}}
{"target": -2491.345897562649, "params": {"momentum_down": 0.6603564534999369, "momentum_up": 0.6366076148586687, "mu_down": 0.41355065886992304, "mu_up": 0.008928351621503348}, "datetime": {"datetime": "2024-06-09 19:22:15", "elapsed": 794.033814, "delta": 7.569103}}
{"target": -70.27390729661516, "params": {"momentum_down": 0.7465929871393174, "momentum_up": 0.18782598034200837, "mu_down": 0.22913908236693348, "mu_up": 0.00635885596919951}, "datetime": {"datetime": "2024-06-09 19:22:22", "elapsed": 800.653449, "delta": 6.619635}}
{"target": -2300.0, "params": {"momentum_down": 0.7774298773641901, "momentum_up": 0.9516393908736086, "mu_down": 0.26129224728774414, "mu_up": 0.0014000186913212562}, "datetime": {"datetime": "2024-06-09 19:22:26", "elapsed": 804.586232, "delta": 3.932783}}
{"target": -70.18112340370034, "params": {"momentum_down": 0.6899007396539762, "momentum_up": 0.28661511680010426, "mu_down": 0.3113337598622588, "mu_up": 0.008736446577615926}, "datetime": {"datetime": "2024-06-09 19:22:34", "elapsed": 812.88151, "delta": 8.295278}}
{"target": -60.18975182418891, "params": {"momentum_down": 0.5714319599509156, "momentum_up": 0.69002650462723, "mu_down": 0.4864934796058353, "mu_up": 0.006880563287731522}, "datetime": {"datetime": "2024-06-09 19:22:41", "elapsed": 820.024033, "delta": 7.142523}}
{"target": -70.2907055240659, "params": {"momentum_down": 0.5467052222452423, "momentum_up": 0.31784904387719176, "mu_down": 0.396641422029246, "mu_up": 0.005677728338767286}, "datetime": {"datetime": "2024-06-09 19:22:48", "elapsed": 827.528004, "delta": 7.503971}}
{"target": -100.22488970336178, "params": {"momentum_down": 0.8140021566130436, "momentum_up": 0.28773454501544643, "mu_down": 0.12617074240014953, "mu_up": 0.003268606916027015}, "datetime": {"datetime": "2024-06-09 19:22:52", "elapsed": 830.755118, "delta": 3.227114}}
{"target": -80.26185206046186, "params": {"momentum_down": 0.5160262194791527, "momentum_up": 0.2529555676223669, "mu_down": 0.389590347608738, "mu_up": 0.004597012890097315}, "datetime": {"datetime": "2024-06-09 19:22:56", "elapsed": 835.423367, "delta": 4.668249}}
{"target": -201.27674223047282, "params": {"momentum_down": 0.08495941621070574, "momentum_up": 0.07548188648863025, "mu_down": 0.2767355945551917, "mu_up": 0.007868914587039604}, "datetime": {"datetime": "2024-06-09 19:22:59", "elapsed": 838.237001, "delta": 2.813634}}
{"target": -1819.2971957453897, "params": {"momentum_down": 0.2153101739151696, "momentum_up": 0.5854736119164935, "mu_down": 0.025816289121674607, "mu_up": 0.00856325673561702}, "datetime": {"datetime": "2024-06-09 19:23:01", "elapsed": 839.682116, "delta": 1.445115}}
{"target": -100.2175956614804, "params": {"momentum_down": 0.37028243843903946, "momentum_up": 0.1206770227938465, "mu_down": 0.4424457363853096, "mu_up": 0.006398122886494157}, "datetime": {"datetime": "2024-06-09 19:23:03", "elapsed": 841.632278, "delta": 1.950162}}
{"target": -60.204379745206516, "params": {"momentum_down": 0.5961699130141875, "momentum_up": 0.5343520683145101, "mu_down": 0.45480516368540935, "mu_up": 0.007766450937090342}, "datetime": {"datetime": "2024-06-09 19:23:03", "elapsed": 842.513522, "delta": 0.881244}}
{"target": -110.22866906605405, "params": {"momentum_down": 0.3565941334372322, "momentum_up": 0.07186274311725961, "mu_down": 0.41652348330349975, "mu_up": 0.0027871057226962663}, "datetime": {"datetime": "2024-06-09 19:23:12", "elapsed": 850.771461, "delta": 8.257939}}
{"target": -321.1827150993487, "params": {"momentum_down": 0.9347706564334622, "momentum_up": 0.5460201264051565, "mu_down": 0.36683729814999805, "mu_up": 0.0020816842524914152}, "datetime": {"datetime": "2024-06-09 19:23:12", "elapsed": 851.27011, "delta": 0.498649}}
{"target": -180.29040985313011, "params": {"momentum_down": 0.14196957950014708, "momentum_up": 0.49647270530915666, "mu_down": 0.2835736267208992, "mu_up": 0.006132606005782939}, "datetime": {"datetime": "2024-06-09 19:23:17", "elapsed": 855.662238, "delta": 4.392128}}
{"target": -110.26305645440294, "params": {"momentum_down": 0.326748132496439, "momentum_up": 0.14849509565012006, "mu_down": 0.39921436766520835, "mu_up": 0.0044646682657587065}, "datetime": {"datetime": "2024-06-09 19:23:24", "elapsed": 863.380245, "delta": 7.718007}}
{"target": -271.2912418086636, "params": {"momentum_down": 0.7509828998288439, "momentum_up": 0.08724423301284054, "mu_down": 0.16295854387113035, "mu_up": 0.00041588300385036016}, "datetime": {"datetime": "2024-06-09 19:23:31", "elapsed": 870.400195, "delta": 7.01995}}
{"target": -80.24066495206712, "params": {"momentum_down": 0.695263747329366, "momentum_up": 0.48280559654467387, "mu_down": 0.25063164083323713, "mu_up": 0.004523176659784043}, "datetime": {"datetime": "2024-06-09 19:23:37", "elapsed": 875.750069, "delta": 5.349874}}
{"target": -2300.0, "params": {"momentum_down": 0.3106683629118529, "momentum_up": 0.10246934679715364, "mu_down": 0.44701705226149147, "mu_up": 0.0008467650322685116}, "datetime": {"datetime": "2024-06-09 19:23:40", "elapsed": 879.133903, "delta": 3.383834}}
{"target": -2300.0, "params": {"momentum_down": 0.9649123245203627, "momentum_up": 0.9079523030009918, "mu_down": 0.4724916043524427, "mu_up": 0.004984653324085147}, "datetime": {"datetime": "2024-06-09 19:23:44", "elapsed": 882.695197, "delta": 3.561294}}
{"target": -90.28436960457321, "params": {"momentum_down": 0.48295008893230296, "momentum_up": 0.3509398895546928, "mu_down": 0.4099072392668509, "mu_up": 0.0011178363459633039}, "datetime": {"datetime": "2024-06-09 19:23:53", "elapsed": 891.666567, "delta": 8.97137}}
{"target": -50.11808722859023, "params": {"momentum_down": 0.7621107518754986, "momentum_up": 0.25270936379364706, "mu_down": 0.38340723185060127, "mu_up": 0.0057179719273301}, "datetime": {"datetime": "2024-06-09 19:24:00", "elapsed": 899.071271, "delta": 7.404704}}
{"target": -130.2519797175552, "params": {"momentum_down": 0.36843831288899914, "momentum_up": 0.11310612720504949, "mu_down": 0.40261010174330847, "mu_up": 0.0010328581459257738}, "datetime": {"datetime": "2024-06-09 19:24:08", "elapsed": 906.646071, "delta": 7.5748}}
{"target": -60.21790923439913, "params": {"momentum_down": 0.7701937544062981, "momentum_up": 0.4570335583562264, "mu_down": 0.26286481761121094, "mu_up": 0.0022722287623237027}, "datetime": {"datetime": "2024-06-09 19:24:17", "elapsed": 915.698247, "delta": 9.052176}}
{"target": -2300.0, "params": {"momentum_down": 0.2614559515954599, "momentum_up": 0.3526514795824928, "mu_down": 0.49054695406151394, "mu_up": 0.004510539402082711}, "datetime": {"datetime": "2024-06-09 19:24:21", "elapsed": 919.719427, "delta": 4.02118}}
{"target": -180.27246702813792, "params": {"momentum_down": 0.8301352256996448, "momentum_up": 0.4278534819247206, "mu_down": 0.05847778677598087, "mu_up": 0.005082274504252747}, "datetime": {"datetime": "2024-06-09 19:24:21", "elapsed": 920.304745, "delta": 0.585318}}
{"target": -211.25775578034185, "params": {"momentum_down": 0.11046940413136701, "momentum_up": 0.5390327623609636, "mu_down": 0.2564568640645189, "mu_up": 0.00566708058869172}, "datetime": {"datetime": "2024-06-09 19:24:26", "elapsed": 924.641262, "delta": 4.336517}}
{"target": -100.2502002562339, "params": {"momentum_down": 0.46246499730286816, "momentum_up": 0.8174690665670601, "mu_down": 0.33143633121143196, "mu_up": 0.008327093197639504}, "datetime": {"datetime": "2024-06-09 19:24:27", "elapsed": 926.44265, "delta": 1.801388}}
{"target": -2300.0, "params": {"momentum_down": 0.06087055074464488, "momentum_up": 0.028082360542099755, "mu_down": 0.4571146556888153, "mu_up": 0.008859015925406258}, "datetime": {"datetime": "2024-06-09 19:24:28", "elapsed": 926.916007, "delta": 0.473357}}
{"target": -170.2730361936593, "params": {"momentum_down": 0.6506708577681035, "momentum_up": 0.4062805473123394, "mu_down": 0.12636606353770652, "mu_up": 0.009893493774851119}, "datetime": {"datetime": "2024-06-09 19:24:29", "elapsed": 927.682174, "delta": 0.766167}}
{"target": -140.28473665000303, "params": {"momentum_down": 0.22214978108635716, "momentum_up": 0.1516885066233511, "mu_down": 0.33429363152315683, "mu_up": 0.009293615609584117}, "datetime": {"datetime": "2024-06-09 19:24:31", "elapsed": 929.734632, "delta": 2.052458}}
{"target": -100.24865992980753, "params": {"momentum_down": 0.4770658472119618, "momentum_up": 0.24437301573792333, "mu_down": 0.33047868575510225, "mu_up": 0.006994287925481173}, "datetime": {"datetime": "2024-06-09 19:24:37", "elapsed": 935.810213, "delta": 6.075581}}
{"target": -130.27560961773935, "params": {"momentum_down": 0.4902760459986331, "momentum_up": 0.12218565288948806, "mu_down": 0.24613024068285144, "mu_up": 0.004647556026608481}, "datetime": {"datetime": "2024-06-09 19:24:44", "elapsed": 943.450231, "delta": 7.640018}}
{"target": -50.18465306139623, "params": {"momentum_down": 0.7936575543357263, "momentum_up": 0.4643687665016009, "mu_down": 0.4602268346083961, "mu_up": 0.0013814697176239691}, "datetime": {"datetime": "2024-06-09 19:24:45", "elapsed": 944.006666, "delta": 0.556435}}
{"target": -2002.481765930443, "params": {"momentum_down": 0.6427430595999111, "momentum_up": 0.46048337100262554, "mu_down": 0.19322025281078373, "mu_up": 1e-05}, "datetime": {"datetime": "2024-06-09 19:24:50", "elapsed": 949.278761, "delta": 5.272095}}
{"target": -90.24484537174904, "params": {"momentum_down": 0.880300608228363, "momentum_up": 0.3080417349561445, "mu_down": 0.09342725474284556, "mu_up": 0.004121854240043475}, "datetime": {"datetime": "2024-06-09 19:24:56", "elapsed": 955.189539, "delta": 5.910778}}
{"target": -70.25016797205167, "params": {"momentum_down": 0.58028329140971, "momentum_up": 0.6621667910899127, "mu_down": 0.38281944208820196, "mu_up": 0.0031871163023961665}, "datetime": {"datetime": "2024-06-09 19:25:01", "elapsed": 959.87842, "delta": 4.688881}}
{"target": -120.27551919050033, "params": {"momentum_down": 0.4235551494059282, "momentum_up": 0.3959602803692628, "mu_down": 0.29135499963157674, "mu_up": 0.0043750708347321315}, "datetime": {"datetime": "2024-06-09 19:25:06", "elapsed": 964.589552, "delta": 4.711132}}
{"target": -2002.8567039822476, "params": {"momentum_down": 0.4170170109989882, "momentum_up": 0.38690259208896294, "mu_down": 0.3836338924241907, "mu_up": 1e-05}, "datetime": {"datetime": "2024-06-09 19:25:13", "elapsed": 971.84332, "delta": 7.253768}}
{"target": -170.25109230074904, "params": {"momentum_down": 0.6974052727456759, "momentum_up": 0.8259229448076997, "mu_down": 0.12305909941021143, "mu_up": 0.002444885402581807}, "datetime": {"datetime": "2024-06-09 19:25:17", "elapsed": 975.803433, "delta": 3.960113}}
{"target": -60.25767657642341, "params": {"momentum_down": 0.75529899793168, "momentum_up": 0.30326215880363655, "mu_down": 0.3239898032676243, "mu_up": 0.0015180768753549176}, "datetime": {"datetime": "2024-06-09 19:25:25", "elapsed": 984.149916, "delta": 8.346483}}
{"target": -80.23133783333832, "params": {"momentum_down": 0.49465385667758577, "momentum_up": 0.7237730984183066, "mu_down": 0.40141423878661026, "mu_up": 0.005798262314238546}, "datetime": {"datetime": "2024-06-09 19:25:28", "elapsed": 987.497967, "delta": 3.348051}}
{"target": -100.21480776101434, "params": {"momentum_down": 0.5494801379778346, "momentum_up": 0.22497588015816802, "mu_down": 0.29584344827757186, "mu_up": 0.008412882812848752}, "datetime": {"datetime": "2024-06-09 19:25:33", "elapsed": 991.604776, "delta": 4.106809}}
{"target": -2300.0, "params": {"momentum_down": 0.6602289734095294, "momentum_up": 0.963490937729434, "mu_down": 0.06322917376098863, "mu_up": 0.0009372380418887887}, "datetime": {"datetime": "2024-06-09 19:25:36", "elapsed": 995.523543, "delta": 3.918767}}
{"target": -140.2505451015569, "params": {"momentum_down": 0.5956970909356705, "momentum_up": 0.222597902421682, "mu_down": 0.19416360305417285, "mu_up": 0.0029027856563409076}, "datetime": {"datetime": "2024-06-09 19:25:40", "elapsed": 998.668759, "delta": 3.145216}}
{"target": -2300.0, "params": {"momentum_down": 0.1656489093919132, "momentum_up": 0.3313904452140518, "mu_down": 0.41927579070836585, "mu_up": 0.0019791037059888553}, "datetime": {"datetime": "2024-06-09 19:25:42", "elapsed": 1001.200702, "delta": 2.531943}}
{"target": -70.15697667946283, "params": {"momentum_down": 0.8885795418147856, "momentum_up": 0.12335189586279227, "mu_down": 0.13317596335535198, "mu_up": 0.01}, "datetime": {"datetime": "2024-06-09 19:25:48", "elapsed": 1007.342065, "delta": 6.141363}}
{"target": -130.28699691176305, "params": {"momentum_down": 0.5422001091428965, "momentum_up": 0.17762316079092752, "mu_down": 0.23500234170385942, "mu_up": 0.0016358584962944452}, "datetime": {"datetime": "2024-06-09 19:25:53", "elapsed": 1011.711922, "delta": 4.369857}}
{"target": -402.29491733026117, "params": {"momentum_down": 0.5747270012585028, "momentum_up": 0.7015252961191392, "mu_down": 0.06326613204849368, "mu_up": 0.009736674143491738}, "datetime": {"datetime": "2024-06-09 19:25:53", "elapsed": 1012.492045, "delta": 0.780123}}
{"target": -50.17791590496863, "params": {"momentum_down": 0.6808866641221192, "momentum_up": 0.5820195464252527, "mu_down": 0.4542637861232314, "mu_up": 0.002584726344423559}, "datetime": {"datetime": "2024-06-09 19:25:54", "elapsed": 1013.316988, "delta": 0.824943}}
{"target": -80.28273496129508, "params": {"momentum_down": 0.443743758384893, "momentum_up": 0.30787615551580266, "mu_down": 0.42257740935494253, "mu_up": 0.00972602368920877}, "datetime": {"datetime": "2024-06-09 19:25:55", "elapsed": 1014.230671, "delta": 0.913683}}
{"target": -120.25384029307038, "params": {"momentum_down": 0.6077500573890708, "momentum_up": 0.27751270002286227, "mu_down": 0.29077151990339173, "mu_up": 0.0008386225790850296}, "datetime": {"datetime": "2024-06-09 19:26:04", "elapsed": 1022.7134, "delta": 8.482729}}
{"target": -512.2876569785533, "params": {"momentum_down": 0.2352036468294598, "momentum_up": 0.20733283136824457, "mu_down": 0.08913795521486584, "mu_up": 0.003387576606364144}, "datetime": {"datetime": "2024-06-09 19:26:05", "elapsed": 1023.706184, "delta": 0.992784}}
{"target": -180.29343947668366, "params": {"momentum_down": 0.4303986364105984, "momentum_up": 0.276333219063367, "mu_down": 0.1896196021797023, "mu_up": 0.005990692564196269}, "datetime": {"datetime": "2024-06-09 19:26:09", "elapsed": 1028.314788, "delta": 4.608604}}
{"target": -110.24935135577032, "params": {"momentum_down": 0.6184590483785983, "momentum_up": 0.34586525122978234, "mu_down": 0.23302562124761556, "mu_up": 0.002479305248413453}, "datetime": {"datetime": "2024-06-09 19:26:14", "elapsed": 1033.546382, "delta": 5.231594}}
{"target": -80.21180349329151, "params": {"momentum_down": 0.5001194728077804, "momentum_up": 0.6429722263708701, "mu_down": 0.4240883656703017, "mu_up": 0.0017110896764702592}, "datetime": {"datetime": "2024-06-09 19:26:15", "elapsed": 1034.32573, "delta": 0.779348}}
{"target": -2300.0, "params": {"momentum_down": 0.952260920646544, "momentum_up": 0.9798942074754515, "mu_down": 0.2829501878201425, "mu_up": 0.0061739818224942015}, "datetime": {"datetime": "2024-06-09 19:26:19", "elapsed": 1037.677144, "delta": 3.351414}}
{"target": -190.25674398814826, "params": {"momentum_down": 0.08571001320877422, "momentum_up": 0.881378954005561, "mu_down": 0.2938046096319425, "mu_up": 0.008009921742346163}, "datetime": {"datetime": "2024-06-09 19:26:24", "elapsed": 1043.256436, "delta": 5.579292}}
{"target": -60.28578427018536, "params": {"momentum_down": 0.5249267745016025, "momentum_up": 0.6051907289057669, "mu_down": 0.4850652258489411, "mu_up": 0.00545464297095692}, "datetime": {"datetime": "2024-06-09 19:26:28", "elapsed": 1047.295534, "delta": 4.039098}}
