{"target": -130.26823616269655, "params": {"momentum_down": 0.18495169643777715, "momentum_up": 0.12843526463447796, "mu_down": 0.37358606279406165, "mu_up": 0.0009361402179490323}, "datetime": {"datetime": "2024-06-09 19:31:46", "elapsed": 205.960295, "delta": 1.092258}}
{"target": -40.24972287841803, "params": {"momentum_down": 0.30931524459715265, "momentum_up": 0.13590191050288772, "mu_down": 0.23338709743938651, "mu_up": 0.004867593739550416}, "datetime": {"datetime": "2024-06-09 19:31:47", "elapsed": 206.330961, "delta": 0.370666}}
{"target": -20.208391447071055, "params": {"momentum_down": 0.8514207863400254, "momentum_up": 0.30408540418556457, "mu_down": 0.40533734518527553, "mu_up": 0.005651753359504079}, "datetime": {"datetime": "2024-06-09 19:31:47", "elapsed": 206.636817, "delta": 0.305856}}
{"target": -2300.0, "params": {"momentum_down": 0.27204921430590956, "momentum_up": 0.7363077921044173, "mu_down": 0.4845043507474244, "mu_up": 0.008075768159935671}, "datetime": {"datetime": "2024-06-09 19:31:48", "elapsed": 207.360552, "delta": 0.723735}}
{"target": -40.162811923009784, "params": {"momentum_down": 0.2959314064112992, "momentum_up": 0.7005509062712738, "mu_down": 0.2612332598575756, "mu_up": 0.002673349438770525}, "datetime": {"datetime": "2024-06-09 19:31:49", "elapsed": 208.348808, "delta": 0.988256}}
{"target": -80.22218825330323, "params": {"momentum_down": 0.4654828434134891, "momentum_up": 0.24480490757750514, "mu_down": 0.13594485372525106, "mu_up": 0.0013202654964069895}, "datetime": {"datetime": "2024-06-09 19:31:50", "elapsed": 209.697006, "delta": 1.348198}}
{"target": -20.12802943018533, "params": {"momentum_down": 0.875375379551475, "momentum_up": 0.14200330349804596, "mu_down": 0.2722741488327219, "mu_up": 0.006719572058162889}, "datetime": {"datetime": "2024-06-09 19:31:52", "elapsed": 211.906484, "delta": 2.209478}}
{"target": -2300.0, "params": {"momentum_down": 0.9275679093600958, "momentum_up": 0.8690243192586626, "mu_down": 0.3140015338056191, "mu_up": 0.004689932624201357}, "datetime": {"datetime": "2024-06-09 19:31:54", "elapsed": 214.154533, "delta": 2.248049}}
{"target": -40.2793678250248, "params": {"momentum_down": 0.11121903830813044, "momentum_up": 0.645593096250805, "mu_down": 0.2677762789396735, "mu_up": 0.008856988235685162}, "datetime": {"datetime": "2024-06-09 19:31:55", "elapsed": 214.452435, "delta": 0.297902}}
{"target": -100.26514393976018, "params": {"momentum_down": 0.1344261589947838, "momentum_up": 0.5985493775548038, "mu_down": 0.10613773939076732, "mu_up": 0.005668123455031208}, "datetime": {"datetime": "2024-06-09 19:31:55", "elapsed": 214.754493, "delta": 0.302058}}
{"target": -20.035616584266375, "params": {"momentum_down": 0.7050487905496987, "momentum_up": 0.2834053090070516, "mu_down": 0.38977458984620206, "mu_up": 0.007612277268739275}, "datetime": {"datetime": "2024-06-09 19:31:56", "elapsed": 215.953127, "delta": 1.198634}}
{"target": -80.2768540022771, "params": {"momentum_down": 0.1141667035442599, "momentum_up": 0.40496866811869886, "mu_down": 0.13414422665292147, "mu_up": 0.009011619622933316}, "datetime": {"datetime": "2024-06-09 19:31:59", "elapsed": 219.102966, "delta": 3.149839}}
{"target": -110.2256644692419, "params": {"momentum_down": 0.45619309667955915, "momentum_up": 0.555358948788272, "mu_down": 0.06356017207411091, "mu_up": 0.0071393082664228365}, "datetime": {"datetime": "2024-06-09 19:32:00", "elapsed": 219.521151, "delta": 0.418185}}
{"target": -2300.0, "params": {"momentum_down": 0.018558009886647783, "momentum_up": 0.7859746746621002, "mu_down": 0.4337680076639403, "mu_up": 0.003615133991520552}, "datetime": {"datetime": "2024-06-09 19:32:00", "elapsed": 219.841836, "delta": 0.320685}}
{"target": -341.280674103869, "params": {"momentum_down": 0.48044095252347385, "momentum_up": 0.6396444268528512, "mu_down": 0.17187269319465687, "mu_up": 0.00013800732590561908}, "datetime": {"datetime": "2024-06-09 19:32:03", "elapsed": 222.988408, "delta": 3.146572}}
{"target": -70.22854851692121, "params": {"momentum_down": 0.4822082833778046, "momentum_up": 0.37770620885473466, "mu_down": 0.10201815376150764, "mu_up": 0.0037456339145268925}, "datetime": {"datetime": "2024-06-09 19:32:04", "elapsed": 224.010295, "delta": 1.021887}}
{"target": -30.23215040845391, "params": {"momentum_down": 0.30648070874359784, "momentum_up": 0.164135688363718, "mu_down": 0.31504882387556576, "mu_up": 0.0055956287947012354}, "datetime": {"datetime": "2024-06-09 19:32:05", "elapsed": 224.298799, "delta": 0.288504}}
{"target": -40.14082006964191, "params": {"momentum_down": 0.3146074920344579, "momentum_up": 0.3451906708665969, "mu_down": 0.2616801976655254, "mu_up": 0.005435074353464582}, "datetime": {"datetime": "2024-06-09 19:32:05", "elapsed": 224.700608, "delta": 0.401809}}
{"target": -30.217919711105495, "params": {"momentum_down": 0.35374194547519644, "momentum_up": 0.16214177511661476, "mu_down": 0.30882908262262565, "mu_up": 0.004876845236267091}, "datetime": {"datetime": "2024-06-09 19:32:06", "elapsed": 225.963272, "delta": 1.262664}}
{"target": -30.167943704895556, "params": {"momentum_down": 0.8889033337602967, "momentum_up": 0.1752639226190368, "mu_down": 0.40201176397334354, "mu_up": 0.004988102794674616}, "datetime": {"datetime": "2024-06-09 19:32:07", "elapsed": 227.131687, "delta": 1.168415}}
{"target": -2285.5573407905176, "params": {"momentum_down": 0.9206437899247423, "momentum_up": 0.4996820833361471, "mu_down": 0.24835754535372273, "mu_up": 0.0035079714624913936}, "datetime": {"datetime": "2024-06-09 19:32:09", "elapsed": 229.194444, "delta": 2.062757}}
{"target": -40.11127928178433, "params": {"momentum_down": 0.10171412080605002, "momentum_up": 0.785024607135388, "mu_down": 0.34791109200168224, "mu_up": 0.007400741706103749}, "datetime": {"datetime": "2024-06-09 19:32:10", "elapsed": 229.607666, "delta": 0.413222}}
{"target": -30.163548406965873, "params": {"momentum_down": 0.5277655472698045, "momentum_up": 0.3499882844933034, "mu_down": 0.23339390551478062, "mu_up": 0.005601492661846406}, "datetime": {"datetime": "2024-06-09 19:32:10", "elapsed": 229.927529, "delta": 0.319863}}
{"target": -2113.3111211832666, "params": {"momentum_down": 0.25431640636816355, "momentum_up": 0.9306377321735816, "mu_down": 0.11410605620873254, "mu_up": 0.0036051689982221887}, "datetime": {"datetime": "2024-06-09 19:32:13", "elapsed": 232.988734, "delta": 3.061205}}
{"target": -361.29625479401045, "params": {"momentum_down": 0.68969261162064, "momentum_up": 0.7556979986296816, "mu_down": 0.010295834207978416, "mu_up": 0.009424953730333821}, "datetime": {"datetime": "2024-06-09 19:32:15", "elapsed": 234.40424, "delta": 1.415506}}
{"target": -2132.084029861812, "params": {"momentum_down": 0.38973151444225745, "momentum_up": 0.9700076889169786, "mu_down": 0.16835346466111062, "mu_up": 0.006787367301557381}, "datetime": {"datetime": "2024-06-09 19:32:17", "elapsed": 236.481296, "delta": 2.077056}}
{"target": -30.259667973521125, "params": {"momentum_down": 0.345017104421779, "momentum_up": 0.40904273718865686, "mu_down": 0.2741329600160885, "mu_up": 0.006765672407536616}, "datetime": {"datetime": "2024-06-09 19:32:18", "elapsed": 237.297054, "delta": 0.815758}}
{"target": -643.2905907748342, "params": {"momentum_down": 0.3471640732491723, "momentum_up": 0.29681585532572063, "mu_down": 0.012377313087983233, "mu_up": 0.005076150502283342}, "datetime": {"datetime": "2024-06-09 19:32:19", "elapsed": 238.977848, "delta": 1.680794}}
{"target": -40.255057435081596, "params": {"momentum_down": 0.20251613939815408, "momentum_up": 0.13246058461107893, "mu_down": 0.29588674866001335, "mu_up": 0.003400536444019311}, "datetime": {"datetime": "2024-06-09 19:32:21", "elapsed": 240.862297, "delta": 1.884449}}
{"target": -70.18106826985938, "params": {"momentum_down": 0.4599771509926847, "momentum_up": 0.24000052953877246, "mu_down": 0.11288118797069335, "mu_up": 0.004717144809700153}, "datetime": {"datetime": "2024-06-09 19:32:22", "elapsed": 242.195877, "delta": 1.33358}}
{"target": -2300.0, "params": {"momentum_down": 0.3906034873350205, "momentum_up": 0.9795003254483335, "mu_down": 0.03467919130041591, "mu_up": 0.0041508892028882865}, "datetime": {"datetime": "2024-06-09 19:32:23", "elapsed": 243.073494, "delta": 0.877617}}
{"target": -50.17400054892285, "params": {"momentum_down": 0.7845708294899023, "momentum_up": 0.23395916410520115, "mu_down": 0.07904455084131806, "mu_up": 0.002347454785983235}, "datetime": {"datetime": "2024-06-09 19:32:25", "elapsed": 244.58628, "delta": 1.512786}}
{"target": -90.22209270270264, "params": {"momentum_down": 0.4807882861715299, "momentum_up": 0.45800450637892004, "mu_down": 0.07475401373710783, "mu_up": 0.00730057059112618}, "datetime": {"datetime": "2024-06-09 19:32:25", "elapsed": 245.026967, "delta": 0.440687}}
{"target": -30.207713620455287, "params": {"momentum_down": 0.36919572417240626, "momentum_up": 0.2844668586229169, "mu_down": 0.28091263956413665, "mu_up": 0.009819950741088558}, "datetime": {"datetime": "2024-06-09 19:32:26", "elapsed": 246.270573, "delta": 1.243606}}
{"target": -20.270148489129763, "params": {"momentum_down": 0.7716165449576676, "momentum_up": 0.44039170985653914, "mu_down": 0.140040449430806, "mu_up": 0.00964804038412448}, "datetime": {"datetime": "2024-06-09 19:32:27", "elapsed": 246.701318, "delta": 0.430745}}
{"target": -2300.0, "params": {"momentum_down": 0.10418024260203695, "momentum_up": 0.049021919817496755, "mu_down": 0.4140684892219935, "mu_up": 0.00021604425734908294}, "datetime": {"datetime": "2024-06-09 19:32:29", "elapsed": 248.734833, "delta": 2.033515}}
{"target": -60.29458919239514, "params": {"momentum_down": 0.3205996954978032, "momentum_up": 0.8482497003968045, "mu_down": 0.13555779501640408, "mu_up": 0.0070248487544943726}, "datetime": {"datetime": "2024-06-09 19:32:29", "elapsed": 249.128211, "delta": 0.393378}}
{"target": -30.179197560505262, "params": {"momentum_down": 0.26075772381389245, "momentum_up": 0.03601038974892362, "mu_down": 0.3567112601618149, "mu_up": 0.008581264948235825}, "datetime": {"datetime": "2024-06-09 19:32:30", "elapsed": 250.021362, "delta": 0.893151}}
{"target": -60.26048535735248, "params": {"momentum_down": 0.8535561320484018, "momentum_up": 0.575461643279377, "mu_down": 0.49547129106640164, "mu_up": 0.007005493119763159}, "datetime": {"datetime": "2024-06-09 19:32:32", "elapsed": 251.460309, "delta": 1.438947}}
{"target": -30.154532148639063, "params": {"momentum_down": 0.371933093666811, "momentum_up": 0.5674089385891202, "mu_down": 0.31913004953548507, "mu_up": 0.003434630754326425}, "datetime": {"datetime": "2024-06-09 19:32:32", "elapsed": 251.844695, "delta": 0.384386}}
{"target": -30.06596265639106, "params": {"momentum_down": 0.3803195414561433, "momentum_up": 0.8059067229150236, "mu_down": 0.4082136648458833, "mu_up": 0.005795281606238212}, "datetime": {"datetime": "2024-06-09 19:32:32", "elapsed": 252.203101, "delta": 0.358406}}
{"target": -30.173199131194167, "params": {"momentum_down": 0.8940643231063269, "momentum_up": 0.14488894884188505, "mu_down": 0.14944178208195036, "mu_up": 0.003997623982700199}, "datetime": {"datetime": "2024-06-09 19:32:34", "elapsed": 253.56838, "delta": 1.365279}}
{"target": -2300.0, "params": {"momentum_down": 0.135403775689643, "momentum_up": 0.9625044407137219, "mu_down": 0.43438417003312124, "mu_up": 0.0007319414538234493}, "datetime": {"datetime": "2024-06-09 19:32:34", "elapsed": 253.918164, "delta": 0.349784}}
{"target": -60.2169305760908, "params": {"momentum_down": 0.14198492116889116, "momentum_up": 0.8910047634481807, "mu_down": 0.23038056450342292, "mu_up": 0.0025526867826315045}, "datetime": {"datetime": "2024-06-09 19:32:35", "elapsed": 254.3728, "delta": 0.454636}}
{"target": -50.271253727885544, "params": {"momentum_down": 0.9215504818043254, "momentum_up": 0.019884256924835433, "mu_down": 0.22786886638033016, "mu_up": 0.0029395482153287762}, "datetime": {"datetime": "2024-06-09 19:32:36", "elapsed": 255.596948, "delta": 1.224148}}
{"target": -2079.1693867276626, "params": {"momentum_down": 0.23476050047726033, "momentum_up": 0.5490528245483842, "mu_down": 0.00041472235787520795, "mu_up": 0.0017676554157686649}, "datetime": {"datetime": "2024-06-09 19:32:39", "elapsed": 258.778845, "delta": 3.181897}}
{"target": -70.27268321709312, "params": {"momentum_down": 0.5068999672446559, "momentum_up": 0.6913079999635263, "mu_down": 0.08528532881431855, "mu_up": 0.007179446150268267}, "datetime": {"datetime": "2024-06-09 19:32:40", "elapsed": 260.048149, "delta": 1.269304}}
{"target": -30.09567140074852, "params": {"momentum_down": 0.45633555812342136, "momentum_up": 0.16084506223162734, "mu_down": 0.32529097510986843, "mu_up": 0.006523827039446448}, "datetime": {"datetime": "2024-06-09 19:32:42", "elapsed": 261.519388, "delta": 1.471239}}
{"target": -30.13340423204967, "params": {"momentum_down": 0.6864192457168424, "momentum_up": 0.8075248394872597, "mu_down": 0.264644617626092, "mu_up": 0.004725040806947069}, "datetime": {"datetime": "2024-06-09 19:32:43", "elapsed": 262.753881, "delta": 1.234493}}
{"target": -60.2397905502899, "params": {"momentum_down": 0.6093626331680805, "momentum_up": 0.7502788974956508, "mu_down": 0.08194713340125714, "mu_up": 0.007843706409352755}, "datetime": {"datetime": "2024-06-09 19:32:45", "elapsed": 265.239402, "delta": 2.485521}}
{"target": -60.16780120308314, "params": {"momentum_down": 0.5744709378830928, "momentum_up": 0.6083759249306634, "mu_down": 0.10396254232429014, "mu_up": 0.0028146737706569603}, "datetime": {"datetime": "2024-06-09 19:32:46", "elapsed": 265.755596, "delta": 0.516194}}
{"target": -211.29387683175835, "params": {"momentum_down": 0.16235623629303345, "momentum_up": 0.9469778264883146, "mu_down": 0.2331590412011677, "mu_up": 0.0009082804903724811}, "datetime": {"datetime": "2024-06-09 19:32:48", "elapsed": 267.529052, "delta": 1.773456}}
{"target": -30.011812056041915, "params": {"momentum_down": 0.8763631390353266, "momentum_up": 0.6857280929532659, "mu_down": 0.2397205551161376, "mu_up": 0.009278598097791317}, "datetime": {"datetime": "2024-06-09 19:32:49", "elapsed": 268.500195, "delta": 0.971143}}
{"target": -2300.0, "params": {"momentum_down": 0.9509680346226652, "momentum_up": 0.6278358945834893, "mu_down": 0.34722451184570846, "mu_up": 0.005976856840761595}, "datetime": {"datetime": "2024-06-09 19:32:49", "elapsed": 268.965931, "delta": 0.465736}}
{"target": -110.28617361187841, "params": {"momentum_down": 0.6851517653668644, "momentum_up": 0.3862981770206769, "mu_down": 0.3581584656635842, "mu_up": 0.000687032973986012}, "datetime": {"datetime": "2024-06-09 19:32:51", "elapsed": 270.577639, "delta": 1.611708}}
{"target": -40.29676277868589, "params": {"momentum_down": 0.619867366699815, "momentum_up": 0.09510051788997165, "mu_down": 0.1340288592464664, "mu_up": 0.0033597374690964464}, "datetime": {"datetime": "2024-06-09 19:32:51", "elapsed": 270.985254, "delta": 0.407615}}
{"target": -20.036948486052037, "params": {"momentum_down": 0.6076799384229785, "momentum_up": 0.6209274986631983, "mu_down": 0.4551605403315349, "mu_up": 0.0050498765807891035}, "datetime": {"datetime": "2024-06-09 19:32:52", "elapsed": 271.462119, "delta": 0.476865}}
{"target": -2300.0, "params": {"momentum_down": 0.8523023056881015, "momentum_up": 0.9671585148189201, "mu_down": 0.22598747515623052, "mu_up": 0.00607747947433295}, "datetime": {"datetime": "2024-06-09 19:32:52", "elapsed": 272.015725, "delta": 0.553606}}
{"target": -2322.1549955932537, "params": {"momentum_down": 0.7966913534821974, "momentum_up": 0.7652134766219467, "mu_down": 0.4915738161285828, "mu_up": 0.008611948618413015}, "datetime": {"datetime": "2024-06-09 19:32:54", "elapsed": 274.218243, "delta": 2.202518}}
{"target": -2065.566614698023, "params": {"momentum_down": 0.9007603272412481, "momentum_up": 0.796344960481343, "mu_down": 0.1710806007002309, "mu_up": 0.00874038063536374}, "datetime": {"datetime": "2024-06-09 19:32:57", "elapsed": 276.318452, "delta": 2.100209}}
{"target": -2300.0, "params": {"momentum_down": 0.2746591037062937, "momentum_up": 0.967621164320226, "mu_down": 0.473491717361079, "mu_up": 0.0016165643874561696}, "datetime": {"datetime": "2024-06-09 19:32:57", "elapsed": 276.641903, "delta": 0.323451}}
{"target": -20.01236491809499, "params": {"momentum_down": 0.74188029333472, "momentum_up": 0.43500660705426486, "mu_down": 0.4387470610048844, "mu_up": 0.00906379604624324}, "datetime": {"datetime": "2024-06-09 19:32:57", "elapsed": 276.939896, "delta": 0.297993}}
{"target": -100.24922166212488, "params": {"momentum_down": 0.6288193743187983, "momentum_up": 0.008784683576838506, "mu_down": 0.19097711792099503, "mu_up": 0.0013318505137569247}, "datetime": {"datetime": "2024-06-09 19:32:58", "elapsed": 277.438166, "delta": 0.49827}}
{"target": -30.06141797230613, "params": {"momentum_down": 0.5171097608227297, "momentum_up": 0.8058120771619549, "mu_down": 0.37310898146208943, "mu_up": 0.006876444063664333}, "datetime": {"datetime": "2024-06-09 19:32:59", "elapsed": 278.892388, "delta": 1.454222}}
{"target": -30.211456368637364, "params": {"momentum_down": 0.20247011678365318, "momentum_up": 0.31055998817919417, "mu_down": 0.3590018422553163, "mu_up": 0.005951219923088788}, "datetime": {"datetime": "2024-06-09 19:32:59", "elapsed": 279.265699, "delta": 0.373311}}
{"target": -90.12811722836712, "params": {"momentum_down": 0.47892647176638126, "momentum_up": 0.9233482181856585, "mu_down": 0.1515279710558966, "mu_up": 0.0019115488482452547}, "datetime": {"datetime": "2024-06-09 19:33:01", "elapsed": 280.690641, "delta": 1.424942}}
{"target": -2300.0, "params": {"momentum_down": 0.08161383514753082, "momentum_up": 0.8427820275788512, "mu_down": 0.492958612536849, "mu_up": 0.00496649834568317}, "datetime": {"datetime": "2024-06-09 19:33:01", "elapsed": 281.063727, "delta": 0.373086}}
{"target": -50.138232979654575, "params": {"momentum_down": 0.15914794476109878, "momentum_up": 0.5950477058346397, "mu_down": 0.2527773121694802, "mu_up": 0.005904683293268131}, "datetime": {"datetime": "2024-06-09 19:33:02", "elapsed": 281.482152, "delta": 0.418425}}
{"target": -40.183678370012, "params": {"momentum_down": 0.4292244850115715, "momentum_up": 0.8310227628735322, "mu_down": 0.21550515857423586, "mu_up": 0.0059281036935515665}, "datetime": {"datetime": "2024-06-09 19:33:02", "elapsed": 281.925865, "delta": 0.443713}}
{"target": -20.121807228181893, "params": {"momentum_down": 0.7060061527119073, "momentum_up": 0.4092148959884626, "mu_down": 0.25995268009011546, "mu_up": 0.005117880342620145}, "datetime": {"datetime": "2024-06-09 19:33:04", "elapsed": 283.531027, "delta": 1.605162}}
{"target": -2387.959971121605, "params": {"momentum_down": 0.6497295740316739, "momentum_up": 0.928594915963839, "mu_down": 0.1915595868638431, "mu_up": 0.008398614496339853}, "datetime": {"datetime": "2024-06-09 19:33:06", "elapsed": 285.671706, "delta": 2.140679}}
{"target": -30.17722762636768, "params": {"momentum_down": 0.6217505582348276, "momentum_up": 0.8498379285370528, "mu_down": 0.34664391686064305, "mu_up": 0.002588526086297406}, "datetime": {"datetime": "2024-06-09 19:33:06", "elapsed": 286.073726, "delta": 0.40202}}
{"target": -30.09657852255752, "params": {"momentum_down": 0.3550117763527493, "momentum_up": 0.644397872527666, "mu_down": 0.37732325978749554, "mu_up": 0.0031985114405326106}, "datetime": {"datetime": "2024-06-09 19:33:07", "elapsed": 286.553772, "delta": 0.480046}}
{"target": -60.242497652550924, "params": {"momentum_down": 0.21774288310030324, "momentum_up": 0.8190305235129265, "mu_down": 0.1648717693185568, "mu_up": 0.006092521132164108}, "datetime": {"datetime": "2024-06-09 19:33:09", "elapsed": 288.501442, "delta": 1.94767}}
{"target": -2300.0, "params": {"momentum_down": 0.9760289500725261, "momentum_up": 0.8021677189324274, "mu_down": 0.37454606130602874, "mu_up": 0.004996196691118176}, "datetime": {"datetime": "2024-06-09 19:33:12", "elapsed": 291.386318, "delta": 2.884876}}
{"target": -301.28950612397085, "params": {"momentum_down": 0.12153269942988079, "momentum_up": 0.5316308760611215, "mu_down": 0.03499307756015574, "mu_up": 0.006422477579681681}, "datetime": {"datetime": "2024-06-09 19:33:14", "elapsed": 293.308965, "delta": 1.922647}}
{"target": -30.13864760861704, "params": {"momentum_down": 0.4219973912937352, "momentum_up": 0.07075922658329896, "mu_down": 0.4632295303542612, "mu_up": 0.004590220274143074}, "datetime": {"datetime": "2024-06-09 19:33:16", "elapsed": 295.981784, "delta": 2.672819}}
{"target": -2300.0, "params": {"momentum_down": 0.0404970509588402, "momentum_up": 0.40712002966918964, "mu_down": 0.4576057027929901, "mu_up": 0.00974479504103001}, "datetime": {"datetime": "2024-06-09 19:33:18", "elapsed": 297.62986, "delta": 1.648076}}
{"target": -20.09298667051163, "params": {"momentum_down": 0.6678574732943355, "momentum_up": 0.27339768239140566, "mu_down": 0.4062069646338099, "mu_up": 0.00929915641356456}, "datetime": {"datetime": "2024-06-09 19:33:18", "elapsed": 298.183765, "delta": 0.553905}}
{"target": -512.2954275281138, "params": {"momentum_down": 0.03806075316194625, "momentum_up": 0.5493622078047496, "mu_down": 0.022717217405415324, "mu_up": 0.005409438596092805}, "datetime": {"datetime": "2024-06-09 19:33:19", "elapsed": 299.057659, "delta": 0.873894}}
{"target": -40.28173729358496, "params": {"momentum_down": 0.07173970245910818, "momentum_up": 0.09733039142376544, "mu_down": 0.31784586826852607, "mu_up": 0.004032248680018736}, "datetime": {"datetime": "2024-06-09 19:33:21", "elapsed": 300.901142, "delta": 1.843483}}
{"target": -2863.391343294326, "params": {"momentum_down": 0.7971513237389423, "momentum_up": 0.9160793245805351, "mu_down": 0.25655235795047926, "mu_up": 0.007796567640551854}, "datetime": {"datetime": "2024-06-09 19:33:27", "elapsed": 306.558562, "delta": 5.65742}}
