{"target": -50.219223417827806, "params": {"momentum_down": 0.42711125452679405, "momentum_up": 0.05343149733111161, "mu_down": 0.15707878671868597, "mu_up": 0.006467966656239943}, "datetime": {"datetime": "2024-06-09 19:29:20", "elapsed": 60.048843, "delta": 0.571517}}
{"target": -50.17613783069618, "params": {"momentum_down": 0.8342724678162229, "momentum_up": 0.6494175915668382, "mu_down": 0.4193232616602609, "mu_up": 0.0009637165388109355}, "datetime": {"datetime": "2024-06-09 19:29:20", "elapsed": 60.259032, "delta": 0.210189}}
{"target": -552.2989169793957, "params": {"momentum_down": 0.5051620082760635, "momentum_up": 0.037702503523477385, "mu_down": 0.010583115703351353, "mu_up": 0.003069489505352104}, "datetime": {"datetime": "2024-06-09 19:29:21", "elapsed": 60.843738, "delta": 0.584706}}
{"target": -40.22945554762489, "params": {"momentum_down": 0.3266928678090405, "momentum_up": 0.7371448644640596, "mu_down": 0.23185750100045072, "mu_up": 0.0015251906020516265}, "datetime": {"datetime": "2024-06-09 19:29:21", "elapsed": 61.2655, "delta": 0.421762}}
{"target": -201.2634990807899, "params": {"momentum_down": 0.4374937514558387, "momentum_up": 0.4622793455090951, "mu_down": 0.03472154997531968, "mu_up": 0.0031726101114294696}, "datetime": {"datetime": "2024-06-09 19:29:22", "elapsed": 61.545602, "delta": 0.280102}}
{"target": -2653.6203033309466, "params": {"momentum_down": 0.2146750546083913, "momentum_up": 0.9661439562955123, "mu_down": 0.11021391463762104, "mu_up": 0.00934251111258474}, "datetime": {"datetime": "2024-06-09 19:29:24", "elapsed": 63.625494, "delta": 2.079892}}
{"target": -30.071345833436087, "params": {"momentum_down": 0.7353828203143621, "momentum_up": 0.3979986724392024, "mu_down": 0.1503160576882306, "mu_up": 0.009859737189270445}, "datetime": {"datetime": "2024-06-09 19:29:24", "elapsed": 64.205523, "delta": 0.580029}}
{"target": -30.116741540193676, "params": {"momentum_down": 0.47365086874623114, "momentum_up": 0.16954100625149826, "mu_down": 0.2791143556584582, "mu_up": 0.009311575511854787}, "datetime": {"datetime": "2024-06-09 19:29:25", "elapsed": 64.525918, "delta": 0.320395}}
{"target": -2300.0, "params": {"momentum_down": 0.9145850887838799, "momentum_up": 0.10567453548421657, "mu_down": 0.2418604991597202, "mu_up": 0.00881458775085632}, "datetime": {"datetime": "2024-06-09 19:29:25", "elapsed": 64.930648, "delta": 0.40473}}
{"target": -60.185254385028124, "params": {"momentum_down": 0.8436113446132814, "momentum_up": 0.924696788401129, "mu_down": 0.10665142280857881, "mu_up": 0.008080934803720864}, "datetime": {"datetime": "2024-06-09 19:29:25", "elapsed": 65.153491, "delta": 0.222843}}
{"target": -50.266951128734185, "params": {"momentum_down": 0.3853687870410415, "momentum_up": 0.8692968791276138, "mu_down": 0.19296454887240355, "mu_up": 0.00494499664222919}, "datetime": {"datetime": "2024-06-09 19:29:26", "elapsed": 65.301761, "delta": 0.14827}}
{"target": -20.02365651845152, "params": {"momentum_down": 0.8731898025503932, "momentum_up": 0.4869868907021657, "mu_down": 0.2349654239146723, "mu_up": 0.008216143095752635}, "datetime": {"datetime": "2024-06-09 19:29:26", "elapsed": 65.596795, "delta": 0.295034}}
{"target": -20.292978848117343, "params": {"momentum_down": 0.7952258049223373, "momentum_up": 0.03961464420202617, "mu_down": 0.1529213387754535, "mu_up": 0.006113880711971459}, "datetime": {"datetime": "2024-06-09 19:29:26", "elapsed": 66.002068, "delta": 0.405273}}
{"target": -2300.0, "params": {"momentum_down": 0.7104139811019633, "momentum_up": 0.9866039157500884, "mu_down": 0.11176421717991286, "mu_up": 0.0012104602131625178}, "datetime": {"datetime": "2024-06-09 19:29:27", "elapsed": 67.011776, "delta": 1.009708}}
{"target": -20.17843747589341, "params": {"momentum_down": 0.48461664743639465, "momentum_up": 0.6367583392745574, "mu_down": 0.3846472695657108, "mu_up": 0.0038047310580487563}, "datetime": {"datetime": "2024-06-09 19:29:28", "elapsed": 67.364818, "delta": 0.353042}}
{"target": -2300.0, "params": {"momentum_down": 0.027929067634140412, "momentum_up": 0.3837865805879714, "mu_down": 0.4781677666314501, "mu_up": 0.004085122848637701}, "datetime": {"datetime": "2024-06-09 19:29:28", "elapsed": 67.927997, "delta": 0.563179}}
{"target": -2057.6919832184403, "params": {"momentum_down": 0.7856209212297215, "momentum_up": 0.9298627713924303, "mu_down": 0.1839864015763361, "mu_up": 0.003107452378279225}, "datetime": {"datetime": "2024-06-09 19:29:30", "elapsed": 70.158117, "delta": 2.23012}}
{"target": -80.27452900061644, "params": {"momentum_down": 0.580458657200887, "momentum_up": 0.9182434319512083, "mu_down": 0.07265147767988078, "mu_up": 0.0009538252577340104}, "datetime": {"datetime": "2024-06-09 19:29:31", "elapsed": 70.616327, "delta": 0.45821}}
{"target": -90.22487798268706, "params": {"momentum_down": 0.7297989696713781, "momentum_up": 0.22004934903933804, "mu_down": 0.039670715989008454, "mu_up": 0.005806758381500045}, "datetime": {"datetime": "2024-06-09 19:29:32", "elapsed": 71.357389, "delta": 0.741062}}
{"target": -60.285611756967185, "params": {"momentum_down": 0.17239757856400453, "momentum_up": 0.13220278028796073, "mu_down": 0.16564382090426166, "mu_up": 0.008509670160925943}, "datetime": {"datetime": "2024-06-09 19:29:32", "elapsed": 71.769928, "delta": 0.412539}}
{"target": -2296.9548146284747, "params": {"momentum_down": 0.5382049677783456, "momentum_up": 0.9522254021014066, "mu_down": 0.06424822901023125, "mu_up": 0.007830618347075572}, "datetime": {"datetime": "2024-06-09 19:29:34", "elapsed": 73.666568, "delta": 1.89664}}
{"target": -90.28417398753534, "params": {"momentum_down": 0.21593123724531205, "momentum_up": 0.6861944018868253, "mu_down": 0.10428826364337074, "mu_up": 0.005480074687312612}, "datetime": {"datetime": "2024-06-09 19:29:35", "elapsed": 74.620356, "delta": 0.953788}}
{"target": -2255.8994317916495, "params": {"momentum_down": 0.4872748394569359, "momentum_up": 0.9598948828139354, "mu_down": 0.17719547636283267, "mu_up": 0.006028957659176286}, "datetime": {"datetime": "2024-06-09 19:29:37", "elapsed": 77.026775, "delta": 2.406419}}
{"target": -20.092497409907466, "params": {"momentum_down": 0.5262099679037339, "momentum_up": 0.618073806254707, "mu_down": 0.37792462903737994, "mu_up": 0.009709597861132853}, "datetime": {"datetime": "2024-06-09 19:29:38", "elapsed": 77.531982, "delta": 0.505207}}
{"target": -2300.0, "params": {"momentum_down": 0.2376345869382911, "momentum_up": 0.6934960053501069, "mu_down": 0.45014953855656814, "mu_up": 0.0016793285192458775}, "datetime": {"datetime": "2024-06-09 19:29:38", "elapsed": 78.243748, "delta": 0.711766}}
{"target": -30.088941357982574, "params": {"momentum_down": 0.5087136418692708, "momentum_up": 0.8157621399095262, "mu_down": 0.2863668070428599, "mu_up": 0.004615479274806673}, "datetime": {"datetime": "2024-06-09 19:29:39", "elapsed": 78.629303, "delta": 0.385555}}
{"target": -50.29680451265733, "params": {"momentum_down": 0.16119671275360717, "momentum_up": 0.4368997575516714, "mu_down": 0.20692434002084836, "mu_up": 0.005392976457880632}, "datetime": {"datetime": "2024-06-09 19:29:39", "elapsed": 78.828532, "delta": 0.199229}}
{"target": -2086.244885941878, "params": {"momentum_down": 0.8691270948613434, "momentum_up": 0.9110062420926229, "mu_down": 0.12698962224892885, "mu_up": 0.004161424015907523}, "datetime": {"datetime": "2024-06-09 19:29:41", "elapsed": 80.706612, "delta": 1.87808}}
{"target": -70.23695815906973, "params": {"momentum_down": 0.8958646608404881, "momentum_up": 0.30513582516595794, "mu_down": 0.29472614046066375, "mu_up": 0.0014001357010335746}, "datetime": {"datetime": "2024-06-09 19:29:41", "elapsed": 81.235498, "delta": 0.528886}}
{"target": -30.292655286416277, "params": {"momentum_down": 0.4821939395219632, "momentum_up": 0.38162747659429763, "mu_down": 0.20912346315450042, "mu_up": 0.009851692298292403}, "datetime": {"datetime": "2024-06-09 19:29:42", "elapsed": 81.377308, "delta": 0.14181}}
{"target": -110.28887720905422, "params": {"momentum_down": 0.0708363694874507, "momentum_up": 0.04712606233213572, "mu_down": 0.29302304578743105, "mu_up": 0.001146319864370812}, "datetime": {"datetime": "2024-06-09 19:29:42", "elapsed": 81.890186, "delta": 0.512878}}
{"target": -30.194574017007998, "params": {"momentum_down": 0.6493236394568855, "momentum_up": 0.3663574197097962, "mu_down": 0.17140831867959738, "mu_up": 0.003985932674400914}, "datetime": {"datetime": "2024-06-09 19:29:43", "elapsed": 82.347219, "delta": 0.457033}}
{"target": -50.22983819195208, "params": {"momentum_down": 0.4830659531115782, "momentum_up": 0.30735576199563297, "mu_down": 0.13577682872748914, "mu_up": 0.007674306818590441}, "datetime": {"datetime": "2024-06-09 19:29:43", "elapsed": 82.529524, "delta": 0.182305}}
{"target": -20.1377417868625, "params": {"momentum_down": 0.7133062308850904, "momentum_up": 0.6405008326260305, "mu_down": 0.35062376207673085, "mu_up": 0.0057711798079232305}, "datetime": {"datetime": "2024-06-09 19:29:43", "elapsed": 82.950298, "delta": 0.420774}}
{"target": -221.25915217350268, "params": {"momentum_down": 0.25946328696810633, "momentum_up": 0.20098574341286518, "mu_down": 0.04230624731101695, "mu_up": 0.002166092707364317}, "datetime": {"datetime": "2024-06-09 19:29:44", "elapsed": 84.003748, "delta": 1.05345}}
{"target": -140.25417546090068, "params": {"momentum_down": 0.7955014524150014, "momentum_up": 0.26436153387314815, "mu_down": 0.14430748095745788, "mu_up": 0.0007301385300963028}, "datetime": {"datetime": "2024-06-09 19:29:44", "elapsed": 84.272143, "delta": 0.268395}}
{"target": -30.11933471297888, "params": {"momentum_down": 0.6214334784931921, "momentum_up": 0.034074611539422525, "mu_down": 0.2290352747686203, "mu_up": 0.00570335096623942}, "datetime": {"datetime": "2024-06-09 19:29:45", "elapsed": 84.413121, "delta": 0.140978}}
{"target": -412.2897282822482, "params": {"momentum_down": 0.2103774068103545, "momentum_up": 0.39233301737581483, "mu_down": 0.15767299671701435, "mu_up": 0.00022239521068017815}, "datetime": {"datetime": "2024-06-09 19:29:46", "elapsed": 85.330851, "delta": 0.91773}}
{"target": -80.21041742841477, "params": {"momentum_down": 0.5684049672594218, "momentum_up": 0.685985910960287, "mu_down": 0.07027008964971776, "mu_up": 0.009789667033725668}, "datetime": {"datetime": "2024-06-09 19:29:46", "elapsed": 85.991961, "delta": 0.66111}}
{"target": -50.1105187799785, "params": {"momentum_down": 0.057330800449861864, "momentum_up": 0.8628847785111758, "mu_down": 0.29886194252071524, "mu_up": 0.0020252543995784456}, "datetime": {"datetime": "2024-06-09 19:29:47", "elapsed": 86.849697, "delta": 0.857736}}
{"target": -30.185331894429652, "params": {"momentum_down": 0.4824687186875612, "momentum_up": 0.7910880595586949, "mu_down": 0.47227401691891713, "mu_up": 0.009335704202165743}, "datetime": {"datetime": "2024-06-09 19:29:48", "elapsed": 87.319932, "delta": 0.470235}}
{"target": -20.200694031552608, "params": {"momentum_down": 0.7325125876267281, "momentum_up": 0.04520492556124906, "mu_down": 0.29374443324649296, "mu_up": 0.0057285536873460325}, "datetime": {"datetime": "2024-06-09 19:29:48", "elapsed": 87.481573, "delta": 0.161641}}
{"target": -2300.0, "params": {"momentum_down": 0.9493282156933773, "momentum_up": 0.36256862082340957, "mu_down": 0.20400692756098682, "mu_up": 0.009100731300312671}, "datetime": {"datetime": "2024-06-09 19:29:48", "elapsed": 87.721346, "delta": 0.239773}}
{"target": -100.24389351802732, "params": {"momentum_down": 0.47221328960489084, "momentum_up": 0.2715395873833857, "mu_down": 0.0667753524473288, "mu_up": 0.007275272545709059}, "datetime": {"datetime": "2024-06-09 19:29:49", "elapsed": 88.426175, "delta": 0.704829}}
{"target": -160.2556129052066, "params": {"momentum_down": 0.6870531102515682, "momentum_up": 0.5190117222743221, "mu_down": 0.04014261667717561, "mu_up": 0.0004271722681484122}, "datetime": {"datetime": "2024-06-09 19:29:50", "elapsed": 89.400664, "delta": 0.974489}}
{"target": -90.23064625811253, "params": {"momentum_down": 0.3431626569231185, "momentum_up": 0.4894811821491299, "mu_down": 0.10070091912904355, "mu_up": 0.0025457247352487903}, "datetime": {"datetime": "2024-06-09 19:29:50", "elapsed": 90.1403, "delta": 0.739636}}
{"target": -40.20201904816107, "params": {"momentum_down": 0.1134974810280756, "momentum_up": 0.13507924959702752, "mu_down": 0.305741282759086, "mu_up": 0.00870640906802829}, "datetime": {"datetime": "2024-06-09 19:29:51", "elapsed": 90.403303, "delta": 0.263003}}
{"target": -2300.0, "params": {"momentum_down": 0.13139745368305358, "momentum_up": 0.36673017070003816, "mu_down": 0.38665623472359917, "mu_up": 0.0005277760863252988}, "datetime": {"datetime": "2024-06-09 19:29:51", "elapsed": 90.992004, "delta": 0.588701}}
{"target": -50.17660061377293, "params": {"momentum_down": 0.020862033546856625, "momentum_up": 0.3314606655831526, "mu_down": 0.2742219128903633, "mu_up": 0.008674003644344886}, "datetime": {"datetime": "2024-06-09 19:29:52", "elapsed": 91.427446, "delta": 0.435442}}
{"target": -30.11649501411962, "params": {"momentum_down": 0.27863298674820486, "momentum_up": 0.10867681996778891, "mu_down": 0.40695441888318556, "mu_up": 0.00720819182012924}, "datetime": {"datetime": "2024-06-09 19:29:52", "elapsed": 92.016085, "delta": 0.588639}}
{"target": -20.057419028442617, "params": {"momentum_down": 0.858608668604188, "momentum_up": 0.2921987555292553, "mu_down": 0.22072962171455918, "mu_up": 0.006495975816589168}, "datetime": {"datetime": "2024-06-09 19:29:53", "elapsed": 92.574941, "delta": 0.558856}}
{"target": -50.16616070047838, "params": {"momentum_down": 0.3541981740743518, "momentum_up": 0.2093980509155709, "mu_down": 0.3764631703624166, "mu_up": 0.0023350927115249626}, "datetime": {"datetime": "2024-06-09 19:29:53", "elapsed": 92.731727, "delta": 0.156786}}
{"target": -30.07497390932404, "params": {"momentum_down": 0.6249498271501032, "momentum_up": 0.5716548543707032, "mu_down": 0.22190431972171365, "mu_up": 0.004762958656288846}, "datetime": {"datetime": "2024-06-09 19:29:53", "elapsed": 93.190466, "delta": 0.458739}}
{"target": -30.088553465334375, "params": {"momentum_down": 0.4598834682804882, "momentum_up": 0.8142080008557374, "mu_down": 0.3558178872744724, "mu_up": 0.00797362841061981}, "datetime": {"datetime": "2024-06-09 19:29:54", "elapsed": 93.374148, "delta": 0.183682}}
{"target": -20.21412117323758, "params": {"momentum_down": 0.7766507155659288, "momentum_up": 0.2769176319574667, "mu_down": 0.16466974843512094, "mu_up": 0.006023894986670798}, "datetime": {"datetime": "2024-06-09 19:29:54", "elapsed": 93.53223, "delta": 0.158082}}
{"target": -20.033518348054695, "params": {"momentum_down": 0.5761494130007397, "momentum_up": 0.3991589673840798, "mu_down": 0.48885540736397404, "mu_up": 0.00799231879601333}, "datetime": {"datetime": "2024-06-09 19:29:54", "elapsed": 94.0772, "delta": 0.54497}}
{"target": -2363.448405929754, "params": {"momentum_down": 0.4353696006785208, "momentum_up": 0.9806566861058329, "mu_down": 0.17317732458290308, "mu_up": 0.00553121974661767}, "datetime": {"datetime": "2024-06-09 19:29:57", "elapsed": 96.488966, "delta": 2.411766}}
{"target": -20.161316106476285, "params": {"momentum_down": 0.4958764219368637, "momentum_up": 0.7226910341059346, "mu_down": 0.4022213256984933, "mu_up": 0.005777751794270052}, "datetime": {"datetime": "2024-06-09 19:29:57", "elapsed": 96.621989, "delta": 0.133023}}
{"target": -80.21195493222378, "params": {"momentum_down": 0.5624498173797314, "momentum_up": 0.8140725908500515, "mu_down": 0.12073578875947882, "mu_up": 0.0003553886645867807}, "datetime": {"datetime": "2024-06-09 19:29:57", "elapsed": 97.242564, "delta": 0.620575}}
{"target": -2164.943545127579, "params": {"momentum_down": 0.8006725040573083, "momentum_up": 0.9104797572267208, "mu_down": 0.059400110160872654, "mu_up": 0.008689613270249315}, "datetime": {"datetime": "2024-06-09 19:30:00", "elapsed": 99.610708, "delta": 2.368144}}
{"target": -2300.0, "params": {"momentum_down": 0.14451261797586162, "momentum_up": 0.17294064350779478, "mu_down": 0.4807753272932737, "mu_up": 0.009990292498573031}, "datetime": {"datetime": "2024-06-09 19:30:00", "elapsed": 99.764004, "delta": 0.153296}}
{"target": -2300.0, "params": {"momentum_down": 0.03965718912792331, "momentum_up": 0.1379113507400206, "mu_down": 0.4438920158560605, "mu_up": 0.006714983216269338}, "datetime": {"datetime": "2024-06-09 19:30:01", "elapsed": 100.669082, "delta": 0.905078}}
{"target": -60.184716384765146, "params": {"momentum_down": 0.5571096972279165, "momentum_up": 0.22631466943105324, "mu_down": 0.15311618198809007, "mu_up": 0.0018839841322211336}, "datetime": {"datetime": "2024-06-09 19:30:01", "elapsed": 101.207748, "delta": 0.538666}}
{"target": -30.08085495882566, "params": {"momentum_down": 0.5828966541129977, "momentum_up": 0.08460568014007992, "mu_down": 0.2951231155581856, "mu_up": 0.005712861307719272}, "datetime": {"datetime": "2024-06-09 19:30:03", "elapsed": 102.636821, "delta": 1.429073}}
{"target": -2300.0, "params": {"momentum_down": 0.13941281999234922, "momentum_up": 0.5491912282480756, "mu_down": 0.4173674416881815, "mu_up": 0.005535138801408625}, "datetime": {"datetime": "2024-06-09 19:30:04", "elapsed": 103.622288, "delta": 0.985467}}
{"target": -30.19404669258347, "params": {"momentum_down": 0.7261784996107109, "momentum_up": 0.6681802909657503, "mu_down": 0.13948172865805958, "mu_up": 0.0019027411557927783}, "datetime": {"datetime": "2024-06-09 19:30:05", "elapsed": 104.61534, "delta": 0.993052}}
{"target": -402.2944524398448, "params": {"momentum_down": 0.010668546882332083, "momentum_up": 0.6969683787996431, "mu_down": 0.029698554321616888, "mu_up": 0.006384290250840958}, "datetime": {"datetime": "2024-06-09 19:30:05", "elapsed": 105.166001, "delta": 0.550661}}
{"target": -20.23606879499891, "params": {"momentum_down": 0.7254955861628316, "momentum_up": 0.1466008984847861, "mu_down": 0.20505502170873818, "mu_up": 0.0061356831977323004}, "datetime": {"datetime": "2024-06-09 19:30:06", "elapsed": 105.764193, "delta": 0.598192}}
{"target": -20.222345302546078, "params": {"momentum_down": 0.8159152577555464, "momentum_up": 0.4624515917746961, "mu_down": 0.471623084510351, "mu_up": 0.0036407453137707276}, "datetime": {"datetime": "2024-06-09 19:30:06", "elapsed": 105.917852, "delta": 0.153659}}
{"target": -80.24234828950253, "params": {"momentum_down": 0.46997723753943466, "momentum_up": 0.0551467163885384, "mu_down": 0.0932887710766841, "mu_up": 0.0035239578462957243}, "datetime": {"datetime": "2024-06-09 19:30:07", "elapsed": 107.06289, "delta": 1.145038}}
{"target": -281.29787047726586, "params": {"momentum_down": 0.6705404658368709, "momentum_up": 0.1928984607846292, "mu_down": 0.144177177083832, "mu_up": 0.000383118858697578}, "datetime": {"datetime": "2024-06-09 19:30:08", "elapsed": 107.491564, "delta": 0.428674}}
{"target": -20.068402976297076, "params": {"momentum_down": 0.6366459641481959, "momentum_up": 0.6993395881352589, "mu_down": 0.444109831007727, "mu_up": 0.0038795492696096882}, "datetime": {"datetime": "2024-06-09 19:30:08", "elapsed": 108.084482, "delta": 0.592918}}
{"target": -231.2718649053667, "params": {"momentum_down": 0.4993119714170737, "momentum_up": 0.07006630269672501, "mu_down": 0.026046766929490872, "mu_up": 0.007786803530140072}, "datetime": {"datetime": "2024-06-09 19:30:09", "elapsed": 108.447053, "delta": 0.362571}}
{"target": -50.261955928576775, "params": {"momentum_down": 0.2794741791119743, "momentum_up": 0.7250779683753745, "mu_down": 0.1890945077914788, "mu_up": 0.0013481769361411383}, "datetime": {"datetime": "2024-06-09 19:30:10", "elapsed": 109.57985, "delta": 1.132797}}
{"target": -20.02537759915867, "params": {"momentum_down": 0.700882157455549, "momentum_up": 0.5869050244025786, "mu_down": 0.41249892472582744, "mu_up": 0.008580939090665015}, "datetime": {"datetime": "2024-06-09 19:30:10", "elapsed": 110.187306, "delta": 0.607456}}
{"target": -180.29000788815915, "params": {"momentum_down": 0.1333919786024876, "momentum_up": 0.695933352966854, "mu_down": 0.056655214306104706, "mu_up": 0.005678117387891942}, "datetime": {"datetime": "2024-06-09 19:30:11", "elapsed": 111.009882, "delta": 0.822576}}
{"target": -2111.272259445718, "params": {"momentum_down": 0.21988346190205194, "momentum_up": 0.9522489170924532, "mu_down": 0.20664418876077822, "mu_up": 0.0044620210232690525}, "datetime": {"datetime": "2024-06-09 19:30:13", "elapsed": 112.947388, "delta": 1.937506}}
{"target": -2300.0, "params": {"momentum_down": 0.3812783179771344, "momentum_up": 0.5894222385478176, "mu_down": 0.47593489897722807, "mu_up": 0.009184820880725407}, "datetime": {"datetime": "2024-06-09 19:30:13", "elapsed": 113.134549, "delta": 0.187161}}
{"target": -40.2275393449817, "params": {"momentum_down": 0.6148783788242564, "momentum_up": 0.5703145614568598, "mu_down": 0.12503464540994952, "mu_up": 0.007582762636293613}, "datetime": {"datetime": "2024-06-09 19:30:14", "elapsed": 114.272407, "delta": 1.137858}}
{"target": -110.23726303207121, "params": {"momentum_down": 0.6847426632998217, "momentum_up": 0.19825606161413326, "mu_down": 0.11772293569090392, "mu_up": 0.0010207697660567848}, "datetime": {"datetime": "2024-06-09 19:30:16", "elapsed": 115.484096, "delta": 1.211689}}
{"target": -50.18031721087694, "params": {"momentum_down": 0.225126441638286, "momentum_up": 0.3001503898285245, "mu_down": 0.2215635130984729, "mu_up": 0.006943241279584756}, "datetime": {"datetime": "2024-06-09 19:30:16", "elapsed": 116.161134, "delta": 0.677038}}
{"target": -20.135642413070023, "params": {"momentum_down": 0.5113892392033502, "momentum_up": 0.7660835602116043, "mu_down": 0.40884970038039387, "mu_up": 0.006989478498638609}, "datetime": {"datetime": "2024-06-09 19:30:17", "elapsed": 116.344888, "delta": 0.183754}}
