{"target": -50.23366082169566, "params": {"momentum_down": 0.4128517846555483, "momentum_up": 0.7131212485077365, "mu_down": 0.20004574992693797, "mu_up": 0.006053628126910477}, "datetime": {"datetime": "2024-01-23 19:15:21", "elapsed": 0.0, "delta": 0.0}}
{"target": -60.238090021903695, "params": {"momentum_down": 0.14528833190894191, "momentum_up": 0.09141520882110982, "mu_down": 0.27450408455106834, "mu_up": 0.006917758933590524}, "datetime": {"datetime": "2024-01-23 19:15:21", "elapsed": 0.07056, "delta": 0.07056}}
{"target": -30.194383987133563, "params": {"momentum_down": 0.39279979948836324, "momentum_up": 0.5334285666633234, "mu_down": 0.3676778057613179, "mu_up": 0.013707537812931223}, "datetime": {"datetime": "2024-01-23 19:15:21", "elapsed": 0.102659, "delta": 0.032099}}
{"target": -70.20185736074914, "params": {"momentum_down": 0.20240772723420225, "momentum_up": 0.869336262027036, "mu_down": 0.21095503727917048, "mu_up": 0.013412645528466261}, "datetime": {"datetime": "2024-01-23 19:15:21", "elapsed": 0.157868, "delta": 0.055209}}
{"target": -50.17034148183789, "params": {"momentum_down": 0.41313175434345567, "momentum_up": 0.5531029301612941, "mu_down": 0.2561547754380935, "mu_up": 0.003970048766806727}, "datetime": {"datetime": "2024-01-23 19:15:21", "elapsed": 0.197717, "delta": 0.039849}}
{"target": -2300.0, "params": {"momentum_down": 0.7927371229887813, "momentum_up": 0.9585789599622035, "mu_down": 0.32536967126369715, "mu_up": 0.01384952908722959}, "datetime": {"datetime": "2024-01-23 19:15:21", "elapsed": 0.237403, "delta": 0.039686}}
{"target": -70.078482478453, "params": {"momentum_down": 0.8676252607730779, "momentum_up": 0.8856605968688088, "mu_down": 0.23401768454791116, "mu_up": 0.0007907051168253185}, "datetime": {"datetime": "2024-01-23 19:15:21", "elapsed": 0.290719, "delta": 0.053316}}
{"target": -60.204700288389944, "params": {"momentum_down": 0.16813211536892322, "momentum_up": 0.869361078395119, "mu_down": 0.23933873353322005, "mu_up": 0.008427941423850992}, "datetime": {"datetime": "2024-01-23 19:15:21", "elapsed": 0.337174, "delta": 0.046455}}
{"target": -2300.0, "params": {"momentum_down": 0.9483106348489969, "momentum_up": 0.5278336321232869, "mu_down": 0.4767508455801893, "mu_up": 0.006317157463811198}, "datetime": {"datetime": "2024-01-23 19:15:21", "elapsed": 0.450389, "delta": 0.113215}}
{"target": -30.24969517011594, "params": {"momentum_down": 0.6796359184047678, "momentum_up": 0.8262794151783992, "mu_down": 0.20731531093767674, "mu_up": 0.0150053848557499}, "datetime": {"datetime": "2024-01-23 19:15:21", "elapsed": 0.475949, "delta": 0.02556}}
{"target": -2300.0, "params": {"momentum_down": 0.9789724780174297, "momentum_up": 0.740683997836041, "mu_down": 0.31217759682576207, "mu_up": 0.015787693775745255}, "datetime": {"datetime": "2024-01-23 19:15:21", "elapsed": 0.491479, "delta": 0.01553}}
{"target": -2300.0, "params": {"momentum_down": 0.10219374651186561, "momentum_up": 0.4434145909141461, "mu_down": 0.5634382012372382, "mu_up": 0.005879346825989853}, "datetime": {"datetime": "2024-01-23 19:15:22", "elapsed": 0.500364, "delta": 0.008885}}
{"target": -2300.0, "params": {"momentum_down": 0.28489758520048525, "momentum_up": 0.1287282863970949, "mu_down": 0.20774678314811884, "mu_up": 0.01357992230346842}, "datetime": {"datetime": "2024-01-23 19:15:22", "elapsed": 0.539476, "delta": 0.039112}}
{"target": -100.24567121259935, "params": {"momentum_down": 0.20951183484005845, "momentum_up": 0.2628911927785039, "mu_down": 0.3966292637121353, "mu_up": 0.001076717276890437}, "datetime": {"datetime": "2024-01-23 19:15:22", "elapsed": 0.61426, "delta": 0.074784}}
