{"target": -2300.0, "params": {"momentum_down": 0.3675550730634178, "momentum_up": 0.42566100264446527, "mu_down": 0.4601225787094416, "mu_up": 0.0022238895661270417}, "datetime": {"datetime": "2024-01-23 20:53:05", "elapsed": 991.66658, "delta": 0.710264}}
{"target": -70.23372341940072, "params": {"momentum_down": 0.34574587016961605, "momentum_up": 0.15987351363990993, "mu_down": 0.23720765555076104, "mu_up": 0.008828610332108288}, "datetime": {"datetime": "2024-01-23 20:53:13", "elapsed": 999.524109, "delta": 7.857529}}
{"target": -40.22405308011933, "params": {"momentum_down": 0.7337274096184746, "momentum_up": 0.05366566975351245, "mu_down": 0.30266029899422714, "mu_up": 0.003298496679956919}, "datetime": {"datetime": "2024-01-23 20:53:20", "elapsed": 1006.485097, "delta": 6.960988}}
{"target": -40.21829916245244, "params": {"momentum_down": 0.36647844990345085, "momentum_up": 0.7235823562779767, "mu_down": 0.414173240690122, "mu_up": 0.0033005322625692985}, "datetime": {"datetime": "2024-01-23 20:53:24", "elapsed": 1010.531235, "delta": 4.046138}}
{"target": -60.15567506945039, "params": {"momentum_down": 0.17121933085326987, "momentum_up": 0.3113357800893529, "mu_down": 0.3854035513738553, "mu_up": 0.008867713670220665}, "datetime": {"datetime": "2024-01-23 20:53:28", "elapsed": 1014.682222, "delta": 4.150987}}
{"target": -70.16542802910197, "params": {"momentum_down": 0.10191185236139821, "momentum_up": 0.8454789244283594, "mu_down": 0.3436779984942969, "mu_up": 0.007729149967284123}, "datetime": {"datetime": "2024-01-23 20:53:29", "elapsed": 1015.946495, "delta": 1.264273}}
{"target": -311.28875221220187, "params": {"momentum_down": 0.788998895493494, "momentum_up": 0.07355097456165527, "mu_down": 0.05132608177158937, "mu_up": 0.0004532520996136735}, "datetime": {"datetime": "2024-01-23 20:53:30", "elapsed": 1017.097158, "delta": 1.150663}}
{"target": -2052.0391821356084, "params": {"momentum_down": 0.5828996177245865, "momentum_up": 0.9595442136715865, "mu_down": 0.20440113156611944, "mu_up": 0.0056530205259232545}, "datetime": {"datetime": "2024-01-23 20:53:36", "elapsed": 1023.085048, "delta": 5.98789}}
{"target": -2142.981357457278, "params": {"momentum_down": 0.2987932782946688, "momentum_up": 0.9759034959507558, "mu_down": 0.19058780580273232, "mu_up": 0.004134474247928255}, "datetime": {"datetime": "2024-01-23 20:53:42", "elapsed": 1028.735505, "delta": 5.650457}}
{"target": -160.29072895903644, "params": {"momentum_down": 0.973297009281901, "momentum_up": 0.479064563746428, "mu_down": 0.15613493738575307, "mu_up": 0.0018278366893592925}, "datetime": {"datetime": "2024-01-23 20:53:45", "elapsed": 1032.034344, "delta": 3.298839}}
{"target": -30.245612118574268, "params": {"momentum_down": 0.7293975313316023, "momentum_up": 0.0550471091867121, "mu_down": 0.28878164463481426, "mu_up": 0.004798496391125874}, "datetime": {"datetime": "2024-01-23 20:53:49", "elapsed": 1036.045607, "delta": 4.011263}}
{"target": -20.1893993036703, "params": {"momentum_down": 0.7609390943493557, "momentum_up": 0.3205797793272252, "mu_down": 0.4729700914322955, "mu_up": 0.00496671487246049}, "datetime": {"datetime": "2024-01-23 20:53:54", "elapsed": 1040.443456, "delta": 4.397849}}
{"target": -90.2547376786771, "params": {"momentum_down": 0.00896265627384239, "momentum_up": 0.41089230660644394, "mu_down": 0.29432625825201947, "mu_up": 0.0021614922841489068}, "datetime": {"datetime": "2024-01-23 20:53:58", "elapsed": 1044.248362, "delta": 3.804906}}
{"target": -110.2823348020544, "params": {"momentum_down": 0.06442533284706768, "momentum_up": 0.7931496331134852, "mu_down": 0.19841226246513133, "mu_up": 0.006411841818896602}, "datetime": {"datetime": "2024-01-23 20:53:59", "elapsed": 1045.344822, "delta": 1.09646}}
{"target": -180.26778628866165, "params": {"momentum_down": 0.15918166800230915, "momentum_up": 0.05130834524754781, "mu_down": 0.11601037283531213, "mu_up": 0.002736446169091347}, "datetime": {"datetime": "2024-01-23 20:54:00", "elapsed": 1046.353884, "delta": 1.009062}}
{"target": -3224.832656587423, "params": {"momentum_down": 0.7734703345691529, "momentum_up": 0.9023103491825614, "mu_down": 0.44306586668822123, "mu_up": 0.008179306291560395}, "datetime": {"datetime": "2024-01-23 20:54:02", "elapsed": 1048.831465, "delta": 2.477581}}
{"target": -2031.0934344464672, "params": {"momentum_down": 0.4249954457747292, "momentum_up": 0.9464224241492313, "mu_down": 0.259017297760208, "mu_up": 0.003410768856503021}, "datetime": {"datetime": "2024-01-23 20:54:06", "elapsed": 1052.290157, "delta": 3.458692}}
{"target": -50.215211810120884, "params": {"momentum_down": 0.8031103988752587, "momentum_up": 0.678660807268105, "mu_down": 0.11316925134246336, "mu_up": 0.0017601221312366817}, "datetime": {"datetime": "2024-01-23 20:54:09", "elapsed": 1056.126768, "delta": 3.836611}}
{"target": -2300.0, "params": {"momentum_down": 0.7862678356282313, "momentum_up": 0.9753602393426556, "mu_down": 0.20377974514371033, "mu_up": 0.008628928421945257}, "datetime": {"datetime": "2024-01-23 20:54:11", "elapsed": 1057.299383, "delta": 1.172615}}
{"target": -2516.8932603207554, "params": {"momentum_down": 0.8953736904521978, "momentum_up": 0.7199472518679262, "mu_down": 0.08886313229454129, "mu_up": 0.004194604680032436}, "datetime": {"datetime": "2024-01-23 20:54:13", "elapsed": 1059.830426, "delta": 2.531043}}
{"target": -40.112588452254094, "params": {"momentum_down": 0.6301528812566392, "momentum_up": 0.3956383190011919, "mu_down": 0.30212971051180204, "mu_up": 0.005811015111653178}, "datetime": {"datetime": "2024-01-23 20:54:19", "elapsed": 1065.949802, "delta": 6.119376}}
{"target": -30.22169620179143, "params": {"momentum_down": 0.6749394905360221, "momentum_up": 0.39392679095444033, "mu_down": 0.3615764085315307, "mu_up": 0.0034181568437950506}, "datetime": {"datetime": "2024-01-23 20:54:26", "elapsed": 1072.748277, "delta": 6.798475}}
{"target": -30.26719548743036, "params": {"momentum_down": 0.7323822055226197, "momentum_up": 0.06624909349175391, "mu_down": 0.2958067106918363, "mu_up": 0.004355857698691621}, "datetime": {"datetime": "2024-01-23 20:54:33", "elapsed": 1079.616286, "delta": 6.868009}}
{"target": -2150.7408700807537, "params": {"momentum_down": 0.7774298773641901, "momentum_up": 0.9516393908736086, "mu_down": 0.26129224728774414, "mu_up": 0.0014000186913212562}, "datetime": {"datetime": "2024-01-23 20:54:41", "elapsed": 1087.564703, "delta": 7.948417}}
{"target": -40.19219670371158, "params": {"momentum_down": 0.5430722362435687, "momentum_up": 0.7359915942981113, "mu_down": 0.2923773484750623, "mu_up": 0.007474400819064532}, "datetime": {"datetime": "2024-01-23 20:54:49", "elapsed": 1095.552624, "delta": 7.987921}}
{"target": -2039.3983856522264, "params": {"momentum_down": 0.37340016094767153, "momentum_up": 0.9456334980370121, "mu_down": 0.16610139967901144, "mu_up": 0.005257106338299547}, "datetime": {"datetime": "2024-01-23 20:54:56", "elapsed": 1102.664674, "delta": 7.11205}}
{"target": -40.206653769555544, "params": {"momentum_down": 0.7459951845404351, "momentum_up": 0.06970106641684462, "mu_down": 0.2807734459938959, "mu_up": 0.003430264021950102}, "datetime": {"datetime": "2024-01-23 20:55:00", "elapsed": 1107.089464, "delta": 4.42479}}
{"target": -40.29318919584185, "params": {"momentum_down": 0.8140021566130436, "momentum_up": 0.28773454501544643, "mu_down": 0.12617074240014953, "mu_up": 0.003268606916027015}, "datetime": {"datetime": "2024-01-23 20:55:04", "elapsed": 1111.240299, "delta": 4.150835}}
{"target": -2004.1598330551824, "params": {"momentum_down": 0.7337590183272223, "momentum_up": 0.06739583505722599, "mu_down": 0.2843031802552368, "mu_up": 1e-05}, "datetime": {"datetime": "2024-01-23 20:55:17", "elapsed": 1123.551872, "delta": 12.311573}}
{"target": -80.28194697057253, "params": {"momentum_down": 0.08495941621070574, "momentum_up": 0.07548188648863025, "mu_down": 0.2767355945551917, "mu_up": 0.007868914587039604}, "datetime": {"datetime": "2024-01-23 20:55:24", "elapsed": 1131.103592, "delta": 7.55172}}
{"target": -723.28672496158, "params": {"momentum_down": 0.2153101739151696, "momentum_up": 0.5854736119164935, "mu_down": 0.025816289121674607, "mu_up": 0.00856325673561702}, "datetime": {"datetime": "2024-01-23 20:55:29", "elapsed": 1136.077447, "delta": 4.973855}}
{"target": -40.2189442551049, "params": {"momentum_down": 0.37028243843903946, "momentum_up": 0.1206770227938465, "mu_down": 0.4424457363853096, "mu_up": 0.006398122886494157}, "datetime": {"datetime": "2024-01-23 20:55:30", "elapsed": 1136.904585, "delta": 0.827138}}
{"target": -3864.224125492564, "params": {"momentum_down": 0.27194557059347724, "momentum_up": 0.9560310211952293, "mu_down": 0.025721905121483812, "mu_up": 0.0010256260320565284}, "datetime": {"datetime": "2024-01-23 20:55:35", "elapsed": 1141.409499, "delta": 4.504914}}
{"target": -30.23157113228478, "params": {"momentum_down": 0.750484211618741, "momentum_up": 0.057620473575282084, "mu_down": 0.29366594685564146, "mu_up": 0.004539262050459376}, "datetime": {"datetime": "2024-01-23 20:55:42", "elapsed": 1148.988275, "delta": 7.578776}}
{"target": -4881.980110554234, "params": {"momentum_down": 0.9347706564334622, "momentum_up": 0.5460201264051565, "mu_down": 0.36683729814999805, "mu_up": 0.0020816842524914152}, "datetime": {"datetime": "2024-01-23 20:55:48", "elapsed": 1154.864461, "delta": 5.876186}}
{"target": -80.1941642095724, "params": {"momentum_down": 0.14196957950014708, "momentum_up": 0.49647270530915666, "mu_down": 0.2835736267208992, "mu_up": 0.006132606005782939}, "datetime": {"datetime": "2024-01-23 20:55:52", "elapsed": 1158.90078, "delta": 4.036319}}
{"target": -120.28148969268331, "params": {"momentum_down": 0.3941129598411634, "momentum_up": 0.1651438188812139, "mu_down": 0.1219093802845776, "mu_up": 0.005627648753662394}, "datetime": {"datetime": "2024-01-23 20:55:56", "elapsed": 1162.710169, "delta": 3.809389}}
{"target": -341.29642666342954, "params": {"momentum_down": 0.7509828998288439, "momentum_up": 0.08724423301284054, "mu_down": 0.16295854387113035, "mu_up": 0.00041588300385036016}, "datetime": {"datetime": "2024-01-23 20:56:04", "elapsed": 1170.842996, "delta": 8.132827}}
{"target": -221.25923989188192, "params": {"momentum_down": 0.12236012140764402, "momentum_up": 0.6314817520762304, "mu_down": 0.09594919690362497, "mu_up": 0.008913192371534805}, "datetime": {"datetime": "2024-01-23 20:56:06", "elapsed": 1172.719611, "delta": 1.876615}}
{"target": -80.25785754388579, "params": {"momentum_down": 0.6878564654544354, "momentum_up": 0.5122500304156444, "mu_down": 0.17521537040551566, "mu_up": 0.0009198812566771988}, "datetime": {"datetime": "2024-01-23 20:56:17", "elapsed": 1183.990033, "delta": 11.270422}}
{"target": -2300.0, "params": {"momentum_down": 0.9649123245203627, "momentum_up": 0.9079523030009918, "mu_down": 0.4724916043524427, "mu_up": 0.004984653324085147}, "datetime": {"datetime": "2024-01-23 20:56:18", "elapsed": 1185.21832, "delta": 1.228287}}
{"target": -50.24847115720641, "params": {"momentum_down": 0.6812053518122408, "momentum_up": 0.49752162940059513, "mu_down": 0.18116685853503844, "mu_up": 0.002294716301510025}, "datetime": {"datetime": "2024-01-23 20:56:27", "elapsed": 1194.231988, "delta": 9.013668}}
{"target": -60.298374765875685, "params": {"momentum_down": 0.8032569555216128, "momentum_up": 0.7834328797415027, "mu_down": 0.37987361847175427, "mu_up": 0.0048287384966346466}, "datetime": {"datetime": "2024-01-23 20:56:33", "elapsed": 1199.465985, "delta": 5.233997}}
{"target": -80.27422180918914, "params": {"momentum_down": 0.014576679391408338, "momentum_up": 0.40325329032888185, "mu_down": 0.29696640798066215, "mu_up": 0.006974597937750879}, "datetime": {"datetime": "2024-01-23 20:56:38", "elapsed": 1204.452735, "delta": 4.98675}}
{"target": -402.2922510086442, "params": {"momentum_down": 0.006922371942779759, "momentum_up": 0.400864528308691, "mu_down": 0.29979257682206384, "mu_up": 0.00023885681892705864}, "datetime": {"datetime": "2024-01-23 20:56:42", "elapsed": 1208.929892, "delta": 4.477157}}
{"target": -2300.0, "params": {"momentum_down": 0.2614559515954599, "momentum_up": 0.3526514795824928, "mu_down": 0.49054695406151394, "mu_up": 0.004510539402082711}, "datetime": {"datetime": "2024-01-23 20:56:50", "elapsed": 1217.100866, "delta": 8.170974}}
{"target": -70.27847664512196, "params": {"momentum_down": 0.8301352256996448, "momentum_up": 0.4278534819247206, "mu_down": 0.05847778677598087, "mu_up": 0.005082274504252747}, "datetime": {"datetime": "2024-01-23 20:56:54", "elapsed": 1221.115478, "delta": 4.014612}}
{"target": -90.20614887151557, "params": {"momentum_down": 0.11046940413136701, "momentum_up": 0.5390327623609636, "mu_down": 0.2564568640645189, "mu_up": 0.00566708058869172}, "datetime": {"datetime": "2024-01-23 20:57:03", "elapsed": 1230.105424, "delta": 8.989946}}
{"target": -40.27136853884508, "params": {"momentum_down": 0.46246499730286816, "momentum_up": 0.8174690665670601, "mu_down": 0.33143633121143196, "mu_up": 0.008327093197639504}, "datetime": {"datetime": "2024-01-23 20:57:08", "elapsed": 1234.670321, "delta": 4.564897}}
{"target": -2300.0, "params": {"momentum_down": 0.06087055074464488, "momentum_up": 0.028082360542099755, "mu_down": 0.4571146556888153, "mu_up": 0.008859015925406258}, "datetime": {"datetime": "2024-01-23 20:57:09", "elapsed": 1235.491978, "delta": 0.821657}}
{"target": -70.21658430110288, "params": {"momentum_down": 0.6506708577681035, "momentum_up": 0.4062805473123394, "mu_down": 0.12636606353770652, "mu_up": 0.009893493774851119}, "datetime": {"datetime": "2024-01-23 20:57:14", "elapsed": 1240.296191, "delta": 4.804213}}
{"target": -60.2180119044745, "params": {"momentum_down": 0.22214978108635716, "momentum_up": 0.1516885066233511, "mu_down": 0.33429363152315683, "mu_up": 0.009293615609584117}, "datetime": {"datetime": "2024-01-23 20:57:18", "elapsed": 1244.717452, "delta": 4.421261}}
{"target": -50.12658950599661, "params": {"momentum_down": 0.6935173938936698, "momentum_up": 0.4877950481050351, "mu_down": 0.17528549838371132, "mu_up": 0.008877439422296185}, "datetime": {"datetime": "2024-01-23 20:57:26", "elapsed": 1252.831777, "delta": 8.114325}}
{"target": -30.134491592014875, "params": {"momentum_down": 0.7222349434920536, "momentum_up": 0.08091774445587847, "mu_down": 0.3051608388662538, "mu_up": 0.00794544184006334}, "datetime": {"datetime": "2024-01-23 20:57:36", "elapsed": 1263.000496, "delta": 10.168719}}
{"target": -60.22791920899164, "params": {"momentum_down": 0.7936575543357263, "momentum_up": 0.4643687665016009, "mu_down": 0.4602268346083961, "mu_up": 0.0013814697176239691}, "datetime": {"datetime": "2024-01-23 20:57:41", "elapsed": 1267.440364, "delta": 4.439868}}
{"target": -2300.0, "params": {"momentum_down": 0.9786263543138622, "momentum_up": 0.8877378612570229, "mu_down": 0.0431832802890727, "mu_up": 0.00850827089098191}, "datetime": {"datetime": "2024-01-23 20:57:46", "elapsed": 1272.937725, "delta": 5.497361}}
{"target": -50.246849383096006, "params": {"momentum_down": 0.6802925180440946, "momentum_up": 0.49801132674387333, "mu_down": 0.16111437701810694, "mu_up": 0.00459604353953637}, "datetime": {"datetime": "2024-01-23 20:57:53", "elapsed": 1280.031978, "delta": 7.094253}}
{"target": -30.23896263872213, "params": {"momentum_down": 0.58028329140971, "momentum_up": 0.6621667910899127, "mu_down": 0.38281944208820196, "mu_up": 0.0031871163023961665}, "datetime": {"datetime": "2024-01-23 20:58:01", "elapsed": 1287.574709, "delta": 7.542731}}
{"target": -50.271481685596854, "params": {"momentum_down": 0.5276394650141744, "momentum_up": 0.6009039155640867, "mu_down": 0.22678216512348398, "mu_up": 0.00635860359552428}, "datetime": {"datetime": "2024-01-23 20:58:05", "elapsed": 1291.72353, "delta": 4.148821}}
{"target": -60.151783182631874, "params": {"momentum_down": 0.7917525407250645, "momentum_up": 0.7789604315042753, "mu_down": 0.38203170065289593, "mu_up": 0.004892996188075863}, "datetime": {"datetime": "2024-01-23 20:58:11", "elapsed": 1298.025821, "delta": 6.302291}}
{"target": -60.247825090108556, "params": {"momentum_down": 0.6974052727456759, "momentum_up": 0.8259229448076997, "mu_down": 0.12305909941021143, "mu_up": 0.002444885402581807}, "datetime": {"datetime": "2024-01-23 20:58:12", "elapsed": 1299.068269, "delta": 1.042448}}
{"target": -40.291880007787114, "params": {"momentum_down": 0.6268801376354262, "momentum_up": 0.40792328866576677, "mu_down": 0.30102076228866387, "mu_up": 0.0022234050596574477}, "datetime": {"datetime": "2024-01-23 20:58:19", "elapsed": 1305.763409, "delta": 6.69514}}
{"target": -291.2943195746174, "params": {"momentum_down": 0.08557046476371612, "momentum_up": 0.5333894486646639, "mu_down": 0.12582411487107625, "mu_up": 0.000281763261851014}, "datetime": {"datetime": "2024-01-23 20:58:21", "elapsed": 1307.469759, "delta": 1.70635}}
{"target": -2300.0, "params": {"momentum_down": 0.42769216083372547, "momentum_up": 0.4896988959841698, "mu_down": 0.4988232443738806, "mu_up": 0.004973266576468611}, "datetime": {"datetime": "2024-01-23 20:58:25", "elapsed": 1311.566589, "delta": 4.09683}}
{"target": -2125.552458242005, "params": {"momentum_down": 0.6602289734095294, "momentum_up": 0.963490937729434, "mu_down": 0.06322917376098863, "mu_up": 0.0009372380418887887}, "datetime": {"datetime": "2024-01-23 20:58:35", "elapsed": 1321.600629, "delta": 10.03404}}
{"target": -60.25477904553265, "params": {"momentum_down": 0.5956970909356705, "momentum_up": 0.222597902421682, "mu_down": 0.19416360305417285, "mu_up": 0.0029027856563409076}, "datetime": {"datetime": "2024-01-23 20:58:36", "elapsed": 1322.459193, "delta": 0.858564}}
{"target": -2300.0, "params": {"momentum_down": 0.1656489093919132, "momentum_up": 0.3313904452140518, "mu_down": 0.41927579070836585, "mu_up": 0.0019791037059888553}, "datetime": {"datetime": "2024-01-23 20:58:40", "elapsed": 1327.000053, "delta": 4.54086}}
{"target": -30.260090721040417, "params": {"momentum_down": 0.7486593036495449, "momentum_up": 0.08367141616309091, "mu_down": 0.2766967567290728, "mu_up": 0.004340334926601893}, "datetime": {"datetime": "2024-01-23 20:58:48", "elapsed": 1334.945363, "delta": 7.94531}}
{"target": -30.126168161236794, "params": {"momentum_down": 0.7404255792853162, "momentum_up": 0.04916813788006564, "mu_down": 0.29432310780184195, "mu_up": 0.008104641233555364}, "datetime": {"datetime": "2024-01-23 20:58:53", "elapsed": 1339.480027, "delta": 4.534664}}
{"target": -160.2670166802977, "params": {"momentum_down": 0.5747270012585028, "momentum_up": 0.7015252961191392, "mu_down": 0.06326613204849368, "mu_up": 0.009736674143491738}, "datetime": {"datetime": "2024-01-23 20:58:58", "elapsed": 1345.245353, "delta": 5.765326}}
{"target": -40.26931255254614, "params": {"momentum_down": 0.6005608495153446, "momentum_up": 0.21836679764047429, "mu_down": 0.267894303868038, "mu_up": 0.004589255410692374}, "datetime": {"datetime": "2024-01-23 20:58:59", "elapsed": 1346.053726, "delta": 0.808373}}
{"target": -40.117771275507295, "params": {"momentum_down": 0.443743758384893, "momentum_up": 0.30787615551580266, "mu_down": 0.42257740935494253, "mu_up": 0.00972602368920877}, "datetime": {"datetime": "2024-01-23 20:59:04", "elapsed": 1351.092588, "delta": 5.038862}}
{"target": -40.18879290054679, "params": {"momentum_down": 0.6289421489103313, "momentum_up": 0.39443440252066003, "mu_down": 0.28752072729152733, "mu_up": 0.003557004102912409}, "datetime": {"datetime": "2024-01-23 20:59:09", "elapsed": 1355.513286, "delta": 4.420698}}
{"target": -70.26086317187728, "params": {"momentum_down": 0.7381424402385247, "momentum_up": 0.38336258720987154, "mu_down": 0.18467909125244608, "mu_up": 0.001239918230594796}, "datetime": {"datetime": "2024-01-23 20:59:10", "elapsed": 1356.3809, "delta": 0.867614}}
{"target": -80.21454944952625, "params": {"momentum_down": 0.4303986364105984, "momentum_up": 0.276333219063367, "mu_down": 0.1896196021797023, "mu_up": 0.005990692564196269}, "datetime": {"datetime": "2024-01-23 20:59:11", "elapsed": 1357.594182, "delta": 1.213282}}
{"target": -40.15396409528557, "params": {"momentum_down": 0.6318118632350345, "momentum_up": 0.40626711185872794, "mu_down": 0.28421736714525936, "mu_up": 0.0047189236349992275}, "datetime": {"datetime": "2024-01-23 20:59:20", "elapsed": 1366.572422, "delta": 8.97824}}
{"target": -40.21098493813666, "params": {"momentum_down": 0.5001194728077804, "momentum_up": 0.6429722263708701, "mu_down": 0.4240883656703017, "mu_up": 0.0017110896764702592}, "datetime": {"datetime": "2024-01-23 20:59:23", "elapsed": 1370.057927, "delta": 3.485505}}
{"target": -2300.0, "params": {"momentum_down": 0.952260920646544, "momentum_up": 0.9798942074754515, "mu_down": 0.2829501878201425, "mu_up": 0.0061739818224942015}, "datetime": {"datetime": "2024-01-23 20:59:28", "elapsed": 1374.883766, "delta": 4.825839}}
{"target": -80.20638155018607, "params": {"momentum_down": 0.08571001320877422, "momentum_up": 0.881378954005561, "mu_down": 0.2938046096319425, "mu_up": 0.008009921742346163}, "datetime": {"datetime": "2024-01-23 20:59:33", "elapsed": 1380.019951, "delta": 5.136185}}
{"target": -2409.8766607040516, "params": {"momentum_down": 0.8864295664002708, "momentum_up": 0.7871401354979405, "mu_down": 0.24219177073283937, "mu_up": 0.00961557858060778}, "datetime": {"datetime": "2024-01-23 20:59:41", "elapsed": 1387.261909, "delta": 7.241958}}
{"target": -311.2794429270719, "params": {"momentum_down": 0.04030078521828896, "momentum_up": 0.2981629048484303, "mu_down": 0.07919174485226688, "mu_up": 0.0007261788870558504}, "datetime": {"datetime": "2024-01-23 20:59:49", "elapsed": 1395.81984, "delta": 8.557931}}
