{"target": -2215.9054508593804, "params": {"momentum_down": 0.4128517846555483, "momentum_up": 0.7131212485077365, "mu_down": 5.718740867244332e-05, "mu_up": 0.0030303024005920794}, "datetime": {"datetime": "2024-06-09 19:28:20", "elapsed": 0.0, "delta": 0.0}}
{"target": -120.2528305107807, "params": {"momentum_down": 0.14528833190894191, "momentum_up": 0.09141520882110982, "mu_down": 0.09313010568883545, "mu_up": 0.0034621516631600474}, "datetime": {"datetime": "2024-06-09 19:28:20", "elapsed": 0.108157, "delta": 0.108157}}
{"target": -40.19495243730693, "params": {"momentum_down": 0.39279979948836324, "momentum_up": 0.5334285666633234, "mu_down": 0.2095972572016474, "mu_up": 0.006855342808963627}, "datetime": {"datetime": "2024-06-09 19:28:20", "elapsed": 0.145963, "delta": 0.037806}}
{"target": -693.2999136490374, "params": {"momentum_down": 0.20240772723420225, "momentum_up": 0.869336262027036, "mu_down": 0.013693796598963082, "mu_up": 0.006707970426682238}, "datetime": {"datetime": "2024-06-09 19:28:21", "elapsed": 0.756422, "delta": 0.610459}}
{"target": -110.2560655719242, "params": {"momentum_down": 0.41313175434345567, "momentum_up": 0.5531029301612941, "mu_down": 0.07019346929761688, "mu_up": 0.0019890338759579393}, "datetime": {"datetime": "2024-06-09 19:28:21", "elapsed": 0.85591, "delta": 0.099488}}
{"target": -2031.0860156925019, "params": {"momentum_down": 0.7927371229887813, "momentum_up": 0.9585789599622035, "mu_down": 0.15671208907962142, "mu_up": 0.006926302930536448}, "datetime": {"datetime": "2024-06-09 19:28:23", "elapsed": 2.611289, "delta": 1.755379}}
{"target": -70.12260152090879, "params": {"momentum_down": 0.8676252607730779, "momentum_up": 0.8856605968688088, "mu_down": 0.042522105684888956, "mu_up": 0.00040015728449649483}, "datetime": {"datetime": "2024-06-09 19:28:23", "elapsed": 2.675397, "delta": 0.064108}}
{"target": -201.27929106913712, "params": {"momentum_down": 0.16813211536892322, "momentum_up": 0.869361078395119, "mu_down": 0.04917341691652505, "mu_up": 0.004216865173800471}, "datetime": {"datetime": "2024-06-09 19:28:23", "elapsed": 2.854084, "delta": 0.178687}}
{"target": -6305.180828866429, "params": {"momentum_down": 0.9483106348489969, "momentum_up": 0.5278336321232869, "mu_down": 0.3459385569752367, "mu_up": 0.003162001153750569}, "datetime": {"datetime": "2024-06-09 19:28:25", "elapsed": 4.614281, "delta": 1.760197}}
{"target": -422.2922182999997, "params": {"momentum_down": 0.6796359184047678, "momentum_up": 0.8262794151783992, "mu_down": 0.009144138672095903, "mu_up": 0.007503941706300225}, "datetime": {"datetime": "2024-06-09 19:28:25", "elapsed": 4.987408, "delta": 0.373127}}
{"target": -2300.0, "params": {"momentum_down": 0.9789724780174297, "momentum_up": 0.740683997836041, "mu_down": 0.1402219960322026, "mu_up": 0.00789490049123037}, "datetime": {"datetime": "2024-06-09 19:28:25", "elapsed": 5.032824, "delta": 0.045416}}
{"target": -2300.0, "params": {"momentum_down": 0.10219374651186561, "momentum_up": 0.4434145909141461, "mu_down": 0.4542977515465478, "mu_up": 0.0029432053422530583}, "datetime": {"datetime": "2024-06-09 19:28:25", "elapsed": 5.043049, "delta": 0.010225}}
{"target": -894.2987508135642, "params": {"momentum_down": 0.28489758520048525, "momentum_up": 0.1287282863970949, "mu_down": 0.009683478935148537, "mu_up": 0.0067915669740695106}, "datetime": {"datetime": "2024-06-09 19:28:26", "elapsed": 5.829323, "delta": 0.786274}}
{"target": -190.29689220540945, "params": {"momentum_down": 0.20951183484005845, "momentum_up": 0.2628911927785039, "mu_down": 0.24578657964016914, "mu_up": 0.0005430918257196331}, "datetime": {"datetime": "2024-06-09 19:28:26", "elapsed": 5.998794, "delta": 0.169471}}
{"target": -20.228334107192406, "params": {"momentum_down": 0.568376429437093, "momentum_up": 0.14526128915675204, "mu_down": 0.2946527684516421, "mu_up": 0.007000586016609103}, "datetime": {"datetime": "2024-06-09 19:28:26", "elapsed": 6.019064, "delta": 0.02027}}
{"target": -40.144837697220034, "params": {"momentum_down": 0.10131108453954758, "momentum_up": 0.40991542794137265, "mu_down": 0.34720007886387255, "mu_up": 0.004147650902573757}, "datetime": {"datetime": "2024-06-09 19:28:26", "elapsed": 6.056804, "delta": 0.03774}}
{"target": -40.18480602558765, "params": {"momentum_down": 0.04945392435662629, "momentum_up": 0.5305374418563564, "mu_down": 0.3318973226098944, "mu_up": 0.005153742229462502}, "datetime": {"datetime": "2024-06-09 19:28:26", "elapsed": 6.094647, "delta": 0.037843}}
{"target": -40.22795687536157, "params": {"momentum_down": 0.9351488084309052, "momentum_up": 0.580689490096973, "mu_down": 0.45170095764394175, "mu_up": 0.001383372294420913}, "datetime": {"datetime": "2024-06-09 19:28:26", "elapsed": 6.132553, "delta": 0.037906}}
{"target": -60.23532007571424, "params": {"momentum_down": 0.13788358377825097, "momentum_up": 0.7993173758224286, "mu_down": 0.1988384184927668, "mu_up": 0.0016618884291981586}, "datetime": {"datetime": "2024-06-09 19:28:26", "elapsed": 6.188059, "delta": 0.055506}}
{"target": -2598.4061413269683, "params": {"momentum_down": 0.9182334945920736, "momentum_up": 0.3442882011480515, "mu_down": 0.37540605156807777, "mu_up": 0.00726271987365101}, "datetime": {"datetime": "2024-06-09 19:28:28", "elapsed": 7.943028, "delta": 1.754969}}
{"target": -2000.9665514693893, "params": {"momentum_down": 0.05908323069121823, "momentum_up": 0.8352338935258937, "mu_down": 0.00385992799206053, "mu_up": 0.0016269907327848352}, "datetime": {"datetime": "2024-06-09 19:28:30", "elapsed": 9.731432, "delta": 1.788404}}
{"target": -5820.301738202175, "params": {"momentum_down": 0.9069589001463934, "momentum_up": 0.36354899928302215, "mu_down": 0.3450260119631698, "mu_up": 0.008015205643926259}, "datetime": {"datetime": "2024-06-09 19:28:32", "elapsed": 11.544375, "delta": 1.812943}}
{"target": -40.26105678231166, "params": {"momentum_down": 0.31522869904386586, "momentum_up": 0.6564281711363338, "mu_down": 0.22419492816445857, "mu_up": 0.0017303300001412813}, "datetime": {"datetime": "2024-06-09 19:28:32", "elapsed": 11.608931, "delta": 0.064556}}
{"target": -40.22482980592338, "params": {"momentum_down": 0.0719680863107307, "momentum_up": 0.4922896421276283, "mu_down": 0.31104493403744404, "mu_up": 0.005591578125765146}, "datetime": {"datetime": "2024-06-09 19:28:32", "elapsed": 11.935989, "delta": 0.327058}}
{"target": -3145.3511646721404, "params": {"momentum_down": 0.9352824956802217, "momentum_up": 0.5871888284875639, "mu_down": 0.4470310365039522, "mu_up": 0.002580902971452691}, "datetime": {"datetime": "2024-06-09 19:28:34", "elapsed": 13.779855, "delta": 1.843866}}
{"target": -20.295449189191842, "params": {"momentum_down": 0.4054232975285239, "momentum_up": 0.1210742497202682, "mu_down": 0.36499080739473555, "mu_up": 0.008682179154029388}, "datetime": {"datetime": "2024-06-09 19:28:34", "elapsed": 13.851471, "delta": 0.071616}}
{"target": -30.073941324515946, "params": {"momentum_down": 0.6756976464923319, "momentum_up": 0.7718578804154514, "mu_down": 0.4870051138823189, "mu_up": 0.001484757607327127}, "datetime": {"datetime": "2024-06-09 19:28:34", "elapsed": 13.935667, "delta": 0.084196}}
{"target": -40.22522678034764, "params": {"momentum_down": 0.3735054796454565, "momentum_up": 0.2977336779752298, "mu_down": 0.20760066145113137, "mu_up": 0.008312191826467419}, "datetime": {"datetime": "2024-06-09 19:28:34", "elapsed": 14.010249, "delta": 0.074582}}
{"target": -20.265140781161534, "params": {"momentum_down": 0.5759010799003624, "momentum_up": 0.687055330824224, "mu_down": 0.2868054749024032, "mu_up": 0.003297569562702924}, "datetime": {"datetime": "2024-06-09 19:28:34", "elapsed": 14.061163, "delta": 0.050914}}
{"target": -50.14358909000318, "params": {"momentum_down": 0.2844696061958311, "momentum_up": 0.7909569378049244, "mu_down": 0.21179462992003556, "mu_up": 0.00554526090242}, "datetime": {"datetime": "2024-06-09 19:28:34", "elapsed": 14.160487, "delta": 0.099324}}
{"target": -90.20819749961153, "params": {"momentum_down": 0.29121747473762954, "momentum_up": 0.14947591936975227, "mu_down": 0.11266826887935166, "mu_up": 0.0037276092306272736}, "datetime": {"datetime": "2024-06-09 19:28:34", "elapsed": 14.282587, "delta": 0.1221}}
{"target": -2000.607144357377, "params": {"momentum_down": 0.519248063660093, "momentum_up": 0.3082586308963575, "mu_down": 0.0023085970103171594, "mu_up": 0.00821192187402671}, "datetime": {"datetime": "2024-06-09 19:28:36", "elapsed": 16.069242, "delta": 1.786655}}
{"target": -40.251255952708505, "params": {"momentum_down": 0.865150688649818, "momentum_up": 0.7582079845888144, "mu_down": 0.19441990815854016, "mu_up": 0.008751090266893491}, "datetime": {"datetime": "2024-06-09 19:28:36", "elapsed": 16.155203, "delta": 0.085961}}
{"target": -70.20102446077898, "params": {"momentum_down": 0.01594699574304096, "momentum_up": 0.7728352623487534, "mu_down": 0.18746584206428446, "mu_up": 0.005491043088728697}, "datetime": {"datetime": "2024-06-09 19:28:36", "elapsed": 16.258138, "delta": 0.102935}}
{"target": -2139.5004041843977, "params": {"momentum_down": 0.7978173258470223, "momentum_up": 0.9366549847520004, "mu_down": 0.20521783637294289, "mu_up": 0.00898232709263253}, "datetime": {"datetime": "2024-06-09 19:28:38", "elapsed": 18.052016, "delta": 1.793878}}
{"target": -20.250712859941682, "params": {"momentum_down": 0.619094339551864, "momentum_up": 0.7275211668680205, "mu_down": 0.2845950167612572, "mu_up": 0.0067073641587008905}, "datetime": {"datetime": "2024-06-09 19:28:38", "elapsed": 18.129639, "delta": 0.077623}}
{"target": -2300.0, "params": {"momentum_down": 0.30994179474975353, "momentum_up": 0.7762935710742532, "mu_down": 0.4618108838691601, "mu_up": 0.007864217320255053}, "datetime": {"datetime": "2024-06-09 19:28:38", "elapsed": 18.179576, "delta": 0.049937}}
{"target": -2300.0, "params": {"momentum_down": 0.9387182763436606, "momentum_up": 0.7816741046984651, "mu_down": 0.2880532468427946, "mu_up": 0.005980773441519915}, "datetime": {"datetime": "2024-06-09 19:28:39", "elapsed": 18.378452, "delta": 0.198876}}
{"target": -170.256425334629, "params": {"momentum_down": 0.5326382463578416, "momentum_up": 0.030852736772794372, "mu_down": 0.03451308065586772, "mu_up": 0.0058446793853988615}, "datetime": {"datetime": "2024-06-09 19:28:39", "elapsed": 18.585499, "delta": 0.207047}}
{"target": -20.178027191722872, "params": {"momentum_down": 0.577733109612321, "momentum_up": 0.7679716685750269, "mu_down": 0.4530627988289052, "mu_up": 0.002088237594726224}, "datetime": {"datetime": "2024-06-09 19:28:39", "elapsed": 18.644323, "delta": 0.058824}}
{"target": -582.2875074260623, "params": {"momentum_down": 0.3418920302906971, "momentum_up": 0.050783139944782535, "mu_down": 0.013802819900307628, "mu_up": 0.007475413277332519}, "datetime": {"datetime": "2024-06-09 19:28:39", "elapsed": 19.230599, "delta": 0.586276}}
{"target": -20.23594975655531, "params": {"momentum_down": 0.7028929904759875, "momentum_up": 0.06705144060465372, "mu_down": 0.26467171567319053, "mu_up": 0.005697371482232375}, "datetime": {"datetime": "2024-06-09 19:28:39", "elapsed": 19.284194, "delta": 0.053595}}
{"target": -50.28748610083553, "params": {"momentum_down": 0.241222219948625, "momentum_up": 0.8947870425786013, "mu_down": 0.26099686153071455, "mu_up": 0.0052817421245373196}, "datetime": {"datetime": "2024-06-09 19:28:40", "elapsed": 19.380552, "delta": 0.096358}}
{"target": -130.26996490031556, "params": {"momentum_down": 0.2260120896807193, "momentum_up": 0.0613027263982642, "mu_down": 0.0734870791281807, "mu_up": 0.005815046427354331}, "datetime": {"datetime": "2024-06-09 19:28:40", "elapsed": 19.574492, "delta": 0.19394}}
{"target": -90.28183078479434, "params": {"momentum_down": 0.31122724904073773, "momentum_up": 0.5844690992125787, "mu_down": 0.09193336249480383, "mu_up": 0.0068836020898429585}, "datetime": {"datetime": "2024-06-09 19:28:40", "elapsed": 19.726014, "delta": 0.151522}}
{"target": -50.19640540553863, "params": {"momentum_down": 0.019312750768436547, "momentum_up": 0.013102307017929672, "mu_down": 0.28468855565306556, "mu_up": 0.005623632069529689}, "datetime": {"datetime": "2024-06-09 19:28:40", "elapsed": 19.840971, "delta": 0.114957}}
{"target": -2300.0, "params": {"momentum_down": 0.2530379408019461, "momentum_up": 0.3100677379619884, "mu_down": 0.4303117180931709, "mu_up": 0.008867258765827068}, "datetime": {"datetime": "2024-06-09 19:28:40", "elapsed": 19.902871, "delta": 0.0619}}
{"target": -1306.2979214552024, "params": {"momentum_down": 0.17425952197984904, "momentum_up": 0.15631144046153012, "mu_down": 0.007643578054153777, "mu_up": 0.008185063333551018}, "datetime": {"datetime": "2024-06-09 19:28:41", "elapsed": 21.183611, "delta": 1.28074}}
{"target": -50.23461271862884, "params": {"momentum_down": 0.7679692411055381, "momentum_up": 0.44341114154766337, "mu_down": 0.33310383538538024, "mu_up": 0.0015295301073427509}, "datetime": {"datetime": "2024-06-09 19:28:42", "elapsed": 21.290514, "delta": 0.106903}}
{"target": -40.20454636440429, "params": {"momentum_down": 0.4510643545402476, "momentum_up": 0.2961354980292775, "mu_down": 0.18900965663389452, "mu_up": 0.007474472851641304}, "datetime": {"datetime": "2024-06-09 19:28:42", "elapsed": 21.438809, "delta": 0.148295}}
{"target": -120.28238568742324, "params": {"momentum_down": 0.82223226437212, "momentum_up": 0.17702412854515165, "mu_down": 0.018599596153904663, "mu_up": 0.0038854998122593875}, "datetime": {"datetime": "2024-06-09 19:28:42", "elapsed": 21.653922, "delta": 0.215113}}
{"target": -130.23478046355626, "params": {"momentum_down": 0.2712169370912309, "momentum_up": 0.5655707486765509, "mu_down": 0.07143285520426484, "mu_up": 0.005297782306023659}, "datetime": {"datetime": "2024-06-09 19:28:42", "elapsed": 21.842675, "delta": 0.188753}}
{"target": -70.24246622420453, "params": {"momentum_down": 0.7118143316552588, "momentum_up": 0.784200613695581, "mu_down": 0.4705248232126664, "mu_up": 0.0003375307304526591}, "datetime": {"datetime": "2024-06-09 19:28:42", "elapsed": 22.001449, "delta": 0.158774}}
{"target": -90.23914184481217, "params": {"momentum_down": 0.41611763594158363, "momentum_up": 0.07890653593388708, "mu_down": 0.08815073614580893, "mu_up": 0.004201733142799459}, "datetime": {"datetime": "2024-06-09 19:28:42", "elapsed": 22.160471, "delta": 0.159022}}
{"target": -40.28416675172289, "params": {"momentum_down": 0.5550650962229202, "momentum_up": 0.38380593308260863, "mu_down": 0.20436459279484365, "mu_up": 0.0019383552997329573}, "datetime": {"datetime": "2024-06-09 19:28:43", "elapsed": 22.312572, "delta": 0.152101}}
{"target": -150.28962120785104, "params": {"momentum_down": 0.3317226081749346, "momentum_up": 0.2057337095030188, "mu_down": 0.08029543417601143, "mu_up": 0.0009610749817960629}, "datetime": {"datetime": "2024-06-09 19:28:43", "elapsed": 22.558528, "delta": 0.245956}}
{"target": -211.29231109494458, "params": {"momentum_down": 0.5565901988842585, "momentum_up": 0.27062636380712635, "mu_down": 0.4521228373335047, "mu_up": 0.0003761013159242166}, "datetime": {"datetime": "2024-06-09 19:28:43", "elapsed": 22.799012, "delta": 0.240484}}
{"target": -30.102416361527823, "params": {"momentum_down": 0.7968388804999145, "momentum_up": 0.7852485779277919, "mu_down": 0.3881862165626736, "mu_up": 0.0012181164591000989}, "datetime": {"datetime": "2024-06-09 19:28:43", "elapsed": 22.907912, "delta": 0.1089}}
{"target": -2300.0, "params": {"momentum_down": 0.9488922235772734, "momentum_up": 0.2831150012844608, "mu_down": 0.21381019797037504, "mu_up": 0.009729228123819586}, "datetime": {"datetime": "2024-06-09 19:28:43", "elapsed": 23.043752, "delta": 0.13584}}
{"target": -2300.0, "params": {"momentum_down": 0.045286155316616755, "momentum_up": 0.23230119126784707, "mu_down": 0.4732736463116146, "mu_up": 0.004231901821741806}, "datetime": {"datetime": "2024-06-09 19:28:43", "elapsed": 23.086873, "delta": 0.043121}}
{"target": -452.28557927969035, "params": {"momentum_down": 0.0983448291669507, "momentum_up": 0.13295881237790239, "mu_down": 0.02406956810690647, "mu_up": 0.005026672256141485}, "datetime": {"datetime": "2024-06-09 19:28:44", "elapsed": 23.611038, "delta": 0.524165}}
{"target": -30.297960164342047, "params": {"momentum_down": 0.7482081476065383, "momentum_up": 0.6657021490682816, "mu_down": 0.17080370707777992, "mu_up": 0.0013667222764935539}, "datetime": {"datetime": "2024-06-09 19:28:44", "elapsed": 23.675473, "delta": 0.064435}}
{"target": -20.280980646410544, "params": {"momentum_down": 0.5652743193079498, "momentum_up": 0.7518932253404585, "mu_down": 0.361273368409948, "mu_up": 0.00355569316437382}, "datetime": {"datetime": "2024-06-09 19:28:44", "elapsed": 23.812292, "delta": 0.136819}}
{"target": -2300.0, "params": {"momentum_down": 0.9728344198184745, "momentum_up": 0.726076663171826, "mu_down": 0.4426204180519931, "mu_up": 0.007925223310247432}, "datetime": {"datetime": "2024-06-09 19:28:44", "elapsed": 23.932142, "delta": 0.11985}}
{"target": -20.182502103608318, "params": {"momentum_down": 0.6094937845337606, "momentum_up": 0.15690909606185818, "mu_down": 0.48254524532259335, "mu_up": 0.005421130538052296}, "datetime": {"datetime": "2024-06-09 19:28:44", "elapsed": 23.989228, "delta": 0.057086}}
{"target": -2109.759393423056, "params": {"momentum_down": 0.646176945416859, "momentum_up": 0.9130293059996961, "mu_down": 0.33605074682183117, "mu_up": 0.007446980925654204}, "datetime": {"datetime": "2024-06-09 19:28:46", "elapsed": 25.792748, "delta": 1.80352}}
{"target": -50.23020049612914, "params": {"momentum_down": 0.3331254509133214, "momentum_up": 0.2805120403437131, "mu_down": 0.17065237545787998, "mu_up": 0.00976061013811167}, "datetime": {"datetime": "2024-06-09 19:28:46", "elapsed": 25.925415, "delta": 0.132667}}
{"target": -50.22066630778006, "params": {"momentum_down": 0.7093778266571782, "momentum_up": 0.4428153847093113, "mu_down": 0.08751664366618167, "mu_up": 0.0018862576362148973}, "datetime": {"datetime": "2024-06-09 19:28:46", "elapsed": 26.094722, "delta": 0.169307}}
{"target": -2024.5299054603365, "params": {"momentum_down": 0.2102479999257107, "momentum_up": 0.953341582874861, "mu_down": 0.255861146245667, "mu_up": 0.0075750517778589085}, "datetime": {"datetime": "2024-06-09 19:28:48", "elapsed": 28.05777, "delta": 1.963048}}
{"target": -2300.0, "params": {"momentum_down": 0.9581507469167564, "momentum_up": 0.6682495193825603, "mu_down": 0.44115330368466465, "mu_up": 0.007478924183824903}, "datetime": {"datetime": "2024-06-09 19:28:49", "elapsed": 28.358739, "delta": 0.300969}}
{"target": -40.20856579516788, "params": {"momentum_down": 0.8825197424660918, "momentum_up": 0.8708376153339621, "mu_down": 0.22685580283246704, "mu_up": 0.0013475787701886942}, "datetime": {"datetime": "2024-06-09 19:28:49", "elapsed": 28.467452, "delta": 0.108713}}
{"target": -40.23895233472727, "params": {"momentum_down": 0.33502792320839325, "momentum_up": 0.08054502592335949, "mu_down": 0.3525773255256699, "mu_up": 0.0029664061634027163}, "datetime": {"datetime": "2024-06-09 19:28:49", "elapsed": 28.604665, "delta": 0.137213}}
{"target": -90.22555641359581, "params": {"momentum_down": 0.5405121671404708, "momentum_up": 0.3970248828999423, "mu_down": 0.06585844701602028, "mu_up": 0.008239820881092513}, "datetime": {"datetime": "2024-06-09 19:28:49", "elapsed": 28.860101, "delta": 0.255436}}
{"target": -30.083630247456632, "params": {"momentum_down": 0.4800195818592205, "momentum_up": 0.1039381382191897, "mu_down": 0.36410587367162695, "mu_up": 0.005579424431640199}, "datetime": {"datetime": "2024-06-09 19:28:49", "elapsed": 28.97711, "delta": 0.117009}}
{"target": -80.29285419857109, "params": {"momentum_down": 0.5602217185604439, "momentum_up": 0.3783366536189991, "mu_down": 0.06914887508291734, "mu_up": 0.003641187139946434}, "datetime": {"datetime": "2024-06-09 19:28:49", "elapsed": 29.114467, "delta": 0.137357}}
{"target": -70.25218437973837, "params": {"momentum_down": 0.1714841427524696, "momentum_up": 0.0214021691008657, "mu_down": 0.15500851679702254, "mu_up": 0.006180341391624425}, "datetime": {"datetime": "2024-06-09 19:28:49", "elapsed": 29.278011, "delta": 0.163544}}
{"target": -30.11164460399811, "params": {"momentum_down": 0.8357499866336207, "momentum_up": 0.44509982028033385, "mu_down": 0.08619908320466785, "mu_up": 0.007365825785052976}, "datetime": {"datetime": "2024-06-09 19:28:50", "elapsed": 29.415107, "delta": 0.137096}}
{"target": -30.154063855045592, "params": {"momentum_down": 0.6982361290792387, "momentum_up": 0.49913598599340553, "mu_down": 0.17183815734152857, "mu_up": 0.0028046344638931833}, "datetime": {"datetime": "2024-06-09 19:28:50", "elapsed": 29.490423, "delta": 0.075316}}
{"target": -40.24698741752579, "params": {"momentum_down": 0.17551432597594321, "momentum_up": 0.7496307883602278, "mu_down": 0.26175708504672435, "mu_up": 0.006618065879137283}, "datetime": {"datetime": "2024-06-09 19:28:50", "elapsed": 29.5808, "delta": 0.090377}}
{"target": -341.28616436034713, "params": {"momentum_down": 0.09368487884385657, "momentum_up": 0.5040033852577089, "mu_down": 0.0321899948687423, "mu_up": 0.006785066304857747}, "datetime": {"datetime": "2024-06-09 19:28:50", "elapsed": 30.04116, "delta": 0.46036}}
{"target": -80.29553571697515, "params": {"momentum_down": 0.6901060005289948, "momentum_up": 0.4770873940554069, "mu_down": 0.053784906062328, "mu_up": 0.0013275887148274498}, "datetime": {"datetime": "2024-06-09 19:28:50", "elapsed": 30.170367, "delta": 0.129207}}
{"target": -20.182659157131702, "params": {"momentum_down": 0.4798899698378693, "momentum_up": 0.4081339952929903, "mu_down": 0.35383776639648346, "mu_up": 0.009680301270481716}, "datetime": {"datetime": "2024-06-09 19:28:50", "elapsed": 30.232927, "delta": 0.06256}}
