{"target": -70.28795285191579, "params": {"mu_down": 0.17145592381065733, "mu_up": 0.009953515160870344}, "datetime": {"datetime": "2024-07-11 21:45:04", "elapsed": 120.442475, "delta": 1.195786}}
{"target": -90.23315995831625, "params": {"mu_down": 0.14280641585869003, "mu_up": 0.007221137673234041}, "datetime": {"datetime": "2024-07-11 21:45:05", "elapsed": 121.762942, "delta": 1.320467}}
{"target": -70.20378904469305, "params": {"mu_down": 0.19615141563180905, "mu_up": 0.007433811658957231}, "datetime": {"datetime": "2024-07-11 21:45:06", "elapsed": 122.759283, "delta": 0.996341}}
{"target": -60.245105019233414, "params": {"mu_down": 0.2095392537170681, "mu_up": 0.00978985094264024}, "datetime": {"datetime": "2024-07-11 21:45:07", "elapsed": 124.134122, "delta": 1.374839}}
{"target": -2004.3603038573083, "params": {"mu_down": 0.24254013735904473, "mu_up": 1e-05}, "datetime": {"datetime": "2024-07-11 21:45:11", "elapsed": 128.007237, "delta": 3.873115}}
{"target": -241.297273305562, "params": {"mu_down": 0.048631997452638354, "mu_up": 0.008672893769329127}, "datetime": {"datetime": "2024-07-11 21:45:13", "elapsed": 129.68612, "delta": 1.678883}}
{"target": -70.2258943452837, "params": {"mu_down": 0.184404328569773, "mu_up": 0.009015036263277461}, "datetime": {"datetime": "2024-07-11 21:45:14", "elapsed": 131.080773, "delta": 1.394653}}
{"target": -80.23970360075722, "params": {"mu_down": 0.15907782271207785, "mu_up": 0.008614001198869218}, "datetime": {"datetime": "2024-07-11 21:45:16", "elapsed": 132.376855, "delta": 1.296082}}
{"target": -190.28898850408027, "params": {"mu_down": 0.07867225297065933, "mu_up": 0.0012079449526923374}, "datetime": {"datetime": "2024-07-11 21:45:17", "elapsed": 133.862181, "delta": 1.485326}}
{"target": -2004.4371926609494, "params": {"mu_down": 0.21961102544261954, "mu_up": 1e-05}, "datetime": {"datetime": "2024-07-11 21:45:21", "elapsed": 137.747021, "delta": 3.88484}}
{"target": -2004.7480786192557, "params": {"mu_down": 0.047607278641015084, "mu_up": 1e-05}, "datetime": {"datetime": "2024-07-11 21:45:24", "elapsed": 140.981828, "delta": 3.234807}}
{"target": -542.2944243019998, "params": {"mu_down": 0.036400972948421983, "mu_up": 0.0003500539176783926}, "datetime": {"datetime": "2024-07-11 21:45:26", "elapsed": 142.944107, "delta": 1.962279}}
{"target": -221.28487561585038, "params": {"mu_down": 0.05337425130693452, "mu_up": 0.006420284964721454}, "datetime": {"datetime": "2024-07-11 21:45:28", "elapsed": 144.458306, "delta": 1.514199}}
{"target": -2300.0, "params": {"mu_down": 0.42363033279343326, "mu_up": 0.00992958212509376}, "datetime": {"datetime": "2024-07-11 21:45:29", "elapsed": 145.462941, "delta": 1.004635}}
{"target": -190.28554946316268, "params": {"mu_down": 0.06370395762500913, "mu_up": 0.006460326527591318}, "datetime": {"datetime": "2024-07-11 21:45:31", "elapsed": 147.389769, "delta": 1.926828}}
{"target": -2002.7853912388657, "params": {"mu_down": 0.013443737545690448, "mu_up": 5.411721248988988e-05}, "datetime": {"datetime": "2024-07-11 21:45:35", "elapsed": 151.280047, "delta": 3.890278}}
{"target": -2300.0, "params": {"mu_down": 0.380945267018034, "mu_up": 0.01}, "datetime": {"datetime": "2024-07-11 21:45:36", "elapsed": 152.373494, "delta": 1.093447}}
{"target": -793.2929652512995, "params": {"mu_down": 0.01533268001823973, "mu_up": 0.009883427734961349}, "datetime": {"datetime": "2024-07-11 21:45:38", "elapsed": 155.024934, "delta": 2.65144}}
{"target": -2300.0, "params": {"mu_down": 0.27382711495184736, "mu_up": 0.009922892032951854}, "datetime": {"datetime": "2024-07-11 21:45:40", "elapsed": 156.568841, "delta": 1.543907}}
{"target": -301.28511797572617, "params": {"mu_down": 0.04018000630071361, "mu_up": 0.0033457982453540753}, "datetime": {"datetime": "2024-07-11 21:45:43", "elapsed": 159.247844, "delta": 2.679003}}
{"target": -80.21690975690356, "params": {"mu_down": 0.1639044480027288, "mu_up": 0.0071728953359583725}, "datetime": {"datetime": "2024-07-11 21:45:44", "elapsed": 160.821184, "delta": 1.57334}}
{"target": -70.29005225394377, "params": {"mu_down": 0.1737109762601266, "mu_up": 0.007232198854740785}, "datetime": {"datetime": "2024-07-11 21:45:46", "elapsed": 162.772229, "delta": 1.951045}}
{"target": -110.28895487975919, "params": {"mu_down": 0.10982285212234932, "mu_up": 0.007003244114825463}, "datetime": {"datetime": "2024-07-11 21:45:48", "elapsed": 164.776739, "delta": 2.00451}}
{"target": -452.2927552090206, "params": {"mu_down": 0.026753090565840743, "mu_up": 0.009739032631859715}, "datetime": {"datetime": "2024-07-11 21:45:51", "elapsed": 167.156973, "delta": 2.380234}}
{"target": -90.29320881993873, "params": {"mu_down": 0.13326772493970812, "mu_up": 0.007299240103797579}, "datetime": {"datetime": "2024-07-11 21:45:52", "elapsed": 168.411164, "delta": 1.254191}}
{"target": -100.23512012527434, "params": {"mu_down": 0.12843112514293947, "mu_up": 0.007086797877447963}, "datetime": {"datetime": "2024-07-11 21:45:54", "elapsed": 170.335832, "delta": 1.924668}}
{"target": -80.27561989736351, "params": {"mu_down": 0.15255727034700806, "mu_up": 0.01}, "datetime": {"datetime": "2024-07-11 21:45:56", "elapsed": 172.204286, "delta": 1.868454}}
{"target": -70.23851886664491, "params": {"mu_down": 0.2151979438243775, "mu_up": 0.0028545651674439887}, "datetime": {"datetime": "2024-07-11 21:45:57", "elapsed": 174.067135, "delta": 1.862849}}
{"target": -2300.0, "params": {"mu_down": 0.444419922747118, "mu_up": 1e-05}, "datetime": {"datetime": "2024-07-11 21:45:59", "elapsed": 176.05548, "delta": 1.988345}}
{"target": -70.18835214772585, "params": {"mu_down": 0.19986858229524268, "mu_up": 0.007920925429762372}, "datetime": {"datetime": "2024-07-11 21:46:01", "elapsed": 177.914873, "delta": 1.859393}}
{"target": -70.29910265166886, "params": {"mu_down": 0.16932493785376318, "mu_up": 0.007475197882454696}, "datetime": {"datetime": "2024-07-11 21:46:03", "elapsed": 179.708516, "delta": 1.793643}}
{"target": -753.2970434811025, "params": {"mu_down": 0.2147865211517474, "mu_up": 0.00018724810863821831}, "datetime": {"datetime": "2024-07-11 21:46:05", "elapsed": 181.923467, "delta": 2.214951}}
{"target": -100.25198533859513, "params": {"mu_down": 0.20865304419880643, "mu_up": 0.0013698502730699932}, "datetime": {"datetime": "2024-07-11 21:46:07", "elapsed": 184.090791, "delta": 2.167324}}
{"target": -2300.0, "params": {"mu_down": 0.3067176004331301, "mu_up": 0.009759674797874913}, "datetime": {"datetime": "2024-07-11 21:46:09", "elapsed": 185.999929, "delta": 1.909138}}
{"target": -1195.2968086010126, "params": {"mu_down": 0.06698057534459406, "mu_up": 0.00013165178799075182}, "datetime": {"datetime": "2024-07-11 21:46:12", "elapsed": 188.829013, "delta": 2.829084}}
{"target": -2300.0, "params": {"mu_down": 0.4050559487819537, "mu_up": 0.00012558290158469655}, "datetime": {"datetime": "2024-07-11 21:46:13", "elapsed": 190.039455, "delta": 1.210442}}
{"target": -70.27660352013811, "params": {"mu_down": 0.21080666204166715, "mu_up": 0.00265607481585801}, "datetime": {"datetime": "2024-07-11 21:46:16", "elapsed": 193.031706, "delta": 2.992251}}
{"target": -170.27394785390845, "params": {"mu_down": 0.07250308957420626, "mu_up": 0.005336440346362339}, "datetime": {"datetime": "2024-07-11 21:46:18", "elapsed": 195.072751, "delta": 2.041045}}
{"target": -190.27577864279127, "params": {"mu_down": 0.06283444673610428, "mu_up": 0.009875909451944748}, "datetime": {"datetime": "2024-07-11 21:46:20", "elapsed": 196.943418, "delta": 1.870667}}
{"target": -80.24264051717402, "params": {"mu_down": 0.1778725673034594, "mu_up": 0.00304328215152278}, "datetime": {"datetime": "2024-07-11 21:46:22", "elapsed": 199.00974, "delta": 2.066322}}
{"target": -70.27096248451669, "params": {"mu_down": 0.19487106885692562, "mu_up": 0.0033632931283189287}, "datetime": {"datetime": "2024-07-11 21:46:24", "elapsed": 200.288551, "delta": 1.278811}}
{"target": -80.2166001401364, "params": {"mu_down": 0.18027732796133394, "mu_up": 0.004013265598519065}, "datetime": {"datetime": "2024-07-11 21:46:25", "elapsed": 201.795129, "delta": 1.506578}}
{"target": -160.27275076582293, "params": {"mu_down": 0.07599527873286288, "mu_up": 0.009687504388913535}, "datetime": {"datetime": "2024-07-11 21:46:27", "elapsed": 203.614075, "delta": 1.818946}}
{"target": -2004.23812787053, "params": {"mu_down": 0.3150799753133826, "mu_up": 1e-05}, "datetime": {"datetime": "2024-07-11 21:46:31", "elapsed": 207.656741, "delta": 4.042666}}
{"target": -211.29150711863107, "params": {"mu_down": 0.05578491377580064, "mu_up": 0.009880736055103641}, "datetime": {"datetime": "2024-07-11 21:46:33", "elapsed": 209.97067, "delta": 2.313929}}
{"target": -70.2543586535101, "params": {"mu_down": 0.17782157629051837, "mu_up": 0.00998744318067324}, "datetime": {"datetime": "2024-07-11 21:46:35", "elapsed": 211.966044, "delta": 1.995374}}
{"target": -341.29282350341407, "params": {"mu_down": 0.03465166216713972, "mu_up": 0.005956598365034179}, "datetime": {"datetime": "2024-07-11 21:46:38", "elapsed": 215.090906, "delta": 3.124862}}
{"target": -100.2165432197476, "params": {"mu_down": 0.14544468275374345, "mu_up": 0.0033079938546302615}, "datetime": {"datetime": "2024-07-11 21:46:40", "elapsed": 216.920762, "delta": 1.829856}}
{"target": -150.29446656897832, "params": {"mu_down": 0.08000265164855243, "mu_up": 0.007097643461144888}, "datetime": {"datetime": "2024-07-11 21:46:42", "elapsed": 218.770921, "delta": 1.850159}}
{"target": -120.2457252352081, "params": {"mu_down": 0.10574675294528373, "mu_up": 0.0072283913896433434}, "datetime": {"datetime": "2024-07-11 21:46:45", "elapsed": 221.215232, "delta": 2.444311}}
{"target": -100.2587543994144, "params": {"mu_down": 0.12479000516706346, "mu_up": 0.007741127773127773}, "datetime": {"datetime": "2024-07-11 21:46:46", "elapsed": 222.787139, "delta": 1.571907}}
{"target": -140.29337967926014, "params": {"mu_down": 0.08604627681946159, "mu_up": 0.006051813826664742}, "datetime": {"datetime": "2024-07-11 21:46:48", "elapsed": 224.808303, "delta": 2.021164}}
{"target": -70.19928335463376, "params": {"mu_down": 0.21749694969293332, "mu_up": 0.00327219980602747}, "datetime": {"datetime": "2024-07-11 21:46:51", "elapsed": 227.271325, "delta": 2.463022}}
{"target": -231.2935445035063, "params": {"mu_down": 0.050644145507188876, "mu_up": 0.006462460442716438}, "datetime": {"datetime": "2024-07-11 21:46:53", "elapsed": 229.406046, "delta": 2.134721}}
{"target": -201.29442781485486, "params": {"mu_down": 0.058907604707370664, "mu_up": 0.006704287078725781}, "datetime": {"datetime": "2024-07-11 21:46:56", "elapsed": 232.659888, "delta": 3.253842}}
{"target": -60.24337008772646, "params": {"mu_down": 0.21810296794561546, "mu_up": 0.007712828446449206}, "datetime": {"datetime": "2024-07-11 21:46:58", "elapsed": 234.611798, "delta": 1.95191}}
{"target": -80.21234119622532, "params": {"mu_down": 0.16460662948349392, "mu_up": 0.009541383599436914}, "datetime": {"datetime": "2024-07-11 21:47:00", "elapsed": 237.019171, "delta": 2.407373}}
{"target": -60.268056678174645, "params": {"mu_down": 0.2130607465563361, "mu_up": 0.007292646899891225}, "datetime": {"datetime": "2024-07-11 21:47:03", "elapsed": 239.483602, "delta": 2.464431}}
{"target": -90.27018392730872, "params": {"mu_down": 0.1365217680374078, "mu_up": 0.008404930926509756}, "datetime": {"datetime": "2024-07-11 21:47:06", "elapsed": 242.338326, "delta": 2.854724}}
{"target": -70.18587977447002, "params": {"mu_down": 0.20559260849042826, "mu_up": 0.006403701680126767}, "datetime": {"datetime": "2024-07-11 21:47:08", "elapsed": 244.738075, "delta": 2.399749}}
{"target": -130.24909328259236, "params": {"mu_down": 0.09712649398810025, "mu_up": 0.008349176760832095}, "datetime": {"datetime": "2024-07-11 21:47:11", "elapsed": 247.596298, "delta": 2.858223}}
{"target": -70.2051013573684, "params": {"mu_down": 0.19011651674239394, "mu_up": 0.008329042839862374}, "datetime": {"datetime": "2024-07-11 21:47:13", "elapsed": 249.406116, "delta": 1.809818}}
{"target": -80.25234364270628, "params": {"mu_down": 0.16087801713428423, "mu_up": 0.006223020576278629}, "datetime": {"datetime": "2024-07-11 21:47:16", "elapsed": 253.031374, "delta": 3.625258}}
{"target": -120.25401973755349, "params": {"mu_down": 0.10427758272549631, "mu_up": 0.01}, "datetime": {"datetime": "2024-07-11 21:47:18", "elapsed": 254.973828, "delta": 1.942454}}
{"target": -70.25686570216297, "params": {"mu_down": 0.18154039344068496, "mu_up": 0.007325365351996709}, "datetime": {"datetime": "2024-07-11 21:47:20", "elapsed": 256.597609, "delta": 1.623781}}
{"target": -60.259273923349, "params": {"mu_down": 0.20703463329923466, "mu_up": 0.009944971553722372}, "datetime": {"datetime": "2024-07-11 21:47:22", "elapsed": 258.72854, "delta": 2.130931}}
{"target": -80.20938423892838, "params": {"mu_down": 0.17594588095246944, "mu_up": 0.005213730993173107}, "datetime": {"datetime": "2024-07-11 21:47:25", "elapsed": 261.251939, "delta": 2.523399}}
{"target": -140.23838152126194, "params": {"mu_down": 0.09183998178051062, "mu_up": 0.004808261361479374}, "datetime": {"datetime": "2024-07-11 21:47:27", "elapsed": 263.45574, "delta": 2.203801}}
{"target": -90.2634467938183, "params": {"mu_down": 0.14875996776081474, "mu_up": 0.003930839446320179}, "datetime": {"datetime": "2024-07-11 21:47:29", "elapsed": 265.209964, "delta": 1.754224}}
{"target": -70.27093522831069, "params": {"mu_down": 0.190664240756728, "mu_up": 0.004392061327000769}, "datetime": {"datetime": "2024-07-11 21:47:32", "elapsed": 268.507297, "delta": 3.297333}}
{"target": -80.20133358094259, "params": {"mu_down": 0.1859412395378045, "mu_up": 0.003375881892193844}, "datetime": {"datetime": "2024-07-11 21:47:34", "elapsed": 270.855657, "delta": 2.34836}}
{"target": -70.23511379815953, "params": {"mu_down": 0.19600363926451497, "mu_up": 0.005083916360908197}, "datetime": {"datetime": "2024-07-11 21:47:36", "elapsed": 272.931037, "delta": 2.07538}}
{"target": -80.29518023027813, "params": {"mu_down": 0.1493459520247179, "mu_up": 0.007259655228691597}, "datetime": {"datetime": "2024-07-11 21:47:39", "elapsed": 275.51115, "delta": 2.580113}}
{"target": -80.26421257722845, "params": {"mu_down": 0.15448809197744062, "mu_up": 0.008457311907816964}, "datetime": {"datetime": "2024-07-11 21:47:41", "elapsed": 277.768959, "delta": 2.257809}}
{"target": -150.26287442382986, "params": {"mu_down": 0.08230646404331798, "mu_up": 0.009957390770773903}, "datetime": {"datetime": "2024-07-11 21:47:43", "elapsed": 279.982442, "delta": 2.213483}}
{"target": -110.24972762056457, "params": {"mu_down": 0.11460884582631015, "mu_up": 0.008980920306310054}, "datetime": {"datetime": "2024-07-11 21:47:46", "elapsed": 282.282703, "delta": 2.300261}}
{"target": -70.26582728843717, "params": {"mu_down": 0.17611325814854387, "mu_up": 0.00793615900667377}, "datetime": {"datetime": "2024-07-11 21:47:48", "elapsed": 284.8871, "delta": 2.604397}}
{"target": -100.29158071115327, "params": {"mu_down": 0.12030191454866568, "mu_up": 0.005450667672533928}, "datetime": {"datetime": "2024-07-11 21:47:51", "elapsed": 287.729555, "delta": 2.842455}}
{"target": -160.2803341533304, "params": {"mu_down": 0.07602306971613557, "mu_up": 0.0024909291348932305}, "datetime": {"datetime": "2024-07-11 21:47:55", "elapsed": 291.301128, "delta": 3.571573}}
{"target": -70.2666589037259, "params": {"mu_down": 0.19306959854692685, "mu_up": 0.004131513535521871}, "datetime": {"datetime": "2024-07-11 21:47:57", "elapsed": 293.915369, "delta": 2.614241}}
{"target": -80.22673880040973, "params": {"mu_down": 0.16179142587189882, "mu_up": 0.008047324715022293}, "datetime": {"datetime": "2024-07-11 21:48:00", "elapsed": 296.331325, "delta": 2.415956}}
{"target": -130.29062465490247, "params": {"mu_down": 0.09229717383609237, "mu_up": 0.009999136040086967}, "datetime": {"datetime": "2024-07-11 21:48:03", "elapsed": 299.280928, "delta": 2.949603}}
{"target": -2002.367500044732, "params": {"mu_down": 0.21015865046675714, "mu_up": 1.904104819745069e-05}, "datetime": {"datetime": "2024-07-11 21:48:07", "elapsed": 303.678589, "delta": 4.397661}}
{"target": -70.24247039881729, "params": {"mu_down": 0.20672912440391317, "mu_up": 0.003059040311985448}, "datetime": {"datetime": "2024-07-11 21:48:10", "elapsed": 306.214921, "delta": 2.536332}}
{"target": -2300.0, "params": {"mu_down": 0.3572109007302651, "mu_up": 0.00022379761327499367}, "datetime": {"datetime": "2024-07-11 21:48:13", "elapsed": 309.469374, "delta": 3.254453}}
{"target": -2300.0, "params": {"mu_down": 0.4309780635875866, "mu_up": 1e-05}, "datetime": {"datetime": "2024-07-11 21:48:16", "elapsed": 312.845533, "delta": 3.376159}}
{"target": -2300.0, "params": {"mu_down": 0.4702141473769696, "mu_up": 1.3283170610120368e-05}, "datetime": {"datetime": "2024-07-11 21:48:19", "elapsed": 315.201637, "delta": 2.356104}}
{"target": -2300.0, "params": {"mu_down": 0.25062152996760884, "mu_up": 0.009871834034660078}, "datetime": {"datetime": "2024-07-11 21:48:24", "elapsed": 320.366888, "delta": 5.165251}}
{"target": -2300.0, "params": {"mu_down": 0.4499751754587075, "mu_up": 0.009859747975213563}, "datetime": {"datetime": "2024-07-11 21:48:26", "elapsed": 322.827171, "delta": 2.460283}}
{"target": -2300.0, "params": {"mu_down": 0.3317264869408619, "mu_up": 0.009799432184912464}, "datetime": {"datetime": "2024-07-11 21:48:30", "elapsed": 326.349557, "delta": 3.522386}}
{"target": -70.28685134611072, "params": {"mu_down": 0.208553660486669, "mu_up": 0.0026172327855151045}, "datetime": {"datetime": "2024-07-11 21:48:32", "elapsed": 329.075826, "delta": 2.726269}}
{"target": -2300.0, "params": {"mu_down": 0.4870837391971734, "mu_up": 4.087511906656764e-05}, "datetime": {"datetime": "2024-07-11 21:48:35", "elapsed": 332.023027, "delta": 2.947201}}
{"target": -90.2293347848609, "params": {"mu_down": 0.14333944959457295, "mu_up": 0.01}, "datetime": {"datetime": "2024-07-11 21:48:37", "elapsed": 334.012666, "delta": 1.989639}}
{"target": -2300.0, "params": {"mu_down": 0.411876211949266, "mu_up": 0.009981868579971503}, "datetime": {"datetime": "2024-07-11 21:48:40", "elapsed": 336.84147, "delta": 2.828804}}
{"target": -824.2952624472649, "params": {"mu_down": 0.2707575653972891, "mu_up": 0.00012820517981802678}, "datetime": {"datetime": "2024-07-11 21:48:44", "elapsed": 340.396911, "delta": 3.555441}}
{"target": -80.22351316184277, "params": {"mu_down": 0.21297222523781711, "mu_up": 0.002193624960029862}, "datetime": {"datetime": "2024-07-11 21:48:47", "elapsed": 344.023879, "delta": 3.626968}}
{"target": -100.24996844997078, "params": {"mu_down": 0.1373540500196777, "mu_up": 0.0034346223953299246}, "datetime": {"datetime": "2024-07-11 21:48:51", "elapsed": 347.248383, "delta": 3.224504}}
{"target": -2004.2751033701877, "params": {"mu_down": 0.2913133791429014, "mu_up": 1e-05}, "datetime": {"datetime": "2024-07-11 21:48:56", "elapsed": 352.302334, "delta": 5.053951}}
{"target": -90.27023848648307, "params": {"mu_down": 0.13586592177657386, "mu_up": 0.005693561091393856}, "datetime": {"datetime": "2024-07-11 21:48:59", "elapsed": 355.29294, "delta": 2.990606}}
{"target": -120.2844151103845, "params": {"mu_down": 0.10130273984272126, "mu_up": 0.005713454535499154}, "datetime": {"datetime": "2024-07-11 21:49:02", "elapsed": 358.610131, "delta": 3.317191}}
{"target": -2004.463967676827, "params": {"mu_down": 0.17705293840486244, "mu_up": 1e-05}, "datetime": {"datetime": "2024-07-11 21:49:07", "elapsed": 363.546027, "delta": 4.935896}}
{"target": -2000.3792411923607, "params": {"mu_down": 0.18411752514732638, "mu_up": 4.6280878021565004e-05}, "datetime": {"datetime": "2024-07-11 21:49:12", "elapsed": 368.536895, "delta": 4.990868}}
{"target": -90.24271188229856, "params": {"mu_down": 0.162699678925056, "mu_up": 0.002436172791368651}, "datetime": {"datetime": "2024-07-11 21:49:14", "elapsed": 370.674855, "delta": 2.13796}}
{"target": -1085.296923187954, "params": {"mu_down": 0.19484030607240083, "mu_up": 9.90351974896886e-05}, "datetime": {"datetime": "2024-07-11 21:49:19", "elapsed": 375.475949, "delta": 4.801094}}
{"target": -80.26687049786274, "params": {"mu_down": 0.16548655764286568, "mu_up": 0.004576370130630568}, "datetime": {"datetime": "2024-07-11 21:49:24", "elapsed": 380.406562, "delta": 4.930613}}
{"target": -60.278802854673565, "params": {"mu_down": 0.21382953148332176, "mu_up": 0.006094926732414858}, "datetime": {"datetime": "2024-07-11 21:49:26", "elapsed": 382.845507, "delta": 2.438945}}
{"target": -291.29169555695836, "params": {"mu_down": 0.04094287119152701, "mu_up": 0.00990123952133297}, "datetime": {"datetime": "2024-07-11 21:49:29", "elapsed": 385.521644, "delta": 2.676137}}
{"target": -60.2822369608045, "params": {"mu_down": 0.2099637423578577, "mu_up": 0.007122120296195884}, "datetime": {"datetime": "2024-07-11 21:49:31", "elapsed": 388.097944, "delta": 2.5763}}
{"target": -60.29895622290867, "params": {"mu_down": 0.19820808720425445, "mu_up": 0.01}, "datetime": {"datetime": "2024-07-11 21:49:34", "elapsed": 390.636568, "delta": 2.538624}}
{"target": -2310.1457545261887, "params": {"mu_down": 0.0, "mu_up": 0.01}, "datetime": {"datetime": "2024-07-11 21:49:39", "elapsed": 395.44969, "delta": 4.813122}}
{"target": -402.281387666247, "params": {"mu_down": 0.03010025303422459, "mu_up": 0.006610067814036646}, "datetime": {"datetime": "2024-07-11 21:49:42", "elapsed": 398.348517, "delta": 2.898827}}
{"target": -70.29774028761459, "params": {"mu_down": 0.1879185592017643, "mu_up": 0.0037931628180143343}, "datetime": {"datetime": "2024-07-11 21:49:45", "elapsed": 401.561908, "delta": 3.213391}}
{"target": -70.26420038448174, "params": {"mu_down": 0.18542767053353038, "mu_up": 0.005867463030389924}, "datetime": {"datetime": "2024-07-11 21:49:47", "elapsed": 404.053768, "delta": 2.49186}}
