{"target": -70.29851011438802, "params": {"momentum_down": 0.170398972403205, "momentum_up": 0.7227075214604671, "mu_down": 0.27873630118746756, "mu_up": 0.0042516196830712115}, "datetime": {"datetime": "2024-01-23 20:42:27", "elapsed": 353.313115, "delta": 1.598213}}
{"target": -50.22470848164765, "params": {"momentum_down": 0.5021140022141098, "momentum_up": 0.37865427511352345, "mu_down": 0.25400093020743125, "mu_up": 0.01}, "datetime": {"datetime": "2024-01-23 20:42:29", "elapsed": 356.101536, "delta": 2.788421}}
{"target": -30.26805360123261, "params": {"momentum_down": 0.5353881450703181, "momentum_up": 0.7714736275528843, "mu_down": 0.4374550040502538, "mu_up": 0.0025944628033683277}, "datetime": {"datetime": "2024-01-23 20:42:31", "elapsed": 357.52988, "delta": 1.428344}}
{"target": -70.26747522342482, "params": {"momentum_down": 0.22406884378864073, "momentum_up": 0.7712508005042603, "mu_down": 0.2610196248787538, "mu_up": 0.009823515955695507}, "datetime": {"datetime": "2024-01-23 20:42:35", "elapsed": 361.588952, "delta": 4.059072}}
{"target": -50.297775374991225, "params": {"momentum_down": 0.8122930257912084, "momentum_up": 0.9358945459791729, "mu_down": 0.25472702663410524, "mu_up": 0.007217620223976403}, "datetime": {"datetime": "2024-01-23 20:42:35", "elapsed": 362.053132, "delta": 0.46418}}
{"target": -130.24835016562258, "params": {"momentum_down": 0.1748823948265548, "momentum_up": 0.01844378313007511, "mu_down": 0.15776665013858332, "mu_up": 0.007952733922376718}, "datetime": {"datetime": "2024-01-23 20:42:36", "elapsed": 363.030501, "delta": 0.977369}}
{"target": -50.24250313370162, "params": {"momentum_down": 0.4157157800409983, "momentum_up": 0.34400794425350567, "mu_down": 0.2936089306634821, "mu_up": 0.009283556074926208}, "datetime": {"datetime": "2024-01-23 20:42:40", "elapsed": 366.576657, "delta": 3.546156}}
{"target": -40.183394157410845, "params": {"momentum_down": 0.4199946340350908, "momentum_up": 0.4960028025080057, "mu_down": 0.4551050247355157, "mu_up": 0.0032647000677018426}, "datetime": {"datetime": "2024-01-23 20:42:43", "elapsed": 369.267033, "delta": 2.690376}}
{"target": -40.233610935002616, "params": {"momentum_down": 0.8749392114343275, "momentum_up": 0.5009957357476226, "mu_down": 0.3052370135409616, "mu_up": 0.0019895871967730333}, "datetime": {"datetime": "2024-01-23 20:42:44", "elapsed": 370.556474, "delta": 1.289441}}
{"target": -30.24484629025201, "params": {"momentum_down": 0.437898454486745, "momentum_up": 0.4423324771086154, "mu_down": 0.46390573665846185, "mu_up": 0.008899662471325762}, "datetime": {"datetime": "2024-01-23 20:42:46", "elapsed": 373.104094, "delta": 2.54762}}
{"target": -50.23697546349636, "params": {"momentum_down": 0.620545785562961, "momentum_up": 0.5573928042547457, "mu_down": 0.189454865529718, "mu_up": 0.005874836825851209}, "datetime": {"datetime": "2024-01-23 20:42:50", "elapsed": 376.654238, "delta": 3.550144}}
{"target": -2003.7580197625268, "params": {"momentum_down": 0.6568901451058432, "momentum_up": 0.15576954188604705, "mu_down": 0.2557085674638429, "mu_up": 1e-05}, "datetime": {"datetime": "2024-01-23 20:42:53", "elapsed": 380.118117, "delta": 3.463879}}
{"target": -40.14732321252298, "params": {"momentum_down": 0.4926322438202951, "momentum_up": 0.7769417902164706, "mu_down": 0.357637223664723, "mu_up": 0.005782360210338403}, "datetime": {"datetime": "2024-01-23 20:42:59", "elapsed": 385.414308, "delta": 5.296191}}
{"target": -2213.126392007669, "params": {"momentum_down": 0.4033896355513096, "momentum_up": 0.4082706510241827, "mu_down": 0.00010434387843849535, "mu_up": 0.0051584742805112225}, "datetime": {"datetime": "2024-01-23 20:43:02", "elapsed": 388.974984, "delta": 3.560676}}
{"target": -2300.0, "params": {"momentum_down": 0.9710857488727536, "momentum_up": 0.33339218127951037, "mu_down": 0.4883145326038681, "mu_up": 0.004499740070232023}, "datetime": {"datetime": "2024-01-23 20:43:04", "elapsed": 390.401382, "delta": 1.426398}}
{"target": -40.236407690644555, "params": {"momentum_down": 0.42081335584789176, "momentum_up": 0.45740700317626015, "mu_down": 0.3741417133047787, "mu_up": 0.006141969225451775}, "datetime": {"datetime": "2024-01-23 20:43:08", "elapsed": 394.944128, "delta": 4.542746}}
{"target": -70.20901759840737, "params": {"momentum_down": 0.3051375174804612, "momentum_up": 0.7489270617208573, "mu_down": 0.2957232895367854, "mu_up": 0.0012067957359786958}, "datetime": {"datetime": "2024-01-23 20:43:12", "elapsed": 399.097116, "delta": 4.152988}}
{"target": -40.22752726147014, "params": {"momentum_down": 0.4845720133697163, "momentum_up": 0.49674784883042516, "mu_down": 0.42456519495134565, "mu_up": 0.002342066261135628}, "datetime": {"datetime": "2024-01-23 20:43:16", "elapsed": 402.968282, "delta": 3.871166}}
{"target": -70.29983522599257, "params": {"momentum_down": 0.8139325119222549, "momentum_up": 0.5240966600933903, "mu_down": 0.07002298067463858, "mu_up": 0.0015508107441558777}, "datetime": {"datetime": "2024-01-23 20:43:18", "elapsed": 404.559604, "delta": 1.591322}}
{"target": -40.22064350143981, "params": {"momentum_down": 0.42189447770400934, "momentum_up": 0.4969796714988671, "mu_down": 0.45249503055922136, "mu_up": 0.0026350656801995137}, "datetime": {"datetime": "2024-01-23 20:43:20", "elapsed": 406.447461, "delta": 1.887857}}
{"target": -40.27691612360352, "params": {"momentum_down": 0.49263999746940274, "momentum_up": 0.0896493435634274, "mu_down": 0.453798858799234, "mu_up": 0.003353562197220359}, "datetime": {"datetime": "2024-01-23 20:43:20", "elapsed": 407.004099, "delta": 0.556638}}
{"target": -30.21701606411706, "params": {"momentum_down": 0.8079880758468281, "momentum_up": 0.3749672802671847, "mu_down": 0.4793763416922217, "mu_up": 0.0029779458618271588}, "datetime": {"datetime": "2024-01-23 20:43:22", "elapsed": 408.887754, "delta": 1.883655}}
{"target": -40.29457928211001, "params": {"momentum_down": 0.6799939366299582, "momentum_up": 0.5984925371138056, "mu_down": 0.18331984409620844, "mu_up": 0.0091376094581587}, "datetime": {"datetime": "2024-01-23 20:43:26", "elapsed": 412.737017, "delta": 3.849263}}
{"target": -150.26249234265316, "params": {"momentum_down": 0.08642728058160076, "momentum_up": 0.389209504255978, "mu_down": 0.14753953547947496, "mu_up": 0.008777911954727324}, "datetime": {"datetime": "2024-01-23 20:43:28", "elapsed": 414.394045, "delta": 1.657028}}
{"target": -30.094481127599742, "params": {"momentum_down": 0.6346293854162286, "momentum_up": 0.6190896545080664, "mu_down": 0.43624698796716566, "mu_up": 0.004375012409171703}, "datetime": {"datetime": "2024-01-23 20:43:31", "elapsed": 417.829417, "delta": 3.435372}}
{"target": -70.21996162824607, "params": {"momentum_down": 0.9193453657234486, "momentum_up": 0.11838584197389102, "mu_down": 0.20185325854264768, "mu_up": 0.0018375607377606798}, "datetime": {"datetime": "2024-01-23 20:43:33", "elapsed": 419.515785, "delta": 1.686368}}
{"target": -100.221941879851, "params": {"momentum_down": 0.15178071533518722, "momentum_up": 0.33176269198928277, "mu_down": 0.21585067591107215, "mu_up": 0.007821179400441167}, "datetime": {"datetime": "2024-01-23 20:43:38", "elapsed": 424.964903, "delta": 5.449118}}
{"target": -40.18331621694183, "params": {"momentum_down": 0.41076255841819176, "momentum_up": 0.38916041358822656, "mu_down": 0.40934492958951046, "mu_up": 0.006809888598001954}, "datetime": {"datetime": "2024-01-23 20:43:44", "elapsed": 431.02286, "delta": 6.057957}}
{"target": -70.27440887199715, "params": {"momentum_down": 0.9282236072423748, "momentum_up": 0.15044802909294056, "mu_down": 0.17198398777509505, "mu_up": 0.0017356049813320564}, "datetime": {"datetime": "2024-01-23 20:43:49", "elapsed": 435.453565, "delta": 4.430705}}
{"target": -30.247875808754372, "params": {"momentum_down": 0.7105192014765527, "momentum_up": 0.10761042542930818, "mu_down": 0.3041938374987165, "mu_up": 0.004620616456078745}, "datetime": {"datetime": "2024-01-23 20:43:49", "elapsed": 435.845572, "delta": 0.392007}}
{"target": -50.180939514875874, "params": {"momentum_down": 0.39616252898065435, "momentum_up": 0.4003414067319715, "mu_down": 0.33641500144579845, "mu_up": 0.0058322327498016874}, "datetime": {"datetime": "2024-01-23 20:43:53", "elapsed": 440.221719, "delta": 4.376147}}
{"target": -50.26829078645321, "params": {"momentum_down": 0.33341089663000884, "momentum_up": 0.4726353201805241, "mu_down": 0.31934941626438934, "mu_up": 0.01}, "datetime": {"datetime": "2024-01-23 20:43:59", "elapsed": 446.092535, "delta": 5.870816}}
{"target": -30.186948748030492, "params": {"momentum_down": 0.7058810153909038, "momentum_up": 0.46981194496689693, "mu_down": 0.277668249143949, "mu_up": 0.00521643982648624}, "datetime": {"datetime": "2024-01-23 20:44:02", "elapsed": 449.189219, "delta": 3.096684}}
{"target": -2001.5982885490757, "params": {"momentum_down": 0.5727283914620834, "momentum_up": 0.5989314375384606, "mu_down": 0.3720514141885399, "mu_up": 1e-05}, "datetime": {"datetime": "2024-01-23 20:44:07", "elapsed": 453.741147, "delta": 4.551928}}
{"target": -2300.0, "params": {"momentum_down": 0.42198835926083716, "momentum_up": 0.9849545908018937, "mu_down": 0.12824036119862814, "mu_up": 0.004040037498157389}, "datetime": {"datetime": "2024-01-23 20:44:10", "elapsed": 456.289178, "delta": 2.548031}}
{"target": -30.23864039933299, "params": {"momentum_down": 0.8653454656530603, "momentum_up": 0.15595433896179303, "mu_down": 0.19595112189108282, "mu_up": 0.0038870628191415013}, "datetime": {"datetime": "2024-01-23 20:44:13", "elapsed": 459.578056, "delta": 3.288878}}
{"target": -50.25490947908337, "params": {"momentum_down": 0.606311069136202, "momentum_up": 0.677863846697853, "mu_down": 0.4917084809387436, "mu_up": 0.0009906549708471378}, "datetime": {"datetime": "2024-01-23 20:44:16", "elapsed": 462.578599, "delta": 3.000543}}
{"target": -30.182440900113246, "params": {"momentum_down": 0.5802235204744789, "momentum_up": 0.724131427335438, "mu_down": 0.4072507320777277, "mu_up": 0.006482900259249981}, "datetime": {"datetime": "2024-01-23 20:44:22", "elapsed": 468.438658, "delta": 5.860059}}
{"target": -2001.1605698980595, "params": {"momentum_down": 0.20791901512470942, "momentum_up": 0.7542085565144158, "mu_down": 0.1947603845457361, "mu_up": 1e-05}, "datetime": {"datetime": "2024-01-23 20:44:30", "elapsed": 477.154051, "delta": 8.715393}}
{"target": -60.25442754241237, "params": {"momentum_down": 0.26659596403586644, "momentum_up": 0.8120345654511969, "mu_down": 0.29243031298609656, "mu_up": 0.01}, "datetime": {"datetime": "2024-01-23 20:44:34", "elapsed": 481.087961, "delta": 3.93391}}
{"target": -522.2907872403396, "params": {"momentum_down": 0.8157358410692211, "momentum_up": 0.8374464107285522, "mu_down": 0.32487918046506614, "mu_up": 4.359762862861174e-05}, "datetime": {"datetime": "2024-01-23 20:44:38", "elapsed": 485.137509, "delta": 4.049548}}
{"target": -70.22831001532354, "params": {"momentum_down": 0.3045452533826004, "momentum_up": 0.6787484039930715, "mu_down": 0.24652040591861746, "mu_up": 0.008052378666721623}, "datetime": {"datetime": "2024-01-23 20:44:42", "elapsed": 488.900492, "delta": 3.762983}}
{"target": -70.28048857419111, "params": {"momentum_down": 0.33226132141726333, "momentum_up": 0.7327165894742367, "mu_down": 0.23181514681411397, "mu_up": 0.0025821558341946227}, "datetime": {"datetime": "2024-01-23 20:44:47", "elapsed": 493.866485, "delta": 4.965993}}
{"target": -30.195696057262708, "params": {"momentum_down": 0.5995392821465565, "momentum_up": 0.29523262235271186, "mu_down": 0.3586414114105323, "mu_up": 0.01}, "datetime": {"datetime": "2024-01-23 20:44:50", "elapsed": 496.477838, "delta": 2.611353}}
{"target": -351.27289659650904, "params": {"momentum_down": 0.1518309158383956, "momentum_up": 0.8658948696189772, "mu_down": 0.05761942158907768, "mu_up": 0.007047680208002914}, "datetime": {"datetime": "2024-01-23 20:44:51", "elapsed": 497.356147, "delta": 0.878309}}
{"target": -50.188691019311136, "params": {"momentum_down": 0.565745223649143, "momentum_up": 0.48940171151749506, "mu_down": 0.4730770849967525, "mu_up": 0.001720021202658036}, "datetime": {"datetime": "2024-01-23 20:44:56", "elapsed": 502.342638, "delta": 4.986491}}
{"target": -30.11132430824685, "params": {"momentum_down": 0.7024760935808045, "momentum_up": 0.4473927580077246, "mu_down": 0.34148709176068814, "mu_up": 0.005337198949356909}, "datetime": {"datetime": "2024-01-23 20:44:59", "elapsed": 505.658188, "delta": 3.31555}}
{"target": -70.26216690883261, "params": {"momentum_down": 0.36007247137356874, "momentum_up": 0.8090689306759125, "mu_down": 0.2220097187457799, "mu_up": 0.0019524989944284905}, "datetime": {"datetime": "2024-01-23 20:45:04", "elapsed": 510.486676, "delta": 4.828488}}
{"target": -150.2972311375233, "params": {"momentum_down": 0.7887934586006851, "momentum_up": 0.3877146540540735, "mu_down": 0.11029190372821818, "mu_up": 0.000585782034817702}, "datetime": {"datetime": "2024-01-23 20:45:08", "elapsed": 514.858174, "delta": 4.371498}}
{"target": -40.11956243749126, "params": {"momentum_down": 0.6234019263803275, "momentum_up": 0.38455761554516177, "mu_down": 0.30484065108040653, "mu_up": 0.005671930268944638}, "datetime": {"datetime": "2024-01-23 20:45:10", "elapsed": 516.922775, "delta": 2.064601}}
{"target": -50.17802904043732, "params": {"momentum_down": 0.26203398047525656, "momentum_up": 0.8523154900733441, "mu_down": 0.3960697832518327, "mu_up": 0.005324777542706828}, "datetime": {"datetime": "2024-01-23 20:45:13", "elapsed": 519.374709, "delta": 2.451934}}
{"target": -70.2363722037973, "params": {"momentum_down": 0.4488236564289403, "momentum_up": 0.4510373141781934, "mu_down": 0.20055336352580788, "mu_up": 0.006321948496703582}, "datetime": {"datetime": "2024-01-23 20:45:17", "elapsed": 523.367933, "delta": 3.993224}}
{"target": -60.28349901346171, "params": {"momentum_down": 0.28564117109580367, "momentum_up": 0.8943566266703403, "mu_down": 0.32830030361941964, "mu_up": 0.003238239700968953}, "datetime": {"datetime": "2024-01-23 20:45:23", "elapsed": 529.254846, "delta": 5.886913}}
{"target": -60.2775231725043, "params": {"momentum_down": 0.6811994052662897, "momentum_up": 0.513767861648723, "mu_down": 0.15266953122797738, "mu_up": 0.0015940688944940699}, "datetime": {"datetime": "2024-01-23 20:45:25", "elapsed": 531.794036, "delta": 2.53919}}
{"target": -60.19678212362745, "params": {"momentum_down": 0.34745240575655845, "momentum_up": 0.5738508839650569, "mu_down": 0.28156773564168025, "mu_up": 0.01}, "datetime": {"datetime": "2024-01-23 20:45:30", "elapsed": 536.558852, "delta": 4.764816}}
{"target": -40.08246254111851, "params": {"momentum_down": 0.8149474848918122, "momentum_up": 0.8383045064781602, "mu_down": 0.325302130012947, "mu_up": 0.0051121780247946865}, "datetime": {"datetime": "2024-01-23 20:45:32", "elapsed": 538.696907, "delta": 2.138055}}
{"target": -2289.0335053830536, "params": {"momentum_down": 0.7877983065742598, "momentum_up": 0.8905251893182108, "mu_down": 0.306789243274182, "mu_up": 0.00944965269101853}, "datetime": {"datetime": "2024-01-23 20:45:42", "elapsed": 548.267049, "delta": 9.570142}}
{"target": -40.23514604794544, "params": {"momentum_down": 0.6703347554438218, "momentum_up": 0.5585731152463591, "mu_down": 0.24723242752210128, "mu_up": 0.002157446517992415}, "datetime": {"datetime": "2024-01-23 20:45:45", "elapsed": 551.353828, "delta": 3.086779}}
{"target": -40.18520704700941, "params": {"momentum_down": 0.7344668481141896, "momentum_up": 0.42183716864678217, "mu_down": 0.22845791503274826, "mu_up": 0.002654415244284056}, "datetime": {"datetime": "2024-01-23 20:45:49", "elapsed": 556.037482, "delta": 4.683654}}
{"target": -2300.0, "params": {"momentum_down": 0.9832257243684829, "momentum_up": 0.11162410928322737, "mu_down": 0.21162426916862148, "mu_up": 0.0045203675632024135}, "datetime": {"datetime": "2024-01-23 20:45:52", "elapsed": 558.964639, "delta": 2.927157}}
{"target": -50.28702220850718, "params": {"momentum_down": 0.3087408143330659, "momentum_up": 0.8243275851649987, "mu_down": 0.3343624416680569, "mu_up": 0.0038561415298043597}, "datetime": {"datetime": "2024-01-23 20:45:59", "elapsed": 566.013645, "delta": 7.049006}}
{"target": -50.17973726894807, "params": {"momentum_down": 0.5125180065317181, "momentum_up": 0.0673641591429492, "mu_down": 0.2981386990737976, "mu_up": 0.005343673300182358}, "datetime": {"datetime": "2024-01-23 20:46:00", "elapsed": 566.55081, "delta": 0.537165}}
{"target": -2300.0, "params": {"momentum_down": 0.9404295325629521, "momentum_up": 0.9468016290639877, "mu_down": 0.03084596647024135, "mu_up": 0.005715283028861543}, "datetime": {"datetime": "2024-01-23 20:46:02", "elapsed": 569.036151, "delta": 2.485341}}
{"target": -592.2948317664618, "params": {"momentum_down": 0.6044205152458281, "momentum_up": 0.5990817623022969, "mu_down": 0.015569648866629315, "mu_up": 0.0007154238044984225}, "datetime": {"datetime": "2024-01-23 20:46:03", "elapsed": 570.191153, "delta": 1.155002}}
{"target": -110.29352756398968, "params": {"momentum_down": 0.5782574261087056, "momentum_up": 0.5578333172509204, "mu_down": 0.10728920417079474, "mu_up": 0.0009247529034026415}, "datetime": {"datetime": "2024-01-23 20:46:07", "elapsed": 574.1255, "delta": 3.934347}}
{"target": -2300.0, "params": {"momentum_down": 0.4536914009903677, "momentum_up": 0.9556101938880954, "mu_down": 0.4868334707008185, "mu_up": 0.0036767656552358545}, "datetime": {"datetime": "2024-01-23 20:46:08", "elapsed": 574.734773, "delta": 0.609273}}
{"target": -50.24635680231664, "params": {"momentum_down": 0.41477460625849244, "momentum_up": 0.34678098860606077, "mu_down": 0.29406285733317483, "mu_up": 0.008458824450183158}, "datetime": {"datetime": "2024-01-23 20:46:09", "elapsed": 575.450207, "delta": 0.715434}}
{"target": -30.074768694512393, "params": {"momentum_down": 0.6651977785423757, "momentum_up": 0.327371033743676, "mu_down": 0.38494069866114017, "mu_up": 0.01}, "datetime": {"datetime": "2024-01-23 20:46:15", "elapsed": 581.387294, "delta": 5.937087}}
{"target": -50.22272992141483, "params": {"momentum_down": 0.4514141880912891, "momentum_up": 0.5285021012473625, "mu_down": 0.28451364251583683, "mu_up": 0.005017361705504293}, "datetime": {"datetime": "2024-01-23 20:46:19", "elapsed": 585.375923, "delta": 3.988629}}
{"target": -2591.232572704292, "params": {"momentum_down": 0.49797638197500704, "momentum_up": 0.9597501160409758, "mu_down": 0.03415230510360112, "mu_up": 0.0006353118615940268}, "datetime": {"datetime": "2024-01-23 20:46:23", "elapsed": 589.482133, "delta": 4.10621}}
{"target": -30.199649562635717, "params": {"momentum_down": 0.5068195300064015, "momentum_up": 0.1978156018342946, "mu_down": 0.4683351131472627, "mu_up": 0.0076502506691963}, "datetime": {"datetime": "2024-01-23 20:46:25", "elapsed": 591.648396, "delta": 2.166263}}
{"target": -90.29882632345158, "params": {"momentum_down": 0.11066261593006856, "momentum_up": 0.38430029438456903, "mu_down": 0.2299145581072203, "mu_up": 0.01}, "datetime": {"datetime": "2024-01-23 20:46:33", "elapsed": 599.555067, "delta": 7.906671}}
{"target": -70.28043886224378, "params": {"momentum_down": 0.5026979792077055, "momentum_up": 0.19944897345414223, "mu_down": 0.3474396177823483, "mu_up": 0.0016417707321777144}, "datetime": {"datetime": "2024-01-23 20:46:38", "elapsed": 604.756083, "delta": 5.201016}}
{"target": -40.27067300976156, "params": {"momentum_down": 0.8453630831978018, "momentum_up": 0.46113458243808564, "mu_down": 0.09820113149149692, "mu_up": 0.004897626270517055}, "datetime": {"datetime": "2024-01-23 20:46:41", "elapsed": 608.060658, "delta": 3.304575}}
{"target": -130.27888168836148, "params": {"momentum_down": 0.36920749908791783, "momentum_up": 0.029242344790491592, "mu_down": 0.1897302750373313, "mu_up": 0.0012203287318659196}, "datetime": {"datetime": "2024-01-23 20:46:42", "elapsed": 608.792849, "delta": 0.732191}}
{"target": -70.22841623178704, "params": {"momentum_down": 0.32902824826711097, "momentum_up": 0.42132919527502727, "mu_down": 0.2408782545400917, "mu_up": 0.009053505315216433}, "datetime": {"datetime": "2024-01-23 20:46:46", "elapsed": 613.135391, "delta": 4.342542}}
{"target": -100.23205324661794, "params": {"momentum_down": 0.30739402193466653, "momentum_up": 0.48455104939339205, "mu_down": 0.1724388420775116, "mu_up": 0.01}, "datetime": {"datetime": "2024-01-23 20:46:51", "elapsed": 617.675861, "delta": 4.54047}}
{"target": -70.26148829358215, "params": {"momentum_down": 0.18969357634253056, "momentum_up": 0.6557937677893066, "mu_down": 0.2767827588065755, "mu_up": 0.01}, "datetime": {"datetime": "2024-01-23 20:46:55", "elapsed": 621.995116, "delta": 4.319255}}
{"target": -190.27546048019533, "params": {"momentum_down": 0.26001926967240124, "momentum_up": 0.7924526638331422, "mu_down": 0.09347173578729795, "mu_up": 0.0013145592740393152}, "datetime": {"datetime": "2024-01-23 20:46:56", "elapsed": 622.737314, "delta": 0.742198}}
{"target": -542.2976254524366, "params": {"momentum_down": 0.27028292095486695, "momentum_up": 0.721655835024571, "mu_down": 0.34796126709127234, "mu_up": 7.823733330349059e-05}, "datetime": {"datetime": "2024-01-23 20:47:01", "elapsed": 628.026643, "delta": 5.289329}}
{"target": -40.276251169468, "params": {"momentum_down": 0.7893274943316494, "momentum_up": 0.4995135907213485, "mu_down": 0.13270417597062467, "mu_up": 0.003915660800433499}, "datetime": {"datetime": "2024-01-23 20:47:05", "elapsed": 631.455297, "delta": 3.428654}}
{"target": -90.23699584062331, "params": {"momentum_down": 0.7887002637409438, "momentum_up": 0.45281147463798965, "mu_down": 0.0677119150650744, "mu_up": 0.0015476213264562465}, "datetime": {"datetime": "2024-01-23 20:47:08", "elapsed": 634.793946, "delta": 3.338649}}
