{"target": -120.27196509677111, "params": {"momentum_down": 0.4921719823408506, "momentum_up": 0.4307336029478638, "mu_down": 0.2646472455582316, "mu_up": 0.0037865169857342904}, "datetime": {"datetime": "2024-06-09 19:10:42", "elapsed": 101.273412, "delta": 0.30249}}
{"target": -140.1993995329357, "params": {"momentum_down": 0.9483796884586989, "momentum_up": 0.3104645760956222, "mu_down": 0.05967183204604559, "mu_up": 0.005742477467088498}, "datetime": {"datetime": "2024-06-09 19:10:44", "elapsed": 102.657875, "delta": 1.384463}}
{"target": -2000.8839472530597, "params": {"momentum_down": 0.5051620082760635, "momentum_up": 0.037702503523477385, "mu_down": 0.010583115703351353, "mu_up": 0.003069489505352104}, "datetime": {"datetime": "2024-06-09 19:10:45", "elapsed": 103.928458, "delta": 1.270583}}
{"target": -211.2975563916395, "params": {"momentum_down": 0.6130135492588247, "momentum_up": 0.037163106361422664, "mu_down": 0.11013713558219884, "mu_up": 0.00407487853944521}, "datetime": {"datetime": "2024-06-09 19:10:46", "elapsed": 105.554006, "delta": 1.625548}}
{"target": -984.2959921777327, "params": {"momentum_down": 0.4374937514558387, "momentum_up": 0.4622793455090951, "mu_down": 0.03472154997531968, "mu_up": 0.0031726101114294696}, "datetime": {"datetime": "2024-06-09 19:10:47", "elapsed": 106.185577, "delta": 0.631571}}
{"target": -2300.0, "params": {"momentum_down": 0.2146750546083913, "momentum_up": 0.9661439562955123, "mu_down": 0.11021391463762104, "mu_up": 0.00934251111258474}, "datetime": {"datetime": "2024-06-09 19:10:48", "elapsed": 106.720057, "delta": 0.53448}}
{"target": -190.28664125651642, "params": {"momentum_down": 0.47200977664535704, "momentum_up": 0.08658908602979516, "mu_down": 0.17219860334027326, "mu_up": 0.0025267323067469237}, "datetime": {"datetime": "2024-06-09 19:10:49", "elapsed": 108.274538, "delta": 1.554481}}
{"target": -2003.9288024487748, "params": {"momentum_down": 0.8817197951915026, "momentum_up": 0.1055558795210356, "mu_down": 0.31202920229385345, "mu_up": 1e-05}, "datetime": {"datetime": "2024-06-09 19:10:52", "elapsed": 110.787802, "delta": 2.513264}}
{"target": -80.20113816634029, "params": {"momentum_down": 0.9145850887838799, "momentum_up": 0.10567453548421657, "mu_down": 0.2418604991597202, "mu_up": 0.00881458775085632}, "datetime": {"datetime": "2024-06-09 19:10:52", "elapsed": 110.924011, "delta": 0.136209}}
{"target": -90.2186446668953, "params": {"momentum_down": 0.793309785267429, "momentum_up": 0.004166350201459256, "mu_down": 0.15541663168629016, "mu_up": 0.006135687911865762}, "datetime": {"datetime": "2024-06-09 19:10:54", "elapsed": 112.847652, "delta": 1.923641}}
{"target": -2595.278091113075, "params": {"momentum_down": 0.3853687870410415, "momentum_up": 0.8692968791276138, "mu_down": 0.19296454887240355, "mu_up": 0.00494499664222919}, "datetime": {"datetime": "2024-06-09 19:10:55", "elapsed": 114.058717, "delta": 1.211065}}
{"target": -40.24481617271132, "params": {"momentum_down": 0.7300698874460744, "momentum_up": 0.13537158208799543, "mu_down": 0.46261403330602757, "mu_up": 0.007936483790277626}, "datetime": {"datetime": "2024-06-09 19:10:57", "elapsed": 115.69112, "delta": 1.632403}}
{"target": -50.177510071358014, "params": {"momentum_down": 0.6808768822379524, "momentum_up": 0.579981565102675, "mu_down": 0.455409665862179, "mu_up": 0.0026608620742215416}, "datetime": {"datetime": "2024-06-09 19:10:58", "elapsed": 117.290086, "delta": 1.598966}}
{"target": -2300.0, "params": {"momentum_down": 0.7104139811019633, "momentum_up": 0.9866039157500884, "mu_down": 0.11176421717991286, "mu_up": 0.0012104602131625178}, "datetime": {"datetime": "2024-06-09 19:10:59", "elapsed": 117.960949, "delta": 0.670863}}
{"target": -80.28370466040505, "params": {"momentum_down": 0.6213850449497857, "momentum_up": 0.729115523022328, "mu_down": 0.2865755093879523, "mu_up": 0.004854350538974679}, "datetime": {"datetime": "2024-06-09 19:10:59", "elapsed": 118.207867, "delta": 0.246918}}
{"target": -70.19892516337151, "params": {"momentum_down": 0.6643162563055263, "momentum_up": 0.6777478340253007, "mu_down": 0.3532860233485845, "mu_up": 0.000887468040398575}, "datetime": {"datetime": "2024-06-09 19:11:01", "elapsed": 119.737951, "delta": 1.530084}}
{"target": -60.189148258691795, "params": {"momentum_down": 0.5823186602433255, "momentum_up": 0.5869165570100076, "mu_down": 0.4960996415736262, "mu_up": 0.0019902722937231725}, "datetime": {"datetime": "2024-06-09 19:11:02", "elapsed": 121.111571, "delta": 1.37362}}
{"target": -361.2402407571515, "params": {"momentum_down": 0.580458657200887, "momentum_up": 0.9182434319512083, "mu_down": 0.07265147767988078, "mu_up": 0.0009538252577340104}, "datetime": {"datetime": "2024-06-09 19:11:03", "elapsed": 122.191622, "delta": 1.080051}}
{"target": -412.2822213554156, "params": {"momentum_down": 0.7297989696713781, "momentum_up": 0.22004934903933804, "mu_down": 0.039670715989008454, "mu_up": 0.005806758381500045}, "datetime": {"datetime": "2024-06-09 19:11:04", "elapsed": 122.594676, "delta": 0.403054}}
{"target": -110.2719236943755, "params": {"momentum_down": 0.699968573936349, "momentum_up": 0.0867165833026127, "mu_down": 0.16679833284014983, "mu_up": 0.008984950743849857}, "datetime": {"datetime": "2024-06-09 19:11:05", "elapsed": 124.508366, "delta": 1.91369}}
{"target": -50.21551610000604, "params": {"momentum_down": 0.6245031293413271, "momentum_up": 0.45050659504691276, "mu_down": 0.497501780572153, "mu_up": 0.007338274308251883}, "datetime": {"datetime": "2024-06-09 19:11:07", "elapsed": 126.225627, "delta": 1.717261}}
{"target": -100.2478824280605, "params": {"momentum_down": 0.6655561507351209, "momentum_up": 0.39366833853098526, "mu_down": 0.2096264003526394, "mu_up": 0.009903145539114843}, "datetime": {"datetime": "2024-06-09 19:11:09", "elapsed": 127.633213, "delta": 1.407586}}
{"target": -40.10037239881074, "params": {"momentum_down": 0.7956049658486881, "momentum_up": 0.5444156750736917, "mu_down": 0.49766589817875045, "mu_up": 0.002367449248463746}, "datetime": {"datetime": "2024-06-09 19:11:10", "elapsed": 129.568337, "delta": 1.935124}}
{"target": -50.190429116084914, "params": {"momentum_down": 0.7355602008613116, "momentum_up": 0.5227178306228353, "mu_down": 0.38802708830442023, "mu_up": 0.002645006811352095}, "datetime": {"datetime": "2024-06-09 19:11:12", "elapsed": 131.414385, "delta": 1.846048}}
{"target": -70.26775339011998, "params": {"momentum_down": 0.477460130283045, "momentum_up": 0.537460144823561, "mu_down": 0.4613665116518019, "mu_up": 0.005733846220595557}, "datetime": {"datetime": "2024-06-09 19:11:15", "elapsed": 134.033292, "delta": 2.618907}}
{"target": -110.21924720156203, "params": {"momentum_down": 0.5087136418692708, "momentum_up": 0.8157621399095262, "mu_down": 0.2863668070428599, "mu_up": 0.004615479274806673}, "datetime": {"datetime": "2024-06-09 19:11:16", "elapsed": 134.938386, "delta": 0.905094}}
{"target": -241.28051704463374, "params": {"momentum_down": 0.16119671275360717, "momentum_up": 0.4368997575516714, "mu_down": 0.20692434002084836, "mu_up": 0.005392976457880632}, "datetime": {"datetime": "2024-06-09 19:11:16", "elapsed": 135.335673, "delta": 0.397287}}
{"target": -110.2211325442505, "params": {"momentum_down": 0.4649422416051324, "momentum_up": 0.6862702814855767, "mu_down": 0.3125196498610107, "mu_up": 0.003880859500051718}, "datetime": {"datetime": "2024-06-09 19:11:18", "elapsed": 137.158505, "delta": 1.822832}}
{"target": -180.29135261153672, "params": {"momentum_down": 0.1643921819856023, "momentum_up": 0.5515536501232776, "mu_down": 0.2724601541549056, "mu_up": 0.01}, "datetime": {"datetime": "2024-06-09 19:11:21", "elapsed": 140.003436, "delta": 2.844931}}
{"target": -120.24025144736643, "params": {"momentum_down": 0.3788375018054609, "momentum_up": 0.5874710490536049, "mu_down": 0.325093358463971, "mu_up": 0.00752571517974876}, "datetime": {"datetime": "2024-06-09 19:11:23", "elapsed": 141.835582, "delta": 1.832146}}
{"target": -160.26348737938906, "params": {"momentum_down": 0.2900053615041627, "momentum_up": 0.4810384637381017, "mu_down": 0.26894676159338726, "mu_up": 0.009578359176614329}, "datetime": {"datetime": "2024-06-09 19:11:25", "elapsed": 143.976056, "delta": 2.140474}}
{"target": -190.26683936697853, "params": {"momentum_down": 0.339615533878937, "momentum_up": 0.017375845069260286, "mu_down": 0.21485674263786175, "mu_up": 0.005987480784193189}, "datetime": {"datetime": "2024-06-09 19:11:26", "elapsed": 145.43687, "delta": 1.460814}}
{"target": -221.26060797325397, "params": {"momentum_down": 0.0020858857747486216, "momentum_up": 0.443796000690444, "mu_down": 0.2752464131823595, "mu_up": 0.01}, "datetime": {"datetime": "2024-06-09 19:11:29", "elapsed": 147.707244, "delta": 2.270374}}
{"target": -291.2741061978297, "params": {"momentum_down": 0.22026982082454216, "momentum_up": 0.6747317440352459, "mu_down": 0.162776250597212, "mu_up": 0.007075524714259917}, "datetime": {"datetime": "2024-06-09 19:11:32", "elapsed": 151.312141, "delta": 3.604897}}
{"target": -1065.29836159424, "params": {"momentum_down": 0.25946328696810633, "momentum_up": 0.20098574341286518, "mu_down": 0.04230624731101695, "mu_up": 0.002166092707364317}, "datetime": {"datetime": "2024-06-09 19:11:34", "elapsed": 152.632634, "delta": 1.320493}}
{"target": -180.25894915852467, "params": {"momentum_down": 0.6044355500728454, "momentum_up": 0.43839408835648885, "mu_down": 0.13727595142785115, "mu_up": 0.0074837996206571404}, "datetime": {"datetime": "2024-06-09 19:11:37", "elapsed": 155.64845, "delta": 3.015816}}
{"target": -110.23509765784472, "params": {"momentum_down": 0.6214334784931921, "momentum_up": 0.034074611539422525, "mu_down": 0.2290352747686203, "mu_up": 0.00570335096623942}, "datetime": {"datetime": "2024-06-09 19:11:37", "elapsed": 156.397396, "delta": 0.748946}}
{"target": -532.2908692680271, "params": {"momentum_down": 0.2103774068103545, "momentum_up": 0.39233301737581483, "mu_down": 0.15767299671701435, "mu_up": 0.00022239521068017815}, "datetime": {"datetime": "2024-06-09 19:11:38", "elapsed": 156.907495, "delta": 0.510099}}
{"target": -371.28504667970935, "params": {"momentum_down": 0.5684049672594218, "momentum_up": 0.685985910960287, "mu_down": 0.07027008964971776, "mu_up": 0.009789667033725668}, "datetime": {"datetime": "2024-06-09 19:11:38", "elapsed": 157.309227, "delta": 0.401732}}
{"target": -180.2522026417189, "params": {"momentum_down": 0.5195949122424656, "momentum_up": 7.517879665591253e-05, "mu_down": 0.16784870323797346, "mu_up": 0.00842134746745305}, "datetime": {"datetime": "2024-06-09 19:11:40", "elapsed": 158.908306, "delta": 1.599079}}
{"target": -422.27861989575456, "params": {"momentum_down": 0.5424705980162055, "momentum_up": 0.3952935148462344, "mu_down": 0.06611104884685937, "mu_up": 0.009623124663421403}, "datetime": {"datetime": "2024-06-09 19:11:40", "elapsed": 159.333046, "delta": 0.42474}}
{"target": -60.245490440595944, "params": {"momentum_down": 0.7325125876267281, "momentum_up": 0.04520492556124906, "mu_down": 0.29374443324649296, "mu_up": 0.0057285536873460325}, "datetime": {"datetime": "2024-06-09 19:11:41", "elapsed": 159.869443, "delta": 0.536397}}
{"target": -120.26368010975175, "params": {"momentum_down": 0.36274242249827604, "momentum_up": 0.0386997974130297, "mu_down": 0.35077846682560837, "mu_up": 0.0038314844755624393}, "datetime": {"datetime": "2024-06-09 19:11:42", "elapsed": 160.921529, "delta": 1.052086}}
{"target": -140.24621053031933, "params": {"momentum_down": 0.4323345004252961, "momentum_up": 0.048299783703676644, "mu_down": 0.25522849089239774, "mu_up": 0.0068608009132966686}, "datetime": {"datetime": "2024-06-09 19:11:43", "elapsed": 162.55758, "delta": 1.636051}}
{"target": -2001.0841388191006, "params": {"momentum_down": 0.4995704256873758, "momentum_up": 0.6743131507357196, "mu_down": 0.19554206320963027, "mu_up": 1e-05}, "datetime": {"datetime": "2024-06-09 19:11:47", "elapsed": 165.656229, "delta": 3.098649}}
{"target": -80.29930313559812, "params": {"momentum_down": 0.5517158353686293, "momentum_up": 0.5741965794414723, "mu_down": 0.32877600273393753, "mu_up": 0.007964207932822246}, "datetime": {"datetime": "2024-06-09 19:11:49", "elapsed": 167.580376, "delta": 1.924147}}
{"target": -80.28978988073055, "params": {"momentum_down": 0.46553997776337547, "momentum_up": 0.6044771663853481, "mu_down": 0.3942019293520484, "mu_up": 0.008019989457879285}, "datetime": {"datetime": "2024-06-09 19:11:50", "elapsed": 169.088298, "delta": 1.507922}}
{"target": -2300.0, "params": {"momentum_down": 0.13139745368305358, "momentum_up": 0.36673017070003816, "mu_down": 0.38665623472359917, "mu_up": 0.0005277760863252988}, "datetime": {"datetime": "2024-06-09 19:11:50", "elapsed": 169.403638, "delta": 0.31534}}
{"target": -211.28624928809845, "params": {"momentum_down": 0.020862033546856625, "momentum_up": 0.3314606655831526, "mu_down": 0.2742219128903633, "mu_up": 0.008674003644344886}, "datetime": {"datetime": "2024-06-09 19:11:52", "elapsed": 171.460363, "delta": 2.056725}}
{"target": -221.27117096746863, "params": {"momentum_down": 0.04117119599609318, "momentum_up": 0.6629401024653099, "mu_down": 0.2618455920433737, "mu_up": 0.008786413436362191}, "datetime": {"datetime": "2024-06-09 19:11:56", "elapsed": 174.970136, "delta": 3.509773}}
{"target": -2004.6974354998058, "params": {"momentum_down": 0.9017756427263848, "momentum_up": 0.0, "mu_down": 0.11709351934501896, "mu_up": 1e-05}, "datetime": {"datetime": "2024-06-09 19:11:58", "elapsed": 177.513815, "delta": 2.543679}}
{"target": -110.26605341270837, "params": {"momentum_down": 0.705382082712579, "momentum_up": 0.007877002799834809, "mu_down": 0.18368745097859163, "mu_up": 0.0019511245903512486}, "datetime": {"datetime": "2024-06-09 19:12:01", "elapsed": 179.774734, "delta": 2.260919}}
{"target": -743.2994672594707, "params": {"momentum_down": 0.984314405899579, "momentum_up": 0.18293811216993847, "mu_down": 0.03175344209414893, "mu_up": 0.007695591359949443}, "datetime": {"datetime": "2024-06-09 19:12:03", "elapsed": 181.783451, "delta": 2.008717}}
{"target": -90.26544012116454, "params": {"momentum_down": 0.7710335600007917, "momentum_up": 0.18626288789856724, "mu_down": 0.17279995423526762, "mu_up": 0.0018579607532759215}, "datetime": {"datetime": "2024-06-09 19:12:04", "elapsed": 183.348057, "delta": 1.564606}}
{"target": -2837.8493529284397, "params": {"momentum_down": 0.9762549247630977, "momentum_up": 0.17867838370214437, "mu_down": 0.21067758976181578, "mu_up": 0.005337488546085007}, "datetime": {"datetime": "2024-06-09 19:12:08", "elapsed": 187.403767, "delta": 4.05571}}
{"target": -80.23165275978221, "params": {"momentum_down": 0.8629124614215137, "momentum_up": 0.187677905640932, "mu_down": 0.12212577026709126, "mu_up": 0.004126226716313226}, "datetime": {"datetime": "2024-06-09 19:12:11", "elapsed": 189.912536, "delta": 2.508769}}
{"target": -120.25513691839959, "params": {"momentum_down": 0.4378099208916182, "momentum_up": 0.32058109582988403, "mu_down": 0.2939415080408758, "mu_up": 0.004825177434148414}, "datetime": {"datetime": "2024-06-09 19:12:13", "elapsed": 191.851101, "delta": 1.938565}}
{"target": -80.22806272205841, "params": {"momentum_down": 0.4958764219368637, "momentum_up": 0.7226910341059346, "mu_down": 0.4022213256984933, "mu_up": 0.005777751794270052}, "datetime": {"datetime": "2024-06-09 19:12:13", "elapsed": 192.116963, "delta": 0.265862}}
{"target": -2001.8666553720861, "params": {"momentum_down": 0.26208923668347023, "momentum_up": 0.5648961355704892, "mu_down": 0.21589105359418437, "mu_up": 1e-05}, "datetime": {"datetime": "2024-06-09 19:12:17", "elapsed": 196.288984, "delta": 4.172021}}
{"target": -180.26337644057833, "params": {"momentum_down": 0.33606943496065267, "momentum_up": 0.3998270667278621, "mu_down": 0.22895482235953307, "mu_up": 0.002135432735917119}, "datetime": {"datetime": "2024-06-09 19:12:20", "elapsed": 199.240767, "delta": 2.951783}}
{"target": -2300.0, "params": {"momentum_down": 0.7104489447889941, "momentum_up": 0.5024565602737763, "mu_down": 0.5, "mu_up": 0.01}, "datetime": {"datetime": "2024-06-09 19:12:23", "elapsed": 202.206349, "delta": 2.965582}}
{"target": -2300.0, "params": {"momentum_down": 0.03965718912792331, "momentum_up": 0.1379113507400206, "mu_down": 0.4438920158560605, "mu_up": 0.006714983216269338}, "datetime": {"datetime": "2024-06-09 19:12:24", "elapsed": 203.515503, "delta": 1.309154}}
{"target": -190.26814033180915, "params": {"momentum_down": 0.5571096972279165, "momentum_up": 0.22631466943105324, "mu_down": 0.15311618198809007, "mu_up": 0.0018839841322211336}, "datetime": {"datetime": "2024-06-09 19:12:25", "elapsed": 203.964485, "delta": 0.448982}}
{"target": -2300.0, "params": {"momentum_down": 0.7631715313348707, "momentum_up": 0.6149301572333472, "mu_down": 0.41125835876467587, "mu_up": 0.009571884847379154}, "datetime": {"datetime": "2024-06-09 19:12:28", "elapsed": 207.016023, "delta": 3.051538}}
{"target": -2300.0, "params": {"momentum_down": 0.13941281999234922, "momentum_up": 0.5491912282480756, "mu_down": 0.4173674416881815, "mu_up": 0.005535138801408625}, "datetime": {"datetime": "2024-06-09 19:12:29", "elapsed": 208.403199, "delta": 1.387176}}
{"target": -130.24511597709207, "params": {"momentum_down": 0.7261784996107109, "momentum_up": 0.6681802909657503, "mu_down": 0.13948172865805958, "mu_up": 0.0019027411557927783}, "datetime": {"datetime": "2024-06-09 19:12:30", "elapsed": 209.306742, "delta": 0.903543}}
{"target": -60.234105875339594, "params": {"momentum_down": 0.87690893945539, "momentum_up": 0.5395683443510902, "mu_down": 0.4954135010013731, "mu_up": 0.0013942494922126148}, "datetime": {"datetime": "2024-06-09 19:12:33", "elapsed": 211.924071, "delta": 2.617329}}
{"target": -60.26357700409206, "params": {"momentum_down": 0.6233628054613056, "momentum_up": 0.5741708421189176, "mu_down": 0.4058286387917198, "mu_up": 0.001393936915234113}, "datetime": {"datetime": "2024-06-09 19:12:35", "elapsed": 213.835549, "delta": 1.911478}}
{"target": -221.2709480468369, "params": {"momentum_down": 0.09261308154074006, "momentum_up": 0.4946439969965948, "mu_down": 0.2466257186934379, "mu_up": 0.006792200590626957}, "datetime": {"datetime": "2024-06-09 19:12:36", "elapsed": 215.430762, "delta": 1.595213}}
{"target": -341.2930759941708, "params": {"momentum_down": 0.46997723753943466, "momentum_up": 0.0551467163885384, "mu_down": 0.0932887710766841, "mu_up": 0.0035239578462957243}, "datetime": {"datetime": "2024-06-09 19:12:39", "elapsed": 217.680742, "delta": 2.24998}}
{"target": -281.27303312887574, "params": {"momentum_down": 0.5802373447110836, "momentum_up": 0.1365828118641758, "mu_down": 0.1931802565991964, "mu_up": 0.00039616969266629453}, "datetime": {"datetime": "2024-06-09 19:12:42", "elapsed": 221.403667, "delta": 3.722925}}
{"target": -50.27636783604643, "params": {"momentum_down": 0.6366459641481959, "momentum_up": 0.6993395881352589, "mu_down": 0.444109831007727, "mu_up": 0.0038795492696096882}, "datetime": {"datetime": "2024-06-09 19:12:43", "elapsed": 222.096631, "delta": 0.692964}}
{"target": -1165.2981707260856, "params": {"momentum_down": 0.4993119714170737, "momentum_up": 0.07006630269672501, "mu_down": 0.026046766929490872, "mu_up": 0.007786803530140072}, "datetime": {"datetime": "2024-06-09 19:12:44", "elapsed": 223.530001, "delta": 1.43337}}
{"target": -90.28284729587264, "params": {"momentum_down": 0.5284557803742912, "momentum_up": 0.19929137060677354, "mu_down": 0.3586951363594254, "mu_up": 0.0015113096404399638}, "datetime": {"datetime": "2024-06-09 19:12:47", "elapsed": 226.073472, "delta": 2.543471}}
{"target": -70.21837302706031, "params": {"momentum_down": 0.6134942275590366, "momentum_up": 0.25080004284014606, "mu_down": 0.3674579593755475, "mu_up": 0.004717535177335115}, "datetime": {"datetime": "2024-06-09 19:12:51", "elapsed": 229.8633, "delta": 3.789828}}
{"target": -90.2517959912498, "params": {"momentum_down": 0.40128931063966927, "momentum_up": 0.47279741274693465, "mu_down": 0.41077189726913677, "mu_up": 0.009544340334776866}, "datetime": {"datetime": "2024-06-09 19:12:53", "elapsed": 232.493435, "delta": 2.630135}}
{"target": -70.20409633433458, "params": {"momentum_down": 0.5073017063994961, "momentum_up": 0.6698024579638809, "mu_down": 0.4806477381876138, "mu_up": 0.0028933389132810676}, "datetime": {"datetime": "2024-06-09 19:12:55", "elapsed": 234.459595, "delta": 1.96616}}
{"target": -2300.0, "params": {"momentum_down": 0.3812783179771344, "momentum_up": 0.5894222385478176, "mu_down": 0.47593489897722807, "mu_up": 0.009184820880725407}, "datetime": {"datetime": "2024-06-09 19:12:56", "elapsed": 234.968674, "delta": 0.509079}}
{"target": -70.24706871915149, "params": {"momentum_down": 0.7635281033001917, "momentum_up": 0.06501706975937976, "mu_down": 0.22157315259921873, "mu_up": 0.007448817116097876}, "datetime": {"datetime": "2024-06-09 19:12:59", "elapsed": 238.220356, "delta": 3.251682}}
{"target": -2300.0, "params": {"momentum_down": 0.4314753329593658, "momentum_up": 0.2716158536767655, "mu_down": 0.4994738373020181, "mu_up": 0.0036307771533709114}, "datetime": {"datetime": "2024-06-09 19:13:03", "elapsed": 241.685822, "delta": 3.465466}}
{"target": -211.27551882662382, "params": {"momentum_down": 0.225126441638286, "momentum_up": 0.3001503898285245, "mu_down": 0.2215635130984729, "mu_up": 0.006943241279584756}, "datetime": {"datetime": "2024-06-09 19:13:03", "elapsed": 242.003092, "delta": 0.31727}}
{"target": -2300.0, "params": {"momentum_down": 0.37557608970929557, "momentum_up": 0.12614711573938348, "mu_down": 0.4526446826405197, "mu_up": 0.01}, "datetime": {"datetime": "2024-06-09 19:13:05", "elapsed": 244.341425, "delta": 2.338333}}
