{"target": -100.26279745619676, "params": {"momentum_down": 0.9084724502552629, "momentum_up": 0.0996025812357967, "mu_down": 0.06575205049482546, "mu_up": 0.004748187980667588}, "datetime": {"datetime": "2024-06-09 19:09:35", "elapsed": 34.204656, "delta": 0.213128}}
{"target": -60.19615576846614, "params": {"momentum_down": 0.7793474534846347, "momentum_up": 0.254920866025127, "mu_down": 0.2603283090582483, "mu_up": 0.007904333158846293}, "datetime": {"datetime": "2024-06-09 19:09:35", "elapsed": 34.341819, "delta": 0.137163}}
{"target": -50.21805595860974, "params": {"momentum_down": 0.7139911510831348, "momentum_up": 0.7646495722448023, "mu_down": 0.3930683667553728, "mu_up": 0.0009788819699552188}, "datetime": {"datetime": "2024-06-09 19:09:36", "elapsed": 35.431913, "delta": 1.090094}}
{"target": -50.16647642215205, "params": {"momentum_down": 0.6819128737967863, "momentum_up": 0.711757900087344, "mu_down": 0.45489179157591714, "mu_up": 0.002955574960060465}, "datetime": {"datetime": "2024-06-09 19:09:37", "elapsed": 36.373035, "delta": 0.941122}}
{"target": -60.245342174437994, "params": {"momentum_down": 0.7593127422822985, "momentum_up": 0.7394146193617632, "mu_down": 0.4405051699709131, "mu_up": 0.0005744159726216586}, "datetime": {"datetime": "2024-06-09 19:09:38", "elapsed": 37.015879, "delta": 0.642844}}
{"target": -301.28120059490016, "params": {"momentum_down": 0.8494901196248023, "momentum_up": 0.6668138233686859, "mu_down": 0.03057883248944193, "mu_up": 0.00721771460559198}, "datetime": {"datetime": "2024-06-09 19:09:38", "elapsed": 37.5263, "delta": 0.510421}}
{"target": -110.27848104238535, "params": {"momentum_down": 0.29494799236666686, "momentum_up": 0.910468457655547, "mu_down": 0.41854126559234633, "mu_up": 0.00018323532785832173}, "datetime": {"datetime": "2024-06-09 19:09:39", "elapsed": 37.659471, "delta": 0.133171}}
{"target": -140.2920362709112, "params": {"momentum_down": 0.2920939681557708, "momentum_up": 0.8578558189083486, "mu_down": 0.2926372152064899, "mu_up": 0.007291362102415134}, "datetime": {"datetime": "2024-06-09 19:09:39", "elapsed": 38.483804, "delta": 0.824333}}
{"target": -2300.0, "params": {"momentum_down": 0.9178110797121589, "momentum_up": 0.7713461179200995, "mu_down": 0.47527923763269336, "mu_up": 0.007923775543158647}, "datetime": {"datetime": "2024-06-09 19:09:40", "elapsed": 38.641525, "delta": 0.157721}}
{"target": -90.29378397180889, "params": {"momentum_down": 0.48308288863650195, "momentum_up": 0.5028325667890219, "mu_down": 0.35219441493649384, "mu_up": 0.004460382478110545}, "datetime": {"datetime": "2024-06-09 19:09:40", "elapsed": 39.035316, "delta": 0.393791}}
{"target": -120.24211429461683, "params": {"momentum_down": 0.49205719992348845, "momentum_up": 0.4281927189452949, "mu_down": 0.26786964897064774, "mu_up": 0.004617651762599645}, "datetime": {"datetime": "2024-06-09 19:09:41", "elapsed": 40.068073, "delta": 1.032757}}
{"target": -522.2829999107806, "params": {"momentum_down": 0.23575721665657154, "momentum_up": 0.20553379490459023, "mu_down": 0.08875464166942659, "mu_up": 0.004394240264262049}, "datetime": {"datetime": "2024-06-09 19:09:41", "elapsed": 40.400903, "delta": 0.33283}}
{"target": -40.27297745549619, "params": {"momentum_down": 0.7727688984003308, "momentum_up": 0.04824672499367569, "mu_down": 0.39704491548323095, "mu_up": 0.004772874287933851}, "datetime": {"datetime": "2024-06-09 19:09:42", "elapsed": 40.64561, "delta": 0.244707}}
{"target": -120.24794671317088, "params": {"momentum_down": 0.42452274251702254, "momentum_up": 0.4697322855127071, "mu_down": 0.3006354936001283, "mu_up": 0.01}, "datetime": {"datetime": "2024-06-09 19:09:42", "elapsed": 41.554565, "delta": 0.908955}}
{"target": -291.2737143759478, "params": {"momentum_down": 0.7800088915114243, "momentum_up": 0.32098629931324535, "mu_down": 0.05738104087893786, "mu_up": 0.0005514915243372413}, "datetime": {"datetime": "2024-06-09 19:09:43", "elapsed": 41.790101, "delta": 0.235536}}
{"target": -2300.0, "params": {"momentum_down": 0.9108891668889186, "momentum_up": 0.7098958701546915, "mu_down": 0.4999305236663291, "mu_up": 0.0067840093869342725}, "datetime": {"datetime": "2024-06-09 19:09:43", "elapsed": 42.039606, "delta": 0.249505}}
{"target": -231.29779808027277, "params": {"momentum_down": 0.6575559560690338, "momentum_up": 0.6374664622202811, "mu_down": 0.08891006856572331, "mu_up": 0.0012902599837607625}, "datetime": {"datetime": "2024-06-09 19:09:43", "elapsed": 42.535016, "delta": 0.49541}}
{"target": -160.28240921417367, "params": {"momentum_down": 0.10195177383864244, "momentum_up": 0.409814538317789, "mu_down": 0.3394324122352734, "mu_up": 0.003239595021846126}, "datetime": {"datetime": "2024-06-09 19:09:44", "elapsed": 42.939686, "delta": 0.40467}}
{"target": -130.27480187456197, "params": {"momentum_down": 0.7201472225754995, "momentum_up": 0.5877237339476822, "mu_down": 0.14207536088793057, "mu_up": 0.0009812898457007468}, "datetime": {"datetime": "2024-06-09 19:09:45", "elapsed": 43.940011, "delta": 1.000325}}
{"target": -110.25828408999166, "params": {"momentum_down": 0.6644197766160386, "momentum_up": 0.6403309232918925, "mu_down": 0.20046508704959534, "mu_up": 0.0018131964276754781}, "datetime": {"datetime": "2024-06-09 19:09:46", "elapsed": 44.878018, "delta": 0.938007}}
{"target": -1889.2995282496943, "params": {"momentum_down": 0.1662889529220391, "momentum_up": 0.020468716654955366, "mu_down": 0.026667617332401916, "mu_up": 0.008388111070190322}, "datetime": {"datetime": "2024-06-09 19:09:47", "elapsed": 46.027745, "delta": 1.149727}}
{"target": -201.27630391748139, "params": {"momentum_down": 0.1522233125110013, "momentum_up": 0.7260589078239059, "mu_down": 0.25425350789620166, "mu_up": 0.00343542321058861}, "datetime": {"datetime": "2024-06-09 19:09:47", "elapsed": 46.238062, "delta": 0.210317}}
{"target": -60.16884429384088, "params": {"momentum_down": 0.7168880036496504, "momentum_up": 0.10798344206932688, "mu_down": 0.34412381635782086, "mu_up": 0.005809137979281627}, "datetime": {"datetime": "2024-06-09 19:09:48", "elapsed": 47.114891, "delta": 0.876829}}
{"target": -80.230390219932, "params": {"momentum_down": 0.8704831688482411, "momentum_up": 0.3774405123516376, "mu_down": 0.11139069886315495, "mu_up": 0.009264931464550978}, "datetime": {"datetime": "2024-06-09 19:09:48", "elapsed": 47.335398, "delta": 0.220507}}
{"target": -80.19884995210566, "params": {"momentum_down": 0.6799698951936948, "momentum_up": 0.16584534971126452, "mu_down": 0.2736150020930786, "mu_up": 0.006793054514949173}, "datetime": {"datetime": "2024-06-09 19:09:49", "elapsed": 48.221924, "delta": 0.886526}}
{"target": -2300.0, "params": {"momentum_down": 0.9647038259881151, "momentum_up": 0.4694311801967964, "mu_down": 0.42456429602897583, "mu_up": 0.006256050189939894}, "datetime": {"datetime": "2024-06-09 19:09:49", "elapsed": 48.538399, "delta": 0.316475}}
{"target": -100.25217723904237, "params": {"momentum_down": 0.7624322424007771, "momentum_up": 0.15228390142929296, "mu_down": 0.2863912292296022, "mu_up": 0.0010206885662814534}, "datetime": {"datetime": "2024-06-09 19:09:51", "elapsed": 49.740045, "delta": 1.201646}}
{"target": -733.2970839491724, "params": {"momentum_down": 0.642139988930034, "momentum_up": 0.24024864578444427, "mu_down": 0.20774026279614205, "mu_up": 0.00015116672014392257}, "datetime": {"datetime": "2024-06-09 19:09:51", "elapsed": 50.306021, "delta": 0.565976}}
{"target": -70.17046940326614, "params": {"momentum_down": 0.8575496667366225, "momentum_up": 0.27320663843716225, "mu_down": 0.14924271109849738, "mu_up": 0.009006815880020764}, "datetime": {"datetime": "2024-06-09 19:09:52", "elapsed": 51.372203, "delta": 1.066182}}
{"target": -50.25836545351624, "params": {"momentum_down": 0.8578677991268354, "momentum_up": 0.2053350138750975, "mu_down": 0.22033178698273342, "mu_up": 0.009953255472757072}, "datetime": {"datetime": "2024-06-09 19:09:53", "elapsed": 52.495941, "delta": 1.123738}}
{"target": -80.21866752133937, "params": {"momentum_down": 0.9172063648659339, "momentum_up": 0.1962615078845165, "mu_down": 0.1401946368416726, "mu_up": 0.0033380955986460114}, "datetime": {"datetime": "2024-06-09 19:09:54", "elapsed": 53.39149, "delta": 0.895549}}
{"target": -140.29197253306864, "params": {"momentum_down": 0.6832091010538958, "momentum_up": 0.5120731570454753, "mu_down": 0.1494583385944469, "mu_up": 0.0011406904152749706}, "datetime": {"datetime": "2024-06-09 19:09:55", "elapsed": 53.571174, "delta": 0.179684}}
{"target": -70.19442938401895, "params": {"momentum_down": 0.6806104016342533, "momentum_up": 0.4527245201937198, "mu_down": 0.3133262324786165, "mu_up": 0.004582865825788231}, "datetime": {"datetime": "2024-06-09 19:09:56", "elapsed": 54.603677, "delta": 1.032503}}
{"target": -2300.0, "params": {"momentum_down": 0.23347238876982143, "momentum_up": 0.9875389400368829, "mu_down": 0.49568966519627755, "mu_up": 0.0024813898392105835}, "datetime": {"datetime": "2024-06-09 19:09:56", "elapsed": 54.673084, "delta": 0.069407}}
{"target": -100.24357592837552, "params": {"momentum_down": 0.5982980453688064, "momentum_up": 0.51593134591288, "mu_down": 0.25237083947489775, "mu_up": 0.00564911908907788}, "datetime": {"datetime": "2024-06-09 19:09:57", "elapsed": 55.704516, "delta": 1.031432}}
{"target": -150.26979067855981, "params": {"momentum_down": 0.46903523460000296, "momentum_up": 0.20633380981726177, "mu_down": 0.27549472937055913, "mu_up": 0.000888387785562889}, "datetime": {"datetime": "2024-06-09 19:09:57", "elapsed": 56.071129, "delta": 0.366613}}
{"target": -1889.299928068848, "params": {"momentum_down": 0.24417172028937462, "momentum_up": 0.4165458949443905, "mu_down": 0.023966482511963372, "mu_up": 0.006438481352193206}, "datetime": {"datetime": "2024-06-09 19:09:58", "elapsed": 57.521285, "delta": 1.450156}}
{"target": -90.24259146669904, "params": {"momentum_down": 0.5782438227970192, "momentum_up": 0.4248446099183382, "mu_down": 0.3131165720078883, "mu_up": 0.0019207096498279098}, "datetime": {"datetime": "2024-06-09 19:10:00", "elapsed": 59.083326, "delta": 1.562041}}
{"target": -402.2962619809308, "params": {"momentum_down": 0.6890887705722829, "momentum_up": 0.5642212307797866, "mu_down": 0.28167738380310103, "mu_up": 0.00014785203359670543}, "datetime": {"datetime": "2024-06-09 19:10:01", "elapsed": 60.292123, "delta": 1.208797}}
{"target": -40.22641031870223, "params": {"momentum_down": 0.7488553071945816, "momentum_up": 0.22974527579260856, "mu_down": 0.4494183919889694, "mu_up": 0.004627069878613805}, "datetime": {"datetime": "2024-06-09 19:10:01", "elapsed": 60.413625, "delta": 0.121502}}
{"target": -60.163111039190376, "params": {"momentum_down": 0.7008333595170301, "momentum_up": 0.22549507097739985, "mu_down": 0.3609893024543697, "mu_up": 0.00626851827165111}, "datetime": {"datetime": "2024-06-09 19:10:03", "elapsed": 61.66116, "delta": 1.247535}}
{"target": -80.23928461161753, "params": {"momentum_down": 0.4382316172383407, "momentum_up": 0.365143595570979, "mu_down": 0.4692320782621433, "mu_up": 0.0027236811704492545}, "datetime": {"datetime": "2024-06-09 19:10:03", "elapsed": 61.788357, "delta": 0.127197}}
{"target": -2300.0, "params": {"momentum_down": 0.17841849357919304, "momentum_up": 0.10228231937857388, "mu_down": 0.4528581977351345, "mu_up": 0.001734684263582847}, "datetime": {"datetime": "2024-06-09 19:10:03", "elapsed": 62.142298, "delta": 0.353941}}
{"target": -60.16418505173308, "params": {"momentum_down": 0.7071216029990626, "momentum_up": 0.3515160774428738, "mu_down": 0.3539540009909141, "mu_up": 0.004104839773227015}, "datetime": {"datetime": "2024-06-09 19:10:04", "elapsed": 63.281886, "delta": 1.139588}}
{"target": -90.2118675921061, "params": {"momentum_down": 0.550064509924223, "momentum_up": 0.29836711293898927, "mu_down": 0.3315341332372059, "mu_up": 0.007563193577879724}, "datetime": {"datetime": "2024-06-09 19:10:05", "elapsed": 64.354738, "delta": 1.072852}}
{"target": -60.288180466097785, "params": {"momentum_down": 0.6020683616520464, "momentum_up": 0.36921112218820706, "mu_down": 0.4059732651373571, "mu_up": 0.01}, "datetime": {"datetime": "2024-06-09 19:10:06", "elapsed": 65.563889, "delta": 1.209151}}
{"target": -50.20928336092013, "params": {"momentum_down": 0.6293729163204734, "momentum_up": 0.7622323212332508, "mu_down": 0.4899428669699011, "mu_up": 0.004314109468684454}, "datetime": {"datetime": "2024-06-09 19:10:07", "elapsed": 65.875009, "delta": 0.31112}}
{"target": -160.27230754562103, "params": {"momentum_down": 0.08094870847974171, "momentum_up": 0.4752491469731589, "mu_down": 0.35590914151097625, "mu_up": 0.006912917285112077}, "datetime": {"datetime": "2024-06-09 19:10:07", "elapsed": 66.084961, "delta": 0.209952}}
{"target": -40.27185561422874, "params": {"momentum_down": 0.7738860940760994, "momentum_up": 0.04753904261188221, "mu_down": 0.394872906382876, "mu_up": 0.005051172228008548}, "datetime": {"datetime": "2024-06-09 19:10:08", "elapsed": 66.684155, "delta": 0.599194}}
{"target": -170.27655841469374, "params": {"momentum_down": 0.3563227789937942, "momentum_up": 0.13632908582662098, "mu_down": 0.23093066540588209, "mu_up": 0.004895386508846461}, "datetime": {"datetime": "2024-06-09 19:10:09", "elapsed": 68.194384, "delta": 1.510229}}
{"target": -110.28226606899491, "params": {"momentum_down": 0.3475659715164578, "momentum_up": 0.22457609133869413, "mu_down": 0.4283867030772028, "mu_up": 0.0013179248355905167}, "datetime": {"datetime": "2024-06-09 19:10:09", "elapsed": 68.530914, "delta": 0.33653}}
{"target": -100.22148978627003, "params": {"momentum_down": 0.44439298138857625, "momentum_up": 0.25740947717149515, "mu_down": 0.38846128441193184, "mu_up": 0.002496464777694922}, "datetime": {"datetime": "2024-06-09 19:10:10", "elapsed": 69.456086, "delta": 0.925172}}
{"target": -120.23174699582131, "params": {"momentum_down": 0.5792595551479918, "momentum_up": 0.7512055241061213, "mu_down": 0.22379380977464597, "mu_up": 0.002566426132379987}, "datetime": {"datetime": "2024-06-09 19:10:11", "elapsed": 69.790044, "delta": 0.333958}}
{"target": -130.23666773668467, "params": {"momentum_down": 0.3682161508002755, "momentum_up": 0.2125839594192876, "mu_down": 0.3089003439842037, "mu_up": 0.0063290575612486395}, "datetime": {"datetime": "2024-06-09 19:10:12", "elapsed": 70.965441, "delta": 1.175397}}
{"target": -432.2898439320337, "params": {"momentum_down": 0.2930338154724375, "momentum_up": 0.14875373120565083, "mu_down": 0.11308574197193877, "mu_up": 0.0004966333062465267}, "datetime": {"datetime": "2024-06-09 19:10:12", "elapsed": 71.506402, "delta": 0.540961}}
{"target": -231.2618303765997, "params": {"momentum_down": 0.23422499122705762, "momentum_up": 0.16244174764580266, "mu_down": 0.2057843784474126, "mu_up": 0.005156482208397813}, "datetime": {"datetime": "2024-06-09 19:10:14", "elapsed": 73.133961, "delta": 1.627559}}
{"target": -50.15641480678704, "params": {"momentum_down": 0.7139297362630159, "momentum_up": 0.4372703651648756, "mu_down": 0.4238471788753268, "mu_up": 0.005117368249607344}, "datetime": {"datetime": "2024-06-09 19:10:15", "elapsed": 74.348052, "delta": 1.214091}}
{"target": -120.27274843133516, "params": {"momentum_down": 0.4857126257213016, "momentum_up": 0.5888675937514742, "mu_down": 0.2597599879189224, "mu_up": 0.004575970522670319}, "datetime": {"datetime": "2024-06-09 19:10:17", "elapsed": 76.227835, "delta": 1.879783}}
{"target": -60.273965038559055, "params": {"momentum_down": 0.6146844817667115, "momentum_up": 0.16377192077307473, "mu_down": 0.3975232000126656, "mu_up": 0.01}, "datetime": {"datetime": "2024-06-09 19:10:18", "elapsed": 77.521528, "delta": 1.293693}}
{"target": -190.25782676204307, "params": {"momentum_down": 0.5181125022341354, "momentum_up": 0.5202798667858268, "mu_down": 0.15798700463034548, "mu_up": 0.004297932206135465}, "datetime": {"datetime": "2024-06-09 19:10:20", "elapsed": 79.057452, "delta": 1.535924}}
{"target": -60.200028942861685, "params": {"momentum_down": 0.6768355379036657, "momentum_up": 0.30647467701491393, "mu_down": 0.4601685831311194, "mu_up": 0.0016462465103286048}, "datetime": {"datetime": "2024-06-09 19:10:21", "elapsed": 80.367977, "delta": 1.310525}}
{"target": -70.17839115037948, "params": {"momentum_down": 0.597189911755962, "momentum_up": 0.4981738710831855, "mu_down": 0.3992362701907014, "mu_up": 0.007800034800489206}, "datetime": {"datetime": "2024-06-09 19:10:23", "elapsed": 81.637113, "delta": 1.269136}}
{"target": -110.26004578076498, "params": {"momentum_down": 0.6625480997596932, "momentum_up": 0.6399133247494035, "mu_down": 0.19824240802870047, "mu_up": 0.002494009367182647}, "datetime": {"datetime": "2024-06-09 19:10:23", "elapsed": 82.463472, "delta": 0.826359}}
{"target": -70.2555326755648, "params": {"momentum_down": 0.5597348366471924, "momentum_up": 0.647309891970435, "mu_down": 0.40266716356615867, "mu_up": 0.002318335353869972}, "datetime": {"datetime": "2024-06-09 19:10:25", "elapsed": 84.039059, "delta": 1.575587}}
{"target": -190.25598860841194, "params": {"momentum_down": 0.23874671956410112, "momentum_up": 0.8303938320112155, "mu_down": 0.2501951839626161, "mu_up": 0.0008625128595854506}, "datetime": {"datetime": "2024-06-09 19:10:25", "elapsed": 84.472762, "delta": 0.433703}}
{"target": -80.25865623427468, "params": {"momentum_down": 0.4380711074483946, "momentum_up": 0.18146877885522775, "mu_down": 0.4606654066425876, "mu_up": 0.003132132904433374}, "datetime": {"datetime": "2024-06-09 19:10:27", "elapsed": 85.698579, "delta": 1.225817}}
{"target": -60.28498238334986, "params": {"momentum_down": 0.5231750244094129, "momentum_up": 0.4354670574916075, "mu_down": 0.48280691668310416, "mu_up": 0.008661628626979563}, "datetime": {"datetime": "2024-06-09 19:10:27", "elapsed": 86.524871, "delta": 0.826292}}
{"target": -2300.0, "params": {"momentum_down": 0.4301119064634454, "momentum_up": 0.9366775759487944, "mu_down": 0.3387089635733488, "mu_up": 0.009144653436871467}, "datetime": {"datetime": "2024-06-09 19:10:28", "elapsed": 86.848602, "delta": 0.323731}}
{"target": -572.2847644809436, "params": {"momentum_down": 0.8772430548473764, "momentum_up": 0.45581217057183426, "mu_down": 0.012936433836791883, "mu_up": 0.00139742736903291}, "datetime": {"datetime": "2024-06-09 19:10:28", "elapsed": 87.508313, "delta": 0.659711}}
{"target": -170.2942393386963, "params": {"momentum_down": 0.7099013143654481, "momentum_up": 0.36906483842587406, "mu_down": 0.1031396514201593, "mu_up": 0.008666716802657917}, "datetime": {"datetime": "2024-06-09 19:10:29", "elapsed": 87.659589, "delta": 0.151276}}
{"target": -281.2896286713325, "params": {"momentum_down": 0.597482481153154, "momentum_up": 0.8536738781490544, "mu_down": 0.08575175303206944, "mu_up": 0.0007350228920125301}, "datetime": {"datetime": "2024-06-09 19:10:29", "elapsed": 88.489142, "delta": 0.829553}}
{"target": -130.24885366638517, "params": {"momentum_down": 0.5801828926989855, "momentum_up": 0.8355640907044813, "mu_down": 0.20808119362618716, "mu_up": 0.003565247694809299}, "datetime": {"datetime": "2024-06-09 19:10:30", "elapsed": 88.692697, "delta": 0.203555}}
{"target": -311.276454034675, "params": {"momentum_down": 0.3780320972650464, "momentum_up": 0.18026449219593632, "mu_down": 0.12071991353719663, "mu_up": 0.00864275479818976}, "datetime": {"datetime": "2024-06-09 19:10:30", "elapsed": 89.199241, "delta": 0.506544}}
{"target": -2001.7302009626396, "params": {"momentum_down": 0.262357504156299, "momentum_up": 0.8698929243046952, "mu_down": 0.012337169839573059, "mu_up": 0.006020892962666815}, "datetime": {"datetime": "2024-06-09 19:10:32", "elapsed": 91.150819, "delta": 1.951578}}
{"target": -70.26031356711138, "params": {"momentum_down": 0.8237582189495696, "momentum_up": 0.1009394143687469, "mu_down": 0.16757336870119194, "mu_up": 0.01}, "datetime": {"datetime": "2024-06-09 19:10:34", "elapsed": 92.728465, "delta": 1.577646}}
{"target": -2004.30244878972, "params": {"momentum_down": 0.6138677997729429, "momentum_up": 0.04545378287227486, "mu_down": 0.3552668616411999, "mu_up": 1e-05}, "datetime": {"datetime": "2024-06-09 19:10:36", "elapsed": 95.155683, "delta": 2.427218}}
{"target": -60.29998379820256, "params": {"momentum_down": 0.5319494975969156, "momentum_up": 0.3749333046826962, "mu_down": 0.47834505707632, "mu_up": 0.003197166034845056}, "datetime": {"datetime": "2024-06-09 19:10:36", "elapsed": 95.385261, "delta": 0.229578}}
{"target": -50.18344611719658, "params": {"momentum_down": 0.6674092891469804, "momentum_up": 0.1933015233194475, "mu_down": 0.4935280408077165, "mu_up": 0.003221570852098947}, "datetime": {"datetime": "2024-06-09 19:10:37", "elapsed": 96.524563, "delta": 1.139302}}
{"target": -50.236229046476865, "params": {"momentum_down": 0.824531168642478, "momentum_up": 0.035704876121206944, "mu_down": 0.2561723911551049, "mu_up": 0.007228005889130539}, "datetime": {"datetime": "2024-06-09 19:10:39", "elapsed": 98.200467, "delta": 1.675904}}
{"target": -2300.0, "params": {"momentum_down": 0.9243561711690106, "momentum_up": 0.786644214967903, "mu_down": 0.34854867640493176, "mu_up": 0.005956480475194653}, "datetime": {"datetime": "2024-06-09 19:10:39", "elapsed": 98.36654, "delta": 0.166073}}
{"target": -40.15639792079507, "params": {"momentum_down": 0.8010857477483222, "momentum_up": 0.13978176247000135, "mu_down": 0.3992733153629037, "mu_up": 0.01}, "datetime": {"datetime": "2024-06-09 19:10:41", "elapsed": 99.691534, "delta": 1.324994}}
{"target": -100.17654941021324, "params": {"momentum_down": 0.9326586463674268, "momentum_up": 0.08988199433978582, "mu_down": 0.20215362084972446, "mu_up": 0.01}, "datetime": {"datetime": "2024-06-09 19:10:42", "elapsed": 100.970922, "delta": 1.279388}}
